2024-01-24 22:15:21,678 - INFO - Configuration:
{
    "task": "5",
    "topic": "200epochs",
    "train_classifier": false,
    "number_gpus": "1",
    "modalities": [
        "rgb"
    ],
    "encoder_model": "MAE",
    "mask_ratio": 0.8,
    "dataset": "DAA",
    "split": "0",
    "epochs": 200,
    "res_cktp": false,
    "cktp_dir": "/home/bas06400/Thesis/VIP/src/align_checkpoints/mae_checkpoints",
    "trained_encoder": "checkpoint_rgb_CV_20240118_052027.pth",
    "learning_rate": 0.0001,
    "temperature": 0.1,
    "num_workers": 10,
    "batch_size": 8,
    "data_root": "/net/polaris/storage/deeplearning/ntu",
    "random_sample": false,
    "pin_memory": true,
    "scheduler_config": {
        "type": "plateau",
        "params": {
            "mode": "min",
            "factor": 0.1,
            "patience": 5
        }
    }
}
2024-01-24 22:15:21,719 - INFO - Training MAE for rgb...
2024-01-24 22:15:21,772 - INFO - Evaluing on the following GPUs [2]
2024-01-24 22:25:11,710 - INFO - Epoch: 0, Average Training Loss: 0.3868012546990896
2024-01-24 22:25:56,245 - INFO - Epoch: 0, Validation Training Loss: 0.2984063205772272
2024-01-24 22:26:07,106 - INFO - Saved checkpoint at epoch 0 to /home/bas06400/Thesis/VIP/src/align_checkpoints/mae_checkpoints/checkpoint_rgb_0_20240124_221532.pth
2024-01-24 22:35:28,716 - INFO - Epoch: 1, Average Training Loss: 0.16782461679691874
2024-01-24 22:36:12,624 - INFO - Epoch: 1, Validation Training Loss: 0.22418456815974006
2024-01-24 22:36:18,868 - INFO - Saved checkpoint at epoch 1 to /home/bas06400/Thesis/VIP/src/align_checkpoints/mae_checkpoints/checkpoint_rgb_0_20240124_221532.pth
2024-01-24 22:45:04,758 - INFO - Epoch: 2, Average Training Loss: 0.12644126313759818
2024-01-24 22:46:01,788 - INFO - Epoch: 2, Validation Training Loss: 0.18213387849277624
2024-01-24 22:46:07,990 - INFO - Saved checkpoint at epoch 2 to /home/bas06400/Thesis/VIP/src/align_checkpoints/mae_checkpoints/checkpoint_rgb_0_20240124_221532.pth
2024-01-24 22:55:02,328 - INFO - Epoch: 3, Average Training Loss: 0.10357977665073174
2024-01-24 22:55:46,703 - INFO - Epoch: 3, Validation Training Loss: 0.162111488092878
2024-01-24 22:56:11,000 - INFO - Saved checkpoint at epoch 3 to /home/bas06400/Thesis/VIP/src/align_checkpoints/mae_checkpoints/checkpoint_rgb_0_20240124_221532.pth
2024-01-24 23:05:20,911 - INFO - Epoch: 4, Average Training Loss: 0.0930989421097165
2024-01-24 23:06:00,017 - INFO - Epoch: 4, Validation Training Loss: 0.14704483685047268
2024-01-24 23:06:03,825 - INFO - Saved checkpoint at epoch 4 to /home/bas06400/Thesis/VIP/src/align_checkpoints/mae_checkpoints/checkpoint_rgb_0_20240124_221532.pth
2024-01-24 23:15:17,174 - INFO - Epoch: 5, Average Training Loss: 0.0823395054711188
2024-01-24 23:16:01,392 - INFO - Epoch: 5, Validation Training Loss: 0.1371256572990444
2024-01-24 23:16:06,637 - INFO - Saved checkpoint at epoch 5 to /home/bas06400/Thesis/VIP/src/align_checkpoints/mae_checkpoints/checkpoint_rgb_0_20240124_221532.pth
2024-01-24 23:25:04,098 - INFO - Epoch: 6, Average Training Loss: 0.07865005389089046
2024-01-24 23:25:47,997 - INFO - Epoch: 6, Validation Training Loss: 0.13440859380214573
2024-01-24 23:26:12,795 - INFO - Saved checkpoint at epoch 6 to /home/bas06400/Thesis/VIP/src/align_checkpoints/mae_checkpoints/checkpoint_rgb_0_20240124_221532.pth
2024-01-24 23:35:18,932 - INFO - Epoch: 7, Average Training Loss: 0.07177407728456561
2024-01-24 23:36:02,654 - INFO - Epoch: 7, Validation Training Loss: 0.12905135659199188
2024-01-24 23:36:16,822 - INFO - Saved checkpoint at epoch 7 to /home/bas06400/Thesis/VIP/src/align_checkpoints/mae_checkpoints/checkpoint_rgb_0_20240124_221532.pth
2024-01-24 23:45:28,003 - INFO - Epoch: 8, Average Training Loss: 0.07008653573880126
2024-01-24 23:46:11,986 - INFO - Epoch: 8, Validation Training Loss: 0.12842348809015816
2024-01-24 23:46:18,602 - INFO - Saved checkpoint at epoch 8 to /home/bas06400/Thesis/VIP/src/align_checkpoints/mae_checkpoints/checkpoint_rgb_0_20240124_221532.pth
2024-01-24 23:55:19,083 - INFO - Epoch: 9, Average Training Loss: 0.06590063580806074
2024-01-24 23:56:03,569 - INFO - Epoch: 9, Validation Training Loss: 0.11815465774449556
2024-01-24 23:56:13,702 - INFO - Saved checkpoint at epoch 9 to /home/bas06400/Thesis/VIP/src/align_checkpoints/mae_checkpoints/checkpoint_rgb_0_20240124_221532.pth
2024-01-25 00:05:21,680 - INFO - Epoch: 10, Average Training Loss: 0.06274280065914928
2024-01-25 00:06:05,496 - INFO - Epoch: 10, Validation Training Loss: 0.11765213668679392
2024-01-25 00:06:51,364 - INFO - Saved checkpoint at epoch 10 to /home/bas06400/Thesis/VIP/src/align_checkpoints/mae_checkpoints/checkpoint_rgb_0_20240124_221532.pth
2024-01-25 00:16:12,315 - INFO - Epoch: 11, Average Training Loss: 0.060720946025618866
2024-01-25 00:16:46,571 - INFO - Epoch: 11, Validation Training Loss: 0.11457741843255538
2024-01-25 00:16:59,827 - INFO - Saved checkpoint at epoch 11 to /home/bas06400/Thesis/VIP/src/align_checkpoints/mae_checkpoints/checkpoint_rgb_0_20240124_221532.pth
2024-01-25 00:26:14,298 - INFO - Epoch: 12, Average Training Loss: 0.06116074979054225
2024-01-25 00:26:58,188 - INFO - Epoch: 12, Validation Training Loss: 0.11589576591160045
2024-01-25 00:36:06,252 - INFO - Epoch: 13, Average Training Loss: 0.05769145303371079
2024-01-25 00:36:50,941 - INFO - Epoch: 13, Validation Training Loss: 0.10897413626646196
2024-01-25 00:36:55,469 - INFO - Saved checkpoint at epoch 13 to /home/bas06400/Thesis/VIP/src/align_checkpoints/mae_checkpoints/checkpoint_rgb_0_20240124_221532.pth
2024-01-25 00:46:02,519 - INFO - Epoch: 14, Average Training Loss: 0.057046808217227386
2024-01-25 00:46:47,212 - INFO - Epoch: 14, Validation Training Loss: 0.10943179881439528
2024-01-25 00:55:29,527 - INFO - Epoch: 15, Average Training Loss: 0.05414056451598947
2024-01-25 00:56:13,443 - INFO - Epoch: 15, Validation Training Loss: 0.10672614438324002
2024-01-25 00:56:29,367 - INFO - Saved checkpoint at epoch 15 to /home/bas06400/Thesis/VIP/src/align_checkpoints/mae_checkpoints/checkpoint_rgb_0_20240124_221532.pth
2024-01-25 01:05:35,274 - INFO - Epoch: 16, Average Training Loss: 0.055046808413901194
2024-01-25 01:06:19,092 - INFO - Epoch: 16, Validation Training Loss: 0.10706495096147393
2024-01-25 01:15:30,644 - INFO - Epoch: 17, Average Training Loss: 0.05244040447057513
2024-01-25 01:16:16,296 - INFO - Epoch: 17, Validation Training Loss: 0.10283781613051558
2024-01-25 01:16:29,285 - INFO - Saved checkpoint at epoch 17 to /home/bas06400/Thesis/VIP/src/align_checkpoints/mae_checkpoints/checkpoint_rgb_0_20240124_221532.pth
2024-01-25 01:25:43,257 - INFO - Epoch: 18, Average Training Loss: 0.0518930160724048
2024-01-25 01:26:27,523 - INFO - Epoch: 18, Validation Training Loss: 0.10245806114050929
2024-01-25 01:26:44,421 - INFO - Saved checkpoint at epoch 18 to /home/bas06400/Thesis/VIP/src/align_checkpoints/mae_checkpoints/checkpoint_rgb_0_20240124_221532.pth
2024-01-25 01:36:57,399 - INFO - Epoch: 19, Average Training Loss: 0.05178941202839717
2024-01-25 01:37:40,084 - INFO - Epoch: 19, Validation Training Loss: 0.10237444283742478
2024-01-25 01:37:47,596 - INFO - Saved checkpoint at epoch 19 to /home/bas06400/Thesis/VIP/src/align_checkpoints/mae_checkpoints/checkpoint_rgb_0_20240124_221532.pth
2024-01-25 01:46:48,163 - INFO - Epoch: 20, Average Training Loss: 0.04935902647817537
2024-01-25 01:47:31,258 - INFO - Epoch: 20, Validation Training Loss: 0.10076286108883399
2024-01-25 01:47:48,077 - INFO - Saved checkpoint at epoch 20 to /home/bas06400/Thesis/VIP/src/align_checkpoints/mae_checkpoints/checkpoint_rgb_0_20240124_221532.pth
2024-01-25 01:56:48,143 - INFO - Epoch: 21, Average Training Loss: 0.049163809086495355
2024-01-25 01:57:33,143 - INFO - Epoch: 21, Validation Training Loss: 0.09824482892645138
2024-01-25 01:57:39,691 - INFO - Saved checkpoint at epoch 21 to /home/bas06400/Thesis/VIP/src/align_checkpoints/mae_checkpoints/checkpoint_rgb_0_20240124_221532.pth
2024-01-25 02:06:55,746 - INFO - Epoch: 22, Average Training Loss: 0.04904545828359365
2024-01-25 02:07:41,170 - INFO - Epoch: 22, Validation Training Loss: 0.10009280756615394
2024-01-25 02:16:47,531 - INFO - Epoch: 23, Average Training Loss: 0.04707353899903174
2024-01-25 02:17:32,625 - INFO - Epoch: 23, Validation Training Loss: 0.0994784523363553
2024-01-25 02:26:45,365 - INFO - Epoch: 24, Average Training Loss: 0.0473008642710575
2024-01-25 02:27:30,214 - INFO - Epoch: 24, Validation Training Loss: 0.09609914918601846
2024-01-25 02:27:41,091 - INFO - Saved checkpoint at epoch 24 to /home/bas06400/Thesis/VIP/src/align_checkpoints/mae_checkpoints/checkpoint_rgb_0_20240124_221532.pth
2024-01-25 02:36:50,420 - INFO - Epoch: 25, Average Training Loss: 0.045866005947515276
2024-01-25 02:37:32,936 - INFO - Epoch: 25, Validation Training Loss: 0.09621380677436317
2024-01-25 02:46:40,126 - INFO - Epoch: 26, Average Training Loss: 0.04605054055373089
2024-01-25 02:47:24,408 - INFO - Epoch: 26, Validation Training Loss: 0.09447451972262154
2024-01-25 02:48:10,164 - INFO - Saved checkpoint at epoch 26 to /home/bas06400/Thesis/VIP/src/align_checkpoints/mae_checkpoints/checkpoint_rgb_0_20240124_221532.pth
2024-01-25 02:57:15,929 - INFO - Epoch: 27, Average Training Loss: 0.044781834707471005
2024-01-25 02:57:59,890 - INFO - Epoch: 27, Validation Training Loss: 0.09272203694342235
2024-01-25 02:58:10,930 - INFO - Saved checkpoint at epoch 27 to /home/bas06400/Thesis/VIP/src/align_checkpoints/mae_checkpoints/checkpoint_rgb_0_20240124_221532.pth
2024-01-25 03:07:05,873 - INFO - Epoch: 28, Average Training Loss: 0.04415656311524904
2024-01-25 03:07:49,804 - INFO - Epoch: 28, Validation Training Loss: 0.09323700469549141
2024-01-25 03:16:55,708 - INFO - Epoch: 29, Average Training Loss: 0.04523115047443071
2024-01-25 03:17:39,615 - INFO - Epoch: 29, Validation Training Loss: 0.09228200885836639
2024-01-25 03:17:47,771 - INFO - Saved checkpoint at epoch 29 to /home/bas06400/Thesis/VIP/src/align_checkpoints/mae_checkpoints/checkpoint_rgb_0_20240124_221532.pth
2024-01-25 03:26:44,955 - INFO - Epoch: 30, Average Training Loss: 0.04294961686195665
2024-01-25 03:27:28,701 - INFO - Epoch: 30, Validation Training Loss: 0.09171802307057647
2024-01-25 03:27:33,328 - INFO - Saved checkpoint at epoch 30 to /home/bas06400/Thesis/VIP/src/align_checkpoints/mae_checkpoints/checkpoint_rgb_0_20240124_221532.pth
2024-01-25 03:36:23,005 - INFO - Epoch: 31, Average Training Loss: 0.042830106711505986
2024-01-25 03:37:07,063 - INFO - Epoch: 31, Validation Training Loss: 0.09190515805472875
2024-01-25 03:46:15,892 - INFO - Epoch: 32, Average Training Loss: 0.04238039898886721
2024-01-25 03:47:00,468 - INFO - Epoch: 32, Validation Training Loss: 0.09234261487782335
2024-01-25 03:56:13,962 - INFO - Epoch: 33, Average Training Loss: 0.04160415453031641
2024-01-25 03:56:58,939 - INFO - Epoch: 33, Validation Training Loss: 0.08962184962863362
2024-01-25 03:57:27,258 - INFO - Saved checkpoint at epoch 33 to /home/bas06400/Thesis/VIP/src/align_checkpoints/mae_checkpoints/checkpoint_rgb_0_20240124_221532.pth
2024-01-25 04:06:13,756 - INFO - Epoch: 34, Average Training Loss: 0.04147441738097963
2024-01-25 04:06:56,341 - INFO - Epoch: 34, Validation Training Loss: 0.08784910243566475
2024-01-25 04:07:04,333 - INFO - Saved checkpoint at epoch 34 to /home/bas06400/Thesis/VIP/src/align_checkpoints/mae_checkpoints/checkpoint_rgb_0_20240124_221532.pth
2024-01-25 04:16:09,252 - INFO - Epoch: 35, Average Training Loss: 0.04209351975125598
2024-01-25 04:16:37,768 - INFO - Epoch: 35, Validation Training Loss: 0.09220284433754462
2024-01-25 04:25:46,440 - INFO - Epoch: 36, Average Training Loss: 0.04030709156697049
2024-01-25 04:26:30,045 - INFO - Epoch: 36, Validation Training Loss: 0.09021226689219475
2024-01-25 04:35:36,615 - INFO - Epoch: 37, Average Training Loss: 0.04031250521621334
2024-01-25 04:36:20,841 - INFO - Epoch: 37, Validation Training Loss: 0.08797041033316591
2024-01-25 04:45:23,299 - INFO - Epoch: 38, Average Training Loss: 0.04104400332456748
2024-01-25 04:46:07,455 - INFO - Epoch: 38, Validation Training Loss: 0.08733933133869198
2024-01-25 04:46:21,352 - INFO - Saved checkpoint at epoch 38 to /home/bas06400/Thesis/VIP/src/align_checkpoints/mae_checkpoints/checkpoint_rgb_0_20240124_221532.pth
2024-01-25 04:55:16,789 - INFO - Epoch: 39, Average Training Loss: 0.03942364411233565
2024-01-25 04:56:00,806 - INFO - Epoch: 39, Validation Training Loss: 0.08515744610538696
2024-01-25 04:56:30,764 - INFO - Saved checkpoint at epoch 39 to /home/bas06400/Thesis/VIP/src/align_checkpoints/mae_checkpoints/checkpoint_rgb_0_20240124_221532.pth
2024-01-25 05:05:37,152 - INFO - Epoch: 40, Average Training Loss: 0.038942355481026834
2024-01-25 05:06:21,241 - INFO - Epoch: 40, Validation Training Loss: 0.08435926328324739
2024-01-25 05:06:27,477 - INFO - Saved checkpoint at epoch 40 to /home/bas06400/Thesis/VIP/src/align_checkpoints/mae_checkpoints/checkpoint_rgb_0_20240124_221532.pth
2024-01-25 05:15:39,772 - INFO - Epoch: 41, Average Training Loss: 0.0392125818842549
2024-01-25 05:16:24,032 - INFO - Epoch: 41, Validation Training Loss: 0.08550378130800897
2024-01-25 05:25:31,119 - INFO - Epoch: 42, Average Training Loss: 0.03869722167614995
2024-01-25 05:26:15,156 - INFO - Epoch: 42, Validation Training Loss: 0.08568789504010584
2024-01-25 05:35:21,582 - INFO - Epoch: 43, Average Training Loss: 0.03836710164805361
2024-01-25 05:36:05,413 - INFO - Epoch: 43, Validation Training Loss: 0.08471755972704408
2024-01-25 05:45:13,209 - INFO - Epoch: 44, Average Training Loss: 0.0392184306931302
2024-01-25 05:45:57,425 - INFO - Epoch: 44, Validation Training Loss: 0.08681425652024466
2024-01-25 05:54:45,004 - INFO - Epoch: 45, Average Training Loss: 0.03758321887624106
2024-01-25 05:55:28,634 - INFO - Epoch: 45, Validation Training Loss: 0.08272470908458006
2024-01-25 05:55:36,643 - INFO - Saved checkpoint at epoch 45 to /home/bas06400/Thesis/VIP/src/align_checkpoints/mae_checkpoints/checkpoint_rgb_0_20240124_221532.pth
2024-01-25 06:04:44,217 - INFO - Epoch: 46, Average Training Loss: 0.037240685833445454
2024-01-25 06:05:27,236 - INFO - Epoch: 46, Validation Training Loss: 0.08436988190066215
2024-01-25 06:14:39,328 - INFO - Epoch: 47, Average Training Loss: 0.03762165240037886
2024-01-25 06:15:24,208 - INFO - Epoch: 47, Validation Training Loss: 0.08825299206226232
2024-01-25 06:24:37,561 - INFO - Epoch: 48, Average Training Loss: 0.03757663682174883
2024-01-25 06:25:23,126 - INFO - Epoch: 48, Validation Training Loss: 0.08278827908235556
2024-01-25 06:34:40,342 - INFO - Epoch: 49, Average Training Loss: 0.03662386007840094
2024-01-25 06:35:26,091 - INFO - Epoch: 49, Validation Training Loss: 0.08265817656530348
2024-01-25 06:35:34,639 - INFO - Saved checkpoint at epoch 49 to /home/bas06400/Thesis/VIP/src/align_checkpoints/mae_checkpoints/checkpoint_rgb_0_20240124_221532.pth
2024-01-25 06:44:48,540 - INFO - Epoch: 50, Average Training Loss: 0.0365544710460732
2024-01-25 06:45:32,287 - INFO - Epoch: 50, Validation Training Loss: 0.08376282189228682
2024-01-25 06:54:42,506 - INFO - Epoch: 51, Average Training Loss: 0.036308041158458385
2024-01-25 06:55:26,523 - INFO - Epoch: 51, Validation Training Loss: 0.08317360558739588
2024-01-25 07:06:01,077 - INFO - Epoch: 52, Average Training Loss: 0.03840475432937864
2024-01-25 07:06:43,431 - INFO - Epoch: 52, Validation Training Loss: 0.08193737122766133
2024-01-25 07:06:57,744 - INFO - Saved checkpoint at epoch 52 to /home/bas06400/Thesis/VIP/src/align_checkpoints/mae_checkpoints/checkpoint_rgb_0_20240124_221532.pth
2024-01-25 07:16:06,174 - INFO - Epoch: 53, Average Training Loss: 0.035283166339125586
2024-01-25 07:16:50,076 - INFO - Epoch: 53, Validation Training Loss: 0.08201840188999415
2024-01-25 07:25:59,331 - INFO - Epoch: 54, Average Training Loss: 0.03501653629797819
2024-01-25 07:26:43,301 - INFO - Epoch: 54, Validation Training Loss: 0.078976353536771
2024-01-25 07:26:56,987 - INFO - Saved checkpoint at epoch 54 to /home/bas06400/Thesis/VIP/src/align_checkpoints/mae_checkpoints/checkpoint_rgb_0_20240124_221532.pth
2024-01-25 07:36:05,668 - INFO - Epoch: 55, Average Training Loss: 0.03533198871615059
2024-01-25 07:36:50,215 - INFO - Epoch: 55, Validation Training Loss: 0.07981135635818849
2024-01-25 07:45:59,119 - INFO - Epoch: 56, Average Training Loss: 0.03499289923016919
2024-01-25 07:46:43,333 - INFO - Epoch: 56, Validation Training Loss: 0.08176299222021796
2024-01-25 07:55:52,048 - INFO - Epoch: 57, Average Training Loss: 0.034894783173101615
2024-01-25 07:56:36,222 - INFO - Epoch: 57, Validation Training Loss: 0.08363090942525331
2024-01-25 08:05:45,702 - INFO - Epoch: 58, Average Training Loss: 0.03581612662520937
2024-01-25 08:06:29,887 - INFO - Epoch: 58, Validation Training Loss: 0.07855764674491056
2024-01-25 08:06:43,488 - INFO - Saved checkpoint at epoch 58 to /home/bas06400/Thesis/VIP/src/align_checkpoints/mae_checkpoints/checkpoint_rgb_0_20240124_221532.pth
2024-01-25 08:15:58,777 - INFO - Epoch: 59, Average Training Loss: 0.034343499739606174
2024-01-25 08:16:44,235 - INFO - Epoch: 59, Validation Training Loss: 0.07937597035945461
2024-01-25 08:25:54,371 - INFO - Epoch: 60, Average Training Loss: 0.03421902377494621
2024-01-25 08:26:38,548 - INFO - Epoch: 60, Validation Training Loss: 0.07834503595722454
2024-01-25 08:27:02,091 - INFO - Saved checkpoint at epoch 60 to /home/bas06400/Thesis/VIP/src/align_checkpoints/mae_checkpoints/checkpoint_rgb_0_20240124_221532.pth
2024-01-25 08:36:11,396 - INFO - Epoch: 61, Average Training Loss: 0.03526764862445574
2024-01-25 08:36:53,506 - INFO - Epoch: 61, Validation Training Loss: 0.07972764236301018
2024-01-25 08:46:04,089 - INFO - Epoch: 62, Average Training Loss: 0.03370714550624937
2024-01-25 08:46:40,981 - INFO - Epoch: 62, Validation Training Loss: 0.0781119780500508
2024-01-25 08:46:52,437 - INFO - Saved checkpoint at epoch 62 to /home/bas06400/Thesis/VIP/src/align_checkpoints/mae_checkpoints/checkpoint_rgb_0_20240124_221532.pth
2024-01-25 08:56:03,103 - INFO - Epoch: 63, Average Training Loss: 0.03365916358900988
2024-01-25 08:56:46,946 - INFO - Epoch: 63, Validation Training Loss: 0.07887560718136127
2024-01-25 09:05:52,379 - INFO - Epoch: 64, Average Training Loss: 0.03391245544118141
2024-01-25 09:06:36,392 - INFO - Epoch: 64, Validation Training Loss: 0.07779151696566097
2024-01-25 09:06:42,560 - INFO - Saved checkpoint at epoch 64 to /home/bas06400/Thesis/VIP/src/align_checkpoints/mae_checkpoints/checkpoint_rgb_0_20240124_221532.pth
2024-01-25 09:15:51,216 - INFO - Epoch: 65, Average Training Loss: 0.03345778319989157
2024-01-25 09:16:35,110 - INFO - Epoch: 65, Validation Training Loss: 0.07779205297041872
2024-01-25 09:25:46,428 - INFO - Epoch: 66, Average Training Loss: 0.03327085569312641
2024-01-25 09:26:30,884 - INFO - Epoch: 66, Validation Training Loss: 0.07977775438537811
2024-01-25 09:35:47,731 - INFO - Epoch: 67, Average Training Loss: 0.033393653472784626
2024-01-25 09:36:33,128 - INFO - Epoch: 67, Validation Training Loss: 0.07790717016385254
2024-01-25 09:45:45,731 - INFO - Epoch: 68, Average Training Loss: 0.03281017781877453
2024-01-25 09:46:29,791 - INFO - Epoch: 68, Validation Training Loss: 0.08041158882516057
2024-01-25 09:55:40,272 - INFO - Epoch: 69, Average Training Loss: 0.033177818222112604
2024-01-25 09:56:25,396 - INFO - Epoch: 69, Validation Training Loss: 0.07888789741353616
2024-01-25 10:05:05,983 - INFO - Epoch: 70, Average Training Loss: 0.032534824776161736
2024-01-25 10:05:51,584 - INFO - Epoch: 70, Validation Training Loss: 0.0790783835356462
2024-01-25 10:15:06,131 - INFO - Epoch: 71, Average Training Loss: 0.030515102911673298
2024-01-25 10:15:48,580 - INFO - Epoch: 71, Validation Training Loss: 0.07467185832851427
2024-01-25 10:16:17,156 - INFO - Saved checkpoint at epoch 71 to /home/bas06400/Thesis/VIP/src/align_checkpoints/mae_checkpoints/checkpoint_rgb_0_20240124_221532.pth
2024-01-25 10:25:27,556 - INFO - Epoch: 72, Average Training Loss: 0.029862516710958326
2024-01-25 10:26:11,701 - INFO - Epoch: 72, Validation Training Loss: 0.07403237632782765
2024-01-25 10:26:38,713 - INFO - Saved checkpoint at epoch 72 to /home/bas06400/Thesis/VIP/src/align_checkpoints/mae_checkpoints/checkpoint_rgb_0_20240124_221532.pth
2024-01-25 10:35:48,244 - INFO - Epoch: 73, Average Training Loss: 0.029630857667741147
2024-01-25 10:36:32,898 - INFO - Epoch: 73, Validation Training Loss: 0.07353089710270892
2024-01-25 10:36:46,081 - INFO - Saved checkpoint at epoch 73 to /home/bas06400/Thesis/VIP/src/align_checkpoints/mae_checkpoints/checkpoint_rgb_0_20240124_221532.pth
2024-01-25 10:46:04,084 - INFO - Epoch: 74, Average Training Loss: 0.02946730138045858
2024-01-25 10:46:49,974 - INFO - Epoch: 74, Validation Training Loss: 0.07402297109365463
2024-01-25 10:56:10,521 - INFO - Epoch: 75, Average Training Loss: 0.029387156596736786
2024-01-25 10:56:55,782 - INFO - Epoch: 75, Validation Training Loss: 0.07294685077234353
2024-01-25 10:57:00,086 - INFO - Saved checkpoint at epoch 75 to /home/bas06400/Thesis/VIP/src/align_checkpoints/mae_checkpoints/checkpoint_rgb_0_20240124_221532.pth
2024-01-25 11:03:00,952 - INFO - Epoch: 76, Average Training Loss: 0.029234937811326394
2024-01-25 11:03:27,385 - INFO - Epoch: 76, Validation Training Loss: 0.07393467765530394
2024-01-25 11:08:30,529 - INFO - Epoch: 77, Average Training Loss: 0.029055061503554438
2024-01-25 11:08:57,046 - INFO - Epoch: 77, Validation Training Loss: 0.07301756175619929
2024-01-25 11:13:59,838 - INFO - Epoch: 78, Average Training Loss: 0.02899325904173039
2024-01-25 11:14:26,286 - INFO - Epoch: 78, Validation Training Loss: 0.07335439547063918
2024-01-25 11:19:29,542 - INFO - Epoch: 79, Average Training Loss: 0.028863038238985228
2024-01-25 11:19:56,039 - INFO - Epoch: 79, Validation Training Loss: 0.073202641337444
2024-01-25 11:24:59,190 - INFO - Epoch: 80, Average Training Loss: 0.02882139697204715
2024-01-25 11:25:25,527 - INFO - Epoch: 80, Validation Training Loss: 0.07344362899328077
2024-01-25 11:30:29,377 - INFO - Epoch: 81, Average Training Loss: 0.02869533400009829
2024-01-25 11:30:55,722 - INFO - Epoch: 81, Validation Training Loss: 0.07290782238351566
2024-01-25 11:31:03,736 - INFO - Saved checkpoint at epoch 81 to /home/bas06400/Thesis/VIP/src/align_checkpoints/mae_checkpoints/checkpoint_rgb_0_20240124_221532.pth
2024-01-25 11:36:07,068 - INFO - Epoch: 82, Average Training Loss: 0.028638814228545386
2024-01-25 11:36:33,519 - INFO - Epoch: 82, Validation Training Loss: 0.07377922314338844
2024-01-25 11:41:36,447 - INFO - Epoch: 83, Average Training Loss: 0.028579068578618312
2024-01-25 11:42:02,927 - INFO - Epoch: 83, Validation Training Loss: 0.07302091097948271
2024-01-25 11:47:08,703 - INFO - Epoch: 84, Average Training Loss: 0.02851362316168746
2024-01-25 11:47:34,985 - INFO - Epoch: 84, Validation Training Loss: 0.07362320935925958
2024-01-25 11:52:50,584 - INFO - Epoch: 85, Average Training Loss: 0.02838743237552158
2024-01-25 11:53:17,033 - INFO - Epoch: 85, Validation Training Loss: 0.07277857591320017
2024-01-25 11:53:42,301 - INFO - Saved checkpoint at epoch 85 to /home/bas06400/Thesis/VIP/src/align_checkpoints/mae_checkpoints/checkpoint_rgb_0_20240124_221532.pth
2024-01-25 11:58:45,599 - INFO - Epoch: 86, Average Training Loss: 0.02835263867742605
2024-01-25 11:59:12,158 - INFO - Epoch: 86, Validation Training Loss: 0.07309728088741863
2024-01-25 12:04:16,044 - INFO - Epoch: 87, Average Training Loss: 0.028384854126089532
2024-01-25 12:04:42,300 - INFO - Epoch: 87, Validation Training Loss: 0.07260322475067064
2024-01-25 12:04:50,875 - INFO - Saved checkpoint at epoch 87 to /home/bas06400/Thesis/VIP/src/align_checkpoints/mae_checkpoints/checkpoint_rgb_0_20240124_221532.pth
2024-01-25 12:10:00,343 - INFO - Epoch: 88, Average Training Loss: 0.028260595883577884
2024-01-25 12:10:26,859 - INFO - Epoch: 88, Validation Training Loss: 0.07326614648603194
2024-01-25 12:15:31,912 - INFO - Epoch: 89, Average Training Loss: 0.028217557167676956
2024-01-25 12:15:58,209 - INFO - Epoch: 89, Validation Training Loss: 0.07331589203556822
2024-01-25 12:21:00,575 - INFO - Epoch: 90, Average Training Loss: 0.02817541487721186
2024-01-25 12:21:27,145 - INFO - Epoch: 90, Validation Training Loss: 0.07309079834119568
2024-01-25 12:26:29,794 - INFO - Epoch: 91, Average Training Loss: 0.028069141374679033
2024-01-25 12:26:56,339 - INFO - Epoch: 91, Validation Training Loss: 0.07323253458605132
2024-01-25 12:31:58,813 - INFO - Epoch: 92, Average Training Loss: 0.02810144438559613
2024-01-25 12:32:25,206 - INFO - Epoch: 92, Validation Training Loss: 0.07218467356772396
2024-01-25 12:33:05,050 - INFO - Saved checkpoint at epoch 92 to /home/bas06400/Thesis/VIP/src/align_checkpoints/mae_checkpoints/checkpoint_rgb_0_20240124_221532.pth
2024-01-25 12:38:06,715 - INFO - Epoch: 93, Average Training Loss: 0.027959647958271126
2024-01-25 12:38:32,900 - INFO - Epoch: 93, Validation Training Loss: 0.07268904509574341
2024-01-25 12:43:36,120 - INFO - Epoch: 94, Average Training Loss: 0.027919214471018056
2024-01-25 12:44:02,461 - INFO - Epoch: 94, Validation Training Loss: 0.07211656225376956
2024-01-25 12:44:08,555 - INFO - Saved checkpoint at epoch 94 to /home/bas06400/Thesis/VIP/src/align_checkpoints/mae_checkpoints/checkpoint_rgb_0_20240124_221532.pth
2024-01-25 12:49:11,648 - INFO - Epoch: 95, Average Training Loss: 0.027921920438284765
2024-01-25 12:49:37,857 - INFO - Epoch: 95, Validation Training Loss: 0.07307104579063767
2024-01-25 12:54:41,215 - INFO - Epoch: 96, Average Training Loss: 0.027861062143665932
2024-01-25 12:55:07,848 - INFO - Epoch: 96, Validation Training Loss: 0.07256805024749739
2024-01-25 13:00:13,504 - INFO - Epoch: 97, Average Training Loss: 0.027810438675077456
2024-01-25 13:00:40,047 - INFO - Epoch: 97, Validation Training Loss: 0.07290585742815912
2024-01-25 13:05:44,131 - INFO - Epoch: 98, Average Training Loss: 0.02774608018667976
2024-01-25 13:06:10,484 - INFO - Epoch: 98, Validation Training Loss: 0.0729752287435132
2024-01-25 13:11:25,054 - INFO - Epoch: 99, Average Training Loss: 0.027685237151854163
2024-01-25 13:11:51,601 - INFO - Epoch: 99, Validation Training Loss: 0.07286170472562646
2024-01-25 13:16:55,402 - INFO - Epoch: 100, Average Training Loss: 0.027685998861647684
2024-01-25 13:17:21,819 - INFO - Epoch: 100, Validation Training Loss: 0.07299307250943264
2024-01-25 13:22:25,062 - INFO - Epoch: 101, Average Training Loss: 0.02751254937449015
2024-01-25 13:22:51,552 - INFO - Epoch: 101, Validation Training Loss: 0.07268350681695858
2024-01-25 13:28:53,111 - INFO - Epoch: 102, Average Training Loss: 0.027416024550965905
2024-01-25 13:29:45,185 - INFO - Epoch: 102, Validation Training Loss: 0.07257633235867463
2024-01-25 13:39:49,239 - INFO - Epoch: 103, Average Training Loss: 0.027403383034984127
2024-01-25 13:40:18,738 - INFO - Epoch: 103, Validation Training Loss: 0.07247382733325719
2024-01-25 13:45:43,785 - INFO - Epoch: 104, Average Training Loss: 0.027418779840224415
2024-01-25 13:46:10,103 - INFO - Epoch: 104, Validation Training Loss: 0.07255502617475706
2024-01-25 13:51:37,807 - INFO - Epoch: 105, Average Training Loss: 0.027369576450280406
2024-01-25 13:52:04,037 - INFO - Epoch: 105, Validation Training Loss: 0.07264727816068926
2024-01-25 13:57:07,092 - INFO - Epoch: 106, Average Training Loss: 0.027384155302137028
2024-01-25 13:57:33,335 - INFO - Epoch: 106, Validation Training Loss: 0.07266281282935062
2024-01-25 14:02:37,405 - INFO - Epoch: 107, Average Training Loss: 0.027387350860413804
2024-01-25 14:03:03,875 - INFO - Epoch: 107, Validation Training Loss: 0.07258395305392462
2024-01-25 14:08:06,936 - INFO - Epoch: 108, Average Training Loss: 0.027334157774218153
2024-01-25 14:08:33,027 - INFO - Epoch: 108, Validation Training Loss: 0.07243067294608947
2024-01-25 14:13:38,138 - INFO - Epoch: 109, Average Training Loss: 0.027346836766127213
2024-01-25 14:14:04,951 - INFO - Epoch: 109, Validation Training Loss: 0.07243012759688847
2024-01-25 14:19:10,273 - INFO - Epoch: 110, Average Training Loss: 0.02731229807334256
2024-01-25 14:19:36,587 - INFO - Epoch: 110, Validation Training Loss: 0.07245090387386982
2024-01-25 14:24:39,150 - INFO - Epoch: 111, Average Training Loss: 0.027341049010994274
2024-01-25 14:25:05,457 - INFO - Epoch: 111, Validation Training Loss: 0.07238711912039272
2024-01-25 14:30:08,544 - INFO - Epoch: 112, Average Training Loss: 0.027413228129974772
2024-01-25 14:30:36,956 - INFO - Epoch: 112, Validation Training Loss: 0.07228404435448807
2024-01-25 14:35:42,076 - INFO - Epoch: 113, Average Training Loss: 0.027355692909736853
2024-01-25 14:36:08,274 - INFO - Epoch: 113, Validation Training Loss: 0.07256740096477823
2024-01-25 14:41:12,384 - INFO - Epoch: 114, Average Training Loss: 0.02739130283642009
2024-01-25 14:41:38,867 - INFO - Epoch: 114, Validation Training Loss: 0.0725078489527356
2024-01-25 14:46:41,783 - INFO - Epoch: 115, Average Training Loss: 0.027382883434906764
2024-01-25 14:47:08,312 - INFO - Epoch: 115, Validation Training Loss: 0.07245724560828182
2024-01-25 14:52:11,629 - INFO - Epoch: 116, Average Training Loss: 0.027285651281413262
2024-01-25 14:52:37,770 - INFO - Epoch: 116, Validation Training Loss: 0.07218724343530293
2024-01-25 14:57:40,774 - INFO - Epoch: 117, Average Training Loss: 0.02736958309057674
2024-01-25 14:58:07,313 - INFO - Epoch: 117, Validation Training Loss: 0.07243607032981665
2024-01-25 15:03:09,915 - INFO - Epoch: 118, Average Training Loss: 0.027329149545045967
2024-01-25 15:03:36,248 - INFO - Epoch: 118, Validation Training Loss: 0.07252377856460364
2024-01-25 15:08:38,159 - INFO - Epoch: 119, Average Training Loss: 0.027400233318847656
2024-01-25 15:09:04,370 - INFO - Epoch: 119, Validation Training Loss: 0.07240161468280094
2024-01-25 15:14:06,489 - INFO - Epoch: 120, Average Training Loss: 0.027358247240653395
2024-01-25 15:14:32,686 - INFO - Epoch: 120, Validation Training Loss: 0.07255620777856704
2024-01-25 15:19:35,548 - INFO - Epoch: 121, Average Training Loss: 0.027326968201535847
2024-01-25 15:20:02,104 - INFO - Epoch: 121, Validation Training Loss: 0.07210875702137387
2024-01-25 15:20:07,122 - INFO - Saved checkpoint at epoch 121 to /home/bas06400/Thesis/VIP/src/align_checkpoints/mae_checkpoints/checkpoint_rgb_0_20240124_221532.pth
2024-01-25 15:25:09,444 - INFO - Epoch: 122, Average Training Loss: 0.027332355170796494
2024-01-25 15:25:35,578 - INFO - Epoch: 122, Validation Training Loss: 0.07236667595512374
2024-01-25 15:30:37,975 - INFO - Epoch: 123, Average Training Loss: 0.027318336464079135
2024-01-25 15:31:04,561 - INFO - Epoch: 123, Validation Training Loss: 0.07248739638058833
2024-01-25 15:36:06,961 - INFO - Epoch: 124, Average Training Loss: 0.027354993207422764
2024-01-25 15:36:33,028 - INFO - Epoch: 124, Validation Training Loss: 0.07243209415474418
2024-01-25 15:41:35,995 - INFO - Epoch: 125, Average Training Loss: 0.0273123797876525
2024-01-25 15:42:02,370 - INFO - Epoch: 125, Validation Training Loss: 0.07238496380062076
2024-01-25 15:47:04,934 - INFO - Epoch: 126, Average Training Loss: 0.027367857364415406
2024-01-25 15:47:31,262 - INFO - Epoch: 126, Validation Training Loss: 0.07253670093067531
2024-01-25 15:52:33,588 - INFO - Epoch: 127, Average Training Loss: 0.0273111494287185
2024-01-25 15:52:59,552 - INFO - Epoch: 127, Validation Training Loss: 0.0726729809363794
2024-01-25 15:58:01,833 - INFO - Epoch: 128, Average Training Loss: 0.027356405056582676
2024-01-25 15:58:28,224 - INFO - Epoch: 128, Validation Training Loss: 0.07254226974019125
2024-01-25 16:03:30,488 - INFO - Epoch: 129, Average Training Loss: 0.027373695621663696
2024-01-25 16:03:56,693 - INFO - Epoch: 129, Validation Training Loss: 0.07237732955696863
2024-01-25 16:08:58,991 - INFO - Epoch: 130, Average Training Loss: 0.027340708561600258
2024-01-25 16:09:25,379 - INFO - Epoch: 130, Validation Training Loss: 0.07247777510038968
2024-01-25 16:14:28,028 - INFO - Epoch: 131, Average Training Loss: 0.02735474732817654
2024-01-25 16:14:54,316 - INFO - Epoch: 131, Validation Training Loss: 0.07225740954862626
2024-01-25 16:19:57,010 - INFO - Epoch: 132, Average Training Loss: 0.027350935423757914
2024-01-25 16:20:23,459 - INFO - Epoch: 132, Validation Training Loss: 0.07243447453199818
2024-01-25 16:25:26,264 - INFO - Epoch: 133, Average Training Loss: 0.02737075737402937
2024-01-25 16:25:52,691 - INFO - Epoch: 133, Validation Training Loss: 0.07234131459500537
2024-01-25 16:30:55,032 - INFO - Epoch: 134, Average Training Loss: 0.02730713170537306
2024-01-25 16:31:21,141 - INFO - Epoch: 134, Validation Training Loss: 0.07253281899087922
2024-01-25 16:36:23,114 - INFO - Epoch: 135, Average Training Loss: 0.027393357863001948
2024-01-25 16:36:49,450 - INFO - Epoch: 135, Validation Training Loss: 0.07267574872301277
2024-01-25 16:41:51,976 - INFO - Epoch: 136, Average Training Loss: 0.027356126887004298
2024-01-25 16:42:18,534 - INFO - Epoch: 136, Validation Training Loss: 0.07236923156670352
2024-01-25 16:47:21,074 - INFO - Epoch: 137, Average Training Loss: 0.027352280056308034
2024-01-25 16:47:47,448 - INFO - Epoch: 137, Validation Training Loss: 0.07265763521693938
2024-01-25 16:52:49,816 - INFO - Epoch: 138, Average Training Loss: 0.027288243585859035
2024-01-25 16:53:15,926 - INFO - Epoch: 138, Validation Training Loss: 0.07250291462883603
2024-01-25 16:58:16,648 - INFO - Epoch: 139, Average Training Loss: 0.027321122550863938
2024-01-25 16:58:42,723 - INFO - Epoch: 139, Validation Training Loss: 0.07226248139609172
2024-01-25 17:03:43,567 - INFO - Epoch: 140, Average Training Loss: 0.02732451346497781
2024-01-25 17:04:09,576 - INFO - Epoch: 140, Validation Training Loss: 0.07253554942055121
2024-01-25 17:09:10,284 - INFO - Epoch: 141, Average Training Loss: 0.02730324151606336
2024-01-25 17:09:36,167 - INFO - Epoch: 141, Validation Training Loss: 0.07254629118066261
2024-01-25 17:14:36,860 - INFO - Epoch: 142, Average Training Loss: 0.027317672884977107
2024-01-25 17:15:02,968 - INFO - Epoch: 142, Validation Training Loss: 0.0728278177577024
2024-01-25 17:20:03,286 - INFO - Epoch: 143, Average Training Loss: 0.027341413759950337
2024-01-25 17:20:29,429 - INFO - Epoch: 143, Validation Training Loss: 0.07265467898056494
2024-01-25 17:25:29,851 - INFO - Epoch: 144, Average Training Loss: 0.027373880072845375
2024-01-25 17:25:55,721 - INFO - Epoch: 144, Validation Training Loss: 0.07262317607356183
2024-01-25 17:30:55,989 - INFO - Epoch: 145, Average Training Loss: 0.027293903437116948
2024-01-25 17:31:22,000 - INFO - Epoch: 145, Validation Training Loss: 0.0726467857355845
2024-01-25 17:36:22,071 - INFO - Epoch: 146, Average Training Loss: 0.02737834646280241
2024-01-25 17:36:47,777 - INFO - Epoch: 146, Validation Training Loss: 0.0725201689664212
2024-01-25 17:41:47,875 - INFO - Epoch: 147, Average Training Loss: 0.027298956985050804
2024-01-25 17:42:13,859 - INFO - Epoch: 147, Validation Training Loss: 0.07245872869005417
2024-01-25 17:47:14,571 - INFO - Epoch: 148, Average Training Loss: 0.027344915912756708
2024-01-25 17:47:40,544 - INFO - Epoch: 148, Validation Training Loss: 0.07262748891914357
2024-01-25 17:52:41,039 - INFO - Epoch: 149, Average Training Loss: 0.02733812099333884
2024-01-25 17:53:07,093 - INFO - Epoch: 149, Validation Training Loss: 0.07250694803602202
2024-01-25 17:58:07,328 - INFO - Epoch: 150, Average Training Loss: 0.02730185349464022
2024-01-25 17:58:33,062 - INFO - Epoch: 150, Validation Training Loss: 0.0726450299375883
2024-01-25 18:03:33,888 - INFO - Epoch: 151, Average Training Loss: 0.02733546208868209
2024-01-25 18:04:00,004 - INFO - Epoch: 151, Validation Training Loss: 0.07236100847744409
2024-01-25 18:09:01,701 - INFO - Epoch: 152, Average Training Loss: 0.02733539240535631
2024-01-25 18:09:27,547 - INFO - Epoch: 152, Validation Training Loss: 0.07251237786515465
2024-01-25 18:14:28,375 - INFO - Epoch: 153, Average Training Loss: 0.02734441962989695
2024-01-25 18:14:54,250 - INFO - Epoch: 153, Validation Training Loss: 0.07255881643911313
2024-01-25 18:19:55,010 - INFO - Epoch: 154, Average Training Loss: 0.027301138922545237
2024-01-25 18:20:20,993 - INFO - Epoch: 154, Validation Training Loss: 0.07261486944622833
2024-01-25 18:25:21,669 - INFO - Epoch: 155, Average Training Loss: 0.027350784437428312
2024-01-25 18:25:47,719 - INFO - Epoch: 155, Validation Training Loss: 0.07247524933275563
2024-01-25 18:30:47,934 - INFO - Epoch: 156, Average Training Loss: 0.0273121497789947
2024-01-25 18:31:13,873 - INFO - Epoch: 156, Validation Training Loss: 0.07221470042730177
2024-01-25 18:36:14,030 - INFO - Epoch: 157, Average Training Loss: 0.027347077872205153
2024-01-25 18:36:40,013 - INFO - Epoch: 157, Validation Training Loss: 0.07244477783168495
2024-01-25 18:41:40,570 - INFO - Epoch: 158, Average Training Loss: 0.027357434181476327
2024-01-25 18:42:06,693 - INFO - Epoch: 158, Validation Training Loss: 0.072635486430629
2024-01-25 18:47:07,237 - INFO - Epoch: 159, Average Training Loss: 0.027334631921636068
2024-01-25 18:47:33,165 - INFO - Epoch: 159, Validation Training Loss: 0.07220403082127677
2024-01-25 18:52:34,245 - INFO - Epoch: 160, Average Training Loss: 0.027331485689833995
2024-01-25 18:53:00,059 - INFO - Epoch: 160, Validation Training Loss: 0.07214979698371621
2024-01-25 18:58:00,887 - INFO - Epoch: 161, Average Training Loss: 0.02730236722158647
2024-01-25 18:58:26,895 - INFO - Epoch: 161, Validation Training Loss: 0.07258779940575195
2024-01-25 19:04:54,313 - INFO - Epoch: 162, Average Training Loss: 0.027333600759264148
2024-01-25 19:05:20,239 - INFO - Epoch: 162, Validation Training Loss: 0.0724175496640818
2024-01-25 19:10:20,484 - INFO - Epoch: 163, Average Training Loss: 0.027294264485438664
2024-01-25 19:10:46,394 - INFO - Epoch: 163, Validation Training Loss: 0.07252506811858556
2024-01-25 19:15:46,973 - INFO - Epoch: 164, Average Training Loss: 0.02732028166744432
2024-01-25 19:16:12,773 - INFO - Epoch: 164, Validation Training Loss: 0.07227193497579192
2024-01-25 19:21:13,581 - INFO - Epoch: 165, Average Training Loss: 0.027292469506309997
2024-01-25 19:21:39,531 - INFO - Epoch: 165, Validation Training Loss: 0.07252018734313256
2024-01-25 19:26:40,362 - INFO - Epoch: 166, Average Training Loss: 0.02736078525605364
2024-01-25 19:27:06,319 - INFO - Epoch: 166, Validation Training Loss: 0.07249836276113654
2024-01-25 19:32:06,864 - INFO - Epoch: 167, Average Training Loss: 0.027330176824105344
2024-01-25 19:32:32,725 - INFO - Epoch: 167, Validation Training Loss: 0.07268307705581521
2024-01-25 19:37:32,856 - INFO - Epoch: 168, Average Training Loss: 0.02729461182617144
2024-01-25 19:37:58,549 - INFO - Epoch: 168, Validation Training Loss: 0.07268418675527892
2024-01-25 19:42:59,595 - INFO - Epoch: 169, Average Training Loss: 0.027312134120223323
2024-01-25 19:43:25,635 - INFO - Epoch: 169, Validation Training Loss: 0.07236059730112886
2024-01-25 19:48:26,033 - INFO - Epoch: 170, Average Training Loss: 0.027329443876601297
2024-01-25 19:48:52,021 - INFO - Epoch: 170, Validation Training Loss: 0.07248102655041151
2024-01-25 19:53:52,823 - INFO - Epoch: 171, Average Training Loss: 0.027358863951030907
2024-01-25 19:54:18,420 - INFO - Epoch: 171, Validation Training Loss: 0.07252298459910148
2024-01-25 19:59:19,085 - INFO - Epoch: 172, Average Training Loss: 0.027342378718847975
2024-01-25 19:59:45,076 - INFO - Epoch: 172, Validation Training Loss: 0.07228190266636497
2024-01-25 20:04:45,482 - INFO - Epoch: 173, Average Training Loss: 0.02735638176006961
2024-01-25 20:05:11,359 - INFO - Epoch: 173, Validation Training Loss: 0.07248055774656088
2024-01-25 20:10:11,967 - INFO - Epoch: 174, Average Training Loss: 0.02733064498909257
2024-01-25 20:10:37,752 - INFO - Epoch: 174, Validation Training Loss: 0.0724357319735615
2024-01-25 20:15:38,976 - INFO - Epoch: 175, Average Training Loss: 0.027333225239018957
2024-01-25 20:16:04,872 - INFO - Epoch: 175, Validation Training Loss: 0.07246726645187959
2024-01-25 20:21:05,113 - INFO - Epoch: 176, Average Training Loss: 0.027322304872157126
2024-01-25 20:21:30,944 - INFO - Epoch: 176, Validation Training Loss: 0.07248934114861755
2024-01-25 20:26:31,597 - INFO - Epoch: 177, Average Training Loss: 0.027370729157533025
2024-01-25 20:26:57,627 - INFO - Epoch: 177, Validation Training Loss: 0.07246990872328508
2024-01-25 20:31:57,779 - INFO - Epoch: 178, Average Training Loss: 0.02734246677982427
2024-01-25 20:32:23,611 - INFO - Epoch: 178, Validation Training Loss: 0.07259967660937229
2024-01-25 20:37:24,143 - INFO - Epoch: 179, Average Training Loss: 0.02730421145546343
2024-01-25 20:37:50,065 - INFO - Epoch: 179, Validation Training Loss: 0.07237887478241041
2024-01-25 20:42:50,749 - INFO - Epoch: 180, Average Training Loss: 0.027326362024853734
2024-01-25 20:43:16,814 - INFO - Epoch: 180, Validation Training Loss: 0.07245357111928849
2024-01-25 20:48:16,820 - INFO - Epoch: 181, Average Training Loss: 0.027338559774034148
2024-01-25 20:48:42,551 - INFO - Epoch: 181, Validation Training Loss: 0.07259185647581542
2024-01-25 20:53:43,370 - INFO - Epoch: 182, Average Training Loss: 0.027350748524912573
2024-01-25 20:54:09,049 - INFO - Epoch: 182, Validation Training Loss: 0.07250126057913184
2024-01-25 20:59:09,551 - INFO - Epoch: 183, Average Training Loss: 0.02733645972792422
2024-01-25 20:59:35,307 - INFO - Epoch: 183, Validation Training Loss: 0.07235067283641027
2024-01-25 21:04:35,473 - INFO - Epoch: 184, Average Training Loss: 0.027340823002204424
2024-01-25 21:05:01,300 - INFO - Epoch: 184, Validation Training Loss: 0.07256140872086893
2024-01-25 21:10:01,552 - INFO - Epoch: 185, Average Training Loss: 0.027353215136673978
2024-01-25 21:10:27,453 - INFO - Epoch: 185, Validation Training Loss: 0.07261065171001344
2024-01-25 21:15:28,160 - INFO - Epoch: 186, Average Training Loss: 0.0273223289229182
2024-01-25 21:15:54,194 - INFO - Epoch: 186, Validation Training Loss: 0.07242214217698774
2024-01-25 21:20:54,657 - INFO - Epoch: 187, Average Training Loss: 0.02738169532730978
2024-01-25 21:21:20,526 - INFO - Epoch: 187, Validation Training Loss: 0.0723223168423722
2024-01-25 21:26:20,807 - INFO - Epoch: 188, Average Training Loss: 0.027336138361116823
2024-01-25 21:26:46,525 - INFO - Epoch: 188, Validation Training Loss: 0.07229741104987747
2024-01-25 21:31:46,865 - INFO - Epoch: 189, Average Training Loss: 0.02728288804173075
2024-01-25 21:32:12,729 - INFO - Epoch: 189, Validation Training Loss: 0.07248604759657183
2024-01-25 21:37:13,468 - INFO - Epoch: 190, Average Training Loss: 0.027333505858502447
2024-01-25 21:37:39,418 - INFO - Epoch: 190, Validation Training Loss: 0.07231827026139424
2024-01-25 21:42:40,038 - INFO - Epoch: 191, Average Training Loss: 0.027286682447147353
2024-01-25 21:43:05,963 - INFO - Epoch: 191, Validation Training Loss: 0.07258739543027717
2024-01-25 21:48:06,435 - INFO - Epoch: 192, Average Training Loss: 0.027374787540785817
2024-01-25 21:48:32,149 - INFO - Epoch: 192, Validation Training Loss: 0.07278139406409344
2024-01-25 21:53:32,558 - INFO - Epoch: 193, Average Training Loss: 0.02734663532923562
2024-01-25 21:53:58,673 - INFO - Epoch: 193, Validation Training Loss: 0.07254434915977484
2024-01-25 21:58:59,338 - INFO - Epoch: 194, Average Training Loss: 0.02731891761721077
2024-01-25 21:59:25,310 - INFO - Epoch: 194, Validation Training Loss: 0.07253086275561561
2024-01-25 22:04:25,726 - INFO - Epoch: 195, Average Training Loss: 0.027348111075417517
2024-01-25 22:04:51,562 - INFO - Epoch: 195, Validation Training Loss: 0.07273332772557962
2024-01-25 22:09:51,764 - INFO - Epoch: 196, Average Training Loss: 0.027328445192843352
2024-01-25 22:10:17,692 - INFO - Epoch: 196, Validation Training Loss: 0.07228300986842737
2024-01-25 22:15:19,223 - INFO - Epoch: 197, Average Training Loss: 0.027363000395029747
2024-01-25 22:15:45,167 - INFO - Epoch: 197, Validation Training Loss: 0.072621214364827
2024-01-25 22:20:45,444 - INFO - Epoch: 198, Average Training Loss: 0.027350956077601147
2024-01-25 22:21:11,781 - INFO - Epoch: 198, Validation Training Loss: 0.07252183750105304
2024-01-25 22:26:12,361 - INFO - Epoch: 199, Average Training Loss: 0.02728749175861962
2024-01-25 22:26:38,090 - INFO - Epoch: 199, Validation Training Loss: 0.07259823117592482
2024-01-25 22:27:17,016 - INFO - Final Test Loss: 0.0560364987057962
2024-01-25 22:27:17,026 - INFO - Training statistics saved to checkpoint_rgb_0_20240124_221532
