2024-02-02 22:47:05,973 - INFO - Configuration:
{
    "task": "5",
    "topic": "CS",
    "train_classifier": true,
    "number_gpus": "1",
    "modalities": [
        "ir"
    ],
    "encoder_model": "MAE",
    "mask_ratio": 0.8,
    "dataset": "NTU",
    "split": "CS",
    "num_classes": 60,
    "epochs": 500,
    "res_cktp": false,
    "cktp_dir": "/home/bas06400/Thesis/VIP/src/align_checkpoints/mae_checkpoints/",
    "trained_encoder": "checkpoint_ir_CS_20240131_005847.pth",
    "learning_rate": 0.001,
    "temperature": 0.1,
    "num_workers": 10,
    "batch_size": 64,
    "data_root": "/net/polaris/storage/deeplearning/ntu",
    "random_sample": false,
    "pin_memory": true,
    "scheduler_config": {
        "type": "plateau",
        "params": {
            "mode": "min",
            "factor": 0.1,
            "patience": 5
        }
    }
}
2024-02-02 22:47:06,044 - INFO - Training MAE for ir...
2024-02-02 22:47:06,091 - INFO - Evaluing on the following GPUs [2]
2024-02-02 22:47:11,423 - INFO - Starting feature extraction...
2024-02-02 23:21:17,215 - INFO - Epoch [1/500], Loss: 4.0258643800212495, Accuracy: 19.216460405436184%
2024-02-02 23:21:17,234 - INFO - Test Accuracy: 23.543990086741015%, Balanced Test Accuracy: 25.50945109640762%
2024-02-02 23:21:18,090 - INFO - Epoch [2/500], Loss: 3.2883668215044084, Accuracy: 29.48649811454458%
2024-02-02 23:21:18,897 - INFO - Epoch [3/500], Loss: 3.0558501876169637, Accuracy: 33.30802520689393%
2024-02-02 23:21:19,623 - INFO - Epoch [4/500], Loss: 2.914128042757511, Accuracy: 35.821122162326326%
2024-02-02 23:21:20,368 - INFO - Epoch [5/500], Loss: 2.812924207458573, Accuracy: 37.6559613291828%
2024-02-02 23:21:21,132 - INFO - Epoch [6/500], Loss: 2.734627814783204, Accuracy: 39.22759598106952%
2024-02-02 23:21:21,965 - INFO - Epoch [7/500], Loss: 2.671020642643975, Accuracy: 40.31078379267583%
2024-02-02 23:21:22,742 - INFO - Epoch [8/500], Loss: 2.6176121669911567, Accuracy: 41.37372510313062%
2024-02-02 23:21:23,522 - INFO - Epoch [9/500], Loss: 2.571685762174668, Accuracy: 42.234201402070205%
2024-02-02 23:21:24,270 - INFO - Epoch [10/500], Loss: 2.531475774463146, Accuracy: 42.89980512742642%
2024-02-02 23:21:24,964 - INFO - Epoch [11/500], Loss: 2.4957711540402903, Accuracy: 43.52238503783565%
2024-02-02 23:21:24,974 - INFO - Test Accuracy: 37.9182156133829%, Balanced Test Accuracy: 39.17367272658193%
2024-02-02 23:21:25,694 - INFO - Epoch [12/500], Loss: 2.4637054904334006, Accuracy: 44.19811201376762%
2024-02-02 23:21:26,479 - INFO - Epoch [13/500], Loss: 2.4346374943852425, Accuracy: 44.820691924176856%
2024-02-02 23:21:27,228 - INFO - Epoch [14/500], Loss: 2.4080793040414012, Accuracy: 45.352162579404244%
2024-02-02 23:21:27,964 - INFO - Epoch [15/500], Loss: 2.383651269780051, Accuracy: 45.84060941968466%
2024-02-02 23:21:28,670 - INFO - Epoch [16/500], Loss: 2.3610522350476635, Accuracy: 46.29362488294991%
2024-02-02 23:21:29,424 - INFO - Epoch [17/500], Loss: 2.340039332307154, Accuracy: 46.70108571862425%
2024-02-02 23:21:30,150 - INFO - Epoch [18/500], Loss: 2.320414155240982, Accuracy: 47.06552273935161%
2024-02-02 23:21:30,935 - INFO - Epoch [19/500], Loss: 2.302012478151629, Accuracy: 47.39705919570774%
2024-02-02 23:21:31,757 - INFO - Epoch [20/500], Loss: 2.284697272844853, Accuracy: 47.7488421532154%
2024-02-02 23:21:32,523 - INFO - Epoch [21/500], Loss: 2.2683531324709616, Accuracy: 48.07531698428365%
2024-02-02 23:21:32,533 - INFO - Test Accuracy: 40.14869888475837%, Balanced Test Accuracy: 41.16549096919941%
2024-02-02 23:21:33,332 - INFO - Epoch [22/500], Loss: 2.2528820561785854, Accuracy: 48.37648368891251%
2024-02-02 23:21:34,056 - INFO - Epoch [23/500], Loss: 2.238200311699221, Accuracy: 48.68524283147319%
2024-02-02 23:21:34,821 - INFO - Epoch [24/500], Loss: 2.224235676229, Accuracy: 48.971224660238406%
2024-02-02 23:21:35,592 - INFO - Epoch [25/500], Loss: 2.210925530281759, Accuracy: 49.20659023612482%
2024-02-02 23:21:36,368 - INFO - Epoch [26/500], Loss: 2.198214997927989, Accuracy: 49.490041252246094%
2024-02-02 23:21:37,157 - INFO - Epoch [27/500], Loss: 2.1860556857239817, Accuracy: 49.73806089135221%
2024-02-02 23:21:37,976 - INFO - Epoch [28/500], Loss: 2.174404692986319, Accuracy: 49.97848809252651%
2024-02-02 23:21:38,775 - INFO - Epoch [29/500], Loss: 2.163223552607721, Accuracy: 50.175891478753826%
2024-02-02 23:21:39,564 - INFO - Epoch [30/500], Loss: 2.152477255271327, Accuracy: 50.35557917647357%
2024-02-02 23:21:40,377 - INFO - Epoch [31/500], Loss: 2.142133999495737, Accuracy: 50.542859312125124%
2024-02-02 23:21:40,389 - INFO - Test Accuracy: 40.89219330855018%, Balanced Test Accuracy: 42.0430933386496%
2024-02-02 23:21:41,174 - INFO - Epoch [32/500], Loss: 2.132165005610835, Accuracy: 50.79340976387518%
2024-02-02 23:21:41,927 - INFO - Epoch [33/500], Loss: 2.1225451812628777, Accuracy: 50.97309746159492%
2024-02-02 23:21:42,695 - INFO - Epoch [34/500], Loss: 2.113252838773112, Accuracy: 51.15531597195859%
2024-02-02 23:21:43,494 - INFO - Epoch [35/500], Loss: 2.1042686907514447, Accuracy: 51.365373421405614%
2024-02-02 23:21:44,174 - INFO - Epoch [36/500], Loss: 2.095575074515035, Accuracy: 51.50962974211019%
2024-02-02 23:21:44,972 - INFO - Epoch [37/500], Loss: 2.087155664399747, Accuracy: 51.67666337661023%
2024-02-02 23:21:45,721 - INFO - Epoch [38/500], Loss: 2.07899514513631, Accuracy: 51.81079644673905%
2024-02-02 23:21:46,415 - INFO - Epoch [39/500], Loss: 2.0710788611923494, Accuracy: 52.01326145825425%
2024-02-02 23:21:47,136 - INFO - Epoch [40/500], Loss: 2.0633924166041036, Accuracy: 52.172702654822466%
2024-02-02 23:21:47,951 - INFO - Epoch [41/500], Loss: 2.055921285383163, Accuracy: 52.32961303874674%
2024-02-02 23:21:47,964 - INFO - Test Accuracy: 41.63568773234201%, Balanced Test Accuracy: 42.83313826104747%
2024-02-02 23:21:48,828 - INFO - Epoch [42/500], Loss: 2.0486507850789253, Accuracy: 52.47133854680738%
2024-02-02 23:21:49,575 - INFO - Epoch [43/500], Loss: 2.0415672330606367, Accuracy: 52.64596461923924%
2024-02-02 23:21:50,276 - INFO - Epoch [44/500], Loss: 2.0346603429605885, Accuracy: 52.792751752587755%
2024-02-02 23:21:51,000 - INFO - Epoch [45/500], Loss: 2.027924064666994, Accuracy: 52.909169134208994%
2024-02-02 23:21:51,737 - INFO - Epoch [46/500], Loss: 2.021354249167827, Accuracy: 53.04077139169387%
2024-02-02 23:21:52,436 - INFO - Epoch [47/500], Loss: 2.01494598965491, Accuracy: 53.22552071470149%
2024-02-02 23:21:53,142 - INFO - Epoch [48/500], Loss: 2.008693206694818, Accuracy: 53.35459215954243%
2024-02-02 23:21:53,858 - INFO - Epoch [49/500], Loss: 2.0025894355870064, Accuracy: 53.501379292890945%
2024-02-02 23:21:54,545 - INFO - Epoch [50/500], Loss: 1.9966283741016542, Accuracy: 53.615265861868245%
2024-02-02 23:21:55,270 - INFO - Epoch [51/500], Loss: 1.9908039093978944, Accuracy: 53.70384430440615%
2024-02-02 23:21:55,279 - INFO - Test Accuracy: 41.88351920693928%, Balanced Test Accuracy: 43.100509098271246%
2024-02-02 23:21:55,981 - INFO - Epoch [52/500], Loss: 1.985110289627506, Accuracy: 53.80760762280768%
2024-02-02 23:21:56,708 - INFO - Epoch [53/500], Loss: 1.9795421590247462, Accuracy: 53.92149419178498%
2024-02-02 23:21:57,417 - INFO - Epoch [54/500], Loss: 1.9740945396404113, Accuracy: 54.0429731986941%
2024-02-02 23:21:58,162 - INFO - Epoch [55/500], Loss: 1.9687628200457943, Accuracy: 54.17204464353504%
2024-02-02 23:21:58,871 - INFO - Epoch [56/500], Loss: 1.9635426755393706, Accuracy: 54.28846202515628%
2024-02-02 23:21:59,605 - INFO - Epoch [57/500], Loss: 1.9584299878728004, Accuracy: 54.4225950952851%
2024-02-02 23:22:00,401 - INFO - Epoch [58/500], Loss: 1.953420790453111, Accuracy: 54.53142003897452%
2024-02-02 23:22:01,245 - INFO - Epoch [59/500], Loss: 1.9485112457506117, Accuracy: 54.650368233239696%
2024-02-02 23:22:02,111 - INFO - Epoch [60/500], Loss: 1.9436976717364403, Accuracy: 54.77690886543669%
2024-02-02 23:22:02,877 - INFO - Epoch [61/500], Loss: 1.9389765072734124, Accuracy: 54.90598031027763%
2024-02-02 23:22:02,888 - INFO - Test Accuracy: 42.13135068153655%, Balanced Test Accuracy: 43.38126306652521%
2024-02-02 23:22:03,699 - INFO - Epoch [62/500], Loss: 1.9343444318059952, Accuracy: 55.01480525396705%
2024-02-02 23:22:04,423 - INFO - Epoch [63/500], Loss: 1.9297982538419385, Accuracy: 55.141345886164046%
2024-02-02 23:22:05,157 - INFO - Epoch [64/500], Loss: 1.9253350725818066, Accuracy: 55.24004757927771%
2024-02-02 23:22:05,885 - INFO - Epoch [65/500], Loss: 1.9209520333716947, Accuracy: 55.36152658618683%
2024-02-02 23:22:06,601 - INFO - Epoch [66/500], Loss: 1.916646495461464, Accuracy: 55.46022827930048%
2024-02-02 23:22:07,325 - INFO - Epoch [67/500], Loss: 1.9124160566397252, Accuracy: 55.55386834712626%
2024-02-02 23:22:08,028 - INFO - Epoch [68/500], Loss: 1.9082582133912271, Accuracy: 55.67281654139144%
2024-02-02 23:22:08,747 - INFO - Epoch [69/500], Loss: 1.9041707579407, Accuracy: 55.7588641712854%
2024-02-02 23:22:09,481 - INFO - Epoch [70/500], Loss: 1.9001514673713715, Accuracy: 55.83225773795966%
2024-02-02 23:22:10,200 - INFO - Epoch [71/500], Loss: 1.8961982951769907, Accuracy: 55.94108268164908%
2024-02-02 23:22:10,211 - INFO - Test Accuracy: 41.759603469640645%, Balanced Test Accuracy: 42.867529795439005%
2024-02-02 23:22:10,958 - INFO - Epoch [72/500], Loss: 1.8923092150399763, Accuracy: 56.01953787361121%
2024-02-02 23:22:11,687 - INFO - Epoch [73/500], Loss: 1.8884823830618012, Accuracy: 56.105585503505175%
2024-02-02 23:22:12,408 - INFO - Epoch [74/500], Loss: 1.8847159551035972, Accuracy: 56.1764482575355%
2024-02-02 23:22:13,170 - INFO - Epoch [75/500], Loss: 1.881008183523532, Accuracy: 56.25996507478551%
2024-02-02 23:22:13,898 - INFO - Epoch [76/500], Loss: 1.877357440129403, Accuracy: 56.35360514261129%
2024-02-02 23:22:14,632 - INFO - Epoch [77/500], Loss: 1.8737620565920108, Accuracy: 56.42193708399767%
2024-02-02 23:22:15,330 - INFO - Epoch [78/500], Loss: 1.8702204792249588, Accuracy: 56.49533065067193%
2024-02-02 23:22:16,042 - INFO - Epoch [79/500], Loss: 1.866731154221681, Accuracy: 56.56113177941437%
2024-02-02 23:22:16,805 - INFO - Epoch [80/500], Loss: 1.8632926365300533, Accuracy: 56.62693290815681%
2024-02-02 23:22:17,570 - INFO - Epoch [81/500], Loss: 1.8599034422828304, Accuracy: 56.65477184724015%
2024-02-02 23:22:17,581 - INFO - Test Accuracy: 42.00743494423792%, Balanced Test Accuracy: 43.116308794218%
2024-02-02 23:22:18,358 - INFO - Epoch [82/500], Loss: 1.8565622456371784, Accuracy: 56.73828866449017%
2024-02-02 23:22:19,088 - INFO - Epoch [83/500], Loss: 1.853267890551398, Accuracy: 56.804089793232606%
2024-02-02 23:22:19,844 - INFO - Epoch [84/500], Loss: 1.8500194803120629, Accuracy: 56.86229848404323%
2024-02-02 23:22:20,672 - INFO - Epoch [85/500], Loss: 1.8468164192332375, Accuracy: 56.943284488649304%
2024-02-02 23:22:21,390 - INFO - Epoch [86/500], Loss: 1.8436587168084038, Accuracy: 56.99643155417205%
2024-02-02 23:22:22,139 - INFO - Epoch [87/500], Loss: 1.8405515218694364, Accuracy: 57.07741755877812%
2024-02-02 23:22:22,914 - INFO - Epoch [88/500], Loss: 1.8375140850342089, Accuracy: 57.135626249588746%
2024-02-02 23:22:23,666 - INFO - Epoch [89/500], Loss: 1.8344725744137842, Accuracy: 57.19889656568724%
2024-02-02 23:22:24,510 - INFO - Epoch [90/500], Loss: 1.8314742342598977, Accuracy: 57.2469820059221%
2024-02-02 23:22:25,260 - INFO - Epoch [91/500], Loss: 1.8284687563296287, Accuracy: 57.282413382937264%
2024-02-02 23:22:25,273 - INFO - Test Accuracy: 42.00743494423792%, Balanced Test Accuracy: 43.13527294553509%
2024-02-02 23:22:26,112 - INFO - Epoch [92/500], Loss: 1.8255565859858067, Accuracy: 57.3735226381191%
2024-02-02 23:22:26,888 - INFO - Epoch [93/500], Loss: 1.8226659364036975, Accuracy: 57.43426214157366%
2024-02-02 23:22:27,675 - INFO - Epoch [94/500], Loss: 1.8198154166100486, Accuracy: 57.48994001974034%
2024-02-02 23:22:28,442 - INFO - Epoch [95/500], Loss: 1.8170083809283473, Accuracy: 57.5633335864146%
2024-02-02 23:22:29,185 - INFO - Epoch [96/500], Loss: 1.8142614639814822, Accuracy: 57.649381216308555%
2024-02-02 23:22:29,924 - INFO - Epoch [97/500], Loss: 1.8119341292448583, Accuracy: 57.72024397033888%
2024-02-02 23:22:30,668 - INFO - Epoch [98/500], Loss: 1.8088027899784427, Accuracy: 57.780983473793434%
2024-02-02 23:22:31,404 - INFO - Epoch [99/500], Loss: 1.8060872779498178, Accuracy: 57.84678460253588%
2024-02-02 23:22:32,174 - INFO - Epoch [100/500], Loss: 1.8034314563678158, Accuracy: 57.879685166907095%
2024-02-02 23:22:32,905 - INFO - Epoch [101/500], Loss: 1.8008137097762478, Accuracy: 57.93789385771771%
2024-02-02 23:22:32,915 - INFO - Test Accuracy: 42.00743494423792%, Balanced Test Accuracy: 43.16917817429326%
2024-02-02 23:22:33,651 - INFO - Epoch [102/500], Loss: 1.7982285142906251, Accuracy: 58.006225799104094%
2024-02-02 23:22:34,430 - INFO - Epoch [103/500], Loss: 1.7956723495116156, Accuracy: 58.07708855313441%
2024-02-02 23:22:35,186 - INFO - Epoch [104/500], Loss: 1.7931471600407554, Accuracy: 58.14035886923291%
2024-02-02 23:22:36,021 - INFO - Epoch [105/500], Loss: 1.7906510637652489, Accuracy: 58.19856756004353%
2024-02-02 23:22:36,829 - INFO - Epoch [106/500], Loss: 1.788182049749359, Accuracy: 58.27449193936173%
2024-02-02 23:22:37,706 - INFO - Epoch [107/500], Loss: 1.78573639690876, Accuracy: 58.31498494166477%
2024-02-02 23:22:38,482 - INFO - Epoch [108/500], Loss: 1.7833157210580763, Accuracy: 58.370662819831445%
2024-02-02 23:22:39,260 - INFO - Epoch [109/500], Loss: 1.7809243994134087, Accuracy: 58.42887151064207%
2024-02-02 23:22:40,018 - INFO - Epoch [110/500], Loss: 1.7785629941330803, Accuracy: 58.456710449725406%
2024-02-02 23:22:40,778 - INFO - Epoch [111/500], Loss: 1.7762252341114706, Accuracy: 58.50985751524814%
2024-02-02 23:22:40,788 - INFO - Test Accuracy: 42.00743494423792%, Balanced Test Accuracy: 43.08203220479435%
2024-02-02 23:22:41,533 - INFO - Epoch [112/500], Loss: 1.7743568146421063, Accuracy: 58.54275807961937%
2024-02-02 23:22:42,277 - INFO - Epoch [113/500], Loss: 1.7716162248003868, Accuracy: 58.608559208361804%
2024-02-02 23:22:43,048 - INFO - Epoch [114/500], Loss: 1.7693259639124717, Accuracy: 58.66170627388455%
2024-02-02 23:22:43,750 - INFO - Epoch [115/500], Loss: 1.7670756895695963, Accuracy: 58.707260901475465%
2024-02-02 23:22:44,451 - INFO - Epoch [116/500], Loss: 1.7648509961943473, Accuracy: 58.73763065320274%
2024-02-02 23:22:45,152 - INFO - Epoch [117/500], Loss: 1.7626516996852812, Accuracy: 58.78824690608154%
2024-02-02 23:22:45,847 - INFO - Epoch [118/500], Loss: 1.7604776688160435, Accuracy: 58.83886315896034%
2024-02-02 23:22:46,544 - INFO - Epoch [119/500], Loss: 1.758324041121429, Accuracy: 58.88947941183914%
2024-02-02 23:22:47,230 - INFO - Epoch [120/500], Loss: 1.7561896216244466, Accuracy: 58.93250322678612%
2024-02-02 23:22:47,933 - INFO - Epoch [121/500], Loss: 1.7540753488579104, Accuracy: 58.98058866702098%
2024-02-02 23:22:47,943 - INFO - Test Accuracy: 42.00743494423792%, Balanced Test Accuracy: 43.067151252413396%
2024-02-02 23:22:48,620 - INFO - Epoch [122/500], Loss: 1.7519832122470103, Accuracy: 59.0134892313922%
2024-02-02 23:22:49,309 - INFO - Epoch [123/500], Loss: 1.750442340369186, Accuracy: 59.069167109558876%
2024-02-02 23:22:50,017 - INFO - Epoch [124/500], Loss: 1.7478935793042183, Accuracy: 59.1400298635892%
2024-02-02 23:22:50,776 - INFO - Epoch [125/500], Loss: 1.7458244612620724, Accuracy: 59.175461240604356%
2024-02-02 23:22:51,546 - INFO - Epoch [126/500], Loss: 1.7438044008468427, Accuracy: 59.24379318199074%
2024-02-02 23:22:52,275 - INFO - Epoch [127/500], Loss: 1.7418053603220371, Accuracy: 59.294409434869536%
2024-02-02 23:22:53,007 - INFO - Epoch [128/500], Loss: 1.7398257221906417, Accuracy: 59.319717561308934%
2024-02-02 23:22:53,736 - INFO - Epoch [129/500], Loss: 1.7378651244986443, Accuracy: 59.38298787740744%
2024-02-02 23:22:54,489 - INFO - Epoch [130/500], Loss: 1.7359232572057555, Accuracy: 59.441196568218054%
2024-02-02 23:22:55,225 - INFO - Epoch [131/500], Loss: 1.734000364498746, Accuracy: 59.50446688431656%
2024-02-02 23:22:55,235 - INFO - Test Accuracy: 42.13135068153655%, Balanced Test Accuracy: 43.20604014130228%
2024-02-02 23:22:55,953 - INFO - Epoch [132/500], Loss: 1.732095855859018, Accuracy: 59.55508313719535%
2024-02-02 23:22:56,682 - INFO - Epoch [133/500], Loss: 1.7302083851348968, Accuracy: 59.57786045099081%
2024-02-02 23:22:57,415 - INFO - Epoch [134/500], Loss: 1.7283382813536352, Accuracy: 59.61582264064991%
2024-02-02 23:22:58,150 - INFO - Epoch [135/500], Loss: 1.726482596729071, Accuracy: 59.653784830309014%
2024-02-02 23:22:58,887 - INFO - Epoch [136/500], Loss: 1.7246504317848914, Accuracy: 59.69174701996811%
2024-02-02 23:22:59,610 - INFO - Epoch [137/500], Loss: 1.72338411308104, Accuracy: 59.72464758433933%
2024-02-02 23:23:00,319 - INFO - Epoch [138/500], Loss: 1.7210235967030447, Accuracy: 59.79551033836965%
2024-02-02 23:23:01,040 - INFO - Epoch [139/500], Loss: 1.7192168645560741, Accuracy: 59.82841090274087%
2024-02-02 23:23:01,768 - INFO - Epoch [140/500], Loss: 1.717436368066457, Accuracy: 59.85624984182421%
2024-02-02 23:23:02,467 - INFO - Epoch [141/500], Loss: 1.715672132709334, Accuracy: 59.896742844127246%
2024-02-02 23:23:02,477 - INFO - Test Accuracy: 42.25526641883519%, Balanced Test Accuracy: 43.283691656453804%
2024-02-02 23:23:03,179 - INFO - Epoch [142/500], Loss: 1.7139232888096763, Accuracy: 59.94482828436211%
2024-02-02 23:23:03,872 - INFO - Epoch [143/500], Loss: 1.7121897153556347, Accuracy: 59.99797534988485%
2024-02-02 23:23:04,576 - INFO - Epoch [144/500], Loss: 1.7104713990082663, Accuracy: 60.04352997747577%
2024-02-02 23:23:05,280 - INFO - Epoch [145/500], Loss: 1.7087685505469, Accuracy: 60.07643054184699%
2024-02-02 23:23:05,969 - INFO - Epoch [146/500], Loss: 1.707081577710567, Accuracy: 60.129577607369725%
2024-02-02 23:23:06,690 - INFO - Epoch [147/500], Loss: 1.7054070384512026, Accuracy: 60.16500898438488%
2024-02-02 23:23:07,381 - INFO - Epoch [148/500], Loss: 1.703744335520652, Accuracy: 60.21562523726369%
2024-02-02 23:23:08,112 - INFO - Epoch [149/500], Loss: 1.7020942712983778, Accuracy: 60.235871738415206%
2024-02-02 23:23:08,877 - INFO - Epoch [150/500], Loss: 1.700634351781299, Accuracy: 60.27636474071824%
2024-02-02 23:23:09,759 - INFO - Epoch [151/500], Loss: 1.6989360883110953, Accuracy: 60.339635056816746%
2024-02-02 23:23:09,770 - INFO - Test Accuracy: 42.37918215613383%, Balanced Test Accuracy: 43.37628424904639%
2024-02-02 23:23:10,529 - INFO - Epoch [152/500], Loss: 1.6972281537469356, Accuracy: 60.372535621187964%
2024-02-02 23:23:11,295 - INFO - Epoch [153/500], Loss: 1.695623597430606, Accuracy: 60.41809024877888%
2024-02-02 23:23:12,156 - INFO - Epoch [154/500], Loss: 1.6940360194252384, Accuracy: 60.458583251081926%
2024-02-02 23:23:13,000 - INFO - Epoch [155/500], Loss: 1.6924610044206343, Accuracy: 60.488953002809204%
2024-02-02 23:23:13,925 - INFO - Epoch [156/500], Loss: 1.6908987026301123, Accuracy: 60.52185356718042%
2024-02-02 23:23:14,881 - INFO - Epoch [157/500], Loss: 1.689348958192333, Accuracy: 60.54969250626376%
2024-02-02 23:23:15,738 - INFO - Epoch [158/500], Loss: 1.6878115444654418, Accuracy: 60.58512388327892%
2024-02-02 23:23:16,568 - INFO - Epoch [159/500], Loss: 1.6862865269424454, Accuracy: 60.61802444765014%
2024-02-02 23:23:17,348 - INFO - Epoch [160/500], Loss: 1.684776367679719, Accuracy: 60.63827094880166%
2024-02-02 23:23:18,109 - INFO - Epoch [161/500], Loss: 1.683533230736371, Accuracy: 60.65092501202136%
2024-02-02 23:23:18,120 - INFO - Test Accuracy: 42.25526641883519%, Balanced Test Accuracy: 43.20046007322222%
2024-02-02 23:23:18,948 - INFO - Epoch [162/500], Loss: 1.682049102480373, Accuracy: 60.69901045225622%
2024-02-02 23:23:19,695 - INFO - Epoch [163/500], Loss: 1.6803196733517032, Accuracy: 60.74709589249108%
2024-02-02 23:23:20,521 - INFO - Epoch [164/500], Loss: 1.6788367079871316, Accuracy: 60.7673423936426%
2024-02-02 23:23:21,378 - INFO - Epoch [165/500], Loss: 1.67737448467843, Accuracy: 60.79771214536988%
2024-02-02 23:23:22,307 - INFO - Epoch [166/500], Loss: 1.6759245217807832, Accuracy: 60.850859210892615%
2024-02-02 23:23:23,141 - INFO - Epoch [167/500], Loss: 1.6744854462242895, Accuracy: 60.8938830258396%
2024-02-02 23:23:23,885 - INFO - Epoch [168/500], Loss: 1.6730569331876692, Accuracy: 60.949560904006276%
2024-02-02 23:23:24,635 - INFO - Epoch [169/500], Loss: 1.6716387980887968, Accuracy: 60.99511553159719%
2024-02-02 23:23:25,412 - INFO - Epoch [170/500], Loss: 1.6702310065588644, Accuracy: 61.01283122010478%
2024-02-02 23:23:26,139 - INFO - Epoch [171/500], Loss: 1.6688334558519624, Accuracy: 61.04320097183206%
2024-02-02 23:23:26,149 - INFO - Test Accuracy: 42.627013630731106%, Balanced Test Accuracy: 43.576277066686266%
2024-02-02 23:23:26,884 - INFO - Epoch [172/500], Loss: 1.6674462082164903, Accuracy: 61.078632348847215%
2024-02-02 23:23:27,601 - INFO - Epoch [173/500], Loss: 1.6660707884978863, Accuracy: 61.10140966264267%
2024-02-02 23:23:28,334 - INFO - Epoch [174/500], Loss: 1.6647025692847468, Accuracy: 61.12924860172601%
2024-02-02 23:23:29,089 - INFO - Epoch [175/500], Loss: 1.6638980065622637, Accuracy: 61.14949510287753%
2024-02-02 23:23:29,845 - INFO - Epoch [176/500], Loss: 1.6620494319546608, Accuracy: 61.182395667248755%
2024-02-02 23:23:30,598 - INFO - Epoch [177/500], Loss: 1.6606462833381468, Accuracy: 61.22795029483967%
2024-02-02 23:23:31,339 - INFO - Epoch [178/500], Loss: 1.6593113223150853, Accuracy: 61.25325842127907%
2024-02-02 23:23:32,064 - INFO - Epoch [179/500], Loss: 1.6579930441033455, Accuracy: 61.27603573507453%
2024-02-02 23:23:32,790 - INFO - Epoch [180/500], Loss: 1.6566824423930337, Accuracy: 61.311467112089694%
2024-02-02 23:23:33,529 - INFO - Epoch [181/500], Loss: 1.6553780029137288, Accuracy: 61.32665198795333%
2024-02-02 23:23:33,541 - INFO - Test Accuracy: 42.627013630731106%, Balanced Test Accuracy: 43.545132285541484%
2024-02-02 23:23:34,419 - INFO - Epoch [182/500], Loss: 1.654082187841977, Accuracy: 61.33930605117303%
2024-02-02 23:23:35,230 - INFO - Epoch [183/500], Loss: 1.6527949148608791, Accuracy: 61.36461417761243%
2024-02-02 23:23:36,045 - INFO - Epoch [184/500], Loss: 1.6515162463390058, Accuracy: 61.38232986612001%
2024-02-02 23:23:36,856 - INFO - Epoch [185/500], Loss: 1.650246337416672, Accuracy: 61.42282286842305%
2024-02-02 23:23:37,645 - INFO - Epoch [186/500], Loss: 1.648984698879142, Accuracy: 61.432946118998814%
2024-02-02 23:23:38,390 - INFO - Epoch [187/500], Loss: 1.6477310847370856, Accuracy: 61.45066180750639%
2024-02-02 23:23:39,151 - INFO - Epoch [188/500], Loss: 1.646485666834539, Accuracy: 61.47343912130185%
2024-02-02 23:23:39,894 - INFO - Epoch [189/500], Loss: 1.6452511740067313, Accuracy: 61.48862399716549%
2024-02-02 23:23:40,678 - INFO - Epoch [190/500], Loss: 1.6443550212969702, Accuracy: 61.51140131096095%
2024-02-02 23:23:41,461 - INFO - Epoch [191/500], Loss: 1.6428529074595821, Accuracy: 61.551894313263986%
2024-02-02 23:23:41,473 - INFO - Test Accuracy: 42.37918215613383%, Balanced Test Accuracy: 43.27661376702297%
2024-02-02 23:23:42,254 - INFO - Epoch [192/500], Loss: 1.6415843407232915, Accuracy: 61.57720243970339%
2024-02-02 23:23:42,987 - INFO - Epoch [193/500], Loss: 1.6403748421899733, Accuracy: 61.58985650292309%
2024-02-02 23:23:43,733 - INFO - Epoch [194/500], Loss: 1.6391742224654844, Accuracy: 61.61516462936249%
2024-02-02 23:23:44,489 - INFO - Epoch [195/500], Loss: 1.6379815098499098, Accuracy: 61.63288031787007%
2024-02-02 23:23:45,230 - INFO - Epoch [196/500], Loss: 1.6367964905596548, Accuracy: 61.680965758104925%
2024-02-02 23:23:45,979 - INFO - Epoch [197/500], Loss: 1.6356188982965485, Accuracy: 61.70374307190039%
2024-02-02 23:23:46,687 - INFO - Epoch [198/500], Loss: 1.6344486306751929, Accuracy: 61.72652038569585%
2024-02-02 23:23:47,405 - INFO - Epoch [199/500], Loss: 1.633285567164421, Accuracy: 61.777136638574646%
2024-02-02 23:23:48,148 - INFO - Epoch [200/500], Loss: 1.6321296470780526, Accuracy: 61.784729076506466%
2024-02-02 23:23:48,898 - INFO - Epoch [201/500], Loss: 1.6309808474634924, Accuracy: 61.810037202945864%
2024-02-02 23:23:48,909 - INFO - Test Accuracy: 42.874845105328376%, Balanced Test Accuracy: 43.77511594567221%
2024-02-02 23:23:49,647 - INFO - Epoch [202/500], Loss: 1.6298390535577651, Accuracy: 61.81762964087768%
2024-02-02 23:23:50,384 - INFO - Epoch [203/500], Loss: 1.6287048985400507, Accuracy: 61.84040695467314%
2024-02-02 23:23:51,159 - INFO - Epoch [204/500], Loss: 1.627577105356801, Accuracy: 61.86065345582467%
2024-02-02 23:23:51,969 - INFO - Epoch [205/500], Loss: 1.6264566898105606, Accuracy: 61.87330751904437%
2024-02-02 23:23:52,860 - INFO - Epoch [206/500], Loss: 1.6257084788333984, Accuracy: 61.908738896059525%
2024-02-02 23:23:53,707 - INFO - Epoch [207/500], Loss: 1.6242493794810386, Accuracy: 61.96188596158226%
2024-02-02 23:23:54,558 - INFO - Epoch [208/500], Loss: 1.623136197727534, Accuracy: 61.98466327537773%
2024-02-02 23:23:55,352 - INFO - Epoch [209/500], Loss: 1.6220382104717916, Accuracy: 62.009971401817126%
2024-02-02 23:23:56,161 - INFO - Epoch [210/500], Loss: 1.6209480269782004, Accuracy: 62.040341153544404%
2024-02-02 23:23:56,940 - INFO - Epoch [211/500], Loss: 1.619864504303663, Accuracy: 62.06058765469592%
2024-02-02 23:23:56,951 - INFO - Test Accuracy: 43.24659231722429%, Balanced Test Accuracy: 44.12564504620132%
2024-02-02 23:23:57,692 - INFO - Epoch [212/500], Loss: 1.6187874049909654, Accuracy: 62.08589578113532%
2024-02-02 23:23:58,447 - INFO - Epoch [213/500], Loss: 1.6177166419163826, Accuracy: 62.09348821906714%
2024-02-02 23:23:59,194 - INFO - Epoch [214/500], Loss: 1.6166521773463296, Accuracy: 62.10614228228684%
2024-02-02 23:24:00,050 - INFO - Epoch [215/500], Loss: 1.6155939763111453, Accuracy: 62.139042846658064%
2024-02-02 23:24:00,867 - INFO - Epoch [216/500], Loss: 1.6145419278933155, Accuracy: 62.17700503631716%
2024-02-02 23:24:01,690 - INFO - Epoch [217/500], Loss: 1.6134958506351518, Accuracy: 62.1921899121808%
2024-02-02 23:24:02,490 - INFO - Epoch [218/500], Loss: 1.6124558858573437, Accuracy: 62.23521372712778%
2024-02-02 23:24:03,261 - INFO - Epoch [219/500], Loss: 1.6114225121996095, Accuracy: 62.2554602282793%
2024-02-02 23:24:03,992 - INFO - Epoch [220/500], Loss: 1.6103942292111535, Accuracy: 62.2807683547187%
2024-02-02 23:24:04,727 - INFO - Epoch [221/500], Loss: 1.6098041237602312, Accuracy: 62.28836079265052%
2024-02-02 23:24:04,737 - INFO - Test Accuracy: 43.12267657992565%, Balanced Test Accuracy: 43.94045986101612%
2024-02-02 23:24:05,522 - INFO - Epoch [222/500], Loss: 1.6083424167046625, Accuracy: 62.32885379495356%
2024-02-02 23:24:06,253 - INFO - Epoch [223/500], Loss: 1.6073371761989208, Accuracy: 62.3440386708172%
2024-02-02 23:24:06,955 - INFO - Epoch [224/500], Loss: 1.6063326963734241, Accuracy: 62.3693467972566%
2024-02-02 23:24:07,694 - INFO - Epoch [225/500], Loss: 1.605333648622036, Accuracy: 62.392124111052055%
2024-02-02 23:24:08,442 - INFO - Epoch [226/500], Loss: 1.6043390247129625, Accuracy: 62.40477817427176%
2024-02-02 23:24:09,186 - INFO - Epoch [227/500], Loss: 1.6033493255174929, Accuracy: 62.43008630071116%
2024-02-02 23:24:09,916 - INFO - Epoch [228/500], Loss: 1.6023647622956383, Accuracy: 62.4705793030142%
2024-02-02 23:24:10,706 - INFO - Epoch [229/500], Loss: 1.6013854935524925, Accuracy: 62.48576417887784%
2024-02-02 23:24:11,492 - INFO - Epoch [230/500], Loss: 1.6004114535547072, Accuracy: 62.516133930605115%
2024-02-02 23:24:12,220 - INFO - Epoch [231/500], Loss: 1.5994427404817073, Accuracy: 62.54397286968846%
2024-02-02 23:24:12,230 - INFO - Test Accuracy: 42.75092936802974%, Balanced Test Accuracy: 43.6097720303283%
2024-02-02 23:24:12,924 - INFO - Epoch [232/500], Loss: 1.5984792072446115, Accuracy: 62.56421937083998%
2024-02-02 23:24:13,646 - INFO - Epoch [233/500], Loss: 1.5975208545644437, Accuracy: 62.59205830992332%
2024-02-02 23:24:14,446 - INFO - Epoch [234/500], Loss: 1.596567863778722, Accuracy: 62.617366436362715%
2024-02-02 23:24:15,213 - INFO - Epoch [235/500], Loss: 1.595620885611542, Accuracy: 62.632551312226354%
2024-02-02 23:24:15,983 - INFO - Epoch [236/500], Loss: 1.59482629957699, Accuracy: 62.640143750158174%
2024-02-02 23:24:16,732 - INFO - Epoch [237/500], Loss: 1.5941472714466434, Accuracy: 62.65026700073393%
2024-02-02 23:24:17,649 - INFO - Epoch [238/500], Loss: 1.592844653754465, Accuracy: 62.68316756510516%
2024-02-02 23:24:18,434 - INFO - Epoch [239/500], Loss: 1.5918831091013648, Accuracy: 62.69076000303698%
2024-02-02 23:24:19,262 - INFO - Epoch [240/500], Loss: 1.5909557359353188, Accuracy: 62.7110065041885%
2024-02-02 23:24:20,118 - INFO - Epoch [241/500], Loss: 1.5900352296809996, Accuracy: 62.721129754764256%
2024-02-02 23:24:20,129 - INFO - Test Accuracy: 42.874845105328376%, Balanced Test Accuracy: 43.72881964937591%
2024-02-02 23:24:21,010 - INFO - Epoch [242/500], Loss: 1.5891198465420353, Accuracy: 62.756561131779414%
2024-02-02 23:24:21,809 - INFO - Epoch [243/500], Loss: 1.5882093057997766, Accuracy: 62.77933844557487%
2024-02-02 23:24:22,613 - INFO - Epoch [244/500], Loss: 1.5873035128799178, Accuracy: 62.80464657201427%
2024-02-02 23:24:23,352 - INFO - Epoch [245/500], Loss: 1.5864024072164489, Accuracy: 62.837547136385496%
2024-02-02 23:24:24,138 - INFO - Epoch [246/500], Loss: 1.5855058483298747, Accuracy: 62.852732012249135%
2024-02-02 23:24:24,935 - INFO - Epoch [247/500], Loss: 1.5846138669838827, Accuracy: 62.87550932604459%
2024-02-02 23:24:25,693 - INFO - Epoch [248/500], Loss: 1.583726433616492, Accuracy: 62.88816338926429%
2024-02-02 23:24:26,387 - INFO - Epoch [249/500], Loss: 1.582843519867428, Accuracy: 62.90587907777187%
2024-02-02 23:24:27,104 - INFO - Epoch [250/500], Loss: 1.5819650630076085, Accuracy: 62.92106395363551%
2024-02-02 23:24:27,858 - INFO - Epoch [251/500], Loss: 1.5810909837244018, Accuracy: 62.94131045478703%
2024-02-02 23:24:27,868 - INFO - Test Accuracy: 42.874845105328376%, Balanced Test Accuracy: 43.68147116452742%
2024-02-02 23:24:28,570 - INFO - Epoch [252/500], Loss: 1.5802212788933707, Accuracy: 62.94890289271885%
2024-02-02 23:24:29,261 - INFO - Epoch [253/500], Loss: 1.5793563390691434, Accuracy: 62.976741831802194%
2024-02-02 23:24:29,963 - INFO - Epoch [254/500], Loss: 1.5786601163206562, Accuracy: 62.98686508237795%
2024-02-02 23:24:30,722 - INFO - Epoch [255/500], Loss: 1.577795414915008, Accuracy: 62.99698833295371%
2024-02-02 23:24:31,453 - INFO - Epoch [256/500], Loss: 1.5767903522618356, Accuracy: 63.02482727203705%
2024-02-02 23:24:32,181 - INFO - Epoch [257/500], Loss: 1.575938402164367, Accuracy: 63.04254296054463%
2024-02-02 23:24:32,908 - INFO - Epoch [258/500], Loss: 1.5750925639464008, Accuracy: 63.05266621112039%
2024-02-02 23:24:33,651 - INFO - Epoch [259/500], Loss: 1.5742514892931907, Accuracy: 63.07291271227191%
2024-02-02 23:24:34,442 - INFO - Epoch [260/500], Loss: 1.5734146597885317, Accuracy: 63.08556677549161%
2024-02-02 23:24:35,282 - INFO - Epoch [261/500], Loss: 1.5725818830392053, Accuracy: 63.09569002606737%
2024-02-02 23:24:35,294 - INFO - Test Accuracy: 42.874845105328376%, Balanced Test Accuracy: 43.669897090453354%
2024-02-02 23:24:36,174 - INFO - Epoch [262/500], Loss: 1.571753052453841, Accuracy: 63.11087490193101%
2024-02-02 23:24:36,950 - INFO - Epoch [263/500], Loss: 1.5709281680324385, Accuracy: 63.12605977779465%
2024-02-02 23:24:37,664 - INFO - Epoch [264/500], Loss: 1.5701071795436643, Accuracy: 63.14124465365829%
2024-02-02 23:24:38,399 - INFO - Epoch [265/500], Loss: 1.5692900469706905, Accuracy: 63.15896034216587%
2024-02-02 23:24:39,078 - INFO - Epoch [266/500], Loss: 1.5684768507076847, Accuracy: 63.17161440538557%
2024-02-02 23:24:39,792 - INFO - Epoch [267/500], Loss: 1.567667540403143, Accuracy: 63.19439171918103%
2024-02-02 23:24:40,542 - INFO - Epoch [268/500], Loss: 1.566862168691812, Accuracy: 63.219699845620426%
2024-02-02 23:24:41,267 - INFO - Epoch [269/500], Loss: 1.566060750474853, Accuracy: 63.24247715941589%
2024-02-02 23:24:42,056 - INFO - Epoch [270/500], Loss: 1.5652627535164356, Accuracy: 63.26525447321135%
2024-02-02 23:24:42,875 - INFO - Epoch [271/500], Loss: 1.5644684992730618, Accuracy: 63.28043934907499%
2024-02-02 23:24:42,886 - INFO - Test Accuracy: 42.998760842627014%, Balanced Test Accuracy: 43.78100820156446%
2024-02-02 23:24:43,770 - INFO - Epoch [272/500], Loss: 1.5639154798080843, Accuracy: 63.28297016171893%
2024-02-02 23:24:44,665 - INFO - Epoch [273/500], Loss: 1.5629045384064797, Accuracy: 63.30574747551439%
2024-02-02 23:24:45,458 - INFO - Epoch [274/500], Loss: 1.5621100203885185, Accuracy: 63.331055601953786%
2024-02-02 23:24:46,188 - INFO - Epoch [275/500], Loss: 1.5613284610932874, Accuracy: 63.356363728393184%
2024-02-02 23:24:46,913 - INFO - Epoch [276/500], Loss: 1.560551005625917, Accuracy: 63.361425353681064%
2024-02-02 23:24:47,651 - INFO - Epoch [277/500], Loss: 1.5597774005464968, Accuracy: 63.37914104218865%
2024-02-02 23:24:48,376 - INFO - Epoch [278/500], Loss: 1.559007508980651, Accuracy: 63.39179510540835%
2024-02-02 23:24:49,218 - INFO - Epoch [279/500], Loss: 1.5582412271009338, Accuracy: 63.40951079391593%
2024-02-02 23:24:49,944 - INFO - Epoch [280/500], Loss: 1.5574784746333477, Accuracy: 63.429757295067446%
2024-02-02 23:24:50,651 - INFO - Epoch [281/500], Loss: 1.556719226342055, Accuracy: 63.452534608862905%
2024-02-02 23:24:50,662 - INFO - Test Accuracy: 42.998760842627014%, Balanced Test Accuracy: 43.788944709500974%
2024-02-02 23:24:51,357 - INFO - Epoch [282/500], Loss: 1.555963377197904, Accuracy: 63.472781110014424%
2024-02-02 23:24:52,094 - INFO - Epoch [283/500], Loss: 1.555210941501202, Accuracy: 63.49302761116594%
2024-02-02 23:24:52,866 - INFO - Epoch [284/500], Loss: 1.5544618634927658, Accuracy: 63.51580492496141%
2024-02-02 23:24:53,654 - INFO - Epoch [285/500], Loss: 1.5537161262285324, Accuracy: 63.52592817553717%
2024-02-02 23:24:54,390 - INFO - Epoch [286/500], Loss: 1.552973574568187, Accuracy: 63.546174676688686%
2024-02-02 23:24:55,225 - INFO - Epoch [287/500], Loss: 1.5522342759274668, Accuracy: 63.551236301976566%
2024-02-02 23:24:56,132 - INFO - Epoch [288/500], Loss: 1.5514984919178871, Accuracy: 63.568951990484145%
2024-02-02 23:24:56,873 - INFO - Epoch [289/500], Loss: 1.5507656299779493, Accuracy: 63.579075241059904%
2024-02-02 23:24:57,601 - INFO - Epoch [290/500], Loss: 1.550273476829452, Accuracy: 63.576544428415964%
2024-02-02 23:24:58,344 - INFO - Epoch [291/500], Loss: 1.5493356257436737, Accuracy: 63.586667678991724%
2024-02-02 23:24:58,355 - INFO - Test Accuracy: 42.874845105328376%, Balanced Test Accuracy: 43.66073958129585%
2024-02-02 23:24:59,100 - INFO - Epoch [292/500], Loss: 1.5485875725505813, Accuracy: 63.60185255485536%
2024-02-02 23:24:59,913 - INFO - Epoch [293/500], Loss: 1.5478649073310438, Accuracy: 63.61197580543112%
2024-02-02 23:25:00,668 - INFO - Epoch [294/500], Loss: 1.5471474280761135, Accuracy: 63.62209905600688%
2024-02-02 23:25:01,382 - INFO - Epoch [295/500], Loss: 1.5464331796092372, Accuracy: 63.63222230658264%
2024-02-02 23:25:02,108 - INFO - Epoch [296/500], Loss: 1.5457220152020454, Accuracy: 63.63981474451446%
2024-02-02 23:25:02,862 - INFO - Epoch [297/500], Loss: 1.545013843044158, Accuracy: 63.662592058309926%
2024-02-02 23:25:03,588 - INFO - Epoch [298/500], Loss: 1.5443086954614809, Accuracy: 63.685369372105384%
2024-02-02 23:25:04,370 - INFO - Epoch [299/500], Loss: 1.5436064996305974, Accuracy: 63.698023435325084%
2024-02-02 23:25:05,148 - INFO - Epoch [300/500], Loss: 1.5429072517060465, Accuracy: 63.71573912383266%
2024-02-02 23:25:06,059 - INFO - Epoch [301/500], Loss: 1.5422109147954373, Accuracy: 63.7309239996963%
2024-02-02 23:25:06,069 - INFO - Test Accuracy: 42.998760842627014%, Balanced Test Accuracy: 43.77978720034346%
2024-02-02 23:25:06,891 - INFO - Epoch [302/500], Loss: 1.5415174949073023, Accuracy: 63.74104725027206%
2024-02-02 23:25:07,672 - INFO - Epoch [303/500], Loss: 1.5408269690890466, Accuracy: 63.75117050084782%
2024-02-02 23:25:08,453 - INFO - Epoch [304/500], Loss: 1.5401393215983146, Accuracy: 63.76129375142358%
2024-02-02 23:25:09,215 - INFO - Epoch [305/500], Loss: 1.539454517225104, Accuracy: 63.77900943993116%
2024-02-02 23:25:09,984 - INFO - Epoch [306/500], Loss: 1.5387724925193094, Accuracy: 63.799255941082684%
2024-02-02 23:25:10,721 - INFO - Epoch [307/500], Loss: 1.5380934080289257, Accuracy: 63.82456406752208%
2024-02-02 23:25:11,448 - INFO - Epoch [308/500], Loss: 1.5375850361681753, Accuracy: 63.83468731809784%
2024-02-02 23:25:12,187 - INFO - Epoch [309/500], Loss: 1.5368588010389959, Accuracy: 63.86252625718118%
2024-02-02 23:25:12,933 - INFO - Epoch [310/500], Loss: 1.5360818830949645, Accuracy: 63.88530357097664%
2024-02-02 23:25:13,789 - INFO - Epoch [311/500], Loss: 1.5354070693494812, Accuracy: 63.89289600890846%
2024-02-02 23:25:13,799 - INFO - Test Accuracy: 42.998760842627014%, Balanced Test Accuracy: 43.77978720034346%
2024-02-02 23:25:14,655 - INFO - Epoch [312/500], Loss: 1.5347410287828214, Accuracy: 63.90301925948422%
2024-02-02 23:25:15,376 - INFO - Epoch [313/500], Loss: 1.5340779007923218, Accuracy: 63.91820413534786%
2024-02-02 23:25:16,077 - INFO - Epoch [314/500], Loss: 1.533417510770021, Accuracy: 63.93591982385544%
2024-02-02 23:25:16,770 - INFO - Epoch [315/500], Loss: 1.532759862801721, Accuracy: 63.9586971376509%
2024-02-02 23:25:17,499 - INFO - Epoch [316/500], Loss: 1.53210490881916, Accuracy: 63.96882038822666%
2024-02-02 23:25:18,235 - INFO - Epoch [317/500], Loss: 1.5314526133719952, Accuracy: 63.99919013995394%
2024-02-02 23:25:18,953 - INFO - Epoch [318/500], Loss: 1.5308029036368094, Accuracy: 64.0219674537494%
2024-02-02 23:25:19,672 - INFO - Epoch [319/500], Loss: 1.5301558000426139, Accuracy: 64.03715232961304%
2024-02-02 23:25:20,409 - INFO - Epoch [320/500], Loss: 1.5295112517572218, Accuracy: 64.05739883076455%
2024-02-02 23:25:21,247 - INFO - Epoch [321/500], Loss: 1.5288692627462648, Accuracy: 64.0852377698479%
2024-02-02 23:25:21,258 - INFO - Test Accuracy: 43.12267657992565%, Balanced Test Accuracy: 43.90799232854859%
2024-02-02 23:25:22,008 - INFO - Epoch [322/500], Loss: 1.5282298172673872, Accuracy: 64.10295345835547%
2024-02-02 23:25:22,759 - INFO - Epoch [323/500], Loss: 1.527592937191648, Accuracy: 64.10548427099941%
2024-02-02 23:25:23,579 - INFO - Epoch [324/500], Loss: 1.5269588552896054, Accuracy: 64.11813833421911%
2024-02-02 23:25:24,440 - INFO - Epoch [325/500], Loss: 1.5265222112497976, Accuracy: 64.13332321008276%
2024-02-02 23:25:25,232 - INFO - Epoch [326/500], Loss: 1.525731174816047, Accuracy: 64.16622377445398%
2024-02-02 23:25:25,933 - INFO - Epoch [327/500], Loss: 1.525072360711713, Accuracy: 64.17887783767368%
2024-02-02 23:25:26,669 - INFO - Epoch [328/500], Loss: 1.5244477359998612, Accuracy: 64.18900108824944%
2024-02-02 23:25:27,443 - INFO - Epoch [329/500], Loss: 1.5238257478321753, Accuracy: 64.19659352618126%
2024-02-02 23:25:28,283 - INFO - Epoch [330/500], Loss: 1.523205824797192, Accuracy: 64.21684002733278%
2024-02-02 23:25:29,054 - INFO - Epoch [331/500], Loss: 1.52258826948462, Accuracy: 64.22949409055248%
2024-02-02 23:25:29,065 - INFO - Test Accuracy: 42.998760842627014%, Balanced Test Accuracy: 43.82465899521525%
2024-02-02 23:25:29,805 - INFO - Epoch [332/500], Loss: 1.5219731037655184, Accuracy: 64.23961734112824%
2024-02-02 23:25:30,538 - INFO - Epoch [333/500], Loss: 1.5213602806531614, Accuracy: 64.25227140434794%
2024-02-02 23:25:31,286 - INFO - Epoch [334/500], Loss: 1.5207497765941005, Accuracy: 64.26745628021158%
2024-02-02 23:25:32,011 - INFO - Epoch [335/500], Loss: 1.5201415686357407, Accuracy: 64.2750487181434%
2024-02-02 23:25:32,800 - INFO - Epoch [336/500], Loss: 1.519535724554331, Accuracy: 64.27757953078734%
2024-02-02 23:25:33,569 - INFO - Epoch [337/500], Loss: 1.5189321537411982, Accuracy: 64.29023359400703%
2024-02-02 23:25:34,383 - INFO - Epoch [338/500], Loss: 1.5183309542555963, Accuracy: 64.30541846987067%
2024-02-02 23:25:35,174 - INFO - Epoch [339/500], Loss: 1.5177320642096381, Accuracy: 64.31807253309037%
2024-02-02 23:25:35,906 - INFO - Epoch [340/500], Loss: 1.5171354552430492, Accuracy: 64.33578822159795%
2024-02-02 23:25:36,655 - INFO - Epoch [341/500], Loss: 1.516541050566781, Accuracy: 64.34844228481765%
2024-02-02 23:25:36,665 - INFO - Test Accuracy: 42.75092936802974%, Balanced Test Accuracy: 43.59317751373378%
2024-02-02 23:25:37,407 - INFO - Epoch [342/500], Loss: 1.5159489850123082, Accuracy: 64.37628122390099%
2024-02-02 23:25:38,144 - INFO - Epoch [343/500], Loss: 1.5153591570354277, Accuracy: 64.39905853769645%
2024-02-02 23:25:38,898 - INFO - Epoch [344/500], Loss: 1.514771961156399, Accuracy: 64.40158935034039%
2024-02-02 23:25:39,654 - INFO - Epoch [345/500], Loss: 1.5141849132074463, Accuracy: 64.40918178827222%
2024-02-02 23:25:40,406 - INFO - Epoch [346/500], Loss: 1.5136018084181893, Accuracy: 64.43195910206768%
2024-02-02 23:25:41,166 - INFO - Epoch [347/500], Loss: 1.5133187530502197, Accuracy: 64.44208235264344%
2024-02-02 23:25:41,899 - INFO - Epoch [348/500], Loss: 1.5124468260234403, Accuracy: 64.46992129172678%
2024-02-02 23:25:42,651 - INFO - Epoch [349/500], Loss: 1.5118675158629495, Accuracy: 64.4901677928783%
2024-02-02 23:25:43,402 - INFO - Epoch [350/500], Loss: 1.5112915900686095, Accuracy: 64.49776023081012%
2024-02-02 23:25:44,215 - INFO - Epoch [351/500], Loss: 1.5107181737980535, Accuracy: 64.51294510667375%
2024-02-02 23:25:44,226 - INFO - Test Accuracy: 42.627013630731106%, Balanced Test Accuracy: 43.47412989468616%
2024-02-02 23:25:44,992 - INFO - Epoch [352/500], Loss: 1.5101469614573064, Accuracy: 64.53066079518133%
2024-02-02 23:25:45,769 - INFO - Epoch [353/500], Loss: 1.5095779136303933, Accuracy: 64.53825323311315%
2024-02-02 23:25:46,503 - INFO - Epoch [354/500], Loss: 1.5090109894592916, Accuracy: 64.54837648368891%
2024-02-02 23:25:47,250 - INFO - Epoch [355/500], Loss: 1.508446139313521, Accuracy: 64.55849973426467%
2024-02-02 23:25:47,984 - INFO - Epoch [356/500], Loss: 1.5078833689612727, Accuracy: 64.57621542277225%
2024-02-02 23:25:48,722 - INFO - Epoch [357/500], Loss: 1.5073226827286905, Accuracy: 64.58886948599195%
2024-02-02 23:25:49,480 - INFO - Epoch [358/500], Loss: 1.506763985680957, Accuracy: 64.59393111127983%
2024-02-02 23:25:50,256 - INFO - Epoch [359/500], Loss: 1.5062073828472244, Accuracy: 64.60152354921165%
2024-02-02 23:25:50,976 - INFO - Epoch [360/500], Loss: 1.505652764271344, Accuracy: 64.61164679978741%
2024-02-02 23:25:51,754 - INFO - Epoch [361/500], Loss: 1.5051001792232837, Accuracy: 64.62683167565105%
2024-02-02 23:25:51,766 - INFO - Test Accuracy: 42.627013630731106%, Balanced Test Accuracy: 43.463446134002396%
2024-02-02 23:25:52,552 - INFO - Epoch [362/500], Loss: 1.5045496405613037, Accuracy: 64.64201655151469%
2024-02-02 23:25:53,267 - INFO - Epoch [363/500], Loss: 1.5040010573162186, Accuracy: 64.6622630526662%
2024-02-02 23:25:54,008 - INFO - Epoch [364/500], Loss: 1.5034543047508886, Accuracy: 64.68504036646168%
2024-02-02 23:25:54,733 - INFO - Epoch [365/500], Loss: 1.5029096689916426, Accuracy: 64.7052868676132%
2024-02-02 23:25:55,437 - INFO - Epoch [366/500], Loss: 1.5024369315754982, Accuracy: 64.71541011818896%
2024-02-02 23:25:56,249 - INFO - Epoch [367/500], Loss: 1.5022562773477646, Accuracy: 64.71034849290108%
2024-02-02 23:25:56,960 - INFO - Epoch [368/500], Loss: 1.5012928848305056, Accuracy: 64.7432490572723%
2024-02-02 23:25:57,688 - INFO - Epoch [369/500], Loss: 1.5007522306855647, Accuracy: 64.76349555842381%
2024-02-02 23:25:58,391 - INFO - Epoch [370/500], Loss: 1.5002163171527847, Accuracy: 64.77108799635563%
2024-02-02 23:25:59,076 - INFO - Epoch [371/500], Loss: 1.4996824588987134, Accuracy: 64.78374205957533%
2024-02-02 23:25:59,086 - INFO - Test Accuracy: 42.75092936802974%, Balanced Test Accuracy: 43.582493753050024%
2024-02-02 23:25:59,763 - INFO - Epoch [372/500], Loss: 1.4991503111537425, Accuracy: 64.78880368486321%
2024-02-02 23:26:00,479 - INFO - Epoch [373/500], Loss: 1.4986199475824833, Accuracy: 64.80398856072685%
2024-02-02 23:26:01,173 - INFO - Epoch [374/500], Loss: 1.49809139834777, Accuracy: 64.81917343659049%
2024-02-02 23:26:01,928 - INFO - Epoch [375/500], Loss: 1.497564673423767, Accuracy: 64.82676587452231%
2024-02-02 23:26:02,656 - INFO - Epoch [376/500], Loss: 1.4970398541660077, Accuracy: 64.83435831245413%
2024-02-02 23:26:03,378 - INFO - Epoch [377/500], Loss: 1.49651690896961, Accuracy: 64.83688912509807%
2024-02-02 23:26:04,118 - INFO - Epoch [378/500], Loss: 1.495995835911843, Accuracy: 64.84701237567383%
2024-02-02 23:26:04,858 - INFO - Epoch [379/500], Loss: 1.495476630906905, Accuracy: 64.8647280641814%
2024-02-02 23:26:05,557 - INFO - Epoch [380/500], Loss: 1.4949592524959194, Accuracy: 64.87991294004505%
2024-02-02 23:26:06,287 - INFO - Epoch [381/500], Loss: 1.4944436457608976, Accuracy: 64.88244375268899%
2024-02-02 23:26:06,299 - INFO - Test Accuracy: 42.75092936802974%, Balanced Test Accuracy: 43.582493753050024%
2024-02-02 23:26:07,039 - INFO - Epoch [382/500], Loss: 1.49392981082201, Accuracy: 64.89256700326474%
2024-02-02 23:26:07,737 - INFO - Epoch [383/500], Loss: 1.4934177630611005, Accuracy: 64.90015944119656%
2024-02-02 23:26:08,497 - INFO - Epoch [384/500], Loss: 1.492907463422706, Accuracy: 64.9026902538405%
2024-02-02 23:26:09,214 - INFO - Epoch [385/500], Loss: 1.4923988490575744, Accuracy: 64.91787512970414%
2024-02-02 23:26:09,932 - INFO - Epoch [386/500], Loss: 1.491891848824678, Accuracy: 64.9279983802799%
2024-02-02 23:26:10,674 - INFO - Epoch [387/500], Loss: 1.491845368377624, Accuracy: 64.93306000556778%
2024-02-02 23:26:11,440 - INFO - Epoch [388/500], Loss: 1.4909116806041809, Accuracy: 64.96596056993901%
2024-02-02 23:26:12,210 - INFO - Epoch [389/500], Loss: 1.490385573237173, Accuracy: 64.97355300787083%
2024-02-02 23:26:12,944 - INFO - Epoch [390/500], Loss: 1.489883019919357, Accuracy: 64.98114544580265%
2024-02-02 23:26:13,687 - INFO - Epoch [391/500], Loss: 1.4893835070392778, Accuracy: 64.99886113431023%
2024-02-02 23:26:13,697 - INFO - Test Accuracy: 42.37918215613383%, Balanced Test Accuracy: 43.29294315020018%
2024-02-02 23:26:14,403 - INFO - Epoch [392/500], Loss: 1.488885821233834, Accuracy: 65.00392275959811%
2024-02-02 23:26:15,218 - INFO - Epoch [393/500], Loss: 1.4883899899019348, Accuracy: 65.01910763546175%
2024-02-02 23:26:15,951 - INFO - Epoch [394/500], Loss: 1.487895930005658, Accuracy: 65.04188494925721%
2024-02-02 23:26:16,703 - INFO - Epoch [395/500], Loss: 1.4874035537002548, Accuracy: 65.04694657454509%
2024-02-02 23:26:17,587 - INFO - Epoch [396/500], Loss: 1.4869128124367805, Accuracy: 65.05706982512085%
2024-02-02 23:26:18,379 - INFO - Epoch [397/500], Loss: 1.486423698043631, Accuracy: 65.06972388834055%
2024-02-02 23:26:19,227 - INFO - Epoch [398/500], Loss: 1.485936210160294, Accuracy: 65.07225470098449%
2024-02-02 23:26:19,958 - INFO - Epoch [399/500], Loss: 1.4854503114136957, Accuracy: 65.08237795156025%
2024-02-02 23:26:20,753 - INFO - Epoch [400/500], Loss: 1.484966041700494, Accuracy: 65.09756282742389%
2024-02-02 23:26:21,519 - INFO - Epoch [401/500], Loss: 1.4844833327637565, Accuracy: 65.12034014121934%
2024-02-02 23:26:21,530 - INFO - Test Accuracy: 42.13135068153655%, Balanced Test Accuracy: 43.025849133106156%
2024-02-02 23:26:22,310 - INFO - Epoch [402/500], Loss: 1.4840022013072045, Accuracy: 65.12287095386328%
2024-02-02 23:26:23,110 - INFO - Epoch [403/500], Loss: 1.4835226044299141, Accuracy: 65.1304633917951%
2024-02-02 23:26:23,874 - INFO - Epoch [404/500], Loss: 1.4830446085862574, Accuracy: 65.14564826765874%
2024-02-02 23:26:24,724 - INFO - Epoch [405/500], Loss: 1.4825681327812132, Accuracy: 65.15070989294662%
2024-02-02 23:26:25,445 - INFO - Epoch [406/500], Loss: 1.4820932024909603, Accuracy: 65.17348720674208%
2024-02-02 23:26:26,172 - INFO - Epoch [407/500], Loss: 1.481619808943041, Accuracy: 65.18867208260572%
2024-02-02 23:26:26,885 - INFO - Epoch [408/500], Loss: 1.4813555227893014, Accuracy: 65.1937337078936%
2024-02-02 23:26:27,584 - INFO - Epoch [409/500], Loss: 1.480691382120694, Accuracy: 65.20891858375724%
2024-02-02 23:26:28,286 - INFO - Epoch [410/500], Loss: 1.480212303779779, Accuracy: 65.22663427226482%
2024-02-02 23:26:28,978 - INFO - Epoch [411/500], Loss: 1.4797427745596055, Accuracy: 65.23422671019664%
2024-02-02 23:26:28,988 - INFO - Test Accuracy: 42.25526641883519%, Balanced Test Accuracy: 43.144896752153784%
2024-02-02 23:26:29,684 - INFO - Epoch [412/500], Loss: 1.479276156954227, Accuracy: 65.24688077341635%
2024-02-02 23:26:30,420 - INFO - Epoch [413/500], Loss: 1.4788111274040514, Accuracy: 65.25447321134817%
2024-02-02 23:26:31,119 - INFO - Epoch [414/500], Loss: 1.4783476515402716, Accuracy: 65.26712727456787%
2024-02-02 23:26:31,860 - INFO - Epoch [415/500], Loss: 1.477885727199816, Accuracy: 65.27725052514363%
2024-02-02 23:26:32,581 - INFO - Epoch [416/500], Loss: 1.4774252796365368, Accuracy: 65.28484296307545%
2024-02-02 23:26:33,274 - INFO - Epoch [417/500], Loss: 1.4769663283180805, Accuracy: 65.29749702629515%
2024-02-02 23:26:33,987 - INFO - Epoch [418/500], Loss: 1.476508812317925, Accuracy: 65.32280515273455%
2024-02-02 23:26:34,731 - INFO - Epoch [419/500], Loss: 1.476052718537469, Accuracy: 65.33039759066637%
2024-02-02 23:26:35,527 - INFO - Epoch [420/500], Loss: 1.4755981032165788, Accuracy: 65.34052084124212%
2024-02-02 23:26:36,243 - INFO - Epoch [421/500], Loss: 1.4751448817551136, Accuracy: 65.35570571710576%
2024-02-02 23:26:36,253 - INFO - Test Accuracy: 42.37918215613383%, Balanced Test Accuracy: 43.263944371201404%
2024-02-02 23:26:36,961 - INFO - Epoch [422/500], Loss: 1.4746930704962822, Accuracy: 65.36329815503758%
2024-02-02 23:26:37,666 - INFO - Epoch [423/500], Loss: 1.474242681577321, Accuracy: 65.3708905929694%
2024-02-02 23:26:38,381 - INFO - Epoch [424/500], Loss: 1.473793655393585, Accuracy: 65.37342140561334%
2024-02-02 23:26:39,106 - INFO - Epoch [425/500], Loss: 1.4733460608028597, Accuracy: 65.3708905929694%
2024-02-02 23:26:39,825 - INFO - Epoch [426/500], Loss: 1.4728998491360294, Accuracy: 65.37848303090122%
2024-02-02 23:26:40,569 - INFO - Epoch [427/500], Loss: 1.4724550115004662, Accuracy: 65.3835446561891%
2024-02-02 23:26:41,283 - INFO - Epoch [428/500], Loss: 1.4720115867112913, Accuracy: 65.40126034469668%
2024-02-02 23:26:42,031 - INFO - Epoch [429/500], Loss: 1.4715698544056184, Accuracy: 65.41138359527244%
2024-02-02 23:26:42,753 - INFO - Epoch [430/500], Loss: 1.4714003724436606, Accuracy: 65.4215068458482%
2024-02-02 23:26:43,491 - INFO - Epoch [431/500], Loss: 1.4706939710003715, Accuracy: 65.43922253435578%
2024-02-02 23:26:43,501 - INFO - Test Accuracy: 42.25526641883519%, Balanced Test Accuracy: 43.135739242996266%
2024-02-02 23:26:44,209 - INFO - Epoch [432/500], Loss: 1.4702532343085735, Accuracy: 65.44428415964366%
2024-02-02 23:26:44,929 - INFO - Epoch [433/500], Loss: 1.4698157807992351, Accuracy: 65.45440741021942%
2024-02-02 23:26:45,630 - INFO - Epoch [434/500], Loss: 1.4693796664716736, Accuracy: 65.44934578493154%
2024-02-02 23:26:46,367 - INFO - Epoch [435/500], Loss: 1.468944862845444, Accuracy: 65.4594690355073%
2024-02-02 23:26:47,126 - INFO - Epoch [436/500], Loss: 1.4685115858672126, Accuracy: 65.46959228608306%
2024-02-02 23:26:47,941 - INFO - Epoch [437/500], Loss: 1.468079662130725, Accuracy: 65.47718472401488%
2024-02-02 23:26:48,715 - INFO - Epoch [438/500], Loss: 1.4676490701254337, Accuracy: 65.49236959987851%
2024-02-02 23:26:49,447 - INFO - Epoch [439/500], Loss: 1.4672197823322588, Accuracy: 65.4974312251664%
2024-02-02 23:26:50,214 - INFO - Epoch [440/500], Loss: 1.4667918373259805, Accuracy: 65.50249285045427%
2024-02-02 23:26:50,974 - INFO - Epoch [441/500], Loss: 1.466365200617621, Accuracy: 65.52273935160581%
2024-02-02 23:26:50,985 - INFO - Test Accuracy: 42.37918215613383%, Balanced Test Accuracy: 43.263944371201404%
2024-02-02 23:26:51,726 - INFO - Epoch [442/500], Loss: 1.4659398406022979, Accuracy: 65.53033178953763%
2024-02-02 23:26:52,490 - INFO - Epoch [443/500], Loss: 1.4655157334862217, Accuracy: 65.54298585275733%
2024-02-02 23:26:53,231 - INFO - Epoch [444/500], Loss: 1.4650929012606222, Accuracy: 65.55817072862096%
2024-02-02 23:26:53,965 - INFO - Epoch [445/500], Loss: 1.464671325539389, Accuracy: 65.56576316655278%
2024-02-02 23:26:54,677 - INFO - Epoch [446/500], Loss: 1.464251013412591, Accuracy: 65.57841722977248%
2024-02-02 23:26:55,410 - INFO - Epoch [447/500], Loss: 1.463831962116303, Accuracy: 65.58347885506036%
2024-02-02 23:26:56,154 - INFO - Epoch [448/500], Loss: 1.4635501566433138, Accuracy: 65.5860096677043%
2024-02-02 23:26:56,891 - INFO - Epoch [449/500], Loss: 1.463034970024901, Accuracy: 65.598663730924%
2024-02-02 23:26:57,632 - INFO - Epoch [450/500], Loss: 1.4625836625214546, Accuracy: 65.60372535621188%
2024-02-02 23:26:58,365 - INFO - Epoch [451/500], Loss: 1.4621697068214417, Accuracy: 65.63156429529522%
2024-02-02 23:26:58,375 - INFO - Test Accuracy: 42.13135068153655%, Balanced Test Accuracy: 42.95971156696859%
2024-02-02 23:26:59,137 - INFO - Epoch [452/500], Loss: 1.4617564982223896, Accuracy: 65.63915673322704%
2024-02-02 23:26:59,920 - INFO - Epoch [453/500], Loss: 1.4613436717660195, Accuracy: 65.65181079644674%
2024-02-02 23:27:00,666 - INFO - Epoch [454/500], Loss: 1.4609328021685923, Accuracy: 65.65940323437856%
2024-02-02 23:27:01,412 - INFO - Epoch [455/500], Loss: 1.4605230842867205, Accuracy: 65.6619340470225%
2024-02-02 23:27:02,242 - INFO - Epoch [456/500], Loss: 1.460114717002838, Accuracy: 65.6619340470225%
2024-02-02 23:27:03,041 - INFO - Epoch [457/500], Loss: 1.4597075082842381, Accuracy: 65.67964973553008%
2024-02-02 23:27:03,863 - INFO - Epoch [458/500], Loss: 1.4593014433499305, Accuracy: 65.68471136081796%
2024-02-02 23:27:04,677 - INFO - Epoch [459/500], Loss: 1.4588965051356824, Accuracy: 65.6998962366816%
2024-02-02 23:27:05,514 - INFO - Epoch [460/500], Loss: 1.4584927552890392, Accuracy: 65.71001948725736%
2024-02-02 23:27:06,330 - INFO - Epoch [461/500], Loss: 1.458090139012183, Accuracy: 65.71761192518917%
2024-02-02 23:27:06,342 - INFO - Test Accuracy: 42.25526641883519%, Balanced Test Accuracy: 43.078759186016214%
2024-02-02 23:27:07,227 - INFO - Epoch [462/500], Loss: 1.457688684184705, Accuracy: 65.72267355047705%
2024-02-02 23:27:08,104 - INFO - Epoch [463/500], Loss: 1.4572884033043538, Accuracy: 65.73026598840887%
2024-02-02 23:27:08,965 - INFO - Epoch [464/500], Loss: 1.4568892850750876, Accuracy: 65.73532761369675%
2024-02-02 23:27:09,821 - INFO - Epoch [465/500], Loss: 1.4564912982525364, Accuracy: 65.75304330220433%
2024-02-02 23:27:10,667 - INFO - Epoch [466/500], Loss: 1.4560944722785103, Accuracy: 65.76822817806797%
2024-02-02 23:27:11,486 - INFO - Epoch [467/500], Loss: 1.4556988072731802, Accuracy: 65.77835142864373%
2024-02-02 23:27:12,307 - INFO - Epoch [468/500], Loss: 1.4553042274088628, Accuracy: 65.80365955508314%
2024-02-02 23:27:13,190 - INFO - Epoch [469/500], Loss: 1.454910790247302, Accuracy: 65.8137828056589%
2024-02-02 23:27:13,899 - INFO - Epoch [470/500], Loss: 1.4551660593959592, Accuracy: 65.80365955508314%
2024-02-02 23:27:14,593 - INFO - Epoch [471/500], Loss: 1.4541450899935537, Accuracy: 65.82390605623466%
2024-02-02 23:27:14,603 - INFO - Test Accuracy: 42.37918215613383%, Balanced Test Accuracy: 43.177677980587184%
2024-02-02 23:27:15,347 - INFO - Epoch [472/500], Loss: 1.4537394075624404, Accuracy: 65.83402930681042%
2024-02-02 23:27:16,202 - INFO - Epoch [473/500], Loss: 1.4533496401723354, Accuracy: 65.85680662060588%
2024-02-02 23:27:16,935 - INFO - Epoch [474/500], Loss: 1.4529610415620189, Accuracy: 65.85427580796194%
2024-02-02 23:27:17,752 - INFO - Epoch [475/500], Loss: 1.4525736614821418, Accuracy: 65.8643990585377%
2024-02-02 23:27:18,522 - INFO - Epoch [476/500], Loss: 1.452187432877479, Accuracy: 65.88717637233316%
2024-02-02 23:27:19,254 - INFO - Epoch [477/500], Loss: 1.4518023084007925, Accuracy: 65.90742287348468%
2024-02-02 23:27:20,038 - INFO - Epoch [478/500], Loss: 1.4514182743526274, Accuracy: 65.91248449877256%
2024-02-02 23:27:20,799 - INFO - Epoch [479/500], Loss: 1.4510353476770463, Accuracy: 65.91754612406044%
2024-02-02 23:27:21,564 - INFO - Epoch [480/500], Loss: 1.4506535009751398, Accuracy: 65.93020018728014%
2024-02-02 23:27:22,445 - INFO - Epoch [481/500], Loss: 1.4502727099724355, Accuracy: 65.9403234378559%
2024-02-02 23:27:22,456 - INFO - Test Accuracy: 42.25526641883519%, Balanced Test Accuracy: 43.06656686947607%
2024-02-02 23:27:23,269 - INFO - Epoch [482/500], Loss: 1.4498929512356558, Accuracy: 65.96310075165135%
2024-02-02 23:27:24,087 - INFO - Epoch [483/500], Loss: 1.4495142867728588, Accuracy: 65.96056993900741%
2024-02-02 23:27:24,881 - INFO - Epoch [484/500], Loss: 1.4491367016828829, Accuracy: 65.96816237693923%
2024-02-02 23:27:25,740 - INFO - Epoch [485/500], Loss: 1.4487601402065446, Accuracy: 65.96816237693923%
2024-02-02 23:27:26,507 - INFO - Epoch [486/500], Loss: 1.4483845688162311, Accuracy: 65.97828562751499%
2024-02-02 23:27:27,297 - INFO - Epoch [487/500], Loss: 1.448010079202152, Accuracy: 65.99347050337863%
2024-02-02 23:27:28,081 - INFO - Epoch [488/500], Loss: 1.4476365634510595, Accuracy: 66.00359375395439%
2024-02-02 23:27:28,816 - INFO - Epoch [489/500], Loss: 1.4472641011159266, Accuracy: 66.01371700453015%
2024-02-02 23:27:29,573 - INFO - Epoch [490/500], Loss: 1.4468926682827934, Accuracy: 66.02130944246197%
2024-02-02 23:27:30,323 - INFO - Epoch [491/500], Loss: 1.4465222913892037, Accuracy: 66.02130944246197%
2024-02-02 23:27:30,334 - INFO - Test Accuracy: 42.25526641883519%, Balanced Test Accuracy: 43.06656686947607%
2024-02-02 23:27:31,196 - INFO - Epoch [492/500], Loss: 1.446152916839046, Accuracy: 66.02384025510591%
2024-02-02 23:27:32,017 - INFO - Epoch [493/500], Loss: 1.4457845220402363, Accuracy: 66.03143269303773%
2024-02-02 23:27:32,790 - INFO - Epoch [494/500], Loss: 1.445416937912664, Accuracy: 66.03649431832561%
2024-02-02 23:27:33,630 - INFO - Epoch [495/500], Loss: 1.4450531966022906, Accuracy: 66.05674081947713%
2024-02-02 23:27:34,358 - INFO - Epoch [496/500], Loss: 1.4452931701896652, Accuracy: 66.05167919418925%
2024-02-02 23:27:35,240 - INFO - Epoch [497/500], Loss: 1.444637124336535, Accuracy: 66.0668640700529%
2024-02-02 23:27:36,001 - INFO - Epoch [498/500], Loss: 1.4448875692342558, Accuracy: 66.06180244476501%
2024-02-02 23:27:36,835 - INFO - Epoch [499/500], Loss: 1.4438457257084307, Accuracy: 66.08457975856048%
2024-02-02 23:27:37,685 - INFO - Epoch [500/500], Loss: 1.4432751376542352, Accuracy: 66.0921721964923%
2024-02-02 23:27:37,935 - INFO - Test Accuracy: 43.97342995169082%, Balanced Test Accuracy: 43.97342995169082%
2024-02-02 23:27:38,200 - INFO - Final unblanced test accuracy: 43.97342995169082% and final balanced test accuracy 43.97342995169082
