2024-02-21 20:20:26,461 - INFO - Configuration:
{
    "task": "5",
    "topic": "classifier",
    "train_classifier": true,
    "number_gpus": "1",
    "modalities": [
        "depth"
    ],
    "encoder_model": "MAE",
    "mask_ratio": 0.8,
    "dataset": "NTU",
    "split": "CS",
    "num_classes": 60,
    "epochs": 500,
    "res_cktp": false,
    "cktp_dir": "/home/bas06400/Thesis/VIP/src/align_checkpoints/mae_checkpoints/",
    "trained_encoder": "checkpoint_depth_CS_20240203_000303.pth",
    "learning_rate": 0.001,
    "temperature": 0.1,
    "num_workers": 10,
    "batch_size": 64,
    "data_root": "/net/polaris/storage/deeplearning/ntu",
    "random_sample": false,
    "pin_memory": true,
    "scheduler_config": {
        "type": "plateau",
        "params": {
            "mode": "min",
            "factor": 0.1,
            "patience": 5
        }
    }
}
2024-02-21 20:20:26,543 - INFO - Training MAE for depth...
2024-02-21 20:20:27,189 - INFO - Evaluing on the following GPUs [0]
2024-02-21 20:20:34,019 - INFO - Checkpoint checkpoint_depth_CS_20240203_000303.pth loaded succesfully
2024-02-21 20:20:34,100 - INFO - Starting feature extraction...
2024-02-21 21:10:41,720 - INFO - Epoch [1/500], Loss: 2.5330857052918403, Accuracy: 48.272720370510974%
2024-02-21 21:10:41,739 - INFO - Test Accuracy: 56.87732342007435%, Balanced Test Accuracy: 57.54855780527136%
2024-02-21 21:10:42,542 - INFO - Epoch [2/500], Loss: 1.6467601218290868, Accuracy: 62.05805684205198%
2024-02-21 21:10:43,379 - INFO - Epoch [3/500], Loss: 1.4423737185856988, Accuracy: 65.91754612406044%
2024-02-21 21:10:44,329 - INFO - Epoch [4/500], Loss: 1.3293466678550165, Accuracy: 68.15478450130337%
2024-02-21 21:10:45,229 - INFO - Epoch [5/500], Loss: 1.2533819415876943, Accuracy: 69.68592615088706%
2024-02-21 21:10:46,159 - INFO - Epoch [6/500], Loss: 1.1970042705295547, Accuracy: 70.90577784526612%
2024-02-21 21:10:47,154 - INFO - Epoch [7/500], Loss: 1.1525401253133052, Accuracy: 71.85989421203148%
2024-02-21 21:10:48,055 - INFO - Epoch [8/500], Loss: 1.116013577207923, Accuracy: 72.62166881785741%
2024-02-21 21:10:49,044 - INFO - Epoch [9/500], Loss: 1.0851254544911846, Accuracy: 73.26196441677422%
2024-02-21 21:10:49,919 - INFO - Epoch [10/500], Loss: 1.0584324323722432, Accuracy: 73.84658213752436%
2024-02-21 21:10:50,797 - INFO - Epoch [11/500], Loss: 1.0349756807329193, Accuracy: 74.46156961000177%
2024-02-21 21:10:50,808 - INFO - Test Accuracy: 71.1276332094176%, Balanced Test Accuracy: 71.59170616491586%
2024-02-21 21:10:51,688 - INFO - Epoch [12/500], Loss: 1.014086375794103, Accuracy: 74.93483157441855%
2024-02-21 21:10:52,554 - INFO - Epoch [13/500], Loss: 0.9952787537007562, Accuracy: 75.3498848480247%
2024-02-21 21:10:53,326 - INFO - Epoch [14/500], Loss: 0.9781900661727113, Accuracy: 75.77506137220662%
2024-02-21 21:10:54,252 - INFO - Epoch [15/500], Loss: 0.9625426986284794, Accuracy: 76.14709083086579%
2024-02-21 21:10:55,219 - INFO - Epoch [16/500], Loss: 0.948119476317398, Accuracy: 76.42548022169919%
2024-02-21 21:10:56,132 - INFO - Epoch [17/500], Loss: 0.9347484642940183, Accuracy: 76.72664692632804%
2024-02-21 21:10:56,997 - INFO - Epoch [18/500], Loss: 0.9222920326696288, Accuracy: 76.98732062865386%
2024-02-21 21:10:57,912 - INFO - Epoch [19/500], Loss: 0.9106382566594309, Accuracy: 77.2682408321312%
2024-02-21 21:10:58,813 - INFO - Epoch [20/500], Loss: 0.8996947142145326, Accuracy: 77.55675347354035%
2024-02-21 21:10:59,637 - INFO - Epoch [21/500], Loss: 0.8893841911828325, Accuracy: 77.7870574241389%
2024-02-21 21:10:59,650 - INFO - Test Accuracy: 72.4907063197026%, Balanced Test Accuracy: 72.79036303636687%
2024-02-21 21:11:00,458 - INFO - Epoch [22/500], Loss: 0.8796414025127888, Accuracy: 78.0021764988738%
2024-02-21 21:11:01,357 - INFO - Epoch [23/500], Loss: 0.8704099133009872, Accuracy: 78.26031938855567%
2024-02-21 21:11:02,275 - INFO - Epoch [24/500], Loss: 0.8616384270811274, Accuracy: 78.44253789891934%
2024-02-21 21:11:03,172 - INFO - Epoch [25/500], Loss: 0.8532798346732894, Accuracy: 78.65765697365424%
2024-02-21 21:11:04,045 - INFO - Epoch [26/500], Loss: 0.8452958937494024, Accuracy: 78.82975223344216%
2024-02-21 21:11:04,945 - INFO - Epoch [27/500], Loss: 0.8376577527772996, Accuracy: 79.00690911851795%
2024-02-21 21:11:05,860 - INFO - Epoch [28/500], Loss: 0.8303404797108904, Accuracy: 79.18153519094982%
2024-02-21 21:11:06,840 - INFO - Epoch [29/500], Loss: 0.8233210712430938, Accuracy: 79.37387695188926%
2024-02-21 21:11:07,794 - INFO - Epoch [30/500], Loss: 0.8165785625216461, Accuracy: 79.56368790018475%
2024-02-21 21:11:08,699 - INFO - Epoch [31/500], Loss: 0.8100935068702505, Accuracy: 79.68516690709387%
2024-02-21 21:11:08,712 - INFO - Test Accuracy: 72.11895910780669%, Balanced Test Accuracy: 72.41467948788922%
2024-02-21 21:11:09,620 - INFO - Epoch [32/500], Loss: 0.8038478109745248, Accuracy: 79.84460810366208%
2024-02-21 21:11:10,500 - INFO - Epoch [33/500], Loss: 0.797824717277, Accuracy: 79.95343304735151%
2024-02-21 21:11:11,387 - INFO - Epoch [34/500], Loss: 0.7920091248327686, Accuracy: 80.13312074507124%
2024-02-21 21:11:12,214 - INFO - Epoch [35/500], Loss: 0.7863875170869212, Accuracy: 80.28496950370764%
2024-02-21 21:11:13,088 - INFO - Epoch [36/500], Loss: 0.7809478335923725, Accuracy: 80.40391769797282%
2024-02-21 21:11:13,932 - INFO - Epoch [37/500], Loss: 0.7756791806990101, Accuracy: 80.5355199554577%
2024-02-21 21:11:14,798 - INFO - Epoch [38/500], Loss: 0.7705716878295906, Accuracy: 80.67977627616227%
2024-02-21 21:11:15,759 - INFO - Epoch [39/500], Loss: 0.7656163177302768, Accuracy: 80.86199478652595%
2024-02-21 21:11:16,654 - INFO - Epoch [40/500], Loss: 0.7608047481626272, Accuracy: 80.99612785665477%
2024-02-21 21:11:17,560 - INFO - Epoch [41/500], Loss: 0.7561292693980278, Accuracy: 81.15050742793511%
2024-02-21 21:11:17,573 - INFO - Test Accuracy: 71.87112763320941%, Balanced Test Accuracy: 72.07483414804386%
2024-02-21 21:11:18,503 - INFO - Epoch [42/500], Loss: 0.7515827624067184, Accuracy: 81.24920912104876%
2024-02-21 21:11:19,365 - INFO - Epoch [43/500], Loss: 0.7471586507294448, Accuracy: 81.35297243945031%
2024-02-21 21:11:20,234 - INFO - Epoch [44/500], Loss: 0.7428508003152186, Accuracy: 81.4795130716473%
2024-02-21 21:11:21,058 - INFO - Epoch [45/500], Loss: 0.7386535255298499, Accuracy: 81.59846126591249%
2024-02-21 21:11:21,917 - INFO - Epoch [46/500], Loss: 0.7345615713706901, Accuracy: 81.69210133373826%
2024-02-21 21:11:22,746 - INFO - Epoch [47/500], Loss: 0.7305699999654486, Accuracy: 81.79839546478374%
2024-02-21 21:11:23,598 - INFO - Epoch [48/500], Loss: 0.7266742741208403, Accuracy: 81.8844430946777%
2024-02-21 21:11:24,534 - INFO - Epoch [49/500], Loss: 0.7228701662632727, Accuracy: 81.97049072457166%
2024-02-21 21:11:25,448 - INFO - Epoch [50/500], Loss: 0.7191537290270771, Accuracy: 82.06666160504138%
2024-02-21 21:11:26,426 - INFO - Epoch [51/500], Loss: 0.7155213270396474, Accuracy: 82.11980867056411%
2024-02-21 21:11:26,438 - INFO - Test Accuracy: 72.11895910780669%, Balanced Test Accuracy: 72.47910974717242%
2024-02-21 21:11:27,330 - INFO - Epoch [52/500], Loss: 0.711969549677545, Accuracy: 82.22104117632172%
2024-02-21 21:11:28,224 - INFO - Epoch [53/500], Loss: 0.7084952675767483, Accuracy: 82.29949636828385%
2024-02-21 21:11:29,165 - INFO - Epoch [54/500], Loss: 0.7050956125941968, Accuracy: 82.40832131197327%
2024-02-21 21:11:30,040 - INFO - Epoch [55/500], Loss: 0.701768047927368, Accuracy: 82.50702300508694%
2024-02-21 21:11:30,943 - INFO - Epoch [56/500], Loss: 0.6985105751382727, Accuracy: 82.61078632348847%
2024-02-21 21:11:31,787 - INFO - Epoch [57/500], Loss: 0.6953223692253232, Accuracy: 82.69936476602638%
2024-02-21 21:11:32,635 - INFO - Epoch [58/500], Loss: 0.6922064132447685, Accuracy: 82.79806645914003%
2024-02-21 21:11:33,526 - INFO - Epoch [59/500], Loss: 0.6891712061760407, Accuracy: 82.87146002581429%
2024-02-21 21:11:34,410 - INFO - Epoch [60/500], Loss: 0.6861946376701517, Accuracy: 82.92460709133702%
2024-02-21 21:11:35,164 - INFO - Epoch [61/500], Loss: 0.6832424668114512, Accuracy: 83.00053147065523%
2024-02-21 21:11:35,175 - INFO - Test Accuracy: 72.24287484510533%, Balanced Test Accuracy: 72.66546206587766%
2024-02-21 21:11:36,061 - INFO - Epoch [62/500], Loss: 0.6803401009209694, Accuracy: 83.07898666261737%
2024-02-21 21:11:37,031 - INFO - Epoch [63/500], Loss: 0.6774910165958347, Accuracy: 83.14731860400374%
2024-02-21 21:11:37,986 - INFO - Epoch [64/500], Loss: 0.6746935188590039, Accuracy: 83.23083542125376%
2024-02-21 21:11:38,975 - INFO - Epoch [65/500], Loss: 0.671945707061358, Accuracy: 83.29663654999621%
2024-02-21 21:11:39,839 - INFO - Epoch [66/500], Loss: 0.6692459975339232, Accuracy: 83.35231442816288%
2024-02-21 21:11:40,788 - INFO - Epoch [67/500], Loss: 0.6665926486433994, Accuracy: 83.43076962012502%
2024-02-21 21:11:41,694 - INFO - Epoch [68/500], Loss: 0.6639842729294493, Accuracy: 83.52187887530687%
2024-02-21 21:11:42,553 - INFO - Epoch [69/500], Loss: 0.6614193301047048, Accuracy: 83.5750259408296%
2024-02-21 21:11:43,376 - INFO - Epoch [70/500], Loss: 0.6588966567069292, Accuracy: 83.64841950750386%
2024-02-21 21:11:44,274 - INFO - Epoch [71/500], Loss: 0.6564149284555066, Accuracy: 83.7395287626857%
2024-02-21 21:11:44,288 - INFO - Test Accuracy: 72.61462205700124%, Balanced Test Accuracy: 72.92222070578849%
2024-02-21 21:11:45,176 - INFO - Epoch [72/500], Loss: 0.653973060149339, Accuracy: 83.79014501556449%
2024-02-21 21:11:46,112 - INFO - Epoch [73/500], Loss: 0.6515697208383391, Accuracy: 83.84835370637512%
2024-02-21 21:11:46,915 - INFO - Epoch [74/500], Loss: 0.6492034013893816, Accuracy: 83.90909320982968%
2024-02-21 21:11:47,671 - INFO - Epoch [75/500], Loss: 0.646873366718571, Accuracy: 83.95717865006453%
2024-02-21 21:11:48,611 - INFO - Epoch [76/500], Loss: 0.6445781915418564, Accuracy: 84.01285652823121%
2024-02-21 21:11:49,411 - INFO - Epoch [77/500], Loss: 0.6423172427701854, Accuracy: 84.06600359375395%
2024-02-21 21:11:50,168 - INFO - Epoch [78/500], Loss: 0.6400883271989803, Accuracy: 84.12927390985246%
2024-02-21 21:11:51,085 - INFO - Epoch [79/500], Loss: 0.6378911547062378, Accuracy: 84.18748260066307%
2024-02-21 21:11:51,990 - INFO - Epoch [80/500], Loss: 0.6357267659397856, Accuracy: 84.22797560296611%
2024-02-21 21:11:52,862 - INFO - Epoch [81/500], Loss: 0.633591184783126, Accuracy: 84.28871510642067%
2024-02-21 21:11:52,874 - INFO - Test Accuracy: 72.36679058240397%, Balanced Test Accuracy: 72.66905720262497%
2024-02-21 21:11:53,760 - INFO - Epoch [82/500], Loss: 0.6314937437193529, Accuracy: 84.33173892136764%
2024-02-21 21:11:54,620 - INFO - Epoch [83/500], Loss: 0.6294042661846164, Accuracy: 84.38741679953434%
2024-02-21 21:11:55,395 - INFO - Epoch [84/500], Loss: 0.6273568591944152, Accuracy: 84.44815630298889%
2024-02-21 21:11:56,246 - INFO - Epoch [85/500], Loss: 0.6253367329256669, Accuracy: 84.49624174322375%
2024-02-21 21:11:57,166 - INFO - Epoch [86/500], Loss: 0.6233433695930627, Accuracy: 84.54179637081467%
2024-02-21 21:11:58,144 - INFO - Epoch [87/500], Loss: 0.6213760466104553, Accuracy: 84.59747424898134%
2024-02-21 21:11:59,046 - INFO - Epoch [88/500], Loss: 0.6194341575967208, Accuracy: 84.65315212714803%
2024-02-21 21:11:59,915 - INFO - Epoch [89/500], Loss: 0.6175172588217163, Accuracy: 84.71642244324653%
2024-02-21 21:12:00,840 - INFO - Epoch [90/500], Loss: 0.6156251917202626, Accuracy: 84.77463113405715%
2024-02-21 21:12:01,732 - INFO - Epoch [91/500], Loss: 0.6137865710582945, Accuracy: 84.83283982486776%
2024-02-21 21:12:01,744 - INFO - Test Accuracy: 71.87112763320941%, Balanced Test Accuracy: 72.20858412450485%
2024-02-21 21:12:02,592 - INFO - Epoch [92/500], Loss: 0.6120431809836338, Accuracy: 84.88092526510262%
2024-02-21 21:12:03,516 - INFO - Epoch [93/500], Loss: 0.6101311736950471, Accuracy: 84.94925720648901%
2024-02-21 21:12:04,428 - INFO - Epoch [94/500], Loss: 0.6082733724446546, Accuracy: 84.98468858350417%
2024-02-21 21:12:05,298 - INFO - Epoch [95/500], Loss: 0.6065053973467119, Accuracy: 85.0251815858072%
2024-02-21 21:12:06,161 - INFO - Epoch [96/500], Loss: 0.6047516448663608, Accuracy: 85.08592108926176%
2024-02-21 21:12:07,083 - INFO - Epoch [97/500], Loss: 0.6030164941123897, Accuracy: 85.13147571685268%
2024-02-21 21:12:07,970 - INFO - Epoch [98/500], Loss: 0.6013008542058449, Accuracy: 85.1770303444436%
2024-02-21 21:12:08,847 - INFO - Epoch [99/500], Loss: 0.5996049266428717, Accuracy: 85.2276465973224%
2024-02-21 21:12:09,741 - INFO - Epoch [100/500], Loss: 0.5979284886270761, Accuracy: 85.2656087869815%
2024-02-21 21:12:10,700 - INFO - Epoch [101/500], Loss: 0.5962712245602761, Accuracy: 85.31875585250424%
2024-02-21 21:12:10,714 - INFO - Test Accuracy: 71.99504337050806%, Balanced Test Accuracy: 72.34025800617871%
2024-02-21 21:12:11,642 - INFO - Epoch [102/500], Loss: 0.5946327042615702, Accuracy: 85.3541872295194%
2024-02-21 21:12:12,532 - INFO - Epoch [103/500], Loss: 0.5930125614508025, Accuracy: 85.38455698124667%
2024-02-21 21:12:13,461 - INFO - Epoch [104/500], Loss: 0.5914104619033395, Accuracy: 85.44782729734517%
2024-02-21 21:12:14,459 - INFO - Epoch [105/500], Loss: 0.5898261003256324, Accuracy: 85.49085111229216%
2024-02-21 21:12:15,343 - INFO - Epoch [106/500], Loss: 0.5882588784180341, Accuracy: 85.52375167666338%
2024-02-21 21:12:16,273 - INFO - Epoch [107/500], Loss: 0.5867289652627322, Accuracy: 85.57689874218612%
2024-02-21 21:12:17,174 - INFO - Epoch [108/500], Loss: 0.585301305077249, Accuracy: 85.60473768126946%
2024-02-21 21:12:18,084 - INFO - Epoch [109/500], Loss: 0.5837470061716533, Accuracy: 85.65029230886037%
2024-02-21 21:12:19,002 - INFO - Epoch [110/500], Loss: 0.58213662725663, Accuracy: 85.71862425024675%
2024-02-21 21:12:19,924 - INFO - Epoch [111/500], Loss: 0.5806677327040703, Accuracy: 85.73887075139828%
2024-02-21 21:12:19,936 - INFO - Test Accuracy: 72.11895910780669%, Balanced Test Accuracy: 72.49177315769387%
2024-02-21 21:12:20,865 - INFO - Epoch [112/500], Loss: 0.5792017080670884, Accuracy: 85.77430212841344%
2024-02-21 21:12:21,778 - INFO - Epoch [113/500], Loss: 0.5777494043652569, Accuracy: 85.80720269278466%
2024-02-21 21:12:22,638 - INFO - Epoch [114/500], Loss: 0.5763112492558937, Accuracy: 85.86794219623921%
2024-02-21 21:12:23,472 - INFO - Epoch [115/500], Loss: 0.5748873328669898, Accuracy: 85.90337357325437%
2024-02-21 21:12:24,407 - INFO - Epoch [116/500], Loss: 0.5734776052075529, Accuracy: 85.92868169969377%
2024-02-21 21:12:25,305 - INFO - Epoch [117/500], Loss: 0.572081919939768, Accuracy: 85.96158226406499%
2024-02-21 21:12:26,205 - INFO - Epoch [118/500], Loss: 0.5707000735846739, Accuracy: 85.9944828284362%
2024-02-21 21:12:27,039 - INFO - Epoch [119/500], Loss: 0.5693318350240588, Accuracy: 86.01979095487562%
2024-02-21 21:12:27,942 - INFO - Epoch [120/500], Loss: 0.5679769823928514, Accuracy: 86.04003745602714%
2024-02-21 21:12:28,870 - INFO - Epoch [121/500], Loss: 0.5666352632125059, Accuracy: 86.06787639511047%
2024-02-21 21:12:28,881 - INFO - Test Accuracy: 72.4907063197026%, Balanced Test Accuracy: 72.88165411007482%
2024-02-21 21:12:29,765 - INFO - Epoch [122/500], Loss: 0.5653064204680343, Accuracy: 86.09571533419381%
2024-02-21 21:12:30,737 - INFO - Epoch [123/500], Loss: 0.5639897320239294, Accuracy: 86.14633158707261%
2024-02-21 21:12:31,676 - INFO - Epoch [124/500], Loss: 0.5626870021824876, Accuracy: 86.17923215144383%
2024-02-21 21:12:32,542 - INFO - Epoch [125/500], Loss: 0.5613900474422882, Accuracy: 86.2222559663908%
2024-02-21 21:12:33,441 - INFO - Epoch [126/500], Loss: 0.5603502005819352, Accuracy: 86.2349100296105%
2024-02-21 21:12:34,312 - INFO - Epoch [127/500], Loss: 0.5588398360677304, Accuracy: 86.29564953306507%
2024-02-21 21:12:35,109 - INFO - Epoch [128/500], Loss: 0.5575787807183881, Accuracy: 86.31842684686053%
2024-02-21 21:12:36,057 - INFO - Epoch [129/500], Loss: 0.5563383269454202, Accuracy: 86.34373497329993%
2024-02-21 21:12:36,976 - INFO - Epoch [130/500], Loss: 0.5551080479016227, Accuracy: 86.37916635031509%
2024-02-21 21:12:37,944 - INFO - Epoch [131/500], Loss: 0.5538882970088913, Accuracy: 86.43231341583783%
2024-02-21 21:12:37,956 - INFO - Test Accuracy: 72.24287484510533%, Balanced Test Accuracy: 72.64472600549966%
2024-02-21 21:12:38,840 - INFO - Epoch [132/500], Loss: 0.5526788285783222, Accuracy: 86.46521398020904%
2024-02-21 21:12:39,624 - INFO - Epoch [133/500], Loss: 0.5514793209130725, Accuracy: 86.50317616986814%
2024-02-21 21:12:40,385 - INFO - Epoch [134/500], Loss: 0.5502895946884828, Accuracy: 86.54113835952724%
2024-02-21 21:12:41,136 - INFO - Epoch [135/500], Loss: 0.5491096958998711, Accuracy: 86.57910054918635%
2024-02-21 21:12:41,956 - INFO - Epoch [136/500], Loss: 0.5479398081679979, Accuracy: 86.62465517677727%
2024-02-21 21:12:42,850 - INFO - Epoch [137/500], Loss: 0.5467800120973298, Accuracy: 86.64237086528485%
2024-02-21 21:12:43,785 - INFO - Epoch [138/500], Loss: 0.5456303497475963, Accuracy: 86.66008655379242%
2024-02-21 21:12:44,678 - INFO - Epoch [139/500], Loss: 0.5444907001069477, Accuracy: 86.71323361931516%
2024-02-21 21:12:45,587 - INFO - Epoch [140/500], Loss: 0.5433608321473002, Accuracy: 86.73094930782274%
2024-02-21 21:12:46,436 - INFO - Epoch [141/500], Loss: 0.5422294094497638, Accuracy: 86.7790347480576%
2024-02-21 21:12:46,447 - INFO - Test Accuracy: 72.36679058240397%, Balanced Test Accuracy: 72.73207072599655%
2024-02-21 21:12:47,302 - INFO - Epoch [142/500], Loss: 0.5413829029627866, Accuracy: 86.79421962392124%
2024-02-21 21:12:48,163 - INFO - Epoch [143/500], Loss: 0.5400165042148963, Accuracy: 86.83218181358033%
2024-02-21 21:12:49,739 - INFO - Epoch [144/500], Loss: 0.5389148873547392, Accuracy: 86.8549591273758%
2024-02-21 21:12:50,565 - INFO - Epoch [145/500], Loss: 0.5378338732426206, Accuracy: 86.89545212967884%
2024-02-21 21:12:51,404 - INFO - Epoch [146/500], Loss: 0.5367637071758509, Accuracy: 86.92835269405006%
2024-02-21 21:12:52,417 - INFO - Epoch [147/500], Loss: 0.5357031970014495, Accuracy: 86.95113000784552%
2024-02-21 21:12:53,248 - INFO - Epoch [148/500], Loss: 0.5346500413912919, Accuracy: 86.9814997595728%
2024-02-21 21:12:54,115 - INFO - Epoch [149/500], Loss: 0.5336023962065097, Accuracy: 87.02452357451978%
2024-02-21 21:12:54,877 - INFO - Epoch [150/500], Loss: 0.5325605369984142, Accuracy: 87.04730088831523%
2024-02-21 21:12:55,644 - INFO - Epoch [151/500], Loss: 0.5315254579989179, Accuracy: 87.06754738946675%
2024-02-21 21:12:55,656 - INFO - Test Accuracy: 72.36679058240397%, Balanced Test Accuracy: 72.70561569954153%
2024-02-21 21:12:56,448 - INFO - Epoch [152/500], Loss: 0.5304982387610981, Accuracy: 87.09032470326221%
2024-02-21 21:12:57,277 - INFO - Epoch [153/500], Loss: 0.5294798557316104, Accuracy: 87.10297876648191%
2024-02-21 21:12:58,293 - INFO - Epoch [154/500], Loss: 0.5284707993569393, Accuracy: 87.12322526763344%
2024-02-21 21:12:59,202 - INFO - Epoch [155/500], Loss: 0.5274707440647387, Accuracy: 87.14347176878496%
2024-02-21 21:13:00,107 - INFO - Epoch [156/500], Loss: 0.5264788006822909, Accuracy: 87.17637233315618%
2024-02-21 21:13:01,039 - INFO - Epoch [157/500], Loss: 0.5254940965002582, Accuracy: 87.20421127223952%
2024-02-21 21:13:01,952 - INFO - Epoch [158/500], Loss: 0.5245202375696071, Accuracy: 87.24217346189862%
2024-02-21 21:13:02,874 - INFO - Epoch [159/500], Loss: 0.5235460369036563, Accuracy: 87.26495077569407%
2024-02-21 21:13:03,836 - INFO - Epoch [160/500], Loss: 0.5225816298756869, Accuracy: 87.28013565155771%
2024-02-21 21:13:04,622 - INFO - Epoch [161/500], Loss: 0.5216264024737381, Accuracy: 87.29025890213347%
2024-02-21 21:13:04,633 - INFO - Test Accuracy: 72.24287484510533%, Balanced Test Accuracy: 72.54688554081137%
2024-02-21 21:13:05,491 - INFO - Epoch [162/500], Loss: 0.5206797697070625, Accuracy: 87.32315946650469%
2024-02-21 21:13:06,362 - INFO - Epoch [163/500], Loss: 0.5197411725117315, Accuracy: 87.34593678030015%
2024-02-21 21:13:07,263 - INFO - Epoch [164/500], Loss: 0.5188049767166376, Accuracy: 87.37630653202743%
2024-02-21 21:13:08,115 - INFO - Epoch [165/500], Loss: 0.5181820991959784, Accuracy: 87.38896059524713%
2024-02-21 21:13:09,035 - INFO - Epoch [166/500], Loss: 0.516957568124898, Accuracy: 87.42945359755018%
2024-02-21 21:13:09,977 - INFO - Epoch [167/500], Loss: 0.5160484639927745, Accuracy: 87.46488497456534%
2024-02-21 21:13:10,866 - INFO - Epoch [168/500], Loss: 0.5151590188184092, Accuracy: 87.47247741249716%
2024-02-21 21:13:11,728 - INFO - Epoch [169/500], Loss: 0.51425630629303, Accuracy: 87.5003163515805%
2024-02-21 21:13:12,589 - INFO - Epoch [170/500], Loss: 0.5133561276560349, Accuracy: 87.53574772859565%
2024-02-21 21:13:13,491 - INFO - Epoch [171/500], Loss: 0.5124510599961204, Accuracy: 87.56864829296687%
2024-02-21 21:13:13,502 - INFO - Test Accuracy: 72.11895910780669%, Balanced Test Accuracy: 72.4427188741447%
2024-02-21 21:13:14,432 - INFO - Epoch [172/500], Loss: 0.5116073746654776, Accuracy: 87.59901804469415%
2024-02-21 21:13:15,360 - INFO - Epoch [173/500], Loss: 0.5106804662594392, Accuracy: 87.61420292055779%
2024-02-21 21:13:16,301 - INFO - Epoch [174/500], Loss: 0.5098009264216788, Accuracy: 87.63191860906537%
2024-02-21 21:13:17,233 - INFO - Epoch [175/500], Loss: 0.5089290230384758, Accuracy: 87.6597575481487%
2024-02-21 21:13:18,125 - INFO - Epoch [176/500], Loss: 0.5080623092249997, Accuracy: 87.66988079872446%
2024-02-21 21:13:19,013 - INFO - Epoch [177/500], Loss: 0.5071860761231473, Accuracy: 87.690127299876%
2024-02-21 21:13:19,918 - INFO - Epoch [178/500], Loss: 0.5065068434923887, Accuracy: 87.72049705160327%
2024-02-21 21:13:20,793 - INFO - Epoch [179/500], Loss: 0.5054823668493379, Accuracy: 87.7407435527548%
2024-02-21 21:13:21,570 - INFO - Epoch [180/500], Loss: 0.5046875811812859, Accuracy: 87.75086680333055%
2024-02-21 21:13:22,398 - INFO - Epoch [181/500], Loss: 0.5038225588899466, Accuracy: 87.77364411712601%
2024-02-21 21:13:22,409 - INFO - Test Accuracy: 71.87112763320941%, Balanced Test Accuracy: 72.19172681065264%
2024-02-21 21:13:23,207 - INFO - Epoch [182/500], Loss: 0.5029683247088425, Accuracy: 87.79389061827753%
2024-02-21 21:13:23,954 - INFO - Epoch [183/500], Loss: 0.5024575231476657, Accuracy: 87.80907549414117%
2024-02-21 21:13:24,820 - INFO - Epoch [184/500], Loss: 0.5012934761602552, Accuracy: 87.84450687115633%
2024-02-21 21:13:25,731 - INFO - Epoch [185/500], Loss: 0.5004611341282725, Accuracy: 87.86981499759573%
2024-02-21 21:13:26,589 - INFO - Epoch [186/500], Loss: 0.4997227072956101, Accuracy: 87.8875306861033%
2024-02-21 21:13:27,549 - INFO - Epoch [187/500], Loss: 0.4988896838960148, Accuracy: 87.89259231139118%
2024-02-21 21:13:28,468 - INFO - Epoch [188/500], Loss: 0.4980928975067312, Accuracy: 87.90271556196694%
2024-02-21 21:13:29,365 - INFO - Epoch [189/500], Loss: 0.49730138093112936, Accuracy: 87.92296206311846%
2024-02-21 21:13:30,298 - INFO - Epoch [190/500], Loss: 0.4964980526016124, Accuracy: 87.94067775162604%
2024-02-21 21:13:31,195 - INFO - Epoch [191/500], Loss: 0.49582649427916736, Accuracy: 87.96345506542151%
2024-02-21 21:13:31,207 - INFO - Test Accuracy: 71.74721189591078%, Balanced Test Accuracy: 72.02158445301028%
2024-02-21 21:13:32,139 - INFO - Epoch [192/500], Loss: 0.49494674149900675, Accuracy: 87.98370156657303%
2024-02-21 21:13:33,016 - INFO - Epoch [193/500], Loss: 0.4941608558499044, Accuracy: 87.99888644243667%
2024-02-21 21:13:33,852 - INFO - Epoch [194/500], Loss: 0.49338920366379524, Accuracy: 88.01154050565637%
2024-02-21 21:13:34,697 - INFO - Epoch [195/500], Loss: 0.49262215623692157, Accuracy: 88.03431781945183%
2024-02-21 21:13:35,577 - INFO - Epoch [196/500], Loss: 0.49185672693795734, Accuracy: 88.05456432060335%
2024-02-21 21:13:36,435 - INFO - Epoch [197/500], Loss: 0.4910909287150829, Accuracy: 88.0646875711791%
2024-02-21 21:13:37,324 - INFO - Epoch [198/500], Loss: 0.4903280530124903, Accuracy: 88.07228000911093%
2024-02-21 21:13:38,264 - INFO - Epoch [199/500], Loss: 0.4899366104735001, Accuracy: 88.08493407233063%
2024-02-21 21:13:39,185 - INFO - Epoch [200/500], Loss: 0.4888258446308394, Accuracy: 88.11783463670184%
2024-02-21 21:13:40,103 - INFO - Epoch [201/500], Loss: 0.48813797458405456, Accuracy: 88.12036544934578%
2024-02-21 21:13:40,117 - INFO - Test Accuracy: 71.4993804213135%, Balanced Test Accuracy: 71.74380667523249%
2024-02-21 21:13:41,024 - INFO - Epoch [202/500], Loss: 0.4875630616480785, Accuracy: 88.13301951256548%
2024-02-21 21:13:41,930 - INFO - Epoch [203/500], Loss: 0.4866831244660481, Accuracy: 88.153266013717%
2024-02-21 21:13:42,790 - INFO - Epoch [204/500], Loss: 0.485888073130721, Accuracy: 88.16085845164882%
2024-02-21 21:13:43,709 - INFO - Epoch [205/500], Loss: 0.4851306597551992, Accuracy: 88.18110495280034%
2024-02-21 21:13:44,668 - INFO - Epoch [206/500], Loss: 0.48441264547047114, Accuracy: 88.19628982866398%
2024-02-21 21:13:45,548 - INFO - Epoch [207/500], Loss: 0.4837140760294372, Accuracy: 88.21400551717156%
2024-02-21 21:13:46,449 - INFO - Epoch [208/500], Loss: 0.48306269658308837, Accuracy: 88.21400551717156%
2024-02-21 21:13:47,357 - INFO - Epoch [209/500], Loss: 0.4823403707555225, Accuracy: 88.23172120567915%
2024-02-21 21:13:48,205 - INFO - Epoch [210/500], Loss: 0.4816035553512554, Accuracy: 88.23931364361097%
2024-02-21 21:13:49,087 - INFO - Epoch [211/500], Loss: 0.4809019978068048, Accuracy: 88.26715258269431%
2024-02-21 21:13:49,098 - INFO - Test Accuracy: 71.37546468401487%, Balanced Test Accuracy: 71.61560154702738%
2024-02-21 21:13:49,866 - INFO - Epoch [212/500], Loss: 0.48020644978650157, Accuracy: 88.28486827120189%
2024-02-21 21:13:50,691 - INFO - Epoch [213/500], Loss: 0.4795051926086026, Accuracy: 88.29499152177765%
2024-02-21 21:13:51,552 - INFO - Epoch [214/500], Loss: 0.4788227158508474, Accuracy: 88.29752233442159%
2024-02-21 21:13:52,500 - INFO - Epoch [215/500], Loss: 0.4785343651028891, Accuracy: 88.30258395970947%
2024-02-21 21:13:53,333 - INFO - Epoch [216/500], Loss: 0.4774621456500984, Accuracy: 88.32789208614886%
2024-02-21 21:13:54,265 - INFO - Epoch [217/500], Loss: 0.47681019734591246, Accuracy: 88.34813858730038%
2024-02-21 21:13:55,243 - INFO - Epoch [218/500], Loss: 0.47612007028393205, Accuracy: 88.37091590109584%
2024-02-21 21:13:56,157 - INFO - Epoch [219/500], Loss: 0.4754456002866068, Accuracy: 88.38610077695948%
2024-02-21 21:13:57,090 - INFO - Epoch [220/500], Loss: 0.47477819070580507, Accuracy: 88.39622402753524%
2024-02-21 21:13:57,997 - INFO - Epoch [221/500], Loss: 0.4742458989813684, Accuracy: 88.40887809075494%
2024-02-21 21:13:58,009 - INFO - Test Accuracy: 71.37546468401487%, Balanced Test Accuracy: 71.61560154702738%
2024-02-21 21:13:58,906 - INFO - Epoch [222/500], Loss: 0.4735138833582882, Accuracy: 88.42406296661858%
2024-02-21 21:13:59,928 - INFO - Epoch [223/500], Loss: 0.47285888046627084, Accuracy: 88.43418621719434%
2024-02-21 21:14:00,779 - INFO - Epoch [224/500], Loss: 0.47231015349708255, Accuracy: 88.45190190570192%
2024-02-21 21:14:01,634 - INFO - Epoch [225/500], Loss: 0.47173986556909736, Accuracy: 88.46708678156556%
2024-02-21 21:14:02,483 - INFO - Epoch [226/500], Loss: 0.47085509193880903, Accuracy: 88.4949257206489%
2024-02-21 21:14:03,412 - INFO - Epoch [227/500], Loss: 0.47022009570331824, Accuracy: 88.50251815858071%
2024-02-21 21:14:04,211 - INFO - Epoch [228/500], Loss: 0.4695896923001255, Accuracy: 88.5202338470883%
2024-02-21 21:14:05,046 - INFO - Epoch [229/500], Loss: 0.46894917709212147, Accuracy: 88.54301116088376%
2024-02-21 21:14:05,924 - INFO - Epoch [230/500], Loss: 0.4683349461054369, Accuracy: 88.55313441145952%
2024-02-21 21:14:06,717 - INFO - Epoch [231/500], Loss: 0.46772411007494213, Accuracy: 88.5708500999671%
2024-02-21 21:14:06,727 - INFO - Test Accuracy: 71.37546468401487%, Balanced Test Accuracy: 71.64205657348239%
2024-02-21 21:14:07,534 - INFO - Epoch [232/500], Loss: 0.46709964615142635, Accuracy: 88.59109660111862%
2024-02-21 21:14:08,358 - INFO - Epoch [233/500], Loss: 0.4665034394260616, Accuracy: 88.60375066433832%
2024-02-21 21:14:09,173 - INFO - Epoch [234/500], Loss: 0.46587871973432843, Accuracy: 88.62399716548984%
2024-02-21 21:14:10,024 - INFO - Epoch [235/500], Loss: 0.46528549979050315, Accuracy: 88.63158960342166%
2024-02-21 21:14:10,906 - INFO - Epoch [236/500], Loss: 0.46464944537729025, Accuracy: 88.65436691721712%
2024-02-21 21:14:11,711 - INFO - Epoch [237/500], Loss: 0.46424843510612845, Accuracy: 88.659428542505%
2024-02-21 21:14:12,624 - INFO - Epoch [238/500], Loss: 0.46361342222700197, Accuracy: 88.67714423101258%
2024-02-21 21:14:13,446 - INFO - Epoch [239/500], Loss: 0.4628960841725911, Accuracy: 88.70245235745197%
2024-02-21 21:14:14,240 - INFO - Epoch [240/500], Loss: 0.4622274353168905, Accuracy: 88.7226988586035%
2024-02-21 21:14:15,098 - INFO - Epoch [241/500], Loss: 0.46164586815622544, Accuracy: 88.73029129653531%
2024-02-21 21:14:15,109 - INFO - Test Accuracy: 71.37546468401487%, Balanced Test Accuracy: 71.64205657348239%
2024-02-21 21:14:16,005 - INFO - Epoch [242/500], Loss: 0.4617941722934765, Accuracy: 88.73788373446713%
2024-02-21 21:14:16,909 - INFO - Epoch [243/500], Loss: 0.4606092128932716, Accuracy: 88.75306861033077%
2024-02-21 21:14:17,784 - INFO - Epoch [244/500], Loss: 0.45987413832617385, Accuracy: 88.77331511148229%
2024-02-21 21:14:18,660 - INFO - Epoch [245/500], Loss: 0.4592713852142615, Accuracy: 88.77837673677017%
2024-02-21 21:14:19,500 - INFO - Epoch [246/500], Loss: 0.4587048960909728, Accuracy: 88.7986232379217%
2024-02-21 21:14:20,374 - INFO - Epoch [247/500], Loss: 0.45813781751560106, Accuracy: 88.8112773011414%
2024-02-21 21:14:21,177 - INFO - Epoch [248/500], Loss: 0.4575624115945351, Accuracy: 88.8365854275808%
2024-02-21 21:14:21,922 - INFO - Epoch [249/500], Loss: 0.45698892224519966, Accuracy: 88.84417786551262%
2024-02-21 21:14:22,642 - INFO - Epoch [250/500], Loss: 0.4564320092660285, Accuracy: 88.85177030344444%
2024-02-21 21:14:23,528 - INFO - Epoch [251/500], Loss: 0.4558791479756755, Accuracy: 88.8618935540202%
2024-02-21 21:14:23,540 - INFO - Test Accuracy: 71.37546468401487%, Balanced Test Accuracy: 71.65274033416615%
2024-02-21 21:14:24,432 - INFO - Epoch [252/500], Loss: 0.45529531349518126, Accuracy: 88.87707842988384%
2024-02-21 21:14:25,205 - INFO - Epoch [253/500], Loss: 0.4547154064770908, Accuracy: 88.87960924252778%
2024-02-21 21:14:25,909 - INFO - Epoch [254/500], Loss: 0.4544894644960521, Accuracy: 88.89479411839142%
2024-02-21 21:14:26,617 - INFO - Epoch [255/500], Loss: 0.45368411075023396, Accuracy: 88.912509806899%
2024-02-21 21:14:27,399 - INFO - Epoch [256/500], Loss: 0.4530637427834013, Accuracy: 88.92769468276263%
2024-02-21 21:14:28,143 - INFO - Epoch [257/500], Loss: 0.45248111630339294, Accuracy: 88.93528712069445%
2024-02-21 21:14:28,920 - INFO - Epoch [258/500], Loss: 0.4519605383487238, Accuracy: 88.94794118391415%
2024-02-21 21:14:29,655 - INFO - Epoch [259/500], Loss: 0.4514160376012085, Accuracy: 88.96059524713385%
2024-02-21 21:14:30,472 - INFO - Epoch [260/500], Loss: 0.45087078895660176, Accuracy: 88.96565687242173%
2024-02-21 21:14:31,333 - INFO - Epoch [261/500], Loss: 0.45032381001980076, Accuracy: 88.97324931035355%
2024-02-21 21:14:31,345 - INFO - Test Accuracy: 71.37546468401487%, Balanced Test Accuracy: 71.67919536062118%
2024-02-21 21:14:32,197 - INFO - Epoch [262/500], Loss: 0.44979776078534706, Accuracy: 88.98084174828537%
2024-02-21 21:14:33,013 - INFO - Epoch [263/500], Loss: 0.4497109696779761, Accuracy: 88.98590337357325%
2024-02-21 21:14:33,811 - INFO - Epoch [264/500], Loss: 0.44880240294902074, Accuracy: 89.00868068736871%
2024-02-21 21:14:34,599 - INFO - Epoch [265/500], Loss: 0.4481803211533735, Accuracy: 89.02639637587629%
2024-02-21 21:14:35,389 - INFO - Epoch [266/500], Loss: 0.4476804613856779, Accuracy: 89.05423531495963%
2024-02-21 21:14:36,202 - INFO - Epoch [267/500], Loss: 0.4471290534692666, Accuracy: 89.06942019082328%
2024-02-21 21:14:37,024 - INFO - Epoch [268/500], Loss: 0.446591665247275, Accuracy: 89.07954344139904%
2024-02-21 21:14:37,840 - INFO - Epoch [269/500], Loss: 0.4460807516570053, Accuracy: 89.09219750461874%
2024-02-21 21:14:38,726 - INFO - Epoch [270/500], Loss: 0.44557220903375455, Accuracy: 89.12256725634602%
2024-02-21 21:14:39,515 - INFO - Epoch [271/500], Loss: 0.445026105690387, Accuracy: 89.14281375749754%
2024-02-21 21:14:39,526 - INFO - Test Accuracy: 71.1276332094176%, Balanced Test Accuracy: 71.47086202728784%
2024-02-21 21:14:40,313 - INFO - Epoch [272/500], Loss: 0.4445393596805872, Accuracy: 89.14787538278541%
2024-02-21 21:14:41,123 - INFO - Epoch [273/500], Loss: 0.44402192656191125, Accuracy: 89.15799863336117%
2024-02-21 21:14:41,931 - INFO - Epoch [274/500], Loss: 0.4439553000453499, Accuracy: 89.15799863336117%
2024-02-21 21:14:42,782 - INFO - Epoch [275/500], Loss: 0.44299475010484457, Accuracy: 89.1782451345127%
2024-02-21 21:14:43,591 - INFO - Epoch [276/500], Loss: 0.44246025811580403, Accuracy: 89.19343001037633%
2024-02-21 21:14:44,412 - INFO - Epoch [277/500], Loss: 0.44196782629155823, Accuracy: 89.20102244830815%
2024-02-21 21:14:45,237 - INFO - Epoch [278/500], Loss: 0.4415071737471848, Accuracy: 89.21620732417179%
2024-02-21 21:14:46,062 - INFO - Epoch [279/500], Loss: 0.44098343151891906, Accuracy: 89.24657707589907%
2024-02-21 21:14:46,878 - INFO - Epoch [280/500], Loss: 0.44047986298439, Accuracy: 89.26935438969453%
2024-02-21 21:14:47,651 - INFO - Epoch [281/500], Loss: 0.4399863234570911, Accuracy: 89.27188520233847%
2024-02-21 21:14:47,662 - INFO - Test Accuracy: 70.87980173482032%, Balanced Test Accuracy: 71.25922181564763%
2024-02-21 21:14:48,433 - INFO - Epoch [282/500], Loss: 0.43949374086373755, Accuracy: 89.2744160149824%
2024-02-21 21:14:49,228 - INFO - Epoch [283/500], Loss: 0.43906527562367337, Accuracy: 89.2744160149824%
2024-02-21 21:14:50,041 - INFO - Epoch [284/500], Loss: 0.43851194249826575, Accuracy: 89.29213170348999%
2024-02-21 21:14:50,849 - INFO - Epoch [285/500], Loss: 0.4380054923164989, Accuracy: 89.29213170348999%
2024-02-21 21:14:51,628 - INFO - Epoch [286/500], Loss: 0.4376942831872692, Accuracy: 89.30225495406575%
2024-02-21 21:14:52,486 - INFO - Epoch [287/500], Loss: 0.43743729806174675, Accuracy: 89.30478576670968%
2024-02-21 21:14:53,349 - INFO - Epoch [288/500], Loss: 0.4365559490998426, Accuracy: 89.33009389314908%
2024-02-21 21:14:54,095 - INFO - Epoch [289/500], Loss: 0.4361230501784913, Accuracy: 89.34527876901274%
2024-02-21 21:14:54,840 - INFO - Epoch [290/500], Loss: 0.43561174755074805, Accuracy: 89.35793283223244%
2024-02-21 21:14:55,652 - INFO - Epoch [291/500], Loss: 0.43513269657869974, Accuracy: 89.37311770809607%
2024-02-21 21:14:55,664 - INFO - Test Accuracy: 70.87980173482032%, Balanced Test Accuracy: 71.27410276802858%
2024-02-21 21:14:56,420 - INFO - Epoch [292/500], Loss: 0.4346813698028845, Accuracy: 89.38324095867183%
2024-02-21 21:14:57,141 - INFO - Epoch [293/500], Loss: 0.4341902951709926, Accuracy: 89.39589502189153%
2024-02-21 21:14:57,944 - INFO - Epoch [294/500], Loss: 0.43373334346218934, Accuracy: 89.40601827246729%
2024-02-21 21:14:58,698 - INFO - Epoch [295/500], Loss: 0.43325668450204596, Accuracy: 89.40854908511123%
2024-02-21 21:14:59,541 - INFO - Epoch [296/500], Loss: 0.43281078068239076, Accuracy: 89.42879558626275%
2024-02-21 21:15:00,410 - INFO - Epoch [297/500], Loss: 0.4323815982037735, Accuracy: 89.45410371270215%
2024-02-21 21:15:01,218 - INFO - Epoch [298/500], Loss: 0.43190080585378793, Accuracy: 89.46422696327791%
2024-02-21 21:15:01,988 - INFO - Epoch [299/500], Loss: 0.43141026527530724, Accuracy: 89.47181940120973%
2024-02-21 21:15:02,748 - INFO - Epoch [300/500], Loss: 0.4309644674762122, Accuracy: 89.48447346442943%
2024-02-21 21:15:03,513 - INFO - Epoch [301/500], Loss: 0.43051378084947506, Accuracy: 89.50471996558095%
2024-02-21 21:15:03,523 - INFO - Test Accuracy: 70.75588599752169%, Balanced Test Accuracy: 71.15505514898096%
2024-02-21 21:15:04,358 - INFO - Epoch [302/500], Loss: 0.4300669125401445, Accuracy: 89.51990484144459%
2024-02-21 21:15:05,203 - INFO - Epoch [303/500], Loss: 0.4295911247721843, Accuracy: 89.52496646673247%
2024-02-21 21:15:06,116 - INFO - Epoch [304/500], Loss: 0.4295412685962454, Accuracy: 89.52243565408853%
2024-02-21 21:15:06,905 - INFO - Epoch [305/500], Loss: 0.4287270492453489, Accuracy: 89.54521296788398%
2024-02-21 21:15:07,743 - INFO - Epoch [306/500], Loss: 0.4282284326580984, Accuracy: 89.55533621845974%
2024-02-21 21:15:08,482 - INFO - Epoch [307/500], Loss: 0.4277871879148147, Accuracy: 89.56799028167944%
2024-02-21 21:15:09,263 - INFO - Epoch [308/500], Loss: 0.42735817363005013, Accuracy: 89.58064434489914%
2024-02-21 21:15:10,045 - INFO - Epoch [309/500], Loss: 0.4269604301831174, Accuracy: 89.59329840811884%
2024-02-21 21:15:10,789 - INFO - Epoch [310/500], Loss: 0.4264813464195017, Accuracy: 89.6034216586946%
2024-02-21 21:15:11,572 - INFO - Epoch [311/500], Loss: 0.42664180765108717, Accuracy: 89.6034216586946%
2024-02-21 21:15:11,585 - INFO - Test Accuracy: 70.75588599752169%, Balanced Test Accuracy: 71.10770666413248%
2024-02-21 21:15:12,456 - INFO - Epoch [312/500], Loss: 0.42565825928543366, Accuracy: 89.62366815984613%
2024-02-21 21:15:13,242 - INFO - Epoch [313/500], Loss: 0.42524362050537623, Accuracy: 89.63126059777795%
2024-02-21 21:15:14,127 - INFO - Epoch [314/500], Loss: 0.42475216233381824, Accuracy: 89.64391466099765%
2024-02-21 21:15:14,963 - INFO - Epoch [315/500], Loss: 0.42430583135254923, Accuracy: 89.64644547364159%
2024-02-21 21:15:15,776 - INFO - Epoch [316/500], Loss: 0.42390327669319605, Accuracy: 89.66669197479311%
2024-02-21 21:15:16,577 - INFO - Epoch [317/500], Loss: 0.42353188922448504, Accuracy: 89.67681522536887%
2024-02-21 21:15:17,409 - INFO - Epoch [318/500], Loss: 0.4230093599537448, Accuracy: 89.68187685065675%
2024-02-21 21:15:18,261 - INFO - Epoch [319/500], Loss: 0.422588710928516, Accuracy: 89.69200010123251%
2024-02-21 21:15:19,072 - INFO - Epoch [320/500], Loss: 0.4221845678534479, Accuracy: 89.69706172652039%
2024-02-21 21:15:19,895 - INFO - Epoch [321/500], Loss: 0.42176156391900393, Accuracy: 89.70718497709615%
2024-02-21 21:15:19,906 - INFO - Test Accuracy: 70.75588599752169%, Balanced Test Accuracy: 71.10770666413248%
2024-02-21 21:15:20,706 - INFO - Epoch [322/500], Loss: 0.42139848129403207, Accuracy: 89.72490066560373%
2024-02-21 21:15:21,498 - INFO - Epoch [323/500], Loss: 0.42092159639803634, Accuracy: 89.7299622908916%
2024-02-21 21:15:22,287 - INFO - Epoch [324/500], Loss: 0.4204993947078624, Accuracy: 89.7426163541113%
2024-02-21 21:15:23,086 - INFO - Epoch [325/500], Loss: 0.4200910783462947, Accuracy: 89.75020879204313%
2024-02-21 21:15:23,834 - INFO - Epoch [326/500], Loss: 0.41970697596609113, Accuracy: 89.76286285526282%
2024-02-21 21:15:24,657 - INFO - Epoch [327/500], Loss: 0.4192737005650997, Accuracy: 89.77551691848252%
2024-02-21 21:15:25,518 - INFO - Epoch [328/500], Loss: 0.41889308788062585, Accuracy: 89.7932326069901%
2024-02-21 21:15:26,294 - INFO - Epoch [329/500], Loss: 0.418450596787396, Accuracy: 89.81094829549768%
2024-02-21 21:15:27,162 - INFO - Epoch [330/500], Loss: 0.41803583217364165, Accuracy: 89.82866398400526%
2024-02-21 21:15:27,936 - INFO - Epoch [331/500], Loss: 0.41801432764998847, Accuracy: 89.8438488598689%
2024-02-21 21:15:27,946 - INFO - Test Accuracy: 70.87980173482032%, Balanced Test Accuracy: 71.19103999746581%
2024-02-21 21:15:28,728 - INFO - Epoch [332/500], Loss: 0.41725983981403614, Accuracy: 89.87168779895224%
2024-02-21 21:15:29,563 - INFO - Epoch [333/500], Loss: 0.4168193262641228, Accuracy: 89.86662617366436%
2024-02-21 21:15:30,478 - INFO - Epoch [334/500], Loss: 0.41641945606698433, Accuracy: 89.88940348745983%
2024-02-21 21:15:31,405 - INFO - Epoch [335/500], Loss: 0.4160325479723753, Accuracy: 89.90205755067953%
2024-02-21 21:15:32,290 - INFO - Epoch [336/500], Loss: 0.41626923597387727, Accuracy: 89.89699592539165%
2024-02-21 21:15:33,127 - INFO - Epoch [337/500], Loss: 0.4154860835912968, Accuracy: 89.91218080125529%
2024-02-21 21:15:33,968 - INFO - Epoch [338/500], Loss: 0.41489196797051736, Accuracy: 89.92989648976287%
2024-02-21 21:15:34,769 - INFO - Epoch [339/500], Loss: 0.4144698249837083, Accuracy: 89.94001974033863%
2024-02-21 21:15:35,623 - INFO - Epoch [340/500], Loss: 0.41406385360225556, Accuracy: 89.94255055298257%
2024-02-21 21:15:36,536 - INFO - Epoch [341/500], Loss: 0.41367389111509245, Accuracy: 89.95014299091439%
2024-02-21 21:15:36,548 - INFO - Test Accuracy: 70.87980173482032%, Balanced Test Accuracy: 71.19103999746581%
2024-02-21 21:15:37,416 - INFO - Epoch [342/500], Loss: 0.4133053612594883, Accuracy: 89.96026624149015%
2024-02-21 21:15:38,295 - INFO - Epoch [343/500], Loss: 0.4129934216579122, Accuracy: 89.97545111735378%
2024-02-21 21:15:39,124 - INFO - Epoch [344/500], Loss: 0.4125002913717781, Accuracy: 89.97798192999772%
2024-02-21 21:15:40,014 - INFO - Epoch [345/500], Loss: 0.41212131224212145, Accuracy: 89.99063599321742%
2024-02-21 21:15:40,995 - INFO - Epoch [346/500], Loss: 0.41173250533099615, Accuracy: 90.00582086908106%
2024-02-21 21:15:41,877 - INFO - Epoch [347/500], Loss: 0.41135813280819883, Accuracy: 90.008351681725%
2024-02-21 21:15:42,804 - INFO - Epoch [348/500], Loss: 0.41102974707140555, Accuracy: 90.01341330701288%
2024-02-21 21:15:43,669 - INFO - Epoch [349/500], Loss: 0.4106030262285663, Accuracy: 90.02606737023258%
2024-02-21 21:15:44,582 - INFO - Epoch [350/500], Loss: 0.4103822561972324, Accuracy: 90.02859818287652%
2024-02-21 21:15:45,438 - INFO - Epoch [351/500], Loss: 0.40997662667124984, Accuracy: 90.0463138713841%
2024-02-21 21:15:45,448 - INFO - Test Accuracy: 70.63197026022304%, Balanced Test Accuracy: 70.95411189289067%
2024-02-21 21:15:46,224 - INFO - Epoch [352/500], Loss: 0.40945201742673115, Accuracy: 90.0463138713841%
2024-02-21 21:15:47,054 - INFO - Epoch [353/500], Loss: 0.4091264260181737, Accuracy: 90.05390630931592%
2024-02-21 21:15:47,881 - INFO - Epoch [354/500], Loss: 0.40871696055476225, Accuracy: 90.0716219978235%
2024-02-21 21:15:48,808 - INFO - Epoch [355/500], Loss: 0.40834345549885787, Accuracy: 90.07415281046744%
2024-02-21 21:15:49,699 - INFO - Epoch [356/500], Loss: 0.4079775384086515, Accuracy: 90.08174524839926%
2024-02-21 21:15:50,503 - INFO - Epoch [357/500], Loss: 0.40761286202037045, Accuracy: 90.08680687368714%
2024-02-21 21:15:51,216 - INFO - Epoch [358/500], Loss: 0.4072762015726297, Accuracy: 90.10199174955078%
2024-02-21 21:15:52,032 - INFO - Epoch [359/500], Loss: 0.40742011452394145, Accuracy: 90.1095841874826%
2024-02-21 21:15:52,845 - INFO - Epoch [360/500], Loss: 0.4065671403021101, Accuracy: 90.11970743805836%
2024-02-21 21:15:53,684 - INFO - Epoch [361/500], Loss: 0.406226739722995, Accuracy: 90.11970743805836%
2024-02-21 21:15:53,695 - INFO - Test Accuracy: 70.63197026022304%, Balanced Test Accuracy: 70.95411189289067%
2024-02-21 21:15:54,620 - INFO - Epoch [362/500], Loss: 0.4057910982369175, Accuracy: 90.134892313922%
2024-02-21 21:15:55,440 - INFO - Epoch [363/500], Loss: 0.4056512472490149, Accuracy: 90.12476906334624%
2024-02-21 21:15:56,285 - INFO - Epoch [364/500], Loss: 0.40507406422928455, Accuracy: 90.1475463771417%
2024-02-21 21:15:57,192 - INFO - Epoch [365/500], Loss: 0.4046978619129908, Accuracy: 90.1602004403614%
2024-02-21 21:15:58,049 - INFO - Epoch [366/500], Loss: 0.40435809672119155, Accuracy: 90.1602004403614%
2024-02-21 21:15:58,837 - INFO - Epoch [367/500], Loss: 0.403997000952762, Accuracy: 90.16779287829323%
2024-02-21 21:15:59,677 - INFO - Epoch [368/500], Loss: 0.40368421073822724, Accuracy: 90.16779287829323%
2024-02-21 21:16:00,521 - INFO - Epoch [369/500], Loss: 0.40328351624550357, Accuracy: 90.18044694151293%
2024-02-21 21:16:01,371 - INFO - Epoch [370/500], Loss: 0.4029226867902663, Accuracy: 90.1855085668008%
2024-02-21 21:16:02,256 - INFO - Epoch [371/500], Loss: 0.40256961062550545, Accuracy: 90.20069344266444%
2024-02-21 21:16:02,268 - INFO - Test Accuracy: 70.50805452292441%, Balanced Test Accuracy: 70.85607267720438%
2024-02-21 21:16:03,135 - INFO - Epoch [372/500], Loss: 0.4022227736310132, Accuracy: 90.20828588059626%
2024-02-21 21:16:03,986 - INFO - Epoch [373/500], Loss: 0.4019011100303502, Accuracy: 90.23106319439172%
2024-02-21 21:16:04,810 - INFO - Epoch [374/500], Loss: 0.40175360011597794, Accuracy: 90.22600156910384%
2024-02-21 21:16:05,722 - INFO - Epoch [375/500], Loss: 0.40133224532849365, Accuracy: 90.2361248196796%
2024-02-21 21:16:06,600 - INFO - Epoch [376/500], Loss: 0.4008270081342949, Accuracy: 90.25384050818718%
2024-02-21 21:16:07,489 - INFO - Epoch [377/500], Loss: 0.40050463337871817, Accuracy: 90.25637132083112%
2024-02-21 21:16:08,397 - INFO - Epoch [378/500], Loss: 0.4001445777323698, Accuracy: 90.26902538405082%
2024-02-21 21:16:09,200 - INFO - Epoch [379/500], Loss: 0.3998026128918413, Accuracy: 90.27914863462658%
2024-02-21 21:16:10,046 - INFO - Epoch [380/500], Loss: 0.3994651925750077, Accuracy: 90.28421025991446%
2024-02-21 21:16:10,890 - INFO - Epoch [381/500], Loss: 0.3991630341587288, Accuracy: 90.28927188520234%
2024-02-21 21:16:10,900 - INFO - Test Accuracy: 70.63197026022304%, Balanced Test Accuracy: 70.96023934387105%
2024-02-21 21:16:11,758 - INFO - Epoch [382/500], Loss: 0.39878627446089543, Accuracy: 90.30445676106598%
2024-02-21 21:16:12,545 - INFO - Epoch [383/500], Loss: 0.39843774037135227, Accuracy: 90.3120491989978%
2024-02-21 21:16:13,316 - INFO - Epoch [384/500], Loss: 0.3981002709948488, Accuracy: 90.31964163692962%
2024-02-21 21:16:14,098 - INFO - Epoch [385/500], Loss: 0.39776834859062105, Accuracy: 90.33482651279326%
2024-02-21 21:16:14,832 - INFO - Epoch [386/500], Loss: 0.3974820032505499, Accuracy: 90.3373573254372%
2024-02-21 21:16:15,555 - INFO - Epoch [387/500], Loss: 0.3979059945972216, Accuracy: 90.3500113886569%
2024-02-21 21:16:16,361 - INFO - Epoch [388/500], Loss: 0.3973217554871113, Accuracy: 90.34748057601296%
2024-02-21 21:16:17,139 - INFO - Epoch [389/500], Loss: 0.3964787962275647, Accuracy: 90.37278870245235%
2024-02-21 21:16:17,911 - INFO - Epoch [390/500], Loss: 0.3961408556919665, Accuracy: 90.38038114038417%
2024-02-21 21:16:18,748 - INFO - Epoch [391/500], Loss: 0.39577862414561454, Accuracy: 90.3753195150963%
2024-02-21 21:16:18,759 - INFO - Test Accuracy: 70.63197026022304%, Balanced Test Accuracy: 70.96023934387105%
2024-02-21 21:16:19,568 - INFO - Epoch [392/500], Loss: 0.39545147921589596, Accuracy: 90.38544276567205%
2024-02-21 21:16:20,422 - INFO - Epoch [393/500], Loss: 0.3951212270485778, Accuracy: 90.40062764153569%
2024-02-21 21:16:21,185 - INFO - Epoch [394/500], Loss: 0.39482234000799155, Accuracy: 90.41834333004327%
2024-02-21 21:16:21,996 - INFO - Epoch [395/500], Loss: 0.39447069702850235, Accuracy: 90.41581251739933%
2024-02-21 21:16:22,740 - INFO - Epoch [396/500], Loss: 0.3942321527659172, Accuracy: 90.42340495533115%
2024-02-21 21:16:23,538 - INFO - Epoch [397/500], Loss: 0.3939403019875528, Accuracy: 90.43352820590691%
2024-02-21 21:16:24,405 - INFO - Epoch [398/500], Loss: 0.3935034332736846, Accuracy: 90.43099739326297%
2024-02-21 21:16:25,300 - INFO - Epoch [399/500], Loss: 0.393156266455809, Accuracy: 90.43099739326297%
2024-02-21 21:16:26,231 - INFO - Epoch [400/500], Loss: 0.39284647870508416, Accuracy: 90.43352820590691%
2024-02-21 21:16:27,098 - INFO - Epoch [401/500], Loss: 0.392535712524888, Accuracy: 90.44618226912662%
2024-02-21 21:16:27,108 - INFO - Test Accuracy: 70.75588599752169%, Balanced Test Accuracy: 71.06440601053772%
2024-02-21 21:16:27,964 - INFO - Epoch [402/500], Loss: 0.3922266716648254, Accuracy: 90.4512438944145%
2024-02-21 21:16:28,715 - INFO - Epoch [403/500], Loss: 0.3919079390714966, Accuracy: 90.4638979576342%
2024-02-21 21:16:29,529 - INFO - Epoch [404/500], Loss: 0.3916355963766335, Accuracy: 90.46895958292208%
2024-02-21 21:16:30,300 - INFO - Epoch [405/500], Loss: 0.3912700516802649, Accuracy: 90.46895958292208%
2024-02-21 21:16:31,156 - INFO - Epoch [406/500], Loss: 0.3909492780184073, Accuracy: 90.47402120820996%
2024-02-21 21:16:31,996 - INFO - Epoch [407/500], Loss: 0.3906347914598882, Accuracy: 90.48161364614178%
2024-02-21 21:16:32,917 - INFO - Epoch [408/500], Loss: 0.39032411524244853, Accuracy: 90.48414445878572%
2024-02-21 21:16:33,780 - INFO - Epoch [409/500], Loss: 0.39075991322076126, Accuracy: 90.49173689671754%
2024-02-21 21:16:34,603 - INFO - Epoch [410/500], Loss: 0.3901979371064132, Accuracy: 90.48667527142966%
2024-02-21 21:16:35,416 - INFO - Epoch [411/500], Loss: 0.3894426538909395, Accuracy: 90.51198339786906%
2024-02-21 21:16:35,427 - INFO - Test Accuracy: 70.75588599752169%, Balanced Test Accuracy: 71.06440601053772%
2024-02-21 21:16:36,259 - INFO - Epoch [412/500], Loss: 0.3890559502066143, Accuracy: 90.52969908637664%
2024-02-21 21:16:37,137 - INFO - Epoch [413/500], Loss: 0.38875292798864747, Accuracy: 90.53476071166452%
2024-02-21 21:16:37,945 - INFO - Epoch [414/500], Loss: 0.3884405287042741, Accuracy: 90.54235314959634%
2024-02-21 21:16:38,739 - INFO - Epoch [415/500], Loss: 0.3881289550223418, Accuracy: 90.54994558752816%
2024-02-21 21:16:39,574 - INFO - Epoch [416/500], Loss: 0.3878720123921671, Accuracy: 90.54741477488422%
2024-02-21 21:16:40,486 - INFO - Epoch [417/500], Loss: 0.3875246018982462, Accuracy: 90.55500721281604%
2024-02-21 21:16:41,353 - INFO - Epoch [418/500], Loss: 0.38722610545735203, Accuracy: 90.56259965074786%
2024-02-21 21:16:42,212 - INFO - Epoch [419/500], Loss: 0.3869214574806392, Accuracy: 90.57525371396756%
2024-02-21 21:16:43,104 - INFO - Epoch [420/500], Loss: 0.38662625813195783, Accuracy: 90.57525371396756%
2024-02-21 21:16:44,011 - INFO - Epoch [421/500], Loss: 0.3863197154695949, Accuracy: 90.58031533925543%
2024-02-21 21:16:44,025 - INFO - Test Accuracy: 70.75588599752169%, Balanced Test Accuracy: 71.06440601053772%
2024-02-21 21:16:44,978 - INFO - Epoch [422/500], Loss: 0.38604006699977383, Accuracy: 90.58284615189937%
2024-02-21 21:16:45,860 - INFO - Epoch [423/500], Loss: 0.3857264096488155, Accuracy: 90.59550021511907%
2024-02-21 21:16:46,754 - INFO - Epoch [424/500], Loss: 0.3854257826272759, Accuracy: 90.59803102776301%
2024-02-21 21:16:47,592 - INFO - Epoch [425/500], Loss: 0.3851341062315529, Accuracy: 90.60056184040695%
2024-02-21 21:16:48,482 - INFO - Epoch [426/500], Loss: 0.3848835987699849, Accuracy: 90.61068509098271%
2024-02-21 21:16:49,343 - INFO - Epoch [427/500], Loss: 0.3845460351496454, Accuracy: 90.60562346569483%
2024-02-21 21:16:50,208 - INFO - Epoch [428/500], Loss: 0.3842803747543404, Accuracy: 90.61574671627059%
2024-02-21 21:16:50,995 - INFO - Epoch [429/500], Loss: 0.38408414843762595, Accuracy: 90.63852403006605%
2024-02-21 21:16:51,778 - INFO - Epoch [430/500], Loss: 0.38386169781968477, Accuracy: 90.63346240477817%
2024-02-21 21:16:52,566 - INFO - Epoch [431/500], Loss: 0.38375710807139835, Accuracy: 90.63852403006605%
2024-02-21 21:16:52,576 - INFO - Test Accuracy: 70.63197026022304%, Balanced Test Accuracy: 71.06601631649583%
2024-02-21 21:16:53,350 - INFO - Epoch [432/500], Loss: 0.38314585034705456, Accuracy: 90.65623971857363%
2024-02-21 21:16:54,201 - INFO - Epoch [433/500], Loss: 0.38287429320776173, Accuracy: 90.65877053121757%
2024-02-21 21:16:55,039 - INFO - Epoch [434/500], Loss: 0.38250406802962383, Accuracy: 90.67142459443727%
2024-02-21 21:16:55,830 - INFO - Epoch [435/500], Loss: 0.3822373592204625, Accuracy: 90.68660947030091%
2024-02-21 21:16:56,560 - INFO - Epoch [436/500], Loss: 0.38193753366208366, Accuracy: 90.68914028294485%
2024-02-21 21:16:57,313 - INFO - Epoch [437/500], Loss: 0.38165922392339957, Accuracy: 90.70938678409637%
2024-02-21 21:16:58,063 - INFO - Epoch [438/500], Loss: 0.3813464775561325, Accuracy: 90.70432515880849%
2024-02-21 21:16:58,921 - INFO - Epoch [439/500], Loss: 0.38105627660068775, Accuracy: 90.71444840938425%
2024-02-21 21:16:59,776 - INFO - Epoch [440/500], Loss: 0.38078568162276377, Accuracy: 90.72204084731608%
2024-02-21 21:17:00,645 - INFO - Epoch [441/500], Loss: 0.38050017602020697, Accuracy: 90.72710247260396%
2024-02-21 21:17:00,656 - INFO - Test Accuracy: 70.63197026022304%, Balanced Test Accuracy: 70.97181341794513%
2024-02-21 21:17:01,497 - INFO - Epoch [442/500], Loss: 0.3802237370982766, Accuracy: 90.73469491053578%
2024-02-21 21:17:02,472 - INFO - Epoch [443/500], Loss: 0.37998199099374397, Accuracy: 90.7422873484676%
2024-02-21 21:17:03,285 - INFO - Epoch [444/500], Loss: 0.3796747047454119, Accuracy: 90.74987978639942%
2024-02-21 21:17:04,138 - INFO - Epoch [445/500], Loss: 0.37939499105296787, Accuracy: 90.76000303697518%
2024-02-21 21:17:05,010 - INFO - Epoch [446/500], Loss: 0.3792027121019219, Accuracy: 90.77265710019488%
2024-02-21 21:17:05,854 - INFO - Epoch [447/500], Loss: 0.3792189183464694, Accuracy: 90.76506466226306%
2024-02-21 21:17:06,657 - INFO - Epoch [448/500], Loss: 0.3787838682652481, Accuracy: 90.78784197605852%
2024-02-21 21:17:07,481 - INFO - Epoch [449/500], Loss: 0.3783955013139113, Accuracy: 90.79543441399034%
2024-02-21 21:17:08,359 - INFO - Epoch [450/500], Loss: 0.37830451701677614, Accuracy: 90.80049603927822%
2024-02-21 21:17:09,280 - INFO - Epoch [451/500], Loss: 0.37775298433318255, Accuracy: 90.81315010249791%
2024-02-21 21:17:09,293 - INFO - Test Accuracy: 70.50805452292441%, Balanced Test Accuracy: 70.85276579889751%
2024-02-21 21:17:10,178 - INFO - Epoch [452/500], Loss: 0.37746369035073346, Accuracy: 90.82074254042973%
2024-02-21 21:17:11,073 - INFO - Epoch [453/500], Loss: 0.3772221939758428, Accuracy: 90.83339660364943%
2024-02-21 21:17:11,935 - INFO - Epoch [454/500], Loss: 0.37709975341755536, Accuracy: 90.8308657910055%
2024-02-21 21:17:12,782 - INFO - Epoch [455/500], Loss: 0.37666307987585185, Accuracy: 90.8308657910055%
2024-02-21 21:17:13,555 - INFO - Epoch [456/500], Loss: 0.3764110999632507, Accuracy: 90.83339660364943%
2024-02-21 21:17:14,376 - INFO - Epoch [457/500], Loss: 0.376085335493929, Accuracy: 90.84351985422519%
2024-02-21 21:17:15,227 - INFO - Epoch [458/500], Loss: 0.3757931813147039, Accuracy: 90.84098904158125%
2024-02-21 21:17:16,046 - INFO - Epoch [459/500], Loss: 0.3755297723166164, Accuracy: 90.85870473008883%
2024-02-21 21:17:16,944 - INFO - Epoch [460/500], Loss: 0.3752633652259265, Accuracy: 90.87135879330853%
2024-02-21 21:17:17,797 - INFO - Epoch [461/500], Loss: 0.3750027930514226, Accuracy: 90.87135879330853%
2024-02-21 21:17:17,809 - INFO - Test Accuracy: 70.38413878562578%, Balanced Test Accuracy: 70.73371817984989%
2024-02-21 21:17:18,600 - INFO - Epoch [462/500], Loss: 0.3747431697444089, Accuracy: 90.88148204388429%
2024-02-21 21:17:19,371 - INFO - Epoch [463/500], Loss: 0.3749979616503321, Accuracy: 90.87642041859641%
2024-02-21 21:17:20,158 - INFO - Epoch [464/500], Loss: 0.3744357024139214, Accuracy: 90.87642041859641%
2024-02-21 21:17:20,964 - INFO - Epoch [465/500], Loss: 0.37417950327958793, Accuracy: 90.89160529446005%
2024-02-21 21:17:21,789 - INFO - Epoch [466/500], Loss: 0.3736811661942592, Accuracy: 90.90679017032369%
2024-02-21 21:17:22,613 - INFO - Epoch [467/500], Loss: 0.37342428210221473, Accuracy: 90.91438260825551%
2024-02-21 21:17:23,500 - INFO - Epoch [468/500], Loss: 0.3731455598026514, Accuracy: 90.92956748411915%
2024-02-21 21:17:24,392 - INFO - Epoch [469/500], Loss: 0.3728774889192033, Accuracy: 90.93462910940703%
2024-02-21 21:17:25,196 - INFO - Epoch [470/500], Loss: 0.3726274638677076, Accuracy: 90.9396907346949%
2024-02-21 21:17:25,983 - INFO - Epoch [471/500], Loss: 0.3724933556100774, Accuracy: 90.94981398527067%
2024-02-21 21:17:25,994 - INFO - Test Accuracy: 70.50805452292441%, Balanced Test Accuracy: 70.85276579889751%
2024-02-21 21:17:26,769 - INFO - Epoch [472/500], Loss: 0.3721009767914732, Accuracy: 90.94728317262673%
2024-02-21 21:17:27,586 - INFO - Epoch [473/500], Loss: 0.3719673123691351, Accuracy: 90.95740642320249%
2024-02-21 21:17:28,498 - INFO - Epoch [474/500], Loss: 0.3716008884141282, Accuracy: 90.9649988611343%
2024-02-21 21:17:29,350 - INFO - Epoch [475/500], Loss: 0.3713180800569394, Accuracy: 90.96246804849036%
2024-02-21 21:17:30,111 - INFO - Epoch [476/500], Loss: 0.371062827927451, Accuracy: 90.96246804849036%
2024-02-21 21:17:30,840 - INFO - Epoch [477/500], Loss: 0.3708073323021733, Accuracy: 90.96752967377824%
2024-02-21 21:17:31,729 - INFO - Epoch [478/500], Loss: 0.37055708881046984, Accuracy: 90.977652924354%
2024-02-21 21:17:32,550 - INFO - Epoch [479/500], Loss: 0.37045085161263425, Accuracy: 90.98018373699794%
2024-02-21 21:17:33,351 - INFO - Epoch [480/500], Loss: 0.37009795071677337, Accuracy: 90.99536861286158%
2024-02-21 21:17:34,145 - INFO - Epoch [481/500], Loss: 0.3698123748894901, Accuracy: 90.99283780021764%
2024-02-21 21:17:34,156 - INFO - Test Accuracy: 70.38413878562578%, Balanced Test Accuracy: 70.74859913223084%
2024-02-21 21:17:35,001 - INFO - Epoch [482/500], Loss: 0.36953537478562326, Accuracy: 91.00549186343736%
2024-02-21 21:17:35,886 - INFO - Epoch [483/500], Loss: 0.3692835050094272, Accuracy: 91.01561511401312%
2024-02-21 21:17:36,697 - INFO - Epoch [484/500], Loss: 0.3690380725799309, Accuracy: 91.02320755194494%
2024-02-21 21:17:37,503 - INFO - Epoch [485/500], Loss: 0.3687999057583511, Accuracy: 91.02573836458888%
2024-02-21 21:17:38,381 - INFO - Epoch [486/500], Loss: 0.36860500378233774, Accuracy: 91.0333308025207%
2024-02-21 21:17:39,183 - INFO - Epoch [487/500], Loss: 0.3682975570761388, Accuracy: 91.05610811631615%
2024-02-21 21:17:39,975 - INFO - Epoch [488/500], Loss: 0.36803677105795474, Accuracy: 91.06116974160403%
2024-02-21 21:17:40,813 - INFO - Epoch [489/500], Loss: 0.3678521879858548, Accuracy: 91.06623136689191%
2024-02-21 21:17:41,701 - INFO - Epoch [490/500], Loss: 0.36753967345782346, Accuracy: 91.07382380482373%
2024-02-21 21:17:42,516 - INFO - Epoch [491/500], Loss: 0.36727809192492594, Accuracy: 91.08647786804343%
2024-02-21 21:17:42,526 - INFO - Test Accuracy: 70.38413878562578%, Balanced Test Accuracy: 70.74859913223084%
2024-02-21 21:17:43,293 - INFO - Epoch [492/500], Loss: 0.3670289552650384, Accuracy: 91.10166274390707%
2024-02-21 21:17:44,030 - INFO - Epoch [493/500], Loss: 0.36690575483765814, Accuracy: 91.09913193126313%
2024-02-21 21:17:44,838 - INFO - Epoch [494/500], Loss: 0.36654783420324805, Accuracy: 91.10925518183889%
2024-02-21 21:17:45,709 - INFO - Epoch [495/500], Loss: 0.3664005269266425, Accuracy: 91.11178599448283%
2024-02-21 21:17:46,579 - INFO - Epoch [496/500], Loss: 0.3661275310592065, Accuracy: 91.12190924505859%
2024-02-21 21:17:47,415 - INFO - Epoch [497/500], Loss: 0.36581935628407425, Accuracy: 91.13962493356617%
2024-02-21 21:17:48,242 - INFO - Epoch [498/500], Loss: 0.36555817461903056, Accuracy: 91.13709412092223%
2024-02-21 21:17:49,029 - INFO - Epoch [499/500], Loss: 0.3658913743021267, Accuracy: 91.13203249563435%
2024-02-21 21:17:49,853 - INFO - Epoch [500/500], Loss: 0.36510045640170574, Accuracy: 91.13456330827829%
2024-02-21 21:17:50,109 - INFO - Test Accuracy: 68.96135265700484%, Balanced Test Accuracy: 68.96135265700482%
2024-02-21 21:17:50,429 - INFO - Final unblanced test accuracy: 68.96135265700484% and final balanced test accuracy 68.96135265700482
