2024-02-02 22:02:40,339 - INFO - Configuration:
{
    "task": "5",
    "topic": "CS",
    "train_classifier": true,
    "number_gpus": "1",
    "modalities": [
        "depth"
    ],
    "encoder_model": "MAE",
    "mask_ratio": 0.8,
    "dataset": "NTU",
    "split": "CS",
    "num_classes": 60,
    "epochs": 500,
    "res_cktp": false,
    "cktp_dir": "/home/bas06400/Thesis/VIP/src/align_checkpoints/mae_checkpoints/",
    "trained_encoder": "checkpoint_depth_CS_20240202_005812.pth",
    "learning_rate": 0.001,
    "temperature": 0.1,
    "num_workers": 10,
    "batch_size": 64,
    "data_root": "/net/polaris/storage/deeplearning/ntu",
    "random_sample": false,
    "pin_memory": true,
    "scheduler_config": {
        "type": "plateau",
        "params": {
            "mode": "min",
            "factor": 0.1,
            "patience": 5
        }
    }
}
2024-02-02 22:02:40,395 - INFO - Training MAE for depth...
2024-02-02 22:02:40,439 - INFO - Evaluing on the following GPUs [2]
2024-02-02 22:02:46,145 - INFO - Starting feature extraction...
2024-02-02 22:36:52,961 - INFO - Epoch [1/500], Loss: 3.2573502092592177, Accuracy: 34.01918355984107%
2024-02-02 22:36:52,979 - INFO - Test Accuracy: 38.909541511772%, Balanced Test Accuracy: 40.07447158789869%
2024-02-02 22:36:53,822 - INFO - Epoch [2/500], Loss: 2.3920759537046954, Accuracy: 46.78713334851821%
2024-02-02 22:36:54,641 - INFO - Epoch [3/500], Loss: 2.150013882786997, Accuracy: 51.147723534026774%
2024-02-02 22:36:55,460 - INFO - Epoch [4/500], Loss: 2.011256577266801, Accuracy: 53.719029180269786%
2024-02-02 22:36:56,254 - INFO - Epoch [5/500], Loss: 1.9159794202254665, Accuracy: 55.5310910333308%
2024-02-02 22:36:56,989 - INFO - Epoch [6/500], Loss: 1.8442533955939355, Accuracy: 57.01414724267963%
2024-02-02 22:36:57,748 - INFO - Epoch [7/500], Loss: 1.7871542934688829, Accuracy: 58.07202692784653%
2024-02-02 22:36:58,494 - INFO - Epoch [8/500], Loss: 1.7399684939413302, Accuracy: 59.00336598081644%
2024-02-02 22:36:59,216 - INFO - Epoch [9/500], Loss: 1.69992022576832, Accuracy: 59.775263837218134%
2024-02-02 22:36:59,958 - INFO - Epoch [10/500], Loss: 1.665242352312611, Accuracy: 60.54969250626376%
2024-02-02 22:37:00,843 - INFO - Epoch [11/500], Loss: 1.6347424485270055, Accuracy: 61.27350492243059%
2024-02-02 22:37:00,856 - INFO - Test Accuracy: 58.61214374225526%, Balanced Test Accuracy: 59.17997029729764%
2024-02-02 22:37:01,723 - INFO - Epoch [12/500], Loss: 1.607578733154843, Accuracy: 61.85812264318073%
2024-02-02 22:37:02,594 - INFO - Epoch [13/500], Loss: 1.5831353166891682, Accuracy: 62.33897704552932%
2024-02-02 22:37:03,443 - INFO - Epoch [14/500], Loss: 1.5609483782562517, Accuracy: 62.78186925821881%
2024-02-02 22:37:04,317 - INFO - Epoch [15/500], Loss: 1.5406602380737182, Accuracy: 63.212107407688606%
2024-02-02 22:37:05,051 - INFO - Epoch [16/500], Loss: 1.5219896780627389, Accuracy: 63.574013615772024%
2024-02-02 22:37:05,749 - INFO - Epoch [17/500], Loss: 1.5047118341730488, Accuracy: 63.93591982385544%
2024-02-02 22:37:06,431 - INFO - Epoch [18/500], Loss: 1.4886443768778155, Accuracy: 64.32566497102219%
2024-02-02 22:37:07,129 - INFO - Epoch [19/500], Loss: 1.4736375814724354, Accuracy: 64.61417761243135%
2024-02-02 22:37:07,946 - INFO - Epoch [20/500], Loss: 1.4595671154318317, Accuracy: 64.91028269177232%
2024-02-02 22:37:08,772 - INFO - Epoch [21/500], Loss: 1.4463286769966925, Accuracy: 65.13552501708298%
2024-02-02 22:37:08,783 - INFO - Test Accuracy: 60.84262701363073%, Balanced Test Accuracy: 61.086846237261824%
2024-02-02 22:37:09,653 - INFO - Epoch [22/500], Loss: 1.4338338819722976, Accuracy: 65.41897603320426%
2024-02-02 22:37:10,460 - INFO - Epoch [23/500], Loss: 1.422007338414269, Accuracy: 65.67964973553008%
2024-02-02 22:37:11,198 - INFO - Epoch [24/500], Loss: 1.4107840883155023, Accuracy: 65.95044668843165%
2024-02-02 22:37:12,033 - INFO - Epoch [25/500], Loss: 1.400108031688198, Accuracy: 66.15038088730292%
2024-02-02 22:37:12,748 - INFO - Epoch [26/500], Loss: 1.389930309547532, Accuracy: 66.37815402525752%
2024-02-02 22:37:13,533 - INFO - Epoch [27/500], Loss: 1.380208157363438, Accuracy: 66.6362969149394%
2024-02-02 22:37:14,246 - INFO - Epoch [28/500], Loss: 1.3709040380293323, Accuracy: 66.86153924025004%
2024-02-02 22:37:14,915 - INFO - Epoch [29/500], Loss: 1.3619847655777009, Accuracy: 67.1120896920001%
2024-02-02 22:37:15,585 - INFO - Epoch [30/500], Loss: 1.3534209094941616, Accuracy: 67.31961632880318%
2024-02-02 22:37:16,263 - INFO - Epoch [31/500], Loss: 1.3451862925242992, Accuracy: 67.5170197150305%
2024-02-02 22:37:16,275 - INFO - Test Accuracy: 62.32961586121437%, Balanced Test Accuracy: 62.53639763901913%
2024-02-02 22:37:16,924 - INFO - Epoch [32/500], Loss: 1.3372574363264345, Accuracy: 67.71948472654569%
2024-02-02 22:37:17,629 - INFO - Epoch [33/500], Loss: 1.3296132913279919, Accuracy: 67.89917242426543%
2024-02-02 22:37:18,359 - INFO - Epoch [34/500], Loss: 1.3222349122647317, Accuracy: 68.06873687140941%
2024-02-02 22:37:19,119 - INFO - Epoch [35/500], Loss: 1.3151051147330193, Accuracy: 68.2079315668261%
2024-02-02 22:37:19,818 - INFO - Epoch [36/500], Loss: 1.3082083442038106, Accuracy: 68.34712626224281%
2024-02-02 22:37:20,628 - INFO - Epoch [37/500], Loss: 1.301530446857214, Accuracy: 68.53440639789436%
2024-02-02 22:37:21,375 - INFO - Epoch [38/500], Loss: 1.295058542562108, Accuracy: 68.67107028066712%
2024-02-02 22:37:22,153 - INFO - Epoch [39/500], Loss: 1.288780781170053, Accuracy: 68.78748766228836%
2024-02-02 22:37:22,917 - INFO - Epoch [40/500], Loss: 1.2826863655880574, Accuracy: 68.929213170349%
2024-02-02 22:37:23,673 - INFO - Epoch [41/500], Loss: 1.2767653256174056, Accuracy: 69.10383924278085%
2024-02-02 22:37:23,685 - INFO - Test Accuracy: 63.073110285006194%, Balanced Test Accuracy: 63.4132800159015%
2024-02-02 22:37:24,534 - INFO - Epoch [42/500], Loss: 1.2710084968036222, Accuracy: 69.25062637612938%
2024-02-02 22:37:25,298 - INFO - Epoch [43/500], Loss: 1.2654074109009197, Accuracy: 69.38475944625819%
2024-02-02 22:37:26,133 - INFO - Epoch [44/500], Loss: 1.2599542144565814, Accuracy: 69.48852276465973%
2024-02-02 22:37:26,837 - INFO - Epoch [45/500], Loss: 1.2546416553518465, Accuracy: 69.58469364512945%
2024-02-02 22:37:27,651 - INFO - Epoch [46/500], Loss: 1.249462979635404, Accuracy: 69.69858021410676%
2024-02-02 22:37:28,417 - INFO - Epoch [47/500], Loss: 1.2444119127166848, Accuracy: 69.8352440968795%
2024-02-02 22:37:29,110 - INFO - Epoch [48/500], Loss: 1.2394825963363532, Accuracy: 69.98709285551591%
2024-02-02 22:37:29,837 - INFO - Epoch [49/500], Loss: 1.2346695353307071, Accuracy: 70.13641080150836%
2024-02-02 22:37:30,831 - INFO - Epoch [50/500], Loss: 1.229967620464102, Accuracy: 70.24523574519779%
2024-02-02 22:37:35,001 - INFO - Epoch [51/500], Loss: 1.2253720952618508, Accuracy: 70.34899906359932%
2024-02-02 22:37:35,011 - INFO - Test Accuracy: 64.18835192069393%, Balanced Test Accuracy: 64.35365445627593%
2024-02-02 22:37:43,111 - INFO - Epoch [52/500], Loss: 1.2208784186551649, Accuracy: 70.44770075671298%
2024-02-02 22:37:44,106 - INFO - Epoch [53/500], Loss: 1.2164823764394368, Accuracy: 70.54640244982664%
2024-02-02 22:37:45,107 - INFO - Epoch [54/500], Loss: 1.2121799669919475, Accuracy: 70.64257333029636%
2024-02-02 22:37:46,125 - INFO - Epoch [55/500], Loss: 1.2079674865930312, Accuracy: 70.74127502341001%
2024-02-02 22:37:47,111 - INFO - Epoch [56/500], Loss: 1.2038413897276885, Accuracy: 70.81213777744034%
2024-02-02 22:37:48,071 - INFO - Epoch [57/500], Loss: 1.1997983095746847, Accuracy: 70.88300053147066%
2024-02-02 22:37:48,964 - INFO - Epoch [58/500], Loss: 1.1958351551645225, Accuracy: 70.97664059929643%
2024-02-02 22:37:50,058 - INFO - Epoch [59/500], Loss: 1.1919489181450298, Accuracy: 71.05762660390252%
2024-02-02 22:37:51,239 - INFO - Epoch [60/500], Loss: 1.1881367873640791, Accuracy: 71.1512666717283%
2024-02-02 22:37:52,191 - INFO - Epoch [61/500], Loss: 1.184396103985848, Accuracy: 71.24996836484195%
2024-02-02 22:37:52,205 - INFO - Test Accuracy: 64.4361833952912%, Balanced Test Accuracy: 64.52900306097237%
2024-02-02 22:37:53,235 - INFO - Epoch [62/500], Loss: 1.180724354761262, Accuracy: 71.33601599473592%
2024-02-02 22:37:54,294 - INFO - Epoch [63/500], Loss: 1.177119117230177, Accuracy: 71.43218687520563%
2024-02-02 22:37:55,323 - INFO - Epoch [64/500], Loss: 1.1735781275577122, Accuracy: 71.5131728798117%
2024-02-02 22:37:56,239 - INFO - Epoch [65/500], Loss: 1.1700992385346083, Accuracy: 71.61440538556931%
2024-02-02 22:37:57,143 - INFO - Epoch [66/500], Loss: 1.166680399088129, Accuracy: 71.70298382810721%
2024-02-02 22:37:57,950 - INFO - Epoch [67/500], Loss: 1.1633196360762081, Accuracy: 71.7409460177663%
2024-02-02 22:37:58,760 - INFO - Epoch [68/500], Loss: 1.160015114673203, Accuracy: 71.81940120972844%
2024-02-02 22:37:59,524 - INFO - Epoch [69/500], Loss: 1.1567650571946175, Accuracy: 71.88520233847089%
2024-02-02 22:38:00,273 - INFO - Epoch [70/500], Loss: 1.1535677771654822, Accuracy: 71.94594184192545%
2024-02-02 22:38:01,106 - INFO - Epoch [71/500], Loss: 1.1504216473549604, Accuracy: 72.02439703388758%
2024-02-02 22:38:01,118 - INFO - Test Accuracy: 64.56009913258984%, Balanced Test Accuracy: 64.61062433824581%
2024-02-02 22:38:01,950 - INFO - Epoch [72/500], Loss: 1.1473251366086545, Accuracy: 72.12816035228911%
2024-02-02 22:38:02,722 - INFO - Epoch [73/500], Loss: 1.1442767839518286, Accuracy: 72.18130741781187%
2024-02-02 22:38:03,505 - INFO - Epoch [74/500], Loss: 1.1412751750960466, Accuracy: 72.26229342241794%
2024-02-02 22:38:04,339 - INFO - Epoch [75/500], Loss: 1.138318953194445, Accuracy: 72.33315617644826%
2024-02-02 22:38:05,167 - INFO - Epoch [76/500], Loss: 1.1354068437170597, Accuracy: 72.40148811783463%
2024-02-02 22:38:05,912 - INFO - Epoch [77/500], Loss: 1.1325375976101044, Accuracy: 72.49006656037254%
2024-02-02 22:38:06,713 - INFO - Epoch [78/500], Loss: 1.1297100272870833, Accuracy: 72.57358337762255%
2024-02-02 22:38:07,473 - INFO - Epoch [79/500], Loss: 1.1269229855388403, Accuracy: 72.63685369372105%
2024-02-02 22:38:08,213 - INFO - Epoch [80/500], Loss: 1.1241753880655574, Accuracy: 72.71783969832714%
2024-02-02 22:38:08,926 - INFO - Epoch [81/500], Loss: 1.121466183013493, Accuracy: 72.75833270063018%
2024-02-02 22:38:08,936 - INFO - Test Accuracy: 64.80793060718712%, Balanced Test Accuracy: 64.95570681568125%
2024-02-02 22:38:09,663 - INFO - Epoch [82/500], Loss: 1.118794344245426, Accuracy: 72.83678789259231%
2024-02-02 22:38:10,385 - INFO - Epoch [83/500], Loss: 1.1161589072716813, Accuracy: 72.88993495811505%
2024-02-02 22:38:11,102 - INFO - Epoch [84/500], Loss: 1.1135589276109972, Accuracy: 72.92283552248627%
2024-02-02 22:38:11,871 - INFO - Epoch [85/500], Loss: 1.1109935223695733, Accuracy: 72.9633285247893%
2024-02-02 22:38:12,605 - INFO - Epoch [86/500], Loss: 1.1084618057094273, Accuracy: 73.04178371675145%
2024-02-02 22:38:13,401 - INFO - Epoch [87/500], Loss: 1.105962958066694, Accuracy: 73.09493078227419%
2024-02-02 22:38:14,198 - INFO - Epoch [88/500], Loss: 1.1034961627015183, Accuracy: 73.18604003745602%
2024-02-02 22:38:14,921 - INFO - Epoch [89/500], Loss: 1.1010606169940964, Accuracy: 73.23918710297876%
2024-02-02 22:38:15,643 - INFO - Epoch [90/500], Loss: 1.0986556088732136, Accuracy: 73.31258066965303%
2024-02-02 22:38:16,359 - INFO - Epoch [91/500], Loss: 1.0962803703883002, Accuracy: 73.37332017310759%
2024-02-02 22:38:16,370 - INFO - Test Accuracy: 65.30359355638166%, Balanced Test Accuracy: 65.33930469927913%
2024-02-02 22:38:17,131 - INFO - Epoch [92/500], Loss: 1.0939342396994751, Accuracy: 73.40875155012274%
2024-02-02 22:38:17,885 - INFO - Epoch [93/500], Loss: 1.0916165162118212, Accuracy: 73.45430617771366%
2024-02-02 22:38:18,777 - INFO - Epoch [94/500], Loss: 1.089326549862181, Accuracy: 73.55553868347127%
2024-02-02 22:38:19,635 - INFO - Epoch [95/500], Loss: 1.0870637041065963, Accuracy: 73.61880899956977%
2024-02-02 22:38:20,431 - INFO - Epoch [96/500], Loss: 1.0848273606069627, Accuracy: 73.6846101283122%
2024-02-02 22:38:21,251 - INFO - Epoch [97/500], Loss: 1.0826169394797855, Accuracy: 73.74281881912282%
2024-02-02 22:38:22,145 - INFO - Epoch [98/500], Loss: 1.0804318779058033, Accuracy: 73.78837344671373%
2024-02-02 22:38:23,065 - INFO - Epoch [99/500], Loss: 1.0782715909543537, Accuracy: 73.83898969959255%
2024-02-02 22:38:23,911 - INFO - Epoch [100/500], Loss: 1.0761355490934463, Accuracy: 73.88201351453952%
2024-02-02 22:38:24,722 - INFO - Epoch [101/500], Loss: 1.0740232357695219, Accuracy: 73.95287626856984%
2024-02-02 22:38:24,731 - INFO - Test Accuracy: 65.30359355638166%, Balanced Test Accuracy: 65.36261472258916%
2024-02-02 22:38:25,476 - INFO - Epoch [102/500], Loss: 1.0719341492700962, Accuracy: 74.0009617088047%
2024-02-02 22:38:26,231 - INFO - Epoch [103/500], Loss: 1.0698677897453308, Accuracy: 74.05157796168349%
2024-02-02 22:38:26,956 - INFO - Epoch [104/500], Loss: 1.0678236965210206, Accuracy: 74.08447852605471%
2024-02-02 22:38:27,723 - INFO - Epoch [105/500], Loss: 1.0658013836871232, Accuracy: 74.13256396628958%
2024-02-02 22:38:28,431 - INFO - Epoch [106/500], Loss: 1.0638004302858346, Accuracy: 74.17558778123656%
2024-02-02 22:38:29,149 - INFO - Epoch [107/500], Loss: 1.0618203857973698, Accuracy: 74.23885809733505%
2024-02-02 22:38:29,855 - INFO - Epoch [108/500], Loss: 1.0598608341909224, Accuracy: 74.28188191228203%
2024-02-02 22:38:30,569 - INFO - Epoch [109/500], Loss: 1.0579213827487923, Accuracy: 74.33755979044871%
2024-02-02 22:38:31,324 - INFO - Epoch [110/500], Loss: 1.056001624152545, Accuracy: 74.38311441803964%
2024-02-02 22:38:32,086 - INFO - Epoch [111/500], Loss: 1.054101172293867, Accuracy: 74.43626148356238%
2024-02-02 22:38:32,097 - INFO - Test Accuracy: 65.05576208178438%, Balanced Test Accuracy: 65.1604088402362%
2024-02-02 22:38:32,973 - INFO - Epoch [112/500], Loss: 1.0522196526008267, Accuracy: 74.4691620479336%
2024-02-02 22:38:33,699 - INFO - Epoch [113/500], Loss: 1.0503567098489692, Accuracy: 74.51724748816845%
2024-02-02 22:38:34,563 - INFO - Epoch [114/500], Loss: 1.0485119799812954, Accuracy: 74.56280211575937%
2024-02-02 22:38:35,351 - INFO - Epoch [115/500], Loss: 1.0466851449661678, Accuracy: 74.6032951180624%
2024-02-02 22:38:36,117 - INFO - Epoch [116/500], Loss: 1.0448758580511617, Accuracy: 74.63872649507756%
2024-02-02 22:38:36,913 - INFO - Epoch [117/500], Loss: 1.04308378666399, Accuracy: 74.67921949738061%
2024-02-02 22:38:37,693 - INFO - Epoch [118/500], Loss: 1.0413086147558304, Accuracy: 74.73236656290335%
2024-02-02 22:38:38,487 - INFO - Epoch [119/500], Loss: 1.039550063650935, Accuracy: 74.80322931693367%
2024-02-02 22:38:39,282 - INFO - Epoch [120/500], Loss: 1.0378078089486207, Accuracy: 74.83612988130488%
2024-02-02 22:38:40,041 - INFO - Epoch [121/500], Loss: 1.0360815707714326, Accuracy: 74.8690304456761%
2024-02-02 22:38:40,054 - INFO - Test Accuracy: 65.05576208178438%, Balanced Test Accuracy: 65.21001201483938%
2024-02-02 22:38:40,864 - INFO - Epoch [122/500], Loss: 1.0343710703835372, Accuracy: 74.91458507326702%
2024-02-02 22:38:41,599 - INFO - Epoch [123/500], Loss: 1.0326760217787758, Accuracy: 74.93230076177461%
2024-02-02 22:38:42,411 - INFO - Epoch [124/500], Loss: 1.0309961626246091, Accuracy: 74.96267051350189%
2024-02-02 22:38:43,154 - INFO - Epoch [125/500], Loss: 1.029331241283686, Accuracy: 75.00063270316099%
2024-02-02 22:38:43,929 - INFO - Epoch [126/500], Loss: 1.027680993801163, Accuracy: 75.05124895603979%
2024-02-02 22:38:44,706 - INFO - Epoch [127/500], Loss: 1.0260451859043491, Accuracy: 75.1094576468504%
2024-02-02 22:38:45,463 - INFO - Epoch [128/500], Loss: 1.0244235490118303, Accuracy: 75.1474198365095%
2024-02-02 22:38:46,214 - INFO - Epoch [129/500], Loss: 1.0228158570826054, Accuracy: 75.17019715030496%
2024-02-02 22:38:46,983 - INFO - Epoch [130/500], Loss: 1.0212219000583695, Accuracy: 75.22587502847165%
2024-02-02 22:38:47,720 - INFO - Epoch [131/500], Loss: 1.01964142966655, Accuracy: 75.25118315491105%
2024-02-02 22:38:47,731 - INFO - Test Accuracy: 64.93184634448575%, Balanced Test Accuracy: 65.0104321829066%
2024-02-02 22:38:48,447 - INFO - Epoch [132/500], Loss: 1.0180742391535351, Accuracy: 75.2866145319262%
2024-02-02 22:38:49,178 - INFO - Epoch [133/500], Loss: 1.0165200948474868, Accuracy: 75.33469997216106%
2024-02-02 22:38:50,032 - INFO - Epoch [134/500], Loss: 1.0149788223206997, Accuracy: 75.35241566066864%
2024-02-02 22:38:50,815 - INFO - Epoch [135/500], Loss: 1.0134501751031606, Accuracy: 75.39543947561562%
2024-02-02 22:38:51,565 - INFO - Epoch [136/500], Loss: 1.0119339980545543, Accuracy: 75.43087085263078%
2024-02-02 22:38:52,367 - INFO - Epoch [137/500], Loss: 1.0104300745672756, Accuracy: 75.45364816642623%
2024-02-02 22:38:53,085 - INFO - Epoch [138/500], Loss: 1.0089382169347616, Accuracy: 75.48401791815351%
2024-02-02 22:38:53,808 - INFO - Epoch [139/500], Loss: 1.0074582297595278, Accuracy: 75.52198010781262%
2024-02-02 22:38:54,535 - INFO - Epoch [140/500], Loss: 1.0059899345881516, Accuracy: 75.56247311011566%
2024-02-02 22:38:55,257 - INFO - Epoch [141/500], Loss: 1.004533157593781, Accuracy: 75.6029661124187%
2024-02-02 22:38:55,269 - INFO - Test Accuracy: 64.68401486988847%, Balanced Test Accuracy: 64.84614045611488%
2024-02-02 22:38:56,053 - INFO - Epoch [142/500], Loss: 1.003087735103984, Accuracy: 75.63839748943386%
2024-02-02 22:38:56,791 - INFO - Epoch [143/500], Loss: 1.0016534986995882, Accuracy: 75.65864399058538%
2024-02-02 22:38:57,542 - INFO - Epoch [144/500], Loss: 1.0002302464938932, Accuracy: 75.67382886644901%
2024-02-02 22:38:58,279 - INFO - Epoch [145/500], Loss: 0.9988178621016203, Accuracy: 75.6915445549566%
2024-02-02 22:38:58,990 - INFO - Epoch [146/500], Loss: 0.9974161570951823, Accuracy: 75.71685268139599%
2024-02-02 22:38:59,762 - INFO - Epoch [147/500], Loss: 0.9960249867891112, Accuracy: 75.73962999519145%
2024-02-02 22:39:00,513 - INFO - Epoch [148/500], Loss: 0.9946442018112829, Accuracy: 75.7674689342748%
2024-02-02 22:39:01,368 - INFO - Epoch [149/500], Loss: 0.9932736344034633, Accuracy: 75.81302356186572%
2024-02-02 22:39:02,192 - INFO - Epoch [150/500], Loss: 0.9919131791759883, Accuracy: 75.83580087566118%
2024-02-02 22:39:02,933 - INFO - Epoch [151/500], Loss: 0.9905626613406404, Accuracy: 75.87376306532028%
2024-02-02 22:39:02,943 - INFO - Test Accuracy: 64.56009913258984%, Balanced Test Accuracy: 64.76181505928948%
2024-02-02 22:39:03,718 - INFO - Epoch [152/500], Loss: 0.9892219481088461, Accuracy: 75.90413281704755%
2024-02-02 22:39:04,425 - INFO - Epoch [153/500], Loss: 0.9878908901685669, Accuracy: 75.92437931819907%
2024-02-02 22:39:05,140 - INFO - Epoch [154/500], Loss: 0.9865693948081424, Accuracy: 75.93956419406271%
2024-02-02 22:39:05,862 - INFO - Epoch [155/500], Loss: 0.9852572973336904, Accuracy: 75.99018044694151%
2024-02-02 22:39:06,596 - INFO - Epoch [156/500], Loss: 0.9839544799779693, Accuracy: 76.0281426366006%
2024-02-02 22:39:07,466 - INFO - Epoch [157/500], Loss: 0.9826607923474042, Accuracy: 76.0585123883279%
2024-02-02 22:39:08,181 - INFO - Epoch [158/500], Loss: 0.9813761415500795, Accuracy: 76.07622807683548%
2024-02-02 22:39:08,985 - INFO - Epoch [159/500], Loss: 0.9801004059132068, Accuracy: 76.11672107913851%
2024-02-02 22:39:09,747 - INFO - Epoch [160/500], Loss: 0.9788334470602774, Accuracy: 76.14456001822185%
2024-02-02 22:39:10,505 - INFO - Epoch [161/500], Loss: 0.9775751834555019, Accuracy: 76.16733733201731%
2024-02-02 22:39:10,517 - INFO - Test Accuracy: 64.31226765799256%, Balanced Test Accuracy: 64.45544251026988%
2024-02-02 22:39:11,306 - INFO - Epoch [162/500], Loss: 0.9763254745592994, Accuracy: 76.20529952167641%
2024-02-02 22:39:12,026 - INFO - Epoch [163/500], Loss: 0.9750842060893774, Accuracy: 76.22301521018399%
2024-02-02 22:39:12,847 - INFO - Epoch [164/500], Loss: 0.9738512838920278, Accuracy: 76.23820008604763%
2024-02-02 22:39:13,565 - INFO - Epoch [165/500], Loss: 0.9726265956076884, Accuracy: 76.26603902513097%
2024-02-02 22:39:14,327 - INFO - Epoch [166/500], Loss: 0.9714100434775313, Accuracy: 76.30906284007794%
2024-02-02 22:39:15,121 - INFO - Epoch [167/500], Loss: 0.970201515923104, Accuracy: 76.32677852858554%
2024-02-02 22:39:15,856 - INFO - Epoch [168/500], Loss: 0.9690008815377951, Accuracy: 76.349555842381%
2024-02-02 22:39:16,624 - INFO - Epoch [169/500], Loss: 0.9678081030687017, Accuracy: 76.38245640675221%
2024-02-02 22:39:17,477 - INFO - Epoch [170/500], Loss: 0.9666230456242638, Accuracy: 76.41535697112343%
2024-02-02 22:39:18,220 - INFO - Epoch [171/500], Loss: 0.9654456158919681, Accuracy: 76.44319591020677%
2024-02-02 22:39:18,230 - INFO - Test Accuracy: 64.31226765799256%, Balanced Test Accuracy: 64.52406996125026%
2024-02-02 22:39:18,969 - INFO - Epoch [172/500], Loss: 0.9642757202588743, Accuracy: 76.4710348492901%
2024-02-02 22:39:19,786 - INFO - Epoch [173/500], Loss: 0.9631132908285626, Accuracy: 76.4963429757295%
2024-02-02 22:39:20,535 - INFO - Epoch [174/500], Loss: 0.9619581975162991, Accuracy: 76.5343051653886%
2024-02-02 22:39:21,270 - INFO - Epoch [175/500], Loss: 0.9608103864255452, Accuracy: 76.56720572975982%
2024-02-02 22:39:22,015 - INFO - Epoch [176/500], Loss: 0.9596697501838207, Accuracy: 76.60010629413105%
2024-02-02 22:39:22,893 - INFO - Epoch [177/500], Loss: 0.9585362109806268, Accuracy: 76.62541442057045%
2024-02-02 22:39:23,677 - INFO - Epoch [178/500], Loss: 0.9574096985762158, Accuracy: 76.66590742287349%
2024-02-02 22:39:24,538 - INFO - Epoch [179/500], Loss: 0.956290106619558, Accuracy: 76.69121554931289%
2024-02-02 22:39:25,336 - INFO - Epoch [180/500], Loss: 0.9551773563988747, Accuracy: 76.71905448839622%
2024-02-02 22:39:26,109 - INFO - Epoch [181/500], Loss: 0.9540713766529676, Accuracy: 76.75448586541138%
2024-02-02 22:39:26,120 - INFO - Test Accuracy: 64.68401486988847%, Balanced Test Accuracy: 64.84532346265082%
2024-02-02 22:39:26,857 - INFO - Epoch [182/500], Loss: 0.9529721042321574, Accuracy: 76.79244805507048%
2024-02-02 22:39:27,585 - INFO - Epoch [183/500], Loss: 0.9518794326652442, Accuracy: 76.81522536886594%
2024-02-02 22:39:28,294 - INFO - Epoch [184/500], Loss: 0.9507932920129069, Accuracy: 76.84306430794928%
2024-02-02 22:39:29,057 - INFO - Epoch [185/500], Loss: 0.9497136470050581, Accuracy: 76.86584162174474%
2024-02-02 22:39:29,800 - INFO - Epoch [186/500], Loss: 0.9486403813765895, Accuracy: 76.87849568496445%
2024-02-02 22:39:30,528 - INFO - Epoch [187/500], Loss: 0.9475734311967127, Accuracy: 76.9139270619796%
2024-02-02 22:39:31,246 - INFO - Epoch [188/500], Loss: 0.9465127398049639, Accuracy: 76.939235188419%
2024-02-02 22:39:31,986 - INFO - Epoch [189/500], Loss: 0.9454582198973625, Accuracy: 76.96960494014628%
2024-02-02 22:39:32,713 - INFO - Epoch [190/500], Loss: 0.9444098324184457, Accuracy: 76.9771973780781%
2024-02-02 22:39:33,574 - INFO - Epoch [191/500], Loss: 0.943367459300545, Accuracy: 76.9898514412978%
2024-02-02 22:39:33,584 - INFO - Test Accuracy: 64.06443618339529%, Balanced Test Accuracy: 64.26153225385961%
2024-02-02 22:39:34,317 - INFO - Epoch [192/500], Loss: 0.942331111659446, Accuracy: 77.01769038038114%
2024-02-02 22:39:35,126 - INFO - Epoch [193/500], Loss: 0.9413006555048689, Accuracy: 77.03540606888872%
2024-02-02 22:39:35,974 - INFO - Epoch [194/500], Loss: 0.9402760339360083, Accuracy: 77.06324500797206%
2024-02-02 22:39:36,779 - INFO - Epoch [195/500], Loss: 0.9392572320517032, Accuracy: 77.0910839470554%
2024-02-02 22:39:37,643 - INFO - Epoch [196/500], Loss: 0.9382441438614361, Accuracy: 77.10120719763115%
2024-02-02 22:39:38,381 - INFO - Epoch [197/500], Loss: 0.9372367253827472, Accuracy: 77.11892288613873%
2024-02-02 22:39:39,127 - INFO - Epoch [198/500], Loss: 0.9362349406245255, Accuracy: 77.14929263786603%
2024-02-02 22:39:39,864 - INFO - Epoch [199/500], Loss: 0.9352386735019184, Accuracy: 77.17206995166148%
2024-02-02 22:39:40,617 - INFO - Epoch [200/500], Loss: 0.934247900341307, Accuracy: 77.17713157694936%
2024-02-02 22:39:41,342 - INFO - Epoch [201/500], Loss: 0.9332625689285416, Accuracy: 77.20750132867664%
2024-02-02 22:39:41,353 - INFO - Test Accuracy: 64.06443618339529%, Balanced Test Accuracy: 64.16893966126703%
2024-02-02 22:39:42,111 - INFO - Epoch [202/500], Loss: 0.9322826280709235, Accuracy: 77.24040189304786%
2024-02-02 22:39:42,847 - INFO - Epoch [203/500], Loss: 0.93130801029263, Accuracy: 77.27836408270696%
2024-02-02 22:39:43,630 - INFO - Epoch [204/500], Loss: 0.930338655388163, Accuracy: 77.29101814592666%
2024-02-02 22:39:44,394 - INFO - Epoch [205/500], Loss: 0.9293745124652502, Accuracy: 77.31126464707818%
2024-02-02 22:39:45,124 - INFO - Epoch [206/500], Loss: 0.9284155397645889, Accuracy: 77.34163439880545%
2024-02-02 22:39:45,904 - INFO - Epoch [207/500], Loss: 0.9274616895183441, Accuracy: 77.37200415053273%
2024-02-02 22:39:46,696 - INFO - Epoch [208/500], Loss: 0.9265128717186951, Accuracy: 77.38971983904031%
2024-02-02 22:39:47,499 - INFO - Epoch [209/500], Loss: 0.9255690945372466, Accuracy: 77.39984308961607%
2024-02-02 22:39:48,293 - INFO - Epoch [210/500], Loss: 0.924630266283789, Accuracy: 77.43527446663124%
2024-02-02 22:39:49,131 - INFO - Epoch [211/500], Loss: 0.9236963388900603, Accuracy: 77.45552096778276%
2024-02-02 22:39:49,141 - INFO - Test Accuracy: 63.69268897149938%, Balanced Test Accuracy: 63.772114264441626%
2024-02-02 22:39:49,880 - INFO - Epoch [212/500], Loss: 0.922767303823944, Accuracy: 77.47576746893428%
2024-02-02 22:39:50,585 - INFO - Epoch [213/500], Loss: 0.9218430644081484, Accuracy: 77.49095234479792%
2024-02-02 22:39:51,291 - INFO - Epoch [214/500], Loss: 0.9209235973295665, Accuracy: 77.50613722066156%
2024-02-02 22:39:52,030 - INFO - Epoch [215/500], Loss: 0.9200088650949539, Accuracy: 77.52385290916914%
2024-02-02 22:39:52,845 - INFO - Epoch [216/500], Loss: 0.9190988093013724, Accuracy: 77.53903778503278%
2024-02-02 22:39:53,608 - INFO - Epoch [217/500], Loss: 0.9181933889706289, Accuracy: 77.54916103560853%
2024-02-02 22:39:54,345 - INFO - Epoch [218/500], Loss: 0.9172925600000927, Accuracy: 77.571938349404%
2024-02-02 22:39:55,217 - INFO - Epoch [219/500], Loss: 0.9163962839351546, Accuracy: 77.58965403791157%
2024-02-02 22:39:55,966 - INFO - Epoch [220/500], Loss: 0.9155044889738483, Accuracy: 77.61496216435097%
2024-02-02 22:39:56,691 - INFO - Epoch [221/500], Loss: 0.9146171943434784, Accuracy: 77.63773947814643%
2024-02-02 22:39:56,702 - INFO - Test Accuracy: 63.69268897149938%, Balanced Test Accuracy: 63.772114264441626%
2024-02-02 22:39:57,433 - INFO - Epoch [222/500], Loss: 0.9137342984998419, Accuracy: 77.65545516665401%
2024-02-02 22:39:58,325 - INFO - Epoch [223/500], Loss: 0.9128557950738938, Accuracy: 77.67317085516159%
2024-02-02 22:39:59,124 - INFO - Epoch [224/500], Loss: 0.9119816227786003, Accuracy: 77.6934173563131%
2024-02-02 22:39:59,942 - INFO - Epoch [225/500], Loss: 0.9111117659917762, Accuracy: 77.70860223217676%
2024-02-02 22:40:00,748 - INFO - Epoch [226/500], Loss: 0.9102461828940338, Accuracy: 77.72125629539646%
2024-02-02 22:40:01,511 - INFO - Epoch [227/500], Loss: 0.909384788344464, Accuracy: 77.7364411712601%
2024-02-02 22:40:02,252 - INFO - Epoch [228/500], Loss: 0.9085276125059012, Accuracy: 77.76428011034344%
2024-02-02 22:40:03,042 - INFO - Epoch [229/500], Loss: 0.9076745703576072, Accuracy: 77.80224230000253%
2024-02-02 22:40:03,801 - INFO - Epoch [230/500], Loss: 0.9068256412302295, Accuracy: 77.83767367701769%
2024-02-02 22:40:04,575 - INFO - Epoch [231/500], Loss: 0.9059807821627586, Accuracy: 77.87310505403285%
2024-02-02 22:40:04,585 - INFO - Test Accuracy: 63.69268897149938%, Balanced Test Accuracy: 63.86139997872734%
2024-02-02 22:40:05,351 - INFO - Epoch [232/500], Loss: 0.9051399528980255, Accuracy: 77.89841318047225%
2024-02-02 22:40:06,137 - INFO - Epoch [233/500], Loss: 0.904303141839562, Accuracy: 77.92372130691165%
2024-02-02 22:40:07,025 - INFO - Epoch [234/500], Loss: 0.903470286618798, Accuracy: 77.9464986207071%
2024-02-02 22:40:07,728 - INFO - Epoch [235/500], Loss: 0.9026413708925247, Accuracy: 77.96421430921468%
2024-02-02 22:40:08,450 - INFO - Epoch [236/500], Loss: 0.9018163327127695, Accuracy: 77.99205324829803%
2024-02-02 22:40:09,177 - INFO - Epoch [237/500], Loss: 0.9009951627663066, Accuracy: 78.0021764988738%
2024-02-02 22:40:09,965 - INFO - Epoch [238/500], Loss: 0.900177832212179, Accuracy: 78.02495381266925%
2024-02-02 22:40:10,726 - INFO - Epoch [239/500], Loss: 0.899364288655981, Accuracy: 78.04266950117683%
2024-02-02 22:40:11,483 - INFO - Epoch [240/500], Loss: 0.8985545062610218, Accuracy: 78.04773112646471%
2024-02-02 22:40:12,228 - INFO - Epoch [241/500], Loss: 0.8977484467529482, Accuracy: 78.07050844026017%
2024-02-02 22:40:12,238 - INFO - Test Accuracy: 63.69268897149938%, Balanced Test Accuracy: 63.84288146020882%
2024-02-02 22:40:12,973 - INFO - Epoch [242/500], Loss: 0.89694610099879, Accuracy: 78.09581656669957%
2024-02-02 22:40:13,726 - INFO - Epoch [243/500], Loss: 0.8961474030248581, Accuracy: 78.11353225520715%
2024-02-02 22:40:14,519 - INFO - Epoch [244/500], Loss: 0.8953523439385237, Accuracy: 78.15149444486624%
2024-02-02 22:40:15,236 - INFO - Epoch [245/500], Loss: 0.8945608930361848, Accuracy: 78.16667932072988%
2024-02-02 22:40:15,996 - INFO - Epoch [246/500], Loss: 0.8937729930565241, Accuracy: 78.17680257130564%
2024-02-02 22:40:16,815 - INFO - Epoch [247/500], Loss: 0.8929886570981433, Accuracy: 78.18945663452534%
2024-02-02 22:40:17,633 - INFO - Epoch [248/500], Loss: 0.8922078252559708, Accuracy: 78.22235719889656%
2024-02-02 22:40:18,382 - INFO - Epoch [249/500], Loss: 0.8914304812468828, Accuracy: 78.24007288740414%
2024-02-02 22:40:19,149 - INFO - Epoch [250/500], Loss: 0.890656593225656, Accuracy: 78.24007288740414%
2024-02-02 22:40:19,951 - INFO - Epoch [251/500], Loss: 0.8898861318105652, Accuracy: 78.25525776326779%
2024-02-02 22:40:19,962 - INFO - Test Accuracy: 63.69268897149938%, Balanced Test Accuracy: 63.84288146020882%
2024-02-02 22:40:20,752 - INFO - Epoch [252/500], Loss: 0.8891190654568134, Accuracy: 78.29321995292689%
2024-02-02 22:40:21,541 - INFO - Epoch [253/500], Loss: 0.8883553645423343, Accuracy: 78.31093564143447%
2024-02-02 22:40:22,354 - INFO - Epoch [254/500], Loss: 0.8875950160286119, Accuracy: 78.3387745805178%
2024-02-02 22:40:23,141 - INFO - Epoch [255/500], Loss: 0.8868379861476922, Accuracy: 78.35395945638145%
2024-02-02 22:40:23,907 - INFO - Epoch [256/500], Loss: 0.8860842389685493, Accuracy: 78.37420595753296%
2024-02-02 22:40:24,685 - INFO - Epoch [257/500], Loss: 0.8853337553840491, Accuracy: 78.38432920810872%
2024-02-02 22:40:25,488 - INFO - Epoch [258/500], Loss: 0.8845864995232513, Accuracy: 78.39951408397236%
2024-02-02 22:40:26,382 - INFO - Epoch [259/500], Loss: 0.8838424879096208, Accuracy: 78.42229139776782%
2024-02-02 22:40:27,154 - INFO - Epoch [260/500], Loss: 0.8831016174367359, Accuracy: 78.44759952420722%
2024-02-02 22:40:27,957 - INFO - Epoch [261/500], Loss: 0.8823639424818177, Accuracy: 78.46278440007086%
2024-02-02 22:40:27,967 - INFO - Test Accuracy: 63.69268897149938%, Balanced Test Accuracy: 63.854455534282906%
2024-02-02 22:40:28,793 - INFO - Epoch [262/500], Loss: 0.8816293887193164, Accuracy: 78.48303090122238%
2024-02-02 22:40:29,683 - INFO - Epoch [263/500], Loss: 0.8808979605955463, Accuracy: 78.50833902766178%
2024-02-02 22:40:30,470 - INFO - Epoch [264/500], Loss: 0.8801696224198226, Accuracy: 78.51086984030572%
2024-02-02 22:40:31,312 - INFO - Epoch [265/500], Loss: 0.8794443465528949, Accuracy: 78.54377040467695%
2024-02-02 22:40:32,111 - INFO - Epoch [266/500], Loss: 0.8787221012096251, Accuracy: 78.55642446789665%
2024-02-02 22:40:32,864 - INFO - Epoch [267/500], Loss: 0.8780028780381526, Accuracy: 78.57160934376029%
2024-02-02 22:40:33,706 - INFO - Epoch [268/500], Loss: 0.8772866368413933, Accuracy: 78.58426340697999%
2024-02-02 22:40:34,434 - INFO - Epoch [269/500], Loss: 0.8765733790013098, Accuracy: 78.59944828284362%
2024-02-02 22:40:35,200 - INFO - Epoch [270/500], Loss: 0.8758630876940104, Accuracy: 78.63234884721484%
2024-02-02 22:40:35,934 - INFO - Epoch [271/500], Loss: 0.8751556842678017, Accuracy: 78.66271859894212%
2024-02-02 22:40:35,945 - INFO - Test Accuracy: 63.69268897149938%, Balanced Test Accuracy: 63.86058298526329%
2024-02-02 22:40:36,667 - INFO - Epoch [272/500], Loss: 0.8744512286878401, Accuracy: 78.6804342874497%
2024-02-02 22:40:37,417 - INFO - Epoch [273/500], Loss: 0.873749622954957, Accuracy: 78.69561916331334%
2024-02-02 22:40:38,233 - INFO - Epoch [274/500], Loss: 0.8730508955495973, Accuracy: 78.70827322653304%
2024-02-02 22:40:39,157 - INFO - Epoch [275/500], Loss: 0.8723550060343358, Accuracy: 78.72345810239668%
2024-02-02 22:40:39,986 - INFO - Epoch [276/500], Loss: 0.871661918898744, Accuracy: 78.7310505403285%
2024-02-02 22:40:40,881 - INFO - Epoch [277/500], Loss: 0.8709716531297853, Accuracy: 78.74117379090426%
2024-02-02 22:40:41,716 - INFO - Epoch [278/500], Loss: 0.8702841568137368, Accuracy: 78.7563586667679%
2024-02-02 22:40:42,576 - INFO - Epoch [279/500], Loss: 0.8695994097018435, Accuracy: 78.7816667932073%
2024-02-02 22:40:43,325 - INFO - Epoch [280/500], Loss: 0.8689173961118344, Accuracy: 78.80950573229065%
2024-02-02 22:40:44,020 - INFO - Epoch [281/500], Loss: 0.8682380954344426, Accuracy: 78.82469060815428%
2024-02-02 22:40:44,031 - INFO - Test Accuracy: 63.56877323420074%, Balanced Test Accuracy: 63.76557382775413%
2024-02-02 22:40:44,722 - INFO - Epoch [282/500], Loss: 0.8675614959530292, Accuracy: 78.83481385873004%
2024-02-02 22:40:45,418 - INFO - Epoch [283/500], Loss: 0.8668875884144537, Accuracy: 78.8449371093058%
2024-02-02 22:40:46,209 - INFO - Epoch [284/500], Loss: 0.8662163099093784, Accuracy: 78.86265279781338%
2024-02-02 22:40:47,104 - INFO - Epoch [285/500], Loss: 0.8655476816479237, Accuracy: 78.88543011160884%
2024-02-02 22:40:47,877 - INFO - Epoch [286/500], Loss: 0.8648816881881606, Accuracy: 78.91073823804824%
2024-02-02 22:40:48,780 - INFO - Epoch [287/500], Loss: 0.8642182744919292, Accuracy: 78.9335155518437%
2024-02-02 22:40:49,661 - INFO - Epoch [288/500], Loss: 0.8635574364133419, Accuracy: 78.9461696150634%
2024-02-02 22:40:50,561 - INFO - Epoch [289/500], Loss: 0.8628991808622114, Accuracy: 78.96135449092704%
2024-02-02 22:40:51,378 - INFO - Epoch [290/500], Loss: 0.8622434254615537, Accuracy: 78.99172424265431%
2024-02-02 22:40:52,214 - INFO - Epoch [291/500], Loss: 0.8615902454982842, Accuracy: 79.01703236909371%
2024-02-02 22:40:52,224 - INFO - Test Accuracy: 63.44485749690211%, Balanced Test Accuracy: 63.64652620870651%
2024-02-02 22:40:53,119 - INFO - Epoch [292/500], Loss: 0.8609395392479435, Accuracy: 79.03727887024523%
2024-02-02 22:40:53,952 - INFO - Epoch [293/500], Loss: 0.8602913345901235, Accuracy: 79.04993293346493%
2024-02-02 22:40:54,729 - INFO - Epoch [294/500], Loss: 0.8596456016624167, Accuracy: 79.06258699668463%
2024-02-02 22:40:55,543 - INFO - Epoch [295/500], Loss: 0.8590023319927915, Accuracy: 79.07271024726039%
2024-02-02 22:40:56,376 - INFO - Epoch [296/500], Loss: 0.8583614697619792, Accuracy: 79.09295674841192%
2024-02-02 22:40:57,143 - INFO - Epoch [297/500], Loss: 0.8577230793213652, Accuracy: 79.10561081163162%
2024-02-02 22:40:57,897 - INFO - Epoch [298/500], Loss: 0.8570870198910275, Accuracy: 79.1359805633589%
2024-02-02 22:40:58,639 - INFO - Epoch [299/500], Loss: 0.8564534572463843, Accuracy: 79.15622706451042%
2024-02-02 22:40:59,380 - INFO - Epoch [300/500], Loss: 0.8558221142739058, Accuracy: 79.15875787715436%
2024-02-02 22:41:00,109 - INFO - Epoch [301/500], Loss: 0.8551933141124826, Accuracy: 79.17141194037406%
2024-02-02 22:41:00,119 - INFO - Test Accuracy: 63.44485749690211%, Balanced Test Accuracy: 63.61723987507235%
2024-02-02 22:41:00,854 - INFO - Epoch [302/500], Loss: 0.8545666246885254, Accuracy: 79.1865968162377%
2024-02-02 22:41:01,607 - INFO - Epoch [303/500], Loss: 0.8539425597315834, Accuracy: 79.1992508794574%
2024-02-02 22:41:02,467 - INFO - Epoch [304/500], Loss: 0.8533203524327085, Accuracy: 79.2245590058968%
2024-02-02 22:41:03,306 - INFO - Epoch [305/500], Loss: 0.8527011055979998, Accuracy: 79.24480550704831%
2024-02-02 22:41:04,197 - INFO - Epoch [306/500], Loss: 0.8520831606921649, Accuracy: 79.27264444613165%
2024-02-02 22:41:05,049 - INFO - Epoch [307/500], Loss: 0.8514688599013513, Accuracy: 79.28529850935135%
2024-02-02 22:41:05,945 - INFO - Epoch [308/500], Loss: 0.8508548136920698, Accuracy: 79.31313744843469%
2024-02-02 22:41:06,779 - INFO - Epoch [309/500], Loss: 0.8502458641605992, Accuracy: 79.32579151165439%
2024-02-02 22:41:07,706 - INFO - Epoch [310/500], Loss: 0.8496350314347975, Accuracy: 79.33085313694227%
2024-02-02 22:41:08,498 - INFO - Epoch [311/500], Loss: 0.8490320358785891, Accuracy: 79.33591476223015%
2024-02-02 22:41:08,509 - INFO - Test Accuracy: 63.44485749690211%, Balanced Test Accuracy: 63.61723987507235%
2024-02-02 22:41:09,310 - INFO - Epoch [312/500], Loss: 0.8484236777069107, Accuracy: 79.35363045073773%
2024-02-02 22:41:10,149 - INFO - Epoch [313/500], Loss: 0.8478266309586263, Accuracy: 79.37387695188926%
2024-02-02 22:41:10,995 - INFO - Epoch [314/500], Loss: 0.8472215106049853, Accuracy: 79.38653101510896%
2024-02-02 22:41:11,903 - INFO - Epoch [315/500], Loss: 0.8466292622709467, Accuracy: 79.39665426568472%
2024-02-02 22:41:12,762 - INFO - Epoch [316/500], Loss: 0.8460284936572274, Accuracy: 79.41690076683624%
2024-02-02 22:41:13,566 - INFO - Epoch [317/500], Loss: 0.8454406111831626, Accuracy: 79.43208564269987%
2024-02-02 22:41:14,349 - INFO - Epoch [318/500], Loss: 0.8448437877720402, Accuracy: 79.4523321438514%
2024-02-02 22:41:15,130 - INFO - Epoch [319/500], Loss: 0.8442601981542764, Accuracy: 79.46751701971503%
2024-02-02 22:41:15,966 - INFO - Epoch [320/500], Loss: 0.8436675854628125, Accuracy: 79.48017108293473%
2024-02-02 22:41:16,750 - INFO - Epoch [321/500], Loss: 0.8430881854146719, Accuracy: 79.51054083466201%
2024-02-02 22:41:16,761 - INFO - Test Accuracy: 63.44485749690211%, Balanced Test Accuracy: 63.61723987507235%
2024-02-02 22:41:17,536 - INFO - Epoch [322/500], Loss: 0.842499538354816, Accuracy: 79.52319489788171%
2024-02-02 22:41:18,312 - INFO - Epoch [323/500], Loss: 0.8419242553533085, Accuracy: 79.53584896110141%
2024-02-02 22:41:19,099 - INFO - Epoch [324/500], Loss: 0.8413396993231389, Accuracy: 79.55103383696505%
2024-02-02 22:41:19,874 - INFO - Epoch [325/500], Loss: 0.8407684740640463, Accuracy: 79.56874952547263%
2024-02-02 22:41:20,655 - INFO - Epoch [326/500], Loss: 0.8401878630562175, Accuracy: 79.58140358869233%
2024-02-02 22:41:21,446 - INFO - Epoch [327/500], Loss: 0.8396206239178297, Accuracy: 79.59152683926808%
2024-02-02 22:41:22,321 - INFO - Epoch [328/500], Loss: 0.8390439953655005, Accuracy: 79.60418090248778%
2024-02-02 22:41:23,082 - INFO - Epoch [329/500], Loss: 0.8384806713269602, Accuracy: 79.61430415306354%
2024-02-02 22:41:23,843 - INFO - Epoch [330/500], Loss: 0.8379079218232824, Accuracy: 79.61936577835142%
2024-02-02 22:41:24,595 - INFO - Epoch [331/500], Loss: 0.8373484851251687, Accuracy: 79.62189659099536%
2024-02-02 22:41:24,606 - INFO - Test Accuracy: 63.56877323420074%, Balanced Test Accuracy: 63.715279090758635%
2024-02-02 22:41:25,402 - INFO - Epoch [332/500], Loss: 0.8367796221808079, Accuracy: 79.64720471743478%
2024-02-02 22:41:26,148 - INFO - Epoch [333/500], Loss: 0.8362239989782533, Accuracy: 79.6547971553666%
2024-02-02 22:41:26,857 - INFO - Epoch [334/500], Loss: 0.8356589608855786, Accuracy: 79.66492040594235%
2024-02-02 22:41:27,582 - INFO - Epoch [335/500], Loss: 0.835107100706908, Accuracy: 79.66998203123023%
2024-02-02 22:41:28,404 - INFO - Epoch [336/500], Loss: 0.8345458482902858, Accuracy: 79.69275934502569%
2024-02-02 22:41:29,176 - INFO - Epoch [337/500], Loss: 0.8339977161057534, Accuracy: 79.71047503353327%
2024-02-02 22:41:29,997 - INFO - Epoch [338/500], Loss: 0.8334401781039853, Accuracy: 79.70541340824539%
2024-02-02 22:41:30,818 - INFO - Epoch [339/500], Loss: 0.8328957025923075, Accuracy: 79.73325234732873%
2024-02-02 22:41:31,619 - INFO - Epoch [340/500], Loss: 0.8323418798465883, Accuracy: 79.74337559790449%
2024-02-02 22:41:32,531 - INFO - Epoch [341/500], Loss: 0.8318010329479172, Accuracy: 79.75096803583631%
2024-02-02 22:41:32,541 - INFO - Test Accuracy: 63.56877323420074%, Balanced Test Accuracy: 63.715279090758635%
2024-02-02 22:41:33,321 - INFO - Epoch [342/500], Loss: 0.8312508444632253, Accuracy: 79.77121453698783%
2024-02-02 22:41:34,224 - INFO - Epoch [343/500], Loss: 0.8307135767273365, Accuracy: 79.78386860020753%
2024-02-02 22:41:35,208 - INFO - Epoch [344/500], Loss: 0.8301670086239615, Accuracy: 79.8015842887151%
2024-02-02 22:41:36,174 - INFO - Epoch [345/500], Loss: 0.8296332868236688, Accuracy: 79.81929997722268%
2024-02-02 22:41:37,059 - INFO - Epoch [346/500], Loss: 0.8290902611108557, Accuracy: 79.83701566573026%
2024-02-02 22:41:37,859 - INFO - Epoch [347/500], Loss: 0.8285600136845342, Accuracy: 79.84966972894996%
2024-02-02 22:41:38,624 - INFO - Epoch [348/500], Loss: 0.8280205222507638, Accuracy: 79.8522005415939%
2024-02-02 22:41:39,391 - INFO - Epoch [349/500], Loss: 0.8274937223402723, Accuracy: 79.86991623010148%
2024-02-02 22:41:40,237 - INFO - Epoch [350/500], Loss: 0.8269577183189892, Accuracy: 79.8775086680333%
2024-02-02 22:41:41,192 - INFO - Epoch [351/500], Loss: 0.8264343311950084, Accuracy: 79.88510110596512%
2024-02-02 22:41:41,205 - INFO - Test Accuracy: 63.56877323420074%, Balanced Test Accuracy: 63.715279090758635%
2024-02-02 22:41:42,049 - INFO - Epoch [352/500], Loss: 0.8259017570845543, Accuracy: 79.9028167944727%
2024-02-02 22:41:42,928 - INFO - Epoch [353/500], Loss: 0.8253817534855297, Accuracy: 79.91294004504846%
2024-02-02 22:41:43,800 - INFO - Epoch [354/500], Loss: 0.8248525866938214, Accuracy: 79.92306329562423%
2024-02-02 22:41:44,583 - INFO - Epoch [355/500], Loss: 0.8243359116416785, Accuracy: 79.93065573355605%
2024-02-02 22:41:45,377 - INFO - Epoch [356/500], Loss: 0.8238100759204356, Accuracy: 79.94077898413181%
2024-02-02 22:41:46,153 - INFO - Epoch [357/500], Loss: 0.8232966982909748, Accuracy: 79.95596385999545%
2024-02-02 22:41:46,889 - INFO - Epoch [358/500], Loss: 0.8227741758549406, Accuracy: 79.96861792321515%
2024-02-02 22:41:47,634 - INFO - Epoch [359/500], Loss: 0.8222640833907551, Accuracy: 79.98886442436667%
2024-02-02 22:41:48,404 - INFO - Epoch [360/500], Loss: 0.8217448450985455, Accuracy: 80.00911092551819%
2024-02-02 22:41:49,161 - INFO - Epoch [361/500], Loss: 0.8212379581865764, Accuracy: 80.02429580138183%
2024-02-02 22:41:49,173 - INFO - Test Accuracy: 63.56877323420074%, Balanced Test Accuracy: 63.695437820917356%
2024-02-02 22:41:49,929 - INFO - Epoch [362/500], Loss: 0.8207219531459193, Accuracy: 80.03948067724546%
2024-02-02 22:41:50,669 - INFO - Epoch [363/500], Loss: 0.820218255863555, Accuracy: 80.05213474046516%
2024-02-02 22:41:51,400 - INFO - Epoch [364/500], Loss: 0.8197054550532372, Accuracy: 80.0673196163288%
2024-02-02 22:41:52,155 - INFO - Epoch [365/500], Loss: 0.8192049229457494, Accuracy: 80.08756611748032%
2024-02-02 22:41:52,915 - INFO - Epoch [366/500], Loss: 0.8186952566067057, Accuracy: 80.09768936805608%
2024-02-02 22:41:53,643 - INFO - Epoch [367/500], Loss: 0.8181978812020633, Accuracy: 80.10781261863184%
2024-02-02 22:41:54,391 - INFO - Epoch [368/500], Loss: 0.8176913058926021, Accuracy: 80.1179358692076%
2024-02-02 22:41:55,166 - INFO - Epoch [369/500], Loss: 0.817197052341315, Accuracy: 80.12552830713942%
2024-02-02 22:41:55,908 - INFO - Epoch [370/500], Loss: 0.8166935366968955, Accuracy: 80.13565155771518%
2024-02-02 22:41:56,669 - INFO - Epoch [371/500], Loss: 0.8162023613169309, Accuracy: 80.14830562093488%
2024-02-02 22:41:56,680 - INFO - Test Accuracy: 63.32094175960347%, Balanced Test Accuracy: 63.47835098618347%
2024-02-02 22:41:57,439 - INFO - Epoch [372/500], Loss: 0.8157018685052472, Accuracy: 80.17108293473034%
2024-02-02 22:41:58,242 - INFO - Epoch [373/500], Loss: 0.8152137662494375, Accuracy: 80.16602130944246%
2024-02-02 22:41:58,976 - INFO - Epoch [374/500], Loss: 0.8147162152153831, Accuracy: 80.1812061853061%
2024-02-02 22:41:59,723 - INFO - Epoch [375/500], Loss: 0.8142311747876867, Accuracy: 80.19892187381369%
2024-02-02 22:42:00,463 - INFO - Epoch [376/500], Loss: 0.8137365387332055, Accuracy: 80.20904512438945%
2024-02-02 22:42:01,205 - INFO - Epoch [377/500], Loss: 0.8132545701678722, Accuracy: 80.21663756232127%
2024-02-02 22:42:02,021 - INFO - Epoch [378/500], Loss: 0.8127627886471248, Accuracy: 80.23435325082885%
2024-02-02 22:42:02,859 - INFO - Epoch [379/500], Loss: 0.8122838671889997, Accuracy: 80.24953812669249%
2024-02-02 22:42:03,586 - INFO - Epoch [380/500], Loss: 0.8117948487521179, Accuracy: 80.2571305646243%
2024-02-02 22:42:04,310 - INFO - Epoch [381/500], Loss: 0.8113190124952986, Accuracy: 80.27484625313188%
2024-02-02 22:42:04,322 - INFO - Test Accuracy: 63.44485749690211%, Balanced Test Accuracy: 63.59739860523109%
2024-02-02 22:42:05,118 - INFO - Epoch [382/500], Loss: 0.8108326802330632, Accuracy: 80.27990787841976%
2024-02-02 22:42:05,908 - INFO - Epoch [383/500], Loss: 0.8103599689540363, Accuracy: 80.28750031635158%
2024-02-02 22:42:06,654 - INFO - Epoch [384/500], Loss: 0.809876224026084, Accuracy: 80.28750031635158%
2024-02-02 22:42:07,411 - INFO - Epoch [385/500], Loss: 0.8094066478191845, Accuracy: 80.3077468175031%
2024-02-02 22:42:08,138 - INFO - Epoch [386/500], Loss: 0.8089254214879005, Accuracy: 80.31533925543492%
2024-02-02 22:42:08,888 - INFO - Epoch [387/500], Loss: 0.8084589573404481, Accuracy: 80.33558575658644%
2024-02-02 22:42:09,659 - INFO - Epoch [388/500], Loss: 0.8079802292369066, Accuracy: 80.34064738187432%
2024-02-02 22:42:10,409 - INFO - Epoch [389/500], Loss: 0.8075167507293725, Accuracy: 80.36342469566978%
2024-02-02 22:42:11,203 - INFO - Epoch [390/500], Loss: 0.8070405924151982, Accuracy: 80.36848632095766%
2024-02-02 22:42:11,929 - INFO - Epoch [391/500], Loss: 0.8065798968797729, Accuracy: 80.38114038417736%
2024-02-02 22:42:11,940 - INFO - Test Accuracy: 63.69268897149938%, Balanced Test Accuracy: 63.8553351131676%
2024-02-02 22:42:12,669 - INFO - Epoch [392/500], Loss: 0.8061064514782159, Accuracy: 80.396325260041%
2024-02-02 22:42:13,423 - INFO - Epoch [393/500], Loss: 0.8056483686931671, Accuracy: 80.4089793232607%
2024-02-02 22:42:14,235 - INFO - Epoch [394/500], Loss: 0.8051777708554461, Accuracy: 80.41404094854857%
2024-02-02 22:42:15,140 - INFO - Epoch [395/500], Loss: 0.8047222033623727, Accuracy: 80.42416419912433%
2024-02-02 22:42:15,863 - INFO - Epoch [396/500], Loss: 0.8042544146939632, Accuracy: 80.43934907498797%
2024-02-02 22:42:16,593 - INFO - Epoch [397/500], Loss: 0.8038013843639243, Accuracy: 80.46212638878343%
2024-02-02 22:42:17,310 - INFO - Epoch [398/500], Loss: 0.8033363756633574, Accuracy: 80.46718801407131%
2024-02-02 22:42:18,026 - INFO - Epoch [399/500], Loss: 0.8028858563592357, Accuracy: 80.48996532786678%
2024-02-02 22:42:18,720 - INFO - Epoch [400/500], Loss: 0.8024235795582494, Accuracy: 80.51274264166224%
2024-02-02 22:42:19,427 - INFO - Epoch [401/500], Loss: 0.8019755522930815, Accuracy: 80.51527345430618%
2024-02-02 22:42:19,437 - INFO - Test Accuracy: 63.44485749690211%, Balanced Test Accuracy: 63.6229633182958%
2024-02-02 22:42:20,167 - INFO - Epoch [402/500], Loss: 0.8015159629886189, Accuracy: 80.54058158074558%
2024-02-02 22:42:20,854 - INFO - Epoch [403/500], Loss: 0.8010704118998782, Accuracy: 80.54564320603346%
2024-02-02 22:42:21,624 - INFO - Epoch [404/500], Loss: 0.8006135049246011, Accuracy: 80.55829726925316%
2024-02-02 22:42:22,377 - INFO - Epoch [405/500], Loss: 0.8001703866306813, Accuracy: 80.57095133247286%
2024-02-02 22:42:23,113 - INFO - Epoch [406/500], Loss: 0.7997161076674538, Accuracy: 80.57601295776074%
2024-02-02 22:42:23,872 - INFO - Epoch [407/500], Loss: 0.7992754182027232, Accuracy: 80.58107458304862%
2024-02-02 22:42:24,618 - INFO - Epoch [408/500], Loss: 0.7988237547537973, Accuracy: 80.5861362083365%
2024-02-02 22:42:25,366 - INFO - Epoch [409/500], Loss: 0.7983854553031344, Accuracy: 80.5987902715562%
2024-02-02 22:42:26,093 - INFO - Epoch [410/500], Loss: 0.7979363983557108, Accuracy: 80.60132108420014%
2024-02-02 22:42:26,850 - INFO - Epoch [411/500], Loss: 0.7975004808075966, Accuracy: 80.61397514741984%
2024-02-02 22:42:26,861 - INFO - Test Accuracy: 63.32094175960347%, Balanced Test Accuracy: 63.51879665162913%
2024-02-02 22:42:27,656 - INFO - Epoch [412/500], Loss: 0.7970539791689765, Accuracy: 80.6240983979956%
2024-02-02 22:42:28,444 - INFO - Epoch [413/500], Loss: 0.7966203907084081, Accuracy: 80.62156758535166%
2024-02-02 22:42:29,254 - INFO - Epoch [414/500], Loss: 0.796176454412841, Accuracy: 80.6367524612153%
2024-02-02 22:42:30,053 - INFO - Epoch [415/500], Loss: 0.7957451541817957, Accuracy: 80.64434489914711%
2024-02-02 22:42:30,789 - INFO - Epoch [416/500], Loss: 0.7953037235645517, Accuracy: 80.66459140029863%
2024-02-02 22:42:31,529 - INFO - Epoch [417/500], Loss: 0.7948747431679118, Accuracy: 80.68483790145015%
2024-02-02 22:42:32,276 - INFO - Epoch [418/500], Loss: 0.7944358080745705, Accuracy: 80.70002277731379%
2024-02-02 22:42:32,979 - INFO - Epoch [419/500], Loss: 0.7940091114010541, Accuracy: 80.71014602788955%
2024-02-02 22:42:33,680 - INFO - Epoch [420/500], Loss: 0.7935726279092412, Accuracy: 80.72026927846531%
2024-02-02 22:42:34,369 - INFO - Epoch [421/500], Loss: 0.7931481792080787, Accuracy: 80.73545415432895%
2024-02-02 22:42:34,380 - INFO - Test Accuracy: 63.073110285006194%, Balanced Test Accuracy: 63.24101887385136%
2024-02-02 22:42:35,059 - INFO - Epoch [422/500], Loss: 0.7927141482190739, Accuracy: 80.74810821754866%
2024-02-02 22:42:35,764 - INFO - Epoch [423/500], Loss: 0.7922919177480282, Accuracy: 80.75823146812442%
2024-02-02 22:42:36,482 - INFO - Epoch [424/500], Loss: 0.7918602771336033, Accuracy: 80.77088553134412%
2024-02-02 22:42:37,220 - INFO - Epoch [425/500], Loss: 0.7914402764891425, Accuracy: 80.77847796927594%
2024-02-02 22:42:37,982 - INFO - Epoch [426/500], Loss: 0.7910110380260214, Accuracy: 80.79619365778352%
2024-02-02 22:42:38,726 - INFO - Epoch [427/500], Loss: 0.790593211328791, Accuracy: 80.81137853364716%
2024-02-02 22:42:39,532 - INFO - Epoch [428/500], Loss: 0.7901663264680293, Accuracy: 80.82150178422292%
2024-02-02 22:42:40,323 - INFO - Epoch [429/500], Loss: 0.7897506809883541, Accuracy: 80.83415584744262%
2024-02-02 22:42:41,097 - INFO - Epoch [430/500], Loss: 0.7893261713606696, Accuracy: 80.84427909801838%
2024-02-02 22:42:41,837 - INFO - Epoch [431/500], Loss: 0.7889126339146206, Accuracy: 80.85946397388201%
2024-02-02 22:42:41,848 - INFO - Test Accuracy: 62.949194547707556%, Balanced Test Accuracy: 63.112813745646235%
2024-02-02 22:42:42,562 - INFO - Epoch [432/500], Loss: 0.7884904403960512, Accuracy: 80.87211803710171%
2024-02-02 22:42:43,287 - INFO - Epoch [433/500], Loss: 0.7880790476957636, Accuracy: 80.8771796623896%
2024-02-02 22:42:44,011 - INFO - Epoch [434/500], Loss: 0.7876591534624177, Accuracy: 80.89236453825323%
2024-02-02 22:42:44,733 - INFO - Epoch [435/500], Loss: 0.7872498521521207, Accuracy: 80.90248778882899%
2024-02-02 22:42:45,434 - INFO - Epoch [436/500], Loss: 0.7868322322685872, Accuracy: 80.90501860147293%
2024-02-02 22:42:46,198 - INFO - Epoch [437/500], Loss: 0.7864250347258583, Accuracy: 80.91008022676081%
2024-02-02 22:42:46,973 - INFO - Epoch [438/500], Loss: 0.7860096738102936, Accuracy: 80.91514185204869%
2024-02-02 22:42:47,679 - INFO - Epoch [439/500], Loss: 0.7856045382758302, Accuracy: 80.92273428998051%
2024-02-02 22:42:48,433 - INFO - Epoch [440/500], Loss: 0.7851914081482156, Accuracy: 80.95057322906385%
2024-02-02 22:42:49,170 - INFO - Epoch [441/500], Loss: 0.7847883213431605, Accuracy: 80.96069647963961%
2024-02-02 22:42:49,180 - INFO - Test Accuracy: 62.825278810408925%, Balanced Test Accuracy: 63.029480412312886%
2024-02-02 22:42:49,920 - INFO - Epoch [442/500], Loss: 0.7843773876947742, Accuracy: 80.97081973021537%
2024-02-02 22:42:50,685 - INFO - Epoch [443/500], Loss: 0.7839763311128463, Accuracy: 80.98094298079113%
2024-02-02 22:42:51,436 - INFO - Epoch [444/500], Loss: 0.7835675791626976, Accuracy: 80.98094298079113%
2024-02-02 22:42:52,297 - INFO - Epoch [445/500], Loss: 0.7831685392846984, Accuracy: 80.986004606079%
2024-02-02 22:42:53,200 - INFO - Epoch [446/500], Loss: 0.7827619635650227, Accuracy: 80.99359704401083%
2024-02-02 22:42:54,047 - INFO - Epoch [447/500], Loss: 0.7823649298159345, Accuracy: 81.00625110723053%
2024-02-02 22:42:54,826 - INFO - Epoch [448/500], Loss: 0.7819604849623095, Accuracy: 81.01890517045022%
2024-02-02 22:42:55,634 - INFO - Epoch [449/500], Loss: 0.7815654104154918, Accuracy: 81.03409004631388%
2024-02-02 22:42:56,395 - INFO - Epoch [450/500], Loss: 0.7811631290542502, Accuracy: 81.04927492217752%
2024-02-02 22:42:57,213 - INFO - Epoch [451/500], Loss: 0.7807700207396862, Accuracy: 81.05686736010934%
2024-02-02 22:42:57,225 - INFO - Test Accuracy: 62.825278810408925%, Balanced Test Accuracy: 63.029480412312886%
2024-02-02 22:42:58,055 - INFO - Epoch [452/500], Loss: 0.7803698027686726, Accuracy: 81.06952142332904%
2024-02-02 22:42:58,872 - INFO - Epoch [453/500], Loss: 0.7799785662322275, Accuracy: 81.07205223597298%
2024-02-02 22:42:59,659 - INFO - Epoch [454/500], Loss: 0.779580523410151, Accuracy: 81.08723711183661%
2024-02-02 22:43:00,469 - INFO - Epoch [455/500], Loss: 0.7791913273714243, Accuracy: 81.09736036241237%
2024-02-02 22:43:01,294 - INFO - Epoch [456/500], Loss: 0.7787951678638497, Accuracy: 81.10748361298813%
2024-02-02 22:43:02,062 - INFO - Epoch [457/500], Loss: 0.7784076759651783, Accuracy: 81.11760686356389%
2024-02-02 22:43:02,848 - INFO - Epoch [458/500], Loss: 0.7780139301452906, Accuracy: 81.13532255207147%
2024-02-02 22:43:03,614 - INFO - Epoch [459/500], Loss: 0.7776287439008874, Accuracy: 81.14038417735935%
2024-02-02 22:43:04,370 - INFO - Epoch [460/500], Loss: 0.777236309263014, Accuracy: 81.15556905322299%
2024-02-02 22:43:05,103 - INFO - Epoch [461/500], Loss: 0.7768520234573272, Accuracy: 81.16569230379875%
2024-02-02 22:43:05,113 - INFO - Test Accuracy: 62.949194547707556%, Balanced Test Accuracy: 63.157685540518024%
2024-02-02 22:43:05,833 - INFO - Epoch [462/500], Loss: 0.7764636489051965, Accuracy: 81.17834636701845%
2024-02-02 22:43:06,620 - INFO - Epoch [463/500], Loss: 0.77608163889137, Accuracy: 81.19100043023815%
2024-02-02 22:43:07,380 - INFO - Epoch [464/500], Loss: 0.7756930505556445, Accuracy: 81.19100043023815%
2024-02-02 22:43:08,238 - INFO - Epoch [465/500], Loss: 0.7753121282664999, Accuracy: 81.20871611874573%
2024-02-02 22:43:09,160 - INFO - Epoch [466/500], Loss: 0.7749291069565281, Accuracy: 81.22390099460937%
2024-02-02 22:43:10,097 - INFO - Epoch [467/500], Loss: 0.7745504709140908, Accuracy: 81.22896261989725%
2024-02-02 22:43:11,039 - INFO - Epoch [468/500], Loss: 0.7741650576072354, Accuracy: 81.24161668311694%
2024-02-02 22:43:11,890 - INFO - Epoch [469/500], Loss: 0.773786541014429, Accuracy: 81.2517399336927%
2024-02-02 22:43:12,742 - INFO - Epoch [470/500], Loss: 0.7734104328218007, Accuracy: 81.26692480955634%
2024-02-02 22:43:13,560 - INFO - Epoch [471/500], Loss: 0.7730289101600647, Accuracy: 81.27957887277604%
2024-02-02 22:43:13,572 - INFO - Test Accuracy: 62.949194547707556%, Balanced Test Accuracy: 63.157685540518024%
2024-02-02 22:43:14,405 - INFO - Epoch [472/500], Loss: 0.7726542681695954, Accuracy: 81.2897021233518%
2024-02-02 22:43:15,278 - INFO - Epoch [473/500], Loss: 0.7722780858917583, Accuracy: 81.29729456128362%
2024-02-02 22:43:16,181 - INFO - Epoch [474/500], Loss: 0.7719050193986585, Accuracy: 81.31247943714727%
2024-02-02 22:43:17,033 - INFO - Epoch [475/500], Loss: 0.7715269511024798, Accuracy: 81.32260268772303%
2024-02-02 22:43:17,915 - INFO - Epoch [476/500], Loss: 0.7711549497419788, Accuracy: 81.32513350036697%
2024-02-02 22:43:18,696 - INFO - Epoch [477/500], Loss: 0.7707851431783168, Accuracy: 81.32766431301091%
2024-02-02 22:43:19,478 - INFO - Epoch [478/500], Loss: 0.7704098814076954, Accuracy: 81.34284918887455%
2024-02-02 22:43:20,279 - INFO - Epoch [479/500], Loss: 0.7700407744175003, Accuracy: 81.34538000151849%
2024-02-02 22:43:21,068 - INFO - Epoch [480/500], Loss: 0.7696738250313266, Accuracy: 81.34791081416243%
2024-02-02 22:43:21,915 - INFO - Epoch [481/500], Loss: 0.769300902082074, Accuracy: 81.35803406473819%
2024-02-02 22:43:21,925 - INFO - Test Accuracy: 62.949194547707556%, Balanced Test Accuracy: 63.157685540518024%
2024-02-02 22:43:22,768 - INFO - Epoch [482/500], Loss: 0.7689339833995027, Accuracy: 81.37068812795789%
2024-02-02 22:43:23,622 - INFO - Epoch [483/500], Loss: 0.7685696301801551, Accuracy: 81.38334219117759%
2024-02-02 22:43:24,430 - INFO - Epoch [484/500], Loss: 0.7681999482334622, Accuracy: 81.38587300382153%
2024-02-02 22:43:25,261 - INFO - Epoch [485/500], Loss: 0.7678361092243464, Accuracy: 81.40105787968517%
2024-02-02 22:43:26,026 - INFO - Epoch [486/500], Loss: 0.7674745082735054, Accuracy: 81.41118113026093%
2024-02-02 22:43:26,774 - INFO - Epoch [487/500], Loss: 0.7671067481560092, Accuracy: 81.43395844405639%
2024-02-02 22:43:27,622 - INFO - Epoch [488/500], Loss: 0.766744785251156, Accuracy: 81.44661250727609%
2024-02-02 22:43:28,515 - INFO - Epoch [489/500], Loss: 0.7663862063519417, Accuracy: 81.44914331992003%
2024-02-02 22:43:29,366 - INFO - Epoch [490/500], Loss: 0.7660213348365599, Accuracy: 81.4542049452079%
2024-02-02 22:43:30,216 - INFO - Epoch [491/500], Loss: 0.7656620384584512, Accuracy: 81.4668590084276%
2024-02-02 22:43:30,227 - INFO - Test Accuracy: 63.073110285006194%, Balanced Test Accuracy: 63.23014930863396%
2024-02-02 22:43:31,096 - INFO - Epoch [492/500], Loss: 0.765305568133631, Accuracy: 81.47445144635942%
2024-02-02 22:43:31,889 - INFO - Epoch [493/500], Loss: 0.764943563048878, Accuracy: 81.48204388429124%
2024-02-02 22:43:32,656 - INFO - Epoch [494/500], Loss: 0.7645869737551096, Accuracy: 81.49469794751094%
2024-02-02 22:43:33,401 - INFO - Epoch [495/500], Loss: 0.7642327810847952, Accuracy: 81.50229038544276%
2024-02-02 22:43:34,212 - INFO - Epoch [496/500], Loss: 0.7638733542013553, Accuracy: 81.51494444866246%
2024-02-02 22:43:35,003 - INFO - Epoch [497/500], Loss: 0.7635192261828531, Accuracy: 81.52253688659428%
2024-02-02 22:43:35,759 - INFO - Epoch [498/500], Loss: 0.763167533963438, Accuracy: 81.54025257510186%
2024-02-02 22:43:36,587 - INFO - Epoch [499/500], Loss: 0.7628105742436263, Accuracy: 81.55290663832156%
2024-02-02 22:43:37,488 - INFO - Epoch [500/500], Loss: 0.7624587747118166, Accuracy: 81.5554374509655%
2024-02-02 22:43:37,755 - INFO - Test Accuracy: 63.756038647343%, Balanced Test Accuracy: 63.756038647343%
2024-02-02 22:43:38,024 - INFO - Final unblanced test accuracy: 63.756038647343% and final balanced test accuracy 63.756038647343
