2024-02-05 00:10:27,226 - INFO - Configuration:
{
    "task": "5",
    "topic": "cs_classifier",
    "train_classifier": true,
    "number_gpus": "1",
    "modalities": [
        "rgb"
    ],
    "encoder_model": "MAE",
    "mask_ratio": 0.8,
    "dataset": "NTU",
    "split": "CS",
    "num_classes": 60,
    "epochs": 500,
    "res_cktp": false,
    "cktp_dir": "/home/bas06400/Thesis/VIP/src/align_checkpoints/mae_checkpoints/",
    "trained_encoder": "checkpoint_rgb_CS_20240202_154757.pth",
    "learning_rate": 0.001,
    "temperature": 0.1,
    "num_workers": 10,
    "batch_size": 64,
    "data_root": "/net/polaris/storage/deeplearning/ntu",
    "random_sample": false,
    "pin_memory": true,
    "scheduler_config": {
        "type": "plateau",
        "params": {
            "mode": "min",
            "factor": 0.1,
            "patience": 5
        }
    }
}
2024-02-05 00:10:27,285 - INFO - Training MAE for rgb...
2024-02-05 00:10:27,331 - INFO - Evaluing on the following GPUs [1]
2024-02-05 00:10:32,689 - INFO - Starting feature extraction...
2024-02-05 01:17:41,281 - INFO - Epoch [1/500], Loss: 4.798843503959717, Accuracy: 6.327031609849922%
2024-02-05 01:17:41,337 - INFO - Test Accuracy: 6.815365551425031%, Balanced Test Accuracy: 8.342520905020905%
2024-02-05 01:17:44,972 - INFO - Epoch [2/500], Loss: 4.36776460947529, Accuracy: 10.118188950471996%
2024-02-05 01:17:48,504 - INFO - Epoch [3/500], Loss: 4.189868894796217, Accuracy: 12.431351707033128%
2024-02-05 01:17:51,940 - INFO - Epoch [4/500], Loss: 4.069311598135579, Accuracy: 14.005517171563788%
2024-02-05 01:17:54,803 - INFO - Epoch [5/500], Loss: 3.977994843356071, Accuracy: 15.187406676283755%
2024-02-05 01:17:55,748 - INFO - Epoch [6/500], Loss: 3.904547867755736, Accuracy: 16.273125300534%
2024-02-05 01:17:58,013 - INFO - Epoch [7/500], Loss: 3.8431652015255344, Accuracy: 17.21205679143573%
2024-02-05 01:18:00,009 - INFO - Epoch [8/500], Loss: 3.790474693140676, Accuracy: 18.102902842102598%
2024-02-05 01:18:02,056 - INFO - Epoch [9/500], Loss: 3.7443430606395967, Accuracy: 18.90770126287551%
2024-02-05 01:18:04,248 - INFO - Epoch [10/500], Loss: 3.7033350366738533, Accuracy: 19.55812011236808%
2024-02-05 01:18:06,478 - INFO - Epoch [11/500], Loss: 3.6664387574118953, Accuracy: 20.195884898640955%
2024-02-05 01:18:06,544 - INFO - Test Accuracy: 14.49814126394052%, Balanced Test Accuracy: 16.207041348345694%
2024-02-05 01:18:08,834 - INFO - Epoch [12/500], Loss: 3.6329139894054783, Accuracy: 20.737478804444105%
2024-02-05 01:18:11,521 - INFO - Epoch [13/500], Loss: 3.602203129279998, Accuracy: 21.27401108495938%
2024-02-05 01:18:13,763 - INFO - Epoch [14/500], Loss: 3.573875695947678, Accuracy: 21.815604990762534%
2024-02-05 01:18:16,464 - INFO - Epoch [15/500], Loss: 3.547592675974292, Accuracy: 22.28380532989143%
2024-02-05 01:18:18,391 - INFO - Epoch [16/500], Loss: 3.5230822308409597, Accuracy: 22.706451041429403%
2024-02-05 01:18:20,476 - INFO - Epoch [17/500], Loss: 3.5001231196426574, Accuracy: 23.124035127679498%
2024-02-05 01:18:22,981 - INFO - Epoch [18/500], Loss: 3.4785329968698564, Accuracy: 23.57198896565687%
2024-02-05 01:18:24,500 - INFO - Epoch [19/500], Loss: 3.458159745220215, Accuracy: 24.019942803634247%
2024-02-05 01:18:31,879 - INFO - Epoch [20/500], Loss: 3.438875050314011, Accuracy: 24.364133323210083%
2024-02-05 01:18:41,193 - INFO - Epoch [21/500], Loss: 3.4205699668776606, Accuracy: 24.72097790600562%
2024-02-05 01:18:41,206 - INFO - Test Accuracy: 16.852540272614622%, Balanced Test Accuracy: 18.807799386603737%
2024-02-05 01:18:42,186 - INFO - Epoch [22/500], Loss: 3.403150914176818, Accuracy: 25.019613797990534%
2024-02-05 01:18:44,958 - INFO - Epoch [23/500], Loss: 3.3865371447417045, Accuracy: 25.29041075089211%
2024-02-05 01:18:48,714 - INFO - Epoch [24/500], Loss: 3.3706583813313515, Accuracy: 25.576392579657327%
2024-02-05 01:18:52,386 - INFO - Epoch [25/500], Loss: 3.3554531955911266, Accuracy: 25.837066281983144%
2024-02-05 01:18:56,129 - INFO - Epoch [26/500], Loss: 3.3408674987093097, Accuracy: 26.05218535671804%
2024-02-05 01:18:59,807 - INFO - Epoch [27/500], Loss: 3.3268533733583268, Accuracy: 26.29767418318022%
2024-02-05 01:19:03,442 - INFO - Epoch [28/500], Loss: 3.313368411314103, Accuracy: 26.530508946422696%
2024-02-05 01:19:06,978 - INFO - Epoch [29/500], Loss: 3.300374591062146, Accuracy: 26.768405334953055%
2024-02-05 01:19:10,402 - INFO - Epoch [30/500], Loss: 3.28783788411848, Accuracy: 27.05944878900615%
2024-02-05 01:19:14,002 - INFO - Epoch [31/500], Loss: 3.2757277387765145, Accuracy: 27.274567863741048%
2024-02-05 01:19:14,019 - INFO - Test Accuracy: 18.09169764560099%, Balanced Test Accuracy: 19.937828274784795%
2024-02-05 01:19:17,648 - INFO - Epoch [32/500], Loss: 3.264016486464008, Accuracy: 27.504871814339584%
2024-02-05 01:19:21,245 - INFO - Epoch [33/500], Loss: 3.2526791374529562, Accuracy: 27.6643130109078%
2024-02-05 01:19:24,765 - INFO - Epoch [34/500], Loss: 3.2416929323827066, Accuracy: 27.8920861488624%
2024-02-05 01:19:28,331 - INFO - Epoch [35/500], Loss: 3.231037099515238, Accuracy: 28.129982537392756%
2024-02-05 01:19:31,848 - INFO - Epoch [36/500], Loss: 3.2206927191826606, Accuracy: 28.286892921317033%
2024-02-05 01:19:35,267 - INFO - Epoch [37/500], Loss: 3.210642440665153, Accuracy: 28.466580619036773%
2024-02-05 01:19:38,860 - INFO - Epoch [38/500], Loss: 3.200870310827609, Accuracy: 28.636145066180752%
2024-02-05 01:19:42,430 - INFO - Epoch [39/500], Loss: 3.1913616325586074, Accuracy: 28.765216511021688%
2024-02-05 01:19:45,980 - INFO - Epoch [40/500], Loss: 3.182102867432179, Accuracy: 28.91706526965809%
2024-02-05 01:19:49,501 - INFO - Epoch [41/500], Loss: 3.1730815429360635, Accuracy: 29.129653531749046%
2024-02-05 01:19:49,568 - INFO - Test Accuracy: 18.711276332094176%, Balanced Test Accuracy: 20.442568100176793%
2024-02-05 01:19:53,253 - INFO - Epoch [42/500], Loss: 3.1642859200796774, Accuracy: 29.31187204211272%
2024-02-05 01:19:56,814 - INFO - Epoch [43/500], Loss: 3.155705401493657, Accuracy: 29.49155973983246%
2024-02-05 01:20:00,476 - INFO - Epoch [44/500], Loss: 3.14732983588211, Accuracy: 29.651000936400678%
2024-02-05 01:20:04,175 - INFO - Epoch [45/500], Loss: 3.1391499415040016, Accuracy: 29.805380507681015%
2024-02-05 01:20:07,795 - INFO - Epoch [46/500], Loss: 3.131157050450002, Accuracy: 29.967352516893175%
2024-02-05 01:20:11,352 - INFO - Epoch [47/500], Loss: 3.1233429567467783, Accuracy: 30.101485587021994%
2024-02-05 01:20:14,722 - INFO - Epoch [48/500], Loss: 3.115700044939595, Accuracy: 30.22549540657505%
2024-02-05 01:20:18,080 - INFO - Epoch [49/500], Loss: 3.108221286006512, Accuracy: 30.38999822843115%
2024-02-05 01:20:21,482 - INFO - Epoch [50/500], Loss: 3.1008998256537224, Accuracy: 30.493761546832687%
2024-02-05 01:20:24,967 - INFO - Epoch [51/500], Loss: 3.093729511384041, Accuracy: 30.643079492825144%
2024-02-05 01:20:25,034 - INFO - Test Accuracy: 19.083023543990087%, Balanced Test Accuracy: 20.826321601577355%
2024-02-05 01:20:28,611 - INFO - Epoch [52/500], Loss: 3.086704375522752, Accuracy: 30.774681750310023%
2024-02-05 01:20:32,152 - INFO - Epoch [53/500], Loss: 3.07981882508724, Accuracy: 30.888568319287323%
2024-02-05 01:20:35,749 - INFO - Epoch [54/500], Loss: 3.073067561032311, Accuracy: 31.03788626527978%
2024-02-05 01:20:39,192 - INFO - Epoch [55/500], Loss: 3.0664457130816674, Accuracy: 31.194796649204058%
2024-02-05 01:20:42,796 - INFO - Epoch [56/500], Loss: 3.0599484763318494, Accuracy: 31.308683218181358%
2024-02-05 01:20:46,394 - INFO - Epoch [57/500], Loss: 3.0535715010858353, Accuracy: 31.422569787158658%
2024-02-05 01:20:49,979 - INFO - Epoch [58/500], Loss: 3.0473105417143915, Accuracy: 31.556702857287476%
2024-02-05 01:20:53,537 - INFO - Epoch [59/500], Loss: 3.041161585238672, Accuracy: 31.635158049249615%
2024-02-05 01:20:57,112 - INFO - Epoch [60/500], Loss: 3.0351208556563622, Accuracy: 31.756637056158734%
2024-02-05 01:21:00,717 - INFO - Epoch [61/500], Loss: 3.0291847774097995, Accuracy: 31.87558525042391%
2024-02-05 01:21:00,751 - INFO - Test Accuracy: 19.950433705080545%, Balanced Test Accuracy: 21.674723199978953%
2024-02-05 01:21:04,256 - INFO - Epoch [62/500], Loss: 3.0233499210688377, Accuracy: 32.00465669526485%
2024-02-05 01:21:07,749 - INFO - Epoch [63/500], Loss: 3.017613029047366, Accuracy: 32.13119732746185%
2024-02-05 01:21:11,261 - INFO - Epoch [64/500], Loss: 3.011971010556144, Accuracy: 32.24761470908309%
2024-02-05 01:21:14,700 - INFO - Epoch [65/500], Loss: 3.0064208952169262, Accuracy: 32.34631640219675%
2024-02-05 01:21:18,244 - INFO - Epoch [66/500], Loss: 3.0009598635858103, Accuracy: 32.47285703439374%
2024-02-05 01:21:21,569 - INFO - Epoch [67/500], Loss: 2.9955852211963747, Accuracy: 32.5842127907271%
2024-02-05 01:21:25,118 - INFO - Epoch [68/500], Loss: 2.9902944153835698, Accuracy: 32.66772960797712%
2024-02-05 01:21:28,528 - INFO - Epoch [69/500], Loss: 2.985084997069451, Accuracy: 32.76896211373472%
2024-02-05 01:21:32,073 - INFO - Epoch [70/500], Loss: 2.979954590720515, Accuracy: 32.86766380684838%
2024-02-05 01:21:35,493 - INFO - Epoch [71/500], Loss: 2.974900953952343, Accuracy: 32.9764887505378%
2024-02-05 01:21:35,511 - INFO - Test Accuracy: 20.19826517967782%, Balanced Test Accuracy: 21.85306569082145%
2024-02-05 01:21:39,097 - INFO - Epoch [72/500], Loss: 2.969921937392604, Accuracy: 33.052413129856%
2024-02-05 01:21:42,545 - INFO - Epoch [73/500], Loss: 2.9650155147237163, Accuracy: 33.17642294940906%
2024-02-05 01:21:46,081 - INFO - Epoch [74/500], Loss: 2.9601796358343093, Accuracy: 33.26500139194695%
2024-02-05 01:21:49,649 - INFO - Epoch [75/500], Loss: 2.955412434954797, Accuracy: 33.363703085060614%
2024-02-05 01:21:53,081 - INFO - Epoch [76/500], Loss: 2.9507121188986685, Accuracy: 33.462404778174275%
2024-02-05 01:21:56,661 - INFO - Epoch [77/500], Loss: 2.946076879578252, Accuracy: 33.54339078278035%
2024-02-05 01:22:00,203 - INFO - Epoch [78/500], Loss: 2.94150502354868, Accuracy: 33.61931516209855%
2024-02-05 01:22:03,779 - INFO - Epoch [79/500], Loss: 2.9369949936386077, Accuracy: 33.68258547819705%
2024-02-05 01:22:07,312 - INFO - Epoch [80/500], Loss: 2.9325452127283618, Accuracy: 33.78634879659859%
2024-02-05 01:22:10,952 - INFO - Epoch [81/500], Loss: 2.9281541652256444, Accuracy: 33.852149925341024%
2024-02-05 01:22:10,982 - INFO - Test Accuracy: 20.57001239157373%, Balanced Test Accuracy: 22.199386037141792%
2024-02-05 01:22:14,608 - INFO - Epoch [82/500], Loss: 2.923820391056999, Accuracy: 33.91288942879559%
2024-02-05 01:22:18,163 - INFO - Epoch [83/500], Loss: 2.919542528929249, Accuracy: 34.01159112190925%
2024-02-05 01:22:21,737 - INFO - Epoch [84/500], Loss: 2.9153192252401383, Accuracy: 34.08751550122744%
2024-02-05 01:22:25,495 - INFO - Epoch [85/500], Loss: 2.911149178060793, Accuracy: 34.173563131121405%
2024-02-05 01:22:29,211 - INFO - Epoch [86/500], Loss: 2.9070311618908757, Accuracy: 34.25961076101536%
2024-02-05 01:22:32,701 - INFO - Epoch [87/500], Loss: 2.902963943298786, Accuracy: 34.305165388606284%
2024-02-05 01:22:36,172 - INFO - Epoch [88/500], Loss: 2.8989463679252134, Accuracy: 34.38615139321236%
2024-02-05 01:22:39,756 - INFO - Epoch [89/500], Loss: 2.894977297513716, Accuracy: 34.45701414724268%
2024-02-05 01:22:43,359 - INFO - Epoch [90/500], Loss: 2.891055689223351, Accuracy: 34.5152228380533%
2024-02-05 01:22:47,013 - INFO - Epoch [91/500], Loss: 2.8871804600761783, Accuracy: 34.56836990357604%
2024-02-05 01:22:47,080 - INFO - Test Accuracy: 20.94175960346964%, Balanced Test Accuracy: 22.598424498680256%
2024-02-05 01:22:50,643 - INFO - Epoch [92/500], Loss: 2.883350595831871, Accuracy: 34.649355908182116%
2024-02-05 01:22:54,269 - INFO - Epoch [93/500], Loss: 2.879565080808055, Accuracy: 34.758180851871536%
2024-02-05 01:22:57,836 - INFO - Epoch [94/500], Loss: 2.875823017329939, Accuracy: 34.83157441854579%
2024-02-05 01:23:01,332 - INFO - Epoch [95/500], Loss: 2.872123473113583, Accuracy: 34.892313922000355%
2024-02-05 01:23:04,948 - INFO - Epoch [96/500], Loss: 2.8684655514455613, Accuracy: 34.991015615114016%
2024-02-05 01:23:08,557 - INFO - Epoch [97/500], Loss: 2.8648483488828904, Accuracy: 35.07959405765191%
2024-02-05 01:23:12,216 - INFO - Epoch [98/500], Loss: 2.861271114358979, Accuracy: 35.14286437375041%
2024-02-05 01:23:15,855 - INFO - Epoch [99/500], Loss: 2.857732907418282, Accuracy: 35.23397362893225%
2024-02-05 01:23:19,523 - INFO - Epoch [100/500], Loss: 2.854233068083563, Accuracy: 35.32255207147015%
2024-02-05 01:23:23,080 - INFO - Epoch [101/500], Loss: 2.85077075347785, Accuracy: 35.383291574924705%
2024-02-05 01:23:23,143 - INFO - Test Accuracy: 20.94175960346964%, Balanced Test Accuracy: 22.56922221947798%
2024-02-05 01:23:26,697 - INFO - Epoch [102/500], Loss: 2.8473452416158493, Accuracy: 35.46427757953079%
2024-02-05 01:23:30,305 - INFO - Epoch [103/500], Loss: 2.843955824692403, Accuracy: 35.53260952091717%
2024-02-05 01:23:33,865 - INFO - Epoch [104/500], Loss: 2.8406017910568946, Accuracy: 35.616126338167184%
2024-02-05 01:23:37,485 - INFO - Epoch [105/500], Loss: 2.837282489144033, Accuracy: 35.68192746690963%
2024-02-05 01:23:41,123 - INFO - Epoch [106/500], Loss: 2.8339971856724833, Accuracy: 35.76544428415964%
2024-02-05 01:23:44,725 - INFO - Epoch [107/500], Loss: 2.8307453095912933, Accuracy: 35.833776225546025%
2024-02-05 01:23:48,312 - INFO - Epoch [108/500], Loss: 2.827526233128963, Accuracy: 35.93500873130362%
2024-02-05 01:23:51,931 - INFO - Epoch [109/500], Loss: 2.8243393169776088, Accuracy: 36.00080986004606%
2024-02-05 01:23:55,500 - INFO - Epoch [110/500], Loss: 2.8211839756658, Accuracy: 36.05648773821274%
2024-02-05 01:23:59,123 - INFO - Epoch [111/500], Loss: 2.818059645352825, Accuracy: 36.1172272416673%
2024-02-05 01:23:59,152 - INFO - Test Accuracy: 21.189591078066915%, Balanced Test Accuracy: 22.82583597609173%
2024-02-05 01:24:02,796 - INFO - Epoch [112/500], Loss: 2.8149657816656175, Accuracy: 36.1804975577658%
2024-02-05 01:24:06,292 - INFO - Epoch [113/500], Loss: 2.8119018306174586, Accuracy: 36.22099056006884%
2024-02-05 01:24:09,829 - INFO - Epoch [114/500], Loss: 2.80886722716593, Accuracy: 36.29691493938704%
2024-02-05 01:24:13,460 - INFO - Epoch [115/500], Loss: 2.805861534851213, Accuracy: 36.39055500721282%
2024-02-05 01:24:17,051 - INFO - Epoch [116/500], Loss: 2.8028841732490446, Accuracy: 36.448763698023434%
2024-02-05 01:24:20,608 - INFO - Epoch [117/500], Loss: 2.799934699891075, Accuracy: 36.49937995090224%
2024-02-05 01:24:23,616 - INFO - Epoch [118/500], Loss: 2.797012586507105, Accuracy: 36.544934578493155%
2024-02-05 01:24:24,369 - INFO - Epoch [119/500], Loss: 2.794117472344829, Accuracy: 36.59808164401589%
2024-02-05 01:24:26,117 - INFO - Epoch [120/500], Loss: 2.7912488094260617, Accuracy: 36.676536835978034%
2024-02-05 01:24:28,669 - INFO - Epoch [121/500], Loss: 2.7884061778745344, Accuracy: 36.72209146356895%
2024-02-05 01:24:28,681 - INFO - Test Accuracy: 21.189591078066915%, Balanced Test Accuracy: 22.82583597609173%
2024-02-05 01:24:30,973 - INFO - Epoch [122/500], Loss: 2.78558915228613, Accuracy: 36.780300154379574%
2024-02-05 01:24:33,125 - INFO - Epoch [123/500], Loss: 2.782797319514136, Accuracy: 36.82838559461443%
2024-02-05 01:24:35,601 - INFO - Epoch [124/500], Loss: 2.780030257038532, Accuracy: 36.87900184749323%
2024-02-05 01:24:37,289 - INFO - Epoch [125/500], Loss: 2.7772875401762223, Accuracy: 36.94227216359173%
2024-02-05 01:24:39,686 - INFO - Epoch [126/500], Loss: 2.774568892534702, Accuracy: 37.01819654290993%
2024-02-05 01:24:41,533 - INFO - Epoch [127/500], Loss: 2.771873780796605, Accuracy: 37.07893604636449%
2024-02-05 01:24:43,612 - INFO - Epoch [128/500], Loss: 2.7692019535649206, Accuracy: 37.144737175106926%
2024-02-05 01:24:45,401 - INFO - Epoch [129/500], Loss: 2.766552956594575, Accuracy: 37.19788424062967%
2024-02-05 01:24:47,608 - INFO - Epoch [130/500], Loss: 2.763926531999342, Accuracy: 37.266216182016045%
2024-02-05 01:24:49,463 - INFO - Epoch [131/500], Loss: 2.7613222418773558, Accuracy: 37.3143016222509%
2024-02-05 01:24:49,474 - INFO - Test Accuracy: 21.437422552664188%, Balanced Test Accuracy: 23.0265048724128%
2024-02-05 01:24:51,462 - INFO - Epoch [132/500], Loss: 2.758739775226962, Accuracy: 37.34973299926607%
2024-02-05 01:24:53,813 - INFO - Epoch [133/500], Loss: 2.7561788027805667, Accuracy: 37.382633563637285%
2024-02-05 01:24:55,806 - INFO - Epoch [134/500], Loss: 2.753639041175765, Accuracy: 37.45602713031154%
2024-02-05 01:24:59,907 - INFO - Epoch [135/500], Loss: 2.7511201017806606, Accuracy: 37.491458507326705%
2024-02-05 01:25:08,433 - INFO - Epoch [136/500], Loss: 2.7486217360823386, Accuracy: 37.54713638549338%
2024-02-05 01:25:09,267 - INFO - Epoch [137/500], Loss: 2.7461436076029653, Accuracy: 37.610406701591884%
2024-02-05 01:25:10,969 - INFO - Epoch [138/500], Loss: 2.743685413993174, Accuracy: 37.66608457975856%
2024-02-05 01:25:14,451 - INFO - Epoch [139/500], Loss: 2.7412468992894694, Accuracy: 37.7065775820616%
2024-02-05 01:25:17,910 - INFO - Epoch [140/500], Loss: 2.738827764747604, Accuracy: 37.7571938349404%
2024-02-05 01:25:21,327 - INFO - Epoch [141/500], Loss: 2.736427750798964, Accuracy: 37.81034090046314%
2024-02-05 01:25:21,394 - INFO - Test Accuracy: 21.437422552664188%, Balanced Test Accuracy: 22.998727094635026%
2024-02-05 01:25:25,061 - INFO - Epoch [142/500], Loss: 2.734046515197523, Accuracy: 37.873611216561635%
2024-02-05 01:25:28,675 - INFO - Epoch [143/500], Loss: 2.731683836348595, Accuracy: 37.9216966567965%
2024-02-05 01:25:32,237 - INFO - Epoch [144/500], Loss: 2.72933950876036, Accuracy: 37.964720471743476%
2024-02-05 01:25:35,614 - INFO - Epoch [145/500], Loss: 2.7270131966760083, Accuracy: 38.02799078784198%
2024-02-05 01:25:39,156 - INFO - Epoch [146/500], Loss: 2.7247046986895223, Accuracy: 38.076076228076836%
2024-02-05 01:25:42,713 - INFO - Epoch [147/500], Loss: 2.7224137362453247, Accuracy: 38.12669248095563%
2024-02-05 01:25:46,281 - INFO - Epoch [148/500], Loss: 2.720140135336307, Accuracy: 38.1621238579708%
2024-02-05 01:25:49,925 - INFO - Epoch [149/500], Loss: 2.7178835493903004, Accuracy: 38.227924986713234%
2024-02-05 01:25:56,773 - INFO - Epoch [150/500], Loss: 2.7156438358849093, Accuracy: 38.27601042694809%
2024-02-05 01:26:00,328 - INFO - Epoch [151/500], Loss: 2.713420757122578, Accuracy: 38.319034241895075%
2024-02-05 01:26:00,375 - INFO - Test Accuracy: 21.437422552664188%, Balanced Test Accuracy: 22.946418292326225%
2024-02-05 01:26:03,882 - INFO - Epoch [152/500], Loss: 2.711214058101177, Accuracy: 38.334219117758714%
2024-02-05 01:26:07,383 - INFO - Epoch [153/500], Loss: 2.7090235119385104, Accuracy: 38.35952724419811%
2024-02-05 01:26:10,895 - INFO - Epoch [154/500], Loss: 2.706848983803103, Accuracy: 38.41014349707691%
2024-02-05 01:26:14,471 - INFO - Epoch [155/500], Loss: 2.704690226624089, Accuracy: 38.445574874092074%
2024-02-05 01:26:18,093 - INFO - Epoch [156/500], Loss: 2.702547008231763, Accuracy: 38.46582137524359%
2024-02-05 01:26:21,665 - INFO - Epoch [157/500], Loss: 2.700419139237173, Accuracy: 38.51137600283451%
2024-02-05 01:26:25,205 - INFO - Epoch [158/500], Loss: 2.6983064285689786, Accuracy: 38.53921494191785%
2024-02-05 01:26:28,847 - INFO - Epoch [159/500], Loss: 2.6962086856365204, Accuracy: 38.58223875686483%
2024-02-05 01:26:32,433 - INFO - Epoch [160/500], Loss: 2.6941257160036796, Accuracy: 38.61513932123605%
2024-02-05 01:26:35,920 - INFO - Epoch [161/500], Loss: 2.6920573711395264, Accuracy: 38.686002075266366%
2024-02-05 01:26:35,981 - INFO - Test Accuracy: 21.8091697645601%, Balanced Test Accuracy: 23.304596346156448%
2024-02-05 01:26:39,612 - INFO - Epoch [162/500], Loss: 2.6900034131061648, Accuracy: 38.71890263963759%
2024-02-05 01:26:43,201 - INFO - Epoch [163/500], Loss: 2.687963678711845, Accuracy: 38.76445726722851%
2024-02-05 01:26:46,781 - INFO - Epoch [164/500], Loss: 2.6859379660698677, Accuracy: 38.789765393667906%
2024-02-05 01:26:50,417 - INFO - Epoch [165/500], Loss: 2.6839261670266428, Accuracy: 38.830258395970944%
2024-02-05 01:26:54,017 - INFO - Epoch [166/500], Loss: 2.6819280818585427, Accuracy: 38.87581302356187%
2024-02-05 01:26:57,639 - INFO - Epoch [167/500], Loss: 2.6799435091595494, Accuracy: 38.928960089084605%
2024-02-05 01:27:01,267 - INFO - Epoch [168/500], Loss: 2.677972368655666, Accuracy: 38.95679902816794%
2024-02-05 01:27:04,860 - INFO - Epoch [169/500], Loss: 2.6760143745810754, Accuracy: 38.98716877989522%
2024-02-05 01:27:08,466 - INFO - Epoch [170/500], Loss: 2.674069469253863, Accuracy: 39.030192594842205%
2024-02-05 01:27:12,049 - INFO - Epoch [171/500], Loss: 2.672137488280573, Accuracy: 39.050439095993724%
2024-02-05 01:27:12,117 - INFO - Test Accuracy: 21.8091697645601%, Balanced Test Accuracy: 23.304596346156448%
2024-02-05 01:27:15,680 - INFO - Epoch [172/500], Loss: 2.6702182393881584, Accuracy: 39.07827803507706%
2024-02-05 01:27:19,298 - INFO - Epoch [173/500], Loss: 2.668311584380365, Accuracy: 39.11370941209222%
2024-02-05 01:27:22,927 - INFO - Epoch [174/500], Loss: 2.666417431446814, Accuracy: 39.136486725887686%
2024-02-05 01:27:26,496 - INFO - Epoch [175/500], Loss: 2.6645355366410746, Accuracy: 39.1693872902589%
2024-02-05 01:27:30,049 - INFO - Epoch [176/500], Loss: 2.6626657954146786, Accuracy: 39.21494191784982%
2024-02-05 01:27:33,707 - INFO - Epoch [177/500], Loss: 2.6608081459999084, Accuracy: 39.22759598106952%
2024-02-05 01:27:37,340 - INFO - Epoch [178/500], Loss: 2.6589623360383894, Accuracy: 39.275681421304384%
2024-02-05 01:27:40,902 - INFO - Epoch [179/500], Loss: 2.657128278286226, Accuracy: 39.29845873509984%
2024-02-05 01:27:44,542 - INFO - Epoch [180/500], Loss: 2.65530585545686, Accuracy: 39.333890112115%
2024-02-05 01:27:48,031 - INFO - Epoch [181/500], Loss: 2.6534949089250257, Accuracy: 39.36679067648622%
2024-02-05 01:27:48,098 - INFO - Test Accuracy: 22.18091697645601%, Balanced Test Accuracy: 23.65904581825298%
2024-02-05 01:27:51,552 - INFO - Epoch [182/500], Loss: 2.65169532789338, Accuracy: 39.4098144914332%
2024-02-05 01:27:55,012 - INFO - Epoch [183/500], Loss: 2.649906988586149, Accuracy: 39.44524586844836%
2024-02-05 01:27:58,606 - INFO - Epoch [184/500], Loss: 2.648129770111653, Accuracy: 39.48826968339534%
2024-02-05 01:28:02,256 - INFO - Epoch [185/500], Loss: 2.646363503509952, Accuracy: 39.528762685698375%
2024-02-05 01:28:05,847 - INFO - Epoch [186/500], Loss: 2.644608121966162, Accuracy: 39.57684812593324%
2024-02-05 01:28:09,472 - INFO - Epoch [187/500], Loss: 2.642863467335701, Accuracy: 39.60215625237264%
2024-02-05 01:28:13,139 - INFO - Epoch [188/500], Loss: 2.6411294396365843, Accuracy: 39.622402753524156%
2024-02-05 01:28:16,774 - INFO - Epoch [189/500], Loss: 2.63940595042321, Accuracy: 39.66289575582719%
2024-02-05 01:28:20,449 - INFO - Epoch [190/500], Loss: 2.6376928432333853, Accuracy: 39.69326550755448%
2024-02-05 01:28:24,080 - INFO - Epoch [191/500], Loss: 2.6359900567800767, Accuracy: 39.733758509857516%
2024-02-05 01:28:24,145 - INFO - Test Accuracy: 22.304832713754646%, Balanced Test Accuracy: 23.77560355245777%
2024-02-05 01:28:27,786 - INFO - Epoch [192/500], Loss: 2.6342974254681217, Accuracy: 39.754005011009035%
2024-02-05 01:28:31,384 - INFO - Epoch [193/500], Loss: 2.6326148824826365, Accuracy: 39.80209045124389%
2024-02-05 01:28:34,978 - INFO - Epoch [194/500], Loss: 2.6309422819364454, Accuracy: 39.8273985776833%
2024-02-05 01:28:38,554 - INFO - Epoch [195/500], Loss: 2.6292795788857246, Accuracy: 39.872953205274214%
2024-02-05 01:28:42,152 - INFO - Epoch [196/500], Loss: 2.6276266262415917, Accuracy: 39.91597702022119%
2024-02-05 01:28:45,669 - INFO - Epoch [197/500], Loss: 2.625983293979399, Accuracy: 39.971654898387875%
2024-02-05 01:28:49,276 - INFO - Epoch [198/500], Loss: 2.624349562631499, Accuracy: 40.00961708804697%
2024-02-05 01:28:52,880 - INFO - Epoch [199/500], Loss: 2.6227252675640966, Accuracy: 40.02986358919849%
2024-02-05 01:28:56,407 - INFO - Epoch [200/500], Loss: 2.621110334511726, Accuracy: 40.07288740414547%
2024-02-05 01:29:00,040 - INFO - Epoch [201/500], Loss: 2.6195047108396405, Accuracy: 40.108318781160634%
2024-02-05 01:29:00,071 - INFO - Test Accuracy: 22.18091697645601%, Balanced Test Accuracy: 23.671436885791106%
2024-02-05 01:29:03,699 - INFO - Epoch [202/500], Loss: 2.617908197545236, Accuracy: 40.12603446966821%
2024-02-05 01:29:07,301 - INFO - Epoch [203/500], Loss: 2.6163208143365, Accuracy: 40.15640422139549%
2024-02-05 01:29:10,969 - INFO - Epoch [204/500], Loss: 2.614742357884684, Accuracy: 40.19689722369853%
2024-02-05 01:29:14,554 - INFO - Epoch [205/500], Loss: 2.613172857511428, Accuracy: 40.24498266393339%
2024-02-05 01:29:18,145 - INFO - Epoch [206/500], Loss: 2.6116121394499654, Accuracy: 40.26775997772885%
2024-02-05 01:29:21,789 - INFO - Epoch [207/500], Loss: 2.610060146018382, Accuracy: 40.29812972945613%
2024-02-05 01:29:25,405 - INFO - Epoch [208/500], Loss: 2.6085167942989256, Accuracy: 40.31837623060765%
2024-02-05 01:29:28,993 - INFO - Epoch [209/500], Loss: 2.6069819920005335, Accuracy: 40.33356110647129%
2024-02-05 01:29:32,600 - INFO - Epoch [210/500], Loss: 2.6054556905742614, Accuracy: 40.368992483486444%
2024-02-05 01:29:36,078 - INFO - Epoch [211/500], Loss: 2.6039377261073358, Accuracy: 40.40695467314555%
2024-02-05 01:29:36,122 - INFO - Test Accuracy: 22.18091697645601%, Balanced Test Accuracy: 23.671436885791106%
2024-02-05 01:29:39,699 - INFO - Epoch [212/500], Loss: 2.602428089466787, Accuracy: 40.44491686280465%
2024-02-05 01:29:43,323 - INFO - Epoch [213/500], Loss: 2.600926671537661, Accuracy: 40.487940677751624%
2024-02-05 01:29:46,898 - INFO - Epoch [214/500], Loss: 2.599433429779545, Accuracy: 40.51577961683497%
2024-02-05 01:29:50,513 - INFO - Epoch [215/500], Loss: 2.5979482125370734, Accuracy: 40.566395869713766%
2024-02-05 01:29:54,056 - INFO - Epoch [216/500], Loss: 2.596470993613043, Accuracy: 40.589173183509224%
2024-02-05 01:29:57,586 - INFO - Epoch [217/500], Loss: 2.595001681197074, Accuracy: 40.62460456052438%
2024-02-05 01:30:01,136 - INFO - Epoch [218/500], Loss: 2.5935402575039093, Accuracy: 40.64991268696378%
2024-02-05 01:30:04,685 - INFO - Epoch [219/500], Loss: 2.592086561985554, Accuracy: 40.690405689266825%
2024-02-05 01:30:08,240 - INFO - Epoch [220/500], Loss: 2.590640555466375, Accuracy: 40.7207754409941%
2024-02-05 01:30:11,732 - INFO - Epoch [221/500], Loss: 2.5892021778610443, Accuracy: 40.75367600536532%
2024-02-05 01:30:11,799 - INFO - Test Accuracy: 22.057001239157373%, Balanced Test Accuracy: 23.48492894928317%
2024-02-05 01:30:15,466 - INFO - Epoch [222/500], Loss: 2.5877713710069656, Accuracy: 40.791638195024426%
2024-02-05 01:30:19,044 - INFO - Epoch [223/500], Loss: 2.5863480072829033, Accuracy: 40.83213119732746%
2024-02-05 01:30:22,574 - INFO - Epoch [224/500], Loss: 2.5849320994269465, Accuracy: 40.86503176169868%
2024-02-05 01:30:26,203 - INFO - Epoch [225/500], Loss: 2.5835234924189505, Accuracy: 40.91817882722142%
2024-02-05 01:30:29,817 - INFO - Epoch [226/500], Loss: 2.582122199477688, Accuracy: 40.94095614101688%
2024-02-05 01:30:33,319 - INFO - Epoch [227/500], Loss: 2.5807280732739355, Accuracy: 40.98144914331992%
2024-02-05 01:30:36,861 - INFO - Epoch [228/500], Loss: 2.5793411479361597, Accuracy: 41.02700377091084%
2024-02-05 01:30:40,489 - INFO - Epoch [229/500], Loss: 2.5779612811823047, Accuracy: 41.04218864677448%
2024-02-05 01:30:44,109 - INFO - Epoch [230/500], Loss: 2.576588409081582, Accuracy: 41.0750892111457%
2024-02-05 01:30:47,702 - INFO - Epoch [231/500], Loss: 2.575222491737335, Accuracy: 41.09786652494116%
2024-02-05 01:30:47,770 - INFO - Test Accuracy: 22.18091697645601%, Balanced Test Accuracy: 23.596040060394284%
2024-02-05 01:30:50,669 - INFO - Epoch [232/500], Loss: 2.5738635046347493, Accuracy: 41.1383595272442%
2024-02-05 01:30:51,441 - INFO - Epoch [233/500], Loss: 2.5725113115003033, Accuracy: 41.16113684103966%
2024-02-05 01:30:53,314 - INFO - Epoch [234/500], Loss: 2.5711659406942706, Accuracy: 41.199099030698754%
2024-02-05 01:30:55,819 - INFO - Epoch [235/500], Loss: 2.5698272189305675, Accuracy: 41.22187634449422%
2024-02-05 01:30:58,475 - INFO - Epoch [236/500], Loss: 2.568495194517797, Accuracy: 41.26236934679726%
2024-02-05 01:31:00,698 - INFO - Epoch [237/500], Loss: 2.5671697254142454, Accuracy: 41.280085035304836%
2024-02-05 01:31:02,976 - INFO - Epoch [238/500], Loss: 2.5658508356540435, Accuracy: 41.307923974388174%
2024-02-05 01:31:05,419 - INFO - Epoch [239/500], Loss: 2.5645383798306987, Accuracy: 41.33829372611545%
2024-02-05 01:31:07,762 - INFO - Epoch [240/500], Loss: 2.5632323740470793, Accuracy: 41.36866347784274%
2024-02-05 01:31:10,328 - INFO - Epoch [241/500], Loss: 2.5619327721576535, Accuracy: 41.38384835370638%
2024-02-05 01:31:10,366 - INFO - Test Accuracy: 22.057001239157373%, Balanced Test Accuracy: 23.467834932189156%
2024-02-05 01:31:13,115 - INFO - Epoch [242/500], Loss: 2.5606394328417315, Accuracy: 41.421810543365474%
2024-02-05 01:31:15,440 - INFO - Epoch [243/500], Loss: 2.559352399360749, Accuracy: 41.44964948244881%
2024-02-05 01:31:17,793 - INFO - Epoch [244/500], Loss: 2.558071540728692, Accuracy: 41.48761167210792%
2024-02-05 01:31:19,686 - INFO - Epoch [245/500], Loss: 2.556796843246106, Accuracy: 41.520512236479135%
2024-02-05 01:31:20,589 - INFO - Epoch [246/500], Loss: 2.5555282552396097, Accuracy: 41.543289550274594%
2024-02-05 01:31:23,200 - INFO - Epoch [247/500], Loss: 2.5542657137397797, Accuracy: 41.57365930200187%
2024-02-05 01:31:26,920 - INFO - Epoch [248/500], Loss: 2.553009173802791, Accuracy: 41.59137499050945%
2024-02-05 01:31:30,547 - INFO - Epoch [249/500], Loss: 2.5517586200468, Accuracy: 41.60402905372915%
2024-02-05 01:31:34,223 - INFO - Epoch [250/500], Loss: 2.5505139359062716, Accuracy: 41.626806367524615%
2024-02-05 01:31:38,230 - INFO - Epoch [251/500], Loss: 2.5492750968663924, Accuracy: 41.641991243388254%
2024-02-05 01:31:38,468 - INFO - Test Accuracy: 22.18091697645601%, Balanced Test Accuracy: 23.509055966057247%
2024-02-05 01:31:50,655 - INFO - Epoch [252/500], Loss: 2.548042066154941, Accuracy: 41.66983018247159%
2024-02-05 01:31:55,487 - INFO - Epoch [253/500], Loss: 2.5468147942616093, Accuracy: 41.68248424569129%
2024-02-05 01:31:58,922 - INFO - Epoch [254/500], Loss: 2.5455932076419554, Accuracy: 41.71032318477463%
2024-02-05 01:32:02,461 - INFO - Epoch [255/500], Loss: 2.544377329368745, Accuracy: 41.73056968592615%
2024-02-05 01:32:05,960 - INFO - Epoch [256/500], Loss: 2.5431670690736463, Accuracy: 41.766001062941314%
2024-02-05 01:32:09,477 - INFO - Epoch [257/500], Loss: 2.541962349126416, Accuracy: 41.79637081466859%
2024-02-05 01:32:13,004 - INFO - Epoch [258/500], Loss: 2.540763177217976, Accuracy: 41.82167894110799%
2024-02-05 01:32:16,480 - INFO - Epoch [259/500], Loss: 2.539569475718083, Accuracy: 41.84698706754739%
2024-02-05 01:32:20,115 - INFO - Epoch [260/500], Loss: 2.5383812090562237, Accuracy: 41.884949257206486%
2024-02-05 01:32:23,727 - INFO - Epoch [261/500], Loss: 2.5371983310868664, Accuracy: 41.92291144686559%
2024-02-05 01:32:23,739 - INFO - Test Accuracy: 22.304832713754646%, Balanced Test Accuracy: 23.60164855864984%
2024-02-05 01:32:27,366 - INFO - Epoch [262/500], Loss: 2.5360208333980654, Accuracy: 41.94062713537317%
2024-02-05 01:32:30,924 - INFO - Epoch [263/500], Loss: 2.5348486282652423, Accuracy: 41.94821957330499%
2024-02-05 01:32:34,374 - INFO - Epoch [264/500], Loss: 2.533681702709967, Accuracy: 41.993774200895906%
2024-02-05 01:32:38,005 - INFO - Epoch [265/500], Loss: 2.5325200187583126, Accuracy: 42.019082327335305%
2024-02-05 01:32:41,638 - INFO - Epoch [266/500], Loss: 2.531363491569796, Accuracy: 42.05451370435047%
2024-02-05 01:32:45,243 - INFO - Epoch [267/500], Loss: 2.5302120697113777, Accuracy: 42.07729101814593%
2024-02-05 01:32:48,838 - INFO - Epoch [268/500], Loss: 2.5290658473968506, Accuracy: 42.08994508136563%
2024-02-05 01:32:52,365 - INFO - Epoch [269/500], Loss: 2.5279246059156235, Accuracy: 42.10259914458533%
2024-02-05 01:32:56,001 - INFO - Epoch [270/500], Loss: 2.526788451498555, Accuracy: 42.122845645736845%
2024-02-05 01:32:59,508 - INFO - Epoch [271/500], Loss: 2.5256572639749897, Accuracy: 42.15574621010806%
2024-02-05 01:32:59,575 - INFO - Test Accuracy: 22.428748451053284%, Balanced Test Accuracy: 23.75148020848149%
2024-02-05 01:33:03,119 - INFO - Epoch [272/500], Loss: 2.5245310111391928, Accuracy: 42.17852352390353%
2024-02-05 01:33:06,694 - INFO - Epoch [273/500], Loss: 2.5234096381933457, Accuracy: 42.19877002505505%
2024-02-05 01:33:10,298 - INFO - Epoch [274/500], Loss: 2.5222931924846863, Accuracy: 42.224078151494446%
2024-02-05 01:33:13,895 - INFO - Epoch [275/500], Loss: 2.521181541344812, Accuracy: 42.251917090577784%
2024-02-05 01:33:17,517 - INFO - Epoch [276/500], Loss: 2.5200746852544045, Accuracy: 42.28228684230506%
2024-02-05 01:33:21,126 - INFO - Epoch [277/500], Loss: 2.518972644402135, Accuracy: 42.29494090552476%
2024-02-05 01:33:24,769 - INFO - Epoch [278/500], Loss: 2.5178753377929812, Accuracy: 42.332903095183866%
2024-02-05 01:33:28,348 - INFO - Epoch [279/500], Loss: 2.516782701496155, Accuracy: 42.353149596335385%
2024-02-05 01:33:31,853 - INFO - Epoch [280/500], Loss: 2.5156946566797074, Accuracy: 42.363272846911144%
2024-02-05 01:33:35,485 - INFO - Epoch [281/500], Loss: 2.5146113215915618, Accuracy: 42.39111178599448%
2024-02-05 01:33:35,551 - INFO - Test Accuracy: 22.428748451053284%, Balanced Test Accuracy: 23.75148020848149%
2024-02-05 01:33:39,164 - INFO - Epoch [282/500], Loss: 2.5135325385678198, Accuracy: 42.40376584921418%
2024-02-05 01:33:42,802 - INFO - Epoch [283/500], Loss: 2.512458305926092, Accuracy: 42.41895072507782%
2024-02-05 01:33:46,426 - INFO - Epoch [284/500], Loss: 2.5113885705509493, Accuracy: 42.44172803887328%
2024-02-05 01:33:50,054 - INFO - Epoch [285/500], Loss: 2.5103233521503787, Accuracy: 42.456912914736925%
2024-02-05 01:33:53,675 - INFO - Epoch [286/500], Loss: 2.509262588475981, Accuracy: 42.482221041176324%
2024-02-05 01:33:57,306 - INFO - Epoch [287/500], Loss: 2.5082062391504163, Accuracy: 42.49487510439602%
2024-02-05 01:34:00,856 - INFO - Epoch [288/500], Loss: 2.5071542642770277, Accuracy: 42.51765241819148%
2024-02-05 01:34:04,479 - INFO - Epoch [289/500], Loss: 2.5061066847655082, Accuracy: 42.53030648141118%
2024-02-05 01:34:08,109 - INFO - Epoch [290/500], Loss: 2.505063351123564, Accuracy: 42.55561460785058%
2024-02-05 01:34:11,738 - INFO - Epoch [291/500], Loss: 2.5040244181309976, Accuracy: 42.593576797509684%
2024-02-05 01:34:11,759 - INFO - Test Accuracy: 22.428748451053284%, Balanced Test Accuracy: 23.75148020848149%
2024-02-05 01:34:15,289 - INFO - Epoch [292/500], Loss: 2.502989670682338, Accuracy: 42.61888492394908%
2024-02-05 01:34:18,848 - INFO - Epoch [293/500], Loss: 2.501959169583936, Accuracy: 42.6517854883203%
2024-02-05 01:34:22,461 - INFO - Epoch [294/500], Loss: 2.5009328552311465, Accuracy: 42.6770936147597%
2024-02-05 01:34:26,055 - INFO - Epoch [295/500], Loss: 2.4999107473319575, Accuracy: 42.69734011591122%
2024-02-05 01:34:29,638 - INFO - Epoch [296/500], Loss: 2.498892759123156, Accuracy: 42.725179054994555%
2024-02-05 01:34:33,232 - INFO - Epoch [297/500], Loss: 2.4978788769052875, Accuracy: 42.75554880672184%
2024-02-05 01:34:36,812 - INFO - Epoch [298/500], Loss: 2.4968690679919336, Accuracy: 42.78085693316124%
2024-02-05 01:34:40,392 - INFO - Epoch [299/500], Loss: 2.4958633645888297, Accuracy: 42.8162883101764%
2024-02-05 01:34:43,930 - INFO - Epoch [300/500], Loss: 2.494861649169076, Accuracy: 42.836534811327915%
2024-02-05 01:34:47,556 - INFO - Epoch [301/500], Loss: 2.493863952977042, Accuracy: 42.851719687191554%
2024-02-05 01:34:47,623 - INFO - Test Accuracy: 22.55266418835192%, Balanced Test Accuracy: 23.879685336686617%
2024-02-05 01:34:51,240 - INFO - Epoch [302/500], Loss: 2.4928702123222815, Accuracy: 42.864373750411254%
2024-02-05 01:34:54,840 - INFO - Epoch [303/500], Loss: 2.4918804365781044, Accuracy: 42.8922126894946%
2024-02-05 01:34:58,480 - INFO - Epoch [304/500], Loss: 2.4908945601313346, Accuracy: 42.92005162857794%
2024-02-05 01:35:02,218 - INFO - Epoch [305/500], Loss: 2.4899125560637443, Accuracy: 42.937767317085516%
2024-02-05 01:35:05,792 - INFO - Epoch [306/500], Loss: 2.4889344140406577, Accuracy: 42.960544630880975%
2024-02-05 01:35:09,369 - INFO - Epoch [307/500], Loss: 2.487960113392722, Accuracy: 42.968137068812794%
2024-02-05 01:35:12,723 - INFO - Epoch [308/500], Loss: 2.486989615424987, Accuracy: 42.98838356996431%
2024-02-05 01:35:16,353 - INFO - Epoch [309/500], Loss: 2.4860228927385424, Accuracy: 43.01369169640372%
2024-02-05 01:35:19,955 - INFO - Epoch [310/500], Loss: 2.4850599595135257, Accuracy: 43.051653886062816%
2024-02-05 01:35:23,540 - INFO - Epoch [311/500], Loss: 2.4841007378793534, Accuracy: 43.061777136638575%
2024-02-05 01:35:23,607 - INFO - Test Accuracy: 22.676579925650557%, Balanced Test Accuracy: 23.96301867001995%
2024-02-05 01:35:27,234 - INFO - Epoch [312/500], Loss: 2.483145277827017, Accuracy: 43.066838761926455%
2024-02-05 01:35:30,828 - INFO - Epoch [313/500], Loss: 2.482193384920397, Accuracy: 43.084554450434034%
2024-02-05 01:35:34,465 - INFO - Epoch [314/500], Loss: 2.4812451927892623, Accuracy: 43.09973932629767%
2024-02-05 01:35:37,858 - INFO - Epoch [315/500], Loss: 2.4803006408676023, Accuracy: 43.11745501480525%
2024-02-05 01:35:41,391 - INFO - Epoch [316/500], Loss: 2.4793596904604667, Accuracy: 43.13010907802495%
2024-02-05 01:35:44,997 - INFO - Epoch [317/500], Loss: 2.478422299988808, Accuracy: 43.1452939538886%
2024-02-05 01:35:48,419 - INFO - Epoch [318/500], Loss: 2.477488528336248, Accuracy: 43.160478829752236%
2024-02-05 01:35:51,950 - INFO - Epoch [319/500], Loss: 2.4765582553321317, Accuracy: 43.180725330903755%
2024-02-05 01:35:55,579 - INFO - Epoch [320/500], Loss: 2.4756314672770037, Accuracy: 43.200971832055274%
2024-02-05 01:35:59,188 - INFO - Epoch [321/500], Loss: 2.4747082057499115, Accuracy: 43.20856426998709%
2024-02-05 01:35:59,254 - INFO - Test Accuracy: 22.800495662949196%, Balanced Test Accuracy: 24.035482438135894%
2024-02-05 01:36:02,785 - INFO - Epoch [322/500], Loss: 2.473788391918905, Accuracy: 43.23134158378255%
2024-02-05 01:36:06,419 - INFO - Epoch [323/500], Loss: 2.4728720625562053, Accuracy: 43.24905727229013%
2024-02-05 01:36:10,051 - INFO - Epoch [324/500], Loss: 2.471959084032043, Accuracy: 43.27183458608559%
2024-02-05 01:36:13,714 - INFO - Epoch [325/500], Loss: 2.4710495438306563, Accuracy: 43.299673525168934%
2024-02-05 01:36:17,358 - INFO - Epoch [326/500], Loss: 2.4701433655235077, Accuracy: 43.31738921367651%
2024-02-05 01:36:20,993 - INFO - Epoch [327/500], Loss: 2.469240534209436, Accuracy: 43.32245083896439%
2024-02-05 01:36:24,600 - INFO - Epoch [328/500], Loss: 2.4683410412361546, Accuracy: 43.33257408954015%
2024-02-05 01:36:28,221 - INFO - Epoch [329/500], Loss: 2.4674448635308974, Accuracy: 43.36041302862349%
2024-02-05 01:36:31,874 - INFO - Epoch [330/500], Loss: 2.46655197826124, Accuracy: 43.37559790448713%
2024-02-05 01:36:35,602 - INFO - Epoch [331/500], Loss: 2.4656623575475907, Accuracy: 43.39078278035077%
2024-02-05 01:36:35,669 - INFO - Test Accuracy: 22.676579925650557%, Balanced Test Accuracy: 23.916434819088277%
2024-02-05 01:36:39,217 - INFO - Epoch [332/500], Loss: 2.464775958849538, Accuracy: 43.40849846885835%
2024-02-05 01:36:42,787 - INFO - Epoch [333/500], Loss: 2.4638928059608705, Accuracy: 43.43886822058563%
2024-02-05 01:36:46,320 - INFO - Epoch [334/500], Loss: 2.4630128810963323, Accuracy: 43.47683041024473%
2024-02-05 01:36:49,829 - INFO - Epoch [335/500], Loss: 2.4621360938875907, Accuracy: 43.50213853668413%
2024-02-05 01:36:53,389 - INFO - Epoch [336/500], Loss: 2.461262545518337, Accuracy: 43.540100726343226%
2024-02-05 01:36:56,906 - INFO - Epoch [337/500], Loss: 2.460392017999003, Accuracy: 43.555285602206865%
2024-02-05 01:37:00,500 - INFO - Epoch [338/500], Loss: 2.4595247158600437, Accuracy: 43.59324779186597%
2024-02-05 01:37:03,271 - INFO - Epoch [339/500], Loss: 2.4586605254200196, Accuracy: 43.61855591830537%
2024-02-05 01:37:03,977 - INFO - Epoch [340/500], Loss: 2.457799369769712, Accuracy: 43.64639485738871%
2024-02-05 01:37:05,729 - INFO - Epoch [341/500], Loss: 2.456941328702434, Accuracy: 43.671702983828105%
2024-02-05 01:37:05,765 - INFO - Test Accuracy: 22.55266418835192%, Balanced Test Accuracy: 23.82985473250819%
2024-02-05 01:37:07,932 - INFO - Epoch [342/500], Loss: 2.456086318579412, Accuracy: 43.679295421759925%
2024-02-05 01:37:09,946 - INFO - Epoch [343/500], Loss: 2.4552343156068557, Accuracy: 43.70207273555539%
2024-02-05 01:37:12,130 - INFO - Epoch [344/500], Loss: 2.4543853019995074, Accuracy: 43.72738086199479%
2024-02-05 01:37:14,062 - INFO - Epoch [345/500], Loss: 2.4535393171733424, Accuracy: 43.75015817579025%
2024-02-05 01:37:15,910 - INFO - Epoch [346/500], Loss: 2.452696334210134, Accuracy: 43.767873864297826%
2024-02-05 01:37:18,102 - INFO - Epoch [347/500], Loss: 2.4518562814881726, Accuracy: 43.783058740161465%
2024-02-05 01:37:20,363 - INFO - Epoch [348/500], Loss: 2.4510191539602895, Accuracy: 43.803305241312984%
2024-02-05 01:37:22,395 - INFO - Epoch [349/500], Loss: 2.450184941291809, Accuracy: 43.81342849188874%
2024-02-05 01:37:24,319 - INFO - Epoch [350/500], Loss: 2.449353615122457, Accuracy: 43.84632905625997%
2024-02-05 01:37:26,338 - INFO - Epoch [351/500], Loss: 2.4485252172716203, Accuracy: 43.86151393212361%
2024-02-05 01:37:26,350 - INFO - Test Accuracy: 22.92441140024783%, Balanced Test Accuracy: 24.109316011969465%
2024-02-05 01:37:28,287 - INFO - Epoch [352/500], Loss: 2.447699645353902, Accuracy: 43.874167995343306%
2024-02-05 01:37:30,347 - INFO - Epoch [353/500], Loss: 2.4468769354204976, Accuracy: 43.886822058563006%
2024-02-05 01:37:32,494 - INFO - Epoch [354/500], Loss: 2.446057092758917, Accuracy: 43.896945309138765%
2024-02-05 01:37:34,556 - INFO - Epoch [355/500], Loss: 2.445240061609976, Accuracy: 43.91972262293422%
2024-02-05 01:37:36,241 - INFO - Epoch [356/500], Loss: 2.44442578429176, Accuracy: 43.93996912408574%
2024-02-05 01:37:37,143 - INFO - Epoch [357/500], Loss: 2.4436143071901415, Accuracy: 43.95768481259332%
2024-02-05 01:37:40,197 - INFO - Epoch [358/500], Loss: 2.442805604588601, Accuracy: 43.98046212638879%
2024-02-05 01:37:48,370 - INFO - Epoch [359/500], Loss: 2.441999656058127, Accuracy: 44.000708627540305%
2024-02-05 01:37:51,994 - INFO - Epoch [360/500], Loss: 2.441196417135577, Accuracy: 44.013362690760005%
2024-02-05 01:37:55,693 - INFO - Epoch [361/500], Loss: 2.4403958661902334, Accuracy: 44.020955128691824%
2024-02-05 01:37:55,760 - INFO - Test Accuracy: 23.04832713754647%, Balanced Test Accuracy: 24.228363631017082%
2024-02-05 01:37:59,341 - INFO - Epoch [362/500], Loss: 2.4395980623460587, Accuracy: 44.0386708171994%
2024-02-05 01:38:02,903 - INFO - Epoch [363/500], Loss: 2.438802926530761, Accuracy: 44.05385569306304%
2024-02-05 01:38:06,522 - INFO - Epoch [364/500], Loss: 2.4380104604267303, Accuracy: 44.07916381950244%
2024-02-05 01:38:10,088 - INFO - Epoch [365/500], Loss: 2.4372206657163558, Accuracy: 44.10953357122972%
2024-02-05 01:38:13,671 - INFO - Epoch [366/500], Loss: 2.4364334851984055, Accuracy: 44.127249259737304%
2024-02-05 01:38:17,240 - INFO - Epoch [367/500], Loss: 2.435648948675202, Accuracy: 44.14749576088882%
2024-02-05 01:38:20,785 - INFO - Epoch [368/500], Loss: 2.434866975632406, Accuracy: 44.15761901146458%
2024-02-05 01:38:24,377 - INFO - Epoch [369/500], Loss: 2.4340876437002614, Accuracy: 44.18039632526004%
2024-02-05 01:38:27,961 - INFO - Epoch [370/500], Loss: 2.4333108526564415, Accuracy: 44.20064282641156%
2024-02-05 01:38:31,625 - INFO - Epoch [371/500], Loss: 2.43253664359931, Accuracy: 44.22088932756308%
2024-02-05 01:38:31,692 - INFO - Test Accuracy: 23.04832713754647%, Balanced Test Accuracy: 24.228363631017082%
2024-02-05 01:38:35,286 - INFO - Epoch [372/500], Loss: 2.431764956203199, Accuracy: 44.2284817654949%
2024-02-05 01:38:38,876 - INFO - Epoch [373/500], Loss: 2.4309958269999874, Accuracy: 44.25632070457824%
2024-02-05 01:38:42,556 - INFO - Epoch [374/500], Loss: 2.43022923315725, Accuracy: 44.27403639308582%
2024-02-05 01:38:46,213 - INFO - Epoch [375/500], Loss: 2.4294651076197624, Accuracy: 44.28415964366158%
2024-02-05 01:38:49,784 - INFO - Epoch [376/500], Loss: 2.428703486198379, Accuracy: 44.29934451952522%
2024-02-05 01:38:53,305 - INFO - Epoch [377/500], Loss: 2.4279443518288675, Accuracy: 44.3044061448131%
2024-02-05 01:38:56,903 - INFO - Epoch [378/500], Loss: 2.427187645387265, Accuracy: 44.32718345860856%
2024-02-05 01:39:00,484 - INFO - Epoch [379/500], Loss: 2.42643341974866, Accuracy: 44.34489914711614%
2024-02-05 01:39:04,079 - INFO - Epoch [380/500], Loss: 2.42568160473339, Accuracy: 44.35249158504796%
2024-02-05 01:39:07,521 - INFO - Epoch [381/500], Loss: 2.4249322524955197, Accuracy: 44.385392149419175%
2024-02-05 01:39:07,588 - INFO - Test Accuracy: 23.296158612143742%, Balanced Test Accuracy: 24.451577916731367%
2024-02-05 01:39:10,975 - INFO - Epoch [382/500], Loss: 2.4241852625723808, Accuracy: 44.40310783792676%
2024-02-05 01:39:14,528 - INFO - Epoch [383/500], Loss: 2.423440695770325, Accuracy: 44.42082352643434%
2024-02-05 01:39:17,992 - INFO - Epoch [384/500], Loss: 2.4226984525880506, Accuracy: 44.43600840229798%
2024-02-05 01:39:21,566 - INFO - Epoch [385/500], Loss: 2.421958610175117, Accuracy: 44.45372409080556%
2024-02-05 01:39:25,085 - INFO - Epoch [386/500], Loss: 2.421221146420125, Accuracy: 44.479032217244956%
2024-02-05 01:39:28,760 - INFO - Epoch [387/500], Loss: 2.420485982971807, Accuracy: 44.489155467820716%
2024-02-05 01:39:32,453 - INFO - Epoch [388/500], Loss: 2.419753183280268, Accuracy: 44.506871156328295%
2024-02-05 01:39:36,114 - INFO - Epoch [389/500], Loss: 2.4190226689942422, Accuracy: 44.516994406904054%
2024-02-05 01:39:39,714 - INFO - Epoch [390/500], Loss: 2.4182944869802845, Accuracy: 44.519525219547994%
2024-02-05 01:39:43,286 - INFO - Epoch [391/500], Loss: 2.4175685747496543, Accuracy: 44.53471009541164%
2024-02-05 01:39:43,354 - INFO - Test Accuracy: 23.296158612143742%, Balanced Test Accuracy: 24.451577916731367%
2024-02-05 01:39:46,968 - INFO - Epoch [392/500], Loss: 2.416844932542693, Accuracy: 44.56001822185104%
2024-02-05 01:39:50,503 - INFO - Epoch [393/500], Loss: 2.416123554110527, Accuracy: 44.57267228507074%
2024-02-05 01:39:53,954 - INFO - Epoch [394/500], Loss: 2.4154044315218925, Accuracy: 44.58532634829044%
2024-02-05 01:39:57,330 - INFO - Epoch [395/500], Loss: 2.4146875746307837, Accuracy: 44.597980411510136%
2024-02-05 01:40:00,825 - INFO - Epoch [396/500], Loss: 2.413972904364909, Accuracy: 44.610634474729835%
2024-02-05 01:40:04,442 - INFO - Epoch [397/500], Loss: 2.413260461101609, Accuracy: 44.623288537949534%
2024-02-05 01:40:08,071 - INFO - Epoch [398/500], Loss: 2.4125502688750142, Accuracy: 44.64100422645711%
2024-02-05 01:40:11,745 - INFO - Epoch [399/500], Loss: 2.41184224044123, Accuracy: 44.65618910232075%
2024-02-05 01:40:15,264 - INFO - Epoch [400/500], Loss: 2.4111364224264697, Accuracy: 44.67643560347228%
2024-02-05 01:40:18,879 - INFO - Epoch [401/500], Loss: 2.4104326961021267, Accuracy: 44.69921291726774%
2024-02-05 01:40:18,948 - INFO - Test Accuracy: 23.296158612143742%, Balanced Test Accuracy: 24.451577916731367%
2024-02-05 01:40:22,520 - INFO - Epoch [402/500], Loss: 2.4097311556819947, Accuracy: 44.701743729911676%
2024-02-05 01:40:26,191 - INFO - Epoch [403/500], Loss: 2.4090318014064143, Accuracy: 44.714397793131376%
2024-02-05 01:40:29,793 - INFO - Epoch [404/500], Loss: 2.408334577275861, Accuracy: 44.727051856351075%
2024-02-05 01:40:33,457 - INFO - Epoch [405/500], Loss: 2.407639411428282, Accuracy: 44.74982917014653%
2024-02-05 01:40:37,136 - INFO - Epoch [406/500], Loss: 2.4069463625069587, Accuracy: 44.75742160807835%
2024-02-05 01:40:40,944 - INFO - Epoch [407/500], Loss: 2.4062555086228157, Accuracy: 44.77260648394199%
2024-02-05 01:40:44,596 - INFO - Epoch [408/500], Loss: 2.405566691631271, Accuracy: 44.78019892187381%
2024-02-05 01:40:48,272 - INFO - Epoch [409/500], Loss: 2.4048799466221564, Accuracy: 44.79791461038139%
2024-02-05 01:40:51,902 - INFO - Epoch [410/500], Loss: 2.4041952649431844, Accuracy: 44.80803786095716%
2024-02-05 01:40:55,531 - INFO - Epoch [411/500], Loss: 2.403512661976199, Accuracy: 44.818161111532916%
2024-02-05 01:40:55,601 - INFO - Test Accuracy: 23.296158612143742%, Balanced Test Accuracy: 24.451577916731367%
2024-02-05 01:40:59,206 - INFO - Epoch [412/500], Loss: 2.4028320922966926, Accuracy: 44.833345987396555%
2024-02-05 01:41:02,827 - INFO - Epoch [413/500], Loss: 2.402153585226305, Accuracy: 44.843469237972315%
2024-02-05 01:41:06,250 - INFO - Epoch [414/500], Loss: 2.401477082362098, Accuracy: 44.858654113835954%
2024-02-05 01:41:09,728 - INFO - Epoch [415/500], Loss: 2.4008025678415454, Accuracy: 44.87383898969959%
2024-02-05 01:41:13,209 - INFO - Epoch [416/500], Loss: 2.4001300702652624, Accuracy: 44.89661630349505%
2024-02-05 01:41:16,849 - INFO - Epoch [417/500], Loss: 2.399459602371339, Accuracy: 44.92192442993445%
2024-02-05 01:41:20,468 - INFO - Epoch [418/500], Loss: 2.3987911026323996, Accuracy: 44.93964011844203%
2024-02-05 01:41:24,092 - INFO - Epoch [419/500], Loss: 2.3981245936405275, Accuracy: 44.959886619593554%
2024-02-05 01:41:27,590 - INFO - Epoch [420/500], Loss: 2.3974600032933298, Accuracy: 44.964948244881434%
2024-02-05 01:41:31,254 - INFO - Epoch [421/500], Loss: 2.396797413547193, Accuracy: 44.98519474603295%
2024-02-05 01:41:31,321 - INFO - Test Accuracy: 23.42007434944238%, Balanced Test Accuracy: 24.590466805620256%
2024-02-05 01:41:34,984 - INFO - Epoch [422/500], Loss: 2.3961367191326235, Accuracy: 45.00797205982841%
2024-02-05 01:41:38,583 - INFO - Epoch [423/500], Loss: 2.3954779871048464, Accuracy: 45.02062612304811%
2024-02-05 01:41:42,141 - INFO - Epoch [424/500], Loss: 2.394821172039355, Accuracy: 45.02315693569205%
2024-02-05 01:41:45,647 - INFO - Epoch [425/500], Loss: 2.394166296768573, Accuracy: 45.04593424948751%
2024-02-05 01:41:49,033 - INFO - Epoch [426/500], Loss: 2.393513320434478, Accuracy: 45.06871156328297%
2024-02-05 01:41:52,474 - INFO - Epoch [427/500], Loss: 2.3928622108313347, Accuracy: 45.06618075063903%
2024-02-05 01:41:55,929 - INFO - Epoch [428/500], Loss: 2.3922130525592835, Accuracy: 45.07124237592691%
2024-02-05 01:41:59,487 - INFO - Epoch [429/500], Loss: 2.3915656939629586, Accuracy: 45.08642725179055%
2024-02-05 01:42:03,119 - INFO - Epoch [430/500], Loss: 2.3909202182004528, Accuracy: 45.10920456558601%
2024-02-05 01:42:06,569 - INFO - Epoch [431/500], Loss: 2.390276612533677, Accuracy: 45.12692025409359%
2024-02-05 01:42:06,618 - INFO - Test Accuracy: 23.543990086741015%, Balanced Test Accuracy: 24.709514424667876%
2024-02-05 01:42:10,221 - INFO - Epoch [432/500], Loss: 2.389634850525087, Accuracy: 45.13451269202541%
2024-02-05 01:42:13,789 - INFO - Epoch [433/500], Loss: 2.388994965101442, Accuracy: 45.14716675524511%
2024-02-05 01:42:17,222 - INFO - Epoch [434/500], Loss: 2.3883568303238962, Accuracy: 45.14969756788905%
2024-02-05 01:42:20,864 - INFO - Epoch [435/500], Loss: 2.387720590637576, Accuracy: 45.16741325639663%
2024-02-05 01:42:24,515 - INFO - Epoch [436/500], Loss: 2.3870861333224083, Accuracy: 45.16488244375269%
2024-02-05 01:42:28,299 - INFO - Epoch [437/500], Loss: 2.3864534951506124, Accuracy: 45.18006731961633%
2024-02-05 01:42:31,979 - INFO - Epoch [438/500], Loss: 2.385822636225531, Accuracy: 45.202844633411786%
2024-02-05 01:42:35,639 - INFO - Epoch [439/500], Loss: 2.3851935579892127, Accuracy: 45.207906258699666%
2024-02-05 01:42:39,253 - INFO - Epoch [440/500], Loss: 2.384566340955996, Accuracy: 45.220560321919365%
2024-02-05 01:42:42,873 - INFO - Epoch [441/500], Loss: 2.3839407772306473, Accuracy: 45.23321438513907%
2024-02-05 01:42:42,918 - INFO - Test Accuracy: 23.543990086741015%, Balanced Test Accuracy: 24.709514424667876%
2024-02-05 01:42:46,535 - INFO - Epoch [442/500], Loss: 2.383316967996859, Accuracy: 45.24333763571483%
2024-02-05 01:42:50,164 - INFO - Epoch [443/500], Loss: 2.3826949913655557, Accuracy: 45.25852251157847%
2024-02-05 01:42:53,763 - INFO - Epoch [444/500], Loss: 2.3820747264450595, Accuracy: 45.27370738744211%
2024-02-05 01:42:57,394 - INFO - Epoch [445/500], Loss: 2.3814561782825376, Accuracy: 45.29142307594969%
2024-02-05 01:43:00,948 - INFO - Epoch [446/500], Loss: 2.3808393649035886, Accuracy: 45.30407713916939%
2024-02-05 01:43:04,589 - INFO - Epoch [447/500], Loss: 2.380224284385481, Accuracy: 45.309138764457266%
2024-02-05 01:43:08,288 - INFO - Epoch [448/500], Loss: 2.379610915578181, Accuracy: 45.319262015033026%
2024-02-05 01:43:12,003 - INFO - Epoch [449/500], Loss: 2.378999231323119, Accuracy: 45.339508516184544%
2024-02-05 01:43:15,675 - INFO - Epoch [450/500], Loss: 2.3783892633453494, Accuracy: 45.36734745526789%
2024-02-05 01:43:18,450 - INFO - Epoch [451/500], Loss: 2.3777809527612503, Accuracy: 45.36987826791183%
2024-02-05 01:43:18,459 - INFO - Test Accuracy: 23.667905824039654%, Balanced Test Accuracy: 24.837719552873004%
2024-02-05 01:43:19,324 - INFO - Epoch [452/500], Loss: 2.3771743233646117, Accuracy: 45.38759395641941%
2024-02-05 01:43:21,246 - INFO - Epoch [453/500], Loss: 2.3765693573701765, Accuracy: 45.40784045757093%
2024-02-05 01:43:23,252 - INFO - Epoch [454/500], Loss: 2.375966072322861, Accuracy: 45.428086958722446%
2024-02-05 01:43:25,146 - INFO - Epoch [455/500], Loss: 2.375364423759522, Accuracy: 45.440741021942145%
2024-02-05 01:43:27,019 - INFO - Epoch [456/500], Loss: 2.3747644515768176, Accuracy: 45.455925897805784%
2024-02-05 01:43:29,062 - INFO - Epoch [457/500], Loss: 2.374166081268941, Accuracy: 45.463518335737604%
2024-02-05 01:43:31,578 - INFO - Epoch [458/500], Loss: 2.3735693445609463, Accuracy: 45.47364158631336%
2024-02-05 01:43:41,538 - INFO - Epoch [459/500], Loss: 2.372974224148258, Accuracy: 45.47870321160124%
2024-02-05 01:43:49,060 - INFO - Epoch [460/500], Loss: 2.3723807332496487, Accuracy: 45.488826462177%
2024-02-05 01:43:50,547 - INFO - Epoch [461/500], Loss: 2.3717888793156994, Accuracy: 45.50148052539671%
2024-02-05 01:43:50,560 - INFO - Test Accuracy: 23.667905824039654%, Balanced Test Accuracy: 24.890167105320558%
2024-02-05 01:43:52,576 - INFO - Epoch [462/500], Loss: 2.37119855611555, Accuracy: 45.51160377597247%
2024-02-05 01:43:54,699 - INFO - Epoch [463/500], Loss: 2.3706098857425872, Accuracy: 45.534381089767926%
2024-02-05 01:43:56,816 - INFO - Epoch [464/500], Loss: 2.370022808111483, Accuracy: 45.541973527699746%
2024-02-05 01:43:58,804 - INFO - Epoch [465/500], Loss: 2.3694372597721314, Accuracy: 45.541973527699746%
2024-02-05 01:44:00,282 - INFO - Epoch [466/500], Loss: 2.368853292157573, Accuracy: 45.552096778275505%
2024-02-05 01:44:08,442 - INFO - Epoch [467/500], Loss: 2.3682709074308796, Accuracy: 45.559689216207325%
2024-02-05 01:44:11,130 - INFO - Epoch [468/500], Loss: 2.367690121214236, Accuracy: 45.58246653000278%
2024-02-05 01:44:12,712 - INFO - Epoch [469/500], Loss: 2.367110784255689, Accuracy: 45.59258978057854%
2024-02-05 01:44:16,284 - INFO - Epoch [470/500], Loss: 2.3665330520560666, Accuracy: 45.6027130311543%
2024-02-05 01:44:19,723 - INFO - Epoch [471/500], Loss: 2.3659568311225985, Accuracy: 45.63055197023764%
2024-02-05 01:44:19,790 - INFO - Test Accuracy: 23.667905824039654%, Balanced Test Accuracy: 24.890167105320558%
2024-02-05 01:44:23,275 - INFO - Epoch [472/500], Loss: 2.3653821719269597, Accuracy: 45.653329284033106%
2024-02-05 01:44:26,879 - INFO - Epoch [473/500], Loss: 2.36480898986901, Accuracy: 45.665983347252805%
2024-02-05 01:44:30,439 - INFO - Epoch [474/500], Loss: 2.3642373094635625, Accuracy: 45.673575785184624%
2024-02-05 01:44:33,928 - INFO - Epoch [475/500], Loss: 2.3636671869504835, Accuracy: 45.681168223116444%
2024-02-05 01:44:37,500 - INFO - Epoch [476/500], Loss: 2.363098559120009, Accuracy: 45.69382228633614%
2024-02-05 01:44:41,032 - INFO - Epoch [477/500], Loss: 2.3625314127533668, Accuracy: 45.7039455369119%
2024-02-05 01:44:44,523 - INFO - Epoch [478/500], Loss: 2.361965693052738, Accuracy: 45.71913041277554%
2024-02-05 01:44:47,932 - INFO - Epoch [479/500], Loss: 2.361401545424615, Accuracy: 45.72166122541948%
2024-02-05 01:44:51,263 - INFO - Epoch [480/500], Loss: 2.360838864839846, Accuracy: 45.741907726571%
2024-02-05 01:44:54,689 - INFO - Epoch [481/500], Loss: 2.3602775931358337, Accuracy: 45.7545617897907%
2024-02-05 01:44:54,708 - INFO - Test Accuracy: 23.667905824039654%, Balanced Test Accuracy: 24.890167105320558%
2024-02-05 01:44:58,342 - INFO - Epoch [482/500], Loss: 2.3597178036166775, Accuracy: 45.76215422772252%
2024-02-05 01:45:01,947 - INFO - Epoch [483/500], Loss: 2.3591594590294744, Accuracy: 45.779869916230105%
2024-02-05 01:45:05,516 - INFO - Epoch [484/500], Loss: 2.3586025886958644, Accuracy: 45.787462354161924%
2024-02-05 01:45:09,081 - INFO - Epoch [485/500], Loss: 2.3580471296464243, Accuracy: 45.795054792093744%
2024-02-05 01:45:12,721 - INFO - Epoch [486/500], Loss: 2.3574931506187684, Accuracy: 45.81277048060132%
2024-02-05 01:45:16,276 - INFO - Epoch [487/500], Loss: 2.3569405355280444, Accuracy: 45.83301698175284%
2024-02-05 01:45:19,925 - INFO - Epoch [488/500], Loss: 2.3563893812318004, Accuracy: 45.84567104497254%
2024-02-05 01:45:23,520 - INFO - Epoch [489/500], Loss: 2.355839674751605, Accuracy: 45.87350998405588%
2024-02-05 01:45:27,119 - INFO - Epoch [490/500], Loss: 2.3552913286032213, Accuracy: 45.88616404727558%
2024-02-05 01:45:30,770 - INFO - Epoch [491/500], Loss: 2.3547444182538215, Accuracy: 45.90134892313922%
2024-02-05 01:45:30,784 - INFO - Test Accuracy: 23.79182156133829%, Balanced Test Accuracy: 25.001278216431665%
2024-02-05 01:45:34,493 - INFO - Epoch [492/500], Loss: 2.3541988771288627, Accuracy: 45.92665704957862%
2024-02-05 01:45:38,157 - INFO - Epoch [493/500], Loss: 2.3536547047476613, Accuracy: 45.9443727380862%
2024-02-05 01:45:41,764 - INFO - Epoch [494/500], Loss: 2.353111953264283, Accuracy: 45.95449598866196%
2024-02-05 01:45:45,412 - INFO - Epoch [495/500], Loss: 2.3525705786962665, Accuracy: 45.97474248981348%
2024-02-05 01:45:49,031 - INFO - Epoch [496/500], Loss: 2.3520305454730988, Accuracy: 45.98992736567712%
2024-02-05 01:45:52,630 - INFO - Epoch [497/500], Loss: 2.3514919487699384, Accuracy: 46.0076430541847%
2024-02-05 01:45:56,216 - INFO - Epoch [498/500], Loss: 2.3509546330859585, Accuracy: 46.01270467947258%
2024-02-05 01:46:00,042 - INFO - Epoch [499/500], Loss: 2.350418683742323, Accuracy: 46.01776630476046%
2024-02-05 01:46:03,676 - INFO - Epoch [500/500], Loss: 2.3498841370305708, Accuracy: 46.030420367980156%
2024-02-05 01:46:04,813 - INFO - Test Accuracy: 25.89975845410628%, Balanced Test Accuracy: 25.89975845410628%
2024-02-05 01:46:05,092 - INFO - Final unblanced test accuracy: 25.89975845410628% and final balanced test accuracy 25.89975845410628
