2024-02-21 19:55:55,928 - INFO - Configuration:
{
    "task": "5",
    "topic": "classifier",
    "train_classifier": true,
    "number_gpus": "1",
    "modalities": [
        "rgb"
    ],
    "encoder_model": "MAE",
    "mask_ratio": 0.8,
    "dataset": "DAA",
    "split": "2",
    "num_classes": 34,
    "epochs": 500,
    "res_cktp": false,
    "cktp_dir": "/home/bas06400/Thesis/VIP/src/align_checkpoints/mae_checkpoints/",
    "trained_encoder": "checkpoint_rgb_2_20240208_152524.pth",
    "learning_rate": 0.001,
    "temperature": 0.1,
    "num_workers": 10,
    "batch_size": 64,
    "data_root": "/net/polaris/storage/deeplearning/ntu",
    "random_sample": false,
    "pin_memory": true,
    "scheduler_config": {
        "type": "plateau",
        "params": {
            "mode": "min",
            "factor": 0.1,
            "patience": 5
        }
    }
}
2024-02-21 19:55:55,955 - INFO - Training MAE for rgb...
2024-02-21 19:55:56,001 - INFO - Evaluing on the following GPUs [0]
2024-02-21 19:56:00,622 - INFO - Checkpoint checkpoint_rgb_2_20240208_152524.pth loaded succesfully
2024-02-21 19:56:00,694 - INFO - Starting feature extraction...
2024-02-21 20:02:43,611 - INFO - Applying balanced loss
2024-02-21 20:02:43,864 - INFO - Epoch [1/500], Loss: 5.514662931182167, Accuracy: 42.731211713730765%
2024-02-21 20:02:43,887 - INFO - Test Accuracy: 49.926253687315636%, Balanced Test Accuracy: 38.59942380230271%
2024-02-21 20:02:44,065 - INFO - Epoch [2/500], Loss: 3.966216809099371, Accuracy: 61.21320782907515%
2024-02-21 20:02:44,257 - INFO - Epoch [3/500], Loss: 3.3133907274766403, Accuracy: 65.17256835499776%
2024-02-21 20:02:44,476 - INFO - Epoch [4/500], Loss: 2.9318239537152375, Accuracy: 67.05513222770058%
2024-02-21 20:02:44,699 - INFO - Epoch [5/500], Loss: 2.6716947414658287, Accuracy: 68.60899447183624%
2024-02-21 20:02:44,910 - INFO - Epoch [6/500], Loss: 2.4768785444172945, Accuracy: 70.05826983415508%
2024-02-21 20:02:45,127 - INFO - Epoch [7/500], Loss: 2.3220197742635555, Accuracy: 70.95472882115644%
2024-02-21 20:02:45,308 - INFO - Epoch [8/500], Loss: 2.193929914994673, Accuracy: 72.26953533542508%
2024-02-21 20:02:45,487 - INFO - Epoch [9/500], Loss: 2.0849779551679437, Accuracy: 73.10623038995966%
2024-02-21 20:02:45,664 - INFO - Epoch [10/500], Loss: 1.9903761614452709, Accuracy: 73.83833856267742%
2024-02-21 20:02:45,821 - INFO - Epoch [11/500], Loss: 1.9069299020550468, Accuracy: 74.63021066786195%
2024-02-21 20:02:45,834 - INFO - Test Accuracy: 55.45722713864307%, Balanced Test Accuracy: 52.48733898229674%
2024-02-21 20:02:45,960 - INFO - Epoch [12/500], Loss: 1.8324033157391981, Accuracy: 75.19796802629612%
2024-02-21 20:02:46,085 - INFO - Epoch [13/500], Loss: 1.7651709686626087, Accuracy: 75.95995816524727%
2024-02-21 20:02:46,211 - INFO - Epoch [14/500], Loss: 1.7040138618512588, Accuracy: 76.55759748991484%
2024-02-21 20:02:46,335 - INFO - Epoch [15/500], Loss: 1.6479936198754743, Accuracy: 77.20005976393247%
2024-02-21 20:02:46,461 - INFO - Epoch [16/500], Loss: 1.5963720847259868, Accuracy: 77.63334827431645%
2024-02-21 20:02:46,585 - INFO - Epoch [17/500], Loss: 1.5485574413429608, Accuracy: 78.2459285821007%
2024-02-21 20:02:46,715 - INFO - Epoch [18/500], Loss: 1.5040678203105926, Accuracy: 78.66427610936799%
2024-02-21 20:02:46,824 - INFO - Epoch [19/500], Loss: 1.4625054001808167, Accuracy: 79.08262363663529%
2024-02-21 20:02:46,935 - INFO - Epoch [20/500], Loss: 1.4235382145101374, Accuracy: 79.45614821455251%
2024-02-21 20:02:47,046 - INFO - Epoch [21/500], Loss: 1.3868864725936543, Accuracy: 79.90437770805319%
2024-02-21 20:02:47,057 - INFO - Test Accuracy: 56.932153392330385%, Balanced Test Accuracy: 54.565880677040525%
2024-02-21 20:02:47,166 - INFO - Epoch [22/500], Loss: 1.352312377908013, Accuracy: 80.21813835350366%
2024-02-21 20:02:47,277 - INFO - Epoch [23/500], Loss: 1.3196124028075824, Accuracy: 80.60660391453757%
2024-02-21 20:02:47,388 - INFO - Epoch [24/500], Loss: 1.2886112435297532, Accuracy: 80.83071866128792%
2024-02-21 20:02:47,501 - INFO - Epoch [25/500], Loss: 1.2591568074443125, Accuracy: 81.02495144180487%
2024-02-21 20:02:47,613 - INFO - Epoch [26/500], Loss: 1.2311166752468456, Accuracy: 81.41341700283878%
2024-02-21 20:02:47,724 - INFO - Epoch [27/500], Loss: 1.204374769600955, Accuracy: 81.56282683400568%
2024-02-21 20:02:47,826 - INFO - Epoch [28/500], Loss: 1.1788288121873682, Accuracy: 81.80188256387271%
2024-02-21 20:02:47,933 - INFO - Epoch [29/500], Loss: 1.1543883816762404, Accuracy: 82.01105632750635%
2024-02-21 20:02:48,047 - INFO - Epoch [30/500], Loss: 1.1309731207110665, Accuracy: 82.19034812490662%
2024-02-21 20:02:48,160 - INFO - Epoch [31/500], Loss: 1.1085111422972245, Accuracy: 82.41446287165695%
2024-02-21 20:02:48,170 - INFO - Test Accuracy: 57.817109144542776%, Balanced Test Accuracy: 55.3419454017758%
2024-02-21 20:02:48,284 - INFO - Epoch [32/500], Loss: 1.086938053369522, Accuracy: 82.59375466905722%
2024-02-21 20:02:48,398 - INFO - Epoch [33/500], Loss: 1.0661958266388287, Accuracy: 82.87763334827432%
2024-02-21 20:02:48,512 - INFO - Epoch [34/500], Loss: 1.0462320241061125, Accuracy: 83.16151202749141%
2024-02-21 20:02:48,625 - INFO - Epoch [35/500], Loss: 1.0269989414648577, Accuracy: 83.3109218586583%
2024-02-21 20:02:48,740 - INFO - Epoch [36/500], Loss: 1.0084531486034394, Accuracy: 83.4603316898252%
2024-02-21 20:02:48,854 - INFO - Epoch [37/500], Loss: 0.990554990009828, Accuracy: 83.62468250410878%
2024-02-21 20:02:48,968 - INFO - Epoch [38/500], Loss: 0.9732680943879214, Accuracy: 83.81891528462573%
2024-02-21 20:02:49,082 - INFO - Epoch [39/500], Loss: 0.9565588810227134, Accuracy: 84.05797101449275%
2024-02-21 20:02:49,195 - INFO - Epoch [40/500], Loss: 0.9403965565291318, Accuracy: 84.38667264305991%
2024-02-21 20:02:49,309 - INFO - Epoch [41/500], Loss: 0.9247526038776744, Accuracy: 84.52114149111011%
2024-02-21 20:02:49,320 - INFO - Test Accuracy: 58.259587020648965%, Balanced Test Accuracy: 55.634683081137894%
2024-02-21 20:02:49,434 - INFO - Epoch [42/500], Loss: 0.9096006312153556, Accuracy: 84.80502017032721%
2024-02-21 20:02:49,550 - INFO - Epoch [43/500], Loss: 0.8949161467227069, Accuracy: 85.0888988495443%
2024-02-21 20:02:49,664 - INFO - Epoch [44/500], Loss: 0.8806763822382147, Accuracy: 85.17854474824443%
2024-02-21 20:02:49,779 - INFO - Epoch [45/500], Loss: 0.8668601626699621, Accuracy: 85.29807261317795%
2024-02-21 20:02:49,894 - INFO - Epoch [46/500], Loss: 0.8534477664665743, Accuracy: 85.41760047811145%
2024-02-21 20:02:50,008 - INFO - Epoch [47/500], Loss: 0.8404207121242177, Accuracy: 85.56701030927834%
2024-02-21 20:02:50,121 - INFO - Epoch [48/500], Loss: 0.8277617411179976, Accuracy: 85.59689227551173%
2024-02-21 20:02:50,234 - INFO - Epoch [49/500], Loss: 0.8154546323147687, Accuracy: 85.76124308979531%
2024-02-21 20:02:50,348 - INFO - Epoch [50/500], Loss: 0.8034842539917338, Accuracy: 85.95547587031227%
2024-02-21 20:02:50,459 - INFO - Epoch [51/500], Loss: 0.7918363183736801, Accuracy: 86.06006275212908%
2024-02-21 20:02:50,469 - INFO - Test Accuracy: 58.1858407079646%, Balanced Test Accuracy: 55.054281561942055%
2024-02-21 20:02:50,584 - INFO - Epoch [52/500], Loss: 0.780497353456237, Accuracy: 86.19453160017929%
2024-02-21 20:02:50,681 - INFO - Epoch [53/500], Loss: 0.7694547002965754, Accuracy: 86.20947258329598%
2024-02-21 20:02:50,784 - INFO - Epoch [54/500], Loss: 0.7586964479901573, Accuracy: 86.3140594651128%
2024-02-21 20:02:50,889 - INFO - Epoch [55/500], Loss: 0.7482112320986661, Accuracy: 86.44852831316301%
2024-02-21 20:02:51,001 - INFO - Epoch [56/500], Loss: 0.7379884405569597, Accuracy: 86.5979381443299%
2024-02-21 20:02:51,113 - INFO - Epoch [57/500], Loss: 0.7280179235068235, Accuracy: 86.68758404303003%
2024-02-21 20:02:51,230 - INFO - Epoch [58/500], Loss: 0.7182901030237024, Accuracy: 86.88181682354698%
2024-02-21 20:02:51,349 - INFO - Epoch [59/500], Loss: 0.7087958953597329, Accuracy: 86.98640370536381%
2024-02-21 20:02:51,469 - INFO - Epoch [60/500], Loss: 0.6995266990228133, Accuracy: 87.09099058718064%
2024-02-21 20:02:51,589 - INFO - Epoch [61/500], Loss: 0.6904743327335878, Accuracy: 87.25534140146422%
2024-02-21 20:02:51,600 - INFO - Test Accuracy: 57.9646017699115%, Balanced Test Accuracy: 54.56282188787023%
2024-02-21 20:02:51,716 - INFO - Epoch [62/500], Loss: 0.6816309885545211, Accuracy: 87.46451516509786%
2024-02-21 20:02:51,834 - INFO - Epoch [63/500], Loss: 0.6729893229224465, Accuracy: 87.62886597938144%
2024-02-21 20:02:51,953 - INFO - Epoch [64/500], Loss: 0.6645422537218441, Accuracy: 87.6886299118482%
2024-02-21 20:02:52,078 - INFO - Epoch [65/500], Loss: 0.656283130699938, Accuracy: 87.77827581054834%
2024-02-21 20:02:52,201 - INFO - Epoch [66/500], Loss: 0.6482055626132271, Accuracy: 87.89780367548185%
2024-02-21 20:02:52,320 - INFO - Epoch [67/500], Loss: 0.6403034389019012, Accuracy: 87.94262662483192%
2024-02-21 20:02:52,439 - INFO - Epoch [68/500], Loss: 0.6325709567828612, Accuracy: 88.1069774391155%
2024-02-21 20:02:52,558 - INFO - Epoch [69/500], Loss: 0.6250026109543714, Accuracy: 88.25638727028239%
2024-02-21 20:02:52,676 - INFO - Epoch [70/500], Loss: 0.6175931087949059, Accuracy: 88.37591513521589%
2024-02-21 20:02:52,796 - INFO - Epoch [71/500], Loss: 0.6103373635898937, Accuracy: 88.43567906768266%
2024-02-21 20:02:52,807 - INFO - Test Accuracy: 58.03834808259587%, Balanced Test Accuracy: 54.187776330456906%
2024-02-21 20:02:52,926 - INFO - Epoch [72/500], Loss: 0.603230572830547, Accuracy: 88.58508889884955%
2024-02-21 20:02:53,044 - INFO - Epoch [73/500], Loss: 0.5962681122801521, Accuracy: 88.6448528313163%
2024-02-21 20:02:53,163 - INFO - Epoch [74/500], Loss: 0.5894455083391883, Accuracy: 88.82414462871657%
2024-02-21 20:02:53,281 - INFO - Epoch [75/500], Loss: 0.5827585764906623, Accuracy: 88.9287315105334%
2024-02-21 20:02:53,400 - INFO - Epoch [76/500], Loss: 0.5762031869454818, Accuracy: 88.95861347676677%
2024-02-21 20:02:53,519 - INFO - Epoch [77/500], Loss: 0.5697754895145243, Accuracy: 89.04825937546691%
2024-02-21 20:02:53,637 - INFO - Epoch [78/500], Loss: 0.5634717570109801, Accuracy: 89.13790527416704%
2024-02-21 20:02:53,757 - INFO - Epoch [79/500], Loss: 0.5572883259166371, Accuracy: 89.19766920663379%
2024-02-21 20:02:53,876 - INFO - Epoch [80/500], Loss: 0.5512218448248777, Accuracy: 89.40684297026745%
2024-02-21 20:02:53,997 - INFO - Epoch [81/500], Loss: 0.5452689306302504, Accuracy: 89.51142985208426%
2024-02-21 20:02:54,008 - INFO - Test Accuracy: 57.9646017699115%, Balanced Test Accuracy: 54.123312729862135%
2024-02-21 20:02:54,128 - INFO - Epoch [82/500], Loss: 0.5394264259121635, Accuracy: 89.57119378455103%
2024-02-21 20:02:54,246 - INFO - Epoch [83/500], Loss: 0.5336912298744375, Accuracy: 89.67578066636784%
2024-02-21 20:02:54,365 - INFO - Epoch [84/500], Loss: 0.5280604259534316, Accuracy: 89.78036754818467%
2024-02-21 20:02:54,485 - INFO - Epoch [85/500], Loss: 0.5225311620668931, Accuracy: 89.84013148065142%
2024-02-21 20:02:54,606 - INFO - Epoch [86/500], Loss: 0.5171007047999989, Accuracy: 89.95965934558494%
2024-02-21 20:02:54,729 - INFO - Epoch [87/500], Loss: 0.5117664329030297, Accuracy: 90.004482294935%
2024-02-21 20:02:54,851 - INFO - Epoch [88/500], Loss: 0.5065257855437019, Accuracy: 90.06424622740177%
2024-02-21 20:02:54,973 - INFO - Epoch [89/500], Loss: 0.5013763040304184, Accuracy: 90.1538921261019%
2024-02-21 20:02:55,094 - INFO - Epoch [90/500], Loss: 0.4963156599890102, Accuracy: 90.18377409233527%
2024-02-21 20:02:55,222 - INFO - Epoch [91/500], Loss: 0.49134152965112166, Accuracy: 90.24353802480204%
2024-02-21 20:02:55,233 - INFO - Test Accuracy: 57.817109144542776%, Balanced Test Accuracy: 54.042586378661916%
2024-02-21 20:02:55,376 - INFO - Epoch [92/500], Loss: 0.48645174638791516, Accuracy: 90.34812490661885%
2024-02-21 20:02:55,513 - INFO - Epoch [93/500], Loss: 0.4816441687670621, Accuracy: 90.36306588973555%
2024-02-21 20:02:55,656 - INFO - Epoch [94/500], Loss: 0.47691673907366666, Accuracy: 90.45271178843568%
2024-02-21 20:02:55,798 - INFO - Epoch [95/500], Loss: 0.4722674971277064, Accuracy: 90.52741670401913%
2024-02-21 20:02:55,913 - INFO - Epoch [96/500], Loss: 0.4676944748921828, Accuracy: 90.58718063648588%
2024-02-21 20:02:56,028 - INFO - Epoch [97/500], Loss: 0.46319588680158963, Accuracy: 90.61706260271926%
2024-02-21 20:02:56,146 - INFO - Epoch [98/500], Loss: 0.4587699019096114, Accuracy: 90.6917675183027%
2024-02-21 20:02:56,263 - INFO - Epoch [99/500], Loss: 0.45441478504375976, Accuracy: 90.84117734946959%
2024-02-21 20:02:56,381 - INFO - Epoch [100/500], Loss: 0.45012887079607355, Accuracy: 90.9607052144031%
2024-02-21 20:02:56,501 - INFO - Epoch [101/500], Loss: 0.44591054117137735, Accuracy: 91.03541012998656%
2024-02-21 20:02:56,512 - INFO - Test Accuracy: 57.448377581120944%, Balanced Test Accuracy: 54.261164615512634%
2024-02-21 20:02:56,631 - INFO - Epoch [102/500], Loss: 0.44175823737274517, Accuracy: 91.11011504557%
2024-02-21 20:02:56,743 - INFO - Epoch [103/500], Loss: 0.43767038678581066, Accuracy: 91.15493799492006%
2024-02-21 20:02:56,860 - INFO - Epoch [104/500], Loss: 0.43364556160840123, Accuracy: 91.21470192738683%
2024-02-21 20:02:56,977 - INFO - Epoch [105/500], Loss: 0.42968234419822693, Accuracy: 91.2445838936202%
2024-02-21 20:02:57,093 - INFO - Epoch [106/500], Loss: 0.42577932178974154, Accuracy: 91.28940684297027%
2024-02-21 20:02:57,210 - INFO - Epoch [107/500], Loss: 0.4219351733272726, Accuracy: 91.30434782608695%
2024-02-21 20:02:57,325 - INFO - Epoch [108/500], Loss: 0.4181486276063052, Accuracy: 91.36411175855372%
2024-02-21 20:02:57,442 - INFO - Epoch [109/500], Loss: 0.4144183773886074, Accuracy: 91.40893470790378%
2024-02-21 20:02:57,556 - INFO - Epoch [110/500], Loss: 0.410743248462677, Accuracy: 91.42387569102047%
2024-02-21 20:02:57,672 - INFO - Epoch [111/500], Loss: 0.4071220307187601, Accuracy: 91.45375765725385%
2024-02-21 20:02:57,682 - INFO - Test Accuracy: 57.37463126843658%, Balanced Test Accuracy: 54.21073080237328%
2024-02-21 20:02:57,797 - INFO - Epoch [112/500], Loss: 0.4035535941069776, Accuracy: 91.5284625728373%
2024-02-21 20:02:57,912 - INFO - Epoch [113/500], Loss: 0.40003683946349405, Accuracy: 91.57328552218736%
2024-02-21 20:02:58,030 - INFO - Epoch [114/500], Loss: 0.3965706286105243, Accuracy: 91.58822650530405%
2024-02-21 20:02:58,146 - INFO - Epoch [115/500], Loss: 0.3931539757685228, Accuracy: 91.63304945465411%
2024-02-21 20:02:58,261 - INFO - Epoch [116/500], Loss: 0.38978580304167487, Accuracy: 91.67787240400418%
2024-02-21 20:02:58,377 - INFO - Epoch [117/500], Loss: 0.3864651673219421, Accuracy: 91.70775437023757%
2024-02-21 20:02:58,484 - INFO - Epoch [118/500], Loss: 0.38319108242338357, Accuracy: 91.73763633647094%
2024-02-21 20:02:58,599 - INFO - Epoch [119/500], Loss: 0.3799626084891233, Accuracy: 91.76751830270432%
2024-02-21 20:02:58,714 - INFO - Epoch [120/500], Loss: 0.3767788311297243, Accuracy: 91.87210518452115%
2024-02-21 20:02:58,830 - INFO - Epoch [121/500], Loss: 0.3736388568173755, Accuracy: 91.87210518452115%
2024-02-21 20:02:58,840 - INFO - Test Accuracy: 57.52212389380531%, Balanced Test Accuracy: 54.84683931751405%
2024-02-21 20:02:58,956 - INFO - Epoch [122/500], Loss: 0.37054183171554045, Accuracy: 91.9318691169879%
2024-02-21 20:02:59,071 - INFO - Epoch [123/500], Loss: 0.36748688898303294, Accuracy: 91.99163304945465%
2024-02-21 20:02:59,187 - INFO - Epoch [124/500], Loss: 0.3644732643257488, Accuracy: 92.00657403257134%
2024-02-21 20:02:59,303 - INFO - Epoch [125/500], Loss: 0.3615000629966909, Accuracy: 92.0663379650381%
2024-02-21 20:02:59,419 - INFO - Epoch [126/500], Loss: 0.3585666053674438, Accuracy: 92.11116091438817%
2024-02-21 20:02:59,535 - INFO - Epoch [127/500], Loss: 0.3556720332665877, Accuracy: 92.2008068130883%
2024-02-21 20:02:59,651 - INFO - Epoch [128/500], Loss: 0.35281567045233464, Accuracy: 92.215747796205%
2024-02-21 20:02:59,767 - INFO - Epoch [129/500], Loss: 0.3499967664480209, Accuracy: 92.32033467802181%
2024-02-21 20:02:59,881 - INFO - Epoch [130/500], Loss: 0.34721462509848855, Accuracy: 92.36515762737189%
2024-02-21 20:02:59,996 - INFO - Epoch [131/500], Loss: 0.34446853873404587, Accuracy: 92.38009861048857%
2024-02-21 20:03:00,006 - INFO - Test Accuracy: 57.52212389380531%, Balanced Test Accuracy: 55.07289014840359%
2024-02-21 20:03:00,122 - INFO - Epoch [132/500], Loss: 0.3417578419501131, Accuracy: 92.43986254295532%
2024-02-21 20:03:00,236 - INFO - Epoch [133/500], Loss: 0.3390818953514099, Accuracy: 92.52950844165547%
2024-02-21 20:03:00,352 - INFO - Epoch [134/500], Loss: 0.3364400198513811, Accuracy: 92.57433139100553%
2024-02-21 20:03:00,482 - INFO - Epoch [135/500], Loss: 0.33383162143555556, Accuracy: 92.64903630658897%
2024-02-21 20:03:00,609 - INFO - Epoch [136/500], Loss: 0.3312560658563267, Accuracy: 92.66397728970566%
2024-02-21 20:03:00,734 - INFO - Epoch [137/500], Loss: 0.32871279242363843, Accuracy: 92.73868220528911%
2024-02-21 20:03:00,854 - INFO - Epoch [138/500], Loss: 0.32620116174221037, Accuracy: 92.82832810398924%
2024-02-21 20:03:00,974 - INFO - Epoch [139/500], Loss: 0.323720652542331, Accuracy: 92.85821007022263%
2024-02-21 20:03:01,097 - INFO - Epoch [140/500], Loss: 0.3212706904519688, Accuracy: 92.93291498580606%
2024-02-21 20:03:01,225 - INFO - Epoch [141/500], Loss: 0.3188507229089737, Accuracy: 92.93291498580606%
2024-02-21 20:03:01,237 - INFO - Test Accuracy: 57.9646017699115%, Balanced Test Accuracy: 55.34798293062268%
2024-02-21 20:03:01,367 - INFO - Epoch [142/500], Loss: 0.3164602278308435, Accuracy: 92.96279695203944%
2024-02-21 20:03:01,491 - INFO - Epoch [143/500], Loss: 0.3140986926176331, Accuracy: 93.0225608845062%
2024-02-21 20:03:01,615 - INFO - Epoch [144/500], Loss: 0.3117656029083512, Accuracy: 93.08232481697296%
2024-02-21 20:03:01,737 - INFO - Epoch [145/500], Loss: 0.30946047644723546, Accuracy: 93.12714776632302%
2024-02-21 20:03:01,850 - INFO - Epoch [146/500], Loss: 0.3071828130971302, Accuracy: 93.20185268190647%
2024-02-21 20:03:01,962 - INFO - Epoch [147/500], Loss: 0.3049321400848302, Accuracy: 93.27655759748991%
2024-02-21 20:03:02,075 - INFO - Epoch [148/500], Loss: 0.30270801200108094, Accuracy: 93.30643956372329%
2024-02-21 20:03:02,187 - INFO - Epoch [149/500], Loss: 0.3005099656906995, Accuracy: 93.33632152995668%
2024-02-21 20:03:02,298 - INFO - Epoch [150/500], Loss: 0.29833755764094266, Accuracy: 93.44090841177349%
2024-02-21 20:03:02,411 - INFO - Epoch [151/500], Loss: 0.29619036669080906, Accuracy: 93.54549529359032%
2024-02-21 20:03:02,421 - INFO - Test Accuracy: 57.9646017699115%, Balanced Test Accuracy: 55.37123423327115%
2024-02-21 20:03:02,532 - INFO - Epoch [152/500], Loss: 0.294067935239185, Accuracy: 93.54549529359032%
2024-02-21 20:03:02,644 - INFO - Epoch [153/500], Loss: 0.2919699124314568, Accuracy: 93.5753772598237%
2024-02-21 20:03:02,755 - INFO - Epoch [154/500], Loss: 0.2898958405310457, Accuracy: 93.63514119229045%
2024-02-21 20:03:02,868 - INFO - Epoch [155/500], Loss: 0.28784536299380387, Accuracy: 93.65008217540714%
2024-02-21 20:03:02,980 - INFO - Epoch [156/500], Loss: 0.2858180586587299, Accuracy: 93.66502315852384%
2024-02-21 20:03:03,093 - INFO - Epoch [157/500], Loss: 0.28381357789039613, Accuracy: 93.7098461078739%
2024-02-21 20:03:03,207 - INFO - Epoch [158/500], Loss: 0.28183154206384314, Accuracy: 93.73972807410728%
2024-02-21 20:03:03,321 - INFO - Epoch [159/500], Loss: 0.2798715694384141, Accuracy: 93.75466905722396%
2024-02-21 20:03:03,435 - INFO - Epoch [160/500], Loss: 0.27793334302577105, Accuracy: 93.75466905722396%
2024-02-21 20:03:03,549 - INFO - Epoch [161/500], Loss: 0.27601649761199953, Accuracy: 93.79949200657403%
2024-02-21 20:03:03,559 - INFO - Test Accuracy: 58.259587020648965%, Balanced Test Accuracy: 55.67186163710785%
2024-02-21 20:03:03,675 - INFO - Epoch [162/500], Loss: 0.27412067380818456, Accuracy: 93.82937397280742%
2024-02-21 20:03:03,789 - INFO - Epoch [163/500], Loss: 0.27224555042656984, Accuracy: 93.88913790527417%
2024-02-21 20:03:03,904 - INFO - Epoch [164/500], Loss: 0.2703908375718377, Accuracy: 93.88913790527417%
2024-02-21 20:03:04,019 - INFO - Epoch [165/500], Loss: 0.2685561629858884, Accuracy: 93.91901987150754%
2024-02-21 20:03:04,133 - INFO - Epoch [166/500], Loss: 0.266741264408285, Accuracy: 93.91901987150754%
2024-02-21 20:03:04,247 - INFO - Epoch [167/500], Loss: 0.2649458039890636, Accuracy: 93.96384282085761%
2024-02-21 20:03:04,360 - INFO - Epoch [168/500], Loss: 0.2631694754416292, Accuracy: 94.00866577020768%
2024-02-21 20:03:04,475 - INFO - Epoch [169/500], Loss: 0.26141197180206127, Accuracy: 94.02360675332437%
2024-02-21 20:03:04,591 - INFO - Epoch [170/500], Loss: 0.2596730810674754, Accuracy: 94.05348871955775%
2024-02-21 20:03:04,707 - INFO - Epoch [171/500], Loss: 0.25795243829488756, Accuracy: 94.08337068579112%
2024-02-21 20:03:04,717 - INFO - Test Accuracy: 58.259587020648965%, Balanced Test Accuracy: 55.606118299099435%
2024-02-21 20:03:04,832 - INFO - Epoch [172/500], Loss: 0.256249810281125, Accuracy: 94.1132526520245%
2024-02-21 20:03:04,946 - INFO - Epoch [173/500], Loss: 0.254564928534356, Accuracy: 94.17301658449126%
2024-02-21 20:03:05,061 - INFO - Epoch [174/500], Loss: 0.2528974910351363, Accuracy: 94.18795756760795%
2024-02-21 20:03:05,175 - INFO - Epoch [175/500], Loss: 0.2512472873384302, Accuracy: 94.23278051695802%
2024-02-21 20:03:05,289 - INFO - Epoch [176/500], Loss: 0.24961400641636414, Accuracy: 94.27760346630808%
2024-02-21 20:03:05,405 - INFO - Epoch [177/500], Loss: 0.24799743423407727, Accuracy: 94.29254444942477%
2024-02-21 20:03:05,520 - INFO - Epoch [178/500], Loss: 0.2463973182168874, Accuracy: 94.35230838189153%
2024-02-21 20:03:05,635 - INFO - Epoch [179/500], Loss: 0.24481341628865763, Accuracy: 94.36724936500822%
2024-02-21 20:03:05,750 - INFO - Epoch [180/500], Loss: 0.24324549463662234, Accuracy: 94.3971313312416%
2024-02-21 20:03:05,863 - INFO - Epoch [181/500], Loss: 0.24169329418377442, Accuracy: 94.42701329747497%
2024-02-21 20:03:05,873 - INFO - Test Accuracy: 57.9646017699115%, Balanced Test Accuracy: 55.27375796953747%
2024-02-21 20:03:05,988 - INFO - Epoch [182/500], Loss: 0.24015662392432038, Accuracy: 94.42701329747497%
2024-02-21 20:03:06,102 - INFO - Epoch [183/500], Loss: 0.23863526779142294, Accuracy: 94.44195428059166%
2024-02-21 20:03:06,218 - INFO - Epoch [184/500], Loss: 0.2371289684013887, Accuracy: 94.45689526370835%
2024-02-21 20:03:06,333 - INFO - Epoch [185/500], Loss: 0.2356375409120863, Accuracy: 94.47183624682503%
2024-02-21 20:03:06,450 - INFO - Epoch [186/500], Loss: 0.2341607430441813, Accuracy: 94.48677722994174%
2024-02-21 20:03:06,568 - INFO - Epoch [187/500], Loss: 0.23269840384071525, Accuracy: 94.50171821305842%
2024-02-21 20:03:06,685 - INFO - Epoch [188/500], Loss: 0.23125030080025846, Accuracy: 94.5316001792918%
2024-02-21 20:03:06,823 - INFO - Epoch [189/500], Loss: 0.22981624691323801, Accuracy: 94.60630509487524%
2024-02-21 20:03:06,950 - INFO - Epoch [190/500], Loss: 0.2283960303122347, Accuracy: 94.666069027342%
2024-02-21 20:03:07,078 - INFO - Epoch [191/500], Loss: 0.22698948437517338, Accuracy: 94.666069027342%
2024-02-21 20:03:07,089 - INFO - Test Accuracy: 57.9646017699115%, Balanced Test Accuracy: 55.0937673197011%
2024-02-21 20:03:07,213 - INFO - Epoch [192/500], Loss: 0.22559636946428907, Accuracy: 94.71089197669207%
2024-02-21 20:03:07,334 - INFO - Epoch [193/500], Loss: 0.22421655702320012, Accuracy: 94.74077394292544%
2024-02-21 20:03:07,454 - INFO - Epoch [194/500], Loss: 0.2228498407385566, Accuracy: 94.74077394292544%
2024-02-21 20:03:07,575 - INFO - Epoch [195/500], Loss: 0.22149603549729693, Accuracy: 94.77065590915882%
2024-02-21 20:03:07,697 - INFO - Epoch [196/500], Loss: 0.22015500542792407, Accuracy: 94.8005378753922%
2024-02-21 20:03:07,817 - INFO - Epoch [197/500], Loss: 0.2188265297223221, Accuracy: 94.8154788585089%
2024-02-21 20:03:07,938 - INFO - Epoch [198/500], Loss: 0.21751045760783283, Accuracy: 94.8154788585089%
2024-02-21 20:03:08,058 - INFO - Epoch [199/500], Loss: 0.21620663837953047, Accuracy: 94.8154788585089%
2024-02-21 20:03:08,179 - INFO - Epoch [200/500], Loss: 0.2149148789319125, Accuracy: 94.87524279097565%
2024-02-21 20:03:08,299 - INFO - Epoch [201/500], Loss: 0.21363505497574806, Accuracy: 94.92006574032571%
2024-02-21 20:03:08,310 - INFO - Test Accuracy: 57.743362831858406%, Balanced Test Accuracy: 54.95476515945449%
2024-02-21 20:03:08,424 - INFO - Epoch [202/500], Loss: 0.21236697909506885, Accuracy: 94.94994770655909%
2024-02-21 20:03:08,541 - INFO - Epoch [203/500], Loss: 0.21111051440238954, Accuracy: 94.97982967279248%
2024-02-21 20:03:08,658 - INFO - Epoch [204/500], Loss: 0.20986550240354104, Accuracy: 94.99477065590916%
2024-02-21 20:03:08,775 - INFO - Epoch [205/500], Loss: 0.20863181298429315, Accuracy: 94.99477065590916%
2024-02-21 20:03:08,912 - INFO - Epoch [206/500], Loss: 0.20740927959030325, Accuracy: 95.02465262214254%
2024-02-21 20:03:09,028 - INFO - Epoch [207/500], Loss: 0.2061977617442608, Accuracy: 95.0694755714926%
2024-02-21 20:03:09,127 - INFO - Epoch [208/500], Loss: 0.20499712059443648, Accuracy: 95.09935753772598%
2024-02-21 20:03:09,238 - INFO - Epoch [209/500], Loss: 0.20380722812630914, Accuracy: 95.12923950395935%
2024-02-21 20:03:09,348 - INFO - Epoch [210/500], Loss: 0.20262793451547623, Accuracy: 95.12923950395935%
2024-02-21 20:03:09,461 - INFO - Epoch [211/500], Loss: 0.2014591063288125, Accuracy: 95.14418048707606%
2024-02-21 20:03:09,472 - INFO - Test Accuracy: 57.89085545722714%, Balanced Test Accuracy: 54.0688240480084%
2024-02-21 20:03:09,594 - INFO - Epoch [212/500], Loss: 0.20030063431371342, Accuracy: 95.17406245330943%
2024-02-21 20:03:09,718 - INFO - Epoch [213/500], Loss: 0.19915235489606858, Accuracy: 95.18900343642612%
2024-02-21 20:03:09,839 - INFO - Epoch [214/500], Loss: 0.198014174266295, Accuracy: 95.2188854026595%
2024-02-21 20:03:09,962 - INFO - Epoch [215/500], Loss: 0.19688593670725824, Accuracy: 95.26370835200956%
2024-02-21 20:03:10,082 - INFO - Epoch [216/500], Loss: 0.19576753438873726, Accuracy: 95.29359031824293%
2024-02-21 20:03:10,203 - INFO - Epoch [217/500], Loss: 0.1946588699113239, Accuracy: 95.30853130135964%
2024-02-21 20:03:10,325 - INFO - Epoch [218/500], Loss: 0.19355978071689606, Accuracy: 95.3533542507097%
2024-02-21 20:03:10,447 - INFO - Epoch [219/500], Loss: 0.19247017922726545, Accuracy: 95.36829523382639%
2024-02-21 20:03:10,568 - INFO - Epoch [220/500], Loss: 0.1913899675011635, Accuracy: 95.39817720005976%
2024-02-21 20:03:10,689 - INFO - Epoch [221/500], Loss: 0.19031896672465584, Accuracy: 95.41311818317645%
2024-02-21 20:03:10,699 - INFO - Test Accuracy: 57.66961651917404%, Balanced Test Accuracy: 53.88093413835271%
2024-02-21 20:03:10,819 - INFO - Epoch [222/500], Loss: 0.18925714933059432, Accuracy: 95.41311818317645%
2024-02-21 20:03:10,937 - INFO - Epoch [223/500], Loss: 0.1882043592631817, Accuracy: 95.42805916629314%
2024-02-21 20:03:11,054 - INFO - Epoch [224/500], Loss: 0.1871604909273711, Accuracy: 95.44300014940983%
2024-02-21 20:03:11,171 - INFO - Epoch [225/500], Loss: 0.1861254360865463, Accuracy: 95.45794113252651%
2024-02-21 20:03:11,289 - INFO - Epoch [226/500], Loss: 0.1850991113619371, Accuracy: 95.4878230987599%
2024-02-21 20:03:11,405 - INFO - Epoch [227/500], Loss: 0.1840814163739031, Accuracy: 95.50276408187659%
2024-02-21 20:03:11,522 - INFO - Epoch [228/500], Loss: 0.1830722233111208, Accuracy: 95.50276408187659%
2024-02-21 20:03:11,641 - INFO - Epoch [229/500], Loss: 0.18207144303755327, Accuracy: 95.50276408187659%
2024-02-21 20:03:11,759 - INFO - Epoch [230/500], Loss: 0.18107898438518696, Accuracy: 95.51770506499328%
2024-02-21 20:03:11,878 - INFO - Epoch [231/500], Loss: 0.1800947752865878, Accuracy: 95.57746899746003%
2024-02-21 20:03:11,888 - INFO - Test Accuracy: 57.59587020648968%, Balanced Test Accuracy: 53.87365240821364%
2024-02-21 20:03:12,006 - INFO - Epoch [232/500], Loss: 0.1791187035766515, Accuracy: 95.59240998057672%
2024-02-21 20:03:12,125 - INFO - Epoch [233/500], Loss: 0.17815065736120397, Accuracy: 95.59240998057672%
2024-02-21 20:03:12,243 - INFO - Epoch [234/500], Loss: 0.1771905658597296, Accuracy: 95.6222919468101%
2024-02-21 20:03:12,405 - INFO - Epoch [235/500], Loss: 0.17623831074346197, Accuracy: 95.6222919468101%
2024-02-21 20:03:12,586 - INFO - Epoch [236/500], Loss: 0.17529384575106882, Accuracy: 95.6372329299268%
2024-02-21 20:03:12,768 - INFO - Epoch [237/500], Loss: 0.17435706081715496, Accuracy: 95.68205587927686%
2024-02-21 20:03:12,975 - INFO - Epoch [238/500], Loss: 0.173427890105681, Accuracy: 95.71193784551023%
2024-02-21 20:03:13,202 - INFO - Epoch [239/500], Loss: 0.1725062068213116, Accuracy: 95.72687882862692%
2024-02-21 20:03:13,431 - INFO - Epoch [240/500], Loss: 0.17159198393875902, Accuracy: 95.74181981174361%
2024-02-21 20:03:13,661 - INFO - Epoch [241/500], Loss: 0.1706850870766423, Accuracy: 95.7567607948603%
2024-02-21 20:03:13,679 - INFO - Test Accuracy: 57.66961651917404%, Balanced Test Accuracy: 53.98483252775846%
2024-02-21 20:03:13,879 - INFO - Epoch [242/500], Loss: 0.16978547105734998, Accuracy: 95.78664276109367%
2024-02-21 20:03:14,064 - INFO - Epoch [243/500], Loss: 0.1688930295407772, Accuracy: 95.81652472732706%
2024-02-21 20:03:14,251 - INFO - Epoch [244/500], Loss: 0.16800773055715995, Accuracy: 95.81652472732706%
2024-02-21 20:03:14,440 - INFO - Epoch [245/500], Loss: 0.16712944433093072, Accuracy: 95.81652472732706%
2024-02-21 20:03:14,661 - INFO - Epoch [246/500], Loss: 0.16625813130627978, Accuracy: 95.86134767667713%
2024-02-21 20:03:14,869 - INFO - Epoch [247/500], Loss: 0.16539369083263658, Accuracy: 95.84640669356044%
2024-02-21 20:03:15,095 - INFO - Epoch [248/500], Loss: 0.16453606655651873, Accuracy: 95.86134767667713%
2024-02-21 20:03:15,353 - INFO - Epoch [249/500], Loss: 0.1636851843785156, Accuracy: 95.8912296429105%
2024-02-21 20:03:15,622 - INFO - Epoch [250/500], Loss: 0.16284095089543948, Accuracy: 95.8912296429105%
2024-02-21 20:03:15,879 - INFO - Epoch [251/500], Loss: 0.1620033439587463, Accuracy: 95.87628865979381%
2024-02-21 20:03:15,900 - INFO - Test Accuracy: 57.59587020648968%, Balanced Test Accuracy: 53.96604838614174%
2024-02-21 20:03:16,158 - INFO - Epoch [252/500], Loss: 0.1611722428012978, Accuracy: 95.92111160914388%
2024-02-21 20:03:16,424 - INFO - Epoch [253/500], Loss: 0.16034760332920334, Accuracy: 95.93605259226057%
2024-02-21 20:03:16,650 - INFO - Epoch [254/500], Loss: 0.15952935713258656, Accuracy: 95.95099357537725%
2024-02-21 20:03:16,827 - INFO - Epoch [255/500], Loss: 0.1587174338373271, Accuracy: 95.96593455849396%
2024-02-21 20:03:17,003 - INFO - Epoch [256/500], Loss: 0.15791177119721067, Accuracy: 95.98087554161064%
2024-02-21 20:03:17,157 - INFO - Epoch [257/500], Loss: 0.15711231678724288, Accuracy: 95.98087554161064%
2024-02-21 20:03:17,310 - INFO - Epoch [258/500], Loss: 0.1563189583068544, Accuracy: 96.0256984909607%
2024-02-21 20:03:17,458 - INFO - Epoch [259/500], Loss: 0.1555316958237778, Accuracy: 96.05558045719408%
2024-02-21 20:03:17,606 - INFO - Epoch [260/500], Loss: 0.15475042712959378, Accuracy: 96.07052144031077%
2024-02-21 20:03:17,754 - INFO - Epoch [261/500], Loss: 0.15397509221326222, Accuracy: 96.07052144031077%
2024-02-21 20:03:17,768 - INFO - Test Accuracy: 57.52212389380531%, Balanced Test Accuracy: 53.89884408506648%
2024-02-21 20:03:17,910 - INFO - Epoch [262/500], Loss: 0.15320565084164792, Accuracy: 96.10040340654415%
2024-02-21 20:03:18,052 - INFO - Epoch [263/500], Loss: 0.15244202945720065, Accuracy: 96.13028537277754%
2024-02-21 20:03:18,193 - INFO - Epoch [264/500], Loss: 0.15168418830091304, Accuracy: 96.1751083221276%
2024-02-21 20:03:18,335 - INFO - Epoch [265/500], Loss: 0.1509320469065146, Accuracy: 96.1751083221276%
2024-02-21 20:03:18,476 - INFO - Epoch [266/500], Loss: 0.1501855527135459, Accuracy: 96.19004930524429%
2024-02-21 20:03:18,617 - INFO - Epoch [267/500], Loss: 0.14944464178247885, Accuracy: 96.20499028836097%
2024-02-21 20:03:18,761 - INFO - Epoch [268/500], Loss: 0.14870927266099238, Accuracy: 96.23487225459435%
2024-02-21 20:03:18,902 - INFO - Epoch [269/500], Loss: 0.14797937355258248, Accuracy: 96.23487225459435%
2024-02-21 20:03:19,044 - INFO - Epoch [270/500], Loss: 0.14725491255521775, Accuracy: 96.24981323771104%
2024-02-21 20:03:19,185 - INFO - Epoch [271/500], Loss: 0.14653582681309094, Accuracy: 96.27969520394441%
2024-02-21 20:03:19,198 - INFO - Test Accuracy: 57.448377581120944%, Balanced Test Accuracy: 53.8915623549274%
2024-02-21 20:03:19,335 - INFO - Epoch [272/500], Loss: 0.14582206065004522, Accuracy: 96.27969520394441%
2024-02-21 20:03:19,470 - INFO - Epoch [273/500], Loss: 0.14511356340213255, Accuracy: 96.33945913641118%
2024-02-21 20:03:19,607 - INFO - Epoch [274/500], Loss: 0.14441027654842897, Accuracy: 96.33945913641118%
2024-02-21 20:03:19,758 - INFO - Epoch [275/500], Loss: 0.14371215585957875, Accuracy: 96.35440011952787%
2024-02-21 20:03:19,900 - INFO - Epoch [276/500], Loss: 0.14301916245709767, Accuracy: 96.36934110264455%
2024-02-21 20:03:20,047 - INFO - Epoch [277/500], Loss: 0.1423312208191915, Accuracy: 96.38428208576124%
2024-02-21 20:03:20,191 - INFO - Epoch [278/500], Loss: 0.14164830405603757, Accuracy: 96.39922306887793%
2024-02-21 20:03:20,339 - INFO - Epoch [279/500], Loss: 0.14097034802491015, Accuracy: 96.444046018228%
2024-02-21 20:03:20,486 - INFO - Epoch [280/500], Loss: 0.14029730301011692, Accuracy: 96.47392798446138%
2024-02-21 20:03:20,630 - INFO - Epoch [281/500], Loss: 0.13962913819334724, Accuracy: 96.47392798446138%
2024-02-21 20:03:20,642 - INFO - Test Accuracy: 57.37463126843658%, Balanced Test Accuracy: 53.8842806247883%
2024-02-21 20:03:20,774 - INFO - Epoch [282/500], Loss: 0.1389658135446635, Accuracy: 96.51875093381145%
2024-02-21 20:03:20,904 - INFO - Epoch [283/500], Loss: 0.13830724676901643, Accuracy: 96.54863290004482%
2024-02-21 20:03:21,034 - INFO - Epoch [284/500], Loss: 0.13765342662280255, Accuracy: 96.56357388316151%
2024-02-21 20:03:21,164 - INFO - Epoch [285/500], Loss: 0.13700429370457476, Accuracy: 96.5785148662782%
2024-02-21 20:03:21,295 - INFO - Epoch [286/500], Loss: 0.13635979145765303, Accuracy: 96.5785148662782%
2024-02-21 20:03:21,425 - INFO - Epoch [287/500], Loss: 0.13571990498087622, Accuracy: 96.59345584939489%
2024-02-21 20:03:21,555 - INFO - Epoch [288/500], Loss: 0.13508457365361126, Accuracy: 96.62333781562828%
2024-02-21 20:03:21,685 - INFO - Epoch [289/500], Loss: 0.1344537429511547, Accuracy: 96.65321978186165%
2024-02-21 20:03:21,819 - INFO - Epoch [290/500], Loss: 0.1338273816488006, Accuracy: 96.65321978186165%
2024-02-21 20:03:21,954 - INFO - Epoch [291/500], Loss: 0.1332054470073093, Accuracy: 96.65321978186165%
2024-02-21 20:03:21,966 - INFO - Test Accuracy: 57.448377581120944%, Balanced Test Accuracy: 53.99713237629551%
2024-02-21 20:03:22,097 - INFO - Epoch [292/500], Loss: 0.13258791653947397, Accuracy: 96.66816076497834%
2024-02-21 20:03:22,229 - INFO - Epoch [293/500], Loss: 0.13197471617975018, Accuracy: 96.69804273121171%
2024-02-21 20:03:22,360 - INFO - Epoch [294/500], Loss: 0.1313658381388946, Accuracy: 96.74286568056178%
2024-02-21 20:03:22,490 - INFO - Epoch [295/500], Loss: 0.13076120516793294, Accuracy: 96.74286568056178%
2024-02-21 20:03:22,621 - INFO - Epoch [296/500], Loss: 0.13016080009666356, Accuracy: 96.75780666367847%
2024-02-21 20:03:22,751 - INFO - Epoch [297/500], Loss: 0.12956458827988668, Accuracy: 96.77274764679515%
2024-02-21 20:03:22,889 - INFO - Epoch [298/500], Loss: 0.12897252237254922, Accuracy: 96.78768862991186%
2024-02-21 20:03:23,029 - INFO - Epoch [299/500], Loss: 0.128384564478289, Accuracy: 96.77274764679515%
2024-02-21 20:03:23,170 - INFO - Epoch [300/500], Loss: 0.1278006766668775, Accuracy: 96.78768862991186%
2024-02-21 20:03:23,311 - INFO - Epoch [301/500], Loss: 0.12722081958570264, Accuracy: 96.78768862991186%
2024-02-21 20:03:23,324 - INFO - Test Accuracy: 57.37463126843658%, Balanced Test Accuracy: 53.989850646156434%
2024-02-21 20:03:23,458 - INFO - Epoch [302/500], Loss: 0.1266449600796808, Accuracy: 96.80262961302854%
2024-02-21 20:03:23,590 - INFO - Epoch [303/500], Loss: 0.12607305910099637, Accuracy: 96.83251157926192%
2024-02-21 20:03:23,726 - INFO - Epoch [304/500], Loss: 0.12550508312203668, Accuracy: 96.83251157926192%
2024-02-21 20:03:23,857 - INFO - Epoch [305/500], Loss: 0.12494099885225296, Accuracy: 96.8474525623786%
2024-02-21 20:03:23,991 - INFO - Epoch [306/500], Loss: 0.1243807510218837, Accuracy: 96.87733452861198%
2024-02-21 20:03:24,101 - INFO - Epoch [307/500], Loss: 0.12382433245127851, Accuracy: 96.90721649484536%
2024-02-21 20:03:24,218 - INFO - Epoch [308/500], Loss: 0.12327167994596741, Accuracy: 96.90721649484536%
2024-02-21 20:03:24,331 - INFO - Epoch [309/500], Loss: 0.12272278967906128, Accuracy: 96.92215747796205%
2024-02-21 20:03:24,447 - INFO - Epoch [310/500], Loss: 0.12217762331393632, Accuracy: 96.92215747796205%
2024-02-21 20:03:24,564 - INFO - Epoch [311/500], Loss: 0.1216361304237084, Accuracy: 96.93709846107873%
2024-02-21 20:03:24,574 - INFO - Test Accuracy: 57.448377581120944%, Balanced Test Accuracy: 54.047779753468696%
2024-02-21 20:03:24,690 - INFO - Epoch [312/500], Loss: 0.1210982741957361, Accuracy: 96.96698042731212%
2024-02-21 20:03:24,806 - INFO - Epoch [313/500], Loss: 0.12056403928859667, Accuracy: 96.96698042731212%
2024-02-21 20:03:24,921 - INFO - Epoch [314/500], Loss: 0.12003338252278892, Accuracy: 96.96698042731212%
2024-02-21 20:03:25,028 - INFO - Epoch [315/500], Loss: 0.11950628029351884, Accuracy: 96.9968623935455%
2024-02-21 20:03:25,139 - INFO - Epoch [316/500], Loss: 0.11898269307884303, Accuracy: 96.9968623935455%
2024-02-21 20:03:25,252 - INFO - Epoch [317/500], Loss: 0.11846259249882264, Accuracy: 96.9968623935455%
2024-02-21 20:03:25,364 - INFO - Epoch [318/500], Loss: 0.11794594824314117, Accuracy: 97.04168534289556%
2024-02-21 20:03:25,477 - INFO - Epoch [319/500], Loss: 0.11743273064494134, Accuracy: 97.04168534289556%
2024-02-21 20:03:25,588 - INFO - Epoch [320/500], Loss: 0.1169229093939066, Accuracy: 97.05662632601225%
2024-02-21 20:03:25,686 - INFO - Epoch [321/500], Loss: 0.11641644412143663, Accuracy: 97.07156730912894%
2024-02-21 20:03:25,696 - INFO - Test Accuracy: 57.448377581120944%, Balanced Test Accuracy: 54.047779753468696%
2024-02-21 20:03:25,807 - INFO - Epoch [322/500], Loss: 0.11591331234032458, Accuracy: 97.08650829224563%
2024-02-21 20:03:25,920 - INFO - Epoch [323/500], Loss: 0.11541349467906085, Accuracy: 97.10144927536231%
2024-02-21 20:03:26,033 - INFO - Epoch [324/500], Loss: 0.11491695131090554, Accuracy: 97.10144927536231%
2024-02-21 20:03:26,145 - INFO - Epoch [325/500], Loss: 0.11442365057089111, Accuracy: 97.116390258479%
2024-02-21 20:03:26,257 - INFO - Epoch [326/500], Loss: 0.11393357362936843, Accuracy: 97.1313312415957%
2024-02-21 20:03:26,369 - INFO - Epoch [327/500], Loss: 0.11344667886468497, Accuracy: 97.14627222471239%
2024-02-21 20:03:26,480 - INFO - Epoch [328/500], Loss: 0.11296294795518572, Accuracy: 97.14627222471239%
2024-02-21 20:03:26,583 - INFO - Epoch [329/500], Loss: 0.11248236125843092, Accuracy: 97.16121320782908%
2024-02-21 20:03:26,697 - INFO - Epoch [330/500], Loss: 0.11200489388270811, Accuracy: 97.17615419094577%
2024-02-21 20:03:26,811 - INFO - Epoch [331/500], Loss: 0.11153047328645532, Accuracy: 97.19109517406245%
2024-02-21 20:03:26,821 - INFO - Test Accuracy: 57.227138643067846%, Balanced Test Accuracy: 53.90608942117906%
2024-02-21 20:03:26,935 - INFO - Epoch [332/500], Loss: 0.11105912290513516, Accuracy: 97.19109517406245%
2024-02-21 20:03:27,046 - INFO - Epoch [333/500], Loss: 0.11059080311520533, Accuracy: 97.22097714029583%
2024-02-21 20:03:27,157 - INFO - Epoch [334/500], Loss: 0.11012549559501085, Accuracy: 97.22097714029583%
2024-02-21 20:03:27,268 - INFO - Epoch [335/500], Loss: 0.10966315879063172, Accuracy: 97.22097714029583%
2024-02-21 20:03:27,379 - INFO - Epoch [336/500], Loss: 0.10920376252721656, Accuracy: 97.22097714029583%
2024-02-21 20:03:27,492 - INFO - Epoch [337/500], Loss: 0.1087472926825285, Accuracy: 97.23591812341252%
2024-02-21 20:03:27,602 - INFO - Epoch [338/500], Loss: 0.1082937305285172, Accuracy: 97.28074107276258%
2024-02-21 20:03:27,717 - INFO - Epoch [339/500], Loss: 0.10784304263916883, Accuracy: 97.29568205587928%
2024-02-21 20:03:27,820 - INFO - Epoch [340/500], Loss: 0.10739520923657851, Accuracy: 97.31062303899597%
2024-02-21 20:03:27,932 - INFO - Epoch [341/500], Loss: 0.1069502109492367, Accuracy: 97.32556402211266%
2024-02-21 20:03:27,943 - INFO - Test Accuracy: 57.30088495575221%, Balanced Test Accuracy: 53.91068297927514%
2024-02-21 20:03:28,055 - INFO - Epoch [342/500], Loss: 0.1065079913559285, Accuracy: 97.34050500522935%
2024-02-21 20:03:28,168 - INFO - Epoch [343/500], Loss: 0.10606856193732131, Accuracy: 97.34050500522935%
2024-02-21 20:03:28,282 - INFO - Epoch [344/500], Loss: 0.10563188808208163, Accuracy: 97.37038697146272%
2024-02-21 20:03:28,397 - INFO - Epoch [345/500], Loss: 0.10519795675169338, Accuracy: 97.37038697146272%
2024-02-21 20:03:28,510 - INFO - Epoch [346/500], Loss: 0.10476672832261433, Accuracy: 97.38532795457941%
2024-02-21 20:03:28,622 - INFO - Epoch [347/500], Loss: 0.10433817099441181, Accuracy: 97.38532795457941%
2024-02-21 20:03:28,735 - INFO - Epoch [348/500], Loss: 0.10391229773786935, Accuracy: 97.38532795457941%
2024-02-21 20:03:28,848 - INFO - Epoch [349/500], Loss: 0.10348905988714911, Accuracy: 97.38532795457941%
2024-02-21 20:03:28,959 - INFO - Epoch [350/500], Loss: 0.10306844291361895, Accuracy: 97.4002689376961%
2024-02-21 20:03:29,072 - INFO - Epoch [351/500], Loss: 0.10265042175623504, Accuracy: 97.41520992081279%
2024-02-21 20:03:29,082 - INFO - Test Accuracy: 57.15339233038348%, Balanced Test Accuracy: 53.54497831006796%
2024-02-21 20:03:29,195 - INFO - Epoch [352/500], Loss: 0.10223497728055174, Accuracy: 97.41520992081279%
2024-02-21 20:03:29,307 - INFO - Epoch [353/500], Loss: 0.10182209580459378, Accuracy: 97.43015090392947%
2024-02-21 20:03:29,420 - INFO - Epoch [354/500], Loss: 0.10141173760322007, Accuracy: 97.43015090392947%
2024-02-21 20:03:29,534 - INFO - Epoch [355/500], Loss: 0.1010038933293386, Accuracy: 97.43015090392947%
2024-02-21 20:03:29,639 - INFO - Epoch [356/500], Loss: 0.10059855370358987, Accuracy: 97.43015090392947%
2024-02-21 20:03:29,739 - INFO - Epoch [357/500], Loss: 0.1001956795765595, Accuracy: 97.44509188704616%
2024-02-21 20:03:29,845 - INFO - Epoch [358/500], Loss: 0.09979524866423824, Accuracy: 97.46003287016286%
2024-02-21 20:03:29,942 - INFO - Epoch [359/500], Loss: 0.0993972548706965, Accuracy: 97.46003287016286%
2024-02-21 20:03:30,057 - INFO - Epoch [360/500], Loss: 0.09900168654593554, Accuracy: 97.48991483639624%
2024-02-21 20:03:30,171 - INFO - Epoch [361/500], Loss: 0.09860849140042609, Accuracy: 97.48991483639624%
2024-02-21 20:03:30,182 - INFO - Test Accuracy: 57.07964601769911%, Balanced Test Accuracy: 53.48046218103569%
2024-02-21 20:03:30,297 - INFO - Epoch [362/500], Loss: 0.09821767742660913, Accuracy: 97.51979680262961%
2024-02-21 20:03:30,427 - INFO - Epoch [363/500], Loss: 0.09782921607521447, Accuracy: 97.51979680262961%
2024-02-21 20:03:30,538 - INFO - Epoch [364/500], Loss: 0.0974430860104886, Accuracy: 97.5347377857463%
2024-02-21 20:03:30,654 - INFO - Epoch [365/500], Loss: 0.09705927710641514, Accuracy: 97.54967876886299%
2024-02-21 20:03:30,770 - INFO - Epoch [366/500], Loss: 0.09667775685136969, Accuracy: 97.54967876886299%
2024-02-21 20:03:30,886 - INFO - Epoch [367/500], Loss: 0.09629852152006192, Accuracy: 97.56461975197968%
2024-02-21 20:03:30,996 - INFO - Epoch [368/500], Loss: 0.09592154876075008, Accuracy: 97.56461975197968%
2024-02-21 20:03:31,106 - INFO - Epoch [369/500], Loss: 0.09554680975323374, Accuracy: 97.56461975197968%
2024-02-21 20:03:31,215 - INFO - Epoch [370/500], Loss: 0.09517429247498513, Accuracy: 97.57956073509636%
2024-02-21 20:03:31,325 - INFO - Epoch [371/500], Loss: 0.09480397901074453, Accuracy: 97.59450171821305%
2024-02-21 20:03:31,335 - INFO - Test Accuracy: 57.00589970501475%, Balanced Test Accuracy: 53.35639270212751%
2024-02-21 20:03:31,445 - INFO - Epoch [372/500], Loss: 0.09443586939437823, Accuracy: 97.59450171821305%
2024-02-21 20:03:31,555 - INFO - Epoch [373/500], Loss: 0.09406992911615154, Accuracy: 97.60944270132974%
2024-02-21 20:03:31,666 - INFO - Epoch [374/500], Loss: 0.09370612244714391, Accuracy: 97.62438368444644%
2024-02-21 20:03:31,777 - INFO - Epoch [375/500], Loss: 0.09334447109563784, Accuracy: 97.62438368444644%
2024-02-21 20:03:31,922 - INFO - Epoch [376/500], Loss: 0.09298493127253922, Accuracy: 97.62438368444644%
2024-02-21 20:03:32,065 - INFO - Epoch [377/500], Loss: 0.0926275008442727, Accuracy: 97.62438368444644%
2024-02-21 20:03:32,181 - INFO - Epoch [378/500], Loss: 0.09227215207435868, Accuracy: 97.62438368444644%
2024-02-21 20:03:32,296 - INFO - Epoch [379/500], Loss: 0.09191886694593863, Accuracy: 97.63932466756313%
2024-02-21 20:03:32,412 - INFO - Epoch [380/500], Loss: 0.09156764481555332, Accuracy: 97.65426565067982%
2024-02-21 20:03:32,527 - INFO - Epoch [381/500], Loss: 0.09121845097027041, Accuracy: 97.65426565067982%
2024-02-21 20:03:32,538 - INFO - Test Accuracy: 56.932153392330385%, Balanced Test Accuracy: 53.36148618855471%
2024-02-21 20:03:32,653 - INFO - Epoch [382/500], Loss: 0.09087128629061308, Accuracy: 97.6841476169132%
2024-02-21 20:03:32,768 - INFO - Epoch [383/500], Loss: 0.09052612788297913, Accuracy: 97.69908860002988%
2024-02-21 20:03:32,884 - INFO - Epoch [384/500], Loss: 0.09018294323574413, Accuracy: 97.71402958314657%
2024-02-21 20:03:33,000 - INFO - Epoch [385/500], Loss: 0.08984174366024407, Accuracy: 97.71402958314657%
2024-02-21 20:03:33,116 - INFO - Epoch [386/500], Loss: 0.08950251127508553, Accuracy: 97.71402958314657%
2024-02-21 20:03:33,231 - INFO - Epoch [387/500], Loss: 0.08916521600701592, Accuracy: 97.72897056626326%
2024-02-21 20:03:33,346 - INFO - Epoch [388/500], Loss: 0.08882983608002012, Accuracy: 97.74391154937994%
2024-02-21 20:03:33,461 - INFO - Epoch [389/500], Loss: 0.08849638416008516, Accuracy: 97.74391154937994%
2024-02-21 20:03:33,575 - INFO - Epoch [390/500], Loss: 0.08816482570361008, Accuracy: 97.74391154937994%
2024-02-21 20:03:33,690 - INFO - Epoch [391/500], Loss: 0.08783515583385121, Accuracy: 97.74391154937994%
2024-02-21 20:03:33,701 - INFO - Test Accuracy: 57.00589970501475%, Balanced Test Accuracy: 53.485158633875386%
2024-02-21 20:03:33,817 - INFO - Epoch [392/500], Loss: 0.08750736110589721, Accuracy: 97.74391154937994%
2024-02-21 20:03:33,932 - INFO - Epoch [393/500], Loss: 0.08718140961771662, Accuracy: 97.74391154937994%
2024-02-21 20:03:34,049 - INFO - Epoch [394/500], Loss: 0.0868572956120426, Accuracy: 97.74391154937994%
2024-02-21 20:03:34,163 - INFO - Epoch [395/500], Loss: 0.08653503161939707, Accuracy: 97.74391154937994%
2024-02-21 20:03:34,279 - INFO - Epoch [396/500], Loss: 0.08621455143121155, Accuracy: 97.74391154937994%
2024-02-21 20:03:34,414 - INFO - Epoch [397/500], Loss: 0.08589589975096963, Accuracy: 97.75885253249663%
2024-02-21 20:03:34,545 - INFO - Epoch [398/500], Loss: 0.08557900979437612, Accuracy: 97.75885253249663%
2024-02-21 20:03:34,673 - INFO - Epoch [399/500], Loss: 0.08526390279558572, Accuracy: 97.77379351561332%
2024-02-21 20:03:34,801 - INFO - Epoch [400/500], Loss: 0.08495056012814695, Accuracy: 97.77379351561332%
2024-02-21 20:03:34,928 - INFO - Epoch [401/500], Loss: 0.08463895029642365, Accuracy: 97.77379351561332%
2024-02-21 20:03:34,939 - INFO - Test Accuracy: 56.85840707964602%, Balanced Test Accuracy: 53.31675084759971%
2024-02-21 20:03:35,049 - INFO - Epoch [402/500], Loss: 0.0843290720812299, Accuracy: 97.77379351561332%
2024-02-21 20:03:35,155 - INFO - Epoch [403/500], Loss: 0.0840209176255898, Accuracy: 97.77379351561332%
2024-02-21 20:03:35,267 - INFO - Epoch [404/500], Loss: 0.08371446918357503, Accuracy: 97.77379351561332%
2024-02-21 20:03:35,366 - INFO - Epoch [405/500], Loss: 0.08340970880605958, Accuracy: 97.78873449873002%
2024-02-21 20:03:35,470 - INFO - Epoch [406/500], Loss: 0.083106643198566, Accuracy: 97.80367548184671%
2024-02-21 20:03:35,585 - INFO - Epoch [407/500], Loss: 0.08280523514205759, Accuracy: 97.80367548184671%
2024-02-21 20:03:35,702 - INFO - Epoch [408/500], Loss: 0.08250548504292965, Accuracy: 97.80367548184671%
2024-02-21 20:03:35,817 - INFO - Epoch [409/500], Loss: 0.08220737596804445, Accuracy: 97.80367548184671%
2024-02-21 20:03:35,937 - INFO - Epoch [410/500], Loss: 0.08191089765592055, Accuracy: 97.80367548184671%
2024-02-21 20:03:36,057 - INFO - Epoch [411/500], Loss: 0.08161604804071514, Accuracy: 97.80367548184671%
2024-02-21 20:03:36,068 - INFO - Test Accuracy: 56.63716814159292%, Balanced Test Accuracy: 53.05935224041527%
2024-02-21 20:03:36,188 - INFO - Epoch [412/500], Loss: 0.08132280297577381, Accuracy: 97.8186164649634%
2024-02-21 20:03:36,311 - INFO - Epoch [413/500], Loss: 0.0810311383144422, Accuracy: 97.83355744808009%
2024-02-21 20:03:36,438 - INFO - Epoch [414/500], Loss: 0.08074106099930677, Accuracy: 97.83355744808009%
2024-02-21 20:03:36,563 - INFO - Epoch [415/500], Loss: 0.08045256608589128, Accuracy: 97.86343941431346%
2024-02-21 20:03:36,712 - INFO - Epoch [416/500], Loss: 0.08016562285748395, Accuracy: 97.86343941431346%
2024-02-21 20:03:36,853 - INFO - Epoch [417/500], Loss: 0.0798802371729504, Accuracy: 97.86343941431346%
2024-02-21 20:03:36,992 - INFO - Epoch [418/500], Loss: 0.0795963790267706, Accuracy: 97.87838039743015%
2024-02-21 20:03:37,126 - INFO - Epoch [419/500], Loss: 0.07931405207650229, Accuracy: 97.87838039743015%
2024-02-21 20:03:37,253 - INFO - Epoch [420/500], Loss: 0.07903323928740892, Accuracy: 97.87838039743015%
2024-02-21 20:03:37,366 - INFO - Epoch [421/500], Loss: 0.07875392545353282, Accuracy: 97.87838039743015%
2024-02-21 20:03:37,376 - INFO - Test Accuracy: 56.56342182890855%, Balanced Test Accuracy: 52.80625370848215%
2024-02-21 20:03:37,491 - INFO - Epoch [422/500], Loss: 0.07847611111673441, Accuracy: 97.87838039743015%
2024-02-21 20:03:37,605 - INFO - Epoch [423/500], Loss: 0.07819977311248129, Accuracy: 97.89332138054684%
2024-02-21 20:03:37,718 - INFO - Epoch [424/500], Loss: 0.07792491564019159, Accuracy: 97.89332138054684%
2024-02-21 20:03:37,836 - INFO - Epoch [425/500], Loss: 0.07765152078460563, Accuracy: 97.89332138054684%
2024-02-21 20:03:37,949 - INFO - Epoch [426/500], Loss: 0.07737956988540563, Accuracy: 97.89332138054684%
2024-02-21 20:03:38,062 - INFO - Epoch [427/500], Loss: 0.07710905495015058, Accuracy: 97.90826236366352%
2024-02-21 20:03:38,176 - INFO - Epoch [428/500], Loss: 0.07683997330340472, Accuracy: 97.90826236366352%
2024-02-21 20:03:38,291 - INFO - Epoch [429/500], Loss: 0.07657232125374404, Accuracy: 97.9530853130136%
2024-02-21 20:03:38,404 - INFO - Epoch [430/500], Loss: 0.07630607973445545, Accuracy: 97.96802629613029%
2024-02-21 20:03:38,516 - INFO - Epoch [431/500], Loss: 0.0760412240231579, Accuracy: 97.99790826236367%
2024-02-21 20:03:38,527 - INFO - Test Accuracy: 56.56342182890855%, Balanced Test Accuracy: 52.82911970218993%
2024-02-21 20:03:38,641 - INFO - Epoch [432/500], Loss: 0.07577776170589708, Accuracy: 98.02779022859704%
2024-02-21 20:03:38,755 - INFO - Epoch [433/500], Loss: 0.07551568922671405, Accuracy: 98.02779022859704%
2024-02-21 20:03:38,869 - INFO - Epoch [434/500], Loss: 0.07525497668168761, Accuracy: 98.05767219483042%
2024-02-21 20:03:38,982 - INFO - Epoch [435/500], Loss: 0.07499562701718374, Accuracy: 98.05767219483042%
2024-02-21 20:03:39,094 - INFO - Epoch [436/500], Loss: 0.07473763190209866, Accuracy: 98.0726131779471%
2024-02-21 20:03:39,208 - INFO - Epoch [437/500], Loss: 0.07448097243905068, Accuracy: 98.0726131779471%
2024-02-21 20:03:39,323 - INFO - Epoch [438/500], Loss: 0.07422565140507438, Accuracy: 98.0726131779471%
2024-02-21 20:03:39,438 - INFO - Epoch [439/500], Loss: 0.07397164817560803, Accuracy: 98.0726131779471%
2024-02-21 20:03:39,551 - INFO - Epoch [440/500], Loss: 0.07371896092187274, Accuracy: 98.0726131779471%
2024-02-21 20:03:39,667 - INFO - Epoch [441/500], Loss: 0.07346758602017706, Accuracy: 98.0726131779471%
2024-02-21 20:03:39,677 - INFO - Test Accuracy: 56.48967551622419%, Balanced Test Accuracy: 52.84961935551625%
2024-02-21 20:03:39,792 - INFO - Epoch [442/500], Loss: 0.07321750223636628, Accuracy: 98.0726131779471%
2024-02-21 20:03:39,907 - INFO - Epoch [443/500], Loss: 0.0729687008668076, Accuracy: 98.0726131779471%
2024-02-21 20:03:40,020 - INFO - Epoch [444/500], Loss: 0.07272117198868232, Accuracy: 98.0726131779471%
2024-02-21 20:03:40,133 - INFO - Epoch [445/500], Loss: 0.07247492298483849, Accuracy: 98.08755416106379%
2024-02-21 20:03:40,269 - INFO - Epoch [446/500], Loss: 0.0722299276766452, Accuracy: 98.10249514418048%
2024-02-21 20:03:40,401 - INFO - Epoch [447/500], Loss: 0.0719862004572695, Accuracy: 98.11743612729718%
2024-02-21 20:03:40,532 - INFO - Epoch [448/500], Loss: 0.07174370282075622, Accuracy: 98.11743612729718%
2024-02-21 20:03:40,660 - INFO - Epoch [449/500], Loss: 0.07150242677466435, Accuracy: 98.11743612729718%
2024-02-21 20:03:40,790 - INFO - Epoch [450/500], Loss: 0.07126240320503711, Accuracy: 98.11743612729718%
2024-02-21 20:03:40,921 - INFO - Epoch [451/500], Loss: 0.07102357978847894, Accuracy: 98.11743612729718%
2024-02-21 20:03:40,932 - INFO - Test Accuracy: 56.48967551622419%, Balanced Test Accuracy: 52.82458205838919%
2024-02-21 20:03:41,061 - INFO - Epoch [452/500], Loss: 0.07078597643835978, Accuracy: 98.13237711041387%
2024-02-21 20:03:41,189 - INFO - Epoch [453/500], Loss: 0.07054957310584459, Accuracy: 98.16225907664725%
2024-02-21 20:03:41,319 - INFO - Epoch [454/500], Loss: 0.0703143537891182, Accuracy: 98.16225907664725%
2024-02-21 20:03:41,448 - INFO - Epoch [455/500], Loss: 0.07008033518425442, Accuracy: 98.19214104288062%
2024-02-21 20:03:41,577 - INFO - Epoch [456/500], Loss: 0.06984748535535552, Accuracy: 98.20708202599731%
2024-02-21 20:03:41,708 - INFO - Epoch [457/500], Loss: 0.06961580054326491, Accuracy: 98.20708202599731%
2024-02-21 20:03:41,838 - INFO - Epoch [458/500], Loss: 0.06938530160960826, Accuracy: 98.20708202599731%
2024-02-21 20:03:41,969 - INFO - Epoch [459/500], Loss: 0.06915593352168799, Accuracy: 98.222023009114%
2024-02-21 20:03:42,099 - INFO - Epoch [460/500], Loss: 0.06892771641300484, Accuracy: 98.222023009114%
2024-02-21 20:03:42,230 - INFO - Epoch [461/500], Loss: 0.06870063319802285, Accuracy: 98.222023009114%
2024-02-21 20:03:42,241 - INFO - Test Accuracy: 56.342182890855455%, Balanced Test Accuracy: 52.746996004371574%
2024-02-21 20:03:42,367 - INFO - Epoch [462/500], Loss: 0.06847469461235133, Accuracy: 98.23696399223068%
2024-02-21 20:03:42,496 - INFO - Epoch [463/500], Loss: 0.06824988565323027, Accuracy: 98.23696399223068%
2024-02-21 20:03:42,621 - INFO - Epoch [464/500], Loss: 0.068026175620881, Accuracy: 98.23696399223068%
2024-02-21 20:03:42,749 - INFO - Epoch [465/500], Loss: 0.06780357245694507, Accuracy: 98.23696399223068%
2024-02-21 20:03:42,871 - INFO - Epoch [466/500], Loss: 0.06758208754049107, Accuracy: 98.23696399223068%
2024-02-21 20:03:42,979 - INFO - Epoch [467/500], Loss: 0.06736168617551977, Accuracy: 98.23696399223068%
2024-02-21 20:03:43,091 - INFO - Epoch [468/500], Loss: 0.06714238297532905, Accuracy: 98.23696399223068%
2024-02-21 20:03:43,218 - INFO - Epoch [469/500], Loss: 0.06692414842545986, Accuracy: 98.25190497534737%
2024-02-21 20:03:43,341 - INFO - Epoch [470/500], Loss: 0.06670699293979189, Accuracy: 98.25190497534737%
2024-02-21 20:03:43,459 - INFO - Epoch [471/500], Loss: 0.06649090635844253, Accuracy: 98.25190497534737%
2024-02-21 20:03:43,470 - INFO - Test Accuracy: 56.26843657817109%, Balanced Test Accuracy: 52.691378651757546%
2024-02-21 20:03:43,584 - INFO - Epoch [472/500], Loss: 0.06627587515183471, Accuracy: 98.25190497534737%
2024-02-21 20:03:43,699 - INFO - Epoch [473/500], Loss: 0.0660618949512189, Accuracy: 98.25190497534737%
2024-02-21 20:03:43,813 - INFO - Epoch [474/500], Loss: 0.06584895436059345, Accuracy: 98.25190497534737%
2024-02-21 20:03:43,927 - INFO - Epoch [475/500], Loss: 0.06563706084747206, Accuracy: 98.25190497534737%
2024-02-21 20:03:44,041 - INFO - Epoch [476/500], Loss: 0.06542620503089645, Accuracy: 98.25190497534737%
2024-02-21 20:03:44,156 - INFO - Epoch [477/500], Loss: 0.06521636731922627, Accuracy: 98.25190497534737%
2024-02-21 20:03:44,270 - INFO - Epoch [478/500], Loss: 0.06500755355439403, Accuracy: 98.25190497534737%
2024-02-21 20:03:44,382 - INFO - Epoch [479/500], Loss: 0.06479975105347958, Accuracy: 98.25190497534737%
2024-02-21 20:03:44,496 - INFO - Epoch [480/500], Loss: 0.06459293700754642, Accuracy: 98.26684595846406%
2024-02-21 20:03:44,609 - INFO - Epoch [481/500], Loss: 0.06438714482567527, Accuracy: 98.26684595846406%
2024-02-21 20:03:44,619 - INFO - Test Accuracy: 56.26843657817109%, Balanced Test Accuracy: 52.691378651757546%
2024-02-21 20:03:44,734 - INFO - Epoch [482/500], Loss: 0.06418234412981705, Accuracy: 98.28178694158076%
2024-02-21 20:03:44,848 - INFO - Epoch [483/500], Loss: 0.06397851976481352, Accuracy: 98.28178694158076%
2024-02-21 20:03:44,961 - INFO - Epoch [484/500], Loss: 0.06377567880871621, Accuracy: 98.29672792469745%
2024-02-21 20:03:45,073 - INFO - Epoch [485/500], Loss: 0.06357381326908415, Accuracy: 98.29672792469745%
2024-02-21 20:03:45,185 - INFO - Epoch [486/500], Loss: 0.06337292385710912, Accuracy: 98.29672792469745%
2024-02-21 20:03:45,300 - INFO - Epoch [487/500], Loss: 0.06317297785796902, Accuracy: 98.29672792469745%
2024-02-21 20:03:45,413 - INFO - Epoch [488/500], Loss: 0.06297400161962617, Accuracy: 98.31166890781414%
2024-02-21 20:03:45,524 - INFO - Epoch [489/500], Loss: 0.06277596777813, Accuracy: 98.31166890781414%
2024-02-21 20:03:45,637 - INFO - Epoch [490/500], Loss: 0.06257888647643002, Accuracy: 98.31166890781414%
2024-02-21 20:03:45,749 - INFO - Epoch [491/500], Loss: 0.06238272371278568, Accuracy: 98.31166890781414%
2024-02-21 20:03:45,758 - INFO - Test Accuracy: 56.26843657817109%, Balanced Test Accuracy: 52.739714274232476%
2024-02-21 20:03:45,871 - INFO - Epoch [492/500], Loss: 0.06218750553036278, Accuracy: 98.34155087404751%
2024-02-21 20:03:45,983 - INFO - Epoch [493/500], Loss: 0.06199321286244826, Accuracy: 98.34155087404751%
2024-02-21 20:03:46,094 - INFO - Epoch [494/500], Loss: 0.06179984420199286, Accuracy: 98.3564918571642%
2024-02-21 20:03:46,209 - INFO - Epoch [495/500], Loss: 0.06160736803642728, Accuracy: 98.3564918571642%
2024-02-21 20:03:46,319 - INFO - Epoch [496/500], Loss: 0.061415828104046256, Accuracy: 98.3564918571642%
2024-02-21 20:03:46,430 - INFO - Epoch [497/500], Loss: 0.061225180615755645, Accuracy: 98.37143284028089%
2024-02-21 20:03:46,540 - INFO - Epoch [498/500], Loss: 0.061035430956293234, Accuracy: 98.37143284028089%
2024-02-21 20:03:46,650 - INFO - Epoch [499/500], Loss: 0.060846563953567634, Accuracy: 98.37143284028089%
2024-02-21 20:03:46,763 - INFO - Epoch [500/500], Loss: 0.06065859157930721, Accuracy: 98.38637382339758%
2024-02-21 20:03:46,796 - INFO - Test Accuracy: 40.26726057906459%, Balanced Test Accuracy: 37.828392223627894%
2024-02-21 20:03:46,852 - INFO - Final unblanced test accuracy: 40.26726057906459% and final balanced test accuracy 37.828392223627894
