2024-02-07 21:35:05,796 - INFO - Configuration:
{
    "task": "5",
    "topic": "classifier",
    "train_classifier": true,
    "number_gpus": "1",
    "modalities": [
        "depth"
    ],
    "encoder_model": "MAE",
    "mask_ratio": 0.8,
    "dataset": "DAA",
    "split": "2",
    "num_classes": 34,
    "epochs": 500,
    "res_cktp": false,
    "cktp_dir": "/home/bas06400/Thesis/VIP/src/align_checkpoints/mae_checkpoints/",
    "trained_encoder": "checkpoint_depth_2_20240205_000420.pth",
    "learning_rate": 0.001,
    "temperature": 0.1,
    "num_workers": 10,
    "batch_size": 64,
    "data_root": "/net/polaris/storage/deeplearning/ntu",
    "random_sample": false,
    "pin_memory": true,
    "scheduler_config": {
        "type": "plateau",
        "params": {
            "mode": "min",
            "factor": 0.1,
            "patience": 5
        }
    }
}
2024-02-07 21:35:05,827 - INFO - Training MAE for depth...
2024-02-07 21:35:05,875 - INFO - Evaluing on the following GPUs [1]
2024-02-07 21:35:11,337 - INFO - Checkpoint checkpoint_depth_2_20240205_000420.pth loaded succesfully
2024-02-07 21:35:11,402 - INFO - Starting feature extraction...
2024-02-07 21:41:51,201 - INFO - Applying balanced loss
2024-02-07 21:41:51,710 - INFO - Epoch [1/500], Loss: 5.634013121778315, Accuracy: 33.497684147616916%
2024-02-07 21:41:51,738 - INFO - Test Accuracy: 50.88495575221239%, Balanced Test Accuracy: 37.8153609503547%
2024-02-07 21:41:51,857 - INFO - Epoch [2/500], Loss: 4.264754796028138, Accuracy: 55.17705064993277%
2024-02-07 21:41:51,969 - INFO - Epoch [3/500], Loss: 3.7244812098416413, Accuracy: 59.106529209621996%
2024-02-07 21:41:52,080 - INFO - Epoch [4/500], Loss: 3.3987411564046686, Accuracy: 61.34767667712536%
2024-02-07 21:41:52,192 - INFO - Epoch [5/500], Loss: 3.16783457886089, Accuracy: 62.91647990437771%
2024-02-07 21:41:52,305 - INFO - Epoch [6/500], Loss: 2.9898307193409313, Accuracy: 64.12669953682952%
2024-02-07 21:41:52,415 - INFO - Epoch [7/500], Loss: 2.845490545576269, Accuracy: 65.27715523681458%
2024-02-07 21:41:52,528 - INFO - Epoch [8/500], Loss: 2.724389002539895, Accuracy: 65.99432242641566%
2024-02-07 21:41:52,646 - INFO - Epoch [9/500], Loss: 2.620256454294378, Accuracy: 66.80113551471686%
2024-02-07 21:41:52,760 - INFO - Epoch [10/500], Loss: 2.529052927277305, Accuracy: 67.45853877185118%
2024-02-07 21:41:52,875 - INFO - Epoch [11/500], Loss: 2.448034837029197, Accuracy: 68.42970267443597%
2024-02-07 21:41:52,887 - INFO - Test Accuracy: 62.46312684365782%, Balanced Test Accuracy: 53.01684544728798%
2024-02-07 21:41:53,028 - INFO - Epoch [12/500], Loss: 2.3752530845728788, Accuracy: 69.2215747796205%
2024-02-07 21:41:53,145 - INFO - Epoch [13/500], Loss: 2.309268826788122, Accuracy: 69.65486329000449%
2024-02-07 21:41:53,254 - INFO - Epoch [14/500], Loss: 2.248986239866777, Accuracy: 70.05826983415508%
2024-02-07 21:41:53,352 - INFO - Epoch [15/500], Loss: 2.1935494032773106, Accuracy: 70.4616763783057%
2024-02-07 21:41:53,463 - INFO - Epoch [16/500], Loss: 2.1422761743718928, Accuracy: 70.8650829224563%
2024-02-07 21:41:53,576 - INFO - Epoch [17/500], Loss: 2.0946138392795217, Accuracy: 71.23860750037352%
2024-02-07 21:41:53,695 - INFO - Epoch [18/500], Loss: 2.050108142332597, Accuracy: 71.73165994322426%
2024-02-07 21:41:53,812 - INFO - Epoch [19/500], Loss: 2.0083808487111874, Accuracy: 72.12012550425818%
2024-02-07 21:41:53,932 - INFO - Epoch [20/500], Loss: 1.9691145983609286, Accuracy: 72.5085910652921%
2024-02-07 21:41:54,052 - INFO - Epoch [21/500], Loss: 1.9320402091199702, Accuracy: 72.9269385925594%
2024-02-07 21:41:54,063 - INFO - Test Accuracy: 64.15929203539822%, Balanced Test Accuracy: 55.93307993389055%
2024-02-07 21:41:54,181 - INFO - Epoch [22/500], Loss: 1.8969284241849727, Accuracy: 73.24069923800987%
2024-02-07 21:41:54,302 - INFO - Epoch [23/500], Loss: 1.863582613251426, Accuracy: 73.67398774839384%
2024-02-07 21:41:54,420 - INFO - Epoch [24/500], Loss: 1.8318336140025746, Accuracy: 73.97280741072763%
2024-02-07 21:41:54,540 - INFO - Epoch [25/500], Loss: 1.8015348109332, Accuracy: 74.16704019124458%
2024-02-07 21:41:54,661 - INFO - Epoch [26/500], Loss: 1.772559200633656, Accuracy: 74.45091887046168%
2024-02-07 21:41:54,779 - INFO - Epoch [27/500], Loss: 1.7447957862507213, Accuracy: 74.66009263409532%
2024-02-07 21:41:54,899 - INFO - Epoch [28/500], Loss: 1.7181476907296613, Accuracy: 74.94397131331242%
2024-02-07 21:41:55,020 - INFO - Epoch [29/500], Loss: 1.6925296637144955, Accuracy: 75.18302704317944%
2024-02-07 21:41:55,139 - INFO - Epoch [30/500], Loss: 1.6678666819225658, Accuracy: 75.48184670551322%
2024-02-07 21:41:55,257 - INFO - Epoch [31/500], Loss: 1.6440923381935466, Accuracy: 75.76572538473032%
2024-02-07 21:41:55,267 - INFO - Test Accuracy: 64.15929203539822%, Balanced Test Accuracy: 54.71007985080297%
2024-02-07 21:41:55,385 - INFO - Epoch [32/500], Loss: 1.6211476195942272, Accuracy: 75.95995816524727%
2024-02-07 21:41:55,503 - INFO - Epoch [33/500], Loss: 1.5989797841418874, Accuracy: 76.10936799641416%
2024-02-07 21:41:55,622 - INFO - Epoch [34/500], Loss: 1.5775416840206493, Accuracy: 76.25877782758106%
2024-02-07 21:41:55,739 - INFO - Epoch [35/500], Loss: 1.5567905740304426, Accuracy: 76.55759748991484%
2024-02-07 21:41:55,857 - INFO - Epoch [36/500], Loss: 1.5366878379474986, Accuracy: 76.81159420289855%
2024-02-07 21:41:55,974 - INFO - Epoch [37/500], Loss: 1.5171981009570035, Accuracy: 77.0207679665322%
2024-02-07 21:41:56,093 - INFO - Epoch [38/500], Loss: 1.4982890730554408, Accuracy: 77.2897056626326%
2024-02-07 21:41:56,210 - INFO - Epoch [39/500], Loss: 1.479930795322765, Accuracy: 77.37935156133274%
2024-02-07 21:41:56,312 - INFO - Epoch [40/500], Loss: 1.46209590326656, Accuracy: 77.58852532496638%
2024-02-07 21:41:56,421 - INFO - Epoch [41/500], Loss: 1.4447588844732804, Accuracy: 77.66323024054982%
2024-02-07 21:41:56,431 - INFO - Test Accuracy: 64.30678466076697%, Balanced Test Accuracy: 54.00175416458587%
2024-02-07 21:41:56,531 - INFO - Epoch [42/500], Loss: 1.4278960114175623, Accuracy: 77.8425220379501%
2024-02-07 21:41:56,642 - INFO - Epoch [43/500], Loss: 1.4114853539250114, Accuracy: 78.02181383535037%
2024-02-07 21:41:56,753 - INFO - Epoch [44/500], Loss: 1.3955064486373554, Accuracy: 78.14134170028387%
2024-02-07 21:41:56,855 - INFO - Epoch [45/500], Loss: 1.3799400849775834, Accuracy: 78.20110563275064%
2024-02-07 21:41:56,966 - INFO - Epoch [46/500], Loss: 1.3647683289918033, Accuracy: 78.38039743015091%
2024-02-07 21:41:57,078 - INFO - Epoch [47/500], Loss: 1.349974405223673, Accuracy: 78.44016136261766%
2024-02-07 21:41:57,217 - INFO - Epoch [48/500], Loss: 1.3355426008051092, Accuracy: 78.58957119378455%
2024-02-07 21:41:57,375 - INFO - Epoch [49/500], Loss: 1.321457958763296, Accuracy: 78.7838039743015%
2024-02-07 21:41:57,550 - INFO - Epoch [50/500], Loss: 1.3077066638252952, Accuracy: 78.85850888988496%
2024-02-07 21:41:57,746 - INFO - Epoch [51/500], Loss: 1.294275522773916, Accuracy: 79.0676826535186%
2024-02-07 21:41:57,762 - INFO - Test Accuracy: 64.45427728613569%, Balanced Test Accuracy: 54.382753934936936%
2024-02-07 21:41:57,927 - INFO - Epoch [52/500], Loss: 1.2811521914872257, Accuracy: 79.2021515015688%
2024-02-07 21:41:58,042 - INFO - Epoch [53/500], Loss: 1.268324979868802, Accuracy: 79.36650231585239%
2024-02-07 21:41:58,158 - INFO - Epoch [54/500], Loss: 1.255782920664007, Accuracy: 79.42626624831914%
2024-02-07 21:41:58,281 - INFO - Epoch [55/500], Loss: 1.2435155640948903, Accuracy: 79.6204990288361%
2024-02-07 21:41:58,403 - INFO - Epoch [56/500], Loss: 1.2315131387927316, Accuracy: 79.69520394441955%
2024-02-07 21:41:58,511 - INFO - Epoch [57/500], Loss: 1.219766296039928, Accuracy: 79.82967279246975%
2024-02-07 21:41:58,635 - INFO - Epoch [58/500], Loss: 1.2082662468606775, Accuracy: 79.99402360675333%
2024-02-07 21:41:58,753 - INFO - Epoch [59/500], Loss: 1.1970045203512365, Accuracy: 80.06872852233677%
2024-02-07 21:41:58,868 - INFO - Epoch [60/500], Loss: 1.1859732394868678, Accuracy: 80.20319737038697%
2024-02-07 21:41:58,988 - INFO - Epoch [61/500], Loss: 1.1751647651195527, Accuracy: 80.26296130285372%
2024-02-07 21:41:59,003 - INFO - Test Accuracy: 64.52802359882006%, Balanced Test Accuracy: 52.972936899858134%
2024-02-07 21:41:59,121 - INFO - Epoch [62/500], Loss: 1.1645718563686718, Accuracy: 80.35260720155387%
2024-02-07 21:41:59,259 - INFO - Epoch [63/500], Loss: 1.1541876484047282, Accuracy: 80.50201703272076%
2024-02-07 21:41:59,370 - INFO - Epoch [64/500], Loss: 1.1440054888075049, Accuracy: 80.63648588077095%
2024-02-07 21:41:59,495 - INFO - Epoch [65/500], Loss: 1.1340190589427948, Accuracy: 80.81577767817123%
2024-02-07 21:41:59,613 - INFO - Epoch [66/500], Loss: 1.1242223755879837, Accuracy: 80.8606006275213%
2024-02-07 21:41:59,731 - INFO - Epoch [67/500], Loss: 1.1146095568483525, Accuracy: 80.9950694755715%
2024-02-07 21:41:59,853 - INFO - Epoch [68/500], Loss: 1.105175113136118, Accuracy: 81.09965635738831%
2024-02-07 21:41:59,975 - INFO - Epoch [69/500], Loss: 1.0959136616099965, Accuracy: 81.21918422232183%
2024-02-07 21:42:00,109 - INFO - Epoch [70/500], Loss: 1.0868201320821589, Accuracy: 81.32377110413866%
2024-02-07 21:42:00,231 - INFO - Epoch [71/500], Loss: 1.0778894581577994, Accuracy: 81.45823995218885%
2024-02-07 21:42:00,242 - INFO - Test Accuracy: 64.15929203539822%, Balanced Test Accuracy: 52.559338779074835%
2024-02-07 21:42:00,361 - INFO - Epoch [72/500], Loss: 1.0691170665350826, Accuracy: 81.51800388465561%
2024-02-07 21:42:00,480 - INFO - Epoch [73/500], Loss: 1.0604982603680004, Accuracy: 81.57776781712236%
2024-02-07 21:42:00,600 - INFO - Epoch [74/500], Loss: 1.0520287215709687, Accuracy: 81.72717764828926%
2024-02-07 21:42:00,718 - INFO - Epoch [75/500], Loss: 1.0437042545188557, Accuracy: 81.8168235469894%
2024-02-07 21:42:00,854 - INFO - Epoch [76/500], Loss: 1.0355207036842, Accuracy: 81.89152846257284%
2024-02-07 21:42:00,964 - INFO - Epoch [77/500], Loss: 1.0274742489511317, Accuracy: 81.96623337815629%
2024-02-07 21:42:01,081 - INFO - Epoch [78/500], Loss: 1.0195610279386693, Accuracy: 81.96623337815629%
2024-02-07 21:42:01,211 - INFO - Epoch [79/500], Loss: 1.0117775012146344, Accuracy: 82.01105632750635%
2024-02-07 21:42:01,327 - INFO - Epoch [80/500], Loss: 1.004120047525926, Accuracy: 82.16046615867324%
2024-02-07 21:42:01,454 - INFO - Epoch [81/500], Loss: 0.9965854092077775, Accuracy: 82.33975795607351%
2024-02-07 21:42:01,464 - INFO - Test Accuracy: 64.30678466076697%, Balanced Test Accuracy: 52.191463294584004%
2024-02-07 21:42:01,579 - INFO - Epoch [82/500], Loss: 0.9891703082756562, Accuracy: 82.3546989391902%
2024-02-07 21:42:01,702 - INFO - Epoch [83/500], Loss: 0.9818715921857141, Accuracy: 82.38458090542358%
2024-02-07 21:42:01,818 - INFO - Epoch [84/500], Loss: 0.9746862121603705, Accuracy: 82.4891677872404%
2024-02-07 21:42:01,934 - INFO - Epoch [85/500], Loss: 0.967611303654584, Accuracy: 82.56387270282384%
2024-02-07 21:42:02,067 - INFO - Epoch [86/500], Loss: 0.960644016211683, Accuracy: 82.71328253399074%
2024-02-07 21:42:02,176 - INFO - Epoch [87/500], Loss: 0.9537817071784627, Accuracy: 82.87763334827432%
2024-02-07 21:42:02,276 - INFO - Epoch [88/500], Loss: 0.9470216225494038, Accuracy: 82.95233826385777%
2024-02-07 21:42:02,383 - INFO - Epoch [89/500], Loss: 0.9403614139015024, Accuracy: 83.08680711190796%
2024-02-07 21:42:02,491 - INFO - Epoch [90/500], Loss: 0.933798547224565, Accuracy: 83.14657104437472%
2024-02-07 21:42:02,591 - INFO - Epoch [91/500], Loss: 0.9273306730118664, Accuracy: 83.22127595995816%
2024-02-07 21:42:02,602 - INFO - Test Accuracy: 64.0117994100295%, Balanced Test Accuracy: 50.6108672368618%
2024-02-07 21:42:02,733 - INFO - Epoch [92/500], Loss: 0.9209555552764372, Accuracy: 83.29598087554162%
2024-02-07 21:42:02,845 - INFO - Epoch [93/500], Loss: 0.9146709672429345, Accuracy: 83.34080382489168%
2024-02-07 21:42:02,972 - INFO - Epoch [94/500], Loss: 0.9084748129953037, Accuracy: 83.38562677424174%
2024-02-07 21:42:03,083 - INFO - Epoch [95/500], Loss: 0.9023650676012039, Accuracy: 83.47527267294188%
2024-02-07 21:42:03,179 - INFO - Epoch [96/500], Loss: 0.8963396912271326, Accuracy: 83.52009562229195%
2024-02-07 21:42:03,285 - INFO - Epoch [97/500], Loss: 0.890396876226772, Accuracy: 83.60974152099209%
2024-02-07 21:42:03,397 - INFO - Epoch [98/500], Loss: 0.8845346949317239, Accuracy: 83.60974152099209%
2024-02-07 21:42:03,511 - INFO - Epoch [99/500], Loss: 0.8787514120340347, Accuracy: 83.63962348722546%
2024-02-07 21:42:03,624 - INFO - Epoch [100/500], Loss: 0.8730453380129554, Accuracy: 83.72926938592559%
2024-02-07 21:42:03,731 - INFO - Epoch [101/500], Loss: 0.8674148231744766, Accuracy: 83.75915135215897%
2024-02-07 21:42:03,741 - INFO - Test Accuracy: 63.7905604719764%, Balanced Test Accuracy: 50.015839563117446%
2024-02-07 21:42:03,841 - INFO - Epoch [102/500], Loss: 0.8618582413955168, Accuracy: 83.80397430150904%
2024-02-07 21:42:03,943 - INFO - Epoch [103/500], Loss: 0.8563740592111241, Accuracy: 83.81891528462573%
2024-02-07 21:42:04,056 - INFO - Epoch [104/500], Loss: 0.8509608187458731, Accuracy: 83.81891528462573%
2024-02-07 21:42:04,164 - INFO - Epoch [105/500], Loss: 0.8456171238964254, Accuracy: 83.92350216644255%
2024-02-07 21:42:04,278 - INFO - Epoch [106/500], Loss: 0.8403415335850282, Accuracy: 83.95338413267594%
2024-02-07 21:42:04,393 - INFO - Epoch [107/500], Loss: 0.8351328402757645, Accuracy: 84.07291199760944%
2024-02-07 21:42:04,486 - INFO - Epoch [108/500], Loss: 0.8299896188757636, Accuracy: 84.11773494695952%
2024-02-07 21:42:04,601 - INFO - Epoch [109/500], Loss: 0.8249107276851481, Accuracy: 84.20738084565964%
2024-02-07 21:42:04,710 - INFO - Epoch [110/500], Loss: 0.8198949085040526, Accuracy: 84.23726281189302%
2024-02-07 21:42:04,822 - INFO - Epoch [111/500], Loss: 0.8149410529570146, Accuracy: 84.32690871059316%
2024-02-07 21:42:04,832 - INFO - Test Accuracy: 64.15929203539822%, Balanced Test Accuracy: 49.97669783900659%
2024-02-07 21:42:04,944 - INFO - Epoch [112/500], Loss: 0.8100478882139379, Accuracy: 84.4016136261766%
2024-02-07 21:42:05,054 - INFO - Epoch [113/500], Loss: 0.8052143909714439, Accuracy: 84.44643657552668%
2024-02-07 21:42:05,165 - INFO - Epoch [114/500], Loss: 0.8004393780773337, Accuracy: 84.47631854176005%
2024-02-07 21:42:05,283 - INFO - Epoch [115/500], Loss: 0.7957217441363769, Accuracy: 84.55102345734349%
2024-02-07 21:42:05,401 - INFO - Epoch [116/500], Loss: 0.7910603802312505, Accuracy: 84.56596444046018%
2024-02-07 21:42:05,520 - INFO - Epoch [117/500], Loss: 0.7864541752771897, Accuracy: 84.62572837292694%
2024-02-07 21:42:05,640 - INFO - Epoch [118/500], Loss: 0.781902092424306, Accuracy: 84.70043328851038%
2024-02-07 21:42:05,758 - INFO - Epoch [119/500], Loss: 0.7774030766703866, Accuracy: 84.70043328851038%
2024-02-07 21:42:05,878 - INFO - Epoch [120/500], Loss: 0.7729561087760058, Accuracy: 84.84984311967727%
2024-02-07 21:42:05,996 - INFO - Epoch [121/500], Loss: 0.7685601825063879, Accuracy: 84.87972508591065%
2024-02-07 21:42:06,006 - INFO - Test Accuracy: 64.0117994100295%, Balanced Test Accuracy: 48.98061709632655%
2024-02-07 21:42:06,128 - INFO - Epoch [122/500], Loss: 0.7642143162814053, Accuracy: 84.9544300014941%
2024-02-07 21:42:06,245 - INFO - Epoch [123/500], Loss: 0.759917611154643, Accuracy: 85.04407590019423%
2024-02-07 21:42:06,362 - INFO - Epoch [124/500], Loss: 0.7556691129099239, Accuracy: 85.05901688331092%
2024-02-07 21:42:06,478 - INFO - Epoch [125/500], Loss: 0.7514679326252504, Accuracy: 85.0888988495443%
2024-02-07 21:42:06,596 - INFO - Epoch [126/500], Loss: 0.7473132147030397, Accuracy: 85.13372179889437%
2024-02-07 21:42:06,713 - INFO - Epoch [127/500], Loss: 0.7432041165503589, Accuracy: 85.17854474824443%
2024-02-07 21:42:06,836 - INFO - Epoch [128/500], Loss: 0.7391398546370593, Accuracy: 85.19348573136112%
2024-02-07 21:42:06,952 - INFO - Epoch [129/500], Loss: 0.7351196194236929, Accuracy: 85.29807261317795%
2024-02-07 21:42:07,072 - INFO - Epoch [130/500], Loss: 0.7311425872824409, Accuracy: 85.31301359629464%
2024-02-07 21:42:07,174 - INFO - Epoch [131/500], Loss: 0.7272080304947767, Accuracy: 85.31301359629464%
2024-02-07 21:42:07,186 - INFO - Test Accuracy: 64.15929203539822%, Balanced Test Accuracy: 49.23562340007603%
2024-02-07 21:42:07,299 - INFO - Epoch [132/500], Loss: 0.7233152392235669, Accuracy: 85.38771851187808%
2024-02-07 21:42:07,400 - INFO - Epoch [133/500], Loss: 0.7194634613665667, Accuracy: 85.41760047811145%
2024-02-07 21:42:07,510 - INFO - Epoch [134/500], Loss: 0.715652025829662, Accuracy: 85.43254146122815%
2024-02-07 21:42:07,625 - INFO - Epoch [135/500], Loss: 0.7118802590803667, Accuracy: 85.47736441057822%
2024-02-07 21:42:07,740 - INFO - Epoch [136/500], Loss: 0.7081474762071263, Accuracy: 85.53712834304497%
2024-02-07 21:42:07,855 - INFO - Epoch [137/500], Loss: 0.7044530391693116, Accuracy: 85.56701030927834%
2024-02-07 21:42:07,968 - INFO - Epoch [138/500], Loss: 0.7007963229309428, Accuracy: 85.56701030927834%
2024-02-07 21:42:08,081 - INFO - Epoch [139/500], Loss: 0.6971766818653453, Accuracy: 85.62677424174511%
2024-02-07 21:42:08,194 - INFO - Epoch [140/500], Loss: 0.6935935318470001, Accuracy: 85.65665620797849%
2024-02-07 21:42:08,303 - INFO - Epoch [141/500], Loss: 0.6900462787259709, Accuracy: 85.68653817421186%
2024-02-07 21:42:08,314 - INFO - Test Accuracy: 64.2330383480826%, Balanced Test Accuracy: 49.257053709798484%
2024-02-07 21:42:08,431 - INFO - Epoch [142/500], Loss: 0.6865343903953379, Accuracy: 85.74630210667861%
2024-02-07 21:42:08,542 - INFO - Epoch [143/500], Loss: 0.6830572439865632, Accuracy: 85.83594800537875%
2024-02-07 21:42:08,659 - INFO - Epoch [144/500], Loss: 0.6796143317764456, Accuracy: 85.83594800537875%
2024-02-07 21:42:08,776 - INFO - Epoch [145/500], Loss: 0.6762050690976056, Accuracy: 85.83594800537875%
2024-02-07 21:42:08,893 - INFO - Epoch [146/500], Loss: 0.6728290186686949, Accuracy: 85.86582997161213%
2024-02-07 21:42:09,006 - INFO - Epoch [147/500], Loss: 0.669485586068847, Accuracy: 85.95547587031227%
2024-02-07 21:42:09,118 - INFO - Epoch [148/500], Loss: 0.6661742746829986, Accuracy: 86.00029881966233%
2024-02-07 21:42:09,235 - INFO - Epoch [149/500], Loss: 0.6628946683623574, Accuracy: 86.0451217690124%
2024-02-07 21:42:09,351 - INFO - Epoch [150/500], Loss: 0.6596461813558232, Accuracy: 86.06006275212908%
2024-02-07 21:42:09,463 - INFO - Epoch [151/500], Loss: 0.6564284338192506, Accuracy: 86.07500373524577%
2024-02-07 21:42:09,474 - INFO - Test Accuracy: 64.08554572271386%, Balanced Test Accuracy: 48.74027138099756%
2024-02-07 21:42:09,591 - INFO - Epoch [152/500], Loss: 0.6532409009608355, Accuracy: 86.14970865082923%
2024-02-07 21:42:09,706 - INFO - Epoch [153/500], Loss: 0.6500831441445785, Accuracy: 86.14970865082923%
2024-02-07 21:42:09,810 - INFO - Epoch [154/500], Loss: 0.6469547753984278, Accuracy: 86.19453160017929%
2024-02-07 21:42:09,925 - INFO - Epoch [155/500], Loss: 0.6438553043387153, Accuracy: 86.20947258329598%
2024-02-07 21:42:10,039 - INFO - Epoch [156/500], Loss: 0.6407843381166458, Accuracy: 86.19453160017929%
2024-02-07 21:42:10,150 - INFO - Epoch [157/500], Loss: 0.6377414597706361, Accuracy: 86.25429553264605%
2024-02-07 21:42:10,271 - INFO - Epoch [158/500], Loss: 0.6347262406891042, Accuracy: 86.29911848199612%
2024-02-07 21:42:10,385 - INFO - Epoch [159/500], Loss: 0.631738282604651, Accuracy: 86.3140594651128%
2024-02-07 21:42:10,491 - INFO - Epoch [160/500], Loss: 0.6287772625684738, Accuracy: 86.3290004482295%
2024-02-07 21:42:10,602 - INFO - Epoch [161/500], Loss: 0.6258427297527139, Accuracy: 86.35888241446287%
2024-02-07 21:42:10,612 - INFO - Test Accuracy: 64.08554572271386%, Balanced Test Accuracy: 48.664112141830046%
2024-02-07 21:42:10,726 - INFO - Epoch [162/500], Loss: 0.6229343419725245, Accuracy: 86.35888241446287%
2024-02-07 21:42:10,838 - INFO - Epoch [163/500], Loss: 0.62005170610818, Accuracy: 86.41864634692963%
2024-02-07 21:42:10,945 - INFO - Epoch [164/500], Loss: 0.6171944680539044, Accuracy: 86.43358733004632%
2024-02-07 21:42:11,058 - INFO - Epoch [165/500], Loss: 0.6143622867085717, Accuracy: 86.47841027939639%
2024-02-07 21:42:11,174 - INFO - Epoch [166/500], Loss: 0.6115548228675669, Accuracy: 86.49335126251307%
2024-02-07 21:42:11,287 - INFO - Epoch [167/500], Loss: 0.6087717473506927, Accuracy: 86.55311519497982%
2024-02-07 21:42:11,395 - INFO - Epoch [168/500], Loss: 0.6060126868161289, Accuracy: 86.64276109367997%
2024-02-07 21:42:11,507 - INFO - Epoch [169/500], Loss: 0.6032773508266969, Accuracy: 86.68758404303003%
2024-02-07 21:42:11,621 - INFO - Epoch [170/500], Loss: 0.6005653795870868, Accuracy: 86.67264305991334%
2024-02-07 21:42:11,730 - INFO - Epoch [171/500], Loss: 0.5978765246543017, Accuracy: 86.70252502614672%
2024-02-07 21:42:11,740 - INFO - Test Accuracy: 63.93805309734513%, Balanced Test Accuracy: 48.4704654069756%
2024-02-07 21:42:11,851 - INFO - Epoch [172/500], Loss: 0.5952104075388475, Accuracy: 86.7174660092634%
2024-02-07 21:42:11,965 - INFO - Epoch [173/500], Loss: 0.592566799304702, Accuracy: 86.7473479754968%
2024-02-07 21:42:12,079 - INFO - Epoch [174/500], Loss: 0.5899453149600462, Accuracy: 86.79217092484686%
2024-02-07 21:42:12,193 - INFO - Epoch [175/500], Loss: 0.5873457559130408, Accuracy: 86.82205289108023%
2024-02-07 21:42:12,306 - INFO - Epoch [176/500], Loss: 0.5847677677869797, Accuracy: 86.82205289108023%
2024-02-07 21:42:12,423 - INFO - Epoch [177/500], Loss: 0.5822110892696815, Accuracy: 86.82205289108023%
2024-02-07 21:42:12,538 - INFO - Epoch [178/500], Loss: 0.5796754941344261, Accuracy: 86.89675780666367%
2024-02-07 21:42:12,642 - INFO - Epoch [179/500], Loss: 0.577160632610321, Accuracy: 86.92663977289706%
2024-02-07 21:42:12,756 - INFO - Epoch [180/500], Loss: 0.5746663023125042, Accuracy: 86.95652173913044%
2024-02-07 21:42:12,871 - INFO - Epoch [181/500], Loss: 0.5721921927549622, Accuracy: 87.0013446884805%
2024-02-07 21:42:12,881 - INFO - Test Accuracy: 64.30678466076697%, Balanced Test Accuracy: 48.85837934560854%
2024-02-07 21:42:12,995 - INFO - Epoch [182/500], Loss: 0.5697380989789963, Accuracy: 87.07604960406395%
2024-02-07 21:42:13,105 - INFO - Epoch [183/500], Loss: 0.5673037388107993, Accuracy: 87.09099058718064%
2024-02-07 21:42:13,220 - INFO - Epoch [184/500], Loss: 0.564888891984116, Accuracy: 87.19557746899746%
2024-02-07 21:42:13,352 - INFO - Epoch [185/500], Loss: 0.5624932350082831, Accuracy: 87.21051845211414%
2024-02-07 21:42:13,478 - INFO - Epoch [186/500], Loss: 0.5601166501641274, Accuracy: 87.22545943523083%
2024-02-07 21:42:13,618 - INFO - Epoch [187/500], Loss: 0.557758823579008, Accuracy: 87.24040041834753%
2024-02-07 21:42:13,758 - INFO - Epoch [188/500], Loss: 0.5554195479913191, Accuracy: 87.25534140146422%
2024-02-07 21:42:13,902 - INFO - Epoch [189/500], Loss: 0.5530986286022447, Accuracy: 87.33004631704766%
2024-02-07 21:42:14,039 - INFO - Epoch [190/500], Loss: 0.5507957890629769, Accuracy: 87.33004631704766%
2024-02-07 21:42:14,185 - INFO - Epoch [191/500], Loss: 0.5485108139840039, Accuracy: 87.37486926639772%
2024-02-07 21:42:14,197 - INFO - Test Accuracy: 64.2330383480826%, Balanced Test Accuracy: 48.706633031511466%
2024-02-07 21:42:14,347 - INFO - Epoch [192/500], Loss: 0.546243534440344, Accuracy: 87.46451516509786%
2024-02-07 21:42:14,494 - INFO - Epoch [193/500], Loss: 0.5439936995506287, Accuracy: 87.49439713133124%
2024-02-07 21:42:14,642 - INFO - Epoch [194/500], Loss: 0.5417611336166208, Accuracy: 87.49439713133124%
2024-02-07 21:42:14,789 - INFO - Epoch [195/500], Loss: 0.5395456524057822, Accuracy: 87.49439713133124%
2024-02-07 21:42:14,942 - INFO - Epoch [196/500], Loss: 0.5373469532890753, Accuracy: 87.5392200806813%
2024-02-07 21:42:15,056 - INFO - Epoch [197/500], Loss: 0.5351649513298815, Accuracy: 87.55416106379799%
2024-02-07 21:42:15,173 - INFO - Epoch [198/500], Loss: 0.532999407432296, Accuracy: 87.58404303003138%
2024-02-07 21:42:15,287 - INFO - Epoch [199/500], Loss: 0.5308501236818054, Accuracy: 87.59898401314807%
2024-02-07 21:42:15,400 - INFO - Epoch [200/500], Loss: 0.5287169608202847, Accuracy: 87.59898401314807%
2024-02-07 21:42:15,513 - INFO - Epoch [201/500], Loss: 0.5265996634960175, Accuracy: 87.67368892873151%
2024-02-07 21:42:15,523 - INFO - Test Accuracy: 63.93805309734513%, Balanced Test Accuracy: 48.52600015552464%
2024-02-07 21:42:15,637 - INFO - Epoch [202/500], Loss: 0.5244980611584403, Accuracy: 87.74839384431496%
2024-02-07 21:42:15,749 - INFO - Epoch [203/500], Loss: 0.5224120419133793, Accuracy: 87.77827581054834%
2024-02-07 21:42:15,861 - INFO - Epoch [204/500], Loss: 0.5203414170579477, Accuracy: 87.80815777678171%
2024-02-07 21:42:15,973 - INFO - Epoch [205/500], Loss: 0.5182859260927547, Accuracy: 87.83803974301509%
2024-02-07 21:42:16,084 - INFO - Epoch [206/500], Loss: 0.5162455065683885, Accuracy: 87.91274465859854%
2024-02-07 21:42:16,197 - INFO - Epoch [207/500], Loss: 0.5142198784784837, Accuracy: 87.91274465859854%
2024-02-07 21:42:16,308 - INFO - Epoch [208/500], Loss: 0.512208976257931, Accuracy: 87.91274465859854%
2024-02-07 21:42:16,418 - INFO - Epoch [209/500], Loss: 0.5102126017212868, Accuracy: 87.97250859106529%
2024-02-07 21:42:16,530 - INFO - Epoch [210/500], Loss: 0.5082306063987992, Accuracy: 88.00239055729867%
2024-02-07 21:42:16,644 - INFO - Epoch [211/500], Loss: 0.5062627784230492, Accuracy: 88.04721350664873%
2024-02-07 21:42:16,654 - INFO - Test Accuracy: 64.0117994100295%, Balanced Test Accuracy: 48.541279648001016%
2024-02-07 21:42:16,766 - INFO - Epoch [212/500], Loss: 0.5043090457266027, Accuracy: 88.07709547288212%
2024-02-07 21:42:16,875 - INFO - Epoch [213/500], Loss: 0.5023691892623902, Accuracy: 88.1069774391155%
2024-02-07 21:42:16,987 - INFO - Epoch [214/500], Loss: 0.5004431090571664, Accuracy: 88.15180038846556%
2024-02-07 21:42:17,100 - INFO - Epoch [215/500], Loss: 0.498530647565018, Accuracy: 88.18168235469894%
2024-02-07 21:42:17,213 - INFO - Epoch [216/500], Loss: 0.4966315960342234, Accuracy: 88.21156432093231%
2024-02-07 21:42:17,327 - INFO - Epoch [217/500], Loss: 0.49474589228630067, Accuracy: 88.21156432093231%
2024-02-07 21:42:17,439 - INFO - Epoch [218/500], Loss: 0.49287332147359847, Accuracy: 88.2414462871657%
2024-02-07 21:42:17,563 - INFO - Epoch [219/500], Loss: 0.4910138032653115, Accuracy: 88.30121021963245%
2024-02-07 21:42:17,695 - INFO - Epoch [220/500], Loss: 0.4891671654852954, Accuracy: 88.30121021963245%
2024-02-07 21:42:17,844 - INFO - Epoch [221/500], Loss: 0.4873332810672847, Accuracy: 88.33109218586583%
2024-02-07 21:42:17,858 - INFO - Test Accuracy: 64.15929203539822%, Balanced Test Accuracy: 48.63594350088012%
2024-02-07 21:42:18,005 - INFO - Epoch [222/500], Loss: 0.48551202484152534, Accuracy: 88.37591513521589%
2024-02-07 21:42:18,153 - INFO - Epoch [223/500], Loss: 0.4837032510475679, Accuracy: 88.45062005079934%
2024-02-07 21:42:18,298 - INFO - Epoch [224/500], Loss: 0.48190683925693684, Accuracy: 88.48050201703272%
2024-02-07 21:42:18,445 - INFO - Epoch [225/500], Loss: 0.4801226423545317, Accuracy: 88.49544300014941%
2024-02-07 21:42:18,568 - INFO - Epoch [226/500], Loss: 0.47835054966536433, Accuracy: 88.5103839832661%
2024-02-07 21:42:18,692 - INFO - Epoch [227/500], Loss: 0.4765904556621205, Accuracy: 88.52532496638278%
2024-02-07 21:42:18,819 - INFO - Epoch [228/500], Loss: 0.47484218261458655, Accuracy: 88.55520693261617%
2024-02-07 21:42:18,943 - INFO - Epoch [229/500], Loss: 0.47310563352974977, Accuracy: 88.60002988196624%
2024-02-07 21:42:19,068 - INFO - Epoch [230/500], Loss: 0.47138069651343606, Accuracy: 88.6448528313163%
2024-02-07 21:42:19,193 - INFO - Epoch [231/500], Loss: 0.4696672427383336, Accuracy: 88.68967578066636%
2024-02-07 21:42:19,203 - INFO - Test Accuracy: 64.2330383480826%, Balanced Test Accuracy: 48.67100661448461%
2024-02-07 21:42:19,322 - INFO - Epoch [232/500], Loss: 0.4679651840166612, Accuracy: 88.70461676378305%
2024-02-07 21:42:19,438 - INFO - Epoch [233/500], Loss: 0.4662743904373863, Accuracy: 88.80920364559988%
2024-02-07 21:42:19,551 - INFO - Epoch [234/500], Loss: 0.46459474224935876, Accuracy: 88.85402659494994%
2024-02-07 21:42:19,664 - INFO - Epoch [235/500], Loss: 0.4629261263392188, Accuracy: 88.91379052741671%
2024-02-07 21:42:19,781 - INFO - Epoch [236/500], Loss: 0.4612684129313989, Accuracy: 88.95861347676677%
2024-02-07 21:42:19,897 - INFO - Epoch [237/500], Loss: 0.4596215295520696, Accuracy: 88.98849544300015%
2024-02-07 21:42:20,012 - INFO - Epoch [238/500], Loss: 0.45798532434485173, Accuracy: 89.01837740923352%
2024-02-07 21:42:20,126 - INFO - Epoch [239/500], Loss: 0.45635974393649537, Accuracy: 89.04825937546691%
2024-02-07 21:42:20,247 - INFO - Epoch [240/500], Loss: 0.45474466518922285, Accuracy: 89.09308232481698%
2024-02-07 21:42:20,383 - INFO - Epoch [241/500], Loss: 0.45313995439897886, Accuracy: 89.12296429105035%
2024-02-07 21:42:20,394 - INFO - Test Accuracy: 64.15929203539822%, Balanced Test Accuracy: 48.40218941018353%
2024-02-07 21:42:20,510 - INFO - Epoch [242/500], Loss: 0.45154557024890724, Accuracy: 89.15284625728373%
2024-02-07 21:42:20,629 - INFO - Epoch [243/500], Loss: 0.4499613337896087, Accuracy: 89.22755117286718%
2024-02-07 21:42:20,745 - INFO - Epoch [244/500], Loss: 0.4483872218565507, Accuracy: 89.25743313910056%
2024-02-07 21:42:20,859 - INFO - Epoch [245/500], Loss: 0.4468230955980041, Accuracy: 89.28731510533393%
2024-02-07 21:42:20,978 - INFO - Epoch [246/500], Loss: 0.445268854227933, Accuracy: 89.30225608845062%
2024-02-07 21:42:21,095 - INFO - Epoch [247/500], Loss: 0.4437244222922759, Accuracy: 89.36202002091737%
2024-02-07 21:42:21,213 - INFO - Epoch [248/500], Loss: 0.44218968600034714, Accuracy: 89.42178395338414%
2024-02-07 21:42:21,334 - INFO - Epoch [249/500], Loss: 0.4406645705754107, Accuracy: 89.43672493650082%
2024-02-07 21:42:21,436 - INFO - Epoch [250/500], Loss: 0.439148972928524, Accuracy: 89.48154788585089%
2024-02-07 21:42:21,557 - INFO - Epoch [251/500], Loss: 0.43764283846725116, Accuracy: 89.49648886896757%
2024-02-07 21:42:21,573 - INFO - Test Accuracy: 64.15929203539822%, Balanced Test Accuracy: 48.42315637981431%
2024-02-07 21:42:21,729 - INFO - Epoch [252/500], Loss: 0.4361460433764891, Accuracy: 89.51142985208426%
2024-02-07 21:42:21,871 - INFO - Epoch [253/500], Loss: 0.4346584670922973, Accuracy: 89.54131181831765%
2024-02-07 21:42:22,013 - INFO - Epoch [254/500], Loss: 0.43318008130246943, Accuracy: 89.58613476766772%
2024-02-07 21:42:22,153 - INFO - Epoch [255/500], Loss: 0.4317107773639939, Accuracy: 89.61601673390109%
2024-02-07 21:42:22,292 - INFO - Epoch [256/500], Loss: 0.43025048212571576, Accuracy: 89.64589870013447%
2024-02-07 21:42:22,427 - INFO - Epoch [257/500], Loss: 0.4287990901957859, Accuracy: 89.67578066636784%
2024-02-07 21:42:22,549 - INFO - Epoch [258/500], Loss: 0.4273565416986292, Accuracy: 89.73554459883461%
2024-02-07 21:42:22,677 - INFO - Epoch [259/500], Loss: 0.4259227220307697, Accuracy: 89.76542656506798%
2024-02-07 21:42:22,805 - INFO - Epoch [260/500], Loss: 0.4244976012544198, Accuracy: 89.81024951441805%
2024-02-07 21:42:22,932 - INFO - Epoch [261/500], Loss: 0.4230810689655217, Accuracy: 89.82519049753473%
2024-02-07 21:42:22,944 - INFO - Test Accuracy: 64.45427728613569%, Balanced Test Accuracy: 48.508616685182865%
2024-02-07 21:42:23,078 - INFO - Epoch [262/500], Loss: 0.421673054180362, Accuracy: 89.87001344688481%
2024-02-07 21:42:23,231 - INFO - Epoch [263/500], Loss: 0.4202734776518562, Accuracy: 89.8849544300015%
2024-02-07 21:42:23,359 - INFO - Epoch [264/500], Loss: 0.4188822422515262, Accuracy: 89.91483639623488%
2024-02-07 21:42:23,489 - INFO - Epoch [265/500], Loss: 0.4174992642619393, Accuracy: 89.92977737935156%
2024-02-07 21:42:23,610 - INFO - Epoch [266/500], Loss: 0.41612456102262846, Accuracy: 89.95965934558494%
2024-02-07 21:42:23,719 - INFO - Epoch [267/500], Loss: 0.41475797417488963, Accuracy: 89.97460032870163%
2024-02-07 21:42:23,838 - INFO - Epoch [268/500], Loss: 0.41339943693442777, Accuracy: 90.01942327805169%
2024-02-07 21:42:23,958 - INFO - Epoch [269/500], Loss: 0.41204890392043375, Accuracy: 90.04930524428508%
2024-02-07 21:42:24,075 - INFO - Epoch [270/500], Loss: 0.4107062939893116, Accuracy: 90.04930524428508%
2024-02-07 21:42:24,234 - INFO - Epoch [271/500], Loss: 0.40937155160036953, Accuracy: 90.09412819363514%
2024-02-07 21:42:24,248 - INFO - Test Accuracy: 64.6755162241888%, Balanced Test Accuracy: 48.617608050363074%
2024-02-07 21:42:24,402 - INFO - Epoch [272/500], Loss: 0.40804456093094565, Accuracy: 90.12401015986852%
2024-02-07 21:42:24,560 - INFO - Epoch [273/500], Loss: 0.4067252977327867, Accuracy: 90.12401015986852%
2024-02-07 21:42:24,704 - INFO - Epoch [274/500], Loss: 0.40541366108439186, Accuracy: 90.1538921261019%
2024-02-07 21:42:24,855 - INFO - Epoch [275/500], Loss: 0.40410963906483216, Accuracy: 90.18377409233527%
2024-02-07 21:42:25,009 - INFO - Epoch [276/500], Loss: 0.4028131143613295, Accuracy: 90.19871507545197%
2024-02-07 21:42:25,152 - INFO - Epoch [277/500], Loss: 0.40152405676516617, Accuracy: 90.22859704168535%
2024-02-07 21:42:25,289 - INFO - Epoch [278/500], Loss: 0.40024234638972717, Accuracy: 90.25847900791872%
2024-02-07 21:42:25,425 - INFO - Epoch [279/500], Loss: 0.3989679839123379, Accuracy: 90.2883609741521%
2024-02-07 21:42:25,561 - INFO - Epoch [280/500], Loss: 0.3977008810097521, Accuracy: 90.31824294038547%
2024-02-07 21:42:25,710 - INFO - Epoch [281/500], Loss: 0.3964409444819797, Accuracy: 90.33318392350216%
2024-02-07 21:42:25,724 - INFO - Test Accuracy: 64.6755162241888%, Balanced Test Accuracy: 48.617608050363074%
2024-02-07 21:42:25,898 - INFO - Epoch [282/500], Loss: 0.39518820453773845, Accuracy: 90.37800687285224%
2024-02-07 21:42:26,061 - INFO - Epoch [283/500], Loss: 0.3939424998380921, Accuracy: 90.39294785596893%
2024-02-07 21:42:26,220 - INFO - Epoch [284/500], Loss: 0.3927038022062995, Accuracy: 90.40788883908562%
2024-02-07 21:42:26,356 - INFO - Epoch [285/500], Loss: 0.39147209335457195, Accuracy: 90.43777080531899%
2024-02-07 21:42:26,484 - INFO - Epoch [286/500], Loss: 0.3902472405271097, Accuracy: 90.43777080531899%
2024-02-07 21:42:26,592 - INFO - Epoch [287/500], Loss: 0.3890292529355396, Accuracy: 90.46765277155237%
2024-02-07 21:42:26,737 - INFO - Epoch [288/500], Loss: 0.3878180348060348, Accuracy: 90.48259375466905%
2024-02-07 21:42:26,863 - INFO - Epoch [289/500], Loss: 0.38661353154615924, Accuracy: 90.48259375466905%
2024-02-07 21:42:26,986 - INFO - Epoch [290/500], Loss: 0.38541571430184624, Accuracy: 90.49753473778574%
2024-02-07 21:42:27,108 - INFO - Epoch [291/500], Loss: 0.384224518049847, Accuracy: 90.51247572090243%
2024-02-07 21:42:27,120 - INFO - Test Accuracy: 64.2330383480826%, Balanced Test Accuracy: 47.07432058906622%
2024-02-07 21:42:27,287 - INFO - Epoch [292/500], Loss: 0.3830398905006322, Accuracy: 90.51247572090243%
2024-02-07 21:42:27,442 - INFO - Epoch [293/500], Loss: 0.3818617357449098, Accuracy: 90.52741670401913%
2024-02-07 21:42:27,565 - INFO - Epoch [294/500], Loss: 0.38069005161523817, Accuracy: 90.52741670401913%
2024-02-07 21:42:27,689 - INFO - Epoch [295/500], Loss: 0.3795247556133704, Accuracy: 90.54235768713582%
2024-02-07 21:42:27,810 - INFO - Epoch [296/500], Loss: 0.3783658030358228, Accuracy: 90.5722396533692%
2024-02-07 21:42:27,931 - INFO - Epoch [297/500], Loss: 0.3772131434895776, Accuracy: 90.5722396533692%
2024-02-07 21:42:28,056 - INFO - Epoch [298/500], Loss: 0.3760667470368472, Accuracy: 90.55729867025251%
2024-02-07 21:42:28,179 - INFO - Epoch [299/500], Loss: 0.37492654418403454, Accuracy: 90.60212161960257%
2024-02-07 21:42:28,302 - INFO - Epoch [300/500], Loss: 0.37379248237068, Accuracy: 90.63200358583595%
2024-02-07 21:42:28,425 - INFO - Epoch [301/500], Loss: 0.3726645040241155, Accuracy: 90.63200358583595%
2024-02-07 21:42:28,436 - INFO - Test Accuracy: 64.0117994100295%, Balanced Test Accuracy: 46.838296650954995%
2024-02-07 21:42:28,557 - INFO - Epoch [302/500], Loss: 0.37154256349260156, Accuracy: 90.63200358583595%
2024-02-07 21:42:28,689 - INFO - Epoch [303/500], Loss: 0.37042662975463, Accuracy: 90.6917675183027%
2024-02-07 21:42:28,833 - INFO - Epoch [304/500], Loss: 0.3693166726014831, Accuracy: 90.6917675183027%
2024-02-07 21:42:28,963 - INFO - Epoch [305/500], Loss: 0.3682125787843357, Accuracy: 90.7067085014194%
2024-02-07 21:42:29,091 - INFO - Epoch [306/500], Loss: 0.36711435467004777, Accuracy: 90.72164948453609%
2024-02-07 21:42:29,219 - INFO - Epoch [307/500], Loss: 0.3660219338807193, Accuracy: 90.75153145076946%
2024-02-07 21:42:29,346 - INFO - Epoch [308/500], Loss: 0.3649352937936783, Accuracy: 90.76647243388615%
2024-02-07 21:42:29,476 - INFO - Epoch [309/500], Loss: 0.36385435353625906, Accuracy: 90.78141341700284%
2024-02-07 21:42:29,605 - INFO - Epoch [310/500], Loss: 0.36277907734567466, Accuracy: 90.78141341700284%
2024-02-07 21:42:29,734 - INFO - Epoch [311/500], Loss: 0.3617094324393706, Accuracy: 90.78141341700284%
2024-02-07 21:42:29,745 - INFO - Test Accuracy: 64.08554572271386%, Balanced Test Accuracy: 46.902812779987244%
2024-02-07 21:42:29,874 - INFO - Epoch [312/500], Loss: 0.3606454132632776, Accuracy: 90.79635440011953%
2024-02-07 21:42:30,000 - INFO - Epoch [313/500], Loss: 0.3595868850296194, Accuracy: 90.84117734946959%
2024-02-07 21:42:30,127 - INFO - Epoch [314/500], Loss: 0.3585338835011829, Accuracy: 90.85611833258628%
2024-02-07 21:42:30,254 - INFO - Epoch [315/500], Loss: 0.3574863460930911, Accuracy: 90.87105931570298%
2024-02-07 21:42:30,378 - INFO - Epoch [316/500], Loss: 0.3564442141489549, Accuracy: 90.88600029881967%
2024-02-07 21:42:30,504 - INFO - Epoch [317/500], Loss: 0.355407413975759, Accuracy: 90.91588226505304%
2024-02-07 21:42:30,631 - INFO - Epoch [318/500], Loss: 0.3543760026043112, Accuracy: 90.91588226505304%
2024-02-07 21:42:30,758 - INFO - Epoch [319/500], Loss: 0.3533498377962546, Accuracy: 90.93082324816973%
2024-02-07 21:42:30,885 - INFO - Epoch [320/500], Loss: 0.3523289531469345, Accuracy: 90.9607052144031%
2024-02-07 21:42:31,012 - INFO - Epoch [321/500], Loss: 0.3513132778081027, Accuracy: 91.00552816375317%
2024-02-07 21:42:31,024 - INFO - Test Accuracy: 64.0117994100295%, Balanced Test Accuracy: 46.715729148880854%
2024-02-07 21:42:31,150 - INFO - Epoch [322/500], Loss: 0.35030278143557636, Accuracy: 91.02046914686986%
2024-02-07 21:42:31,274 - INFO - Epoch [323/500], Loss: 0.34929738396948035, Accuracy: 91.02046914686986%
2024-02-07 21:42:31,385 - INFO - Epoch [324/500], Loss: 0.3482971118255095, Accuracy: 91.06529209621993%
2024-02-07 21:42:31,502 - INFO - Epoch [325/500], Loss: 0.34730189794843846, Accuracy: 91.08023307933662%
2024-02-07 21:42:31,619 - INFO - Epoch [326/500], Loss: 0.34631168056618084, Accuracy: 91.15493799492006%
2024-02-07 21:42:31,735 - INFO - Epoch [327/500], Loss: 0.3453264600851319, Accuracy: 91.16987897803675%
2024-02-07 21:42:31,851 - INFO - Epoch [328/500], Loss: 0.34434617229483344, Accuracy: 91.19976094427014%
2024-02-07 21:42:31,964 - INFO - Epoch [329/500], Loss: 0.34337077967145224, Accuracy: 91.21470192738683%
2024-02-07 21:42:32,078 - INFO - Epoch [330/500], Loss: 0.342400269752199, Accuracy: 91.22964291050351%
2024-02-07 21:42:32,192 - INFO - Epoch [331/500], Loss: 0.341434600407427, Accuracy: 91.2445838936202%
2024-02-07 21:42:32,202 - INFO - Test Accuracy: 64.2330383480826%, Balanced Test Accuracy: 46.82510582300178%
2024-02-07 21:42:32,313 - INFO - Epoch [332/500], Loss: 0.34047373980283735, Accuracy: 91.30434782608695%
2024-02-07 21:42:32,426 - INFO - Epoch [333/500], Loss: 0.3395176031372764, Accuracy: 91.33422979232033%
2024-02-07 21:42:32,537 - INFO - Epoch [334/500], Loss: 0.3385662259026007, Accuracy: 91.36411175855372%
2024-02-07 21:42:32,649 - INFO - Epoch [335/500], Loss: 0.33761954822323537, Accuracy: 91.3939937247871%
2024-02-07 21:42:32,760 - INFO - Epoch [336/500], Loss: 0.33667753338813783, Accuracy: 91.3939937247871%
2024-02-07 21:42:32,870 - INFO - Epoch [337/500], Loss: 0.3357401380484754, Accuracy: 91.42387569102047%
2024-02-07 21:42:32,981 - INFO - Epoch [338/500], Loss: 0.33480732183564793, Accuracy: 91.45375765725385%
2024-02-07 21:42:33,093 - INFO - Epoch [339/500], Loss: 0.3338790787891908, Accuracy: 91.48363962348722%
2024-02-07 21:42:33,205 - INFO - Epoch [340/500], Loss: 0.33295534862713383, Accuracy: 91.5135215897206%
2024-02-07 21:42:33,318 - INFO - Epoch [341/500], Loss: 0.3320361297238957, Accuracy: 91.54340355595399%
2024-02-07 21:42:33,329 - INFO - Test Accuracy: 64.15929203539822%, Balanced Test Accuracy: 45.96781269537204%
2024-02-07 21:42:33,440 - INFO - Epoch [342/500], Loss: 0.33112136545506393, Accuracy: 91.54340355595399%
2024-02-07 21:42:33,552 - INFO - Epoch [343/500], Loss: 0.33021104660901157, Accuracy: 91.57328552218736%
2024-02-07 21:42:33,663 - INFO - Epoch [344/500], Loss: 0.3293050989508629, Accuracy: 91.58822650530405%
2024-02-07 21:42:33,774 - INFO - Epoch [345/500], Loss: 0.3284035478125919, Accuracy: 91.61810847153743%
2024-02-07 21:42:33,884 - INFO - Epoch [346/500], Loss: 0.3275062982331623, Accuracy: 91.6479904377708%
2024-02-07 21:42:33,995 - INFO - Epoch [347/500], Loss: 0.3266134118491953, Accuracy: 91.67787240400418%
2024-02-07 21:42:34,107 - INFO - Epoch [348/500], Loss: 0.32572472962466154, Accuracy: 91.69281338712088%
2024-02-07 21:42:34,222 - INFO - Epoch [349/500], Loss: 0.3248403320258314, Accuracy: 91.70775437023757%
2024-02-07 21:42:34,333 - INFO - Epoch [350/500], Loss: 0.32396015640009534, Accuracy: 91.73763633647094%
2024-02-07 21:42:34,443 - INFO - Epoch [351/500], Loss: 0.3230841549282724, Accuracy: 91.75257731958763%
2024-02-07 21:42:34,453 - INFO - Test Accuracy: 64.15929203539822%, Balanced Test Accuracy: 45.96781269537204%
2024-02-07 21:42:34,572 - INFO - Epoch [352/500], Loss: 0.32221232205629347, Accuracy: 91.782459285821%
2024-02-07 21:42:34,687 - INFO - Epoch [353/500], Loss: 0.32134460068561815, Accuracy: 91.84222321828776%
2024-02-07 21:42:34,801 - INFO - Epoch [354/500], Loss: 0.32048097645694557, Accuracy: 91.85716420140446%
2024-02-07 21:42:34,913 - INFO - Epoch [355/500], Loss: 0.31962144794789227, Accuracy: 91.87210518452115%
2024-02-07 21:42:35,027 - INFO - Epoch [356/500], Loss: 0.31876594458114016, Accuracy: 91.85716420140446%
2024-02-07 21:42:35,141 - INFO - Epoch [357/500], Loss: 0.31791446059942247, Accuracy: 91.87210518452115%
2024-02-07 21:42:35,254 - INFO - Epoch [358/500], Loss: 0.3170669554986737, Accuracy: 91.88704616763783%
2024-02-07 21:42:35,367 - INFO - Epoch [359/500], Loss: 0.3162234241989526, Accuracy: 91.91692813387121%
2024-02-07 21:42:35,479 - INFO - Epoch [360/500], Loss: 0.31538382721218194, Accuracy: 91.9318691169879%
2024-02-07 21:42:35,592 - INFO - Epoch [361/500], Loss: 0.3145481423220851, Accuracy: 91.94681010010459%
2024-02-07 21:42:35,602 - INFO - Test Accuracy: 64.30678466076697%, Balanced Test Accuracy: 46.01054284805632%
2024-02-07 21:42:35,716 - INFO - Epoch [362/500], Loss: 0.3137163256379691, Accuracy: 91.94681010010459%
2024-02-07 21:42:35,831 - INFO - Epoch [363/500], Loss: 0.3128883715380322, Accuracy: 91.97669206633796%
2024-02-07 21:42:35,951 - INFO - Epoch [364/500], Loss: 0.3120642412115227, Accuracy: 91.99163304945465%
2024-02-07 21:42:36,071 - INFO - Epoch [365/500], Loss: 0.31124390851367606, Accuracy: 91.97669206633796%
2024-02-07 21:42:36,191 - INFO - Epoch [366/500], Loss: 0.31042736612937666, Accuracy: 91.97669206633796%
2024-02-07 21:42:36,336 - INFO - Epoch [367/500], Loss: 0.3096145612949675, Accuracy: 91.97669206633796%
2024-02-07 21:42:36,457 - INFO - Epoch [368/500], Loss: 0.30880549468777396, Accuracy: 92.02151501568804%
2024-02-07 21:42:36,579 - INFO - Epoch [369/500], Loss: 0.3080001316287301, Accuracy: 92.02151501568804%
2024-02-07 21:42:36,708 - INFO - Epoch [370/500], Loss: 0.3071984429251064, Accuracy: 92.0663379650381%
2024-02-07 21:42:36,828 - INFO - Epoch [371/500], Loss: 0.3064003927463835, Accuracy: 92.09621993127148%
2024-02-07 21:42:36,838 - INFO - Test Accuracy: 64.30678466076697%, Balanced Test Accuracy: 45.97459963621879%
2024-02-07 21:42:36,957 - INFO - Epoch [372/500], Loss: 0.30560597045855087, Accuracy: 92.09621993127148%
2024-02-07 21:42:37,085 - INFO - Epoch [373/500], Loss: 0.304815169965679, Accuracy: 92.14104288062154%
2024-02-07 21:42:37,205 - INFO - Epoch [374/500], Loss: 0.30402793877504086, Accuracy: 92.14104288062154%
2024-02-07 21:42:37,315 - INFO - Epoch [375/500], Loss: 0.3032442751255902, Accuracy: 92.15598386373823%
2024-02-07 21:42:37,437 - INFO - Epoch [376/500], Loss: 0.3024641258472746, Accuracy: 92.18586582997162%
2024-02-07 21:42:37,558 - INFO - Epoch [377/500], Loss: 0.3016875254159624, Accuracy: 92.18586582997162%
2024-02-07 21:42:37,675 - INFO - Epoch [378/500], Loss: 0.3009143837473609, Accuracy: 92.18586582997162%
2024-02-07 21:42:37,792 - INFO - Epoch [379/500], Loss: 0.30014472034844486, Accuracy: 92.24562976243837%
2024-02-07 21:42:37,919 - INFO - Epoch [380/500], Loss: 0.29937848313288257, Accuracy: 92.29045271178843%
2024-02-07 21:42:38,034 - INFO - Epoch [381/500], Loss: 0.2986157010902058, Accuracy: 92.32033467802181%
2024-02-07 21:42:38,045 - INFO - Test Accuracy: 64.45427728613569%, Balanced Test Accuracy: 46.016944479962355%
2024-02-07 21:42:38,162 - INFO - Epoch [382/500], Loss: 0.2978562864390287, Accuracy: 92.32033467802181%
2024-02-07 21:42:38,282 - INFO - Epoch [383/500], Loss: 0.2971002737906846, Accuracy: 92.32033467802181%
2024-02-07 21:42:38,403 - INFO - Epoch [384/500], Loss: 0.29634761146523736, Accuracy: 92.32033467802181%
2024-02-07 21:42:38,522 - INFO - Epoch [385/500], Loss: 0.2955982939763503, Accuracy: 92.3352756611385%
2024-02-07 21:42:38,646 - INFO - Epoch [386/500], Loss: 0.29485227384350515, Accuracy: 92.3502166442552%
2024-02-07 21:42:38,767 - INFO - Epoch [387/500], Loss: 0.2941095654937354, Accuracy: 92.36515762737189%
2024-02-07 21:42:38,883 - INFO - Epoch [388/500], Loss: 0.29337008581920104, Accuracy: 92.38009861048857%
2024-02-07 21:42:38,998 - INFO - Epoch [389/500], Loss: 0.29263391027396374, Accuracy: 92.38009861048857%
2024-02-07 21:42:39,124 - INFO - Epoch [390/500], Loss: 0.29190094376152215, Accuracy: 92.40998057672195%
2024-02-07 21:42:39,242 - INFO - Epoch [391/500], Loss: 0.29117118546908555, Accuracy: 92.42492155983864%
2024-02-07 21:42:39,252 - INFO - Test Accuracy: 64.30678466076697%, Balanced Test Accuracy: 45.62638035342348%
2024-02-07 21:42:39,369 - INFO - Epoch [392/500], Loss: 0.2904446382414211, Accuracy: 92.42492155983864%
2024-02-07 21:42:39,495 - INFO - Epoch [393/500], Loss: 0.2897212326526642, Accuracy: 92.42492155983864%
2024-02-07 21:42:39,612 - INFO - Epoch [394/500], Loss: 0.28900102614001794, Accuracy: 92.43986254295532%
2024-02-07 21:42:39,728 - INFO - Epoch [395/500], Loss: 0.28828392259099267, Accuracy: 92.4697445091887%
2024-02-07 21:42:39,851 - INFO - Epoch [396/500], Loss: 0.28756994368000466, Accuracy: 92.4697445091887%
2024-02-07 21:42:39,967 - INFO - Epoch [397/500], Loss: 0.2868590422651984, Accuracy: 92.49962647542208%
2024-02-07 21:42:40,083 - INFO - Epoch [398/500], Loss: 0.2861512411724437, Accuracy: 92.51456745853878%
2024-02-07 21:42:40,198 - INFO - Epoch [399/500], Loss: 0.28544648262587463, Accuracy: 92.51456745853878%
2024-02-07 21:42:40,321 - INFO - Epoch [400/500], Loss: 0.2847447582943873, Accuracy: 92.51456745853878%
2024-02-07 21:42:40,440 - INFO - Epoch [401/500], Loss: 0.28404605212536727, Accuracy: 92.51456745853878%
2024-02-07 21:42:40,450 - INFO - Test Accuracy: 64.38053097345133%, Balanced Test Accuracy: 45.661443467027965%
2024-02-07 21:42:40,568 - INFO - Epoch [402/500], Loss: 0.2833503475243395, Accuracy: 92.54444942477215%
2024-02-07 21:42:40,686 - INFO - Epoch [403/500], Loss: 0.28265765275467525, Accuracy: 92.55939040788884%
2024-02-07 21:42:40,804 - INFO - Epoch [404/500], Loss: 0.2819679013707421, Accuracy: 92.57433139100553%
2024-02-07 21:42:40,922 - INFO - Epoch [405/500], Loss: 0.2812811034646901, Accuracy: 92.57433139100553%
2024-02-07 21:42:41,039 - INFO - Epoch [406/500], Loss: 0.28059726411646063, Accuracy: 92.58927237412222%
2024-02-07 21:42:41,155 - INFO - Epoch [407/500], Loss: 0.2799163136969913, Accuracy: 92.6042133572389%
2024-02-07 21:42:41,275 - INFO - Epoch [408/500], Loss: 0.27923824414610865, Accuracy: 92.6042133572389%
2024-02-07 21:42:41,391 - INFO - Epoch [409/500], Loss: 0.2785630728710781, Accuracy: 92.6042133572389%
2024-02-07 21:42:41,516 - INFO - Epoch [410/500], Loss: 0.27789074981754475, Accuracy: 92.6042133572389%
2024-02-07 21:42:41,632 - INFO - Epoch [411/500], Loss: 0.2772213007238778, Accuracy: 92.61915434035559%
2024-02-07 21:42:41,642 - INFO - Test Accuracy: 64.52802359882006%, Balanced Test Accuracy: 47.3094098064389%
2024-02-07 21:42:41,757 - INFO - Epoch [412/500], Loss: 0.2765546808188612, Accuracy: 92.61915434035559%
2024-02-07 21:42:41,881 - INFO - Epoch [413/500], Loss: 0.27589084336703473, Accuracy: 92.63409532347228%
2024-02-07 21:42:41,996 - INFO - Epoch [414/500], Loss: 0.275229811668396, Accuracy: 92.64903630658897%
2024-02-07 21:42:42,112 - INFO - Epoch [415/500], Loss: 0.2745715607973662, Accuracy: 92.64903630658897%
2024-02-07 21:42:42,228 - INFO - Epoch [416/500], Loss: 0.27391607307574967, Accuracy: 92.64903630658897%
2024-02-07 21:42:42,345 - INFO - Epoch [417/500], Loss: 0.27326333333145486, Accuracy: 92.66397728970566%
2024-02-07 21:42:42,462 - INFO - Epoch [418/500], Loss: 0.2726133276115764, Accuracy: 92.66397728970566%
2024-02-07 21:42:42,579 - INFO - Epoch [419/500], Loss: 0.27196602963588457, Accuracy: 92.67891827282236%
2024-02-07 21:42:42,696 - INFO - Epoch [420/500], Loss: 0.271321419829672, Accuracy: 92.70880023905573%
2024-02-07 21:42:42,812 - INFO - Epoch [421/500], Loss: 0.27067950787869366, Accuracy: 92.73868220528911%
2024-02-07 21:42:42,822 - INFO - Test Accuracy: 64.6755162241888%, Balanced Test Accuracy: 47.40898904907565%
2024-02-07 21:42:42,940 - INFO - Epoch [422/500], Loss: 0.27004027292132377, Accuracy: 92.76856417152248%
2024-02-07 21:42:43,056 - INFO - Epoch [423/500], Loss: 0.26940366381948644, Accuracy: 92.76856417152248%
2024-02-07 21:42:43,174 - INFO - Epoch [424/500], Loss: 0.2687697294760834, Accuracy: 92.78350515463917%
2024-02-07 21:42:43,308 - INFO - Epoch [425/500], Loss: 0.26813840019431984, Accuracy: 92.78350515463917%
2024-02-07 21:42:43,418 - INFO - Epoch [426/500], Loss: 0.2675096655433828, Accuracy: 92.81338712087255%
2024-02-07 21:42:43,539 - INFO - Epoch [427/500], Loss: 0.2668835483491421, Accuracy: 92.82832810398924%
2024-02-07 21:42:43,656 - INFO - Epoch [428/500], Loss: 0.26625998081131413, Accuracy: 92.82832810398924%
2024-02-07 21:42:43,783 - INFO - Epoch [429/500], Loss: 0.2656389676034451, Accuracy: 92.82832810398924%
2024-02-07 21:42:43,899 - INFO - Epoch [430/500], Loss: 0.2650205395438454, Accuracy: 92.85821007022263%
2024-02-07 21:42:44,016 - INFO - Epoch [431/500], Loss: 0.2644046147438613, Accuracy: 92.87315105333931%
2024-02-07 21:42:44,026 - INFO - Test Accuracy: 64.74926253687316%, Balanced Test Accuracy: 47.74685774913422%
2024-02-07 21:42:44,154 - INFO - Epoch [432/500], Loss: 0.2637912289662795, Accuracy: 92.87315105333931%
2024-02-07 21:42:44,270 - INFO - Epoch [433/500], Loss: 0.26318031373349104, Accuracy: 92.888092036456%
2024-02-07 21:42:44,389 - INFO - Epoch [434/500], Loss: 0.2625719292597337, Accuracy: 92.91797400268938%
2024-02-07 21:42:44,505 - INFO - Epoch [435/500], Loss: 0.26196600212292237, Accuracy: 92.93291498580606%
2024-02-07 21:42:44,632 - INFO - Epoch [436/500], Loss: 0.26136252236637203, Accuracy: 92.96279695203944%
2024-02-07 21:42:44,749 - INFO - Epoch [437/500], Loss: 0.2607614994049072, Accuracy: 92.99267891827282%
2024-02-07 21:42:44,867 - INFO - Epoch [438/500], Loss: 0.26016292145306413, Accuracy: 93.0225608845062%
2024-02-07 21:42:44,993 - INFO - Epoch [439/500], Loss: 0.2595667334442789, Accuracy: 93.0225608845062%
2024-02-07 21:42:45,111 - INFO - Epoch [440/500], Loss: 0.25897296667099, Accuracy: 93.06738383385627%
2024-02-07 21:42:45,229 - INFO - Epoch [441/500], Loss: 0.2583815787326206, Accuracy: 93.08232481697296%
2024-02-07 21:42:45,239 - INFO - Test Accuracy: 64.74926253687316%, Balanced Test Accuracy: 47.74685774913422%
2024-02-07 21:42:45,355 - INFO - Epoch [442/500], Loss: 0.2577925791117278, Accuracy: 93.12714776632302%
2024-02-07 21:42:45,483 - INFO - Epoch [443/500], Loss: 0.2572059367868033, Accuracy: 93.12714776632302%
2024-02-07 21:42:45,601 - INFO - Epoch [444/500], Loss: 0.25662166184999724, Accuracy: 93.1570297325564%
2024-02-07 21:42:45,718 - INFO - Epoch [445/500], Loss: 0.2560396962545135, Accuracy: 93.1719707156731%
2024-02-07 21:42:45,841 - INFO - Epoch [446/500], Loss: 0.25546006892215123, Accuracy: 93.1719707156731%
2024-02-07 21:42:45,964 - INFO - Epoch [447/500], Loss: 0.2548827591267499, Accuracy: 93.20185268190647%
2024-02-07 21:42:46,081 - INFO - Epoch [448/500], Loss: 0.25430772988633676, Accuracy: 93.24667563125654%
2024-02-07 21:42:46,214 - INFO - Epoch [449/500], Loss: 0.25373499793085186, Accuracy: 93.24667563125654%
2024-02-07 21:42:46,336 - INFO - Epoch [450/500], Loss: 0.25316451395099815, Accuracy: 93.26161661437322%
2024-02-07 21:42:46,457 - INFO - Epoch [451/500], Loss: 0.2525963278656656, Accuracy: 93.27655759748991%
2024-02-07 21:42:46,467 - INFO - Test Accuracy: 64.89675516224189%, Balanced Test Accuracy: 47.875890007198734%
2024-02-07 21:42:46,589 - INFO - Epoch [452/500], Loss: 0.2520303260196339, Accuracy: 93.27655759748991%
2024-02-07 21:42:46,709 - INFO - Epoch [453/500], Loss: 0.2514665870503946, Accuracy: 93.2914985806066%
2024-02-07 21:42:46,828 - INFO - Epoch [454/500], Loss: 0.25090508305213666, Accuracy: 93.30643956372329%
2024-02-07 21:42:46,947 - INFO - Epoch [455/500], Loss: 0.2503457540815527, Accuracy: 93.35126251307337%
2024-02-07 21:42:47,067 - INFO - Epoch [456/500], Loss: 0.2497886551374739, Accuracy: 93.36620349619005%
2024-02-07 21:42:47,187 - INFO - Epoch [457/500], Loss: 0.24923370731147854, Accuracy: 93.36620349619005%
2024-02-07 21:42:47,306 - INFO - Epoch [458/500], Loss: 0.24868093817071482, Accuracy: 93.36620349619005%
2024-02-07 21:42:47,424 - INFO - Epoch [459/500], Loss: 0.2481303131715818, Accuracy: 93.39608546242343%
2024-02-07 21:42:47,542 - INFO - Epoch [460/500], Loss: 0.24758186733180826, Accuracy: 93.39608546242343%
2024-02-07 21:42:47,660 - INFO - Epoch [461/500], Loss: 0.24703552810983223, Accuracy: 93.39608546242343%
2024-02-07 21:42:47,670 - INFO - Test Accuracy: 65.04424778761062%, Balanced Test Accuracy: 47.930935651727296%
2024-02-07 21:42:47,789 - INFO - Epoch [462/500], Loss: 0.24649133309721946, Accuracy: 93.39608546242343%
2024-02-07 21:42:47,908 - INFO - Epoch [463/500], Loss: 0.24594922201199965, Accuracy: 93.41102644554012%
2024-02-07 21:42:48,025 - INFO - Epoch [464/500], Loss: 0.24540921632539142, Accuracy: 93.44090841177349%
2024-02-07 21:42:48,144 - INFO - Epoch [465/500], Loss: 0.24487127153710886, Accuracy: 93.44090841177349%
2024-02-07 21:42:48,264 - INFO - Epoch [466/500], Loss: 0.24433543634685603, Accuracy: 93.45584939489018%
2024-02-07 21:42:48,399 - INFO - Epoch [467/500], Loss: 0.24380164302208207, Accuracy: 93.50067234424026%
2024-02-07 21:42:48,522 - INFO - Epoch [468/500], Loss: 0.24326989962296053, Accuracy: 93.50067234424026%
2024-02-07 21:42:48,650 - INFO - Epoch [469/500], Loss: 0.24274020167914304, Accuracy: 93.51561332735695%
2024-02-07 21:42:48,778 - INFO - Epoch [470/500], Loss: 0.24221252236853946, Accuracy: 93.53055431047363%
2024-02-07 21:42:48,902 - INFO - Epoch [471/500], Loss: 0.2416868724606254, Accuracy: 93.53055431047363%
2024-02-07 21:42:48,913 - INFO - Test Accuracy: 65.04424778761062%, Balanced Test Accuracy: 47.930935651727296%
2024-02-07 21:42:49,033 - INFO - Epoch [472/500], Loss: 0.24116321260278875, Accuracy: 93.54549529359032%
2024-02-07 21:42:49,161 - INFO - Epoch [473/500], Loss: 0.24064154733311047, Accuracy: 93.56043627670701%
2024-02-07 21:42:49,275 - INFO - Epoch [474/500], Loss: 0.24012188051234593, Accuracy: 93.59031824294038%
2024-02-07 21:42:49,391 - INFO - Epoch [475/500], Loss: 0.23960417847741733, Accuracy: 93.62020020917376%
2024-02-07 21:42:49,516 - INFO - Epoch [476/500], Loss: 0.2390884350646626, Accuracy: 93.62020020917376%
2024-02-07 21:42:49,631 - INFO - Epoch [477/500], Loss: 0.2385746298188513, Accuracy: 93.62020020917376%
2024-02-07 21:42:49,748 - INFO - Epoch [478/500], Loss: 0.23806277980858628, Accuracy: 93.65008217540714%
2024-02-07 21:42:49,867 - INFO - Epoch [479/500], Loss: 0.23755285103212703, Accuracy: 93.65008217540714%
2024-02-07 21:42:49,988 - INFO - Epoch [480/500], Loss: 0.2370448647574945, Accuracy: 93.67996414164053%
2024-02-07 21:42:50,099 - INFO - Epoch [481/500], Loss: 0.23653874180533668, Accuracy: 93.7098461078739%
2024-02-07 21:42:50,109 - INFO - Test Accuracy: 65.11799410029498%, Balanced Test Accuracy: 47.99545178075956%
2024-02-07 21:42:50,226 - INFO - Epoch [482/500], Loss: 0.23603453412652015, Accuracy: 93.7098461078739%
2024-02-07 21:42:50,340 - INFO - Epoch [483/500], Loss: 0.23553223548965022, Accuracy: 93.73972807410728%
2024-02-07 21:42:50,452 - INFO - Epoch [484/500], Loss: 0.23503176657990976, Accuracy: 93.75466905722396%
2024-02-07 21:42:50,553 - INFO - Epoch [485/500], Loss: 0.2345331912690943, Accuracy: 93.75466905722396%
2024-02-07 21:42:50,678 - INFO - Epoch [486/500], Loss: 0.2340364593673836, Accuracy: 93.75466905722396%
2024-02-07 21:42:50,791 - INFO - Epoch [487/500], Loss: 0.23354161815209823, Accuracy: 93.78455102345734%
2024-02-07 21:42:50,905 - INFO - Epoch [488/500], Loss: 0.23304856365377252, Accuracy: 93.78455102345734%
2024-02-07 21:42:51,026 - INFO - Epoch [489/500], Loss: 0.23255734904245898, Accuracy: 93.78455102345734%
2024-02-07 21:42:51,141 - INFO - Epoch [490/500], Loss: 0.2320679447190328, Accuracy: 93.78455102345734%
2024-02-07 21:42:51,259 - INFO - Epoch [491/500], Loss: 0.23158033178611234, Accuracy: 93.79949200657403%
2024-02-07 21:42:51,268 - INFO - Test Accuracy: 65.04424778761062%, Balanced Test Accuracy: 47.95658664278831%
2024-02-07 21:42:51,379 - INFO - Epoch [492/500], Loss: 0.23109454255212436, Accuracy: 93.79949200657403%
2024-02-07 21:42:51,529 - INFO - Epoch [493/500], Loss: 0.2306105300784111, Accuracy: 93.79949200657403%
2024-02-07 21:42:51,730 - INFO - Epoch [494/500], Loss: 0.23012829971584406, Accuracy: 93.79949200657403%
2024-02-07 21:42:51,915 - INFO - Epoch [495/500], Loss: 0.229647818478671, Accuracy: 93.81443298969072%
2024-02-07 21:42:52,136 - INFO - Epoch [496/500], Loss: 0.22916911447590047, Accuracy: 93.82937397280742%
2024-02-07 21:42:52,310 - INFO - Epoch [497/500], Loss: 0.22869217524474317, Accuracy: 93.8443149559241%
2024-02-07 21:42:52,480 - INFO - Epoch [498/500], Loss: 0.22821693975817073, Accuracy: 93.87419692215748%
2024-02-07 21:42:52,635 - INFO - Epoch [499/500], Loss: 0.22774343930862168, Accuracy: 93.88913790527417%
2024-02-07 21:42:52,775 - INFO - Epoch [500/500], Loss: 0.22727167057720096, Accuracy: 93.88913790527417%
2024-02-07 21:42:52,814 - INFO - Test Accuracy: 42.939866369710465%, Balanced Test Accuracy: 33.07859438985017%
2024-02-07 21:42:52,859 - INFO - Final unblanced test accuracy: 42.939866369710465% and final balanced test accuracy 33.07859438985017
