2024-02-07 17:33:51,052 - INFO - Configuration:
{
    "task": "5",
    "topic": "classifier",
    "train_classifier": true,
    "number_gpus": "1",
    "modalities": [
        "ir"
    ],
    "encoder_model": "MAE",
    "mask_ratio": 0.8,
    "dataset": "DAA",
    "split": "2",
    "num_classes": 34,
    "epochs": 500,
    "res_cktp": false,
    "cktp_dir": "/home/bas06400/Thesis/VIP/src/align_checkpoints/mae_checkpoints/",
    "trained_encoder": "checkpoint_ir_2_20240205_000315.pth",
    "learning_rate": 0.001,
    "temperature": 0.1,
    "num_workers": 10,
    "batch_size": 64,
    "data_root": "/net/polaris/storage/deeplearning/ntu",
    "random_sample": false,
    "pin_memory": true,
    "scheduler_config": {
        "type": "plateau",
        "params": {
            "mode": "min",
            "factor": 0.1,
            "patience": 5
        }
    }
}
2024-02-07 17:33:51,097 - INFO - Training MAE for ir...
2024-02-07 17:33:51,141 - INFO - Evaluing on the following GPUs [1]
2024-02-07 17:33:57,090 - INFO - Checkpoint checkpoint_ir_2_20240205_000315.pth loaded succesfully
2024-02-07 17:33:57,179 - INFO - Starting feature extraction...
2024-02-07 17:40:38,331 - INFO - Applying balanced loss
2024-02-07 17:40:38,553 - INFO - Epoch [1/500], Loss: 6.215805318138816, Accuracy: 19.13939937247871%
2024-02-07 17:40:38,581 - INFO - Test Accuracy: 37.46312684365782%, Balanced Test Accuracy: 24.188298921130077%
2024-02-07 17:40:38,710 - INFO - Epoch [2/500], Loss: 5.002878765626387, Accuracy: 41.102644554011654%
2024-02-07 17:40:38,811 - INFO - Epoch [3/500], Loss: 4.4854577042839745, Accuracy: 48.528313163006125%
2024-02-07 17:40:38,929 - INFO - Epoch [4/500], Loss: 4.147875768488103, Accuracy: 52.35320484087853%
2024-02-07 17:40:39,052 - INFO - Epoch [5/500], Loss: 3.8966590317812835, Accuracy: 55.072463768115945%
2024-02-07 17:40:39,154 - INFO - Epoch [6/500], Loss: 3.6964735161174427, Accuracy: 56.67114896160167%
2024-02-07 17:40:39,256 - INFO - Epoch [7/500], Loss: 3.5301390062678943, Accuracy: 57.95607350963694%
2024-02-07 17:40:39,363 - INFO - Epoch [8/500], Loss: 3.3879570094021885, Accuracy: 59.30076199013895%
2024-02-07 17:40:39,487 - INFO - Epoch [9/500], Loss: 3.2638888597488402, Accuracy: 60.45121769012401%
2024-02-07 17:40:39,591 - INFO - Epoch [10/500], Loss: 3.1539173819802024, Accuracy: 61.302853727775286%
2024-02-07 17:40:39,708 - INFO - Epoch [11/500], Loss: 3.0552384875037455, Accuracy: 62.31884057971015%
2024-02-07 17:40:39,723 - INFO - Test Accuracy: 45.28023598820059%, Balanced Test Accuracy: 38.553865296454084%
2024-02-07 17:40:39,833 - INFO - Epoch [12/500], Loss: 2.9658195040442727, Accuracy: 63.24518153294487%
2024-02-07 17:40:39,940 - INFO - Epoch [13/500], Loss: 2.8841392690485175, Accuracy: 63.977289705662635%
2024-02-07 17:40:40,044 - INFO - Epoch [14/500], Loss: 2.8090286710045556, Accuracy: 64.5749290303302%
2024-02-07 17:40:40,146 - INFO - Epoch [15/500], Loss: 2.7395677490667865, Accuracy: 65.3966831017481%
2024-02-07 17:40:40,249 - INFO - Epoch [16/500], Loss: 2.675017593123696, Accuracy: 65.82997161213208%
2024-02-07 17:40:40,352 - INFO - Epoch [17/500], Loss: 2.6147736354307693, Accuracy: 66.24831913939937%
2024-02-07 17:40:40,459 - INFO - Epoch [18/500], Loss: 2.5583342411301353, Accuracy: 66.96548632900044%
2024-02-07 17:40:40,563 - INFO - Epoch [19/500], Loss: 2.50527733781121, Accuracy: 67.54818467055132%
2024-02-07 17:40:40,667 - INFO - Epoch [20/500], Loss: 2.4552454590797423, Accuracy: 67.93665023158523%
2024-02-07 17:40:40,777 - INFO - Epoch [21/500], Loss: 2.407933275266127, Accuracy: 68.38487972508591%
2024-02-07 17:40:40,789 - INFO - Test Accuracy: 45.206489675516224%, Balanced Test Accuracy: 39.49315809985674%
2024-02-07 17:40:40,916 - INFO - Epoch [22/500], Loss: 2.3630786884914743, Accuracy: 68.8181682354699%
2024-02-07 17:40:41,040 - INFO - Epoch [23/500], Loss: 2.320455446026542, Accuracy: 69.17675183027043%
2024-02-07 17:40:41,161 - INFO - Epoch [24/500], Loss: 2.279867567799308, Accuracy: 69.41580756013745%
2024-02-07 17:40:41,268 - INFO - Epoch [25/500], Loss: 2.2411438313397496, Accuracy: 69.81921410428806%
2024-02-07 17:40:41,375 - INFO - Epoch [26/500], Loss: 2.2041343808174134, Accuracy: 70.20767966532198%
2024-02-07 17:40:41,482 - INFO - Epoch [27/500], Loss: 2.16870721578598, Accuracy: 70.56626326012251%
2024-02-07 17:40:41,589 - INFO - Epoch [28/500], Loss: 2.134745286811482, Accuracy: 70.96966980427312%
2024-02-07 17:40:41,702 - INFO - Epoch [29/500], Loss: 2.1021445393562317, Accuracy: 71.34319438219035%
2024-02-07 17:40:41,822 - INFO - Epoch [30/500], Loss: 2.0708116607232525, Accuracy: 71.65695502764082%
2024-02-07 17:40:41,929 - INFO - Epoch [31/500], Loss: 2.0406630104238337, Accuracy: 72.04542058867473%
2024-02-07 17:40:41,941 - INFO - Test Accuracy: 46.607669616519175%, Balanced Test Accuracy: 41.12425788183765%
2024-02-07 17:40:42,049 - INFO - Epoch [32/500], Loss: 2.0116231073032727, Accuracy: 72.31435828477514%
2024-02-07 17:40:42,156 - INFO - Epoch [33/500], Loss: 1.983623370257291, Accuracy: 72.61317794710892%
2024-02-07 17:40:42,265 - INFO - Epoch [34/500], Loss: 1.9566014593297785, Accuracy: 72.9269385925594%
2024-02-07 17:40:42,374 - INFO - Epoch [35/500], Loss: 1.930500452084975, Accuracy: 73.25564022112655%
2024-02-07 17:40:42,479 - INFO - Epoch [36/500], Loss: 1.905268132686615, Accuracy: 73.49469595099357%
2024-02-07 17:40:42,580 - INFO - Epoch [37/500], Loss: 1.8808565790002996, Accuracy: 73.7337516808606%
2024-02-07 17:40:42,684 - INFO - Epoch [38/500], Loss: 1.8572214343331077, Accuracy: 74.01763036007769%
2024-02-07 17:40:42,790 - INFO - Epoch [39/500], Loss: 1.8343217275359414, Accuracy: 74.31645002241147%
2024-02-07 17:40:42,893 - INFO - Epoch [40/500], Loss: 1.8121194937012413, Accuracy: 74.58538771851188%
2024-02-07 17:40:42,992 - INFO - Epoch [41/500], Loss: 1.790579412200234, Accuracy: 74.88420738084567%
2024-02-07 17:40:43,003 - INFO - Test Accuracy: 48.30383480825959%, Balanced Test Accuracy: 42.30588212469236%
2024-02-07 17:40:43,101 - INFO - Epoch [42/500], Loss: 1.7696686083620246, Accuracy: 74.98879426266248%
2024-02-07 17:40:43,199 - INFO - Epoch [43/500], Loss: 1.7493563771247864, Accuracy: 75.19796802629612%
2024-02-07 17:40:43,297 - INFO - Epoch [44/500], Loss: 1.7296142502264542, Accuracy: 75.3772598236964%
2024-02-07 17:40:43,391 - INFO - Epoch [45/500], Loss: 1.7104151996699246, Accuracy: 75.58643358733005%
2024-02-07 17:40:43,507 - INFO - Epoch [46/500], Loss: 1.6917342456904325, Accuracy: 75.81054833408038%
2024-02-07 17:40:43,640 - INFO - Epoch [47/500], Loss: 1.6735479213974693, Accuracy: 76.0645450470641%
2024-02-07 17:40:43,768 - INFO - Epoch [48/500], Loss: 1.65583410913294, Accuracy: 76.27371881069774%
2024-02-07 17:40:43,895 - INFO - Epoch [49/500], Loss: 1.6385719846595417, Accuracy: 76.37830569251457%
2024-02-07 17:40:43,999 - INFO - Epoch [50/500], Loss: 1.6217420594258742, Accuracy: 76.45301060809801%
2024-02-07 17:40:44,103 - INFO - Epoch [51/500], Loss: 1.6053260358897123, Accuracy: 76.58747945614822%
2024-02-07 17:40:44,114 - INFO - Test Accuracy: 48.96755162241888%, Balanced Test Accuracy: 44.00904004681639%
2024-02-07 17:40:44,233 - INFO - Epoch [52/500], Loss: 1.589306524666873, Accuracy: 76.64724338861497%
2024-02-07 17:40:44,335 - INFO - Epoch [53/500], Loss: 1.573667315461419, Accuracy: 76.67712535484834%
2024-02-07 17:40:44,464 - INFO - Epoch [54/500], Loss: 1.5583929533308203, Accuracy: 76.84147616913192%
2024-02-07 17:40:44,568 - INFO - Epoch [55/500], Loss: 1.5434687674045562, Accuracy: 77.0058269834155%
2024-02-07 17:40:44,674 - INFO - Epoch [56/500], Loss: 1.5288811727003617, Accuracy: 77.06559091588227%
2024-02-07 17:40:44,782 - INFO - Epoch [57/500], Loss: 1.5146170925010334, Accuracy: 77.21500074704916%
2024-02-07 17:40:44,914 - INFO - Epoch [58/500], Loss: 1.5006641214544123, Accuracy: 77.36441057821605%
2024-02-07 17:40:45,062 - INFO - Epoch [59/500], Loss: 1.4870107569477775, Accuracy: 77.45405647691618%
2024-02-07 17:40:45,188 - INFO - Epoch [60/500], Loss: 1.4736458052288401, Accuracy: 77.58852532496638%
2024-02-07 17:40:45,307 - INFO - Epoch [61/500], Loss: 1.460558902133595, Accuracy: 77.64828925743313%
2024-02-07 17:40:45,318 - INFO - Test Accuracy: 49.26253687315634%, Balanced Test Accuracy: 44.215212797932566%
2024-02-07 17:40:45,451 - INFO - Epoch [62/500], Loss: 1.4477400763468309, Accuracy: 77.75287613924996%
2024-02-07 17:40:45,576 - INFO - Epoch [63/500], Loss: 1.4351798447695645, Accuracy: 77.85746302106679%
2024-02-07 17:40:45,708 - INFO - Epoch [64/500], Loss: 1.4228692401539196, Accuracy: 78.02181383535037%
2024-02-07 17:40:45,814 - INFO - Epoch [65/500], Loss: 1.4107999015938153, Accuracy: 78.14134170028387%
2024-02-07 17:40:45,935 - INFO - Epoch [66/500], Loss: 1.3989636220715262, Accuracy: 78.32063349768414%
2024-02-07 17:40:46,045 - INFO - Epoch [67/500], Loss: 1.3873527353460138, Accuracy: 78.48498431196772%
2024-02-07 17:40:46,166 - INFO - Epoch [68/500], Loss: 1.3759600547226993, Accuracy: 78.51486627820111%
2024-02-07 17:40:46,274 - INFO - Epoch [69/500], Loss: 1.3647784726186232, Accuracy: 78.67921709248469%
2024-02-07 17:40:46,384 - INFO - Epoch [70/500], Loss: 1.3538014319810001, Accuracy: 78.73898102495144%
2024-02-07 17:40:46,490 - INFO - Epoch [71/500], Loss: 1.3430226997895673, Accuracy: 78.87344987300165%
2024-02-07 17:40:46,502 - INFO - Test Accuracy: 49.18879056047198%, Balanced Test Accuracy: 43.87389415690587%
2024-02-07 17:40:46,609 - INFO - Epoch [72/500], Loss: 1.3324360939589415, Accuracy: 79.05274167040191%
2024-02-07 17:40:46,715 - INFO - Epoch [73/500], Loss: 1.322036026282744, Accuracy: 79.23203346780218%
2024-02-07 17:40:46,819 - INFO - Epoch [74/500], Loss: 1.311816983873194, Accuracy: 79.29179740026893%
2024-02-07 17:40:46,921 - INFO - Epoch [75/500], Loss: 1.3017737578261983, Accuracy: 79.30673838338562%
2024-02-07 17:40:47,027 - INFO - Epoch [76/500], Loss: 1.291901299086484, Accuracy: 79.38144329896907%
2024-02-07 17:40:47,136 - INFO - Epoch [77/500], Loss: 1.2821948923847892, Accuracy: 79.53085313013597%
2024-02-07 17:40:47,239 - INFO - Epoch [78/500], Loss: 1.2726498939774253, Accuracy: 79.57567607948603%
2024-02-07 17:40:47,343 - INFO - Epoch [79/500], Loss: 1.2632620025764811, Accuracy: 79.66532197818617%
2024-02-07 17:40:47,450 - INFO - Epoch [80/500], Loss: 1.2540269076824189, Accuracy: 79.76990886000299%
2024-02-07 17:40:47,558 - INFO - Epoch [81/500], Loss: 1.2449406190352006, Accuracy: 79.87449574181981%
2024-02-07 17:40:47,569 - INFO - Test Accuracy: 49.336283185840706%, Balanced Test Accuracy: 44.90463590528284%
2024-02-07 17:40:47,674 - INFO - Epoch [82/500], Loss: 1.2359993799166247, Accuracy: 79.90437770805319%
2024-02-07 17:40:47,778 - INFO - Epoch [83/500], Loss: 1.22719928893176, Accuracy: 79.91931869116988%
2024-02-07 17:40:47,884 - INFO - Epoch [84/500], Loss: 1.2185368250716817, Accuracy: 80.0239055729867%
2024-02-07 17:40:47,989 - INFO - Epoch [85/500], Loss: 1.2100086190483788, Accuracy: 80.14343343792021%
2024-02-07 17:40:48,094 - INFO - Epoch [86/500], Loss: 1.201611293445934, Accuracy: 80.30778425220379%
2024-02-07 17:40:48,200 - INFO - Epoch [87/500], Loss: 1.1933416951786389, Accuracy: 80.4273121171373%
2024-02-07 17:40:48,311 - INFO - Epoch [88/500], Loss: 1.1851966733282262, Accuracy: 80.47213506648737%
2024-02-07 17:40:48,417 - INFO - Epoch [89/500], Loss: 1.177173265543851, Accuracy: 80.66636784700434%
2024-02-07 17:40:48,520 - INFO - Epoch [90/500], Loss: 1.1692686248909343, Accuracy: 80.8456596444046%
2024-02-07 17:40:48,624 - INFO - Epoch [91/500], Loss: 1.1614799965511668, Accuracy: 80.90542357687136%
2024-02-07 17:40:48,635 - INFO - Test Accuracy: 49.18879056047198%, Balanced Test Accuracy: 45.069806255481545%
2024-02-07 17:40:48,738 - INFO - Epoch [92/500], Loss: 1.1538045834411275, Accuracy: 80.95024652622142%
2024-02-07 17:40:48,841 - INFO - Epoch [93/500], Loss: 1.1462399125099183, Accuracy: 81.06977439115494%
2024-02-07 17:40:48,939 - INFO - Epoch [94/500], Loss: 1.1387833942066539, Accuracy: 81.17436127297177%
2024-02-07 17:40:49,038 - INFO - Epoch [95/500], Loss: 1.131432571736249, Accuracy: 81.27894815478858%
2024-02-07 17:40:49,140 - INFO - Epoch [96/500], Loss: 1.1241850901733745, Accuracy: 81.33871208725535%
2024-02-07 17:40:49,238 - INFO - Epoch [97/500], Loss: 1.1170386585322294, Accuracy: 81.44329896907216%
2024-02-07 17:40:49,336 - INFO - Epoch [98/500], Loss: 1.1099910123781724, Accuracy: 81.51800388465561%
2024-02-07 17:40:49,455 - INFO - Epoch [99/500], Loss: 1.1030399457974867, Accuracy: 81.57776781712236%
2024-02-07 17:40:49,599 - INFO - Epoch [100/500], Loss: 1.096183451197364, Accuracy: 81.6674137158225%
2024-02-07 17:40:49,741 - INFO - Epoch [101/500], Loss: 1.089419375224547, Accuracy: 81.74211863140594%
2024-02-07 17:40:49,752 - INFO - Test Accuracy: 48.67256637168141%, Balanced Test Accuracy: 44.11589618353835%
2024-02-07 17:40:49,899 - INFO - Epoch [102/500], Loss: 1.0827456550164656, Accuracy: 81.8168235469894%
2024-02-07 17:40:50,036 - INFO - Epoch [103/500], Loss: 1.0761604758826169, Accuracy: 81.87658747945615%
2024-02-07 17:40:50,166 - INFO - Epoch [104/500], Loss: 1.0696617798371748, Accuracy: 81.9363514119229%
2024-02-07 17:40:50,280 - INFO - Epoch [105/500], Loss: 1.0632478258826517, Accuracy: 81.99611534438966%
2024-02-07 17:40:50,382 - INFO - Epoch [106/500], Loss: 1.0569166671146046, Accuracy: 81.98117436127298%
2024-02-07 17:40:50,486 - INFO - Epoch [107/500], Loss: 1.050666571747173, Accuracy: 82.04093829373973%
2024-02-07 17:40:50,587 - INFO - Epoch [108/500], Loss: 1.0444957955317065, Accuracy: 82.08576124308979%
2024-02-07 17:40:50,690 - INFO - Epoch [109/500], Loss: 1.0384026717055928, Accuracy: 82.20528910802331%
2024-02-07 17:40:50,790 - INFO - Epoch [110/500], Loss: 1.0323854825713419, Accuracy: 82.29493500672345%
2024-02-07 17:40:50,890 - INFO - Epoch [111/500], Loss: 1.026442594419826, Accuracy: 82.33975795607351%
2024-02-07 17:40:50,902 - INFO - Test Accuracy: 48.37758112094395%, Balanced Test Accuracy: 42.93129980749736%
2024-02-07 17:40:51,019 - INFO - Epoch [112/500], Loss: 1.020572339404713, Accuracy: 82.36963992230689%
2024-02-07 17:40:51,122 - INFO - Epoch [113/500], Loss: 1.0147732637145304, Accuracy: 82.44434483789033%
2024-02-07 17:40:51,226 - INFO - Epoch [114/500], Loss: 1.0090437542308461, Accuracy: 82.51904975347378%
2024-02-07 17:40:51,329 - INFO - Epoch [115/500], Loss: 1.003382271528244, Accuracy: 82.57881368594053%
2024-02-07 17:40:51,432 - INFO - Epoch [116/500], Loss: 0.9977873753417622, Accuracy: 82.6385776184073%
2024-02-07 17:40:51,553 - INFO - Epoch [117/500], Loss: 0.9922576308250427, Accuracy: 82.68340056775736%
2024-02-07 17:40:51,705 - INFO - Epoch [118/500], Loss: 0.9867915857921947, Accuracy: 82.7581054833408%
2024-02-07 17:40:51,864 - INFO - Epoch [119/500], Loss: 0.9813877864317461, Accuracy: 82.78798744957419%
2024-02-07 17:40:52,001 - INFO - Epoch [120/500], Loss: 0.9760450601577759, Accuracy: 82.81786941580756%
2024-02-07 17:40:52,109 - INFO - Epoch [121/500], Loss: 0.9707618908448653, Accuracy: 82.892574331391%
2024-02-07 17:40:52,122 - INFO - Test Accuracy: 48.230088495575224%, Balanced Test Accuracy: 43.32455958806767%
2024-02-07 17:40:52,233 - INFO - Epoch [122/500], Loss: 0.9655370311303573, Accuracy: 82.93739728074107%
2024-02-07 17:40:52,345 - INFO - Epoch [123/500], Loss: 0.9603691686283459, Accuracy: 82.98222023009114%
2024-02-07 17:40:52,456 - INFO - Epoch [124/500], Loss: 0.9552570895715193, Accuracy: 83.02704317944121%
2024-02-07 17:40:52,577 - INFO - Epoch [125/500], Loss: 0.9501996853134849, Accuracy: 83.02704317944121%
2024-02-07 17:40:52,713 - INFO - Epoch [126/500], Loss: 0.9451955887404355, Accuracy: 83.0419841625579%
2024-02-07 17:40:52,860 - INFO - Epoch [127/500], Loss: 0.9402438445524736, Accuracy: 83.07186612879127%
2024-02-07 17:40:53,000 - INFO - Epoch [128/500], Loss: 0.9353432061997327, Accuracy: 83.14657104437472%
2024-02-07 17:40:53,128 - INFO - Epoch [129/500], Loss: 0.9304926931858063, Accuracy: 83.26609890930823%
2024-02-07 17:40:53,253 - INFO - Epoch [130/500], Loss: 0.9256912632422014, Accuracy: 83.3109218586583%
2024-02-07 17:40:53,380 - INFO - Epoch [131/500], Loss: 0.9209378974004225, Accuracy: 83.32586284177499%
2024-02-07 17:40:53,393 - INFO - Test Accuracy: 48.15634218289085%, Balanced Test Accuracy: 44.17698396110079%
2024-02-07 17:40:53,584 - INFO - Epoch [132/500], Loss: 0.9162315831942992, Accuracy: 83.37068579112506%
2024-02-07 17:40:53,691 - INFO - Epoch [133/500], Loss: 0.9115715259855444, Accuracy: 83.4304497235918%
2024-02-07 17:40:53,830 - INFO - Epoch [134/500], Loss: 0.9069567493417047, Accuracy: 83.49021365605857%
2024-02-07 17:40:53,940 - INFO - Epoch [135/500], Loss: 0.9023864813826301, Accuracy: 83.56491857164201%
2024-02-07 17:40:54,046 - INFO - Epoch [136/500], Loss: 0.8978598540479487, Accuracy: 83.66950545345884%
2024-02-07 17:40:54,149 - INFO - Epoch [137/500], Loss: 0.893376179987734, Accuracy: 83.75915135215897%
2024-02-07 17:40:54,252 - INFO - Epoch [138/500], Loss: 0.8889346529137004, Accuracy: 83.78903331839236%
2024-02-07 17:40:54,354 - INFO - Epoch [139/500], Loss: 0.8845346315340562, Accuracy: 83.83385626774242%
2024-02-07 17:40:54,456 - INFO - Epoch [140/500], Loss: 0.880175396529111, Accuracy: 83.89362020020917%
2024-02-07 17:40:54,559 - INFO - Epoch [141/500], Loss: 0.8758563578128815, Accuracy: 83.89362020020917%
2024-02-07 17:40:54,570 - INFO - Test Accuracy: 48.08259587020649%, Balanced Test Accuracy: 43.59116715475199%
2024-02-07 17:40:54,674 - INFO - Epoch [142/500], Loss: 0.8715769475156611, Accuracy: 83.93844314955925%
2024-02-07 17:40:54,780 - INFO - Epoch [143/500], Loss: 0.8673364772038026, Accuracy: 84.01314806514269%
2024-02-07 17:40:54,887 - INFO - Epoch [144/500], Loss: 0.8631345431913029, Accuracy: 84.04303003137606%
2024-02-07 17:40:54,991 - INFO - Epoch [145/500], Loss: 0.8589704716747457, Accuracy: 84.14761691319289%
2024-02-07 17:40:55,099 - INFO - Epoch [146/500], Loss: 0.8548439424146306, Accuracy: 84.22232182877633%
2024-02-07 17:40:55,204 - INFO - Epoch [147/500], Loss: 0.8507543298331174, Accuracy: 84.29702674435978%
2024-02-07 17:40:55,310 - INFO - Epoch [148/500], Loss: 0.846701215613972, Accuracy: 84.32690871059316%
2024-02-07 17:40:55,416 - INFO - Epoch [149/500], Loss: 0.8426841364665465, Accuracy: 84.43149559240997%
2024-02-07 17:40:55,521 - INFO - Epoch [150/500], Loss: 0.838702696019953, Accuracy: 84.44643657552668%
2024-02-07 17:40:55,626 - INFO - Epoch [151/500], Loss: 0.8347564678300511, Accuracy: 84.5360824742268%
2024-02-07 17:40:55,639 - INFO - Test Accuracy: 47.78761061946903%, Balanced Test Accuracy: 43.411621033255486%
2024-02-07 17:40:55,744 - INFO - Epoch [152/500], Loss: 0.8308450509201396, Accuracy: 84.55102345734349%
2024-02-07 17:40:55,850 - INFO - Epoch [153/500], Loss: 0.8269679725170136, Accuracy: 84.58090542357687%
2024-02-07 17:40:55,963 - INFO - Epoch [154/500], Loss: 0.8231248768893156, Accuracy: 84.62572837292694%
2024-02-07 17:40:56,071 - INFO - Epoch [155/500], Loss: 0.8193153660405766, Accuracy: 84.65561033916032%
2024-02-07 17:40:56,178 - INFO - Epoch [156/500], Loss: 0.8155390937219966, Accuracy: 84.64066935604363%
2024-02-07 17:40:56,283 - INFO - Epoch [157/500], Loss: 0.811795603687113, Accuracy: 84.71537427162707%
2024-02-07 17:40:56,383 - INFO - Epoch [158/500], Loss: 0.8080845564603806, Accuracy: 84.73031525474376%
2024-02-07 17:40:56,485 - INFO - Epoch [159/500], Loss: 0.8044056358662519, Accuracy: 84.77513820409384%
2024-02-07 17:40:56,588 - INFO - Epoch [160/500], Loss: 0.8007583433931524, Accuracy: 84.79007918721052%
2024-02-07 17:40:56,688 - INFO - Epoch [161/500], Loss: 0.7971423810178583, Accuracy: 84.87972508591065%
2024-02-07 17:40:56,700 - INFO - Test Accuracy: 47.640117994100294%, Balanced Test Accuracy: 42.84470787363393%
2024-02-07 17:40:56,807 - INFO - Epoch [162/500], Loss: 0.7935573789206418, Accuracy: 84.89466606902734%
2024-02-07 17:40:56,918 - INFO - Epoch [163/500], Loss: 0.7900029355829412, Accuracy: 84.93948901837742%
2024-02-07 17:40:57,022 - INFO - Epoch [164/500], Loss: 0.7864786410873587, Accuracy: 84.9544300014941%
2024-02-07 17:40:57,135 - INFO - Epoch [165/500], Loss: 0.7829842748967084, Accuracy: 84.99925295084417%
2024-02-07 17:40:57,243 - INFO - Epoch [166/500], Loss: 0.7795193417505785, Accuracy: 85.103839832661%
2024-02-07 17:40:57,356 - INFO - Epoch [167/500], Loss: 0.7760833954269236, Accuracy: 85.11878081577768%
2024-02-07 17:40:57,462 - INFO - Epoch [168/500], Loss: 0.7726763140071522, Accuracy: 85.17854474824443%
2024-02-07 17:40:57,574 - INFO - Epoch [169/500], Loss: 0.7692974310029637, Accuracy: 85.20842671447781%
2024-02-07 17:40:57,682 - INFO - Epoch [170/500], Loss: 0.7659466442736712, Accuracy: 85.28313163006126%
2024-02-07 17:40:57,791 - INFO - Epoch [171/500], Loss: 0.762623373486779, Accuracy: 85.3578365456447%
2024-02-07 17:40:57,803 - INFO - Test Accuracy: 47.49262536873157%, Balanced Test Accuracy: 42.67127467376349%
2024-02-07 17:40:57,916 - INFO - Epoch [172/500], Loss: 0.75932743657719, Accuracy: 85.37277752876139%
2024-02-07 17:40:58,025 - INFO - Epoch [173/500], Loss: 0.7560582732612436, Accuracy: 85.41760047811145%
2024-02-07 17:40:58,138 - INFO - Epoch [174/500], Loss: 0.7528157293796539, Accuracy: 85.47736441057822%
2024-02-07 17:40:58,251 - INFO - Epoch [175/500], Loss: 0.749599308588288, Accuracy: 85.4923053936949%
2024-02-07 17:40:58,354 - INFO - Epoch [176/500], Loss: 0.7464086936278777, Accuracy: 85.55206932616166%
2024-02-07 17:40:58,459 - INFO - Epoch [177/500], Loss: 0.7432434661821885, Accuracy: 85.58195129239503%
2024-02-07 17:40:58,562 - INFO - Epoch [178/500], Loss: 0.7401033908128738, Accuracy: 85.58195129239503%
2024-02-07 17:40:58,664 - INFO - Epoch [179/500], Loss: 0.7369879519397562, Accuracy: 85.59689227551173%
2024-02-07 17:40:58,766 - INFO - Epoch [180/500], Loss: 0.733896897055886, Accuracy: 85.65665620797849%
2024-02-07 17:40:58,873 - INFO - Epoch [181/500], Loss: 0.7308298430659554, Accuracy: 85.71642014044524%
2024-02-07 17:40:58,885 - INFO - Test Accuracy: 47.34513274336283%, Balanced Test Accuracy: 42.328668690029644%
2024-02-07 17:40:58,988 - INFO - Epoch [182/500], Loss: 0.727786480567672, Accuracy: 85.776184072912%
2024-02-07 17:40:59,097 - INFO - Epoch [183/500], Loss: 0.724766357107596, Accuracy: 85.80606603914538%
2024-02-07 17:40:59,200 - INFO - Epoch [184/500], Loss: 0.7217692185531963, Accuracy: 85.83594800537875%
2024-02-07 17:40:59,309 - INFO - Epoch [185/500], Loss: 0.7187947365370664, Accuracy: 85.86582997161213%
2024-02-07 17:40:59,412 - INFO - Epoch [186/500], Loss: 0.7158424586057663, Accuracy: 85.9255939040789%
2024-02-07 17:40:59,517 - INFO - Epoch [187/500], Loss: 0.7129121113907207, Accuracy: 85.97041685342896%
2024-02-07 17:40:59,615 - INFO - Epoch [188/500], Loss: 0.7100033976814963, Accuracy: 86.01523980277902%
2024-02-07 17:40:59,719 - INFO - Epoch [189/500], Loss: 0.7071158606897701, Accuracy: 86.08994471836247%
2024-02-07 17:40:59,821 - INFO - Epoch [190/500], Loss: 0.7042492804202166, Accuracy: 86.13476766771254%
2024-02-07 17:40:59,926 - INFO - Epoch [191/500], Loss: 0.7014032447879964, Accuracy: 86.20947258329598%
2024-02-07 17:40:59,938 - INFO - Test Accuracy: 47.27138643067847%, Balanced Test Accuracy: 42.227047742371695%
2024-02-07 17:41:00,039 - INFO - Epoch [192/500], Loss: 0.6985775102268565, Accuracy: 86.28417749887943%
2024-02-07 17:41:00,146 - INFO - Epoch [193/500], Loss: 0.6957716554403305, Accuracy: 86.3140594651128%
2024-02-07 17:41:00,250 - INFO - Epoch [194/500], Loss: 0.6929854200644927, Accuracy: 86.3290004482295%
2024-02-07 17:41:00,358 - INFO - Epoch [195/500], Loss: 0.6902184963226319, Accuracy: 86.38876438069624%
2024-02-07 17:41:00,462 - INFO - Epoch [196/500], Loss: 0.6874704973264174, Accuracy: 86.40370536381293%
2024-02-07 17:41:00,570 - INFO - Epoch [197/500], Loss: 0.6847412299026142, Accuracy: 86.43358733004632%
2024-02-07 17:41:00,674 - INFO - Epoch [198/500], Loss: 0.6820302323861556, Accuracy: 86.52323322874645%
2024-02-07 17:41:00,779 - INFO - Epoch [199/500], Loss: 0.6793372931805524, Accuracy: 86.55311519497982%
2024-02-07 17:41:00,884 - INFO - Epoch [200/500], Loss: 0.6766621394590898, Accuracy: 86.55311519497982%
2024-02-07 17:41:00,993 - INFO - Epoch [201/500], Loss: 0.6740045011043548, Accuracy: 86.56805617809651%
2024-02-07 17:41:01,005 - INFO - Test Accuracy: 47.123893805309734%, Balanced Test Accuracy: 43.315627702385854%
2024-02-07 17:41:01,109 - INFO - Epoch [202/500], Loss: 0.6713639809326692, Accuracy: 86.65770207679665%
2024-02-07 17:41:01,214 - INFO - Epoch [203/500], Loss: 0.6687404150312597, Accuracy: 86.68758404303003%
2024-02-07 17:41:01,315 - INFO - Epoch [204/500], Loss: 0.6661334839734164, Accuracy: 86.68758404303003%
2024-02-07 17:41:01,419 - INFO - Epoch [205/500], Loss: 0.6635428937998685, Accuracy: 86.70252502614672%
2024-02-07 17:41:01,521 - INFO - Epoch [206/500], Loss: 0.6609684445641257, Accuracy: 86.70252502614672%
2024-02-07 17:41:01,623 - INFO - Epoch [207/500], Loss: 0.6584098945964466, Accuracy: 86.76228895861348%
2024-02-07 17:41:01,727 - INFO - Epoch [208/500], Loss: 0.6558669409968636, Accuracy: 86.80711190796355%
2024-02-07 17:41:01,835 - INFO - Epoch [209/500], Loss: 0.6533394266258586, Accuracy: 86.82205289108023%
2024-02-07 17:41:01,939 - INFO - Epoch [210/500], Loss: 0.6508270531892777, Accuracy: 86.92663977289706%
2024-02-07 17:41:02,049 - INFO - Epoch [211/500], Loss: 0.6483296583999287, Accuracy: 86.95652173913044%
2024-02-07 17:41:02,061 - INFO - Test Accuracy: 46.75516224188791%, Balanced Test Accuracy: 42.90521184905366%
2024-02-07 17:41:02,163 - INFO - Epoch [212/500], Loss: 0.6458470946008509, Accuracy: 86.97146272224713%
2024-02-07 17:41:02,270 - INFO - Epoch [213/500], Loss: 0.6433790461583571, Accuracy: 87.06110862094725%
2024-02-07 17:41:02,371 - INFO - Epoch [214/500], Loss: 0.6409254561771046, Accuracy: 87.09099058718064%
2024-02-07 17:41:02,476 - INFO - Epoch [215/500], Loss: 0.6384859789501537, Accuracy: 87.12087255341402%
2024-02-07 17:41:02,578 - INFO - Epoch [216/500], Loss: 0.6360606583681974, Accuracy: 87.16569550276408%
2024-02-07 17:41:02,683 - INFO - Epoch [217/500], Loss: 0.6336492023684762, Accuracy: 87.27028238458091%
2024-02-07 17:41:02,785 - INFO - Epoch [218/500], Loss: 0.631251474944028, Accuracy: 87.2852233676976%
2024-02-07 17:41:02,891 - INFO - Epoch [219/500], Loss: 0.6288673660971902, Accuracy: 87.30016435081428%
2024-02-07 17:41:02,989 - INFO - Epoch [220/500], Loss: 0.6264967671849511, Accuracy: 87.33004631704766%
2024-02-07 17:41:03,087 - INFO - Epoch [221/500], Loss: 0.6241395218805833, Accuracy: 87.38981024951441%
2024-02-07 17:41:03,098 - INFO - Test Accuracy: 46.53392330383481%, Balanced Test Accuracy: 42.95244723860498%
2024-02-07 17:41:03,209 - INFO - Epoch [222/500], Loss: 0.6217955548654903, Accuracy: 87.43463319886449%
2024-02-07 17:41:03,326 - INFO - Epoch [223/500], Loss: 0.6194647241722454, Accuracy: 87.44957418198118%
2024-02-07 17:41:03,450 - INFO - Epoch [224/500], Loss: 0.6171469254927202, Accuracy: 87.47945614821455%
2024-02-07 17:41:03,577 - INFO - Epoch [225/500], Loss: 0.614842080799016, Accuracy: 87.46451516509786%
2024-02-07 17:41:03,701 - INFO - Epoch [226/500], Loss: 0.6125501537864858, Accuracy: 87.52427909756462%
2024-02-07 17:41:03,823 - INFO - Epoch [227/500], Loss: 0.6102710022167726, Accuracy: 87.5392200806813%
2024-02-07 17:41:03,953 - INFO - Epoch [228/500], Loss: 0.6080045813863928, Accuracy: 87.55416106379799%
2024-02-07 17:41:04,082 - INFO - Epoch [229/500], Loss: 0.605750837651166, Accuracy: 87.59898401314807%
2024-02-07 17:41:04,211 - INFO - Epoch [230/500], Loss: 0.6035097460855138, Accuracy: 87.62886597938144%
2024-02-07 17:41:04,327 - INFO - Epoch [231/500], Loss: 0.6012810988859697, Accuracy: 87.65874794561482%
2024-02-07 17:41:04,339 - INFO - Test Accuracy: 46.46017699115044%, Balanced Test Accuracy: 42.902117087168065%
2024-02-07 17:41:04,463 - INFO - Epoch [232/500], Loss: 0.5990650177001953, Accuracy: 87.70357089496488%
2024-02-07 17:41:04,591 - INFO - Epoch [233/500], Loss: 0.5968613337386738, Accuracy: 87.73345286119827%
2024-02-07 17:41:04,714 - INFO - Epoch [234/500], Loss: 0.5946700545874509, Accuracy: 87.76333482743165%
2024-02-07 17:41:04,838 - INFO - Epoch [235/500], Loss: 0.5924910805442116, Accuracy: 87.86792170924846%
2024-02-07 17:41:04,963 - INFO - Epoch [236/500], Loss: 0.590324392914772, Accuracy: 87.88286269236515%
2024-02-07 17:41:05,088 - INFO - Epoch [237/500], Loss: 0.5881700090386651, Accuracy: 87.88286269236515%
2024-02-07 17:41:05,213 - INFO - Epoch [238/500], Loss: 0.5860278056426482, Accuracy: 87.91274465859854%
2024-02-07 17:41:05,333 - INFO - Epoch [239/500], Loss: 0.5838976700197567, Accuracy: 87.97250859106529%
2024-02-07 17:41:05,457 - INFO - Epoch [240/500], Loss: 0.5817797246304426, Accuracy: 88.01733154041536%
2024-02-07 17:41:05,587 - INFO - Epoch [241/500], Loss: 0.5796738182956522, Accuracy: 88.06215448976543%
2024-02-07 17:41:05,599 - INFO - Test Accuracy: 46.75516224188791%, Balanced Test Accuracy: 43.212529411907106%
2024-02-07 17:41:05,719 - INFO - Epoch [242/500], Loss: 0.5775799038735303, Accuracy: 88.07709547288212%
2024-02-07 17:41:05,842 - INFO - Epoch [243/500], Loss: 0.5754980209198866, Accuracy: 88.15180038846556%
2024-02-07 17:41:05,960 - INFO - Epoch [244/500], Loss: 0.5734279749068347, Accuracy: 88.15180038846556%
2024-02-07 17:41:06,087 - INFO - Epoch [245/500], Loss: 0.5713698341087862, Accuracy: 88.16674137158225%
2024-02-07 17:41:06,216 - INFO - Epoch [246/500], Loss: 0.5693234812129627, Accuracy: 88.22650530404901%
2024-02-07 17:41:06,336 - INFO - Epoch [247/500], Loss: 0.567288947376338, Accuracy: 88.21156432093231%
2024-02-07 17:41:06,461 - INFO - Epoch [248/500], Loss: 0.5652660754593936, Accuracy: 88.21156432093231%
2024-02-07 17:41:06,578 - INFO - Epoch [249/500], Loss: 0.5632548828016628, Accuracy: 88.2414462871657%
2024-02-07 17:41:06,700 - INFO - Epoch [250/500], Loss: 0.5612552699717608, Accuracy: 88.27132825339908%
2024-02-07 17:41:06,816 - INFO - Epoch [251/500], Loss: 0.5592672135342251, Accuracy: 88.33109218586583%
2024-02-07 17:41:06,827 - INFO - Test Accuracy: 46.82890855457227%, Balanced Test Accuracy: 42.94578541461886%
2024-02-07 17:41:06,941 - INFO - Epoch [252/500], Loss: 0.557290598208254, Accuracy: 88.3609741520992%
2024-02-07 17:41:07,062 - INFO - Epoch [253/500], Loss: 0.5553253733298995, Accuracy: 88.40579710144928%
2024-02-07 17:41:07,175 - INFO - Epoch [254/500], Loss: 0.5533714910799806, Accuracy: 88.43567906768266%
2024-02-07 17:41:07,298 - INFO - Epoch [255/500], Loss: 0.5514289585026828, Accuracy: 88.45062005079934%
2024-02-07 17:41:07,419 - INFO - Epoch [256/500], Loss: 0.5494975877079097, Accuracy: 88.46556103391603%
2024-02-07 17:41:07,541 - INFO - Epoch [257/500], Loss: 0.5475773919712413, Accuracy: 88.48050201703272%
2024-02-07 17:41:07,660 - INFO - Epoch [258/500], Loss: 0.5456682523543185, Accuracy: 88.48050201703272%
2024-02-07 17:41:07,772 - INFO - Epoch [259/500], Loss: 0.5437700980088928, Accuracy: 88.49544300014941%
2024-02-07 17:41:07,894 - INFO - Epoch [260/500], Loss: 0.5418828677047383, Accuracy: 88.55520693261617%
2024-02-07 17:41:08,016 - INFO - Epoch [261/500], Loss: 0.5400064927610484, Accuracy: 88.57014791573286%
2024-02-07 17:41:08,028 - INFO - Test Accuracy: 46.607669616519175%, Balanced Test Accuracy: 42.8868836469732%
2024-02-07 17:41:08,156 - INFO - Epoch [262/500], Loss: 0.5381408738819036, Accuracy: 88.60002988196624%
2024-02-07 17:41:08,278 - INFO - Epoch [263/500], Loss: 0.5362859757109122, Accuracy: 88.6448528313163%
2024-02-07 17:41:08,399 - INFO - Epoch [264/500], Loss: 0.5344416770068082, Accuracy: 88.67473479754968%
2024-02-07 17:41:08,521 - INFO - Epoch [265/500], Loss: 0.5326079159975052, Accuracy: 88.71955774689975%
2024-02-07 17:41:08,643 - INFO - Epoch [266/500], Loss: 0.5307846397161484, Accuracy: 88.70461676378305%
2024-02-07 17:41:08,762 - INFO - Epoch [267/500], Loss: 0.5289717376232147, Accuracy: 88.71955774689975%
2024-02-07 17:41:08,888 - INFO - Epoch [268/500], Loss: 0.5271691526878964, Accuracy: 88.76438069624982%
2024-02-07 17:41:09,011 - INFO - Epoch [269/500], Loss: 0.5253767946904356, Accuracy: 88.80920364559988%
2024-02-07 17:41:09,140 - INFO - Epoch [270/500], Loss: 0.523594551330263, Accuracy: 88.83908561183326%
2024-02-07 17:41:09,266 - INFO - Epoch [271/500], Loss: 0.5218224010684274, Accuracy: 88.85402659494994%
2024-02-07 17:41:09,278 - INFO - Test Accuracy: 46.46017699115044%, Balanced Test Accuracy: 42.8951861804028%
2024-02-07 17:41:09,393 - INFO - Epoch [272/500], Loss: 0.5200602715665644, Accuracy: 88.85402659494994%
2024-02-07 17:41:09,511 - INFO - Epoch [273/500], Loss: 0.5183079569177194, Accuracy: 88.88390856118333%
2024-02-07 17:41:09,635 - INFO - Epoch [274/500], Loss: 0.5165655104951425, Accuracy: 88.88390856118333%
2024-02-07 17:41:09,751 - INFO - Epoch [275/500], Loss: 0.5148328267715194, Accuracy: 88.91379052741671%
2024-02-07 17:41:09,863 - INFO - Epoch [276/500], Loss: 0.5131098282608119, Accuracy: 88.91379052741671%
2024-02-07 17:41:09,984 - INFO - Epoch [277/500], Loss: 0.5113963774659417, Accuracy: 88.97355445988346%
2024-02-07 17:41:10,106 - INFO - Epoch [278/500], Loss: 0.5096924574537711, Accuracy: 89.00343642611683%
2024-02-07 17:41:10,232 - INFO - Epoch [279/500], Loss: 0.5079979502341964, Accuracy: 89.03331839235021%
2024-02-07 17:41:10,347 - INFO - Epoch [280/500], Loss: 0.5063128163868731, Accuracy: 89.04825937546691%
2024-02-07 17:41:10,455 - INFO - Epoch [281/500], Loss: 0.5046369442885572, Accuracy: 89.12296429105035%
2024-02-07 17:41:10,466 - INFO - Test Accuracy: 46.607669616519175%, Balanced Test Accuracy: 43.04541280021273%
2024-02-07 17:41:10,573 - INFO - Epoch [282/500], Loss: 0.5029703144322742, Accuracy: 89.15284625728373%
2024-02-07 17:41:10,704 - INFO - Epoch [283/500], Loss: 0.5013127570802515, Accuracy: 89.16778724040041%
2024-02-07 17:41:10,833 - INFO - Epoch [284/500], Loss: 0.4996642757545818, Accuracy: 89.19766920663379%
2024-02-07 17:41:10,965 - INFO - Epoch [285/500], Loss: 0.49802477061748507, Accuracy: 89.21261018975049%
2024-02-07 17:41:11,096 - INFO - Epoch [286/500], Loss: 0.4963942061771046, Accuracy: 89.21261018975049%
2024-02-07 17:41:11,226 - INFO - Epoch [287/500], Loss: 0.49477244114333935, Accuracy: 89.22755117286718%
2024-02-07 17:41:11,357 - INFO - Epoch [288/500], Loss: 0.4931594576347958, Accuracy: 89.25743313910056%
2024-02-07 17:41:11,478 - INFO - Epoch [289/500], Loss: 0.4915552085096186, Accuracy: 89.3171970715673%
2024-02-07 17:41:11,603 - INFO - Epoch [290/500], Loss: 0.48995954434980044, Accuracy: 89.332138054684%
2024-02-07 17:41:11,727 - INFO - Epoch [291/500], Loss: 0.4883724234320901, Accuracy: 89.36202002091737%
2024-02-07 17:41:11,738 - INFO - Test Accuracy: 46.68141592920354%, Balanced Test Accuracy: 42.99932640890968%
2024-02-07 17:41:11,864 - INFO - Epoch [292/500], Loss: 0.48679382435300134, Accuracy: 89.40684297026745%
2024-02-07 17:41:11,985 - INFO - Epoch [293/500], Loss: 0.4852236540480094, Accuracy: 89.43672493650082%
2024-02-07 17:41:12,101 - INFO - Epoch [294/500], Loss: 0.4836618389595639, Accuracy: 89.43672493650082%
2024-02-07 17:41:12,218 - INFO - Epoch [295/500], Loss: 0.482108284803954, Accuracy: 89.45166591961751%
2024-02-07 17:41:12,341 - INFO - Epoch [296/500], Loss: 0.48056296855211256, Accuracy: 89.4666069027342%
2024-02-07 17:41:12,463 - INFO - Epoch [297/500], Loss: 0.4790258380499753, Accuracy: 89.52637083520095%
2024-02-07 17:41:12,573 - INFO - Epoch [298/500], Loss: 0.47749680416150525, Accuracy: 89.55625280143434%
2024-02-07 17:41:12,684 - INFO - Epoch [299/500], Loss: 0.4759758229960095, Accuracy: 89.57119378455103%
2024-02-07 17:41:12,795 - INFO - Epoch [300/500], Loss: 0.47446282600814643, Accuracy: 89.6010757507844%
2024-02-07 17:41:12,916 - INFO - Epoch [301/500], Loss: 0.47295773950490083, Accuracy: 89.63095771701778%
2024-02-07 17:41:12,927 - INFO - Test Accuracy: 46.976401179941%, Balanced Test Accuracy: 43.03057022434914%
2024-02-07 17:41:13,054 - INFO - Epoch [302/500], Loss: 0.47146055671301756, Accuracy: 89.66083968325115%
2024-02-07 17:41:13,171 - INFO - Epoch [303/500], Loss: 0.4699711638418111, Accuracy: 89.67578066636784%
2024-02-07 17:41:13,299 - INFO - Epoch [304/500], Loss: 0.46848952905698255, Accuracy: 89.67578066636784%
2024-02-07 17:41:13,426 - INFO - Epoch [305/500], Loss: 0.46701557609167965, Accuracy: 89.67578066636784%
2024-02-07 17:41:13,546 - INFO - Epoch [306/500], Loss: 0.4655492824586955, Accuracy: 89.72060361571792%
2024-02-07 17:41:13,669 - INFO - Epoch [307/500], Loss: 0.46409057839350265, Accuracy: 89.73554459883461%
2024-02-07 17:41:13,789 - INFO - Epoch [308/500], Loss: 0.46263936067169364, Accuracy: 89.76542656506798%
2024-02-07 17:41:13,914 - INFO - Epoch [309/500], Loss: 0.46119569756767964, Accuracy: 89.81024951441805%
2024-02-07 17:41:14,042 - INFO - Epoch [310/500], Loss: 0.4597594473849643, Accuracy: 89.81024951441805%
2024-02-07 17:41:14,162 - INFO - Epoch [311/500], Loss: 0.4583305582404137, Accuracy: 89.82519049753473%
2024-02-07 17:41:14,173 - INFO - Test Accuracy: 47.05014749262537%, Balanced Test Accuracy: 43.0888846406021%
2024-02-07 17:41:14,304 - INFO - Epoch [312/500], Loss: 0.4569089801474051, Accuracy: 89.82519049753473%
2024-02-07 17:41:14,423 - INFO - Epoch [313/500], Loss: 0.45549472109837963, Accuracy: 89.84013148065142%
2024-02-07 17:41:14,547 - INFO - Epoch [314/500], Loss: 0.45408771661194886, Accuracy: 89.85507246376811%
2024-02-07 17:41:14,672 - INFO - Epoch [315/500], Loss: 0.4526878346096386, Accuracy: 89.87001344688481%
2024-02-07 17:41:14,781 - INFO - Epoch [316/500], Loss: 0.45129511180249127, Accuracy: 89.87001344688481%
2024-02-07 17:41:14,883 - INFO - Epoch [317/500], Loss: 0.44990945011377337, Accuracy: 89.87001344688481%
2024-02-07 17:41:15,001 - INFO - Epoch [318/500], Loss: 0.4485308376225558, Accuracy: 89.8849544300015%
2024-02-07 17:41:15,127 - INFO - Epoch [319/500], Loss: 0.44715922759337856, Accuracy: 89.92977737935156%
2024-02-07 17:41:15,236 - INFO - Epoch [320/500], Loss: 0.44579453576694833, Accuracy: 89.94471836246825%
2024-02-07 17:41:15,355 - INFO - Epoch [321/500], Loss: 0.44443679682233117, Accuracy: 89.95965934558494%
2024-02-07 17:41:15,365 - INFO - Test Accuracy: 47.05014749262537%, Balanced Test Accuracy: 43.17390042296069%
2024-02-07 17:41:15,489 - INFO - Epoch [322/500], Loss: 0.4430858702822165, Accuracy: 89.95965934558494%
2024-02-07 17:41:15,607 - INFO - Epoch [323/500], Loss: 0.4417418135838075, Accuracy: 89.95965934558494%
2024-02-07 17:41:15,722 - INFO - Epoch [324/500], Loss: 0.44040447012944656, Accuracy: 90.004482294935%
2024-02-07 17:41:15,847 - INFO - Epoch [325/500], Loss: 0.4390738307075067, Accuracy: 90.03436426116839%
2024-02-07 17:41:15,984 - INFO - Epoch [326/500], Loss: 0.43774988759647715, Accuracy: 90.04930524428508%
2024-02-07 17:41:16,099 - INFO - Epoch [327/500], Loss: 0.4364326328039169, Accuracy: 90.06424622740177%
2024-02-07 17:41:16,220 - INFO - Epoch [328/500], Loss: 0.43512192111123693, Accuracy: 90.07918721051846%
2024-02-07 17:41:16,333 - INFO - Epoch [329/500], Loss: 0.43381778381087566, Accuracy: 90.09412819363514%
2024-02-07 17:41:16,453 - INFO - Epoch [330/500], Loss: 0.43252014273946937, Accuracy: 90.12401015986852%
2024-02-07 17:41:16,575 - INFO - Epoch [331/500], Loss: 0.43122898096388035, Accuracy: 90.1389511429852%
2024-02-07 17:41:16,585 - INFO - Test Accuracy: 46.976401179941%, Balanced Test Accuracy: 43.14586959399696%
2024-02-07 17:41:16,706 - INFO - Epoch [332/500], Loss: 0.42994423725388264, Accuracy: 90.19871507545197%
2024-02-07 17:41:16,831 - INFO - Epoch [333/500], Loss: 0.4286658689379692, Accuracy: 90.22859704168535%
2024-02-07 17:41:16,936 - INFO - Epoch [334/500], Loss: 0.4273938928138126, Accuracy: 90.24353802480204%
2024-02-07 17:41:17,045 - INFO - Epoch [335/500], Loss: 0.4261281877756119, Accuracy: 90.27341999103541%
2024-02-07 17:41:17,159 - INFO - Epoch [336/500], Loss: 0.42486874677918174, Accuracy: 90.2883609741521%
2024-02-07 17:41:17,276 - INFO - Epoch [337/500], Loss: 0.42361554259603673, Accuracy: 90.30330195726879%
2024-02-07 17:41:17,391 - INFO - Epoch [338/500], Loss: 0.42236854163083165, Accuracy: 90.33318392350216%
2024-02-07 17:41:17,507 - INFO - Epoch [339/500], Loss: 0.4211276670748537, Accuracy: 90.34812490661885%
2024-02-07 17:41:17,624 - INFO - Epoch [340/500], Loss: 0.41989291540601037, Accuracy: 90.34812490661885%
2024-02-07 17:41:17,733 - INFO - Epoch [341/500], Loss: 0.41866423839872535, Accuracy: 90.37800687285224%
2024-02-07 17:41:17,743 - INFO - Test Accuracy: 46.82890855457227%, Balanced Test Accuracy: 43.09916494624802%
2024-02-07 17:41:17,857 - INFO - Epoch [342/500], Loss: 0.41744153878905554, Accuracy: 90.39294785596893%
2024-02-07 17:41:17,971 - INFO - Epoch [343/500], Loss: 0.4162248920310627, Accuracy: 90.4228298222023%
2024-02-07 17:41:18,083 - INFO - Epoch [344/500], Loss: 0.4150141641497612, Accuracy: 90.4228298222023%
2024-02-07 17:41:18,197 - INFO - Epoch [345/500], Loss: 0.41380939388817006, Accuracy: 90.4228298222023%
2024-02-07 17:41:18,316 - INFO - Epoch [346/500], Loss: 0.4126104480840943, Accuracy: 90.4228298222023%
2024-02-07 17:41:18,441 - INFO - Epoch [347/500], Loss: 0.4114173935218291, Accuracy: 90.48259375466905%
2024-02-07 17:41:18,557 - INFO - Epoch [348/500], Loss: 0.41023011939092113, Accuracy: 90.48259375466905%
2024-02-07 17:41:18,677 - INFO - Epoch [349/500], Loss: 0.409048614312302, Accuracy: 90.52741670401913%
2024-02-07 17:41:18,796 - INFO - Epoch [350/500], Loss: 0.4078728280284188, Accuracy: 90.54235768713582%
2024-02-07 17:41:18,913 - INFO - Epoch [351/500], Loss: 0.40670274739915674, Accuracy: 90.5722396533692%
2024-02-07 17:41:18,923 - INFO - Test Accuracy: 46.82890855457227%, Balanced Test Accuracy: 43.09897638766966%
2024-02-07 17:41:19,040 - INFO - Epoch [352/500], Loss: 0.40553828274661846, Accuracy: 90.55729867025251%
2024-02-07 17:41:19,177 - INFO - Epoch [353/500], Loss: 0.40437950789928434, Accuracy: 90.55729867025251%
2024-02-07 17:41:19,283 - INFO - Epoch [354/500], Loss: 0.4032262474298477, Accuracy: 90.5722396533692%
2024-02-07 17:41:19,395 - INFO - Epoch [355/500], Loss: 0.4020785548470237, Accuracy: 90.58718063648588%
2024-02-07 17:41:19,504 - INFO - Epoch [356/500], Loss: 0.40093637013977224, Accuracy: 90.60212161960257%
2024-02-07 17:41:19,612 - INFO - Epoch [357/500], Loss: 0.3997996593063528, Accuracy: 90.61706260271926%
2024-02-07 17:41:19,729 - INFO - Epoch [358/500], Loss: 0.3986684021624652, Accuracy: 90.61706260271926%
2024-02-07 17:41:19,838 - INFO - Epoch [359/500], Loss: 0.3975425428964875, Accuracy: 90.67682653518601%
2024-02-07 17:41:19,947 - INFO - Epoch [360/500], Loss: 0.3964220010421493, Accuracy: 90.72164948453609%
2024-02-07 17:41:20,054 - INFO - Epoch [361/500], Loss: 0.3953068688511848, Accuracy: 90.75153145076946%
2024-02-07 17:41:20,064 - INFO - Test Accuracy: 46.68141592920354%, Balanced Test Accuracy: 43.29218496069327%
2024-02-07 17:41:20,176 - INFO - Epoch [362/500], Loss: 0.394196950441057, Accuracy: 90.73659046765277%
2024-02-07 17:41:20,293 - INFO - Epoch [363/500], Loss: 0.3930923363024538, Accuracy: 90.75153145076946%
2024-02-07 17:41:20,411 - INFO - Epoch [364/500], Loss: 0.3919929637150331, Accuracy: 90.75153145076946%
2024-02-07 17:41:20,532 - INFO - Epoch [365/500], Loss: 0.390898754379966, Accuracy: 90.76647243388615%
2024-02-07 17:41:20,649 - INFO - Epoch [366/500], Loss: 0.38980969515713776, Accuracy: 90.76647243388615%
2024-02-07 17:41:20,776 - INFO - Epoch [367/500], Loss: 0.38872575976631857, Accuracy: 90.78141341700284%
2024-02-07 17:41:20,894 - INFO - Epoch [368/500], Loss: 0.3876468986272812, Accuracy: 90.79635440011953%
2024-02-07 17:41:21,022 - INFO - Epoch [369/500], Loss: 0.386573134904558, Accuracy: 90.8262363663529%
2024-02-07 17:41:21,134 - INFO - Epoch [370/500], Loss: 0.38550436429002066, Accuracy: 90.88600029881967%
2024-02-07 17:41:21,247 - INFO - Epoch [371/500], Loss: 0.3844405657865784, Accuracy: 90.87105931570298%
2024-02-07 17:41:21,258 - INFO - Test Accuracy: 46.607669616519175%, Balanced Test Accuracy: 43.046233750099965%
2024-02-07 17:41:21,369 - INFO - Epoch [372/500], Loss: 0.3833817332983017, Accuracy: 90.90094128193635%
2024-02-07 17:41:21,473 - INFO - Epoch [373/500], Loss: 0.38232779042287307, Accuracy: 90.90094128193635%
2024-02-07 17:41:21,576 - INFO - Epoch [374/500], Loss: 0.3812787943265655, Accuracy: 90.90094128193635%
2024-02-07 17:41:21,675 - INFO - Epoch [375/500], Loss: 0.38023464449427347, Accuracy: 90.93082324816973%
2024-02-07 17:41:21,776 - INFO - Epoch [376/500], Loss: 0.37919528619809584, Accuracy: 90.9607052144031%
2024-02-07 17:41:21,882 - INFO - Epoch [377/500], Loss: 0.37816073190082206, Accuracy: 90.9756461975198%
2024-02-07 17:41:21,998 - INFO - Epoch [378/500], Loss: 0.37713093947280535, Accuracy: 90.99058718063648%
2024-02-07 17:41:22,118 - INFO - Epoch [379/500], Loss: 0.3761058574373072, Accuracy: 91.03541012998656%
2024-02-07 17:41:22,229 - INFO - Epoch [380/500], Loss: 0.37508550922979006, Accuracy: 91.05035111310325%
2024-02-07 17:41:22,330 - INFO - Epoch [381/500], Loss: 0.37406978593631224, Accuracy: 91.06529209621993%
2024-02-07 17:41:22,341 - INFO - Test Accuracy: 46.68141592920354%, Balanced Test Accuracy: 43.11772673815523%
2024-02-07 17:41:22,461 - INFO - Epoch [382/500], Loss: 0.3730586962266402, Accuracy: 91.08023307933662%
2024-02-07 17:41:22,578 - INFO - Epoch [383/500], Loss: 0.37205224267461084, Accuracy: 91.12505602868669%
2024-02-07 17:41:22,700 - INFO - Epoch [384/500], Loss: 0.3710503473877907, Accuracy: 91.15493799492006%
2024-02-07 17:41:22,808 - INFO - Epoch [385/500], Loss: 0.37005294141444295, Accuracy: 91.18481996115344%
2024-02-07 17:41:22,922 - INFO - Epoch [386/500], Loss: 0.3690601098266515, Accuracy: 91.18481996115344%
2024-02-07 17:41:23,043 - INFO - Epoch [387/500], Loss: 0.36807173964652146, Accuracy: 91.18481996115344%
2024-02-07 17:41:23,157 - INFO - Epoch [388/500], Loss: 0.367087818953124, Accuracy: 91.18481996115344%
2024-02-07 17:41:23,281 - INFO - Epoch [389/500], Loss: 0.36610832065343857, Accuracy: 91.18481996115344%
2024-02-07 17:41:23,391 - INFO - Epoch [390/500], Loss: 0.3651332282207229, Accuracy: 91.22964291050351%
2024-02-07 17:41:23,509 - INFO - Epoch [391/500], Loss: 0.364162495190447, Accuracy: 91.2445838936202%
2024-02-07 17:41:23,520 - INFO - Test Accuracy: 46.902654867256636%, Balanced Test Accuracy: 43.09960424227323%
2024-02-07 17:41:23,629 - INFO - Epoch [392/500], Loss: 0.363196092302149, Accuracy: 91.27446585985358%
2024-02-07 17:41:23,745 - INFO - Epoch [393/500], Loss: 0.3622339909726923, Accuracy: 91.27446585985358%
2024-02-07 17:41:23,872 - INFO - Epoch [394/500], Loss: 0.36127620366486635, Accuracy: 91.30434782608695%
2024-02-07 17:41:23,994 - INFO - Epoch [395/500], Loss: 0.3603226512670517, Accuracy: 91.33422979232033%
2024-02-07 17:41:24,108 - INFO - Epoch [396/500], Loss: 0.35937331142750656, Accuracy: 91.36411175855372%
2024-02-07 17:41:24,220 - INFO - Epoch [397/500], Loss: 0.35842818346890537, Accuracy: 91.36411175855372%
2024-02-07 17:41:24,335 - INFO - Epoch [398/500], Loss: 0.35748725817962124, Accuracy: 91.36411175855372%
2024-02-07 17:41:24,451 - INFO - Epoch [399/500], Loss: 0.35655045251954687, Accuracy: 91.3790527416704%
2024-02-07 17:41:24,567 - INFO - Epoch [400/500], Loss: 0.35561773682182485, Accuracy: 91.3790527416704%
2024-02-07 17:41:24,677 - INFO - Epoch [401/500], Loss: 0.3546891376376152, Accuracy: 91.40893470790378%
2024-02-07 17:41:24,688 - INFO - Test Accuracy: 46.902654867256636%, Balanced Test Accuracy: 43.09691607023022%
2024-02-07 17:41:24,808 - INFO - Epoch [402/500], Loss: 0.3537645934657617, Accuracy: 91.42387569102047%
2024-02-07 17:41:24,909 - INFO - Epoch [403/500], Loss: 0.35284409848126497, Accuracy: 91.43881667413716%
2024-02-07 17:41:25,030 - INFO - Epoch [404/500], Loss: 0.351927620714361, Accuracy: 91.48363962348722%
2024-02-07 17:41:25,151 - INFO - Epoch [405/500], Loss: 0.3510151276534254, Accuracy: 91.48363962348722%
2024-02-07 17:41:25,266 - INFO - Epoch [406/500], Loss: 0.35010662905194545, Accuracy: 91.48363962348722%
2024-02-07 17:41:25,382 - INFO - Epoch [407/500], Loss: 0.3492020531134172, Accuracy: 91.5135215897206%
2024-02-07 17:41:25,485 - INFO - Epoch [408/500], Loss: 0.3483013604174961, Accuracy: 91.5135215897206%
2024-02-07 17:41:25,585 - INFO - Epoch [409/500], Loss: 0.347404584153132, Accuracy: 91.54340355595399%
2024-02-07 17:41:25,684 - INFO - Epoch [410/500], Loss: 0.34651164466684514, Accuracy: 91.54340355595399%
2024-02-07 17:41:25,785 - INFO - Epoch [411/500], Loss: 0.3456225678324699, Accuracy: 91.54340355595399%
2024-02-07 17:41:25,796 - INFO - Test Accuracy: 46.902654867256636%, Balanced Test Accuracy: 43.09691607023022%
2024-02-07 17:41:25,903 - INFO - Epoch [412/500], Loss: 0.34473729228431527, Accuracy: 91.55834453907067%
2024-02-07 17:41:26,005 - INFO - Epoch [413/500], Loss: 0.3438558345491236, Accuracy: 91.57328552218736%
2024-02-07 17:41:26,106 - INFO - Epoch [414/500], Loss: 0.34297808733853424, Accuracy: 91.58822650530405%
2024-02-07 17:41:26,205 - INFO - Epoch [415/500], Loss: 0.3421041284095157, Accuracy: 91.58822650530405%
2024-02-07 17:41:26,321 - INFO - Epoch [416/500], Loss: 0.34123387932777405, Accuracy: 91.61810847153743%
2024-02-07 17:41:26,443 - INFO - Epoch [417/500], Loss: 0.3403673120520332, Accuracy: 91.61810847153743%
2024-02-07 17:41:26,565 - INFO - Epoch [418/500], Loss: 0.33950441141020166, Accuracy: 91.61810847153743%
2024-02-07 17:41:26,684 - INFO - Epoch [419/500], Loss: 0.3386451780796051, Accuracy: 91.6479904377708%
2024-02-07 17:41:26,803 - INFO - Epoch [420/500], Loss: 0.3377895619381558, Accuracy: 91.66293142088749%
2024-02-07 17:41:26,920 - INFO - Epoch [421/500], Loss: 0.3369375163858587, Accuracy: 91.69281338712088%
2024-02-07 17:41:26,930 - INFO - Test Accuracy: 47.05014749262537%, Balanced Test Accuracy: 43.332293595930324%
2024-02-07 17:41:27,054 - INFO - Epoch [422/500], Loss: 0.33608909384770824, Accuracy: 91.69281338712088%
2024-02-07 17:41:27,178 - INFO - Epoch [423/500], Loss: 0.33524417037313636, Accuracy: 91.69281338712088%
2024-02-07 17:41:27,282 - INFO - Epoch [424/500], Loss: 0.3344027936458588, Accuracy: 91.69281338712088%
2024-02-07 17:41:27,383 - INFO - Epoch [425/500], Loss: 0.33356490351937035, Accuracy: 91.70775437023757%
2024-02-07 17:41:27,483 - INFO - Epoch [426/500], Loss: 0.3327305556698279, Accuracy: 91.72269535335425%
2024-02-07 17:41:27,580 - INFO - Epoch [427/500], Loss: 0.3318995934995738, Accuracy: 91.72269535335425%
2024-02-07 17:41:27,678 - INFO - Epoch [428/500], Loss: 0.3310720785097642, Accuracy: 91.76751830270432%
2024-02-07 17:41:27,779 - INFO - Epoch [429/500], Loss: 0.3302479849620299, Accuracy: 91.81234125205438%
2024-02-07 17:41:27,878 - INFO - Epoch [430/500], Loss: 0.3294272577220743, Accuracy: 91.81234125205438%
2024-02-07 17:41:27,979 - INFO - Epoch [431/500], Loss: 0.3286098873073405, Accuracy: 91.81234125205438%
2024-02-07 17:41:27,990 - INFO - Test Accuracy: 46.82890855457227%, Balanced Test Accuracy: 43.07543322230123%
2024-02-07 17:41:28,096 - INFO - Epoch [432/500], Loss: 0.32779586626724766, Accuracy: 91.82728223517107%
2024-02-07 17:41:28,200 - INFO - Epoch [433/500], Loss: 0.3269851560619744, Accuracy: 91.82728223517107%
2024-02-07 17:41:28,302 - INFO - Epoch [434/500], Loss: 0.32617773752320894, Accuracy: 91.88704616763783%
2024-02-07 17:41:28,400 - INFO - Epoch [435/500], Loss: 0.32537354535677215, Accuracy: 91.90198715075452%
2024-02-07 17:41:28,495 - INFO - Epoch [436/500], Loss: 0.324572570215572, Accuracy: 91.94681010010459%
2024-02-07 17:41:28,591 - INFO - Epoch [437/500], Loss: 0.32377487400716004, Accuracy: 91.94681010010459%
2024-02-07 17:41:28,688 - INFO - Epoch [438/500], Loss: 0.322980349985036, Accuracy: 91.94681010010459%
2024-02-07 17:41:28,788 - INFO - Epoch [439/500], Loss: 0.32218895730647173, Accuracy: 91.96175108322127%
2024-02-07 17:41:28,885 - INFO - Epoch [440/500], Loss: 0.32140073722059076, Accuracy: 91.97669206633796%
2024-02-07 17:41:28,982 - INFO - Epoch [441/500], Loss: 0.3206155877221714, Accuracy: 91.99163304945465%
2024-02-07 17:41:28,993 - INFO - Test Accuracy: 46.82890855457227%, Balanced Test Accuracy: 43.931837503958555%
2024-02-07 17:41:29,093 - INFO - Epoch [442/500], Loss: 0.3198335611684756, Accuracy: 92.05139698192141%
2024-02-07 17:41:29,196 - INFO - Epoch [443/500], Loss: 0.3190545472909104, Accuracy: 92.0663379650381%
2024-02-07 17:41:29,296 - INFO - Epoch [444/500], Loss: 0.3182785884223201, Accuracy: 92.08127894815479%
2024-02-07 17:41:29,390 - INFO - Epoch [445/500], Loss: 0.31750564663247627, Accuracy: 92.12610189750485%
2024-02-07 17:41:29,487 - INFO - Epoch [446/500], Loss: 0.31673567071557046, Accuracy: 92.15598386373823%
2024-02-07 17:41:29,581 - INFO - Epoch [447/500], Loss: 0.3159686448899182, Accuracy: 92.15598386373823%
2024-02-07 17:41:29,677 - INFO - Epoch [448/500], Loss: 0.315204513005235, Accuracy: 92.15598386373823%
2024-02-07 17:41:29,771 - INFO - Epoch [449/500], Loss: 0.3144433186135509, Accuracy: 92.15598386373823%
2024-02-07 17:41:29,864 - INFO - Epoch [450/500], Loss: 0.31368498212911866, Accuracy: 92.17092484685492%
2024-02-07 17:41:29,957 - INFO - Epoch [451/500], Loss: 0.3129294815388593, Accuracy: 92.2008068130883%
2024-02-07 17:41:29,968 - INFO - Test Accuracy: 46.82890855457227%, Balanced Test Accuracy: 43.98907190285173%
2024-02-07 17:41:30,063 - INFO - Epoch [452/500], Loss: 0.31217674612998964, Accuracy: 92.215747796205%
2024-02-07 17:41:30,157 - INFO - Epoch [453/500], Loss: 0.31142682832750407, Accuracy: 92.24562976243837%
2024-02-07 17:41:30,253 - INFO - Epoch [454/500], Loss: 0.3106796575540846, Accuracy: 92.24562976243837%
2024-02-07 17:41:30,355 - INFO - Epoch [455/500], Loss: 0.30993518761613154, Accuracy: 92.24562976243837%
2024-02-07 17:41:30,455 - INFO - Epoch [456/500], Loss: 0.30919341946190054, Accuracy: 92.26057074555506%
2024-02-07 17:41:30,551 - INFO - Epoch [457/500], Loss: 0.308454294976863, Accuracy: 92.26057074555506%
2024-02-07 17:41:30,644 - INFO - Epoch [458/500], Loss: 0.3077178020368923, Accuracy: 92.26057074555506%
2024-02-07 17:41:30,740 - INFO - Epoch [459/500], Loss: 0.30698391124606134, Accuracy: 92.29045271178843%
2024-02-07 17:41:30,836 - INFO - Epoch [460/500], Loss: 0.3062525671991435, Accuracy: 92.29045271178843%
2024-02-07 17:41:30,933 - INFO - Epoch [461/500], Loss: 0.30552380552346053, Accuracy: 92.30539369490512%
2024-02-07 17:41:30,943 - INFO - Test Accuracy: 46.902654867256636%, Balanced Test Accuracy: 44.01921962669858%
2024-02-07 17:41:31,040 - INFO - Epoch [462/500], Loss: 0.3047974860126322, Accuracy: 92.30539369490512%
2024-02-07 17:41:31,139 - INFO - Epoch [463/500], Loss: 0.3040737082335082, Accuracy: 92.3352756611385%
2024-02-07 17:41:31,237 - INFO - Epoch [464/500], Loss: 0.303352321007035, Accuracy: 92.3352756611385%
2024-02-07 17:41:31,332 - INFO - Epoch [465/500], Loss: 0.30263334892012855, Accuracy: 92.36515762737189%
2024-02-07 17:41:31,430 - INFO - Epoch [466/500], Loss: 0.3019167644056407, Accuracy: 92.36515762737189%
2024-02-07 17:41:31,529 - INFO - Epoch [467/500], Loss: 0.30120257112112914, Accuracy: 92.38009861048857%
2024-02-07 17:41:31,625 - INFO - Epoch [468/500], Loss: 0.30049064233899114, Accuracy: 92.40998057672195%
2024-02-07 17:41:31,722 - INFO - Epoch [469/500], Loss: 0.2997810422019525, Accuracy: 92.42492155983864%
2024-02-07 17:41:31,822 - INFO - Epoch [470/500], Loss: 0.29907371164722873, Accuracy: 92.4697445091887%
2024-02-07 17:41:31,919 - INFO - Epoch [471/500], Loss: 0.2983686311678453, Accuracy: 92.4697445091887%
2024-02-07 17:41:31,930 - INFO - Test Accuracy: 46.82890855457227%, Balanced Test Accuracy: 43.971781296527794%
2024-02-07 17:41:32,030 - INFO - Epoch [472/500], Loss: 0.2976657528091561, Accuracy: 92.49962647542208%
2024-02-07 17:41:32,129 - INFO - Epoch [473/500], Loss: 0.2969650700688362, Accuracy: 92.49962647542208%
2024-02-07 17:41:32,232 - INFO - Epoch [474/500], Loss: 0.29626657664775846, Accuracy: 92.52950844165547%
2024-02-07 17:41:32,333 - INFO - Epoch [475/500], Loss: 0.2955701977691867, Accuracy: 92.52950844165547%
2024-02-07 17:41:32,433 - INFO - Epoch [476/500], Loss: 0.2948759878900918, Accuracy: 92.54444942477215%
2024-02-07 17:41:32,534 - INFO - Epoch [477/500], Loss: 0.29418382570147517, Accuracy: 92.6042133572389%
2024-02-07 17:41:32,640 - INFO - Epoch [478/500], Loss: 0.2934937371449037, Accuracy: 92.61915434035559%
2024-02-07 17:41:32,741 - INFO - Epoch [479/500], Loss: 0.2928058364174583, Accuracy: 92.61915434035559%
2024-02-07 17:41:32,840 - INFO - Epoch [480/500], Loss: 0.29211992160840466, Accuracy: 92.67891827282236%
2024-02-07 17:41:32,937 - INFO - Epoch [481/500], Loss: 0.2914360680363395, Accuracy: 92.72374122217242%
2024-02-07 17:41:32,948 - INFO - Test Accuracy: 46.46017699115044%, Balanced Test Accuracy: 42.02481512018093%
2024-02-07 17:41:33,046 - INFO - Epoch [482/500], Loss: 0.290754276717251, Accuracy: 92.72374122217242%
2024-02-07 17:41:33,144 - INFO - Epoch [483/500], Loss: 0.2900745037604462, Accuracy: 92.72374122217242%
2024-02-07 17:41:33,245 - INFO - Epoch [484/500], Loss: 0.28939676040952855, Accuracy: 92.73868220528911%
2024-02-07 17:41:33,346 - INFO - Epoch [485/500], Loss: 0.28872102018107065, Accuracy: 92.73868220528911%
2024-02-07 17:41:33,445 - INFO - Epoch [486/500], Loss: 0.28804729330268775, Accuracy: 92.73868220528911%
2024-02-07 17:41:33,544 - INFO - Epoch [487/500], Loss: 0.2873756451362913, Accuracy: 92.7536231884058%
2024-02-07 17:41:33,641 - INFO - Epoch [488/500], Loss: 0.28670596290718425, Accuracy: 92.76856417152248%
2024-02-07 17:41:33,742 - INFO - Epoch [489/500], Loss: 0.28603833805431017, Accuracy: 92.82832810398924%
2024-02-07 17:41:33,840 - INFO - Epoch [490/500], Loss: 0.28537274395877665, Accuracy: 92.82832810398924%
2024-02-07 17:41:33,941 - INFO - Epoch [491/500], Loss: 0.28470913937146014, Accuracy: 92.82832810398924%
2024-02-07 17:41:33,952 - INFO - Test Accuracy: 46.68141592920354%, Balanced Test Accuracy: 42.17778449771708%
2024-02-07 17:41:34,052 - INFO - Epoch [492/500], Loss: 0.28404766206036913, Accuracy: 92.82832810398924%
2024-02-07 17:41:34,160 - INFO - Epoch [493/500], Loss: 0.28338817635720426, Accuracy: 92.82832810398924%
2024-02-07 17:41:34,262 - INFO - Epoch [494/500], Loss: 0.2827308066189289, Accuracy: 92.81338712087255%
2024-02-07 17:41:34,383 - INFO - Epoch [495/500], Loss: 0.28207550089467653, Accuracy: 92.81338712087255%
2024-02-07 17:41:34,507 - INFO - Epoch [496/500], Loss: 0.28142228444868866, Accuracy: 92.82832810398924%
2024-02-07 17:41:34,631 - INFO - Epoch [497/500], Loss: 0.2807711740786379, Accuracy: 92.82832810398924%
2024-02-07 17:41:34,751 - INFO - Epoch [498/500], Loss: 0.2801221729679541, Accuracy: 92.84326908710594%
2024-02-07 17:41:34,909 - INFO - Epoch [499/500], Loss: 0.2794753397052938, Accuracy: 92.888092036456%
2024-02-07 17:41:35,034 - INFO - Epoch [500/500], Loss: 0.27883063128048724, Accuracy: 92.91797400268938%
2024-02-07 17:41:35,066 - INFO - Test Accuracy: 46.5478841870824%, Balanced Test Accuracy: 35.97643484350658%
2024-02-07 17:41:35,129 - INFO - Final unblanced test accuracy: 46.5478841870824% and final balanced test accuracy 35.97643484350658
