2024-02-21 20:30:09,324 - INFO - Configuration:
{
    "task": "5",
    "topic": "classifier",
    "train_classifier": true,
    "number_gpus": "1",
    "modalities": [
        "depth"
    ],
    "encoder_model": "MAE",
    "mask_ratio": 0.8,
    "dataset": "NTU",
    "split": "CV",
    "num_classes": 60,
    "epochs": 500,
    "res_cktp": false,
    "cktp_dir": "/home/bas06400/Thesis/VIP/src/align_checkpoints/mae_checkpoints/",
    "trained_encoder": "checkpoint_depth_CV_20240208_152934.pth",
    "learning_rate": 0.001,
    "temperature": 0.1,
    "num_workers": 10,
    "batch_size": 64,
    "data_root": "/net/polaris/storage/deeplearning/ntu",
    "random_sample": false,
    "pin_memory": true,
    "scheduler_config": {
        "type": "plateau",
        "params": {
            "mode": "min",
            "factor": 0.1,
            "patience": 5
        }
    }
}
2024-02-21 20:30:09,386 - INFO - Training MAE for depth...
2024-02-21 20:30:09,432 - INFO - Evaluing on the following GPUs [1]
2024-02-21 20:30:17,167 - INFO - Checkpoint checkpoint_depth_CV_20240208_152934.pth loaded succesfully
2024-02-21 20:30:17,244 - INFO - Starting feature extraction...
2024-02-21 21:14:43,606 - INFO - Epoch [1/500], Loss: 22.401501562635776, Accuracy: 43.49452382874519%
2024-02-21 21:14:43,621 - INFO - Test Accuracy: 52.43741765480896%, Balanced Test Accuracy: 51.465982446632594%
2024-02-21 21:14:44,402 - INFO - Epoch [2/500], Loss: 14.573553610656221, Accuracy: 58.706708646161296%
2024-02-21 21:14:45,137 - INFO - Epoch [3/500], Loss: 12.677683953511513, Accuracy: 62.947714001237856%
2024-02-21 21:14:45,953 - INFO - Epoch [4/500], Loss: 11.63991709381847, Accuracy: 65.33193401684562%
2024-02-21 21:14:46,693 - INFO - Epoch [5/500], Loss: 10.94622900728452, Accuracy: 67.03802373456043%
2024-02-21 21:14:47,437 - INFO - Epoch [6/500], Loss: 10.433966314388535, Accuracy: 68.32970049245176%
2024-02-21 21:14:48,183 - INFO - Epoch [7/500], Loss: 10.031995844032805, Accuracy: 69.36035090551923%
2024-02-21 21:14:48,935 - INFO - Epoch [8/500], Loss: 9.703431114301843, Accuracy: 70.21339576437663%
2024-02-21 21:14:49,684 - INFO - Epoch [9/500], Loss: 9.426859182826544, Accuracy: 70.98571082586582%
2024-02-21 21:14:50,459 - INFO - Epoch [10/500], Loss: 9.188817501068115, Accuracy: 71.66922311024999%
2024-02-21 21:14:51,223 - INFO - Epoch [11/500], Loss: 8.98035761158345, Accuracy: 72.23702268507306%
2024-02-21 21:14:51,234 - INFO - Test Accuracy: 65.34914361001317%, Balanced Test Accuracy: 65.20181010796335%
2024-02-21 21:14:51,968 - INFO - Epoch [12/500], Loss: 8.795256635900271, Accuracy: 72.72678345577353%
2024-02-21 21:14:52,751 - INFO - Epoch [13/500], Loss: 8.629025734077066, Accuracy: 73.22999919270202%
2024-02-21 21:14:53,549 - INFO - Epoch [14/500], Loss: 8.478329328157134, Accuracy: 73.68746804445522%
2024-02-21 21:14:54,407 - INFO - Epoch [15/500], Loss: 8.340627230830112, Accuracy: 74.1099539840155%
2024-02-21 21:14:55,246 - INFO - Epoch [16/500], Loss: 8.213946485923508, Accuracy: 74.49207502489169%
2024-02-21 21:14:56,023 - INFO - Epoch [17/500], Loss: 8.096731011645268, Accuracy: 74.82844918059256%
2024-02-21 21:14:56,918 - INFO - Epoch [18/500], Loss: 7.987728357820187, Accuracy: 75.16213234304782%
2024-02-21 21:14:57,677 - INFO - Epoch [19/500], Loss: 7.885902797771712, Accuracy: 75.4285406743629%
2024-02-21 21:14:58,506 - INFO - Epoch [20/500], Loss: 7.790389294341459, Accuracy: 75.70302198541482%
2024-02-21 21:14:59,321 - INFO - Epoch [21/500], Loss: 7.700467688552404, Accuracy: 75.9640483302387%
2024-02-21 21:14:59,334 - INFO - Test Accuracy: 67.45718050065877%, Balanced Test Accuracy: 67.2265838450049%
2024-02-21 21:15:00,152 - INFO - Epoch [22/500], Loss: 7.615536154326746, Accuracy: 76.25198460751864%
2024-02-21 21:15:00,990 - INFO - Epoch [23/500], Loss: 7.535085348254543, Accuracy: 76.47802804014962%
2024-02-21 21:15:01,820 - INFO - Epoch [24/500], Loss: 7.458679105265666, Accuracy: 76.69061650655257%
2024-02-21 21:15:02,530 - INFO - Epoch [25/500], Loss: 7.385940839678554, Accuracy: 76.91396894593795%
2024-02-21 21:15:03,286 - INFO - Epoch [26/500], Loss: 7.316543383113409, Accuracy: 77.15346734479697%
2024-02-21 21:15:04,087 - INFO - Epoch [27/500], Loss: 7.2502006969209445, Accuracy: 77.34183687198946%
2024-02-21 21:15:04,870 - INFO - Epoch [28/500], Loss: 7.186662069316638, Accuracy: 77.52482441269072%
2024-02-21 21:15:05,661 - INFO - Epoch [29/500], Loss: 7.12570673580897, Accuracy: 77.71857592637443%
2024-02-21 21:15:06,447 - INFO - Epoch [30/500], Loss: 7.067139720512649, Accuracy: 77.90963644681251%
2024-02-21 21:15:07,187 - INFO - Epoch [31/500], Loss: 7.010788854400991, Accuracy: 78.09262398751379%
2024-02-21 21:15:07,197 - INFO - Test Accuracy: 68.51119894598155%, Balanced Test Accuracy: 68.1345661132813%
2024-02-21 21:15:07,956 - INFO - Epoch [32/500], Loss: 6.9565005393351536, Accuracy: 78.27022954172385%
2024-02-21 21:15:08,681 - INFO - Epoch [33/500], Loss: 6.9041358384035405, Accuracy: 78.43168913646026%
2024-02-21 21:15:09,415 - INFO - Epoch [34/500], Loss: 6.853567762900207, Accuracy: 78.56623879874061%
2024-02-21 21:15:10,169 - INFO - Epoch [35/500], Loss: 6.8046806868860275, Accuracy: 78.70078846102096%
2024-02-21 21:15:10,894 - INFO - Epoch [36/500], Loss: 6.757369272284588, Accuracy: 78.88108500847663%
2024-02-21 21:15:11,715 - INFO - Epoch [37/500], Loss: 6.711537887989464, Accuracy: 79.01294367751137%
2024-02-21 21:15:12,454 - INFO - Epoch [38/500], Loss: 6.66709993754403, Accuracy: 79.16094830601975%
2024-02-21 21:15:13,184 - INFO - Epoch [39/500], Loss: 6.623976736250571, Accuracy: 79.29011598180888%
2024-02-21 21:15:13,937 - INFO - Epoch [40/500], Loss: 6.582095718484814, Accuracy: 79.42735663733484%
2024-02-21 21:15:14,798 - INFO - Epoch [41/500], Loss: 6.541390629643101, Accuracy: 79.54037835365033%
2024-02-21 21:15:14,810 - INFO - Test Accuracy: 68.3794466403162%, Balanced Test Accuracy: 68.05239991346804%
2024-02-21 21:15:15,632 - INFO - Epoch [42/500], Loss: 6.501800512863418, Accuracy: 79.65340006996583%
2024-02-21 21:15:16,462 - INFO - Epoch [43/500], Loss: 6.463268811419859, Accuracy: 79.7610397997901%
2024-02-21 21:15:17,322 - INFO - Epoch [44/500], Loss: 6.425743056555926, Accuracy: 79.85791555663195%
2024-02-21 21:15:18,090 - INFO - Epoch [45/500], Loss: 6.389174717462669, Accuracy: 79.98439223917548%
2024-02-21 21:15:18,889 - INFO - Epoch [46/500], Loss: 6.353518276901569, Accuracy: 80.14316084066628%
2024-02-21 21:15:19,660 - INFO - Epoch [47/500], Loss: 6.318731679249618, Accuracy: 80.26963752320982%
2024-02-21 21:15:20,474 - INFO - Epoch [48/500], Loss: 6.284775086378647, Accuracy: 80.38535023277092%
2024-02-21 21:15:21,257 - INFO - Epoch [49/500], Loss: 6.25161165958744, Accuracy: 80.47146201663034%
2024-02-21 21:15:22,026 - INFO - Epoch [50/500], Loss: 6.219206801915573, Accuracy: 80.55757380048976%
2024-02-21 21:15:22,771 - INFO - Epoch [51/500], Loss: 6.187527620691364, Accuracy: 80.66521353031403%
2024-02-21 21:15:22,781 - INFO - Test Accuracy: 68.77470355731225%, Balanced Test Accuracy: 68.3979624391776%
2024-02-21 21:15:23,609 - INFO - Epoch [52/500], Loss: 6.1565438650422175, Accuracy: 80.71903339522618%
2024-02-21 21:15:24,524 - INFO - Epoch [53/500], Loss: 6.126226828259937, Accuracy: 80.79438120610317%
2024-02-21 21:15:25,365 - INFO - Epoch [54/500], Loss: 6.096549832214744, Accuracy: 80.8858749764538%
2024-02-21 21:15:26,145 - INFO - Epoch [55/500], Loss: 6.067487667172642, Accuracy: 80.98544172654127%
2024-02-21 21:15:27,025 - INFO - Epoch [56/500], Loss: 6.039017053478855, Accuracy: 81.06617152390947%
2024-02-21 21:15:27,741 - INFO - Epoch [57/500], Loss: 6.0111157227370695, Accuracy: 81.14690132127768%
2024-02-21 21:15:28,502 - INFO - Epoch [58/500], Loss: 5.983762788065409, Accuracy: 81.25992303759318%
2024-02-21 21:15:29,275 - INFO - Epoch [59/500], Loss: 5.956938716314607, Accuracy: 81.32181588224213%
2024-02-21 21:15:30,094 - INFO - Epoch [60/500], Loss: 5.930624460264788, Accuracy: 81.42945561206642%
2024-02-21 21:15:30,989 - INFO - Epoch [61/500], Loss: 5.90480260576232, Accuracy: 81.50749441618902%
2024-02-21 21:15:31,001 - INFO - Test Accuracy: 69.433465085639%, Balanced Test Accuracy: 68.84286475907993%
2024-02-21 21:15:31,765 - INFO - Epoch [62/500], Loss: 5.879455633587757, Accuracy: 81.56669626759236%
2024-02-21 21:15:32,490 - INFO - Epoch [63/500], Loss: 5.854567691936332, Accuracy: 81.63666209197815%
2024-02-21 21:15:33,244 - INFO - Epoch [64/500], Loss: 5.830123255818577, Accuracy: 81.71470089610075%
2024-02-21 21:15:34,133 - INFO - Epoch [65/500], Loss: 5.8061075170161365, Accuracy: 81.78466672048653%
2024-02-21 21:15:34,973 - INFO - Epoch [66/500], Loss: 5.78250654521635, Accuracy: 81.8465595651355%
2024-02-21 21:15:35,834 - INFO - Epoch [67/500], Loss: 5.759306808649483, Accuracy: 81.91383439627566%
2024-02-21 21:15:36,692 - INFO - Epoch [68/500], Loss: 5.736495725179123, Accuracy: 82.01609213960873%
2024-02-21 21:15:37,434 - INFO - Epoch [69/500], Loss: 5.7140611450550916, Accuracy: 82.0860579639945%
2024-02-21 21:15:38,200 - INFO - Epoch [70/500], Loss: 5.691991474668859, Accuracy: 82.17216974785393%
2024-02-21 21:15:38,930 - INFO - Epoch [71/500], Loss: 5.6702757669707475, Accuracy: 82.23137159925729%
2024-02-21 21:15:38,941 - INFO - Test Accuracy: 70.35573122529644%, Balanced Test Accuracy: 69.76190534182021%
2024-02-21 21:15:39,635 - INFO - Epoch [72/500], Loss: 5.648903544676506, Accuracy: 82.29595543715185%
2024-02-21 21:15:40,356 - INFO - Epoch [73/500], Loss: 5.627864904322867, Accuracy: 82.36053927504642%
2024-02-21 21:15:41,099 - INFO - Epoch [74/500], Loss: 5.607150300579556, Accuracy: 82.45203304539706%
2024-02-21 21:15:41,782 - INFO - Epoch [75/500], Loss: 5.586750677581561, Accuracy: 82.50854390355481%
2024-02-21 21:15:42,568 - INFO - Epoch [76/500], Loss: 5.566657308299662, Accuracy: 82.56236376846694%
2024-02-21 21:15:43,318 - INFO - Epoch [77/500], Loss: 5.546861785448204, Accuracy: 82.65923952530879%
2024-02-21 21:15:44,003 - INFO - Epoch [78/500], Loss: 5.527356292231608, Accuracy: 82.75073329565943%
2024-02-21 21:15:44,671 - INFO - Epoch [79/500], Loss: 5.508132729489924, Accuracy: 82.80724415381718%
2024-02-21 21:15:45,418 - INFO - Epoch [80/500], Loss: 5.489184884196621, Accuracy: 82.85030004574689%
2024-02-21 21:15:46,133 - INFO - Epoch [81/500], Loss: 5.470501971951986, Accuracy: 82.90142891741341%
2024-02-21 21:15:46,143 - INFO - Test Accuracy: 70.35573122529644%, Balanced Test Accuracy: 69.80357200848688%
2024-02-21 21:15:46,907 - INFO - Epoch [82/500], Loss: 5.452088873265153, Accuracy: 82.96063076881677%
2024-02-21 21:15:47,593 - INFO - Epoch [83/500], Loss: 5.433909355583838, Accuracy: 83.01445063372891%
2024-02-21 21:15:48,284 - INFO - Epoch [84/500], Loss: 5.416100023661629, Accuracy: 83.06557950539545%
2024-02-21 21:15:49,145 - INFO - Epoch [85/500], Loss: 5.3982405056387694, Accuracy: 83.12478135679879%
2024-02-21 21:15:50,027 - INFO - Epoch [86/500], Loss: 5.380849829164602, Accuracy: 83.18398320820215%
2024-02-21 21:15:50,852 - INFO - Epoch [87/500], Loss: 5.363785321429624, Accuracy: 83.25394903258793%
2024-02-21 21:15:51,626 - INFO - Epoch [88/500], Loss: 5.346618212885776, Accuracy: 83.31584187723689%
2024-02-21 21:15:52,375 - INFO - Epoch [89/500], Loss: 5.3298943315522145, Accuracy: 83.35082478942978%
2024-02-21 21:15:53,164 - INFO - Epoch [90/500], Loss: 5.313462924654201, Accuracy: 83.36697074890343%
2024-02-21 21:15:53,909 - INFO - Epoch [91/500], Loss: 5.29696438575195, Accuracy: 83.42079061381556%
2024-02-21 21:15:53,920 - INFO - Test Accuracy: 70.2239789196311%, Balanced Test Accuracy: 69.65855566861758%
2024-02-21 21:15:54,693 - INFO - Epoch [92/500], Loss: 5.280857869629132, Accuracy: 83.46115551249966%
2024-02-21 21:15:55,514 - INFO - Epoch [93/500], Loss: 5.265022349559654, Accuracy: 83.52035736390302%
2024-02-21 21:15:56,287 - INFO - Epoch [94/500], Loss: 5.249163099769818, Accuracy: 83.57417722881516%
2024-02-21 21:15:57,096 - INFO - Epoch [95/500], Loss: 5.233650770732912, Accuracy: 83.61992411399048%
2024-02-21 21:15:57,877 - INFO - Epoch [96/500], Loss: 5.218348265199338, Accuracy: 83.68450795188504%
2024-02-21 21:15:58,651 - INFO - Epoch [97/500], Loss: 5.203075059389664, Accuracy: 83.746400796534%
2024-02-21 21:15:59,449 - INFO - Epoch [98/500], Loss: 5.18810952164359, Accuracy: 83.80560264793735%
2024-02-21 21:16:00,299 - INFO - Epoch [99/500], Loss: 5.173280677047827, Accuracy: 83.83251258039343%
2024-02-21 21:16:01,117 - INFO - Epoch [100/500], Loss: 5.158735820802591, Accuracy: 83.89171443179677%
2024-02-21 21:16:01,928 - INFO - Epoch [101/500], Loss: 5.144085044072846, Accuracy: 83.9401523102177%
2024-02-21 21:16:01,937 - INFO - Test Accuracy: 70.4874835309618%, Balanced Test Accuracy: 69.94426995433189%
2024-02-21 21:16:02,626 - INFO - Epoch [102/500], Loss: 5.129760324954987, Accuracy: 83.94822528995452%
2024-02-21 21:16:03,343 - INFO - Epoch [103/500], Loss: 5.115639898231474, Accuracy: 84.00742714135788%
2024-02-21 21:16:04,169 - INFO - Epoch [104/500], Loss: 5.101715263673815, Accuracy: 84.05048303328759%
2024-02-21 21:16:05,021 - INFO - Epoch [105/500], Loss: 5.08773694099006, Accuracy: 84.08277495223487%
2024-02-21 21:16:05,826 - INFO - Epoch [106/500], Loss: 5.074056968345481, Accuracy: 84.15004978337504%
2024-02-21 21:16:06,688 - INFO - Epoch [107/500], Loss: 5.060641492827464, Accuracy: 84.18772368881353%
2024-02-21 21:16:07,539 - INFO - Epoch [108/500], Loss: 5.047035697658183, Accuracy: 84.24154355372568%
2024-02-21 21:16:08,361 - INFO - Epoch [109/500], Loss: 5.033788537575027, Accuracy: 84.30612739162025%
2024-02-21 21:16:09,225 - INFO - Epoch [110/500], Loss: 5.020686388015747, Accuracy: 84.34649229030435%
2024-02-21 21:16:10,044 - INFO - Epoch [111/500], Loss: 5.007788314152572, Accuracy: 84.38954818223407%
2024-02-21 21:16:10,054 - INFO - Test Accuracy: 70.61923583662714%, Balanced Test Accuracy: 70.04000755006946%
2024-02-21 21:16:10,790 - INFO - Epoch [112/500], Loss: 4.994767213271836, Accuracy: 84.43260407416378%
2024-02-21 21:16:11,574 - INFO - Epoch [113/500], Loss: 4.982095617358968, Accuracy: 84.48373294583031%
2024-02-21 21:16:12,373 - INFO - Epoch [114/500], Loss: 4.969546940872225, Accuracy: 84.52678883776002%
2024-02-21 21:16:13,177 - INFO - Epoch [115/500], Loss: 4.956972341416246, Accuracy: 84.5590807567073%
2024-02-21 21:16:13,934 - INFO - Epoch [116/500], Loss: 4.944709862692881, Accuracy: 84.61828260811065%
2024-02-21 21:16:14,742 - INFO - Epoch [117/500], Loss: 4.932395349114628, Accuracy: 84.65326552030355%
2024-02-21 21:16:15,538 - INFO - Epoch [118/500], Loss: 4.920473451836634, Accuracy: 84.7124673717069%
2024-02-21 21:16:16,322 - INFO - Epoch [119/500], Loss: 4.9081881824186295, Accuracy: 84.73130432442615%
2024-02-21 21:16:17,189 - INFO - Epoch [120/500], Loss: 4.896454865649595, Accuracy: 84.76628723661904%
2024-02-21 21:16:18,034 - INFO - Epoch [121/500], Loss: 4.884641335677292, Accuracy: 84.80396114205753%
2024-02-21 21:16:18,047 - INFO - Test Accuracy: 70.75098814229248%, Balanced Test Accuracy: 70.25627739133931%
2024-02-21 21:16:18,938 - INFO - Epoch [122/500], Loss: 4.873042864819705, Accuracy: 84.84701703398724%
2024-02-21 21:16:19,823 - INFO - Epoch [123/500], Loss: 4.861376628532248, Accuracy: 84.88469093942574%
2024-02-21 21:16:20,612 - INFO - Epoch [124/500], Loss: 4.849986383470438, Accuracy: 84.93851080433788%
2024-02-21 21:16:21,395 - INFO - Epoch [125/500], Loss: 4.838577288692281, Accuracy: 85.00040364898685%
2024-02-21 21:16:22,178 - INFO - Epoch [126/500], Loss: 4.827494017653546, Accuracy: 85.03000457468852%
2024-02-21 21:16:22,974 - INFO - Epoch [127/500], Loss: 4.816031542874999, Accuracy: 85.04345954091656%
2024-02-21 21:16:23,790 - INFO - Epoch [128/500], Loss: 4.805036976680917, Accuracy: 85.0999703990743%
2024-02-21 21:16:24,608 - INFO - Epoch [129/500], Loss: 4.794069054268174, Accuracy: 85.14571728424961%
2024-02-21 21:16:25,483 - INFO - Epoch [130/500], Loss: 4.783186231629323, Accuracy: 85.1753182099513%
2024-02-21 21:16:26,430 - INFO - Epoch [131/500], Loss: 4.772409501217179, Accuracy: 85.2210650951266%
2024-02-21 21:16:26,444 - INFO - Test Accuracy: 70.75098814229248%, Balanced Test Accuracy: 70.19013982520175%
2024-02-21 21:16:27,303 - INFO - Epoch [132/500], Loss: 4.761726805214154, Accuracy: 85.2560480073195%
2024-02-21 21:16:28,069 - INFO - Epoch [133/500], Loss: 4.751036221698179, Accuracy: 85.30717687898603%
2024-02-21 21:16:28,704 - INFO - Epoch [134/500], Loss: 4.740565417176586, Accuracy: 85.36368773714378%
2024-02-21 21:16:29,348 - INFO - Epoch [135/500], Loss: 4.730323754124722, Accuracy: 85.42558058179274%
2024-02-21 21:16:30,021 - INFO - Epoch [136/500], Loss: 4.719627554386349, Accuracy: 85.45787250074002%
2024-02-21 21:16:30,738 - INFO - Epoch [137/500], Loss: 4.709479301410206, Accuracy: 85.48209143995048%
2024-02-21 21:16:31,515 - INFO - Epoch [138/500], Loss: 4.699332783282814, Accuracy: 85.52514733188019%
2024-02-21 21:16:32,354 - INFO - Epoch [139/500], Loss: 4.689246051139751, Accuracy: 85.57358521030112%
2024-02-21 21:16:33,168 - INFO - Epoch [140/500], Loss: 4.679236648951546, Accuracy: 85.6004951427572%
2024-02-21 21:16:34,043 - INFO - Epoch [141/500], Loss: 4.669312003052841, Accuracy: 85.63547805495008%
2024-02-21 21:16:34,053 - INFO - Test Accuracy: 70.61923583662714%, Balanced Test Accuracy: 70.0619346969966%
2024-02-21 21:16:34,811 - INFO - Epoch [142/500], Loss: 4.659486528422873, Accuracy: 85.67315196038858%
2024-02-21 21:16:35,653 - INFO - Epoch [143/500], Loss: 4.649662888403666, Accuracy: 85.72428083205511%
2024-02-21 21:16:36,537 - INFO - Epoch [144/500], Loss: 4.640001049486258, Accuracy: 85.7565727510024%
2024-02-21 21:16:37,318 - INFO - Epoch [145/500], Loss: 4.630381147992813, Accuracy: 85.78886466994967%
2024-02-21 21:16:38,067 - INFO - Epoch [146/500], Loss: 4.62083125367003, Accuracy: 85.80770162266893%
2024-02-21 21:16:38,834 - INFO - Epoch [147/500], Loss: 4.6114679347660585, Accuracy: 85.834611555125%
2024-02-21 21:16:39,627 - INFO - Epoch [148/500], Loss: 4.601875212232946, Accuracy: 85.8749764538091%
2024-02-21 21:16:40,483 - INFO - Epoch [149/500], Loss: 4.592619724192862, Accuracy: 85.9153413524932%
2024-02-21 21:16:41,321 - INFO - Epoch [150/500], Loss: 4.583384895476244, Accuracy: 85.94494227819489%
2024-02-21 21:16:42,124 - INFO - Epoch [151/500], Loss: 4.574203290171543, Accuracy: 85.97185221065095%
2024-02-21 21:16:42,136 - INFO - Test Accuracy: 70.61923583662714%, Balanced Test Accuracy: 70.10278437019922%
2024-02-21 21:16:42,979 - INFO - Epoch [152/500], Loss: 4.565085963172428, Accuracy: 86.00145313635262%
2024-02-21 21:16:43,775 - INFO - Epoch [153/500], Loss: 4.556044988713022, Accuracy: 86.03643604854553%
2024-02-21 21:16:44,606 - INFO - Epoch [154/500], Loss: 4.547116147259534, Accuracy: 86.07680094722963%
2024-02-21 21:16:45,332 - INFO - Epoch [155/500], Loss: 4.538059960482484, Accuracy: 86.09025591345765%
2024-02-21 21:16:46,064 - INFO - Epoch [156/500], Loss: 4.529255277271998, Accuracy: 86.12254783240495%
2024-02-21 21:16:46,759 - INFO - Epoch [157/500], Loss: 4.5204839534678705, Accuracy: 86.15483975135223%
2024-02-21 21:16:47,543 - INFO - Epoch [158/500], Loss: 4.511763796210289, Accuracy: 86.17905869056268%
2024-02-21 21:16:48,383 - INFO - Epoch [159/500], Loss: 4.50310220304182, Accuracy: 86.20327762977315%
2024-02-21 21:16:49,201 - INFO - Epoch [160/500], Loss: 4.494501979926885, Accuracy: 86.22749656898361%
2024-02-21 21:16:50,032 - INFO - Epoch [161/500], Loss: 4.4859560442678, Accuracy: 86.26786146766771%
2024-02-21 21:16:50,043 - INFO - Test Accuracy: 70.75098814229248%, Balanced Test Accuracy: 70.2694510368659%
2024-02-21 21:16:50,747 - INFO - Epoch [162/500], Loss: 4.477530913585324, Accuracy: 86.29208040687818%
2024-02-21 21:16:51,462 - INFO - Epoch [163/500], Loss: 4.468982375021708, Accuracy: 86.32706331907107%
2024-02-21 21:16:52,262 - INFO - Epoch [164/500], Loss: 4.460653144676806, Accuracy: 86.35935523801835%
2024-02-21 21:16:53,044 - INFO - Epoch [165/500], Loss: 4.452363021040367, Accuracy: 86.38088318398322%
2024-02-21 21:16:53,815 - INFO - Epoch [166/500], Loss: 4.44412090237868, Accuracy: 86.40241112994806%
2024-02-21 21:16:54,645 - INFO - Epoch [167/500], Loss: 4.435929860856573, Accuracy: 86.42124808266732%
2024-02-21 21:16:55,422 - INFO - Epoch [168/500], Loss: 4.427794369600587, Accuracy: 86.43201205564974%
2024-02-21 21:16:56,223 - INFO - Epoch [169/500], Loss: 4.419719721301127, Accuracy: 86.44277602863217%
2024-02-21 21:16:57,023 - INFO - Epoch [170/500], Loss: 4.411653803819317, Accuracy: 86.47506794757945%
2024-02-21 21:16:57,871 - INFO - Epoch [171/500], Loss: 4.403687075285588, Accuracy: 86.49659589354431%
2024-02-21 21:16:57,883 - INFO - Test Accuracy: 70.4874835309618%, Balanced Test Accuracy: 70.0393339317488%
2024-02-21 21:16:58,680 - INFO - Epoch [172/500], Loss: 4.395769537505457, Accuracy: 86.5342697989828%
2024-02-21 21:16:59,449 - INFO - Epoch [173/500], Loss: 4.387895815200725, Accuracy: 86.55579774494765%
2024-02-21 21:17:00,297 - INFO - Epoch [174/500], Loss: 4.380069698317576, Accuracy: 86.58270767740373%
2024-02-21 21:17:01,174 - INFO - Epoch [175/500], Loss: 4.372322338870016, Accuracy: 86.60423562336858%
2024-02-21 21:17:02,031 - INFO - Epoch [176/500], Loss: 4.364563661864248, Accuracy: 86.62038158284223%
2024-02-21 21:17:02,872 - INFO - Epoch [177/500], Loss: 4.356903361314434, Accuracy: 86.64190952880708%
2024-02-21 21:17:03,655 - INFO - Epoch [178/500], Loss: 4.349287837743759, Accuracy: 86.65267350178951%
2024-02-21 21:17:04,524 - INFO - Epoch [179/500], Loss: 4.341720189330942, Accuracy: 86.6876564139824%
2024-02-21 21:17:05,308 - INFO - Epoch [180/500], Loss: 4.33419352921389, Accuracy: 86.71994833292969%
2024-02-21 21:17:06,103 - INFO - Epoch [181/500], Loss: 4.326715175125559, Accuracy: 86.77376819784182%
2024-02-21 21:17:06,114 - INFO - Test Accuracy: 70.61923583662714%, Balanced Test Accuracy: 70.37266726508213%
2024-02-21 21:17:06,961 - INFO - Epoch [182/500], Loss: 4.319284948252015, Accuracy: 86.81144210328033%
2024-02-21 21:17:07,774 - INFO - Epoch [183/500], Loss: 4.311938921273765, Accuracy: 86.82489706950835%
2024-02-21 21:17:08,577 - INFO - Epoch [184/500], Loss: 4.304539773423793, Accuracy: 86.84642501547322%
2024-02-21 21:17:09,331 - INFO - Epoch [185/500], Loss: 4.297255277128543, Accuracy: 86.87064395468367%
2024-02-21 21:17:10,087 - INFO - Epoch [186/500], Loss: 4.2900124697361965, Accuracy: 86.89217190064853%
2024-02-21 21:17:10,861 - INFO - Epoch [187/500], Loss: 4.282812057915381, Accuracy: 86.90831786012217%
2024-02-21 21:17:11,662 - INFO - Epoch [188/500], Loss: 4.275654465212661, Accuracy: 86.92984580608703%
2024-02-21 21:17:12,467 - INFO - Epoch [189/500], Loss: 4.268542022523233, Accuracy: 86.96751971152553%
2024-02-21 21:17:13,182 - INFO - Epoch [190/500], Loss: 4.261478053563732, Accuracy: 86.99442964398159%
2024-02-21 21:17:13,879 - INFO - Epoch [191/500], Loss: 4.2544279790530775, Accuracy: 87.01326659670084%
2024-02-21 21:17:13,894 - INFO - Test Accuracy: 70.4874835309618%, Balanced Test Accuracy: 70.17485581727068%
2024-02-21 21:17:14,686 - INFO - Epoch [192/500], Loss: 4.2474418762376756, Accuracy: 87.02133957643767%
2024-02-21 21:17:15,450 - INFO - Epoch [193/500], Loss: 4.2405003001124175, Accuracy: 87.04017652915691%
2024-02-21 21:17:16,219 - INFO - Epoch [194/500], Loss: 4.233615273136204, Accuracy: 87.06170447512177%
2024-02-21 21:17:16,931 - INFO - Epoch [195/500], Loss: 4.2267158695701825, Accuracy: 87.08861440757784%
2024-02-21 21:17:17,632 - INFO - Epoch [196/500], Loss: 4.219892038379685, Accuracy: 87.11821533327951%
2024-02-21 21:17:18,362 - INFO - Epoch [197/500], Loss: 4.213108818914931, Accuracy: 87.14243427248998%
2024-02-21 21:17:19,163 - INFO - Epoch [198/500], Loss: 4.206364662465402, Accuracy: 87.155889238718%
2024-02-21 21:17:19,956 - INFO - Epoch [199/500], Loss: 4.199660596453537, Accuracy: 87.19356314415651%
2024-02-21 21:17:20,750 - INFO - Epoch [200/500], Loss: 4.192997772562301, Accuracy: 87.21240009687575%
2024-02-21 21:17:21,507 - INFO - Epoch [201/500], Loss: 4.186357348399647, Accuracy: 87.2285460563494%
2024-02-21 21:17:21,517 - INFO - Test Accuracy: 70.4874835309618%, Balanced Test Accuracy: 70.17485581727068%
2024-02-21 21:17:22,253 - INFO - Epoch [202/500], Loss: 4.17976697698488, Accuracy: 87.24738300906864%
2024-02-21 21:17:23,046 - INFO - Epoch [203/500], Loss: 4.173218915523109, Accuracy: 87.2662199617879%
2024-02-21 21:17:23,828 - INFO - Epoch [204/500], Loss: 4.166689811621682, Accuracy: 87.29312989424396%
2024-02-21 21:17:24,614 - INFO - Epoch [205/500], Loss: 4.160208734415345, Accuracy: 87.32273081994565%
2024-02-21 21:17:25,339 - INFO - Epoch [206/500], Loss: 4.153767533726612, Accuracy: 87.32542181319126%
2024-02-21 21:17:26,041 - INFO - Epoch [207/500], Loss: 4.1473730355501175, Accuracy: 87.3442587659105%
2024-02-21 21:17:26,805 - INFO - Epoch [208/500], Loss: 4.140979772907192, Accuracy: 87.37116869836656%
2024-02-21 21:17:27,582 - INFO - Epoch [209/500], Loss: 4.134638226890968, Accuracy: 87.40346061731385%
2024-02-21 21:17:28,419 - INFO - Epoch [210/500], Loss: 4.12833385901936, Accuracy: 87.43306154301553%
2024-02-21 21:17:29,158 - INFO - Epoch [211/500], Loss: 4.122066004801605, Accuracy: 87.44113452275235%
2024-02-21 21:17:29,168 - INFO - Test Accuracy: 70.61923583662714%, Balanced Test Accuracy: 70.2939034363183%
2024-02-21 21:17:29,893 - INFO - Epoch [212/500], Loss: 4.115836082121073, Accuracy: 87.44920750248917%
2024-02-21 21:17:30,531 - INFO - Epoch [213/500], Loss: 4.109653092289375, Accuracy: 87.4626624687172%
2024-02-21 21:17:31,246 - INFO - Epoch [214/500], Loss: 4.10346947938709, Accuracy: 87.49226339441888%
2024-02-21 21:17:31,992 - INFO - Epoch [215/500], Loss: 4.097330042618816, Accuracy: 87.51110034713813%
2024-02-21 21:17:32,798 - INFO - Epoch [216/500], Loss: 4.091224708547027, Accuracy: 87.53262829310299%
2024-02-21 21:17:33,608 - INFO - Epoch [217/500], Loss: 4.085153213749497, Accuracy: 87.54608325933101%
2024-02-21 21:17:34,376 - INFO - Epoch [218/500], Loss: 4.079116646768683, Accuracy: 87.56222921880466%
2024-02-21 21:17:35,227 - INFO - Epoch [219/500], Loss: 4.073115078069396, Accuracy: 87.58375716476952%
2024-02-21 21:17:35,990 - INFO - Epoch [220/500], Loss: 4.067144749275709, Accuracy: 87.6160490837168%
2024-02-21 21:17:36,713 - INFO - Epoch [221/500], Loss: 4.061213597402734, Accuracy: 87.63757702968165%
2024-02-21 21:17:36,721 - INFO - Test Accuracy: 70.61923583662714%, Balanced Test Accuracy: 70.2939034363183%
2024-02-21 21:17:37,472 - INFO - Epoch [222/500], Loss: 4.055299582117695, Accuracy: 87.65910497564651%
2024-02-21 21:17:38,186 - INFO - Epoch [223/500], Loss: 4.049419968562611, Accuracy: 87.67794192836575%
2024-02-21 21:17:38,910 - INFO - Epoch [224/500], Loss: 4.043573294150627, Accuracy: 87.69677888108501%
2024-02-21 21:17:39,624 - INFO - Epoch [225/500], Loss: 4.037771308826188, Accuracy: 87.71292484055866%
2024-02-21 21:17:40,394 - INFO - Epoch [226/500], Loss: 4.032092777096619, Accuracy: 87.7317617932779%
2024-02-21 21:17:41,162 - INFO - Epoch [227/500], Loss: 4.026802473906743, Accuracy: 87.74790775275154%
2024-02-21 21:17:41,938 - INFO - Epoch [228/500], Loss: 4.020513964659076, Accuracy: 87.772126691962%
2024-02-21 21:17:42,686 - INFO - Epoch [229/500], Loss: 4.015109928735232, Accuracy: 87.78827265143565%
2024-02-21 21:17:43,558 - INFO - Epoch [230/500], Loss: 4.009253903718318, Accuracy: 87.8124915906461%
2024-02-21 21:17:44,329 - INFO - Epoch [231/500], Loss: 4.00410292941635, Accuracy: 87.83132854336536%
2024-02-21 21:17:44,338 - INFO - Test Accuracy: 70.35573122529644%, Balanced Test Accuracy: 70.03749317990805%
2024-02-21 21:17:45,086 - INFO - Epoch [232/500], Loss: 3.9979358696836536, Accuracy: 87.84209251634779%
2024-02-21 21:17:45,905 - INFO - Epoch [233/500], Loss: 3.9930192030082314, Accuracy: 87.85285648933021%
2024-02-21 21:17:46,703 - INFO - Epoch [234/500], Loss: 3.986638200737662, Accuracy: 87.87438443529507%
2024-02-21 21:17:47,528 - INFO - Epoch [235/500], Loss: 3.981660492844501, Accuracy: 87.89322138801431%
2024-02-21 21:17:48,245 - INFO - Epoch [236/500], Loss: 3.9761346684674086, Accuracy: 87.91744032722478%
2024-02-21 21:17:48,964 - INFO - Epoch [237/500], Loss: 3.9705381390906997, Accuracy: 87.94165926643524%
2024-02-21 21:17:49,670 - INFO - Epoch [238/500], Loss: 3.965133230312396, Accuracy: 87.95242323941767%
2024-02-21 21:17:50,356 - INFO - Epoch [239/500], Loss: 3.9596044469182776, Accuracy: 87.97395118538252%
2024-02-21 21:17:51,044 - INFO - Epoch [240/500], Loss: 3.954228399416148, Accuracy: 88.0008611178386%
2024-02-21 21:17:51,730 - INFO - Epoch [241/500], Loss: 3.948844920780699, Accuracy: 88.02508005704905%
2024-02-21 21:17:51,740 - INFO - Test Accuracy: 70.88274044795784%, Balanced Test Accuracy: 70.54737218978705%
2024-02-21 21:17:52,414 - INFO - Epoch [242/500], Loss: 3.9435237413745816, Accuracy: 88.03584403003148%
2024-02-21 21:17:53,111 - INFO - Epoch [243/500], Loss: 3.9382328820430628, Accuracy: 88.05468098275074%
2024-02-21 21:17:53,788 - INFO - Epoch [244/500], Loss: 3.9329286316188714, Accuracy: 88.06544495573316%
2024-02-21 21:17:54,548 - INFO - Epoch [245/500], Loss: 3.9277065499859343, Accuracy: 88.07620892871559%
2024-02-21 21:17:55,326 - INFO - Epoch [246/500], Loss: 3.9222248757289626, Accuracy: 88.08428190845241%
2024-02-21 21:17:56,192 - INFO - Epoch [247/500], Loss: 3.917267162668503, Accuracy: 88.11119184090848%
2024-02-21 21:17:56,998 - INFO - Epoch [248/500], Loss: 3.911962040905225, Accuracy: 88.12464680713651%
2024-02-21 21:17:57,762 - INFO - Epoch [249/500], Loss: 3.9068524312164823, Accuracy: 88.13810177336455%
2024-02-21 21:17:58,631 - INFO - Epoch [250/500], Loss: 3.901567786174305, Accuracy: 88.14617475310136%
2024-02-21 21:17:59,524 - INFO - Epoch [251/500], Loss: 3.896541252479715, Accuracy: 88.1569387260838%
2024-02-21 21:17:59,535 - INFO - Test Accuracy: 70.88274044795784%, Balanced Test Accuracy: 70.562253142168%
2024-02-21 21:18:00,364 - INFO - Epoch [252/500], Loss: 3.89148199305696, Accuracy: 88.16770269906623%
2024-02-21 21:18:01,200 - INFO - Epoch [253/500], Loss: 3.8863335241705683, Accuracy: 88.1973036247679%
2024-02-21 21:18:01,986 - INFO - Epoch [254/500], Loss: 3.8812857889017818, Accuracy: 88.20537660450472%
2024-02-21 21:18:02,751 - INFO - Epoch [255/500], Loss: 3.876308453790212, Accuracy: 88.21344958424154%
2024-02-21 21:18:03,564 - INFO - Epoch [256/500], Loss: 3.871324728606111, Accuracy: 88.2349775302064%
2024-02-21 21:18:04,356 - INFO - Epoch [257/500], Loss: 3.8662977799520655, Accuracy: 88.24843249643443%
2024-02-21 21:18:05,132 - INFO - Epoch [258/500], Loss: 3.861338571976807, Accuracy: 88.26726944915369%
2024-02-21 21:18:05,828 - INFO - Epoch [259/500], Loss: 3.85641297950583, Accuracy: 88.30494335459218%
2024-02-21 21:18:06,535 - INFO - Epoch [260/500], Loss: 3.851513833312665, Accuracy: 88.32916229380264%
2024-02-21 21:18:07,305 - INFO - Epoch [261/500], Loss: 3.846623592457529, Accuracy: 88.34530825327629%
2024-02-21 21:18:07,316 - INFO - Test Accuracy: 70.75098814229248%, Balanced Test Accuracy: 70.45114203105689%
2024-02-21 21:18:08,074 - INFO - Epoch [262/500], Loss: 3.841752557936361, Accuracy: 88.36683619924113%
2024-02-21 21:18:08,842 - INFO - Epoch [263/500], Loss: 3.836907734810296, Accuracy: 88.38567315196039%
2024-02-21 21:18:09,609 - INFO - Epoch [264/500], Loss: 3.8320814398890835, Accuracy: 88.40181911143404%
2024-02-21 21:18:10,398 - INFO - Epoch [265/500], Loss: 3.827281560433113, Accuracy: 88.41796507090767%
2024-02-21 21:18:11,177 - INFO - Epoch [266/500], Loss: 3.8225033717640375, Accuracy: 88.43411103038132%
2024-02-21 21:18:11,909 - INFO - Epoch [267/500], Loss: 3.817738020824174, Accuracy: 88.45832996959177%
2024-02-21 21:18:12,674 - INFO - Epoch [268/500], Loss: 3.812997182799598, Accuracy: 88.4664029493286%
2024-02-21 21:18:13,442 - INFO - Epoch [269/500], Loss: 3.8082832067699757, Accuracy: 88.48523990204785%
2024-02-21 21:18:14,213 - INFO - Epoch [270/500], Loss: 3.803589332659366, Accuracy: 88.50138586152148%
2024-02-21 21:18:14,961 - INFO - Epoch [271/500], Loss: 3.798904570482545, Accuracy: 88.5067678480127%
2024-02-21 21:18:14,975 - INFO - Test Accuracy: 71.01449275362319%, Balanced Test Accuracy: 70.6773863749483%
2024-02-21 21:18:15,729 - INFO - Epoch [272/500], Loss: 3.79425003089137, Accuracy: 88.52560480073195%
2024-02-21 21:18:16,497 - INFO - Epoch [273/500], Loss: 3.789620096905757, Accuracy: 88.53367778046876%
2024-02-21 21:18:17,312 - INFO - Epoch [274/500], Loss: 3.7849983461832597, Accuracy: 88.53636877371437%
2024-02-21 21:18:18,083 - INFO - Epoch [275/500], Loss: 3.7803963107072702, Accuracy: 88.54175076020559%
2024-02-21 21:18:18,830 - INFO - Epoch [276/500], Loss: 3.775824113670042, Accuracy: 88.55520572643363%
2024-02-21 21:18:19,563 - INFO - Epoch [277/500], Loss: 3.771271032802129, Accuracy: 88.56596969941606%
2024-02-21 21:18:20,268 - INFO - Epoch [278/500], Loss: 3.766729655659805, Accuracy: 88.5848066521353%
2024-02-21 21:18:20,999 - INFO - Epoch [279/500], Loss: 3.762203276409941, Accuracy: 88.60633459810016%
2024-02-21 21:18:21,716 - INFO - Epoch [280/500], Loss: 3.7577159907353126, Accuracy: 88.63593552380183%
2024-02-21 21:18:22,466 - INFO - Epoch [281/500], Loss: 3.753247630040524, Accuracy: 88.6601544630123%
2024-02-21 21:18:22,478 - INFO - Test Accuracy: 70.88274044795784%, Balanced Test Accuracy: 70.60794193050387%
2024-02-21 21:18:23,269 - INFO - Epoch [282/500], Loss: 3.7487585976467295, Accuracy: 88.67899141573155%
2024-02-21 21:18:24,025 - INFO - Epoch [283/500], Loss: 3.7443500148542856, Accuracy: 88.68706439546837%
2024-02-21 21:18:24,850 - INFO - Epoch [284/500], Loss: 3.7400559664277706, Accuracy: 88.70051936169641%
2024-02-21 21:18:25,600 - INFO - Epoch [285/500], Loss: 3.7355956523600273, Accuracy: 88.71397432792443%
2024-02-21 21:18:26,364 - INFO - Epoch [286/500], Loss: 3.731084377583811, Accuracy: 88.71666532117004%
2024-02-21 21:18:27,194 - INFO - Epoch [287/500], Loss: 3.7266821833485264, Accuracy: 88.72473830090686%
2024-02-21 21:18:27,962 - INFO - Epoch [288/500], Loss: 3.722382211836718, Accuracy: 88.74626624687173%
2024-02-21 21:18:28,727 - INFO - Epoch [289/500], Loss: 3.718176109811007, Accuracy: 88.76241220634536%
2024-02-21 21:18:29,486 - INFO - Epoch [290/500], Loss: 3.7137815727520795, Accuracy: 88.77317617932779%
2024-02-21 21:18:30,273 - INFO - Epoch [291/500], Loss: 3.7094202776581553, Accuracy: 88.78394015231022%
2024-02-21 21:18:30,283 - INFO - Test Accuracy: 70.88274044795784%, Balanced Test Accuracy: 70.60794193050387%
2024-02-21 21:18:31,018 - INFO - Epoch [292/500], Loss: 3.7050913824873457, Accuracy: 88.79201313204703%
2024-02-21 21:18:31,803 - INFO - Epoch [293/500], Loss: 3.701039002103321, Accuracy: 88.8162320712575%
2024-02-21 21:18:32,582 - INFO - Epoch [294/500], Loss: 3.697519801430783, Accuracy: 88.82161405774872%
2024-02-21 21:18:33,398 - INFO - Epoch [295/500], Loss: 3.692154254196054, Accuracy: 88.84045101046796%
2024-02-21 21:18:34,245 - INFO - Epoch [296/500], Loss: 3.6880719421778694, Accuracy: 88.84852399020478%
2024-02-21 21:18:35,061 - INFO - Epoch [297/500], Loss: 3.6838549600314288, Accuracy: 88.85928796318721%
2024-02-21 21:18:35,859 - INFO - Epoch [298/500], Loss: 3.679726994896339, Accuracy: 88.87543392266086%
2024-02-21 21:18:36,600 - INFO - Epoch [299/500], Loss: 3.6755666790877357, Accuracy: 88.8915798821345%
2024-02-21 21:18:37,393 - INFO - Epoch [300/500], Loss: 3.6714597160028197, Accuracy: 88.91041683485375%
2024-02-21 21:18:38,193 - INFO - Epoch [301/500], Loss: 3.6673141058723804, Accuracy: 88.92118080783617%
2024-02-21 21:18:38,202 - INFO - Test Accuracy: 70.88274044795784%, Balanced Test Accuracy: 70.65754510510703%
2024-02-21 21:18:39,008 - INFO - Epoch [302/500], Loss: 3.6632289404081084, Accuracy: 88.92656279432738%
2024-02-21 21:18:39,863 - INFO - Epoch [303/500], Loss: 3.6596937588715956, Accuracy: 88.92925378757299%
2024-02-21 21:18:40,668 - INFO - Epoch [304/500], Loss: 3.654768228278322, Accuracy: 88.95078173353785%
2024-02-21 21:18:41,514 - INFO - Epoch [305/500], Loss: 3.650778628001779, Accuracy: 88.94539974704664%
2024-02-21 21:18:42,321 - INFO - Epoch [306/500], Loss: 3.6468497562711524, Accuracy: 88.9723096795027%
2024-02-21 21:18:43,091 - INFO - Epoch [307/500], Loss: 3.64283764337079, Accuracy: 88.98038265923952%
2024-02-21 21:18:43,847 - INFO - Epoch [308/500], Loss: 3.639040549175214, Accuracy: 88.99383762546756%
2024-02-21 21:18:44,599 - INFO - Epoch [309/500], Loss: 3.636905190298113, Accuracy: 89.00460159845%
2024-02-21 21:18:45,334 - INFO - Epoch [310/500], Loss: 3.630952016024266, Accuracy: 89.02343855116924%
2024-02-21 21:18:46,104 - INFO - Epoch [311/500], Loss: 3.6268886148424473, Accuracy: 89.0476574903797%
2024-02-21 21:18:46,114 - INFO - Test Accuracy: 70.75098814229248%, Balanced Test Accuracy: 70.53849748605941%
2024-02-21 21:18:46,882 - INFO - Epoch [312/500], Loss: 3.622865084621866, Accuracy: 89.07725841608138%
2024-02-21 21:18:47,739 - INFO - Epoch [313/500], Loss: 3.618993305806386, Accuracy: 89.09609536880062%
2024-02-21 21:18:48,534 - INFO - Epoch [314/500], Loss: 3.615044774898028, Accuracy: 89.10147735529183%
2024-02-21 21:18:49,293 - INFO - Epoch [315/500], Loss: 3.6111881126791743, Accuracy: 89.10416834853744%
2024-02-21 21:18:50,142 - INFO - Epoch [316/500], Loss: 3.607284913628788, Accuracy: 89.11762331476548%
2024-02-21 21:18:50,932 - INFO - Epoch [317/500], Loss: 3.603462670566672, Accuracy: 89.14184225397594%
2024-02-21 21:18:51,719 - INFO - Epoch [318/500], Loss: 3.599538142398252, Accuracy: 89.15260622695837%
2024-02-21 21:18:52,555 - INFO - Epoch [319/500], Loss: 3.5962716252621956, Accuracy: 89.1633701999408%
2024-02-21 21:18:53,360 - INFO - Epoch [320/500], Loss: 3.592242788460295, Accuracy: 89.16875218643202%
2024-02-21 21:18:54,208 - INFO - Epoch [321/500], Loss: 3.587837548326638, Accuracy: 89.19028013239686%
2024-02-21 21:18:54,219 - INFO - Test Accuracy: 70.4874835309618%, Balanced Test Accuracy: 70.34084791340985%
2024-02-21 21:18:54,996 - INFO - Epoch [322/500], Loss: 3.5842010838500524, Accuracy: 89.19566211888808%
2024-02-21 21:18:55,754 - INFO - Epoch [323/500], Loss: 3.5803540414672788, Accuracy: 89.21719006485294%
2024-02-21 21:18:56,632 - INFO - Epoch [324/500], Loss: 3.5766541712870032, Accuracy: 89.23871801081779%
2024-02-21 21:18:57,377 - INFO - Epoch [325/500], Loss: 3.572846224499961, Accuracy: 89.25755496353705%
2024-02-21 21:18:58,133 - INFO - Epoch [326/500], Loss: 3.569470349004713, Accuracy: 89.27639191625629%
2024-02-21 21:18:58,916 - INFO - Epoch [327/500], Loss: 3.567802206186925, Accuracy: 89.26831893651946%
2024-02-21 21:18:59,672 - INFO - Epoch [328/500], Loss: 3.56159896390923, Accuracy: 89.29253787572993%
2024-02-21 21:19:00,521 - INFO - Epoch [329/500], Loss: 3.557922924221572, Accuracy: 89.30599284195797%
2024-02-21 21:19:01,253 - INFO - Epoch [330/500], Loss: 3.554140371791387, Accuracy: 89.319447808186%
2024-02-21 21:19:02,002 - INFO - Epoch [331/500], Loss: 3.550554250761614, Accuracy: 89.33021178116843%
2024-02-21 21:19:02,013 - INFO - Test Accuracy: 70.75098814229248%, Balanced Test Accuracy: 70.69799077055269%
2024-02-21 21:19:02,807 - INFO - Epoch [332/500], Loss: 3.5468329378103807, Accuracy: 89.33290277441404%
2024-02-21 21:19:03,528 - INFO - Epoch [333/500], Loss: 3.543259513075069, Accuracy: 89.33828476090525%
2024-02-21 21:19:04,286 - INFO - Epoch [334/500], Loss: 3.539553398298005, Accuracy: 89.34904873388768%
2024-02-21 21:19:05,080 - INFO - Epoch [335/500], Loss: 3.536012164616989, Accuracy: 89.35173972713328%
2024-02-21 21:19:05,827 - INFO - Epoch [336/500], Loss: 3.532319373245967, Accuracy: 89.3571217136245%
2024-02-21 21:19:06,571 - INFO - Epoch [337/500], Loss: 3.5291458148572405, Accuracy: 89.36519469336132%
2024-02-21 21:19:07,285 - INFO - Epoch [338/500], Loss: 3.524874326536211, Accuracy: 89.36788568660693%
2024-02-21 21:19:08,008 - INFO - Epoch [339/500], Loss: 3.521571822338185, Accuracy: 89.38672263932618%
2024-02-21 21:19:08,741 - INFO - Epoch [340/500], Loss: 3.517942452077138, Accuracy: 89.4001776055542%
2024-02-21 21:19:09,579 - INFO - Epoch [341/500], Loss: 3.5144825413570566, Accuracy: 89.41094157853664%
2024-02-21 21:19:09,591 - INFO - Test Accuracy: 70.88274044795784%, Balanced Test Accuracy: 70.82619589875783%
2024-02-21 21:19:10,366 - INFO - Epoch [342/500], Loss: 3.511399853532597, Accuracy: 89.42977853125589%
2024-02-21 21:19:11,076 - INFO - Epoch [343/500], Loss: 3.5079138294114904, Accuracy: 89.44054250423831%
2024-02-21 21:19:11,900 - INFO - Epoch [344/500], Loss: 3.50370493884814, Accuracy: 89.45130647722074%
2024-02-21 21:19:12,624 - INFO - Epoch [345/500], Loss: 3.50057933416407, Accuracy: 89.46745243669439%
2024-02-21 21:19:13,294 - INFO - Epoch [346/500], Loss: 3.4967663139104843, Accuracy: 89.47552541643121%
2024-02-21 21:19:13,994 - INFO - Epoch [347/500], Loss: 3.49347552606615, Accuracy: 89.48359839616802%
2024-02-21 21:19:14,751 - INFO - Epoch [348/500], Loss: 3.4898438130394887, Accuracy: 89.49974435564167%
2024-02-21 21:19:15,521 - INFO - Epoch [349/500], Loss: 3.4866044331910246, Accuracy: 89.50781733537849%
2024-02-21 21:19:16,289 - INFO - Epoch [350/500], Loss: 3.4846313295222946, Accuracy: 89.51858130836092%
2024-02-21 21:19:17,124 - INFO - Epoch [351/500], Loss: 3.4795360090368885, Accuracy: 89.52665428809773%
2024-02-21 21:19:17,134 - INFO - Test Accuracy: 71.27799736495389%, Balanced Test Accuracy: 71.13559850595456%
2024-02-21 21:19:17,879 - INFO - Epoch [352/500], Loss: 3.4760573102256, Accuracy: 89.53741826108016%
2024-02-21 21:19:18,615 - INFO - Epoch [353/500], Loss: 3.4728425041598787, Accuracy: 89.5481822340626%
2024-02-21 21:19:19,390 - INFO - Epoch [354/500], Loss: 3.469265831729113, Accuracy: 89.55894620704503%
2024-02-21 21:19:20,129 - INFO - Epoch [355/500], Loss: 3.466085000816038, Accuracy: 89.56701918678183%
2024-02-21 21:19:20,896 - INFO - Epoch [356/500], Loss: 3.4625299391099964, Accuracy: 89.58047415300987%
2024-02-21 21:19:21,658 - INFO - Epoch [357/500], Loss: 3.4594039252753985, Accuracy: 89.59392911923791%
2024-02-21 21:19:22,427 - INFO - Epoch [358/500], Loss: 3.4558205624758185, Accuracy: 89.59662011248352%
2024-02-21 21:19:23,185 - INFO - Epoch [359/500], Loss: 3.452727697410826, Accuracy: 89.60200209897474%
2024-02-21 21:19:24,013 - INFO - Epoch [360/500], Loss: 3.4491453519312003, Accuracy: 89.60738408546595%
2024-02-21 21:19:24,746 - INFO - Epoch [361/500], Loss: 3.4462141624446643, Accuracy: 89.62353004493959%
2024-02-21 21:19:24,758 - INFO - Test Accuracy: 71.27799736495389%, Balanced Test Accuracy: 71.13559850595456%
2024-02-21 21:19:25,563 - INFO - Epoch [362/500], Loss: 3.4423721114457666, Accuracy: 89.63698501116762%
2024-02-21 21:19:26,337 - INFO - Epoch [363/500], Loss: 3.439398151080487, Accuracy: 89.64774898415006%
2024-02-21 21:19:27,064 - INFO - Epoch [364/500], Loss: 3.4359238458386923, Accuracy: 89.65043997739566%
2024-02-21 21:19:27,829 - INFO - Epoch [365/500], Loss: 3.4332535486605207, Accuracy: 89.66120395037808%
2024-02-21 21:19:28,560 - INFO - Epoch [366/500], Loss: 3.4322635299068387, Accuracy: 89.66389494362369%
2024-02-21 21:19:29,294 - INFO - Epoch [367/500], Loss: 3.4261591545606063, Accuracy: 89.69080487607977%
2024-02-21 21:19:30,056 - INFO - Epoch [368/500], Loss: 3.422932291434983, Accuracy: 89.71233282204462%
2024-02-21 21:19:30,821 - INFO - Epoch [369/500], Loss: 3.4196454511355547, Accuracy: 89.71771480853583%
2024-02-21 21:19:31,562 - INFO - Epoch [370/500], Loss: 3.4164708870447287, Accuracy: 89.73655176125509%
2024-02-21 21:19:32,347 - INFO - Epoch [371/500], Loss: 3.4132385875208904, Accuracy: 89.75000672748311%
2024-02-21 21:19:32,357 - INFO - Test Accuracy: 71.27799736495389%, Balanced Test Accuracy: 71.13559850595456%
2024-02-21 21:19:33,079 - INFO - Epoch [372/500], Loss: 3.4100983635348787, Accuracy: 89.75538871397433%
2024-02-21 21:19:33,838 - INFO - Epoch [373/500], Loss: 3.406875567668575, Accuracy: 89.76615268695676%
2024-02-21 21:19:34,611 - INFO - Epoch [374/500], Loss: 3.4037453542321416, Accuracy: 89.77153467344797%
2024-02-21 21:19:35,387 - INFO - Epoch [375/500], Loss: 3.4005488094131824, Accuracy: 89.77691665993919%
2024-02-21 21:19:36,141 - INFO - Epoch [376/500], Loss: 3.3989276782435884, Accuracy: 89.7796076531848%
2024-02-21 21:19:36,911 - INFO - Epoch [377/500], Loss: 3.3942332830974613, Accuracy: 89.80382659239525%
2024-02-21 21:19:37,664 - INFO - Epoch [378/500], Loss: 3.391170165043766, Accuracy: 89.80920857888647%
2024-02-21 21:19:38,390 - INFO - Epoch [379/500], Loss: 3.388000568595983, Accuracy: 89.80651758564086%
2024-02-21 21:19:39,067 - INFO - Epoch [380/500], Loss: 3.384947769722696, Accuracy: 89.81728155862329%
2024-02-21 21:19:39,800 - INFO - Epoch [381/500], Loss: 3.381753799521317, Accuracy: 89.8253545383601%
2024-02-21 21:19:39,810 - INFO - Test Accuracy: 71.14624505928853%, Balanced Test Accuracy: 71.00739337774942%
2024-02-21 21:19:40,511 - INFO - Epoch [382/500], Loss: 3.378782168283301, Accuracy: 89.83611851134253%
2024-02-21 21:19:41,256 - INFO - Epoch [383/500], Loss: 3.375556159827669, Accuracy: 89.85226447081618%
2024-02-21 21:19:42,018 - INFO - Epoch [384/500], Loss: 3.372696252697605, Accuracy: 89.8576464573074%
2024-02-21 21:19:42,742 - INFO - Epoch [385/500], Loss: 3.3694224120196647, Accuracy: 89.86571943704422%
2024-02-21 21:19:43,466 - INFO - Epoch [386/500], Loss: 3.3665456471301742, Accuracy: 89.87110142353542%
2024-02-21 21:19:44,230 - INFO - Epoch [387/500], Loss: 3.3633074348760865, Accuracy: 89.88724738300907%
2024-02-21 21:19:45,040 - INFO - Epoch [388/500], Loss: 3.361514998442036, Accuracy: 89.88993837625468%
2024-02-21 21:19:45,842 - INFO - Epoch [389/500], Loss: 3.357586328761052, Accuracy: 89.90070234923711%
2024-02-21 21:19:46,695 - INFO - Epoch [390/500], Loss: 3.3543294261572725, Accuracy: 89.92223029520196%
2024-02-21 21:19:47,532 - INFO - Epoch [391/500], Loss: 3.3512026374622925, Accuracy: 89.93568526143%
2024-02-21 21:19:47,543 - INFO - Test Accuracy: 71.01449275362319%, Balanced Test Accuracy: 70.8791882495443%
2024-02-21 21:19:48,357 - INFO - Epoch [392/500], Loss: 3.348273221971625, Accuracy: 89.9383762546756%
2024-02-21 21:19:49,245 - INFO - Epoch [393/500], Loss: 3.3452257031606414, Accuracy: 89.94375824116682%
2024-02-21 21:19:50,071 - INFO - Epoch [394/500], Loss: 3.3423142165450725, Accuracy: 89.94914022765803%
2024-02-21 21:19:50,944 - INFO - Epoch [395/500], Loss: 3.339279914811506, Accuracy: 89.96259519388606%
2024-02-21 21:19:51,720 - INFO - Epoch [396/500], Loss: 3.33640250007985, Accuracy: 89.96797718037728%
2024-02-21 21:19:52,484 - INFO - Epoch [397/500], Loss: 3.3333548827696653, Accuracy: 89.9760501601141%
2024-02-21 21:19:53,340 - INFO - Epoch [398/500], Loss: 3.3305272268036665, Accuracy: 89.98412313985092%
2024-02-21 21:19:54,145 - INFO - Epoch [399/500], Loss: 3.3277732684450636, Accuracy: 89.98950512634214%
2024-02-21 21:19:54,991 - INFO - Epoch [400/500], Loss: 3.3272722686751415, Accuracy: 89.99488711283335%
2024-02-21 21:19:55,898 - INFO - Epoch [401/500], Loss: 3.321683728593891, Accuracy: 90.00834207906138%
2024-02-21 21:19:55,911 - INFO - Test Accuracy: 70.88274044795784%, Balanced Test Accuracy: 70.64109301144906%
2024-02-21 21:19:56,709 - INFO - Epoch [402/500], Loss: 3.318868511309058, Accuracy: 90.00834207906138%
2024-02-21 21:19:57,474 - INFO - Epoch [403/500], Loss: 3.3158153681936913, Accuracy: 90.0137240655526%
2024-02-21 21:19:58,233 - INFO - Epoch [404/500], Loss: 3.3129558270260437, Accuracy: 90.02179704528942%
2024-02-21 21:19:58,971 - INFO - Epoch [405/500], Loss: 3.3100416243581448, Accuracy: 90.03794300476306%
2024-02-21 21:19:59,708 - INFO - Epoch [406/500], Loss: 3.3071985754926327, Accuracy: 90.04332499125427%
2024-02-21 21:20:00,478 - INFO - Epoch [407/500], Loss: 3.3043361844147667, Accuracy: 90.04332499125427%
2024-02-21 21:20:01,324 - INFO - Epoch [408/500], Loss: 3.3014885495274755, Accuracy: 90.04601598449987%
2024-02-21 21:20:02,079 - INFO - Epoch [409/500], Loss: 3.298640148872036, Accuracy: 90.06216194397352%
2024-02-21 21:20:02,841 - INFO - Epoch [410/500], Loss: 3.2958117804284823, Accuracy: 90.06485293721913%
2024-02-21 21:20:03,589 - INFO - Epoch [411/500], Loss: 3.294335756514032, Accuracy: 90.07023492371034%
2024-02-21 21:20:03,600 - INFO - Test Accuracy: 70.75098814229248%, Balanced Test Accuracy: 70.51288788324392%
2024-02-21 21:20:04,312 - INFO - Epoch [412/500], Loss: 3.2901823086253668, Accuracy: 90.0917628696752%
2024-02-21 21:20:05,147 - INFO - Epoch [413/500], Loss: 3.2873617094957224, Accuracy: 90.0944538629208%
2024-02-21 21:20:05,888 - INFO - Epoch [414/500], Loss: 3.2845704409025482, Accuracy: 90.10790882914884%
2024-02-21 21:20:06,632 - INFO - Epoch [415/500], Loss: 3.281758160409281, Accuracy: 90.11059982239445%
2024-02-21 21:20:07,363 - INFO - Epoch [416/500], Loss: 3.278983898334584, Accuracy: 90.12136379537688%
2024-02-21 21:20:08,095 - INFO - Epoch [417/500], Loss: 3.27618562139697, Accuracy: 90.1321277683593%
2024-02-21 21:20:08,936 - INFO - Epoch [418/500], Loss: 3.2734420610181356, Accuracy: 90.13750975485051%
2024-02-21 21:20:09,703 - INFO - Epoch [419/500], Loss: 3.270655893673331, Accuracy: 90.14289174134173%
2024-02-21 21:20:10,437 - INFO - Epoch [420/500], Loss: 3.2679275650594195, Accuracy: 90.15365571432416%
2024-02-21 21:20:11,216 - INFO - Epoch [421/500], Loss: 3.265155477544009, Accuracy: 90.1724926670434%
2024-02-21 21:20:11,227 - INFO - Test Accuracy: 70.4874835309618%, Balanced Test Accuracy: 70.30455454991059%
2024-02-21 21:20:11,961 - INFO - Epoch [422/500], Loss: 3.2626300613253805, Accuracy: 90.17518366028901%
2024-02-21 21:20:12,690 - INFO - Epoch [423/500], Loss: 3.2622443897239233, Accuracy: 90.16980167379779%
2024-02-21 21:20:13,432 - INFO - Epoch [424/500], Loss: 3.2569754833387115, Accuracy: 90.19671160625387%
2024-02-21 21:20:14,156 - INFO - Epoch [425/500], Loss: 3.254338250574419, Accuracy: 90.2047845859907%
2024-02-21 21:20:14,939 - INFO - Epoch [426/500], Loss: 3.251549258575601, Accuracy: 90.21016657248191%
2024-02-21 21:20:15,666 - INFO - Epoch [427/500], Loss: 3.2488457616102897, Accuracy: 90.22631253195554%
2024-02-21 21:20:16,411 - INFO - Epoch [428/500], Loss: 3.24613739095502, Accuracy: 90.22631253195554%
2024-02-21 21:20:17,194 - INFO - Epoch [429/500], Loss: 3.2434663626097016, Accuracy: 90.23438551169237%
2024-02-21 21:20:17,907 - INFO - Epoch [430/500], Loss: 3.2408067788613044, Accuracy: 90.2451494846748%
2024-02-21 21:20:18,667 - INFO - Epoch [431/500], Loss: 3.238143478662281, Accuracy: 90.26129544414843%
2024-02-21 21:20:18,679 - INFO - Test Accuracy: 70.61923583662714%, Balanced Test Accuracy: 70.43275967811572%
2024-02-21 21:20:19,450 - INFO - Epoch [432/500], Loss: 3.235486802660813, Accuracy: 90.26398643739404%
2024-02-21 21:20:20,213 - INFO - Epoch [433/500], Loss: 3.2328312528335443, Accuracy: 90.26667743063965%
2024-02-21 21:20:20,958 - INFO - Epoch [434/500], Loss: 3.2301865318569085, Accuracy: 90.27475041037647%
2024-02-21 21:20:21,710 - INFO - Epoch [435/500], Loss: 3.2286401850692297, Accuracy: 90.26936842388525%
2024-02-21 21:20:22,476 - INFO - Epoch [436/500], Loss: 3.2249407692480894, Accuracy: 90.29089636985012%
2024-02-21 21:20:23,262 - INFO - Epoch [437/500], Loss: 3.2223595315116946, Accuracy: 90.29896934958693%
2024-02-21 21:20:24,069 - INFO - Epoch [438/500], Loss: 3.2196875318127165, Accuracy: 90.31242431581497%
2024-02-21 21:20:24,884 - INFO - Epoch [439/500], Loss: 3.2170897320670595, Accuracy: 90.31511530906057%
2024-02-21 21:20:25,640 - INFO - Epoch [440/500], Loss: 3.2145100655192036, Accuracy: 90.3231882887974%
2024-02-21 21:20:26,463 - INFO - Epoch [441/500], Loss: 3.2118980136968323, Accuracy: 90.33395226177983%
2024-02-21 21:20:26,476 - INFO - Test Accuracy: 70.61923583662714%, Balanced Test Accuracy: 70.43275967811572%
2024-02-21 21:20:27,244 - INFO - Epoch [442/500], Loss: 3.20932541130963, Accuracy: 90.33664325502544%
2024-02-21 21:20:28,051 - INFO - Epoch [443/500], Loss: 3.206728346266989, Accuracy: 90.34471623476225%
2024-02-21 21:20:28,820 - INFO - Epoch [444/500], Loss: 3.2041864506268904, Accuracy: 90.34471623476225%
2024-02-21 21:20:29,476 - INFO - Epoch [445/500], Loss: 3.2016113564624624, Accuracy: 90.35009822125346%
2024-02-21 21:20:30,146 - INFO - Epoch [446/500], Loss: 3.1991030866816894, Accuracy: 90.3635531874815%
2024-02-21 21:20:30,834 - INFO - Epoch [447/500], Loss: 3.19669687217575, Accuracy: 90.36893517397272%
2024-02-21 21:20:31,508 - INFO - Epoch [448/500], Loss: 3.1938963759753665, Accuracy: 90.38239014020076%
2024-02-21 21:20:32,178 - INFO - Epoch [449/500], Loss: 3.191731856536057, Accuracy: 90.38777212669196%
2024-02-21 21:20:32,870 - INFO - Epoch [450/500], Loss: 3.1889112700345152, Accuracy: 90.4039180861656%
2024-02-21 21:20:33,612 - INFO - Epoch [451/500], Loss: 3.186626882371256, Accuracy: 90.4039180861656%
2024-02-21 21:20:33,623 - INFO - Test Accuracy: 70.61923583662714%, Balanced Test Accuracy: 70.43275967811572%
2024-02-21 21:20:34,307 - INFO - Epoch [452/500], Loss: 3.1837880452305583, Accuracy: 90.40930007265682%
2024-02-21 21:20:35,129 - INFO - Epoch [453/500], Loss: 3.182177331235449, Accuracy: 90.41468205914803%
2024-02-21 21:20:35,973 - INFO - Epoch [454/500], Loss: 3.1807416902255206, Accuracy: 90.4039180861656%
2024-02-21 21:20:36,816 - INFO - Epoch [455/500], Loss: 3.1772337959984602, Accuracy: 90.42275503888486%
2024-02-21 21:20:37,664 - INFO - Epoch [456/500], Loss: 3.1737574162119526, Accuracy: 90.4415919916041%
2024-02-21 21:20:38,431 - INFO - Epoch [457/500], Loss: 3.172247975559558, Accuracy: 90.45235596458653%
2024-02-21 21:20:39,142 - INFO - Epoch [458/500], Loss: 3.168753021601903, Accuracy: 90.47388391055138%
2024-02-21 21:20:39,851 - INFO - Epoch [459/500], Loss: 3.1672014311208563, Accuracy: 90.46850192406018%
2024-02-21 21:20:40,625 - INFO - Epoch [460/500], Loss: 3.163825706657717, Accuracy: 90.48464788353381%
2024-02-21 21:20:41,365 - INFO - Epoch [461/500], Loss: 3.162311637047994, Accuracy: 90.48733887677942%
2024-02-21 21:20:41,374 - INFO - Test Accuracy: 70.61923583662714%, Balanced Test Accuracy: 70.43275967811572%
2024-02-21 21:20:42,126 - INFO - Epoch [462/500], Loss: 3.158917780902426, Accuracy: 90.49541185651624%
2024-02-21 21:20:42,882 - INFO - Epoch [463/500], Loss: 3.1574517826912767, Accuracy: 90.49541185651624%
2024-02-21 21:20:43,681 - INFO - Epoch [464/500], Loss: 3.154035802109767, Accuracy: 90.5196307957267%
2024-02-21 21:20:44,548 - INFO - Epoch [465/500], Loss: 3.154010780534502, Accuracy: 90.50348483625307%
2024-02-21 21:20:45,377 - INFO - Epoch [466/500], Loss: 3.1492690633414155, Accuracy: 90.53039476870913%
2024-02-21 21:20:46,209 - INFO - Epoch [467/500], Loss: 3.1477245226249857, Accuracy: 90.53846774844595%
2024-02-21 21:20:46,927 - INFO - Epoch [468/500], Loss: 3.1443718709683015, Accuracy: 90.55192271467399%
2024-02-21 21:20:47,711 - INFO - Epoch [469/500], Loss: 3.143118278707488, Accuracy: 90.5546137079196%
2024-02-21 21:20:48,494 - INFO - Epoch [470/500], Loss: 3.1395559560949517, Accuracy: 90.57345066063884%
2024-02-21 21:20:49,277 - INFO - Epoch [471/500], Loss: 3.138129705594758, Accuracy: 90.57075966739323%
2024-02-21 21:20:49,287 - INFO - Test Accuracy: 70.4874835309618%, Balanced Test Accuracy: 70.29387078922683%
2024-02-21 21:20:50,013 - INFO - Epoch [472/500], Loss: 3.134805716195349, Accuracy: 90.58959662011249%
2024-02-21 21:20:50,783 - INFO - Epoch [473/500], Loss: 3.133532582955845, Accuracy: 90.58421463362127%
2024-02-21 21:20:51,534 - INFO - Epoch [474/500], Loss: 3.130048161340972, Accuracy: 90.60305158634051%
2024-02-21 21:20:52,276 - INFO - Epoch [475/500], Loss: 3.1288203069214093, Accuracy: 90.60305158634051%
2024-02-21 21:20:53,045 - INFO - Epoch [476/500], Loss: 3.1253248268769958, Accuracy: 90.61919754581416%
2024-02-21 21:20:53,775 - INFO - Epoch [477/500], Loss: 3.1242685638746974, Accuracy: 90.61650655256855%
2024-02-21 21:20:54,543 - INFO - Epoch [478/500], Loss: 3.120653053966619, Accuracy: 90.62996151879659%
2024-02-21 21:20:55,251 - INFO - Epoch [479/500], Loss: 3.1202208167415555, Accuracy: 90.6353435052878%
2024-02-21 21:20:55,942 - INFO - Epoch [480/500], Loss: 3.1177489962113105, Accuracy: 90.64879847151583%
2024-02-21 21:20:56,689 - INFO - Epoch [481/500], Loss: 3.115112271601871, Accuracy: 90.65687145125266%
2024-02-21 21:20:56,699 - INFO - Test Accuracy: 70.4874835309618%, Balanced Test Accuracy: 70.29387078922683%
2024-02-21 21:20:57,385 - INFO - Epoch [482/500], Loss: 3.111307544981019, Accuracy: 90.67570840397191%
2024-02-21 21:20:58,044 - INFO - Epoch [483/500], Loss: 3.110238981954122, Accuracy: 90.66763542423509%
2024-02-21 21:20:58,733 - INFO - Epoch [484/500], Loss: 3.1066742862685253, Accuracy: 90.68647237695433%
2024-02-21 21:20:59,508 - INFO - Epoch [485/500], Loss: 3.105635413679026, Accuracy: 90.67839939721752%
2024-02-21 21:21:00,248 - INFO - Epoch [486/500], Loss: 3.1021020899889833, Accuracy: 90.69185436344554%
2024-02-21 21:21:01,064 - INFO - Epoch [487/500], Loss: 3.101078697685468, Accuracy: 90.69992734318237%
2024-02-21 21:21:01,879 - INFO - Epoch [488/500], Loss: 3.097528119208449, Accuracy: 90.71876429590162%
2024-02-21 21:21:02,691 - INFO - Epoch [489/500], Loss: 3.0965208398588633, Accuracy: 90.71607330265601%
2024-02-21 21:21:03,374 - INFO - Epoch [490/500], Loss: 3.0929729170718434, Accuracy: 90.74029224186647%
2024-02-21 21:21:04,082 - INFO - Epoch [491/500], Loss: 3.09195263077647, Accuracy: 90.72952826888404%
2024-02-21 21:21:04,092 - INFO - Test Accuracy: 70.4874835309618%, Balanced Test Accuracy: 70.29387078922683%
2024-02-21 21:21:04,772 - INFO - Epoch [492/500], Loss: 3.088671152622013, Accuracy: 90.75374720809451%
2024-02-21 21:21:05,476 - INFO - Epoch [493/500], Loss: 3.0874199639942685, Accuracy: 90.7510562148489%
2024-02-21 21:21:06,150 - INFO - Epoch [494/500], Loss: 3.086544203303628, Accuracy: 90.76182018783133%
2024-02-21 21:21:06,867 - INFO - Epoch [495/500], Loss: 3.0830340269258465, Accuracy: 90.76451118107694%
2024-02-21 21:21:07,584 - INFO - Epoch [496/500], Loss: 3.079524156905837, Accuracy: 90.78065714055057%
2024-02-21 21:21:08,337 - INFO - Epoch [497/500], Loss: 3.0784685432405796, Accuracy: 90.77796614730497%
2024-02-21 21:21:09,105 - INFO - Epoch [498/500], Loss: 3.0749954366582934, Accuracy: 90.78603912704179%
2024-02-21 21:21:09,848 - INFO - Epoch [499/500], Loss: 3.073956093293125, Accuracy: 90.78065714055057%
2024-02-21 21:21:10,584 - INFO - Epoch [500/500], Loss: 3.0705520280842054, Accuracy: 90.791421113533%
2024-02-21 21:21:10,881 - INFO - Test Accuracy: 66.75105485232068%, Balanced Test Accuracy: 66.75105485232066%
2024-02-21 21:21:11,223 - INFO - Final unblanced test accuracy: 66.75105485232068% and final balanced test accuracy 66.75105485232066
