2024-02-08 15:29:22,164 - INFO - Configuration:
{
    "task": "5",
    "topic": "mae_base",
    "train_classifier": false,
    "number_gpus": "1",
    "modalities": [
        "depth"
    ],
    "encoder_model": "MAE",
    "mask_ratio": 0.8,
    "dataset": "NTU",
    "split": "CV",
    "epochs": 75,
    "res_cktp": false,
    "cktp_dir": "/home/bas06400/Thesis/VIP/src/align_checkpoints/mae_checkpoints",
    "trained_encoder": "checkpoint_rgb_CV_20240118_052027.pth",
    "learning_rate": 0.0001,
    "temperature": 0.1,
    "num_workers": 5,
    "batch_size": 8,
    "data_root": "/net/polaris/storage/deeplearning/ntu",
    "random_sample": false,
    "pin_memory": true,
    "scheduler_config": {
        "type": "plateau",
        "params": {
            "mode": "min",
            "factor": 0.1,
            "patience": 5
        }
    }
}
2024-02-08 15:29:22,251 - INFO - Training MAE for depth...
2024-02-08 15:29:22,338 - INFO - Evaluing on the following GPUs [3]
2024-02-08 16:27:26,372 - INFO - Epoch: 0, Average Training Loss: 0.39992301277671966
2024-02-08 16:28:37,089 - INFO - Epoch: 0, Validation Training Loss: 0.18365886909397025
2024-02-08 16:28:49,734 - INFO - Saved checkpoint at epoch 0 to /home/bas06400/Thesis/VIP/src/align_checkpoints/mae_checkpoints/checkpoint_depth_CV_20240208_152934.pth
2024-02-08 16:56:35,064 - INFO - Epoch: 1, Average Training Loss: 0.14518231328126177
2024-02-08 16:57:05,030 - INFO - Epoch: 1, Validation Training Loss: 0.12866169661283494
2024-02-08 16:57:13,428 - INFO - Saved checkpoint at epoch 1 to /home/bas06400/Thesis/VIP/src/align_checkpoints/mae_checkpoints/checkpoint_depth_CV_20240208_152934.pth
2024-02-08 17:26:05,812 - INFO - Epoch: 2, Average Training Loss: 0.11078486709606529
2024-02-08 17:26:33,358 - INFO - Epoch: 2, Validation Training Loss: 0.10317342806803553
2024-02-08 17:26:41,164 - INFO - Saved checkpoint at epoch 2 to /home/bas06400/Thesis/VIP/src/align_checkpoints/mae_checkpoints/checkpoint_depth_CV_20240208_152934.pth
2024-02-08 18:13:02,054 - INFO - Epoch: 3, Average Training Loss: 0.09697044696025406
2024-02-08 18:13:34,323 - INFO - Epoch: 3, Validation Training Loss: 0.09191204862375009
2024-02-08 18:13:41,994 - INFO - Saved checkpoint at epoch 3 to /home/bas06400/Thesis/VIP/src/align_checkpoints/mae_checkpoints/checkpoint_depth_CV_20240208_152934.pth
2024-02-08 19:05:57,953 - INFO - Epoch: 4, Average Training Loss: 0.08902779958494332
2024-02-08 19:06:29,983 - INFO - Epoch: 4, Validation Training Loss: 0.08584387176915219
2024-02-08 19:06:37,515 - INFO - Saved checkpoint at epoch 4 to /home/bas06400/Thesis/VIP/src/align_checkpoints/mae_checkpoints/checkpoint_depth_CV_20240208_152934.pth
2024-02-08 19:58:51,625 - INFO - Epoch: 5, Average Training Loss: 0.0830474384353559
2024-02-08 19:59:22,178 - INFO - Epoch: 5, Validation Training Loss: 0.08262377887179977
2024-02-08 19:59:29,969 - INFO - Saved checkpoint at epoch 5 to /home/bas06400/Thesis/VIP/src/align_checkpoints/mae_checkpoints/checkpoint_depth_CV_20240208_152934.pth
2024-02-08 20:51:39,018 - INFO - Epoch: 6, Average Training Loss: 0.07906400232791927
2024-02-08 20:52:13,435 - INFO - Epoch: 6, Validation Training Loss: 0.08006333995022272
2024-02-08 20:52:21,591 - INFO - Saved checkpoint at epoch 6 to /home/bas06400/Thesis/VIP/src/align_checkpoints/mae_checkpoints/checkpoint_depth_CV_20240208_152934.pth
2024-02-08 21:44:16,800 - INFO - Epoch: 7, Average Training Loss: 0.07608982067662634
2024-02-08 21:44:48,366 - INFO - Epoch: 7, Validation Training Loss: 0.07572433336784964
2024-02-08 21:44:56,193 - INFO - Saved checkpoint at epoch 7 to /home/bas06400/Thesis/VIP/src/align_checkpoints/mae_checkpoints/checkpoint_depth_CV_20240208_152934.pth
2024-02-08 22:37:05,609 - INFO - Epoch: 8, Average Training Loss: 0.07339392092321076
2024-02-08 22:37:38,477 - INFO - Epoch: 8, Validation Training Loss: 0.07248925590201429
2024-02-08 22:37:45,986 - INFO - Saved checkpoint at epoch 8 to /home/bas06400/Thesis/VIP/src/align_checkpoints/mae_checkpoints/checkpoint_depth_CV_20240208_152934.pth
2024-02-08 23:26:05,503 - INFO - Epoch: 9, Average Training Loss: 0.07097077783753633
2024-02-08 23:26:36,034 - INFO - Epoch: 9, Validation Training Loss: 0.07091165283008626
2024-02-08 23:26:43,758 - INFO - Saved checkpoint at epoch 9 to /home/bas06400/Thesis/VIP/src/align_checkpoints/mae_checkpoints/checkpoint_depth_CV_20240208_152934.pth
2024-02-08 23:54:28,577 - INFO - Epoch: 10, Average Training Loss: 0.06898383411297794
2024-02-08 23:54:58,979 - INFO - Epoch: 10, Validation Training Loss: 0.0696492182973184
2024-02-08 23:55:05,003 - INFO - Saved checkpoint at epoch 10 to /home/bas06400/Thesis/VIP/src/align_checkpoints/mae_checkpoints/checkpoint_depth_CV_20240208_152934.pth
2024-02-09 00:22:54,635 - INFO - Epoch: 11, Average Training Loss: 0.06714977214639678
2024-02-09 00:23:24,921 - INFO - Epoch: 11, Validation Training Loss: 0.06684685972960372
2024-02-09 00:23:32,538 - INFO - Saved checkpoint at epoch 11 to /home/bas06400/Thesis/VIP/src/align_checkpoints/mae_checkpoints/checkpoint_depth_CV_20240208_152934.pth
2024-02-09 00:52:42,365 - INFO - Epoch: 12, Average Training Loss: 0.06575866327374481
2024-02-09 00:53:04,592 - INFO - Epoch: 12, Validation Training Loss: 0.06583431276835894
2024-02-09 00:53:28,724 - INFO - Saved checkpoint at epoch 12 to /home/bas06400/Thesis/VIP/src/align_checkpoints/mae_checkpoints/checkpoint_depth_CV_20240208_152934.pth
2024-02-09 01:21:18,798 - INFO - Epoch: 13, Average Training Loss: 0.0641988217598128
2024-02-09 01:21:40,091 - INFO - Epoch: 13, Validation Training Loss: 0.06447953001448983
2024-02-09 01:21:44,143 - INFO - Saved checkpoint at epoch 13 to /home/bas06400/Thesis/VIP/src/align_checkpoints/mae_checkpoints/checkpoint_depth_CV_20240208_152934.pth
2024-02-09 01:49:28,306 - INFO - Epoch: 14, Average Training Loss: 0.06355863384055747
2024-02-09 01:49:49,891 - INFO - Epoch: 14, Validation Training Loss: 0.06520293272639575
2024-02-09 02:17:33,409 - INFO - Epoch: 15, Average Training Loss: 0.06171080313287788
2024-02-09 02:17:55,134 - INFO - Epoch: 15, Validation Training Loss: 0.0626437181116719
2024-02-09 02:18:03,249 - INFO - Saved checkpoint at epoch 15 to /home/bas06400/Thesis/VIP/src/align_checkpoints/mae_checkpoints/checkpoint_depth_CV_20240208_152934.pth
2024-02-09 02:45:46,268 - INFO - Epoch: 16, Average Training Loss: 0.06092930962606219
2024-02-09 02:46:08,764 - INFO - Epoch: 16, Validation Training Loss: 0.06262494247210654
2024-02-09 02:46:16,924 - INFO - Saved checkpoint at epoch 16 to /home/bas06400/Thesis/VIP/src/align_checkpoints/mae_checkpoints/checkpoint_depth_CV_20240208_152934.pth
2024-02-09 03:13:59,057 - INFO - Epoch: 17, Average Training Loss: 0.059909880921417816
2024-02-09 03:14:20,819 - INFO - Epoch: 17, Validation Training Loss: 0.06055069152069719
2024-02-09 03:14:35,390 - INFO - Saved checkpoint at epoch 17 to /home/bas06400/Thesis/VIP/src/align_checkpoints/mae_checkpoints/checkpoint_depth_CV_20240208_152934.pth
2024-02-09 03:42:24,533 - INFO - Epoch: 18, Average Training Loss: 0.05922305120577778
2024-02-09 03:42:53,328 - INFO - Epoch: 18, Validation Training Loss: 0.06047022948531728
2024-02-09 03:43:00,785 - INFO - Saved checkpoint at epoch 18 to /home/bas06400/Thesis/VIP/src/align_checkpoints/mae_checkpoints/checkpoint_depth_CV_20240208_152934.pth
2024-02-09 04:36:12,805 - INFO - Epoch: 19, Average Training Loss: 0.058245327821409544
2024-02-09 04:37:59,160 - INFO - Epoch: 19, Validation Training Loss: 0.06161713309978184
2024-02-09 05:20:26,887 - INFO - Epoch: 20, Average Training Loss: 0.057681080852757485
2024-02-09 05:21:18,082 - INFO - Epoch: 20, Validation Training Loss: 0.05749170689990646
2024-02-09 05:21:25,870 - INFO - Saved checkpoint at epoch 20 to /home/bas06400/Thesis/VIP/src/align_checkpoints/mae_checkpoints/checkpoint_depth_CV_20240208_152934.pth
2024-02-09 05:49:07,506 - INFO - Epoch: 21, Average Training Loss: 0.0569127992459453
2024-02-09 05:49:30,320 - INFO - Epoch: 21, Validation Training Loss: 0.05837280513032487
2024-02-09 06:17:11,126 - INFO - Epoch: 22, Average Training Loss: 0.056374723841831106
2024-02-09 06:17:32,262 - INFO - Epoch: 22, Validation Training Loss: 0.056819045190748416
2024-02-09 06:18:15,815 - INFO - Saved checkpoint at epoch 22 to /home/bas06400/Thesis/VIP/src/align_checkpoints/mae_checkpoints/checkpoint_depth_CV_20240208_152934.pth
2024-02-09 06:45:52,082 - INFO - Epoch: 23, Average Training Loss: 0.05579356807458455
2024-02-09 06:46:12,342 - INFO - Epoch: 23, Validation Training Loss: 0.056847446117746205
2024-02-09 07:13:46,410 - INFO - Epoch: 24, Average Training Loss: 0.05525483432162939
2024-02-09 07:14:06,775 - INFO - Epoch: 24, Validation Training Loss: 0.056842736821425585
2024-02-09 07:41:41,579 - INFO - Epoch: 25, Average Training Loss: 0.05486377453759435
2024-02-09 07:42:01,846 - INFO - Epoch: 25, Validation Training Loss: 0.05628965749944511
2024-02-09 07:42:05,753 - INFO - Saved checkpoint at epoch 25 to /home/bas06400/Thesis/VIP/src/align_checkpoints/mae_checkpoints/checkpoint_depth_CV_20240208_152934.pth
2024-02-09 08:09:41,242 - INFO - Epoch: 26, Average Training Loss: 0.05445928332322485
2024-02-09 08:10:01,396 - INFO - Epoch: 26, Validation Training Loss: 0.05537822011270021
2024-02-09 08:10:48,030 - INFO - Saved checkpoint at epoch 26 to /home/bas06400/Thesis/VIP/src/align_checkpoints/mae_checkpoints/checkpoint_depth_CV_20240208_152934.pth
2024-02-09 08:39:37,797 - INFO - Epoch: 27, Average Training Loss: 0.053799183300351126
2024-02-09 08:40:02,435 - INFO - Epoch: 27, Validation Training Loss: 0.05534215520479177
2024-02-09 08:40:12,198 - INFO - Saved checkpoint at epoch 27 to /home/bas06400/Thesis/VIP/src/align_checkpoints/mae_checkpoints/checkpoint_depth_CV_20240208_152934.pth
2024-02-09 09:07:47,457 - INFO - Epoch: 28, Average Training Loss: 0.05342974308741873
2024-02-09 09:08:08,099 - INFO - Epoch: 28, Validation Training Loss: 0.05464630458307894
2024-02-09 09:08:37,336 - INFO - Saved checkpoint at epoch 28 to /home/bas06400/Thesis/VIP/src/align_checkpoints/mae_checkpoints/checkpoint_depth_CV_20240208_152934.pth
2024-02-09 09:36:10,925 - INFO - Epoch: 29, Average Training Loss: 0.053075709431526404
2024-02-09 09:36:31,213 - INFO - Epoch: 29, Validation Training Loss: 0.05456056679157834
2024-02-09 09:37:17,436 - INFO - Saved checkpoint at epoch 29 to /home/bas06400/Thesis/VIP/src/align_checkpoints/mae_checkpoints/checkpoint_depth_CV_20240208_152934.pth
2024-02-09 10:04:51,004 - INFO - Epoch: 30, Average Training Loss: 0.05272476352772103
2024-02-09 10:05:18,921 - INFO - Epoch: 30, Validation Training Loss: 0.05392904563954002
2024-02-09 10:05:41,596 - INFO - Saved checkpoint at epoch 30 to /home/bas06400/Thesis/VIP/src/align_checkpoints/mae_checkpoints/checkpoint_depth_CV_20240208_152934.pth
2024-02-09 10:33:16,219 - INFO - Epoch: 31, Average Training Loss: 0.05233127300780278
2024-02-09 10:33:37,238 - INFO - Epoch: 31, Validation Training Loss: 0.05344203675263806
2024-02-09 10:33:51,516 - INFO - Saved checkpoint at epoch 31 to /home/bas06400/Thesis/VIP/src/align_checkpoints/mae_checkpoints/checkpoint_depth_CV_20240208_152934.pth
2024-02-09 11:01:25,985 - INFO - Epoch: 32, Average Training Loss: 0.05208485695327786
2024-02-09 11:01:45,951 - INFO - Epoch: 32, Validation Training Loss: 0.05370975840640695
2024-02-09 11:29:22,680 - INFO - Epoch: 33, Average Training Loss: 0.051654029731789876
2024-02-09 11:29:42,902 - INFO - Epoch: 33, Validation Training Loss: 0.05307970190126645
2024-02-09 11:29:46,899 - INFO - Saved checkpoint at epoch 33 to /home/bas06400/Thesis/VIP/src/align_checkpoints/mae_checkpoints/checkpoint_depth_CV_20240208_152934.pth
2024-02-09 11:57:29,228 - INFO - Epoch: 34, Average Training Loss: 0.05156808271458885
2024-02-09 11:57:49,639 - INFO - Epoch: 34, Validation Training Loss: 0.05238177190093617
2024-02-09 11:57:55,684 - INFO - Saved checkpoint at epoch 34 to /home/bas06400/Thesis/VIP/src/align_checkpoints/mae_checkpoints/checkpoint_depth_CV_20240208_152934.pth
2024-02-09 12:25:30,441 - INFO - Epoch: 35, Average Training Loss: 0.05115027171874349
2024-02-09 12:25:50,870 - INFO - Epoch: 35, Validation Training Loss: 0.05299856186305222
2024-02-09 12:53:26,903 - INFO - Epoch: 36, Average Training Loss: 0.050684746440212966
2024-02-09 12:53:47,223 - INFO - Epoch: 36, Validation Training Loss: 0.0518696420482899
2024-02-09 12:53:58,042 - INFO - Saved checkpoint at epoch 36 to /home/bas06400/Thesis/VIP/src/align_checkpoints/mae_checkpoints/checkpoint_depth_CV_20240208_152934.pth
2024-02-09 13:21:33,563 - INFO - Epoch: 37, Average Training Loss: 0.05062624326860191
2024-02-09 13:21:54,307 - INFO - Epoch: 37, Validation Training Loss: 0.055889070210488216
2024-02-09 13:49:34,808 - INFO - Epoch: 38, Average Training Loss: 0.050507578018970954
2024-02-09 13:49:56,049 - INFO - Epoch: 38, Validation Training Loss: 0.05155613873349993
2024-02-09 13:50:04,640 - INFO - Saved checkpoint at epoch 38 to /home/bas06400/Thesis/VIP/src/align_checkpoints/mae_checkpoints/checkpoint_depth_CV_20240208_152934.pth
2024-02-09 14:17:47,562 - INFO - Epoch: 39, Average Training Loss: 0.04973789106283114
2024-02-09 14:18:08,545 - INFO - Epoch: 39, Validation Training Loss: 0.0509953312771885
2024-02-09 14:18:12,430 - INFO - Saved checkpoint at epoch 39 to /home/bas06400/Thesis/VIP/src/align_checkpoints/mae_checkpoints/checkpoint_depth_CV_20240208_152934.pth
2024-02-09 14:45:55,061 - INFO - Epoch: 40, Average Training Loss: 0.049761943431716256
2024-02-09 14:46:16,268 - INFO - Epoch: 40, Validation Training Loss: 0.05096116873778795
2024-02-09 14:46:38,439 - INFO - Saved checkpoint at epoch 40 to /home/bas06400/Thesis/VIP/src/align_checkpoints/mae_checkpoints/checkpoint_depth_CV_20240208_152934.pth
2024-02-09 15:15:28,059 - INFO - Epoch: 41, Average Training Loss: 0.049483769674702444
2024-02-09 15:16:06,163 - INFO - Epoch: 41, Validation Training Loss: 0.05125195723223059
2024-02-09 15:43:46,073 - INFO - Epoch: 42, Average Training Loss: 0.049426439635774734
2024-02-09 15:44:13,896 - INFO - Epoch: 42, Validation Training Loss: 0.05097748603867857
2024-02-09 16:11:51,985 - INFO - Epoch: 43, Average Training Loss: 0.049051299224937596
2024-02-09 16:12:12,610 - INFO - Epoch: 43, Validation Training Loss: 0.050400210034690404
2024-02-09 16:12:22,340 - INFO - Saved checkpoint at epoch 43 to /home/bas06400/Thesis/VIP/src/align_checkpoints/mae_checkpoints/checkpoint_depth_CV_20240208_152934.pth
2024-02-09 16:39:59,209 - INFO - Epoch: 44, Average Training Loss: 0.04883700165155116
2024-02-09 16:40:19,691 - INFO - Epoch: 44, Validation Training Loss: 0.049915823712944986
2024-02-09 16:40:28,857 - INFO - Saved checkpoint at epoch 44 to /home/bas06400/Thesis/VIP/src/align_checkpoints/mae_checkpoints/checkpoint_depth_CV_20240208_152934.pth
2024-02-09 17:08:07,404 - INFO - Epoch: 45, Average Training Loss: 0.04861866694394366
2024-02-09 17:08:30,401 - INFO - Epoch: 45, Validation Training Loss: 0.05064650640675896
2024-02-09 17:36:06,882 - INFO - Epoch: 46, Average Training Loss: 0.04849365710156953
2024-02-09 17:36:27,518 - INFO - Epoch: 46, Validation Training Loss: 0.049825234495495495
2024-02-09 17:36:31,760 - INFO - Saved checkpoint at epoch 46 to /home/bas06400/Thesis/VIP/src/align_checkpoints/mae_checkpoints/checkpoint_depth_CV_20240208_152934.pth
2024-02-09 18:04:18,151 - INFO - Epoch: 47, Average Training Loss: 0.048408439828726786
2024-02-09 18:04:38,991 - INFO - Epoch: 47, Validation Training Loss: 0.049864393413851134
2024-02-09 18:32:19,273 - INFO - Epoch: 48, Average Training Loss: 0.04799914927339302
2024-02-09 18:32:40,326 - INFO - Epoch: 48, Validation Training Loss: 0.04988548383116722
2024-02-09 19:00:22,312 - INFO - Epoch: 49, Average Training Loss: 0.04799526929735073
2024-02-09 19:00:43,286 - INFO - Epoch: 49, Validation Training Loss: 0.049284429926621284
2024-02-09 19:00:51,367 - INFO - Saved checkpoint at epoch 49 to /home/bas06400/Thesis/VIP/src/align_checkpoints/mae_checkpoints/checkpoint_depth_CV_20240208_152934.pth
2024-02-09 19:28:32,883 - INFO - Epoch: 50, Average Training Loss: 0.04786031800745199
2024-02-09 19:28:53,981 - INFO - Epoch: 50, Validation Training Loss: 0.049365753896142305
2024-02-09 19:57:44,073 - INFO - Epoch: 51, Average Training Loss: 0.047525773340057594
2024-02-09 19:58:26,739 - INFO - Epoch: 51, Validation Training Loss: 0.04895875299055325
2024-02-09 19:58:43,322 - INFO - Saved checkpoint at epoch 51 to /home/bas06400/Thesis/VIP/src/align_checkpoints/mae_checkpoints/checkpoint_depth_CV_20240208_152934.pth
2024-02-09 20:27:07,137 - INFO - Epoch: 52, Average Training Loss: 0.04748531431440798
2024-02-09 20:27:27,628 - INFO - Epoch: 52, Validation Training Loss: 0.049129756520453254
2024-02-09 20:58:53,820 - INFO - Epoch: 53, Average Training Loss: 0.04714078627032835
2024-02-09 20:59:18,048 - INFO - Epoch: 53, Validation Training Loss: 0.048647883299149965
2024-02-09 20:59:44,850 - INFO - Saved checkpoint at epoch 53 to /home/bas06400/Thesis/VIP/src/align_checkpoints/mae_checkpoints/checkpoint_depth_CV_20240208_152934.pth
2024-02-09 21:34:24,919 - INFO - Epoch: 54, Average Training Loss: 0.04703488730028868
2024-02-09 21:35:12,549 - INFO - Epoch: 54, Validation Training Loss: 0.04923347450400654
2024-02-09 22:11:05,984 - INFO - Epoch: 55, Average Training Loss: 0.04695244740936913
2024-02-09 22:11:52,245 - INFO - Epoch: 55, Validation Training Loss: 0.04901568428858331
2024-02-09 22:46:50,174 - INFO - Epoch: 56, Average Training Loss: 0.046717832296336206
2024-02-09 22:47:32,823 - INFO - Epoch: 56, Validation Training Loss: 0.0484352261220154
2024-02-09 22:48:21,896 - INFO - Saved checkpoint at epoch 56 to /home/bas06400/Thesis/VIP/src/align_checkpoints/mae_checkpoints/checkpoint_depth_CV_20240208_152934.pth
2024-02-09 23:21:20,937 - INFO - Epoch: 57, Average Training Loss: 0.04673544290021312
2024-02-09 23:21:59,183 - INFO - Epoch: 57, Validation Training Loss: 0.0485706868140321
2024-02-09 23:51:28,351 - INFO - Epoch: 58, Average Training Loss: 0.04647779653792591
2024-02-09 23:51:50,659 - INFO - Epoch: 58, Validation Training Loss: 0.048915299969284155
2024-02-10 00:23:19,100 - INFO - Epoch: 59, Average Training Loss: 0.046326359462119666
2024-02-10 00:23:42,031 - INFO - Epoch: 59, Validation Training Loss: 0.0481599660688325
2024-02-10 00:24:27,379 - INFO - Saved checkpoint at epoch 59 to /home/bas06400/Thesis/VIP/src/align_checkpoints/mae_checkpoints/checkpoint_depth_CV_20240208_152934.pth
2024-02-10 00:59:28,709 - INFO - Epoch: 60, Average Training Loss: 0.04623642167236032
2024-02-10 00:59:53,953 - INFO - Epoch: 60, Validation Training Loss: 0.048117396823669736
2024-02-10 01:00:09,522 - INFO - Saved checkpoint at epoch 60 to /home/bas06400/Thesis/VIP/src/align_checkpoints/mae_checkpoints/checkpoint_depth_CV_20240208_152934.pth
2024-02-10 01:34:37,756 - INFO - Epoch: 61, Average Training Loss: 0.04610644960699798
2024-02-10 01:35:33,461 - INFO - Epoch: 61, Validation Training Loss: 0.04807353358911841
2024-02-10 01:35:40,577 - INFO - Saved checkpoint at epoch 61 to /home/bas06400/Thesis/VIP/src/align_checkpoints/mae_checkpoints/checkpoint_depth_CV_20240208_152934.pth
2024-02-10 02:08:38,739 - INFO - Epoch: 62, Average Training Loss: 0.0461356125108888
2024-02-10 02:09:30,896 - INFO - Epoch: 62, Validation Training Loss: 0.047788216801066145
2024-02-10 02:09:57,344 - INFO - Saved checkpoint at epoch 62 to /home/bas06400/Thesis/VIP/src/align_checkpoints/mae_checkpoints/checkpoint_depth_CV_20240208_152934.pth
2024-02-10 02:56:55,674 - INFO - Epoch: 63, Average Training Loss: 0.04580442694561444
2024-02-10 02:57:24,242 - INFO - Epoch: 63, Validation Training Loss: 0.04759605048518432
2024-02-10 02:57:37,768 - INFO - Saved checkpoint at epoch 63 to /home/bas06400/Thesis/VIP/src/align_checkpoints/mae_checkpoints/checkpoint_depth_CV_20240208_152934.pth
2024-02-10 03:47:47,399 - INFO - Epoch: 64, Average Training Loss: 0.045835882809784484
2024-02-10 03:48:15,329 - INFO - Epoch: 64, Validation Training Loss: 0.04733512187866788
2024-02-10 03:48:22,096 - INFO - Saved checkpoint at epoch 64 to /home/bas06400/Thesis/VIP/src/align_checkpoints/mae_checkpoints/checkpoint_depth_CV_20240208_152934.pth
2024-02-10 04:36:48,953 - INFO - Epoch: 65, Average Training Loss: 0.045627040620548454
2024-02-10 04:37:44,813 - INFO - Epoch: 65, Validation Training Loss: 0.046982201992681154
2024-02-10 04:37:49,577 - INFO - Saved checkpoint at epoch 65 to /home/bas06400/Thesis/VIP/src/align_checkpoints/mae_checkpoints/checkpoint_depth_CV_20240208_152934.pth
2024-02-10 05:27:32,907 - INFO - Epoch: 66, Average Training Loss: 0.045414632035950954
2024-02-10 05:28:20,020 - INFO - Epoch: 66, Validation Training Loss: 0.04739935890232262
2024-02-10 06:18:08,230 - INFO - Epoch: 67, Average Training Loss: 0.04539290795906949
2024-02-10 06:19:16,224 - INFO - Epoch: 67, Validation Training Loss: 0.04712075487171349
2024-02-10 07:12:44,250 - INFO - Epoch: 68, Average Training Loss: 0.04524848666290656
2024-02-10 07:13:49,263 - INFO - Epoch: 68, Validation Training Loss: 0.04749538241640518
2024-02-10 08:02:23,781 - INFO - Epoch: 69, Average Training Loss: 0.045115936650953516
2024-02-10 08:03:25,849 - INFO - Epoch: 69, Validation Training Loss: 0.047111954716475384
2024-02-10 08:52:12,890 - INFO - Epoch: 70, Average Training Loss: 0.044938627428010754
2024-02-10 08:53:56,873 - INFO - Epoch: 70, Validation Training Loss: 0.04691060034460143
2024-02-10 08:54:16,800 - INFO - Saved checkpoint at epoch 70 to /home/bas06400/Thesis/VIP/src/align_checkpoints/mae_checkpoints/checkpoint_depth_CV_20240208_152934.pth
2024-02-10 09:51:53,289 - INFO - Epoch: 71, Average Training Loss: 0.044869412985573
2024-02-10 09:54:32,608 - INFO - Epoch: 71, Validation Training Loss: 0.04655003855495076
2024-02-10 09:55:09,013 - INFO - Saved checkpoint at epoch 71 to /home/bas06400/Thesis/VIP/src/align_checkpoints/mae_checkpoints/checkpoint_depth_CV_20240208_152934.pth
2024-02-10 10:54:22,623 - INFO - Epoch: 72, Average Training Loss: 0.04477134850148787
2024-02-10 10:54:50,522 - INFO - Epoch: 72, Validation Training Loss: 0.04701505340635777
2024-02-10 11:50:04,328 - INFO - Epoch: 73, Average Training Loss: 0.044776982851518904
2024-02-10 11:51:15,801 - INFO - Epoch: 73, Validation Training Loss: 0.047314297035336496
2024-02-10 12:46:57,380 - INFO - Epoch: 74, Average Training Loss: 0.044482626953834585
2024-02-10 12:47:24,732 - INFO - Epoch: 74, Validation Training Loss: 0.04641895941213558
2024-02-10 12:47:39,288 - INFO - Saved checkpoint at epoch 74 to /home/bas06400/Thesis/VIP/src/align_checkpoints/mae_checkpoints/checkpoint_depth_CV_20240208_152934.pth
2024-02-10 13:31:13,798 - INFO - Final Test Loss: 0.046642651560594516
2024-02-10 13:31:13,815 - INFO - Training statistics saved to checkpoint_depth_CV_20240208_152934
