2024-02-22 12:54:22,443 - INFO - Configuration:
{
    "task": "5",
    "topic": "classifier",
    "train_classifier": true,
    "number_gpus": "1",
    "modalities": [
        "rgb"
    ],
    "encoder_model": "MAE",
    "mask_ratio": 0.8,
    "dataset": "NTU",
    "split": "CV",
    "num_classes": 60,
    "epochs": 500,
    "res_cktp": false,
    "cktp_dir": "/home/bas06400/Thesis/VIP/src/align_checkpoints/mae_checkpoints/",
    "trained_encoder": "checkpoint_rgb_CV_20240126_171249.pth",
    "learning_rate": 0.001,
    "temperature": 0.1,
    "num_workers": 10,
    "batch_size": 64,
    "data_root": "/net/polaris/storage/deeplearning/ntu",
    "random_sample": false,
    "pin_memory": true,
    "scheduler_config": {
        "type": "plateau",
        "params": {
            "mode": "min",
            "factor": 0.1,
            "patience": 5
        }
    }
}
2024-02-22 12:54:22,578 - INFO - Training MAE for rgb...
2024-02-22 12:54:23,096 - INFO - Evaluing on the following GPUs [1]
2024-02-22 12:54:29,086 - INFO - Checkpoint checkpoint_rgb_CV_20240126_171249.pth loaded succesfully
2024-02-22 12:54:29,187 - INFO - Starting feature extraction...
2024-02-22 13:32:40,616 - INFO - Epoch [1/500], Loss: 29.85001707885225, Accuracy: 21.918139985468635%
2024-02-22 13:32:40,691 - INFO - Test Accuracy: 27.66798418972332%, Balanced Test Accuracy: 26.219681970649468%
2024-02-22 13:32:43,837 - INFO - Epoch [2/500], Loss: 24.27199326531362, Accuracy: 32.466833508247895%
2024-02-22 13:32:47,134 - INFO - Epoch [3/500], Loss: 22.40829491817345, Accuracy: 36.41990258604451%
2024-02-22 13:32:50,051 - INFO - Epoch [4/500], Loss: 21.278816663612755, Accuracy: 39.09474987217782%
2024-02-22 13:32:53,312 - INFO - Epoch [5/500], Loss: 20.479034882480814, Accuracy: 40.981136137348294%
2024-02-22 13:32:56,625 - INFO - Epoch [6/500], Loss: 19.86445734460475, Accuracy: 42.65224294287022%
2024-02-22 13:32:59,833 - INFO - Epoch [7/500], Loss: 19.367502081192146, Accuracy: 43.87664486962138%
2024-02-22 13:33:02,734 - INFO - Epoch [8/500], Loss: 18.95145216028569, Accuracy: 44.931514221899306%
2024-02-22 13:33:06,071 - INFO - Epoch [9/500], Loss: 18.59428518909519, Accuracy: 45.86259788487931%
2024-02-22 13:33:09,183 - INFO - Epoch [10/500], Loss: 18.281818971795552, Accuracy: 46.72371572347353%
2024-02-22 13:33:12,503 - INFO - Epoch [11/500], Loss: 18.00441028506069, Accuracy: 47.39108204838406%
2024-02-22 13:33:12,567 - INFO - Test Accuracy: 38.73517786561265%, Balanced Test Accuracy: 38.14151791764021%
2024-02-22 13:33:15,800 - INFO - Epoch [12/500], Loss: 17.755215287208557, Accuracy: 48.07997631925944%
2024-02-22 13:33:19,032 - INFO - Epoch [13/500], Loss: 17.529205774856827, Accuracy: 48.64777589408251%
2024-02-22 13:33:21,984 - INFO - Epoch [14/500], Loss: 17.322580998226748, Accuracy: 49.23172142837922%
2024-02-22 13:33:25,224 - INFO - Epoch [15/500], Loss: 17.132398979138518, Accuracy: 49.767229084255%
2024-02-22 13:33:28,320 - INFO - Epoch [16/500], Loss: 16.956336518465463, Accuracy: 50.26506283469229%
2024-02-22 13:33:31,625 - INFO - Epoch [17/500], Loss: 16.79252744933306, Accuracy: 50.64987486881408%
2024-02-22 13:33:34,749 - INFO - Epoch [18/500], Loss: 16.639449988381337, Accuracy: 51.13156265977772%
2024-02-22 13:33:37,798 - INFO - Epoch [19/500], Loss: 16.49584652205645, Accuracy: 51.47870078846102%
2024-02-22 13:33:41,206 - INFO - Epoch [20/500], Loss: 16.36066671347214, Accuracy: 51.84198487661796%
2024-02-22 13:33:44,588 - INFO - Epoch [21/500], Loss: 16.23302335052167, Accuracy: 52.18105002556444%
2024-02-22 13:33:44,650 - INFO - Test Accuracy: 41.37022397891963%, Balanced Test Accuracy: 40.68778261928417%
2024-02-22 13:33:47,810 - INFO - Epoch [22/500], Loss: 16.112160721067657, Accuracy: 52.455531336616346%
2024-02-22 13:33:50,613 - INFO - Epoch [23/500], Loss: 15.997430162914728, Accuracy: 52.799978472054036%
2024-02-22 13:33:53,634 - INFO - Epoch [24/500], Loss: 15.888269685082516, Accuracy: 53.117515675035655%
2024-02-22 13:33:56,898 - INFO - Epoch [25/500], Loss: 15.784190705267049, Accuracy: 53.429670891526065%
2024-02-22 13:33:59,938 - INFO - Epoch [26/500], Loss: 15.68476456504757, Accuracy: 53.64764134442022%
2024-02-22 13:34:03,221 - INFO - Epoch [27/500], Loss: 15.58961404178102, Accuracy: 53.9463415946826%
2024-02-22 13:34:06,445 - INFO - Epoch [28/500], Loss: 15.498404708959288, Accuracy: 54.107801189419014%
2024-02-22 13:34:09,576 - INFO - Epoch [29/500], Loss: 15.410839985992949, Accuracy: 54.34999058152364%
2024-02-22 13:34:12,856 - INFO - Epoch [30/500], Loss: 15.326654282666869, Accuracy: 54.58948898038266%
2024-02-22 13:34:16,272 - INFO - Epoch [31/500], Loss: 15.245609804735345, Accuracy: 54.83167837248728%
2024-02-22 13:34:16,337 - INFO - Test Accuracy: 42.29249011857708%, Balanced Test Accuracy: 41.85718779700978%
2024-02-22 13:34:19,040 - INFO - Epoch [32/500], Loss: 15.167492755388809, Accuracy: 55.06041279836388%
2024-02-22 13:34:22,038 - INFO - Epoch [33/500], Loss: 15.09211009437755, Accuracy: 55.27838325125804%
2024-02-22 13:34:25,289 - INFO - Epoch [34/500], Loss: 15.019286849741208, Accuracy: 55.43715185274885%
2024-02-22 13:34:28,455 - INFO - Epoch [35/500], Loss: 14.948864151865749, Accuracy: 55.63090336643255%
2024-02-22 13:34:31,672 - INFO - Epoch [36/500], Loss: 14.880697368565253, Accuracy: 55.83272785985307%
2024-02-22 13:34:34,695 - INFO - Epoch [37/500], Loss: 14.814654414936648, Accuracy: 56.02109738704556%
2024-02-22 13:34:37,588 - INFO - Epoch [38/500], Loss: 14.750614229905404, Accuracy: 56.17179300879955%
2024-02-22 13:34:40,927 - INFO - Epoch [39/500], Loss: 14.688465699300927, Accuracy: 56.37092650897446%
2024-02-22 13:34:44,143 - INFO - Epoch [40/500], Loss: 14.628106665813316, Accuracy: 56.535077096956485%
2024-02-22 13:34:47,061 - INFO - Epoch [41/500], Loss: 14.56944280963833, Accuracy: 56.69115470520169%
2024-02-22 13:34:47,121 - INFO - Test Accuracy: 42.81949934123847%, Balanced Test Accuracy: 42.63461322246152%
2024-02-22 13:34:50,512 - INFO - Epoch [42/500], Loss: 14.512387342372183, Accuracy: 56.85799628642932%
2024-02-22 13:34:53,798 - INFO - Epoch [43/500], Loss: 14.45685939970663, Accuracy: 57.02752886090256%
2024-02-22 13:34:56,893 - INFO - Epoch [44/500], Loss: 14.402784354605917, Accuracy: 57.15131455020048%
2024-02-22 13:34:59,633 - INFO - Epoch [45/500], Loss: 14.350092589855194, Accuracy: 57.29931917870886%
2024-02-22 13:35:02,995 - INFO - Epoch [46/500], Loss: 14.29871949705027, Accuracy: 57.45001480046285%
2024-02-22 13:35:06,328 - INFO - Epoch [47/500], Loss: 14.24860479569031, Accuracy: 57.57110949651516%
2024-02-22 13:35:09,229 - INFO - Epoch [48/500], Loss: 14.199692429122278, Accuracy: 57.729878098005976%
2024-02-22 13:35:10,164 - INFO - Epoch [49/500], Loss: 14.151929370427537, Accuracy: 57.89941067247921%
2024-02-22 13:35:11,600 - INFO - Epoch [50/500], Loss: 14.105266466989356, Accuracy: 58.02050536853152%
2024-02-22 13:35:14,121 - INFO - Epoch [51/500], Loss: 14.059657320127648, Accuracy: 58.11469013212777%
2024-02-22 13:35:14,133 - INFO - Test Accuracy: 43.47826086956522%, Balanced Test Accuracy: 43.320688721037016%
2024-02-22 13:35:17,258 - INFO - Epoch [52/500], Loss: 14.015059010457184, Accuracy: 58.2438578079169%
2024-02-22 13:35:19,704 - INFO - Epoch [53/500], Loss: 13.971430148108531, Accuracy: 58.364952503969214%
2024-02-22 13:35:22,387 - INFO - Epoch [54/500], Loss: 13.928732884132256, Accuracy: 58.49142918651274%
2024-02-22 13:35:25,223 - INFO - Epoch [55/500], Loss: 13.886930658655652, Accuracy: 58.569467990635346%
2024-02-22 13:35:27,967 - INFO - Epoch [56/500], Loss: 13.84598961927123, Accuracy: 58.68787169344205%
2024-02-22 13:35:31,110 - INFO - Epoch [57/500], Loss: 13.80587729155007, Accuracy: 58.82780334221361%
2024-02-22 13:35:34,102 - INFO - Epoch [58/500], Loss: 13.766563141750076, Accuracy: 58.92737009230107%
2024-02-22 13:35:36,667 - INFO - Epoch [59/500], Loss: 13.728018457606687, Accuracy: 59.03231882887974%
2024-02-22 13:35:39,796 - INFO - Epoch [60/500], Loss: 13.69021569975352, Accuracy: 59.139958558704016%
2024-02-22 13:35:42,861 - INFO - Epoch [61/500], Loss: 13.653129354371863, Accuracy: 59.247598288528295%
2024-02-22 13:35:42,870 - INFO - Test Accuracy: 43.34650856389987%, Balanced Test Accuracy: 43.197631222979524%
2024-02-22 13:35:45,569 - INFO - Epoch [62/500], Loss: 13.616734220819959, Accuracy: 59.31487311966847%
2024-02-22 13:35:48,842 - INFO - Epoch [63/500], Loss: 13.581007205833822, Accuracy: 59.41713086300153%
2024-02-22 13:35:51,356 - INFO - Epoch [64/500], Loss: 13.545925854626349, Accuracy: 59.50593364010656%
2024-02-22 13:35:52,274 - INFO - Epoch [65/500], Loss: 13.511469208588034, Accuracy: 59.61088237668523%
2024-02-22 13:35:54,727 - INFO - Epoch [66/500], Loss: 13.477616861715155, Accuracy: 59.72928607949194%
2024-02-22 13:35:57,992 - INFO - Epoch [67/500], Loss: 13.444349738500886, Accuracy: 59.83692580931622%
2024-02-22 13:36:01,186 - INFO - Epoch [68/500], Loss: 13.411649226132086, Accuracy: 59.904200640456395%
2024-02-22 13:36:04,394 - INFO - Epoch [69/500], Loss: 13.379497738207801, Accuracy: 59.97685745808778%
2024-02-22 13:36:07,559 - INFO - Epoch [70/500], Loss: 13.347878583406997, Accuracy: 60.087188181157664%
2024-02-22 13:36:10,769 - INFO - Epoch [71/500], Loss: 13.316775962457818, Accuracy: 60.186754931245126%
2024-02-22 13:36:10,830 - INFO - Test Accuracy: 44.00527009222662%, Balanced Test Accuracy: 43.76951766986597%
2024-02-22 13:36:14,109 - INFO - Epoch [72/500], Loss: 13.286174152867268, Accuracy: 60.24057479615726%
2024-02-22 13:36:16,996 - INFO - Epoch [73/500], Loss: 13.256058791936454, Accuracy: 60.337450552999115%
2024-02-22 13:36:20,107 - INFO - Epoch [74/500], Loss: 13.226415665472969, Accuracy: 60.40203439089368%
2024-02-22 13:36:23,359 - INFO - Epoch [75/500], Loss: 13.197231170484574, Accuracy: 60.504292134226745%
2024-02-22 13:36:26,556 - INFO - Epoch [76/500], Loss: 13.168492748575696, Accuracy: 60.598476897822984%
2024-02-22 13:36:29,722 - INFO - Epoch [77/500], Loss: 13.140187661526566, Accuracy: 60.668442722208766%
2024-02-22 13:36:32,621 - INFO - Epoch [78/500], Loss: 13.112304192478375, Accuracy: 60.74109953984016%
2024-02-22 13:36:35,876 - INFO - Epoch [79/500], Loss: 13.084830877134355, Accuracy: 60.7976103979979%
2024-02-22 13:36:39,166 - INFO - Epoch [80/500], Loss: 13.057756832090474, Accuracy: 60.8756492021205%
2024-02-22 13:36:42,505 - INFO - Epoch [81/500], Loss: 13.031071285069999, Accuracy: 60.96445197922553%
2024-02-22 13:36:42,558 - INFO - Test Accuracy: 44.13702239789196%, Balanced Test Accuracy: 43.94434284469114%
2024-02-22 13:36:45,581 - INFO - Epoch [82/500], Loss: 13.004764219461862, Accuracy: 61.0667097225586%
2024-02-22 13:36:48,830 - INFO - Epoch [83/500], Loss: 12.978826055082225, Accuracy: 61.120529587470735%
2024-02-22 13:36:52,152 - INFO - Epoch [84/500], Loss: 12.95324717234757, Accuracy: 61.193186405102125%
2024-02-22 13:36:55,486 - INFO - Epoch [85/500], Loss: 12.92801854165934, Accuracy: 61.271225209224724%
2024-02-22 13:36:58,662 - INFO - Epoch [86/500], Loss: 12.903131430431948, Accuracy: 61.343882026856114%
2024-02-22 13:37:01,454 - INFO - Epoch [87/500], Loss: 12.878577546548035, Accuracy: 61.40039288501386%
2024-02-22 13:37:04,615 - INFO - Epoch [88/500], Loss: 12.854348850452293, Accuracy: 61.454212749926%
2024-02-22 13:37:07,892 - INFO - Epoch [89/500], Loss: 12.830437305620162, Accuracy: 61.51610559457496%
2024-02-22 13:37:11,193 - INFO - Epoch [90/500], Loss: 12.806835485716997, Accuracy: 61.56454347299588%
2024-02-22 13:37:14,377 - INFO - Epoch [91/500], Loss: 12.783536384671422, Accuracy: 61.629127310890446%
2024-02-22 13:37:14,388 - INFO - Test Accuracy: 44.66403162055336%, Balanced Test Accuracy: 44.51328153127689%
2024-02-22 13:37:17,732 - INFO - Epoch [92/500], Loss: 12.760532502400673, Accuracy: 61.6856381690482%
2024-02-22 13:37:20,751 - INFO - Epoch [93/500], Loss: 12.737817382408402, Accuracy: 61.750222006942764%
2024-02-22 13:37:24,084 - INFO - Epoch [94/500], Loss: 12.7153841731912, Accuracy: 61.79596889211808%
2024-02-22 13:37:27,303 - INFO - Epoch [95/500], Loss: 12.693226929438316, Accuracy: 61.84978875703022%
2024-02-22 13:37:30,403 - INFO - Epoch [96/500], Loss: 12.671339240114568, Accuracy: 61.92513656790722%
2024-02-22 13:37:33,607 - INFO - Epoch [97/500], Loss: 12.649715382163807, Accuracy: 61.96819245983693%
2024-02-22 13:37:36,507 - INFO - Epoch [98/500], Loss: 12.628349253686808, Accuracy: 62.032776297731495%
2024-02-22 13:37:39,749 - INFO - Epoch [99/500], Loss: 12.607235669079474, Accuracy: 62.13503404106456%
2024-02-22 13:37:42,914 - INFO - Epoch [100/500], Loss: 12.586369078038102, Accuracy: 62.21038185194155%
2024-02-22 13:37:46,106 - INFO - Epoch [101/500], Loss: 12.565744261620408, Accuracy: 62.27765668308172%
2024-02-22 13:37:46,169 - INFO - Test Accuracy: 44.66403162055336%, Balanced Test Accuracy: 44.28983830783367%
2024-02-22 13:37:48,999 - INFO - Epoch [102/500], Loss: 12.545356359522222, Accuracy: 62.334167541239474%
2024-02-22 13:37:52,231 - INFO - Epoch [103/500], Loss: 12.525200199272673, Accuracy: 62.41758833185329%
2024-02-22 13:37:55,536 - INFO - Epoch [104/500], Loss: 12.50527117717064, Accuracy: 62.452571244046176%
2024-02-22 13:37:58,769 - INFO - Epoch [105/500], Loss: 12.485564581418442, Accuracy: 62.47679018325664%
2024-02-22 13:38:01,938 - INFO - Epoch [106/500], Loss: 12.466076090174207, Accuracy: 62.50639110895832%
2024-02-22 13:38:04,758 - INFO - Epoch [107/500], Loss: 12.446801149238974, Accuracy: 62.5790479265897%
2024-02-22 13:38:07,970 - INFO - Epoch [108/500], Loss: 12.427735617605306, Accuracy: 62.62479481176502%
2024-02-22 13:38:11,184 - INFO - Epoch [109/500], Loss: 12.40887554217193, Accuracy: 62.68399666316837%
2024-02-22 13:38:14,424 - INFO - Epoch [110/500], Loss: 12.390216739500984, Accuracy: 62.75665348079976%
2024-02-22 13:38:17,603 - INFO - Epoch [111/500], Loss: 12.371755198907044, Accuracy: 62.82123731869433%
2024-02-22 13:38:17,663 - INFO - Test Accuracy: 44.26877470355731%, Balanced Test Accuracy: 44.07612694609598%
2024-02-22 13:38:20,700 - INFO - Epoch [112/500], Loss: 12.353487730026245, Accuracy: 62.888512149834504%
2024-02-22 13:38:23,847 - INFO - Epoch [113/500], Loss: 12.335410095877567, Accuracy: 62.95040499448346%
2024-02-22 13:38:27,055 - INFO - Epoch [114/500], Loss: 12.317518791909945, Accuracy: 62.98538790667635%
2024-02-22 13:38:30,297 - INFO - Epoch [115/500], Loss: 12.299810660087456, Accuracy: 63.036516778342886%
2024-02-22 13:38:33,331 - INFO - Epoch [116/500], Loss: 12.282282002901626, Accuracy: 63.07688167702699%
2024-02-22 13:38:36,677 - INFO - Epoch [117/500], Loss: 12.264929817894759, Accuracy: 63.11724657571109%
2024-02-22 13:38:39,947 - INFO - Epoch [118/500], Loss: 12.247750736899295, Accuracy: 63.18183041360566%
2024-02-22 13:38:43,178 - INFO - Epoch [119/500], Loss: 12.230741887779558, Accuracy: 63.22488630553537%
2024-02-22 13:38:46,049 - INFO - Epoch [120/500], Loss: 12.213899765984486, Accuracy: 63.28139716369312%
2024-02-22 13:38:49,272 - INFO - Epoch [121/500], Loss: 12.197221717592013, Accuracy: 63.32983504211404%
2024-02-22 13:38:49,334 - INFO - Test Accuracy: 44.400527009222664%, Balanced Test Accuracy: 44.2474833674524%
2024-02-22 13:38:52,630 - INFO - Epoch [122/500], Loss: 12.180705076557095, Accuracy: 63.37827292053497%
2024-02-22 13:38:55,892 - INFO - Epoch [123/500], Loss: 12.164346642413381, Accuracy: 63.43747477193832%
2024-02-22 13:38:59,060 - INFO - Epoch [124/500], Loss: 12.148143842058667, Accuracy: 63.488603643604854%
2024-02-22 13:39:02,117 - INFO - Epoch [125/500], Loss: 12.132094034704112, Accuracy: 63.51282258281532%
2024-02-22 13:39:05,039 - INFO - Epoch [126/500], Loss: 12.11619466947297, Accuracy: 63.55049648825381%
2024-02-22 13:39:08,257 - INFO - Epoch [127/500], Loss: 12.1004429651519, Accuracy: 63.61238933290277%
2024-02-22 13:39:11,390 - INFO - Epoch [128/500], Loss: 12.084836862855038, Accuracy: 63.67159118430613%
2024-02-22 13:39:14,599 - INFO - Epoch [129/500], Loss: 12.069373648045426, Accuracy: 63.7388660154463%
2024-02-22 13:39:17,694 - INFO - Epoch [130/500], Loss: 12.054050991090678, Accuracy: 63.82497779930572%
2024-02-22 13:39:20,649 - INFO - Epoch [131/500], Loss: 12.038866940191237, Accuracy: 63.88956163720029%
2024-02-22 13:39:20,703 - INFO - Test Accuracy: 44.400527009222664%, Balanced Test Accuracy: 44.2474833674524%
2024-02-22 13:39:23,966 - INFO - Epoch [132/500], Loss: 12.023818411059299, Accuracy: 63.90839858991954%
2024-02-22 13:39:27,121 - INFO - Epoch [133/500], Loss: 12.008904166140798, Accuracy: 63.951454481849254%
2024-02-22 13:39:30,102 - INFO - Epoch [134/500], Loss: 11.994121476755303, Accuracy: 63.97567342105971%
2024-02-22 13:39:33,407 - INFO - Epoch [135/500], Loss: 11.979468423431202, Accuracy: 64.0133473264982%
2024-02-22 13:39:36,673 - INFO - Epoch [136/500], Loss: 11.96494308871738, Accuracy: 64.07793116439278%
2024-02-22 13:39:39,920 - INFO - Epoch [137/500], Loss: 11.950543242996021, Accuracy: 64.11829606307688%
2024-02-22 13:39:42,856 - INFO - Epoch [138/500], Loss: 11.936267065799843, Accuracy: 64.1640429482522%
2024-02-22 13:39:46,025 - INFO - Epoch [139/500], Loss: 11.922112832635136, Accuracy: 64.2420817523748%
2024-02-22 13:39:49,186 - INFO - Epoch [140/500], Loss: 11.90807826842292, Accuracy: 64.27437367132208%
2024-02-22 13:39:52,504 - INFO - Epoch [141/500], Loss: 11.89416187294459, Accuracy: 64.32281154974301%
2024-02-22 13:39:52,564 - INFO - Test Accuracy: 44.400527009222664%, Balanced Test Accuracy: 44.21888859621058%
2024-02-22 13:39:55,759 - INFO - Epoch [142/500], Loss: 11.880361770169209, Accuracy: 64.37932240790076%
2024-02-22 13:39:59,048 - INFO - Epoch [143/500], Loss: 11.866676143670487, Accuracy: 64.42776028632169%
2024-02-22 13:40:01,994 - INFO - Epoch [144/500], Loss: 11.853103499291306, Accuracy: 64.49503511746185%
2024-02-22 13:40:05,222 - INFO - Epoch [145/500], Loss: 11.83964192867279, Accuracy: 64.52194504991793%
2024-02-22 13:40:08,341 - INFO - Epoch [146/500], Loss: 11.826289880073677, Accuracy: 64.55692796211082%
2024-02-22 13:40:11,474 - INFO - Epoch [147/500], Loss: 11.81304582700891, Accuracy: 64.60805683377735%
2024-02-22 13:40:14,627 - INFO - Epoch [148/500], Loss: 11.799908168235067, Accuracy: 64.65649471219827%
2024-02-22 13:40:17,527 - INFO - Epoch [149/500], Loss: 11.786875320693193, Accuracy: 64.71838755684723%
2024-02-22 13:40:20,986 - INFO - Epoch [150/500], Loss: 11.773945931660927, Accuracy: 64.7452974893033%
2024-02-22 13:40:24,304 - INFO - Epoch [151/500], Loss: 11.761118558503814, Accuracy: 64.77489841500498%
2024-02-22 13:40:24,364 - INFO - Test Accuracy: 44.66403162055336%, Balanced Test Accuracy: 44.50460288192487%
2024-02-22 13:40:27,527 - INFO - Epoch [152/500], Loss: 11.748391454502688, Accuracy: 64.80449934070666%
2024-02-22 13:40:30,470 - INFO - Epoch [153/500], Loss: 11.735763274006924, Accuracy: 64.85562821237319%
2024-02-22 13:40:33,530 - INFO - Epoch [154/500], Loss: 11.723233281555823, Accuracy: 64.8986841043029%
2024-02-22 13:40:36,575 - INFO - Epoch [155/500], Loss: 11.710799268746781, Accuracy: 64.91213907053093%
2024-02-22 13:40:39,860 - INFO - Epoch [156/500], Loss: 11.698460433442714, Accuracy: 64.92828503000457%
2024-02-22 13:40:42,971 - INFO - Epoch [157/500], Loss: 11.686215062262649, Accuracy: 64.98210489491672%
2024-02-22 13:40:45,922 - INFO - Epoch [158/500], Loss: 11.674062503596483, Accuracy: 65.00901482737278%
2024-02-22 13:40:49,251 - INFO - Epoch [159/500], Loss: 11.662000857167325, Accuracy: 65.02785178009204%
2024-02-22 13:40:52,546 - INFO - Epoch [160/500], Loss: 11.650029401657944, Accuracy: 65.06552568553053%
2024-02-22 13:40:55,852 - INFO - Epoch [161/500], Loss: 11.638146736864316, Accuracy: 65.08974462474099%
2024-02-22 13:40:55,913 - INFO - Test Accuracy: 44.400527009222664%, Balanced Test Accuracy: 44.20830658562857%
2024-02-22 13:40:59,026 - INFO - Epoch [162/500], Loss: 11.626351567648225, Accuracy: 65.11665455719707%
2024-02-22 13:41:01,716 - INFO - Epoch [163/500], Loss: 11.61464307873936, Accuracy: 65.14894647614435%
2024-02-22 13:41:04,797 - INFO - Epoch [164/500], Loss: 11.603019972979013, Accuracy: 65.16240144237238%
2024-02-22 13:41:08,010 - INFO - Epoch [165/500], Loss: 11.59148102695659, Accuracy: 65.19469336131966%
2024-02-22 13:41:11,116 - INFO - Epoch [166/500], Loss: 11.580025182942213, Accuracy: 65.23505826000377%
2024-02-22 13:41:14,099 - INFO - Epoch [167/500], Loss: 11.568651455943867, Accuracy: 65.27273216544226%
2024-02-22 13:41:17,245 - INFO - Epoch [168/500], Loss: 11.557358846826068, Accuracy: 65.31578805737198%
2024-02-22 13:41:20,572 - INFO - Epoch [169/500], Loss: 11.546146340289358, Accuracy: 65.37768090202094%
2024-02-22 13:41:23,916 - INFO - Epoch [170/500], Loss: 11.53501261492907, Accuracy: 65.39920884798579%
2024-02-22 13:41:27,233 - INFO - Epoch [171/500], Loss: 11.523957170672336, Accuracy: 65.45302871289793%
2024-02-22 13:41:27,263 - INFO - Test Accuracy: 44.26877470355731%, Balanced Test Accuracy: 44.006545383867376%
2024-02-22 13:41:30,351 - INFO - Epoch [172/500], Loss: 11.51297883361073, Accuracy: 65.49608460482764%
2024-02-22 13:41:33,214 - INFO - Epoch [173/500], Loss: 11.50207637326192, Accuracy: 65.53375851026614%
2024-02-22 13:41:36,388 - INFO - Epoch [174/500], Loss: 11.491249224897158, Accuracy: 65.56335943596781%
2024-02-22 13:41:39,501 - INFO - Epoch [175/500], Loss: 11.480496549000174, Accuracy: 65.5983423481607%
2024-02-22 13:41:42,749 - INFO - Epoch [176/500], Loss: 11.469817045381514, Accuracy: 65.60910632114313%
2024-02-22 13:41:46,103 - INFO - Epoch [177/500], Loss: 11.459210158404657, Accuracy: 65.63601625359921%
2024-02-22 13:41:48,921 - INFO - Epoch [178/500], Loss: 11.448674757601852, Accuracy: 65.66830817254649%
2024-02-22 13:41:52,151 - INFO - Epoch [179/500], Loss: 11.43821025601888, Accuracy: 65.69252711175695%
2024-02-22 13:41:55,367 - INFO - Epoch [180/500], Loss: 11.427815760596324, Accuracy: 65.71943704421302%
2024-02-22 13:41:58,727 - INFO - Epoch [181/500], Loss: 11.417490106517986, Accuracy: 65.75441995640591%
2024-02-22 13:41:58,787 - INFO - Test Accuracy: 44.13702239789196%, Balanced Test Accuracy: 43.869911184733176%
2024-02-22 13:42:01,644 - INFO - Epoch [182/500], Loss: 11.407232907869048, Accuracy: 65.80823982131805%
2024-02-22 13:42:04,885 - INFO - Epoch [183/500], Loss: 11.397043269569592, Accuracy: 65.84860472000216%
2024-02-22 13:42:08,244 - INFO - Epoch [184/500], Loss: 11.386920138940972, Accuracy: 65.87282365921261%
2024-02-22 13:42:11,659 - INFO - Epoch [185/500], Loss: 11.376863101781424, Accuracy: 65.89166061193187%
2024-02-22 13:42:14,818 - INFO - Epoch [186/500], Loss: 11.366871149863227, Accuracy: 65.91318855789672%
2024-02-22 13:42:18,092 - INFO - Epoch [187/500], Loss: 11.356943747754825, Accuracy: 65.945480476844%
2024-02-22 13:42:21,341 - INFO - Epoch [188/500], Loss: 11.347080114534347, Accuracy: 65.9831543822825%
2024-02-22 13:42:24,613 - INFO - Epoch [189/500], Loss: 11.337279543028039, Accuracy: 66.00737332149296%
2024-02-22 13:42:28,028 - INFO - Epoch [190/500], Loss: 11.32754104521315, Accuracy: 66.05042921342267%
2024-02-22 13:42:30,859 - INFO - Epoch [191/500], Loss: 11.317864127078298, Accuracy: 66.08003013912435%
2024-02-22 13:42:30,870 - INFO - Test Accuracy: 44.00527009222662%, Balanced Test Accuracy: 43.851636330931996%
2024-02-22 13:42:34,063 - INFO - Epoch [192/500], Loss: 11.30824831582732, Accuracy: 66.10694007158042%
2024-02-22 13:42:37,082 - INFO - Epoch [193/500], Loss: 11.2986926305092, Accuracy: 66.13385000403649%
2024-02-22 13:42:40,216 - INFO - Epoch [194/500], Loss: 11.289196592266277, Accuracy: 66.18497887570302%
2024-02-22 13:42:43,439 - INFO - Epoch [195/500], Loss: 11.279759432299663, Accuracy: 66.20112483517666%
2024-02-22 13:42:46,448 - INFO - Epoch [196/500], Loss: 11.270380543450178, Accuracy: 66.23072576087834%
2024-02-22 13:42:48,993 - INFO - Epoch [197/500], Loss: 11.261059234708043, Accuracy: 66.26032668658002%
2024-02-22 13:42:49,888 - INFO - Epoch [198/500], Loss: 11.251794994887659, Accuracy: 66.28992761228169%
2024-02-22 13:42:51,395 - INFO - Epoch [199/500], Loss: 11.242587105702546, Accuracy: 66.31145555824655%
2024-02-22 13:42:54,370 - INFO - Epoch [200/500], Loss: 11.233435300447173, Accuracy: 66.35182045693065%
2024-02-22 13:42:56,943 - INFO - Epoch [201/500], Loss: 11.22433845774602, Accuracy: 66.37603939614111%
2024-02-22 13:42:56,972 - INFO - Test Accuracy: 44.13702239789196%, Balanced Test Accuracy: 43.99052521982089%
2024-02-22 13:42:59,947 - INFO - Epoch [202/500], Loss: 11.215296438184835, Accuracy: 66.41909528807082%
2024-02-22 13:43:02,773 - INFO - Epoch [203/500], Loss: 11.20630848609795, Accuracy: 66.4460052205269%
2024-02-22 13:43:05,476 - INFO - Epoch [204/500], Loss: 11.197373855922182, Accuracy: 66.47291515298296%
2024-02-22 13:43:08,445 - INFO - Epoch [205/500], Loss: 11.188492379956326, Accuracy: 66.49444309894783%
2024-02-22 13:43:11,226 - INFO - Epoch [206/500], Loss: 11.179663316678193, Accuracy: 66.5267350178951%
2024-02-22 13:43:13,742 - INFO - Epoch [207/500], Loss: 11.170885987200979, Accuracy: 66.54288097736875%
2024-02-22 13:43:16,727 - INFO - Epoch [208/500], Loss: 11.16216005511203, Accuracy: 66.56979090982482%
2024-02-22 13:43:19,764 - INFO - Epoch [209/500], Loss: 11.153485009225749, Accuracy: 66.59670084228088%
2024-02-22 13:43:22,600 - INFO - Epoch [210/500], Loss: 11.144860054476787, Accuracy: 66.62091978149135%
2024-02-22 13:43:25,665 - INFO - Epoch [211/500], Loss: 11.136284902944404, Accuracy: 66.64782971394742%
2024-02-22 13:43:25,725 - INFO - Test Accuracy: 44.26877470355731%, Balanced Test Accuracy: 44.02707492742323%
2024-02-22 13:43:27,410 - INFO - Epoch [212/500], Loss: 11.127759166693282, Accuracy: 66.66128468017546%
2024-02-22 13:43:28,251 - INFO - Epoch [213/500], Loss: 11.119282199164568, Accuracy: 66.67473964640348%
2024-02-22 13:43:29,085 - INFO - Epoch [214/500], Loss: 11.110853599289717, Accuracy: 66.70164957885956%
2024-02-22 13:43:29,850 - INFO - Epoch [215/500], Loss: 11.102472638679764, Accuracy: 66.72317752482441%
2024-02-22 13:43:30,887 - INFO - Epoch [216/500], Loss: 11.09413926581205, Accuracy: 66.74201447754366%
2024-02-22 13:43:32,325 - INFO - Epoch [217/500], Loss: 11.08585260581162, Accuracy: 66.77161540324533%
2024-02-22 13:43:33,630 - INFO - Epoch [218/500], Loss: 11.07761242329064, Accuracy: 66.82274427491187%
2024-02-22 13:43:36,398 - INFO - Epoch [219/500], Loss: 11.06941816362284, Accuracy: 66.86310917359597%
2024-02-22 13:43:39,598 - INFO - Epoch [220/500], Loss: 11.061269411596202, Accuracy: 66.87656413982401%
2024-02-22 13:43:42,665 - INFO - Epoch [221/500], Loss: 11.05316584090055, Accuracy: 66.89540109254325%
2024-02-22 13:43:42,688 - INFO - Test Accuracy: 44.13702239789196%, Balanced Test Accuracy: 43.90802730837561%
2024-02-22 13:43:45,797 - INFO - Epoch [222/500], Loss: 11.045107005006177, Accuracy: 66.91692903850812%
2024-02-22 13:43:48,893 - INFO - Epoch [223/500], Loss: 11.03709209268376, Accuracy: 66.92500201824494%
2024-02-22 13:43:52,175 - INFO - Epoch [224/500], Loss: 11.029121297900959, Accuracy: 66.95729393719222%
2024-02-22 13:43:55,530 - INFO - Epoch [225/500], Loss: 11.021193866002358, Accuracy: 66.9922768493851%
2024-02-22 13:43:58,704 - INFO - Epoch [226/500], Loss: 11.013309393898915, Accuracy: 67.01380479534997%
2024-02-22 13:44:01,992 - INFO - Epoch [227/500], Loss: 11.005467309790143, Accuracy: 67.04609671429725%
2024-02-22 13:44:04,908 - INFO - Epoch [228/500], Loss: 10.997667615696535, Accuracy: 67.05955168052529%
2024-02-22 13:44:08,158 - INFO - Epoch [229/500], Loss: 10.989909570095902, Accuracy: 67.09453459271818%
2024-02-22 13:44:11,231 - INFO - Epoch [230/500], Loss: 10.982193106311863, Accuracy: 67.11337154543742%
2024-02-22 13:44:14,118 - INFO - Epoch [231/500], Loss: 10.974517511109175, Accuracy: 67.13220849815667%
2024-02-22 13:44:14,144 - INFO - Test Accuracy: 44.26877470355731%, Balanced Test Accuracy: 44.046916197264494%
2024-02-22 13:44:17,350 - INFO - Epoch [232/500], Loss: 10.966882750139398, Accuracy: 67.16719141034956%
2024-02-22 13:44:20,204 - INFO - Epoch [233/500], Loss: 10.959288046521655, Accuracy: 67.18871935631442%
2024-02-22 13:44:23,479 - INFO - Epoch [234/500], Loss: 10.951733287108146, Accuracy: 67.22908425499853%
2024-02-22 13:44:26,789 - INFO - Epoch [235/500], Loss: 10.944218265808235, Accuracy: 67.25330319420898%
2024-02-22 13:44:30,179 - INFO - Epoch [236/500], Loss: 10.936742087542001, Accuracy: 67.29097709964748%
2024-02-22 13:44:33,053 - INFO - Epoch [237/500], Loss: 10.929304806862847, Accuracy: 67.31250504561234%
2024-02-22 13:44:36,304 - INFO - Epoch [238/500], Loss: 10.921906163126735, Accuracy: 67.31519603885795%
2024-02-22 13:44:39,536 - INFO - Epoch [239/500], Loss: 10.914545761326613, Accuracy: 67.33134199833158%
2024-02-22 13:44:42,738 - INFO - Epoch [240/500], Loss: 10.907223030672235, Accuracy: 67.35825193078766%
2024-02-22 13:44:46,008 - INFO - Epoch [241/500], Loss: 10.899937544838856, Accuracy: 67.37977987675251%
2024-02-22 13:44:46,069 - INFO - Test Accuracy: 44.400527009222664%, Balanced Test Accuracy: 44.175121325469625%
2024-02-22 13:44:48,996 - INFO - Epoch [242/500], Loss: 10.89268947758917, Accuracy: 67.39323484298055%
2024-02-22 13:44:52,175 - INFO - Epoch [243/500], Loss: 10.885478157108112, Accuracy: 67.42821775517343%
2024-02-22 13:44:55,440 - INFO - Epoch [244/500], Loss: 10.878303231829303, Accuracy: 67.44167272140147%
2024-02-22 13:44:58,616 - INFO - Epoch [245/500], Loss: 10.871164436057462, Accuracy: 67.4551276876295%
2024-02-22 13:45:01,724 - INFO - Epoch [246/500], Loss: 10.864061623306597, Accuracy: 67.46858265385754%
2024-02-22 13:45:04,389 - INFO - Epoch [247/500], Loss: 10.85699423794019, Accuracy: 67.48472861333119%
2024-02-22 13:45:07,629 - INFO - Epoch [248/500], Loss: 10.849962127410759, Accuracy: 67.51432953903286%
2024-02-22 13:45:10,851 - INFO - Epoch [249/500], Loss: 10.84296500581806, Accuracy: 67.51971152552407%
2024-02-22 13:45:14,040 - INFO - Epoch [250/500], Loss: 10.836002482196031, Accuracy: 67.54662145798014%
2024-02-22 13:45:16,909 - INFO - Epoch [251/500], Loss: 10.829074328228579, Accuracy: 67.57891337692742%
2024-02-22 13:45:16,970 - INFO - Test Accuracy: 44.66403162055336%, Balanced Test Accuracy: 44.42237407272237%
2024-02-22 13:45:20,063 - INFO - Epoch [252/500], Loss: 10.822180037781344, Accuracy: 67.60044132289228%
2024-02-22 13:45:23,396 - INFO - Epoch [253/500], Loss: 10.81531981290397, Accuracy: 67.62196926885713%
2024-02-22 13:45:26,755 - INFO - Epoch [254/500], Loss: 10.808492636276505, Accuracy: 67.6461882080676%
2024-02-22 13:45:30,038 - INFO - Epoch [255/500], Loss: 10.801699034238267, Accuracy: 67.67848012701488%
2024-02-22 13:45:33,161 - INFO - Epoch [256/500], Loss: 10.79493810362735, Accuracy: 67.70000807297974%
2024-02-22 13:45:36,016 - INFO - Epoch [257/500], Loss: 10.788209872730707, Accuracy: 67.7242270121902%
2024-02-22 13:45:39,321 - INFO - Epoch [258/500], Loss: 10.781514162734403, Accuracy: 67.73229999192702%
2024-02-22 13:45:42,621 - INFO - Epoch [259/500], Loss: 10.774850418001918, Accuracy: 67.74306396490945%
2024-02-22 13:45:45,813 - INFO - Epoch [260/500], Loss: 10.768218650656232, Accuracy: 67.7645919108743%
2024-02-22 13:45:49,110 - INFO - Epoch [261/500], Loss: 10.761618205046249, Accuracy: 67.79419283657597%
2024-02-22 13:45:49,121 - INFO - Test Accuracy: 44.79578392621871%, Balanced Test Accuracy: 44.67005925790755%
2024-02-22 13:45:52,003 - INFO - Epoch [262/500], Loss: 10.755049240791191, Accuracy: 67.82917574876888%
2024-02-22 13:45:55,261 - INFO - Epoch [263/500], Loss: 10.748511315402338, Accuracy: 67.85339468797933%
2024-02-22 13:45:58,569 - INFO - Epoch [264/500], Loss: 10.74200415106143, Accuracy: 67.86684965420737%
2024-02-22 13:46:01,567 - INFO - Epoch [265/500], Loss: 10.73552773968648, Accuracy: 67.89106859341783%
2024-02-22 13:46:04,782 - INFO - Epoch [266/500], Loss: 10.729081274089166, Accuracy: 67.89914157315465%
2024-02-22 13:46:08,150 - INFO - Epoch [267/500], Loss: 10.722665253332107, Accuracy: 67.9179785258739%
2024-02-22 13:46:11,443 - INFO - Epoch [268/500], Loss: 10.7162788833602, Accuracy: 67.93681547859315%
2024-02-22 13:46:14,730 - INFO - Epoch [269/500], Loss: 10.709922149019727, Accuracy: 67.96372541104923%
2024-02-22 13:46:18,006 - INFO - Epoch [270/500], Loss: 10.703594478510194, Accuracy: 67.9933263367509%
2024-02-22 13:46:20,877 - INFO - Epoch [271/500], Loss: 10.697296177936813, Accuracy: 68.01216328947014%
2024-02-22 13:46:20,941 - INFO - Test Accuracy: 44.66403162055336%, Balanced Test Accuracy: 44.55713908984033%
2024-02-22 13:46:24,162 - INFO - Epoch [272/500], Loss: 10.69102687451799, Accuracy: 68.01754527596135%
2024-02-22 13:46:27,494 - INFO - Epoch [273/500], Loss: 10.684786139908484, Accuracy: 68.04176421517182%
2024-02-22 13:46:30,901 - INFO - Epoch [274/500], Loss: 10.678573780140635, Accuracy: 68.05791017464546%
2024-02-22 13:46:34,060 - INFO - Epoch [275/500], Loss: 10.67238971742533, Accuracy: 68.08212911385593%
2024-02-22 13:46:36,873 - INFO - Epoch [276/500], Loss: 10.666233676975056, Accuracy: 68.09020209359275%
2024-02-22 13:46:39,995 - INFO - Epoch [277/500], Loss: 10.660105253680278, Accuracy: 68.10365705982078%
2024-02-22 13:46:43,210 - INFO - Epoch [278/500], Loss: 10.654004607160212, Accuracy: 68.12787599903125%
2024-02-22 13:46:46,414 - INFO - Epoch [279/500], Loss: 10.647931215116532, Accuracy: 68.1494039449961%
2024-02-22 13:46:49,183 - INFO - Epoch [280/500], Loss: 10.641884968442431, Accuracy: 68.18169586394338%
2024-02-22 13:46:52,474 - INFO - Epoch [281/500], Loss: 10.635865699436705, Accuracy: 68.19515083017141%
2024-02-22 13:46:52,486 - INFO - Test Accuracy: 44.79578392621871%, Balanced Test Accuracy: 44.69949673219797%
2024-02-22 13:46:55,655 - INFO - Epoch [282/500], Loss: 10.629873177762759, Accuracy: 68.21667877613628%
2024-02-22 13:46:58,961 - INFO - Epoch [283/500], Loss: 10.623906968003613, Accuracy: 68.23551572885552%
2024-02-22 13:47:02,063 - INFO - Epoch [284/500], Loss: 10.617967444961353, Accuracy: 68.24627970183795%
2024-02-22 13:47:05,270 - INFO - Epoch [285/500], Loss: 10.612053796396417, Accuracy: 68.2624256613116%
2024-02-22 13:47:08,311 - INFO - Epoch [286/500], Loss: 10.606166251635146, Accuracy: 68.28664460052205%
2024-02-22 13:47:11,630 - INFO - Epoch [287/500], Loss: 10.6003042126106, Accuracy: 68.29202658701327%
2024-02-22 13:47:14,813 - INFO - Epoch [288/500], Loss: 10.594467963202526, Accuracy: 68.31086353973251%
2024-02-22 13:47:17,734 - INFO - Epoch [289/500], Loss: 10.588656845739333, Accuracy: 68.32970049245176%
2024-02-22 13:47:20,956 - INFO - Epoch [290/500], Loss: 10.58287108853712, Accuracy: 68.35391943166222%
2024-02-22 13:47:24,049 - INFO - Epoch [291/500], Loss: 10.577110180410289, Accuracy: 68.36468340464465%
2024-02-22 13:47:24,106 - INFO - Test Accuracy: 44.927536231884055%, Balanced Test Accuracy: 44.85101188371311%
2024-02-22 13:47:27,480 - INFO - Epoch [292/500], Loss: 10.571374213291428, Accuracy: 68.3808293641183%
2024-02-22 13:47:30,816 - INFO - Epoch [293/500], Loss: 10.565662673974442, Accuracy: 68.4211942628024%
2024-02-22 13:47:33,668 - INFO - Epoch [294/500], Loss: 10.559975560438835, Accuracy: 68.44810419525847%
2024-02-22 13:47:36,808 - INFO - Epoch [295/500], Loss: 10.554312916125282, Accuracy: 68.46425015473211%
2024-02-22 13:47:39,924 - INFO - Epoch [296/500], Loss: 10.548674204591977, Accuracy: 68.499233066925%
2024-02-22 13:47:43,155 - INFO - Epoch [297/500], Loss: 10.543059275311938, Accuracy: 68.51807001964426%
2024-02-22 13:47:45,939 - INFO - Epoch [298/500], Loss: 10.537467995942649, Accuracy: 68.5369069723635%
2024-02-22 13:47:49,225 - INFO - Epoch [299/500], Loss: 10.531900823116302, Accuracy: 68.56112591157397%
2024-02-22 13:47:52,541 - INFO - Epoch [300/500], Loss: 10.5263563970388, Accuracy: 68.57458087780199%
2024-02-22 13:47:55,693 - INFO - Epoch [301/500], Loss: 10.520835568339137, Accuracy: 68.60687279674929%
2024-02-22 13:47:55,756 - INFO - Test Accuracy: 45.059288537549406%, Balanced Test Accuracy: 44.94905109939939%
2024-02-22 13:47:59,075 - INFO - Epoch [302/500], Loss: 10.515337822800976, Accuracy: 68.60687279674929%
2024-02-22 13:48:01,992 - INFO - Epoch [303/500], Loss: 10.509862866442083, Accuracy: 68.6149457764861%
2024-02-22 13:48:05,209 - INFO - Epoch [304/500], Loss: 10.50441045983363, Accuracy: 68.64185570894217%
2024-02-22 13:48:08,516 - INFO - Epoch [305/500], Loss: 10.498980693897959, Accuracy: 68.649928688679%
2024-02-22 13:48:11,855 - INFO - Epoch [306/500], Loss: 10.493573466599997, Accuracy: 68.66338365490702%
2024-02-22 13:48:14,976 - INFO - Epoch [307/500], Loss: 10.488188529418686, Accuracy: 68.68222060762628%
2024-02-22 13:48:17,941 - INFO - Epoch [308/500], Loss: 10.48282557321807, Accuracy: 68.69836656709991%
2024-02-22 13:48:21,120 - INFO - Epoch [309/500], Loss: 10.477484444440421, Accuracy: 68.73334947929281%
2024-02-22 13:48:24,279 - INFO - Epoch [310/500], Loss: 10.47216523804907, Accuracy: 68.75487742525766%
2024-02-22 13:48:27,432 - INFO - Epoch [311/500], Loss: 10.466867739871397, Accuracy: 68.77909636446813%
2024-02-22 13:48:27,495 - INFO - Test Accuracy: 45.059288537549406%, Balanced Test Accuracy: 44.94905109939939%
2024-02-22 13:48:30,869 - INFO - Epoch [312/500], Loss: 10.461591669058395, Accuracy: 68.79524232394176%
2024-02-22 13:48:33,889 - INFO - Epoch [313/500], Loss: 10.456336903370033, Accuracy: 68.80062431043298%
2024-02-22 13:48:37,092 - INFO - Epoch [314/500], Loss: 10.451103335719997, Accuracy: 68.81407927666102%
2024-02-22 13:48:40,201 - INFO - Epoch [315/500], Loss: 10.445890634746874, Accuracy: 68.83022523613465%
2024-02-22 13:48:43,251 - INFO - Epoch [316/500], Loss: 10.440699209601192, Accuracy: 68.84098920911708%
2024-02-22 13:48:45,984 - INFO - Epoch [317/500], Loss: 10.435528194500229, Accuracy: 68.83560722262587%
2024-02-22 13:48:49,345 - INFO - Epoch [318/500], Loss: 10.430377845036782, Accuracy: 68.8463711956083%
2024-02-22 13:48:52,537 - INFO - Epoch [319/500], Loss: 10.425248019776102, Accuracy: 68.85713516859073%
2024-02-22 13:48:55,900 - INFO - Epoch [320/500], Loss: 10.420138403520745, Accuracy: 68.87866311455558%
2024-02-22 13:48:59,195 - INFO - Epoch [321/500], Loss: 10.415049268027483, Accuracy: 68.88135410780119%
2024-02-22 13:48:59,260 - INFO - Test Accuracy: 44.927536231884055%, Balanced Test Accuracy: 44.83000348035178%
2024-02-22 13:49:02,422 - INFO - Epoch [322/500], Loss: 10.40997980610799, Accuracy: 68.89480907402923%
2024-02-22 13:49:05,204 - INFO - Epoch [323/500], Loss: 10.404930572388535, Accuracy: 68.91364602674847%
2024-02-22 13:49:08,633 - INFO - Epoch [324/500], Loss: 10.399901124380403, Accuracy: 68.93248297946772%
2024-02-22 13:49:11,926 - INFO - Epoch [325/500], Loss: 10.394891137793913, Accuracy: 68.94593794569576%
2024-02-22 13:49:15,151 - INFO - Epoch [326/500], Loss: 10.389900694459172, Accuracy: 68.964774898415%
2024-02-22 13:49:18,142 - INFO - Epoch [327/500], Loss: 10.384929712546073, Accuracy: 68.98630284437986%
2024-02-22 13:49:21,111 - INFO - Epoch [328/500], Loss: 10.379977985963983, Accuracy: 69.0051397970991%
2024-02-22 13:49:24,352 - INFO - Epoch [329/500], Loss: 10.37504549147719, Accuracy: 69.02128575657275%
2024-02-22 13:49:27,684 - INFO - Epoch [330/500], Loss: 10.370131978544139, Accuracy: 69.0374317160464%
2024-02-22 13:49:31,056 - INFO - Epoch [331/500], Loss: 10.365237422918868, Accuracy: 69.05626866876564%
2024-02-22 13:49:31,076 - INFO - Test Accuracy: 44.927536231884055%, Balanced Test Accuracy: 44.81693158492694%
2024-02-22 13:49:33,947 - INFO - Epoch [332/500], Loss: 10.360361403327877, Accuracy: 69.0751056214849%
2024-02-22 13:49:37,125 - INFO - Epoch [333/500], Loss: 10.355504280429775, Accuracy: 69.08856058771292%
2024-02-22 13:49:40,328 - INFO - Epoch [334/500], Loss: 10.350665524854499, Accuracy: 69.09394257420414%
2024-02-22 13:49:43,426 - INFO - Epoch [335/500], Loss: 10.345845382092362, Accuracy: 69.115470520169%
2024-02-22 13:49:46,683 - INFO - Epoch [336/500], Loss: 10.341043226799723, Accuracy: 69.12354349990582%
2024-02-22 13:49:49,883 - INFO - Epoch [337/500], Loss: 10.336259274159447, Accuracy: 69.12354349990582%
2024-02-22 13:49:53,158 - INFO - Epoch [338/500], Loss: 10.331493580745438, Accuracy: 69.13161647964263%
2024-02-22 13:49:56,307 - INFO - Epoch [339/500], Loss: 10.326745732355926, Accuracy: 69.14507144587067%
2024-02-22 13:49:59,592 - INFO - Epoch [340/500], Loss: 10.322015657263288, Accuracy: 69.16659939183553%
2024-02-22 13:50:02,416 - INFO - Epoch [341/500], Loss: 10.317303291821885, Accuracy: 69.17198137832673%
2024-02-22 13:50:02,479 - INFO - Test Accuracy: 45.059288537549406%, Balanced Test Accuracy: 44.945136713132065%
2024-02-22 13:50:05,696 - INFO - Epoch [342/500], Loss: 10.312608378418421, Accuracy: 69.19081833104599%
2024-02-22 13:50:09,028 - INFO - Epoch [343/500], Loss: 10.307930975647295, Accuracy: 69.20158230402842%
2024-02-22 13:50:12,380 - INFO - Epoch [344/500], Loss: 10.303271164328365, Accuracy: 69.21234627701085%
2024-02-22 13:50:15,726 - INFO - Epoch [345/500], Loss: 10.298628443378513, Accuracy: 69.22041925674766%
2024-02-22 13:50:18,434 - INFO - Epoch [346/500], Loss: 10.294002925945541, Accuracy: 69.22849223648448%
2024-02-22 13:50:21,915 - INFO - Epoch [347/500], Loss: 10.289394433215513, Accuracy: 69.24463819595813%
2024-02-22 13:50:25,235 - INFO - Epoch [348/500], Loss: 10.28480283486641, Accuracy: 69.24732918920374%
2024-02-22 13:50:28,606 - INFO - Epoch [349/500], Loss: 10.28022805310912, Accuracy: 69.26078415543176%
2024-02-22 13:50:29,683 - INFO - Epoch [350/500], Loss: 10.275670128353571, Accuracy: 69.29307607437906%
2024-02-22 13:50:30,640 - INFO - Epoch [351/500], Loss: 10.271128816119695, Accuracy: 69.31729501358951%
2024-02-22 13:50:30,651 - INFO - Test Accuracy: 45.059288537549406%, Balanced Test Accuracy: 44.945136713132065%
2024-02-22 13:50:32,670 - INFO - Epoch [352/500], Loss: 10.266603864855686, Accuracy: 69.33344097306316%
2024-02-22 13:50:36,041 - INFO - Epoch [353/500], Loss: 10.262095589758987, Accuracy: 69.35765991227362%
2024-02-22 13:50:38,940 - INFO - Epoch [354/500], Loss: 10.257603174549038, Accuracy: 69.36304189876483%
2024-02-22 13:50:41,564 - INFO - Epoch [355/500], Loss: 10.25312725467197, Accuracy: 69.3845698447297%
2024-02-22 13:50:44,417 - INFO - Epoch [356/500], Loss: 10.248667476540906, Accuracy: 69.40609779069455%
2024-02-22 13:50:46,944 - INFO - Epoch [357/500], Loss: 10.244223540112124, Accuracy: 69.4249347434138%
2024-02-22 13:50:49,760 - INFO - Epoch [358/500], Loss: 10.23979574340885, Accuracy: 69.43300772315061%
2024-02-22 13:50:52,577 - INFO - Epoch [359/500], Loss: 10.235383611614422, Accuracy: 69.43569871639622%
2024-02-22 13:50:55,322 - INFO - Epoch [360/500], Loss: 10.230987055826995, Accuracy: 69.43838970964183%
2024-02-22 13:50:58,254 - INFO - Epoch [361/500], Loss: 10.22660643367444, Accuracy: 69.44377169613304%
2024-02-22 13:50:58,280 - INFO - Test Accuracy: 45.059288537549406%, Balanced Test Accuracy: 44.945136713132065%
2024-02-22 13:51:01,400 - INFO - Epoch [362/500], Loss: 10.22224128549382, Accuracy: 69.45453566911547%
2024-02-22 13:51:03,972 - INFO - Epoch [363/500], Loss: 10.217891562793215, Accuracy: 69.4652996420979%
2024-02-22 13:51:06,944 - INFO - Epoch [364/500], Loss: 10.213556889760293, Accuracy: 69.47606361508032%
2024-02-22 13:51:10,214 - INFO - Epoch [365/500], Loss: 10.209237915984655, Accuracy: 69.49759156104518%
2024-02-22 13:51:13,028 - INFO - Epoch [366/500], Loss: 10.2049336231361, Accuracy: 69.51642851376442%
2024-02-22 13:51:14,048 - INFO - Epoch [367/500], Loss: 10.200644872956357, Accuracy: 69.52181050025564%
2024-02-22 13:51:15,720 - INFO - Epoch [368/500], Loss: 10.196370843103377, Accuracy: 69.54872043271172%
2024-02-22 13:51:18,986 - INFO - Epoch [369/500], Loss: 10.19211163460198, Accuracy: 69.55948440569414%
2024-02-22 13:51:22,146 - INFO - Epoch [370/500], Loss: 10.18786747980926, Accuracy: 69.57832135841339%
2024-02-22 13:51:25,535 - INFO - Epoch [371/500], Loss: 10.183637908959794, Accuracy: 69.59715831113265%
2024-02-22 13:51:25,566 - INFO - Test Accuracy: 45.059288537549406%, Balanced Test Accuracy: 44.945136713132065%
2024-02-22 13:51:28,951 - INFO - Epoch [372/500], Loss: 10.179422812946772, Accuracy: 69.60523129086945%
2024-02-22 13:51:32,175 - INFO - Epoch [373/500], Loss: 10.175222611023209, Accuracy: 69.6186862570975%
2024-02-22 13:51:35,549 - INFO - Epoch [374/500], Loss: 10.1710365950051, Accuracy: 69.6213772503431%
2024-02-22 13:51:38,675 - INFO - Epoch [375/500], Loss: 10.166865221524644, Accuracy: 69.6213772503431%
2024-02-22 13:51:41,890 - INFO - Epoch [376/500], Loss: 10.162707720772694, Accuracy: 69.62945023007993%
2024-02-22 13:51:44,821 - INFO - Epoch [377/500], Loss: 10.15856473627737, Accuracy: 69.62675923683432%
2024-02-22 13:51:48,012 - INFO - Epoch [378/500], Loss: 10.154435751801831, Accuracy: 69.62675923683432%
2024-02-22 13:51:51,235 - INFO - Epoch [379/500], Loss: 10.15032097444696, Accuracy: 69.63214122332553%
2024-02-22 13:51:54,065 - INFO - Epoch [380/500], Loss: 10.146219775838366, Accuracy: 69.64828718279917%
2024-02-22 13:51:57,333 - INFO - Epoch [381/500], Loss: 10.142132878303528, Accuracy: 69.6590511557816%
2024-02-22 13:51:57,396 - INFO - Test Accuracy: 44.927536231884055%, Balanced Test Accuracy: 44.81693158492694%
2024-02-22 13:52:00,696 - INFO - Epoch [382/500], Loss: 10.1380596544783, Accuracy: 69.66443314227281%
2024-02-22 13:52:03,600 - INFO - Epoch [383/500], Loss: 10.133999989194384, Accuracy: 69.66712413551842%
2024-02-22 13:52:06,865 - INFO - Epoch [384/500], Loss: 10.129954117839619, Accuracy: 69.68596108823766%
2024-02-22 13:52:10,390 - INFO - Epoch [385/500], Loss: 10.125921773708473, Accuracy: 69.6994160544657%
2024-02-22 13:52:13,729 - INFO - Epoch [386/500], Loss: 10.121902973975166, Accuracy: 69.71287102069374%
2024-02-22 13:52:17,044 - INFO - Epoch [387/500], Loss: 10.117897656004308, Accuracy: 69.71556201393935%
2024-02-22 13:52:20,399 - INFO - Epoch [388/500], Loss: 10.113905454086044, Accuracy: 69.72094400043056%
2024-02-22 13:52:23,399 - INFO - Epoch [389/500], Loss: 10.10992637327162, Accuracy: 69.73439896665859%
2024-02-22 13:52:26,688 - INFO - Epoch [390/500], Loss: 10.105960989402512, Accuracy: 69.75861790586906%
2024-02-22 13:52:29,807 - INFO - Epoch [391/500], Loss: 10.102008456900968, Accuracy: 69.77207287209708%
2024-02-22 13:52:29,869 - INFO - Test Accuracy: 45.059288537549406%, Balanced Test Accuracy: 44.935979203974554%
2024-02-22 13:52:33,099 - INFO - Epoch [392/500], Loss: 10.098068856586844, Accuracy: 69.78014585183391%
2024-02-22 13:52:36,456 - INFO - Epoch [393/500], Loss: 10.09414235919209, Accuracy: 69.78821883157073%
2024-02-22 13:52:39,485 - INFO - Epoch [394/500], Loss: 10.090228673765214, Accuracy: 69.79898280455316%
2024-02-22 13:52:42,664 - INFO - Epoch [395/500], Loss: 10.08632766594321, Accuracy: 69.80705578428999%
2024-02-22 13:52:45,812 - INFO - Epoch [396/500], Loss: 10.082439736794617, Accuracy: 69.8151287640268%
2024-02-22 13:52:48,983 - INFO - Epoch [397/500], Loss: 10.078564246832315, Accuracy: 69.82320174376362%
2024-02-22 13:52:51,811 - INFO - Epoch [398/500], Loss: 10.074701522366475, Accuracy: 69.84203869648287%
2024-02-22 13:52:55,047 - INFO - Epoch [399/500], Loss: 10.07085126335338, Accuracy: 69.8581846559565%
2024-02-22 13:52:58,311 - INFO - Epoch [400/500], Loss: 10.067013341491505, Accuracy: 69.86625763569333%
2024-02-22 13:53:01,507 - INFO - Epoch [401/500], Loss: 10.063188088142265, Accuracy: 69.87971260192137%
2024-02-22 13:53:01,540 - INFO - Test Accuracy: 45.059288537549406%, Balanced Test Accuracy: 44.935979203974554%
2024-02-22 13:53:04,743 - INFO - Epoch [402/500], Loss: 10.059374803203648, Accuracy: 69.88778558165819%
2024-02-22 13:53:07,493 - INFO - Epoch [403/500], Loss: 10.055574147377984, Accuracy: 69.90124054788622%
2024-02-22 13:53:10,710 - INFO - Epoch [404/500], Loss: 10.05178562564365, Accuracy: 69.91469551411426%
2024-02-22 13:53:13,890 - INFO - Epoch [405/500], Loss: 10.048009169303764, Accuracy: 69.94698743306154%
2024-02-22 13:53:17,007 - INFO - Epoch [406/500], Loss: 10.044244708651203, Accuracy: 69.95236941955275%
2024-02-22 13:53:20,328 - INFO - Epoch [407/500], Loss: 10.040492426540892, Accuracy: 69.96044239928958%
2024-02-22 13:53:23,052 - INFO - Epoch [408/500], Loss: 10.036751932006771, Accuracy: 69.98197034525444%
2024-02-22 13:53:26,181 - INFO - Epoch [409/500], Loss: 10.033023251315294, Accuracy: 69.98466133850005%
2024-02-22 13:53:29,325 - INFO - Epoch [410/500], Loss: 10.029306513778234, Accuracy: 69.99542531148246%
2024-02-22 13:53:32,475 - INFO - Epoch [411/500], Loss: 10.02560131125531, Accuracy: 69.99542531148246%
2024-02-22 13:53:32,536 - INFO - Test Accuracy: 45.059288537549406%, Balanced Test Accuracy: 44.935979203974554%
2024-02-22 13:53:35,612 - INFO - Epoch [412/500], Loss: 10.021907956923469, Accuracy: 70.01426226420172%
2024-02-22 13:53:38,860 - INFO - Epoch [413/500], Loss: 10.018226194179665, Accuracy: 70.03040822367535%
2024-02-22 13:53:42,115 - INFO - Epoch [414/500], Loss: 10.014556158397157, Accuracy: 70.04386318990339%
2024-02-22 13:53:45,482 - INFO - Epoch [415/500], Loss: 10.010897502050561, Accuracy: 70.05193616964021%
2024-02-22 13:53:48,665 - INFO - Epoch [416/500], Loss: 10.007250308990479, Accuracy: 70.05462716288582%
2024-02-22 13:53:51,931 - INFO - Epoch [417/500], Loss: 10.003614307460138, Accuracy: 70.07346411560506%
2024-02-22 13:53:54,933 - INFO - Epoch [418/500], Loss: 9.999989810636489, Accuracy: 70.07884610209628%
2024-02-22 13:53:58,172 - INFO - Epoch [419/500], Loss: 9.996376429573964, Accuracy: 70.0869190818331%
2024-02-22 13:54:01,513 - INFO - Epoch [420/500], Loss: 9.992774286512601, Accuracy: 70.08961007507871%
2024-02-22 13:54:04,727 - INFO - Epoch [421/500], Loss: 9.989183185464245, Accuracy: 70.09768305481553%
2024-02-22 13:54:04,737 - INFO - Test Accuracy: 45.19104084321476%, Balanced Test Accuracy: 45.03401841966083%
2024-02-22 13:54:08,169 - INFO - Epoch [422/500], Loss: 9.985603456780062, Accuracy: 70.11113802104357%
2024-02-22 13:54:11,028 - INFO - Epoch [423/500], Loss: 9.982034480167648, Accuracy: 70.11652000753477%
2024-02-22 13:54:14,403 - INFO - Epoch [424/500], Loss: 9.978476684982494, Accuracy: 70.1245929872716%
2024-02-22 13:54:17,741 - INFO - Epoch [425/500], Loss: 9.974929572161981, Accuracy: 70.12997497376281%
2024-02-22 13:54:20,554 - INFO - Epoch [426/500], Loss: 9.971393349817244, Accuracy: 70.14073894674524%
2024-02-22 13:54:23,772 - INFO - Epoch [427/500], Loss: 9.967868136147322, Accuracy: 70.14881192648207%
2024-02-22 13:54:26,932 - INFO - Epoch [428/500], Loss: 9.964353351269738, Accuracy: 70.15688490621889%
2024-02-22 13:54:30,264 - INFO - Epoch [429/500], Loss: 9.960849532636546, Accuracy: 70.1649578859557%
2024-02-22 13:54:33,699 - INFO - Epoch [430/500], Loss: 9.95735628524069, Accuracy: 70.17303086569252%
2024-02-22 13:54:36,992 - INFO - Epoch [431/500], Loss: 9.95387342420675, Accuracy: 70.17033987244692%
2024-02-22 13:54:37,043 - INFO - Test Accuracy: 45.19104084321476%, Balanced Test Accuracy: 45.03401841966083%
2024-02-22 13:54:40,228 - INFO - Epoch [432/500], Loss: 9.950401148553622, Accuracy: 70.18379483867496%
2024-02-22 13:54:43,498 - INFO - Epoch [433/500], Loss: 9.946939390594677, Accuracy: 70.19186781841178%
2024-02-22 13:54:46,668 - INFO - Epoch [434/500], Loss: 9.943488138206934, Accuracy: 70.21339576437663%
2024-02-22 13:54:49,875 - INFO - Epoch [435/500], Loss: 9.940047115592634, Accuracy: 70.22685073060467%
2024-02-22 13:54:53,084 - INFO - Epoch [436/500], Loss: 9.936616338915744, Accuracy: 70.2403056968327%
2024-02-22 13:54:55,700 - INFO - Epoch [437/500], Loss: 9.933195736448644, Accuracy: 70.25106966981512%
2024-02-22 13:54:58,844 - INFO - Epoch [438/500], Loss: 9.929785599142818, Accuracy: 70.25106966981512%
2024-02-22 13:55:02,133 - INFO - Epoch [439/500], Loss: 9.92638578354302, Accuracy: 70.25914264955195%
2024-02-22 13:55:05,318 - INFO - Epoch [440/500], Loss: 9.922995750176705, Accuracy: 70.26990662253438%
2024-02-22 13:55:07,931 - INFO - Epoch [441/500], Loss: 9.919615562689506, Accuracy: 70.2779796022712%
2024-02-22 13:55:07,995 - INFO - Test Accuracy: 45.19104084321476%, Balanced Test Accuracy: 45.03401841966083%
2024-02-22 13:55:11,215 - INFO - Epoch [442/500], Loss: 9.916245883804256, Accuracy: 70.2752886090256%
2024-02-22 13:55:14,572 - INFO - Epoch [443/500], Loss: 9.91288587804568, Accuracy: 70.2779796022712%
2024-02-22 13:55:17,760 - INFO - Epoch [444/500], Loss: 9.90953572018672, Accuracy: 70.28605258200803%
2024-02-22 13:55:21,082 - INFO - Epoch [445/500], Loss: 9.906195554692866, Accuracy: 70.29143456849923%
2024-02-22 13:55:24,149 - INFO - Epoch [446/500], Loss: 9.90286495928037, Accuracy: 70.29412556174483%
2024-02-22 13:55:27,186 - INFO - Epoch [447/500], Loss: 9.89954448251401, Accuracy: 70.29950754823605%
2024-02-22 13:55:30,480 - INFO - Epoch [448/500], Loss: 9.896233313164469, Accuracy: 70.30488953472727%
2024-02-22 13:55:33,744 - INFO - Epoch [449/500], Loss: 9.892932069503654, Accuracy: 70.31296251446409%
2024-02-22 13:55:37,112 - INFO - Epoch [450/500], Loss: 9.889640277725155, Accuracy: 70.32641748069213%
2024-02-22 13:55:40,122 - INFO - Epoch [451/500], Loss: 9.886358258077653, Accuracy: 70.32641748069213%
2024-02-22 13:55:40,177 - INFO - Test Accuracy: 45.19104084321476%, Balanced Test Accuracy: 45.02707397521639%
2024-02-22 13:55:43,480 - INFO - Epoch [452/500], Loss: 9.883085613533602, Accuracy: 70.33718145367455%
2024-02-22 13:55:46,866 - INFO - Epoch [453/500], Loss: 9.879822412789878, Accuracy: 70.34794542665698%
2024-02-22 13:55:50,055 - INFO - Epoch [454/500], Loss: 9.876568677061695, Accuracy: 70.3560184063938%
2024-02-22 13:55:52,860 - INFO - Epoch [455/500], Loss: 9.873324190155934, Accuracy: 70.37485535911304%
2024-02-22 13:55:56,002 - INFO - Epoch [456/500], Loss: 9.870089246054826, Accuracy: 70.39100131858669%
2024-02-22 13:55:59,222 - INFO - Epoch [457/500], Loss: 9.866863513396957, Accuracy: 70.40445628481473%
2024-02-22 13:56:02,451 - INFO - Epoch [458/500], Loss: 9.863646989151583, Accuracy: 70.40983827130594%
2024-02-22 13:56:05,770 - INFO - Epoch [459/500], Loss: 9.86043974201558, Accuracy: 70.42060224428836%
2024-02-22 13:56:08,918 - INFO - Epoch [460/500], Loss: 9.857241567918809, Accuracy: 70.42598423077958%
2024-02-22 13:56:12,044 - INFO - Epoch [461/500], Loss: 9.854052348662231, Accuracy: 70.44213019025322%
2024-02-22 13:56:12,078 - INFO - Test Accuracy: 45.3227931488801%, Balanced Test Accuracy: 45.146121594264%
2024-02-22 13:56:15,415 - INFO - Epoch [462/500], Loss: 9.850872566134242, Accuracy: 70.44482118349883%
2024-02-22 13:56:18,541 - INFO - Epoch [463/500], Loss: 9.847701444464215, Accuracy: 70.45020316999005%
2024-02-22 13:56:21,769 - INFO - Epoch [464/500], Loss: 9.84453942412037, Accuracy: 70.46634912946368%
2024-02-22 13:56:24,842 - INFO - Epoch [465/500], Loss: 9.841386574809833, Accuracy: 70.47980409569172%
2024-02-22 13:56:27,631 - INFO - Epoch [466/500], Loss: 9.838242217645806, Accuracy: 70.48787707542854%
2024-02-22 13:56:30,834 - INFO - Epoch [467/500], Loss: 9.835106908264807, Accuracy: 70.50940502139339%
2024-02-22 13:56:34,175 - INFO - Epoch [468/500], Loss: 9.831980489068112, Accuracy: 70.5147870078846%
2024-02-22 13:56:37,362 - INFO - Epoch [469/500], Loss: 9.828862693350194, Accuracy: 70.52824197411265%
2024-02-22 13:56:40,413 - INFO - Epoch [470/500], Loss: 9.825753572633712, Accuracy: 70.53900594709508%
2024-02-22 13:56:43,804 - INFO - Epoch [471/500], Loss: 9.822653448177597, Accuracy: 70.54707892683189%
2024-02-22 13:56:43,858 - INFO - Test Accuracy: 45.586297760210805%, Balanced Test Accuracy: 45.44915189729431%
2024-02-22 13:56:47,217 - INFO - Epoch [472/500], Loss: 9.819561788591288, Accuracy: 70.55515190656871%
2024-02-22 13:56:50,420 - INFO - Epoch [473/500], Loss: 9.816478682776628, Accuracy: 70.57129786604236%
2024-02-22 13:56:53,723 - INFO - Epoch [474/500], Loss: 9.813404140836102, Accuracy: 70.57129786604236%
2024-02-22 13:56:56,462 - INFO - Epoch [475/500], Loss: 9.810338385024313, Accuracy: 70.587443825516%
2024-02-22 13:56:59,784 - INFO - Epoch [476/500], Loss: 9.807280719280243, Accuracy: 70.60358978498964%
2024-02-22 13:57:02,971 - INFO - Epoch [477/500], Loss: 9.804231617410304, Accuracy: 70.60897177148085%
2024-02-22 13:57:06,421 - INFO - Epoch [478/500], Loss: 9.801191139019142, Accuracy: 70.62242673770889%
2024-02-22 13:57:09,616 - INFO - Epoch [479/500], Loss: 9.798158782013392, Accuracy: 70.64126369042813%
2024-02-22 13:57:12,536 - INFO - Epoch [480/500], Loss: 9.795134972717802, Accuracy: 70.65471865665617%
2024-02-22 13:57:15,892 - INFO - Epoch [481/500], Loss: 9.792119363606986, Accuracy: 70.66010064314739%
2024-02-22 13:57:15,953 - INFO - Test Accuracy: 45.45454545454545%, Balanced Test Accuracy: 45.330104278246694%
2024-02-22 13:57:19,134 - INFO - Epoch [482/500], Loss: 9.78911185466637, Accuracy: 70.67624660262102%
2024-02-22 13:57:22,460 - INFO - Epoch [483/500], Loss: 9.786112796452086, Accuracy: 70.68431958235784%
2024-02-22 13:57:25,374 - INFO - Epoch [484/500], Loss: 9.783121700003996, Accuracy: 70.68701057560345%
2024-02-22 13:57:28,601 - INFO - Epoch [485/500], Loss: 9.780138784545963, Accuracy: 70.7058475283227%
2024-02-22 13:57:32,028 - INFO - Epoch [486/500], Loss: 9.777164129887597, Accuracy: 70.7031565350771%
2024-02-22 13:57:35,272 - INFO - Epoch [487/500], Loss: 9.774197636014325, Accuracy: 70.72199348779634%
2024-02-22 13:57:38,754 - INFO - Epoch [488/500], Loss: 9.771238881652637, Accuracy: 70.73006646753316%
2024-02-22 13:57:41,763 - INFO - Epoch [489/500], Loss: 9.76828802541151, Accuracy: 70.73813944726999%
2024-02-22 13:57:45,221 - INFO - Epoch [490/500], Loss: 9.765345509779655, Accuracy: 70.7435214337612%
2024-02-22 13:57:48,537 - INFO - Epoch [491/500], Loss: 9.762410579091412, Accuracy: 70.75159441349803%
2024-02-22 13:57:48,547 - INFO - Test Accuracy: 45.586297760210805%, Balanced Test Accuracy: 45.46899316713559%
2024-02-22 13:57:51,773 - INFO - Epoch [492/500], Loss: 9.759483683917482, Accuracy: 70.75697639998924%
2024-02-22 13:57:55,111 - INFO - Epoch [493/500], Loss: 9.756564713130564, Accuracy: 70.76504937972605%
2024-02-22 13:57:58,248 - INFO - Epoch [494/500], Loss: 9.753653432353069, Accuracy: 70.76504937972605%
2024-02-22 13:58:01,405 - INFO - Epoch [495/500], Loss: 9.75075016284393, Accuracy: 70.76774037297166%
2024-02-22 13:58:04,735 - INFO - Epoch [496/500], Loss: 9.747854413622516, Accuracy: 70.77850434595409%
2024-02-22 13:58:08,158 - INFO - Epoch [497/500], Loss: 9.744966318041591, Accuracy: 70.77850434595409%
2024-02-22 13:58:11,073 - INFO - Epoch [498/500], Loss: 9.742086110478741, Accuracy: 70.7838863324453%
2024-02-22 13:58:12,109 - INFO - Epoch [499/500], Loss: 9.73921321004124, Accuracy: 70.78926831893652%
2024-02-22 13:58:13,507 - INFO - Epoch [500/500], Loss: 9.73634829561589, Accuracy: 70.80003229191895%
2024-02-22 13:58:14,547 - INFO - Test Accuracy: 20.04746835443038%, Balanced Test Accuracy: 20.047468354430382%
2024-02-22 13:58:14,895 - INFO - Final unblanced test accuracy: 20.04746835443038% and final balanced test accuracy 20.047468354430382
