2024-02-21 21:34:14,501 - INFO - Configuration:
{
    "task": "5",
    "topic": "classifier",
    "train_classifier": true,
    "number_gpus": "1",
    "modalities": [
        "ir"
    ],
    "encoder_model": "MAE",
    "mask_ratio": 0.8,
    "dataset": "NTU",
    "split": "CV",
    "num_classes": 60,
    "epochs": 500,
    "res_cktp": false,
    "cktp_dir": "/home/bas06400/Thesis/VIP/src/align_checkpoints/mae_checkpoints/",
    "trained_encoder": "checkpoint_ir_CV_20240126_170954.pth",
    "learning_rate": 0.001,
    "temperature": 0.1,
    "num_workers": 10,
    "batch_size": 64,
    "data_root": "/net/polaris/storage/deeplearning/ntu",
    "random_sample": false,
    "pin_memory": true,
    "scheduler_config": {
        "type": "plateau",
        "params": {
            "mode": "min",
            "factor": 0.1,
            "patience": 5
        }
    }
}
2024-02-21 21:34:14,584 - INFO - Training MAE for ir...
2024-02-21 21:34:14,634 - INFO - Evaluing on the following GPUs [0]
2024-02-21 21:34:20,010 - INFO - Checkpoint checkpoint_ir_CV_20240126_170954.pth loaded succesfully
2024-02-21 21:34:20,084 - INFO - Starting feature extraction...
2024-02-21 22:09:17,766 - INFO - Epoch [1/500], Loss: 31.16510445384656, Accuracy: 20.615699254594873%
2024-02-21 22:09:17,780 - INFO - Test Accuracy: 28.722002635046113%, Balanced Test Accuracy: 26.2945383936096%
2024-02-21 22:09:18,434 - INFO - Epoch [2/500], Loss: 25.320085598250568, Accuracy: 31.538440838513495%
2024-02-21 22:09:19,076 - INFO - Epoch [3/500], Loss: 23.395049408330756, Accuracy: 35.507655875783755%
2024-02-21 22:09:19,814 - INFO - Epoch [4/500], Loss: 22.230863852015997, Accuracy: 38.056026479373536%
2024-02-21 22:09:20,553 - INFO - Epoch [5/500], Loss: 21.406988422749407, Accuracy: 39.928957778315976%
2024-02-21 22:09:21,271 - INFO - Epoch [6/500], Loss: 20.774961960517754, Accuracy: 41.274454401119456%
2024-02-21 22:09:21,961 - INFO - Epoch [7/500], Loss: 20.26554057557704, Accuracy: 42.49885632787062%
2024-02-21 22:09:22,723 - INFO - Epoch [8/500], Loss: 19.8409164962122, Accuracy: 43.4999058152364%
2024-02-21 22:09:23,403 - INFO - Epoch [9/500], Loss: 19.478198477777383, Accuracy: 44.29374882269045%
2024-02-21 22:09:24,145 - INFO - Epoch [10/500], Loss: 19.16249372191348, Accuracy: 45.01224401926751%
2024-02-21 22:09:24,871 - INFO - Epoch [11/500], Loss: 18.883587269459742, Accuracy: 45.8222329861952%
2024-02-21 22:09:24,880 - INFO - Test Accuracy: 39.39393939393939%, Balanced Test Accuracy: 38.80290533483258%
2024-02-21 22:09:25,606 - INFO - Epoch [12/500], Loss: 18.634182008646302, Accuracy: 46.49767229084255%
2024-02-21 22:09:26,309 - INFO - Epoch [13/500], Loss: 18.40889740192284, Accuracy: 47.065471865665614%
2024-02-21 22:09:27,016 - INFO - Epoch [14/500], Loss: 18.2036678871866, Accuracy: 47.61174349452383%
2024-02-21 22:09:27,778 - INFO - Epoch [15/500], Loss: 18.015366418886995, Accuracy: 48.01808347461048%
2024-02-21 22:09:28,472 - INFO - Epoch [16/500], Loss: 17.841545937425, Accuracy: 48.486316299346086%
2024-02-21 22:09:29,180 - INFO - Epoch [17/500], Loss: 17.680253687551467, Accuracy: 48.97876806329216%
2024-02-21 22:09:29,987 - INFO - Epoch [18/500], Loss: 17.529900267972785, Accuracy: 49.401254002852454%
2024-02-21 22:09:30,789 - INFO - Epoch [19/500], Loss: 17.38916802002212, Accuracy: 49.745701138290144%
2024-02-21 22:09:31,528 - INFO - Epoch [20/500], Loss: 17.256949105505218, Accuracy: 50.02556443583327%
2024-02-21 22:09:32,277 - INFO - Epoch [21/500], Loss: 17.132306929362024, Accuracy: 50.35386561179732%
2024-02-21 22:09:32,286 - INFO - Test Accuracy: 42.55599472990777%, Balanced Test Accuracy: 42.762089669016916%
2024-02-21 22:09:32,976 - INFO - Epoch [22/500], Loss: 17.014455219446603, Accuracy: 50.671402814778936%
2024-02-21 22:09:33,676 - INFO - Epoch [23/500], Loss: 16.902731665110185, Accuracy: 50.87591830144506%
2024-02-21 22:09:34,438 - INFO - Epoch [24/500], Loss: 16.796558757959787, Accuracy: 51.1611635854794%
2024-02-21 22:09:35,176 - INFO - Epoch [25/500], Loss: 16.69542392633729, Accuracy: 51.395279997847204%
2024-02-21 22:09:35,881 - INFO - Epoch [26/500], Loss: 16.598859312170642, Accuracy: 51.64285137644305%
2024-02-21 22:09:36,611 - INFO - Epoch [27/500], Loss: 16.506461056612306, Accuracy: 51.86620381582842%
2024-02-21 22:09:37,342 - INFO - Epoch [28/500], Loss: 16.417895464573878, Accuracy: 52.127230160652296%
2024-02-21 22:09:38,130 - INFO - Epoch [29/500], Loss: 16.332867408202866, Accuracy: 52.320981674336%
2024-02-21 22:09:38,849 - INFO - Epoch [30/500], Loss: 16.2510995965893, Accuracy: 52.517424181265305%
2024-02-21 22:09:39,578 - INFO - Epoch [31/500], Loss: 16.172338881735076, Accuracy: 52.700411721966574%
2024-02-21 22:09:39,589 - INFO - Test Accuracy: 44.13702239789196%, Balanced Test Accuracy: 44.59874212331643%
2024-02-21 22:09:40,314 - INFO - Epoch [32/500], Loss: 16.096363708124322, Accuracy: 52.937219127579986%
2024-02-21 22:09:41,027 - INFO - Epoch [33/500], Loss: 16.022973575834502, Accuracy: 53.147116600737334%
2024-02-21 22:09:41,773 - INFO - Epoch [34/500], Loss: 15.951992182408349, Accuracy: 53.402760959069994%
2024-02-21 22:09:42,638 - INFO - Epoch [35/500], Loss: 15.883326671891293, Accuracy: 53.55614757406959%
2024-02-21 22:09:43,381 - INFO - Epoch [36/500], Loss: 15.816924367920826, Accuracy: 53.70684319582358%
2024-02-21 22:09:44,111 - INFO - Epoch [37/500], Loss: 15.752626285714618, Accuracy: 53.85753881757757%
2024-02-21 22:09:44,825 - INFO - Epoch [38/500], Loss: 15.690301228377779, Accuracy: 54.072818277226126%
2024-02-21 22:09:45,591 - INFO - Epoch [39/500], Loss: 15.629808286489066, Accuracy: 54.23158687871693%
2024-02-21 22:09:46,373 - INFO - Epoch [40/500], Loss: 15.571054951619294, Accuracy: 54.38766448696214%
2024-02-21 22:09:47,074 - INFO - Epoch [41/500], Loss: 15.513899791038643, Accuracy: 54.524905142488095%
2024-02-21 22:09:47,084 - INFO - Test Accuracy: 44.79578392621871%, Balanced Test Accuracy: 45.167295302163716%
2024-02-21 22:09:47,794 - INFO - Epoch [42/500], Loss: 15.458185141369448, Accuracy: 54.675600764242084%
2024-02-21 22:09:48,546 - INFO - Epoch [43/500], Loss: 15.403893646547349, Accuracy: 54.83436936573289%
2024-02-21 22:09:49,235 - INFO - Epoch [44/500], Loss: 15.35108801672014, Accuracy: 54.963537041522024%
2024-02-21 22:09:49,963 - INFO - Epoch [45/500], Loss: 15.299685880289239, Accuracy: 55.108850676784805%
2024-02-21 22:09:50,796 - INFO - Epoch [46/500], Loss: 15.249259558774657, Accuracy: 55.23263636608272%
2024-02-21 22:09:51,490 - INFO - Epoch [47/500], Loss: 15.200498199058792, Accuracy: 55.35642205538064%
2024-02-21 22:09:52,193 - INFO - Epoch [48/500], Loss: 15.152376118352858, Accuracy: 55.48828072441538%
2024-02-21 22:09:53,122 - INFO - Epoch [49/500], Loss: 15.105782438132723, Accuracy: 55.63897634616937%
2024-02-21 22:09:53,860 - INFO - Epoch [50/500], Loss: 15.069649761005984, Accuracy: 55.7277791232744%
2024-02-21 22:09:54,532 - INFO - Epoch [51/500], Loss: 15.0167844133862, Accuracy: 55.85156481257232%
2024-02-21 22:09:54,542 - INFO - Test Accuracy: 45.718050065876156%, Balanced Test Accuracy: 46.1192306217461%
2024-02-21 22:09:55,213 - INFO - Epoch [52/500], Loss: 14.972339686700852, Accuracy: 55.98611447485267%
2024-02-21 22:09:55,873 - INFO - Epoch [53/500], Loss: 14.929430468607757, Accuracy: 56.10451817765937%
2024-02-21 22:09:56,521 - INFO - Epoch [54/500], Loss: 14.887409145549192, Accuracy: 56.22292188046608%
2024-02-21 22:09:57,181 - INFO - Epoch [55/500], Loss: 14.846289054822114, Accuracy: 56.38976346169371%
2024-02-21 22:09:57,928 - INFO - Epoch [56/500], Loss: 14.806133276325161, Accuracy: 56.48125723204435%
2024-02-21 22:09:58,618 - INFO - Epoch [57/500], Loss: 14.767535429889874, Accuracy: 56.580823982131804%
2024-02-21 22:09:59,333 - INFO - Epoch [58/500], Loss: 14.72819006847123, Accuracy: 56.69115470520169%
2024-02-21 22:09:59,999 - INFO - Epoch [59/500], Loss: 14.690178202370467, Accuracy: 56.78264847555233%
2024-02-21 22:10:00,799 - INFO - Epoch [60/500], Loss: 14.65298749430705, Accuracy: 56.86068727967493%
2024-02-21 22:10:01,562 - INFO - Epoch [61/500], Loss: 14.62383454330897, Accuracy: 56.9279621108151%
2024-02-21 22:10:01,573 - INFO - Test Accuracy: 45.98155467720685%, Balanced Test Accuracy: 46.40245502261756%
2024-02-21 22:10:02,296 - INFO - Epoch [62/500], Loss: 14.58131335751485, Accuracy: 57.03560184063938%
2024-02-21 22:10:03,031 - INFO - Epoch [63/500], Loss: 14.546477925979485, Accuracy: 57.12709561099002%
2024-02-21 22:10:03,801 - INFO - Epoch [64/500], Loss: 14.511307861845372, Accuracy: 57.223971367831865%
2024-02-21 22:10:04,543 - INFO - Epoch [65/500], Loss: 14.477610388044583, Accuracy: 57.328920104410535%
2024-02-21 22:10:05,287 - INFO - Epoch [66/500], Loss: 14.4441203464896, Accuracy: 57.431177847743605%
2024-02-21 22:10:06,032 - INFO - Epoch [67/500], Loss: 14.414309893624257, Accuracy: 57.52805360458545%
2024-02-21 22:10:06,788 - INFO - Epoch [68/500], Loss: 14.378929538241888, Accuracy: 57.64645730739216%
2024-02-21 22:10:07,496 - INFO - Epoch [69/500], Loss: 14.347331584510156, Accuracy: 57.74333306423401%
2024-02-21 22:10:08,275 - INFO - Epoch [70/500], Loss: 14.315943576521793, Accuracy: 57.818680875111006%
2024-02-21 22:10:09,029 - INFO - Epoch [71/500], Loss: 14.286199991985903, Accuracy: 57.90210166572482%
2024-02-21 22:10:09,040 - INFO - Test Accuracy: 45.98155467720685%, Balanced Test Accuracy: 46.397987268149805%
2024-02-21 22:10:09,763 - INFO - Epoch [72/500], Loss: 14.254546466520278, Accuracy: 58.02857834826835%
2024-02-21 22:10:10,530 - INFO - Epoch [73/500], Loss: 14.22595145136623, Accuracy: 58.10123516589973%
2024-02-21 22:10:11,318 - INFO - Epoch [74/500], Loss: 14.195276125002716, Accuracy: 58.195419929495976%
2024-02-21 22:10:12,047 - INFO - Epoch [75/500], Loss: 14.167085285914146, Accuracy: 58.25193078765372%
2024-02-21 22:10:12,792 - INFO - Epoch [76/500], Loss: 14.137708296210079, Accuracy: 58.34073356475875%
2024-02-21 22:10:13,560 - INFO - Epoch [77/500], Loss: 14.10966181755066, Accuracy: 58.424154355372565%
2024-02-21 22:10:14,330 - INFO - Epoch [78/500], Loss: 14.083204727051621, Accuracy: 58.49142918651274%
2024-02-21 22:10:15,081 - INFO - Epoch [79/500], Loss: 14.054570630445319, Accuracy: 58.57215898388095%
2024-02-21 22:10:15,829 - INFO - Epoch [80/500], Loss: 14.027300940731825, Accuracy: 58.66096176098598%
2024-02-21 22:10:16,597 - INFO - Epoch [81/500], Loss: 14.001061672881498, Accuracy: 58.725545598880544%
2024-02-21 22:10:16,608 - INFO - Test Accuracy: 46.772068511198945%, Balanced Test Accuracy: 47.00257018523273%
2024-02-21 22:10:17,363 - INFO - Epoch [82/500], Loss: 13.974776853949336, Accuracy: 58.8224213557224%
2024-02-21 22:10:18,086 - INFO - Epoch [83/500], Loss: 13.94872606204728, Accuracy: 58.903151153090604%
2024-02-21 22:10:18,870 - INFO - Epoch [84/500], Loss: 13.923926922224336, Accuracy: 58.948898038265924%
2024-02-21 22:10:19,600 - INFO - Epoch [85/500], Loss: 13.898005695666297, Accuracy: 59.053846774844594%
2024-02-21 22:10:20,333 - INFO - Epoch [86/500], Loss: 13.872978933786941, Accuracy: 59.09959366001991%
2024-02-21 22:10:21,076 - INFO - Epoch [87/500], Loss: 13.849068787138341, Accuracy: 59.158795511423264%
2024-02-21 22:10:21,857 - INFO - Epoch [88/500], Loss: 13.824315367108685, Accuracy: 59.25298027501951%
2024-02-21 22:10:22,581 - INFO - Epoch [89/500], Loss: 13.800188308045016, Accuracy: 59.34178305212454%
2024-02-21 22:10:23,350 - INFO - Epoch [90/500], Loss: 13.776737943544227, Accuracy: 59.409057883264715%
2024-02-21 22:10:24,117 - INFO - Epoch [91/500], Loss: 13.756776632898944, Accuracy: 59.42251284949275%
2024-02-21 22:10:24,127 - INFO - Test Accuracy: 46.24505928853755%, Balanced Test Accuracy: 46.44953988220242%
2024-02-21 22:10:24,827 - INFO - Epoch [92/500], Loss: 13.731027390997289, Accuracy: 59.50055165361535%
2024-02-21 22:10:25,558 - INFO - Epoch [93/500], Loss: 13.707903794312882, Accuracy: 59.57859045773795%
2024-02-21 22:10:26,283 - INFO - Epoch [94/500], Loss: 13.688272189285795, Accuracy: 59.64317429563252%
2024-02-21 22:10:27,067 - INFO - Epoch [95/500], Loss: 13.66267800230091, Accuracy: 59.7158311132639%
2024-02-21 22:10:27,817 - INFO - Epoch [96/500], Loss: 13.640521285897595, Accuracy: 59.77772395791287%
2024-02-21 22:10:28,575 - INFO - Epoch [97/500], Loss: 13.618819184222463, Accuracy: 59.83961680256183%
2024-02-21 22:10:29,337 - INFO - Epoch [98/500], Loss: 13.597990342115951, Accuracy: 59.874599714754716%
2024-02-21 22:10:30,115 - INFO - Epoch [99/500], Loss: 13.576095859883194, Accuracy: 59.952638518877315%
2024-02-21 22:10:30,824 - INFO - Epoch [100/500], Loss: 13.5550368024131, Accuracy: 60.01453136352628%
2024-02-21 22:10:31,551 - INFO - Epoch [101/500], Loss: 13.534039287243859, Accuracy: 60.0629692419472%
2024-02-21 22:10:31,562 - INFO - Test Accuracy: 46.50856389986825%, Balanced Test Accuracy: 46.80305143056691%
2024-02-21 22:10:32,300 - INFO - Epoch [102/500], Loss: 13.513633980589399, Accuracy: 60.1383170528242%
2024-02-21 22:10:33,046 - INFO - Epoch [103/500], Loss: 13.493271573115203, Accuracy: 60.20020989747316%
2024-02-21 22:10:33,720 - INFO - Epoch [104/500], Loss: 13.473219125957812, Accuracy: 60.280939694841365%
2024-02-21 22:10:34,398 - INFO - Epoch [105/500], Loss: 13.453257682970015, Accuracy: 60.35897849896397%
2024-02-21 22:10:35,046 - INFO - Epoch [106/500], Loss: 13.43343218706422, Accuracy: 60.43970829633218%
2024-02-21 22:10:35,676 - INFO - Epoch [107/500], Loss: 13.413898622585556, Accuracy: 60.4854551815075%
2024-02-21 22:10:36,336 - INFO - Epoch [108/500], Loss: 13.394596105915005, Accuracy: 60.53389305992842%
2024-02-21 22:10:37,028 - INFO - Epoch [109/500], Loss: 13.375510288497148, Accuracy: 60.579639945103736%
2024-02-21 22:10:37,765 - INFO - Epoch [110/500], Loss: 13.356545374555102, Accuracy: 60.638841796507094%
2024-02-21 22:10:38,477 - INFO - Epoch [111/500], Loss: 13.337782516317853, Accuracy: 60.69266166141923%
2024-02-21 22:10:38,486 - INFO - Test Accuracy: 46.50856389986825%, Balanced Test Accuracy: 46.86715947164864%
2024-02-21 22:10:39,192 - INFO - Epoch [112/500], Loss: 13.319250863487438, Accuracy: 60.72226258712091%
2024-02-21 22:10:39,946 - INFO - Epoch [113/500], Loss: 13.300909789942079, Accuracy: 60.77339145878744%
2024-02-21 22:10:40,682 - INFO - Epoch [114/500], Loss: 13.282743116556588, Accuracy: 60.81644735071715%
2024-02-21 22:10:41,475 - INFO - Epoch [115/500], Loss: 13.264674202870514, Accuracy: 60.8729582088749%
2024-02-21 22:10:42,229 - INFO - Epoch [116/500], Loss: 13.246849687422737, Accuracy: 60.90255913457657%
2024-02-21 22:10:42,935 - INFO - Epoch [117/500], Loss: 13.229229794720473, Accuracy: 60.98059793869918%
2024-02-21 22:10:43,639 - INFO - Epoch [118/500], Loss: 13.211814733885102, Accuracy: 61.03710879685692%
2024-02-21 22:10:44,428 - INFO - Epoch [119/500], Loss: 13.197692957975097, Accuracy: 61.07209170904981%
2024-02-21 22:10:45,265 - INFO - Epoch [120/500], Loss: 13.177436346724882, Accuracy: 61.13936654018998%
2024-02-21 22:10:45,980 - INFO - Epoch [121/500], Loss: 13.160313897213694, Accuracy: 61.20125938483894%
2024-02-21 22:10:45,991 - INFO - Test Accuracy: 46.772068511198945%, Balanced Test Accuracy: 47.104087576223804%
2024-02-21 22:10:46,725 - INFO - Epoch [122/500], Loss: 13.143471014701714, Accuracy: 61.26584322273351%
2024-02-21 22:10:47,498 - INFO - Epoch [123/500], Loss: 13.12758001735655, Accuracy: 61.32235408089126%
2024-02-21 22:10:48,269 - INFO - Epoch [124/500], Loss: 13.110852453668238, Accuracy: 61.376173945803394%
2024-02-21 22:10:49,012 - INFO - Epoch [125/500], Loss: 13.093915685758752, Accuracy: 61.392319905277034%
2024-02-21 22:10:49,774 - INFO - Epoch [126/500], Loss: 13.077668460748963, Accuracy: 61.435375797206746%
2024-02-21 22:10:50,521 - INFO - Epoch [127/500], Loss: 13.061578052528834, Accuracy: 61.475740695890856%
2024-02-21 22:10:51,239 - INFO - Epoch [128/500], Loss: 13.045640381716066, Accuracy: 61.526869567557384%
2024-02-21 22:10:51,993 - INFO - Epoch [129/500], Loss: 13.029945825116108, Accuracy: 61.57530744597831%
2024-02-21 22:10:52,792 - INFO - Epoch [130/500], Loss: 13.015816786531675, Accuracy: 61.6102903581712%
2024-02-21 22:10:53,571 - INFO - Epoch [131/500], Loss: 12.999297930022417, Accuracy: 61.64527327036409%
2024-02-21 22:10:53,582 - INFO - Test Accuracy: 47.03557312252964%, Balanced Test Accuracy: 47.40351568079896%
2024-02-21 22:10:54,328 - INFO - Epoch [132/500], Loss: 12.983302492206379, Accuracy: 61.67756518931137%
2024-02-21 22:10:55,079 - INFO - Epoch [133/500], Loss: 12.96799067218425, Accuracy: 61.70985710825866%
2024-02-21 22:10:55,790 - INFO - Epoch [134/500], Loss: 12.952831882541462, Accuracy: 61.750222006942764%
2024-02-21 22:10:56,493 - INFO - Epoch [135/500], Loss: 12.937808781357134, Accuracy: 61.8040418718549%
2024-02-21 22:10:57,200 - INFO - Epoch [136/500], Loss: 12.922925349009239, Accuracy: 61.85786173676704%
2024-02-21 22:10:57,942 - INFO - Epoch [137/500], Loss: 12.909176465818437, Accuracy: 61.91168160167918%
2024-02-21 22:10:58,675 - INFO - Epoch [138/500], Loss: 12.894073105464548, Accuracy: 61.94128252738086%
2024-02-21 22:10:59,380 - INFO - Epoch [139/500], Loss: 12.879081707889751, Accuracy: 61.98433841931057%
2024-02-21 22:11:00,149 - INFO - Epoch [140/500], Loss: 12.864623885033494, Accuracy: 62.04084927746831%
2024-02-21 22:11:00,911 - INFO - Epoch [141/500], Loss: 12.850308318259353, Accuracy: 62.075832189661206%
2024-02-21 22:11:00,922 - INFO - Test Accuracy: 47.03557312252964%, Balanced Test Accuracy: 47.3373781146614%
2024-02-21 22:11:01,677 - INFO - Epoch [142/500], Loss: 12.836116970595667, Accuracy: 62.110815101854094%
2024-02-21 22:11:02,417 - INFO - Epoch [143/500], Loss: 12.822045051445395, Accuracy: 62.14310702080138%
2024-02-21 22:11:03,184 - INFO - Epoch [144/500], Loss: 12.808139312065254, Accuracy: 62.180780926239876%
2024-02-21 22:11:03,907 - INFO - Epoch [145/500], Loss: 12.794537029023898, Accuracy: 62.21845483167837%
2024-02-21 22:11:04,605 - INFO - Epoch [146/500], Loss: 12.7805187389002, Accuracy: 62.25074675062566%
2024-02-21 22:11:05,298 - INFO - Epoch [147/500], Loss: 12.768536228244587, Accuracy: 62.29111164930976%
2024-02-21 22:11:06,030 - INFO - Epoch [148/500], Loss: 12.754173179804269, Accuracy: 62.36915045343236%
2024-02-21 22:11:06,729 - INFO - Epoch [149/500], Loss: 12.74002726906437, Accuracy: 62.409515352116465%
2024-02-21 22:11:07,461 - INFO - Epoch [150/500], Loss: 12.726651008856498, Accuracy: 62.452571244046176%
2024-02-21 22:11:08,203 - INFO - Epoch [151/500], Loss: 12.713409413725643, Accuracy: 62.466026210274215%
2024-02-21 22:11:08,212 - INFO - Test Accuracy: 47.299077733860344%, Balanced Test Accuracy: 47.77587017815346%
2024-02-21 22:11:08,958 - INFO - Epoch [152/500], Loss: 12.70027147713354, Accuracy: 62.51715508194074%
2024-02-21 22:11:09,678 - INFO - Epoch [153/500], Loss: 12.687236183780735, Accuracy: 62.56828395360728%
2024-02-21 22:11:10,375 - INFO - Epoch [154/500], Loss: 12.674306476520279, Accuracy: 62.60057587255456%
2024-02-21 22:11:11,086 - INFO - Epoch [155/500], Loss: 12.661531165494758, Accuracy: 62.64094077123866%
2024-02-21 22:11:11,763 - INFO - Epoch [156/500], Loss: 12.655573725700378, Accuracy: 62.64632275772988%
2024-02-21 22:11:12,503 - INFO - Epoch [157/500], Loss: 12.636203846688998, Accuracy: 62.70014262264202%
2024-02-21 22:11:13,268 - INFO - Epoch [158/500], Loss: 12.62360553822275, Accuracy: 62.74050752132612%
2024-02-21 22:11:13,996 - INFO - Epoch [159/500], Loss: 12.61111637899431, Accuracy: 62.77549043351901%
2024-02-21 22:11:14,701 - INFO - Epoch [160/500], Loss: 12.598725528030073, Accuracy: 62.8077823524663%
2024-02-21 22:11:15,413 - INFO - Epoch [161/500], Loss: 12.586426337896768, Accuracy: 62.82392831193994%
2024-02-21 22:11:15,424 - INFO - Test Accuracy: 47.430830039525695%, Balanced Test Accuracy: 47.90407530635859%
2024-02-21 22:11:16,198 - INFO - Epoch [162/500], Loss: 12.574216385008926, Accuracy: 62.86967519711526%
2024-02-21 22:11:16,968 - INFO - Epoch [163/500], Loss: 12.562093335693165, Accuracy: 62.901967116062536%
2024-02-21 22:11:17,780 - INFO - Epoch [164/500], Loss: 12.550067709664168, Accuracy: 62.93695002825543%
2024-02-21 22:11:18,572 - INFO - Epoch [165/500], Loss: 12.53926331309949, Accuracy: 62.977314926939535%
2024-02-21 22:11:19,291 - INFO - Epoch [166/500], Loss: 12.53058658312943, Accuracy: 63.00691585264121%
2024-02-21 22:11:20,034 - INFO - Epoch [167/500], Loss: 12.514738335447797, Accuracy: 63.04997174457092%
2024-02-21 22:11:20,790 - INFO - Epoch [168/500], Loss: 12.50281882185047, Accuracy: 63.09302763650063%
2024-02-21 22:11:21,518 - INFO - Epoch [169/500], Loss: 12.491165823855642, Accuracy: 63.11724657571109%
2024-02-21 22:11:22,272 - INFO - Epoch [170/500], Loss: 12.479596755262149, Accuracy: 63.14684750141277%
2024-02-21 22:11:22,990 - INFO - Epoch [171/500], Loss: 12.46811895047204, Accuracy: 63.16568445413202%
2024-02-21 22:11:22,999 - INFO - Test Accuracy: 47.299077733860344%, Balanced Test Accuracy: 47.79296419524748%
2024-02-21 22:11:23,736 - INFO - Epoch [172/500], Loss: 12.456716880959979, Accuracy: 63.203358359570515%
2024-02-21 22:11:24,496 - INFO - Epoch [173/500], Loss: 12.445396837541612, Accuracy: 63.24103226500902%
2024-02-21 22:11:25,208 - INFO - Epoch [174/500], Loss: 12.434152125302008, Accuracy: 63.25717822448266%
2024-02-21 22:11:25,908 - INFO - Epoch [175/500], Loss: 12.423379065626758, Accuracy: 63.278706170447514%
2024-02-21 22:11:26,626 - INFO - Epoch [176/500], Loss: 12.415923076160883, Accuracy: 63.32445305562283%
2024-02-21 22:11:27,358 - INFO - Epoch [177/500], Loss: 12.401067689313727, Accuracy: 63.364817954306936%
2024-02-21 22:11:28,109 - INFO - Epoch [178/500], Loss: 12.390006068399398, Accuracy: 63.397109873254216%
2024-02-21 22:11:28,852 - INFO - Epoch [179/500], Loss: 12.379097844584514, Accuracy: 63.4294017922015%
2024-02-21 22:11:29,564 - INFO - Epoch [180/500], Loss: 12.36826974557618, Accuracy: 63.45362073141197%
2024-02-21 22:11:30,296 - INFO - Epoch [181/500], Loss: 12.357528179378832, Accuracy: 63.48322165711364%
2024-02-21 22:11:30,307 - INFO - Test Accuracy: 47.299077733860344%, Balanced Test Accuracy: 47.76320229048557%
2024-02-21 22:11:31,081 - INFO - Epoch [182/500], Loss: 12.34684513079918, Accuracy: 63.51820456930653%
2024-02-21 22:11:31,873 - INFO - Epoch [183/500], Loss: 12.33621046199637, Accuracy: 63.5451145017626%
2024-02-21 22:11:32,621 - INFO - Epoch [184/500], Loss: 12.325701909550165, Accuracy: 63.57202443421867%
2024-02-21 22:11:33,353 - INFO - Epoch [185/500], Loss: 12.316499382762586, Accuracy: 63.59624337342913%
2024-02-21 22:11:34,115 - INFO - Epoch [186/500], Loss: 12.305457533416101, Accuracy: 63.620462312639596%
2024-02-21 22:11:34,815 - INFO - Epoch [187/500], Loss: 12.29450731762385, Accuracy: 63.639299265358844%
2024-02-21 22:11:35,558 - INFO - Epoch [188/500], Loss: 12.284170729629064, Accuracy: 63.666209197814915%
2024-02-21 22:11:36,262 - INFO - Epoch [189/500], Loss: 12.273908293853372, Accuracy: 63.693119130270986%
2024-02-21 22:11:36,957 - INFO - Epoch [190/500], Loss: 12.263768218331418, Accuracy: 63.72272005597266%
2024-02-21 22:11:37,669 - INFO - Epoch [191/500], Loss: 12.253646448507148, Accuracy: 63.74693899518312%
2024-02-21 22:11:37,678 - INFO - Test Accuracy: 47.299077733860344%, Balanced Test Accuracy: 47.783043560326846%
2024-02-21 22:11:38,710 - INFO - Epoch [192/500], Loss: 12.24361956321587, Accuracy: 63.760393961411154%
2024-02-21 22:11:39,486 - INFO - Epoch [193/500], Loss: 12.233637208655729, Accuracy: 63.800758860095264%
2024-02-21 22:11:40,239 - INFO - Epoch [194/500], Loss: 12.223747576697399, Accuracy: 63.84112375877937%
2024-02-21 22:11:40,983 - INFO - Epoch [195/500], Loss: 12.213908001527948, Accuracy: 63.86265170474422%
2024-02-21 22:11:41,709 - INFO - Epoch [196/500], Loss: 12.21274397029715, Accuracy: 63.83035978579694%
2024-02-21 22:11:42,440 - INFO - Epoch [197/500], Loss: 12.195493463742531, Accuracy: 63.87879766421786%
2024-02-21 22:11:43,166 - INFO - Epoch [198/500], Loss: 12.18452637882556, Accuracy: 63.948763488603646%
2024-02-21 22:11:43,907 - INFO - Epoch [199/500], Loss: 12.174946157609002, Accuracy: 63.97836441430532%
2024-02-21 22:11:44,697 - INFO - Epoch [200/500], Loss: 12.165395355830759, Accuracy: 64.01872931298942%
2024-02-21 22:11:45,486 - INFO - Epoch [201/500], Loss: 12.155903330293752, Accuracy: 64.02949328597185%
2024-02-21 22:11:45,496 - INFO - Test Accuracy: 47.16732542819499%, Balanced Test Accuracy: 47.579339856623136%
2024-02-21 22:11:46,251 - INFO - Epoch [202/500], Loss: 12.146482348442078, Accuracy: 64.0456392454455%
2024-02-21 22:11:47,010 - INFO - Epoch [203/500], Loss: 12.13712225627091, Accuracy: 64.07793116439278%
2024-02-21 22:11:47,790 - INFO - Epoch [204/500], Loss: 12.127751231193542, Accuracy: 64.11560506983128%
2024-02-21 22:11:48,563 - INFO - Epoch [205/500], Loss: 12.118444989293309, Accuracy: 64.13713301579612%
2024-02-21 22:11:49,283 - INFO - Epoch [206/500], Loss: 12.109189894239782, Accuracy: 64.1640429482522%
2024-02-21 22:11:49,963 - INFO - Epoch [207/500], Loss: 12.099988224142688, Accuracy: 64.18557089421705%
2024-02-21 22:11:50,596 - INFO - Epoch [208/500], Loss: 12.090892011836424, Accuracy: 64.19902586044509%
2024-02-21 22:11:51,237 - INFO - Epoch [209/500], Loss: 12.084497659893358, Accuracy: 64.21248082667313%
2024-02-21 22:11:52,029 - INFO - Epoch [210/500], Loss: 12.072678023475712, Accuracy: 64.2420817523748%
2024-02-21 22:11:52,816 - INFO - Epoch [211/500], Loss: 12.063692342426817, Accuracy: 64.25822771184845%
2024-02-21 22:11:52,826 - INFO - Test Accuracy: 47.03557312252964%, Balanced Test Accuracy: 47.34769649997978%
2024-02-21 22:11:53,530 - INFO - Epoch [212/500], Loss: 12.054736944578462, Accuracy: 64.29590161728694%
2024-02-21 22:11:54,217 - INFO - Epoch [213/500], Loss: 12.045826387607445, Accuracy: 64.33088452947983%
2024-02-21 22:11:54,995 - INFO - Epoch [214/500], Loss: 12.036963879051855, Accuracy: 64.35510346869029%
2024-02-21 22:11:55,711 - INFO - Epoch [215/500], Loss: 12.028150603932849, Accuracy: 64.37663141465515%
2024-02-21 22:11:56,424 - INFO - Epoch [216/500], Loss: 12.019386309688374, Accuracy: 64.40354134711122%
2024-02-21 22:11:57,150 - INFO - Epoch [217/500], Loss: 12.010670280052445, Accuracy: 64.43583326605851%
2024-02-21 22:11:57,831 - INFO - Epoch [218/500], Loss: 12.00200197555251, Accuracy: 64.46274319851457%
2024-02-21 22:11:58,474 - INFO - Epoch [219/500], Loss: 11.993399295766475, Accuracy: 64.47619816474261%
2024-02-21 22:11:59,125 - INFO - Epoch [220/500], Loss: 11.985340929637522, Accuracy: 64.53001802965474%
2024-02-21 22:11:59,928 - INFO - Epoch [221/500], Loss: 11.981849409766117, Accuracy: 64.52732703640913%
2024-02-21 22:11:59,939 - INFO - Test Accuracy: 46.772068511198945%, Balanced Test Accuracy: 47.12145215608838%
2024-02-21 22:12:00,720 - INFO - Epoch [222/500], Loss: 11.968033672389337, Accuracy: 64.56230994860204%
2024-02-21 22:12:01,449 - INFO - Epoch [223/500], Loss: 11.959441023357844, Accuracy: 64.59998385404053%
2024-02-21 22:12:02,229 - INFO - Epoch [224/500], Loss: 11.950981272479234, Accuracy: 64.61343882026856%
2024-02-21 22:12:02,945 - INFO - Epoch [225/500], Loss: 11.94462428355621, Accuracy: 64.64573073921585%
2024-02-21 22:12:03,613 - INFO - Epoch [226/500], Loss: 11.93438852742567, Accuracy: 64.69416861763678%
2024-02-21 22:12:04,299 - INFO - Epoch [227/500], Loss: 11.925867866661589, Accuracy: 64.69147762439117%
2024-02-21 22:12:04,990 - INFO - Epoch [228/500], Loss: 11.917672919014754, Accuracy: 64.71300557035602%
2024-02-21 22:12:05,694 - INFO - Epoch [229/500], Loss: 11.909533008680505, Accuracy: 64.73722450956649%
2024-02-21 22:12:06,380 - INFO - Epoch [230/500], Loss: 11.901428939932483, Accuracy: 64.76144344877694%
2024-02-21 22:12:07,084 - INFO - Epoch [231/500], Loss: 11.893335035291768, Accuracy: 64.78297139474179%
2024-02-21 22:12:07,095 - INFO - Test Accuracy: 46.9038208168643%, Balanced Test Accuracy: 47.240499775135994%
2024-02-21 22:12:07,836 - INFO - Epoch [232/500], Loss: 11.885375080472333, Accuracy: 64.80180834746105%
2024-02-21 22:12:08,634 - INFO - Epoch [233/500], Loss: 11.88002735982507, Accuracy: 64.81257232044348%
2024-02-21 22:12:09,350 - INFO - Epoch [234/500], Loss: 11.869443726741661, Accuracy: 64.83948225289954%
2024-02-21 22:12:10,126 - INFO - Epoch [235/500], Loss: 11.861492722721422, Accuracy: 64.86370119211001%
2024-02-21 22:12:10,800 - INFO - Epoch [236/500], Loss: 11.853557020930921, Accuracy: 64.87446516509243%
2024-02-21 22:12:11,511 - INFO - Epoch [237/500], Loss: 11.845645280207618, Accuracy: 64.8986841043029%
2024-02-21 22:12:12,260 - INFO - Epoch [238/500], Loss: 11.837791129694146, Accuracy: 64.91483006377653%
2024-02-21 22:12:12,976 - INFO - Epoch [239/500], Loss: 11.830025638564159, Accuracy: 64.92559403675897%
2024-02-21 22:12:13,670 - INFO - Epoch [240/500], Loss: 11.822283929687435, Accuracy: 64.94712198272383%
2024-02-21 22:12:14,353 - INFO - Epoch [241/500], Loss: 11.814547262959561, Accuracy: 64.97134092193429%
2024-02-21 22:12:14,363 - INFO - Test Accuracy: 46.772068511198945%, Balanced Test Accuracy: 47.11229464693088%
2024-02-21 22:12:15,112 - INFO - Epoch [242/500], Loss: 11.806969465845722, Accuracy: 65.00094184763596%
2024-02-21 22:12:15,858 - INFO - Epoch [243/500], Loss: 11.799206818564464, Accuracy: 65.03054277333764%
2024-02-21 22:12:16,571 - INFO - Epoch [244/500], Loss: 11.791620729333264, Accuracy: 65.04937972605688%
2024-02-21 22:12:17,255 - INFO - Epoch [245/500], Loss: 11.784157970194089, Accuracy: 65.06552568553053%
2024-02-21 22:12:17,933 - INFO - Epoch [246/500], Loss: 11.77657999224582, Accuracy: 65.07359866526735%
2024-02-21 22:12:18,581 - INFO - Epoch [247/500], Loss: 11.771232001862284, Accuracy: 65.0951266112322%
2024-02-21 22:12:19,301 - INFO - Epoch [248/500], Loss: 11.761699039047047, Accuracy: 65.13818250316191%
2024-02-21 22:12:20,028 - INFO - Epoch [249/500], Loss: 11.754176031734984, Accuracy: 65.15701945588117%
2024-02-21 22:12:20,840 - INFO - Epoch [250/500], Loss: 11.746819384017233, Accuracy: 65.18392938833723%
2024-02-21 22:12:21,524 - INFO - Epoch [251/500], Loss: 11.739470585928125, Accuracy: 65.20276634105649%
2024-02-21 22:12:21,533 - INFO - Test Accuracy: 46.640316205533594%, Balanced Test Accuracy: 46.695627980264206%
2024-02-21 22:12:22,209 - INFO - Epoch [252/500], Loss: 11.732116656788325, Accuracy: 65.23774925324938%
2024-02-21 22:12:22,922 - INFO - Epoch [253/500], Loss: 11.72484133102126, Accuracy: 65.27273216544226%
2024-02-21 22:12:23,668 - INFO - Epoch [254/500], Loss: 11.717583447189654, Accuracy: 65.28887812491591%
2024-02-21 22:12:24,400 - INFO - Epoch [255/500], Loss: 11.710370868949568, Accuracy: 65.31040607088076%
2024-02-21 22:12:25,133 - INFO - Epoch [256/500], Loss: 11.703242628251092, Accuracy: 65.33462501009123%
2024-02-21 22:12:25,877 - INFO - Epoch [257/500], Loss: 11.69602898722988, Accuracy: 65.35346196281047%
2024-02-21 22:12:26,593 - INFO - Epoch [258/500], Loss: 11.688915983095008, Accuracy: 65.36691692903851%
2024-02-21 22:12:27,303 - INFO - Epoch [259/500], Loss: 11.681841780573635, Accuracy: 65.38575388175775%
2024-02-21 22:12:28,008 - INFO - Epoch [260/500], Loss: 11.674851783251357, Accuracy: 65.41266381421383%
2024-02-21 22:12:28,704 - INFO - Epoch [261/500], Loss: 11.67343172784579, Accuracy: 65.41535480745944%
2024-02-21 22:12:28,714 - INFO - Test Accuracy: 46.640316205533594%, Balanced Test Accuracy: 46.695627980264206%
2024-02-21 22:12:29,398 - INFO - Epoch [262/500], Loss: 11.66081177582175, Accuracy: 65.45571970614354%
2024-02-21 22:12:30,128 - INFO - Epoch [263/500], Loss: 11.653867900371552, Accuracy: 65.46648367912597%
2024-02-21 22:12:30,908 - INFO - Epoch [264/500], Loss: 11.646899480940933, Accuracy: 65.49877559807325%
2024-02-21 22:12:31,673 - INFO - Epoch [265/500], Loss: 11.640000184713784, Accuracy: 65.49877559807325%
2024-02-21 22:12:32,409 - INFO - Epoch [266/500], Loss: 11.633127240811364, Accuracy: 65.50953957105568%
2024-02-21 22:12:33,173 - INFO - Epoch [267/500], Loss: 11.62629011020822, Accuracy: 65.5203035440381%
2024-02-21 22:12:33,962 - INFO - Epoch [268/500], Loss: 11.619487071441391, Accuracy: 65.53914049675735%
2024-02-21 22:12:34,695 - INFO - Epoch [269/500], Loss: 11.612712454997887, Accuracy: 65.56874142245903%
2024-02-21 22:12:35,418 - INFO - Epoch [270/500], Loss: 11.605967668153472, Accuracy: 65.5983423481607%
2024-02-21 22:12:36,143 - INFO - Epoch [271/500], Loss: 11.599252609883324, Accuracy: 65.61717930087995%
2024-02-21 22:12:36,154 - INFO - Test Accuracy: 46.9038208168643%, Balanced Test Accuracy: 46.927999775136%
2024-02-21 22:12:36,875 - INFO - Epoch [272/500], Loss: 11.593268133826175, Accuracy: 65.63601625359921%
2024-02-21 22:12:37,574 - INFO - Epoch [273/500], Loss: 11.586652711286384, Accuracy: 65.66023519280967%
2024-02-21 22:12:38,304 - INFO - Epoch [274/500], Loss: 11.579274061372725, Accuracy: 65.67907214552892%
2024-02-21 22:12:39,104 - INFO - Epoch [275/500], Loss: 11.572672816656404, Accuracy: 65.70329108473938%
2024-02-21 22:12:39,847 - INFO - Epoch [276/500], Loss: 11.566100118523938, Accuracy: 65.71943704421302%
2024-02-21 22:12:40,596 - INFO - Epoch [277/500], Loss: 11.559554551617573, Accuracy: 65.73558300368666%
2024-02-21 22:12:41,357 - INFO - Epoch [278/500], Loss: 11.553035491603916, Accuracy: 65.76518392938834%
2024-02-21 22:12:42,113 - INFO - Epoch [279/500], Loss: 11.54655178825734, Accuracy: 65.78132988886198%
2024-02-21 22:12:42,830 - INFO - Epoch [280/500], Loss: 11.540094213970637, Accuracy: 65.80554882807245%
2024-02-21 22:12:43,556 - INFO - Epoch [281/500], Loss: 11.53366637431969, Accuracy: 65.81631280105486%
2024-02-21 22:12:43,566 - INFO - Test Accuracy: 46.772068511198945%, Balanced Test Accuracy: 46.79979464693088%
2024-02-21 22:12:44,289 - INFO - Epoch [282/500], Loss: 11.527262459367009, Accuracy: 65.83784074701973%
2024-02-21 22:12:45,073 - INFO - Epoch [283/500], Loss: 11.520886980881125, Accuracy: 65.870132665967%
2024-02-21 22:12:45,819 - INFO - Epoch [284/500], Loss: 11.514539460004386, Accuracy: 65.88089663894944%
2024-02-21 22:12:46,592 - INFO - Epoch [285/500], Loss: 11.508236036462298, Accuracy: 65.90242458491429%
2024-02-21 22:12:47,383 - INFO - Epoch [286/500], Loss: 11.507110842203689, Accuracy: 65.90242458491429%
2024-02-21 22:12:48,083 - INFO - Epoch [287/500], Loss: 11.497131099135188, Accuracy: 65.92664352412476%
2024-02-21 22:12:48,804 - INFO - Epoch [288/500], Loss: 11.489309034105075, Accuracy: 65.95893544307204%
2024-02-21 22:12:49,533 - INFO - Epoch [289/500], Loss: 11.483111018851652, Accuracy: 65.97508140254568%
2024-02-21 22:12:50,245 - INFO - Epoch [290/500], Loss: 11.476938948792926, Accuracy: 65.9858453755281%
2024-02-21 22:12:50,933 - INFO - Epoch [291/500], Loss: 11.47078620680308, Accuracy: 66.00468232824736%
2024-02-21 22:12:50,942 - INFO - Test Accuracy: 46.9038208168643%, Balanced Test Accuracy: 46.951309798446026%
2024-02-21 22:12:51,656 - INFO - Epoch [292/500], Loss: 11.464657504679794, Accuracy: 66.02351928096661%
2024-02-21 22:12:52,382 - INFO - Epoch [293/500], Loss: 11.458547460830818, Accuracy: 66.04504722693146%
2024-02-21 22:12:53,068 - INFO - Epoch [294/500], Loss: 11.452461261870498, Accuracy: 66.07464815263313%
2024-02-21 22:12:53,768 - INFO - Epoch [295/500], Loss: 11.446398976495711, Accuracy: 66.09079411210678%
2024-02-21 22:12:54,545 - INFO - Epoch [296/500], Loss: 11.44036090879117, Accuracy: 66.11232205807164%
2024-02-21 22:12:55,282 - INFO - Epoch [297/500], Loss: 11.434346568786491, Accuracy: 66.12577702429967%
2024-02-21 22:12:56,002 - INFO - Epoch [298/500], Loss: 11.428355984768626, Accuracy: 66.13115901079088%
2024-02-21 22:12:56,712 - INFO - Epoch [299/500], Loss: 11.422388610193284, Accuracy: 66.15268695675574%
2024-02-21 22:12:57,499 - INFO - Epoch [300/500], Loss: 11.416444084401858, Accuracy: 66.1769058959662%
2024-02-21 22:12:58,211 - INFO - Epoch [301/500], Loss: 11.410522878170013, Accuracy: 66.20112483517666%
2024-02-21 22:12:58,222 - INFO - Test Accuracy: 46.9038208168643%, Balanced Test Accuracy: 46.97115106828729%
2024-02-21 22:12:58,971 - INFO - Epoch [302/500], Loss: 11.404629204232814, Accuracy: 66.20650682166787%
2024-02-21 22:12:59,684 - INFO - Epoch [303/500], Loss: 11.400310761847738, Accuracy: 66.23341675412395%
2024-02-21 22:13:00,393 - INFO - Epoch [304/500], Loss: 11.398798413195852, Accuracy: 66.22803476763274%
2024-02-21 22:13:01,075 - INFO - Epoch [305/500], Loss: 11.387041135359619, Accuracy: 66.27109065956245%
2024-02-21 22:13:01,800 - INFO - Epoch [306/500], Loss: 11.381214679297754, Accuracy: 66.28992761228169%
2024-02-21 22:13:02,605 - INFO - Epoch [307/500], Loss: 11.375444181894851, Accuracy: 66.31414655149216%
2024-02-21 22:13:03,347 - INFO - Epoch [308/500], Loss: 11.3696827474287, Accuracy: 66.335674497457%
2024-02-21 22:13:04,047 - INFO - Epoch [309/500], Loss: 11.363933350070049, Accuracy: 66.35182045693065%
2024-02-21 22:13:04,777 - INFO - Epoch [310/500], Loss: 11.358201522948379, Accuracy: 66.37873038938672%
2024-02-21 22:13:05,552 - INFO - Epoch [311/500], Loss: 11.352489358287746, Accuracy: 66.4056403218428%
2024-02-21 22:13:05,562 - INFO - Test Accuracy: 46.9038208168643%, Balanced Test Accuracy: 46.98630258343881%
2024-02-21 22:13:06,289 - INFO - Epoch [312/500], Loss: 11.346798213861756, Accuracy: 66.42178628131643%
2024-02-21 22:13:06,980 - INFO - Epoch [313/500], Loss: 11.341129086785397, Accuracy: 66.43524124754447%
2024-02-21 22:13:07,665 - INFO - Epoch [314/500], Loss: 11.335483286340358, Accuracy: 66.46753316649175%
2024-02-21 22:13:08,349 - INFO - Epoch [315/500], Loss: 11.329860646845932, Accuracy: 66.47291515298296%
2024-02-21 22:13:08,999 - INFO - Epoch [316/500], Loss: 11.324260849063679, Accuracy: 66.486370119211%
2024-02-21 22:13:09,654 - INFO - Epoch [317/500], Loss: 11.318682606947624, Accuracy: 66.49713409219343%
2024-02-21 22:13:10,432 - INFO - Epoch [318/500], Loss: 11.313125787145001, Accuracy: 66.52135303140389%
2024-02-21 22:13:11,174 - INFO - Epoch [319/500], Loss: 11.30883036831678, Accuracy: 66.5267350178951%
2024-02-21 22:13:11,885 - INFO - Epoch [320/500], Loss: 11.304461010431838, Accuracy: 66.53749899087754%
2024-02-21 22:13:12,602 - INFO - Epoch [321/500], Loss: 11.296570241451263, Accuracy: 66.55633594359678%
2024-02-21 22:13:12,615 - INFO - Test Accuracy: 47.16732542819499%, Balanced Test Accuracy: 47.24423909137531%
2024-02-21 22:13:13,387 - INFO - Epoch [322/500], Loss: 11.291088264877514, Accuracy: 66.5644089233336%
2024-02-21 22:13:14,080 - INFO - Epoch [323/500], Loss: 11.285637448399754, Accuracy: 66.58862786254406%
2024-02-21 22:13:14,802 - INFO - Epoch [324/500], Loss: 11.280202743360551, Accuracy: 66.61015580850892%
2024-02-21 22:13:15,523 - INFO - Epoch [325/500], Loss: 11.274784533654229, Accuracy: 66.61015580850892%
2024-02-21 22:13:16,226 - INFO - Epoch [326/500], Loss: 11.269386725910639, Accuracy: 66.63706574096499%
2024-02-21 22:13:16,968 - INFO - Epoch [327/500], Loss: 11.264006452035096, Accuracy: 66.65321170043863%
2024-02-21 22:13:17,706 - INFO - Epoch [328/500], Loss: 11.258644501031455, Accuracy: 66.6828126261403%
2024-02-21 22:13:18,418 - INFO - Epoch [329/500], Loss: 11.253302187232649, Accuracy: 66.69357659912274%
2024-02-21 22:13:19,147 - INFO - Epoch [330/500], Loss: 11.247980582512032, Accuracy: 66.70434057210517%
2024-02-21 22:13:19,871 - INFO - Epoch [331/500], Loss: 11.242678629139723, Accuracy: 66.72317752482441%
2024-02-21 22:13:19,881 - INFO - Test Accuracy: 46.9038208168643%, Balanced Test Accuracy: 46.95383505097128%
2024-02-21 22:13:20,551 - INFO - Epoch [332/500], Loss: 11.237397458593724, Accuracy: 66.73394149780684%
2024-02-21 22:13:21,229 - INFO - Epoch [333/500], Loss: 11.233440804279457, Accuracy: 66.73932348429805%
2024-02-21 22:13:21,870 - INFO - Epoch [334/500], Loss: 11.22979196552503, Accuracy: 66.74470547078927%
2024-02-21 22:13:22,731 - INFO - Epoch [335/500], Loss: 11.221693079350358, Accuracy: 66.76354242350851%
2024-02-21 22:13:23,395 - INFO - Epoch [336/500], Loss: 11.216475066492112, Accuracy: 66.77161540324533%
2024-02-21 22:13:24,126 - INFO - Epoch [337/500], Loss: 11.211291744547376, Accuracy: 66.79852533570141%
2024-02-21 22:13:24,824 - INFO - Epoch [338/500], Loss: 11.206122581231392, Accuracy: 66.80659831543822%
2024-02-21 22:13:25,494 - INFO - Epoch [339/500], Loss: 11.200971737756568, Accuracy: 66.8308172546487%
2024-02-21 22:13:26,245 - INFO - Epoch [340/500], Loss: 11.195838068501423, Accuracy: 66.84696321412233%
2024-02-21 22:13:26,983 - INFO - Epoch [341/500], Loss: 11.190724320330862, Accuracy: 66.85234520061354%
2024-02-21 22:13:26,994 - INFO - Test Accuracy: 47.16732542819499%, Balanced Test Accuracy: 47.1760572731935%
2024-02-21 22:13:27,710 - INFO - Epoch [342/500], Loss: 11.185625126806356, Accuracy: 66.86310917359597%
2024-02-21 22:13:28,430 - INFO - Epoch [343/500], Loss: 11.180547915272793, Accuracy: 66.8711821533328%
2024-02-21 22:13:29,203 - INFO - Epoch [344/500], Loss: 11.175482671139603, Accuracy: 66.89540109254325%
2024-02-21 22:13:29,940 - INFO - Epoch [345/500], Loss: 11.170442850913032, Accuracy: 66.90078307903447%
2024-02-21 22:13:30,692 - INFO - Epoch [346/500], Loss: 11.165411981485658, Accuracy: 66.91423804526251%
2024-02-21 22:13:31,456 - INFO - Epoch [347/500], Loss: 11.160405871221574, Accuracy: 66.92231102499933%
2024-02-21 22:13:32,203 - INFO - Epoch [348/500], Loss: 11.155408995636439, Accuracy: 66.94114797771857%
2024-02-21 22:13:32,915 - INFO - Epoch [349/500], Loss: 11.15043854107291, Accuracy: 66.94383897096418%
2024-02-21 22:13:33,610 - INFO - Epoch [350/500], Loss: 11.145476347309048, Accuracy: 66.95729393719222%
2024-02-21 22:13:34,335 - INFO - Epoch [351/500], Loss: 11.140871673317278, Accuracy: 66.96536691692904%
2024-02-21 22:13:34,347 - INFO - Test Accuracy: 46.772068511198945%, Balanced Test Accuracy: 46.814946162082386%
2024-02-21 22:13:35,069 - INFO - Epoch [352/500], Loss: 11.142130162756322, Accuracy: 66.95998493043783%
2024-02-21 22:13:35,782 - INFO - Epoch [353/500], Loss: 11.130785971374834, Accuracy: 67.00573181561315%
2024-02-21 22:13:36,509 - INFO - Epoch [354/500], Loss: 11.125824371636924, Accuracy: 67.01649578859558%
2024-02-21 22:13:37,338 - INFO - Epoch [355/500], Loss: 11.120944848505117, Accuracy: 67.04340572105164%
2024-02-21 22:13:38,042 - INFO - Epoch [356/500], Loss: 11.116076828059503, Accuracy: 67.05686068727968%
2024-02-21 22:13:38,750 - INFO - Epoch [357/500], Loss: 11.111235367039503, Accuracy: 67.07569763999892%
2024-02-21 22:13:39,427 - INFO - Epoch [358/500], Loss: 11.106402001138461, Accuracy: 67.08646161298135%
2024-02-21 22:13:40,124 - INFO - Epoch [359/500], Loss: 11.101591815382747, Accuracy: 67.11606253868302%
2024-02-21 22:13:40,860 - INFO - Epoch [360/500], Loss: 11.096791984671253, Accuracy: 67.1429724711391%
2024-02-21 22:13:41,619 - INFO - Epoch [361/500], Loss: 11.092014110694498, Accuracy: 67.15373644412152%
2024-02-21 22:13:41,629 - INFO - Test Accuracy: 46.9038208168643%, Balanced Test Accuracy: 46.95383505097128%
2024-02-21 22:13:42,337 - INFO - Epoch [362/500], Loss: 11.087245673446333, Accuracy: 67.16988240359517%
2024-02-21 22:13:43,002 - INFO - Epoch [363/500], Loss: 11.082497312860975, Accuracy: 67.18871935631442%
2024-02-21 22:13:43,753 - INFO - Epoch [364/500], Loss: 11.07776130357031, Accuracy: 67.20755630903366%
2024-02-21 22:13:44,464 - INFO - Epoch [365/500], Loss: 11.073044379888955, Accuracy: 67.20755630903366%
2024-02-21 22:13:45,154 - INFO - Epoch [366/500], Loss: 11.068341122845473, Accuracy: 67.22639326175292%
2024-02-21 22:13:45,952 - INFO - Epoch [367/500], Loss: 11.063654126757282, Accuracy: 67.25599418745459%
2024-02-21 22:13:46,724 - INFO - Epoch [368/500], Loss: 11.060004500009246, Accuracy: 67.26944915368263%
2024-02-21 22:13:47,488 - INFO - Epoch [369/500], Loss: 11.056117140640646, Accuracy: 67.28021312666505%
2024-02-21 22:13:48,235 - INFO - Epoch [370/500], Loss: 11.049700418771323, Accuracy: 67.30174107262991%
2024-02-21 22:13:48,990 - INFO - Epoch [371/500], Loss: 11.045073884018397, Accuracy: 67.31250504561234%
2024-02-21 22:13:49,004 - INFO - Test Accuracy: 46.772068511198945%, Balanced Test Accuracy: 46.732935580071796%
2024-02-21 22:13:49,779 - INFO - Epoch [372/500], Loss: 11.040463191978002, Accuracy: 67.32596001184037%
2024-02-21 22:13:50,506 - INFO - Epoch [373/500], Loss: 11.035863409608098, Accuracy: 67.3367239848228%
2024-02-21 22:13:51,186 - INFO - Epoch [374/500], Loss: 11.031281002497268, Accuracy: 67.35825193078766%
2024-02-21 22:13:51,964 - INFO - Epoch [375/500], Loss: 11.026707904823756, Accuracy: 67.37977987675251%
2024-02-21 22:13:52,702 - INFO - Epoch [376/500], Loss: 11.022152538016691, Accuracy: 67.39323484298055%
2024-02-21 22:13:53,394 - INFO - Epoch [377/500], Loss: 11.017612670437764, Accuracy: 67.39861682947176%
2024-02-21 22:13:54,082 - INFO - Epoch [378/500], Loss: 11.01308754642131, Accuracy: 67.40938080245418%
2024-02-21 22:13:54,839 - INFO - Epoch [379/500], Loss: 11.008576730550345, Accuracy: 67.417453782191%
2024-02-21 22:13:55,626 - INFO - Epoch [380/500], Loss: 11.004079023660239, Accuracy: 67.42283576868222%
2024-02-21 22:13:56,339 - INFO - Epoch [381/500], Loss: 10.99959222846112, Accuracy: 67.42821775517343%
2024-02-21 22:13:56,349 - INFO - Test Accuracy: 46.640316205533594%, Balanced Test Accuracy: 46.63489636438553%
2024-02-21 22:13:57,071 - INFO - Epoch [382/500], Loss: 10.995113779932765, Accuracy: 67.43898172815587%
2024-02-21 22:13:57,777 - INFO - Epoch [383/500], Loss: 10.990658004405136, Accuracy: 67.44436371464708%
2024-02-21 22:13:58,453 - INFO - Epoch [384/500], Loss: 10.986218362541521, Accuracy: 67.4551276876295%
2024-02-21 22:13:59,105 - INFO - Epoch [385/500], Loss: 10.981789943525346, Accuracy: 67.47396464034875%
2024-02-21 22:13:59,810 - INFO - Epoch [386/500], Loss: 10.97738229117151, Accuracy: 67.4901105998224%
2024-02-21 22:14:00,471 - INFO - Epoch [387/500], Loss: 10.976620585231458, Accuracy: 67.4954925863136%
2024-02-21 22:14:01,125 - INFO - Epoch [388/500], Loss: 10.968766718597735, Accuracy: 67.51971152552407%
2024-02-21 22:14:01,755 - INFO - Epoch [389/500], Loss: 10.964396800025035, Accuracy: 67.53854847824331%
2024-02-21 22:14:02,545 - INFO - Epoch [390/500], Loss: 10.959828621250088, Accuracy: 67.54931245122575%
2024-02-21 22:14:03,280 - INFO - Epoch [391/500], Loss: 10.955602628699804, Accuracy: 67.56007642420818%
2024-02-21 22:14:03,292 - INFO - Test Accuracy: 46.3768115942029%, Balanced Test Accuracy: 46.395580125069294%
2024-02-21 22:14:04,037 - INFO - Epoch [392/500], Loss: 10.951150318323556, Accuracy: 67.57622238368182%
2024-02-21 22:14:04,708 - INFO - Epoch [393/500], Loss: 10.946820001480942, Accuracy: 67.58160437017303%
2024-02-21 22:14:05,466 - INFO - Epoch [394/500], Loss: 10.942518373667184, Accuracy: 67.59505933640106%
2024-02-21 22:14:06,186 - INFO - Epoch [395/500], Loss: 10.9382374630136, Accuracy: 67.6058233093835%
2024-02-21 22:14:06,883 - INFO - Epoch [396/500], Loss: 10.933964388855433, Accuracy: 67.63273324183956%
2024-02-21 22:14:07,586 - INFO - Epoch [397/500], Loss: 10.929698433916448, Accuracy: 67.6488792013132%
2024-02-21 22:14:08,294 - INFO - Epoch [398/500], Loss: 10.925440062910823, Accuracy: 67.66233416754125%
2024-02-21 22:14:09,007 - INFO - Epoch [399/500], Loss: 10.921198737823357, Accuracy: 67.67848012701488%
2024-02-21 22:14:09,797 - INFO - Epoch [400/500], Loss: 10.91697275234481, Accuracy: 67.68924409999731%
2024-02-21 22:14:10,606 - INFO - Epoch [401/500], Loss: 10.912755686347767, Accuracy: 67.71077204596216%
2024-02-21 22:14:10,617 - INFO - Test Accuracy: 46.640316205533594%, Balanced Test Accuracy: 46.617802347291516%
2024-02-21 22:14:11,373 - INFO - Epoch [402/500], Loss: 10.908559427422992, Accuracy: 67.73768197841824%
2024-02-21 22:14:12,090 - INFO - Epoch [403/500], Loss: 10.904361198514195, Accuracy: 67.74844595140067%
2024-02-21 22:14:12,785 - INFO - Epoch [404/500], Loss: 10.900177274720143, Accuracy: 67.75113694464626%
2024-02-21 22:14:13,516 - INFO - Epoch [405/500], Loss: 10.896011601060124, Accuracy: 67.75920992438309%
2024-02-21 22:14:14,204 - INFO - Epoch [406/500], Loss: 10.892204929206331, Accuracy: 67.77804687710234%
2024-02-21 22:14:14,894 - INFO - Epoch [407/500], Loss: 10.88788843862081, Accuracy: 67.78881085008477%
2024-02-21 22:14:15,628 - INFO - Epoch [408/500], Loss: 10.88359222068625, Accuracy: 67.79688382982158%
2024-02-21 22:14:16,342 - INFO - Epoch [409/500], Loss: 10.87946068129297, Accuracy: 67.80764780280401%
2024-02-21 22:14:17,009 - INFO - Epoch [410/500], Loss: 10.87535370911582, Accuracy: 67.81841177578644%
2024-02-21 22:14:17,727 - INFO - Epoch [411/500], Loss: 10.871256490885202, Accuracy: 67.83455773526009%
2024-02-21 22:14:17,737 - INFO - Test Accuracy: 46.3768115942029%, Balanced Test Accuracy: 46.395580125069294%
2024-02-21 22:14:18,478 - INFO - Epoch [412/500], Loss: 10.867169119543949, Accuracy: 67.8426307149969%
2024-02-21 22:14:19,239 - INFO - Epoch [413/500], Loss: 10.863084384950541, Accuracy: 67.85070369473372%
2024-02-21 22:14:19,974 - INFO - Epoch [414/500], Loss: 10.859021214105315, Accuracy: 67.86684965420737%
2024-02-21 22:14:20,698 - INFO - Epoch [415/500], Loss: 10.85498066069716, Accuracy: 67.8749226339442%
2024-02-21 22:14:21,397 - INFO - Epoch [416/500], Loss: 10.85093044729556, Accuracy: 67.8803046204354%
2024-02-21 22:14:22,070 - INFO - Epoch [417/500], Loss: 10.846898642636962, Accuracy: 67.88837760017222%
2024-02-21 22:14:22,759 - INFO - Epoch [418/500], Loss: 10.84289212045023, Accuracy: 67.89645057990904%
2024-02-21 22:14:23,477 - INFO - Epoch [419/500], Loss: 10.83887847197258, Accuracy: 67.90183256640026%
2024-02-21 22:14:24,172 - INFO - Epoch [420/500], Loss: 10.834884601124262, Accuracy: 67.90990554613708%
2024-02-21 22:14:24,884 - INFO - Epoch [421/500], Loss: 10.830914254915916, Accuracy: 67.93412448534754%
2024-02-21 22:14:24,894 - INFO - Test Accuracy: 46.3768115942029%, Balanced Test Accuracy: 46.395580125069294%
2024-02-21 22:14:25,674 - INFO - Epoch [422/500], Loss: 10.826925976801727, Accuracy: 67.94757945157558%
2024-02-21 22:14:26,481 - INFO - Epoch [423/500], Loss: 10.828590671894913, Accuracy: 67.9556524313124%
2024-02-21 22:14:27,218 - INFO - Epoch [424/500], Loss: 10.820765526617988, Accuracy: 67.96641640429482%
2024-02-21 22:14:27,936 - INFO - Epoch [425/500], Loss: 10.818896202717797, Accuracy: 67.97987137052286%
2024-02-21 22:14:28,638 - INFO - Epoch [426/500], Loss: 10.811991081399432, Accuracy: 68.00139931648772%
2024-02-21 22:14:29,342 - INFO - Epoch [427/500], Loss: 10.808162648799057, Accuracy: 68.01485428271575%
2024-02-21 22:14:30,055 - INFO - Epoch [428/500], Loss: 10.804011832859556, Accuracy: 68.02292726245257%
2024-02-21 22:14:30,762 - INFO - Epoch [429/500], Loss: 10.799717588950012, Accuracy: 68.03638222868061%
2024-02-21 22:14:31,483 - INFO - Epoch [430/500], Loss: 10.795713036747301, Accuracy: 68.03907322192622%
2024-02-21 22:14:32,191 - INFO - Epoch [431/500], Loss: 10.791814926317183, Accuracy: 68.05252818815424%
2024-02-21 22:14:32,202 - INFO - Test Accuracy: 46.772068511198945%, Balanced Test Accuracy: 46.756691236180394%
2024-02-21 22:14:32,903 - INFO - Epoch [432/500], Loss: 10.787959626165486, Accuracy: 68.06598315438228%
2024-02-21 22:14:33,646 - INFO - Epoch [433/500], Loss: 10.784114674996522, Accuracy: 68.08751110034714%
2024-02-21 22:14:34,423 - INFO - Epoch [434/500], Loss: 10.780274159827474, Accuracy: 68.09558408008395%
2024-02-21 22:14:35,180 - INFO - Epoch [435/500], Loss: 10.776439063629862, Accuracy: 68.10634805306638%
2024-02-21 22:14:35,886 - INFO - Epoch [436/500], Loss: 10.772612201965462, Accuracy: 68.11980301929442%
2024-02-21 22:14:36,614 - INFO - Epoch [437/500], Loss: 10.768795013427734, Accuracy: 68.13863997201366%
2024-02-21 22:14:37,297 - INFO - Epoch [438/500], Loss: 10.76498801425352, Accuracy: 68.14671295175049%
2024-02-21 22:14:38,000 - INFO - Epoch [439/500], Loss: 10.761190797312786, Accuracy: 68.15747692473292%
2024-02-21 22:14:38,715 - INFO - Epoch [440/500], Loss: 10.757400709693714, Accuracy: 68.17093189096096%
2024-02-21 22:14:39,443 - INFO - Epoch [441/500], Loss: 10.753625914201898, Accuracy: 68.1924598369258%
2024-02-21 22:14:39,453 - INFO - Test Accuracy: 46.50856389986825%, Balanced Test Accuracy: 46.526532506021674%
2024-02-21 22:14:40,186 - INFO - Epoch [442/500], Loss: 10.749864098379167, Accuracy: 68.20860579639945%
2024-02-21 22:14:40,881 - INFO - Epoch [443/500], Loss: 10.746114417658013, Accuracy: 68.21936976938188%
2024-02-21 22:14:41,633 - INFO - Epoch [444/500], Loss: 10.746420973438328, Accuracy: 68.21667877613628%
2024-02-21 22:14:42,351 - INFO - Epoch [445/500], Loss: 10.738624601040856, Accuracy: 68.25704367482038%
2024-02-21 22:14:43,050 - INFO - Epoch [446/500], Loss: 10.73489449286865, Accuracy: 68.25435268157477%
2024-02-21 22:14:43,760 - INFO - Epoch [447/500], Loss: 10.731183334932489, Accuracy: 68.25704367482038%
2024-02-21 22:14:44,518 - INFO - Epoch [448/500], Loss: 10.727484028218155, Accuracy: 68.2704986410484%
2024-02-21 22:14:45,213 - INFO - Epoch [449/500], Loss: 10.723785283201831, Accuracy: 68.28395360727644%
2024-02-21 22:14:45,912 - INFO - Epoch [450/500], Loss: 10.720101163548938, Accuracy: 68.29202658701327%
2024-02-21 22:14:46,612 - INFO - Epoch [451/500], Loss: 10.716445209616321, Accuracy: 68.3027905599957%
2024-02-21 22:14:46,622 - INFO - Test Accuracy: 46.3768115942029%, Balanced Test Accuracy: 46.423357902847066%
2024-02-21 22:14:47,291 - INFO - Epoch [452/500], Loss: 10.71277504048105, Accuracy: 68.30817254648692%
2024-02-21 22:14:47,958 - INFO - Epoch [453/500], Loss: 10.70912138890412, Accuracy: 68.32162751271494%
2024-02-21 22:14:48,647 - INFO - Epoch [454/500], Loss: 10.705485240887787, Accuracy: 68.33508247894298%
2024-02-21 22:14:49,405 - INFO - Epoch [455/500], Loss: 10.70185976210287, Accuracy: 68.35122843841663%
2024-02-21 22:14:50,164 - INFO - Epoch [456/500], Loss: 10.698260920532679, Accuracy: 68.36199241139904%
2024-02-21 22:14:50,886 - INFO - Epoch [457/500], Loss: 10.694650026701265, Accuracy: 68.37006539113587%
2024-02-21 22:14:51,611 - INFO - Epoch [458/500], Loss: 10.69105598482035, Accuracy: 68.37275638438147%
2024-02-21 22:14:52,376 - INFO - Epoch [459/500], Loss: 10.687508239584455, Accuracy: 68.39159333710073%
2024-02-21 22:14:53,063 - INFO - Epoch [460/500], Loss: 10.683930151543375, Accuracy: 68.39428433034634%
2024-02-21 22:14:53,758 - INFO - Epoch [461/500], Loss: 10.68036992772151, Accuracy: 68.39697532359193%
2024-02-21 22:14:53,768 - INFO - Test Accuracy: 46.640316205533594%, Balanced Test Accuracy: 46.709416071258175%
2024-02-21 22:14:54,464 - INFO - Epoch [462/500], Loss: 10.67682736707946, Accuracy: 68.41043028981997%
2024-02-21 22:14:55,197 - INFO - Epoch [463/500], Loss: 10.673301176499512, Accuracy: 68.42657624929362%
2024-02-21 22:14:55,893 - INFO - Epoch [464/500], Loss: 10.669777091276847, Accuracy: 68.44541320201286%
2024-02-21 22:14:56,569 - INFO - Epoch [465/500], Loss: 10.666275638644978, Accuracy: 68.46963214122333%
2024-02-21 22:14:57,359 - INFO - Epoch [466/500], Loss: 10.662774742659876, Accuracy: 68.48308710745135%
2024-02-21 22:14:58,139 - INFO - Epoch [467/500], Loss: 10.65928698495283, Accuracy: 68.49385108043379%
2024-02-21 22:14:58,874 - INFO - Epoch [468/500], Loss: 10.658563392647242, Accuracy: 68.46694114797772%
2024-02-21 22:14:59,572 - INFO - Epoch [469/500], Loss: 10.656627503492064, Accuracy: 68.48308710745135%
2024-02-21 22:15:00,294 - INFO - Epoch [470/500], Loss: 10.650720641774646, Accuracy: 68.48039611420576%
2024-02-21 22:15:00,982 - INFO - Epoch [471/500], Loss: 10.646747328467288, Accuracy: 68.51268803315304%
2024-02-21 22:15:00,992 - INFO - Test Accuracy: 46.50856389986825%, Balanced Test Accuracy: 46.598304960147075%
2024-02-21 22:15:01,653 - INFO - Epoch [472/500], Loss: 10.64318614288912, Accuracy: 68.5369069723635%
2024-02-21 22:15:02,387 - INFO - Epoch [473/500], Loss: 10.639519987470013, Accuracy: 68.55036193859154%
2024-02-21 22:15:03,134 - INFO - Epoch [474/500], Loss: 10.635862623230885, Accuracy: 68.55843491832836%
2024-02-21 22:15:03,793 - INFO - Epoch [475/500], Loss: 10.632322205325304, Accuracy: 68.56381690481957%
2024-02-21 22:15:04,462 - INFO - Epoch [476/500], Loss: 10.628866064346443, Accuracy: 68.58265385753882%
2024-02-21 22:15:05,135 - INFO - Epoch [477/500], Loss: 10.625452873060258, Accuracy: 68.59072683727564%
2024-02-21 22:15:05,850 - INFO - Epoch [478/500], Loss: 10.622052804898408, Accuracy: 68.6095637899949%
2024-02-21 22:15:06,570 - INFO - Epoch [479/500], Loss: 10.618652489225743, Accuracy: 68.61225478324049%
2024-02-21 22:15:07,273 - INFO - Epoch [480/500], Loss: 10.615249345868321, Accuracy: 68.63647372245096%
2024-02-21 22:15:07,975 - INFO - Epoch [481/500], Loss: 10.611848190679389, Accuracy: 68.6526196819246%
2024-02-21 22:15:07,985 - INFO - Test Accuracy: 46.772068511198945%, Balanced Test Accuracy: 46.87608273792485%
2024-02-21 22:15:08,692 - INFO - Epoch [482/500], Loss: 10.608451707888458, Accuracy: 68.66069266166141%
2024-02-21 22:15:09,418 - INFO - Epoch [483/500], Loss: 10.605060721858074, Accuracy: 68.67145663464385%
2024-02-21 22:15:10,118 - INFO - Epoch [484/500], Loss: 10.601675418473906, Accuracy: 68.68222060762628%
2024-02-21 22:15:10,862 - INFO - Epoch [485/500], Loss: 10.598293135731907, Accuracy: 68.70105756034552%
2024-02-21 22:15:11,714 - INFO - Epoch [486/500], Loss: 10.594920217990875, Accuracy: 68.71182153332795%
2024-02-21 22:15:12,428 - INFO - Epoch [487/500], Loss: 10.591550654273922, Accuracy: 68.73334947929281%
2024-02-21 22:15:13,137 - INFO - Epoch [488/500], Loss: 10.5881824048899, Accuracy: 68.75218643201205%
2024-02-21 22:15:13,867 - INFO - Epoch [489/500], Loss: 10.587729600526519, Accuracy: 68.76025941174888%
2024-02-21 22:15:14,599 - INFO - Epoch [490/500], Loss: 10.584656387062395, Accuracy: 68.75756841850327%
2024-02-21 22:15:15,333 - INFO - Epoch [491/500], Loss: 10.578043491153394, Accuracy: 68.77909636446813%
2024-02-21 22:15:15,346 - INFO - Test Accuracy: 47.03557312252964%, Balanced Test Accuracy: 47.15580301764513%
2024-02-21 22:15:16,087 - INFO - Epoch [492/500], Loss: 10.574714127233474, Accuracy: 68.78716934420494%
2024-02-21 22:15:16,801 - INFO - Epoch [493/500], Loss: 10.571396980245234, Accuracy: 68.79255133069616%
2024-02-21 22:15:17,502 - INFO - Epoch [494/500], Loss: 10.568079381676043, Accuracy: 68.8086972901698%
2024-02-21 22:15:18,258 - INFO - Epoch [495/500], Loss: 10.564768175957566, Accuracy: 68.81677026990663%
2024-02-21 22:15:19,030 - INFO - Epoch [496/500], Loss: 10.561479613942614, Accuracy: 68.83291622938026%
2024-02-21 22:15:19,737 - INFO - Epoch [497/500], Loss: 10.5582056459734, Accuracy: 68.83829821587148%
2024-02-21 22:15:20,498 - INFO - Epoch [498/500], Loss: 10.55494085711948, Accuracy: 68.85713516859073%
2024-02-21 22:15:21,266 - INFO - Epoch [499/500], Loss: 10.55170731928389, Accuracy: 68.86520814832755%
2024-02-21 22:15:21,986 - INFO - Epoch [500/500], Loss: 10.54847464217978, Accuracy: 68.86789914157316%
2024-02-21 22:15:22,257 - INFO - Test Accuracy: 21.075949367088608%, Balanced Test Accuracy: 21.075949367088604%
2024-02-21 22:15:22,564 - INFO - Final unblanced test accuracy: 21.075949367088608% and final balanced test accuracy 21.075949367088604
