2024-02-03 20:34:09,192 - INFO - Configuration:
{
    "task": "5",
    "topic": "0_classifier",
    "train_classifier": true,
    "number_gpus": "1",
    "modalities": [
        "depth"
    ],
    "encoder_model": "MAE",
    "mask_ratio": 0.8,
    "dataset": "DAA",
    "split": "0",
    "num_classes": 34,
    "epochs": 500,
    "res_cktp": false,
    "cktp_dir": "/home/bas06400/Thesis/VIP/src/align_checkpoints/mae_checkpoints/",
    "trained_encoder": "checkpoint_depth_0_20240126_000215.pth",
    "learning_rate": 0.001,
    "temperature": 0.1,
    "num_workers": 10,
    "batch_size": 64,
    "data_root": "/net/polaris/storage/deeplearning/ntu",
    "random_sample": false,
    "pin_memory": true,
    "scheduler_config": {
        "type": "plateau",
        "params": {
            "mode": "min",
            "factor": 0.1,
            "patience": 5
        }
    }
}
2024-02-03 20:34:09,227 - INFO - Training MAE for depth...
2024-02-03 20:34:09,276 - INFO - Evaluing on the following GPUs [3]
2024-02-03 20:34:14,874 - INFO - Starting feature extraction...
2024-02-03 20:41:04,599 - INFO - Applying balanced loss
2024-02-03 20:41:04,804 - INFO - Epoch [1/500], Loss: 7.08026624809612, Accuracy: 33.649503161698284%
2024-02-03 20:41:04,831 - INFO - Test Accuracy: 35.17482517482517%, Balanced Test Accuracy: 25.98917870458624%
2024-02-03 20:41:04,949 - INFO - Epoch [2/500], Loss: 5.557441090995615, Accuracy: 51.1743450767841%
2024-02-03 20:41:05,066 - INFO - Epoch [3/500], Loss: 4.941491108049046, Accuracy: 55.49533273110509%
2024-02-03 20:41:05,179 - INFO - Epoch [4/500], Loss: 4.564488505775278, Accuracy: 57.72357723577236%
2024-02-03 20:41:05,291 - INFO - Epoch [5/500], Loss: 4.295023162256587, Accuracy: 59.409816320385424%
2024-02-03 20:41:05,404 - INFO - Epoch [6/500], Loss: 4.086375604976308, Accuracy: 60.719662752183076%
2024-02-03 20:41:05,517 - INFO - Epoch [7/500], Loss: 3.916795752265237, Accuracy: 61.863896416741945%
2024-02-03 20:41:05,636 - INFO - Epoch [8/500], Loss: 3.774400300600312, Accuracy: 62.75218307738633%
2024-02-03 20:41:05,755 - INFO - Epoch [9/500], Loss: 3.651974159208211, Accuracy: 63.79102679915688%
2024-02-03 20:41:05,873 - INFO - Epoch [10/500], Loss: 3.544798641042276, Accuracy: 64.64920204757603%
2024-02-03 20:41:05,992 - INFO - Epoch [11/500], Loss: 3.4496179670095444, Accuracy: 65.23637458596808%
2024-02-03 20:41:06,007 - INFO - Test Accuracy: 40.6993006993007%, Balanced Test Accuracy: 36.59716969132865%
2024-02-03 20:41:06,125 - INFO - Epoch [12/500], Loss: 3.3640940731221978, Accuracy: 65.94399277326107%
2024-02-03 20:41:06,242 - INFO - Epoch [13/500], Loss: 3.2864947549321433, Accuracy: 66.63655525444143%
2024-02-03 20:41:06,363 - INFO - Epoch [14/500], Loss: 3.2155053385279397, Accuracy: 67.16350496838302%
2024-02-03 20:41:06,481 - INFO - Epoch [15/500], Loss: 3.1501059410246937, Accuracy: 67.58506473953628%
2024-02-03 20:41:06,603 - INFO - Epoch [16/500], Loss: 3.089491970159791, Accuracy: 67.871123155676%
2024-02-03 20:41:06,721 - INFO - Epoch [17/500], Loss: 3.0330189534208993, Accuracy: 68.24751580849141%
2024-02-03 20:41:06,842 - INFO - Epoch [18/500], Loss: 2.980163162404841, Accuracy: 68.51851851851852%
2024-02-03 20:41:06,959 - INFO - Epoch [19/500], Loss: 2.930494489994916, Accuracy: 69.09063535079795%
2024-02-03 20:41:07,076 - INFO - Epoch [20/500], Loss: 2.8836552663282915, Accuracy: 69.43691659138814%
2024-02-03 20:41:07,189 - INFO - Epoch [21/500], Loss: 2.8393454226580532, Accuracy: 69.64769647696477%
2024-02-03 20:41:07,204 - INFO - Test Accuracy: 37.97202797202797%, Balanced Test Accuracy: 37.509037136563315%
2024-02-03 20:41:07,316 - INFO - Epoch [22/500], Loss: 2.7973104918544944, Accuracy: 69.91869918699187%
2024-02-03 20:41:07,435 - INFO - Epoch [23/500], Loss: 2.757333121516488, Accuracy: 70.08431195423066%
2024-02-03 20:41:07,556 - INFO - Epoch [24/500], Loss: 2.7192258834838867, Accuracy: 70.59620596205961%
2024-02-03 20:41:07,672 - INFO - Epoch [25/500], Loss: 2.682826039465991, Accuracy: 70.95754290876242%
2024-02-03 20:41:07,792 - INFO - Epoch [26/500], Loss: 2.6479913931001318, Accuracy: 71.2134899126769%
2024-02-03 20:41:07,933 - INFO - Epoch [27/500], Loss: 2.61459696021947, Accuracy: 71.51460403492923%
2024-02-03 20:41:08,057 - INFO - Epoch [28/500], Loss: 2.58253220401027, Accuracy: 71.77055103884372%
2024-02-03 20:41:08,195 - INFO - Epoch [29/500], Loss: 2.5516988946632906, Accuracy: 72.01144233664559%
2024-02-03 20:41:08,327 - INFO - Epoch [30/500], Loss: 2.522009548815814, Accuracy: 72.29750075278531%
2024-02-03 20:41:08,457 - INFO - Epoch [31/500], Loss: 2.4933859407901764, Accuracy: 72.4781692261367%
2024-02-03 20:41:08,473 - INFO - Test Accuracy: 36.85314685314685%, Balanced Test Accuracy: 37.72527191412465%
2024-02-03 20:41:08,600 - INFO - Epoch [32/500], Loss: 2.4657574851404536, Accuracy: 72.59861487503764%
2024-02-03 20:41:08,725 - INFO - Epoch [33/500], Loss: 2.439060555262999, Accuracy: 72.70400481782596%
2024-02-03 20:41:08,848 - INFO - Epoch [34/500], Loss: 2.4132376218383964, Accuracy: 72.85456187895213%
2024-02-03 20:41:08,967 - INFO - Epoch [35/500], Loss: 2.3882362422618, Accuracy: 73.02017464619091%
2024-02-03 20:41:09,088 - INFO - Epoch [36/500], Loss: 2.3640084957534615, Accuracy: 73.15567600120445%
2024-02-03 20:41:09,215 - INFO - Epoch [37/500], Loss: 2.3405107015913185, Accuracy: 73.26106594399278%
2024-02-03 20:41:09,341 - INFO - Epoch [38/500], Loss: 2.317702828483148, Accuracy: 73.51701294790726%
2024-02-03 20:41:09,463 - INFO - Epoch [39/500], Loss: 2.295547680421309, Accuracy: 73.66757000903343%
2024-02-03 20:41:09,584 - INFO - Epoch [40/500], Loss: 2.274011252955957, Accuracy: 73.81812707015959%
2024-02-03 20:41:09,704 - INFO - Epoch [41/500], Loss: 2.2530619325962933, Accuracy: 74.02890695573622%
2024-02-03 20:41:09,719 - INFO - Test Accuracy: 36.57342657342657%, Balanced Test Accuracy: 37.05034137808255%
2024-02-03 20:41:09,839 - INFO - Epoch [42/500], Loss: 2.232670483264056, Accuracy: 74.13429689852454%
2024-02-03 20:41:09,964 - INFO - Epoch [43/500], Loss: 2.2128097719766875, Accuracy: 74.16440831074978%
2024-02-03 20:41:10,115 - INFO - Epoch [44/500], Loss: 2.1934545168822464, Accuracy: 74.31496537187594%
2024-02-03 20:41:10,247 - INFO - Epoch [45/500], Loss: 2.174581214785576, Accuracy: 74.51068955133995%
2024-02-03 20:41:10,374 - INFO - Epoch [46/500], Loss: 2.156167866831476, Accuracy: 74.60102378801565%
2024-02-03 20:41:10,502 - INFO - Epoch [47/500], Loss: 2.1381939080628483, Accuracy: 74.75158084914183%
2024-02-03 20:41:10,639 - INFO - Epoch [48/500], Loss: 2.120640332725915, Accuracy: 74.902137910268%
2024-02-03 20:41:10,807 - INFO - Epoch [49/500], Loss: 2.1034889194098385, Accuracy: 75.08280638361938%
2024-02-03 20:41:10,955 - INFO - Epoch [50/500], Loss: 2.0867229144681585, Accuracy: 75.21830773863294%
2024-02-03 20:41:11,105 - INFO - Epoch [51/500], Loss: 2.0703266357833687, Accuracy: 75.32369768142127%
2024-02-03 20:41:11,123 - INFO - Test Accuracy: 37.76223776223776%, Balanced Test Accuracy: 37.29351872752007%
2024-02-03 20:41:11,260 - INFO - Epoch [52/500], Loss: 2.054284830662337, Accuracy: 75.51942186088527%
2024-02-03 20:41:11,387 - INFO - Epoch [53/500], Loss: 2.038583719594912, Accuracy: 75.65492321589882%
2024-02-03 20:41:11,525 - INFO - Epoch [54/500], Loss: 2.023210108957507, Accuracy: 75.73020174646192%
2024-02-03 20:41:11,674 - INFO - Epoch [55/500], Loss: 2.0081514418125153, Accuracy: 75.83559168925022%
2024-02-03 20:41:11,818 - INFO - Epoch [56/500], Loss: 1.9933959909460761, Accuracy: 75.92592592592592%
2024-02-03 20:41:11,961 - INFO - Epoch [57/500], Loss: 1.9789327294989065, Accuracy: 76.01626016260163%
2024-02-03 20:41:12,106 - INFO - Epoch [58/500], Loss: 1.9647510627453977, Accuracy: 76.06142728093947%
2024-02-03 20:41:12,253 - INFO - Epoch [59/500], Loss: 1.9508411640470678, Accuracy: 76.10659439927733%
2024-02-03 20:41:12,399 - INFO - Epoch [60/500], Loss: 1.9371935806491158, Accuracy: 76.21198434206565%
2024-02-03 20:41:12,541 - INFO - Epoch [61/500], Loss: 1.9237993820147081, Accuracy: 76.33242999096657%
2024-02-03 20:41:12,556 - INFO - Test Accuracy: 38.6013986013986%, Balanced Test Accuracy: 37.5716909209621%
2024-02-03 20:41:12,699 - INFO - Epoch [62/500], Loss: 1.9106501449238171, Accuracy: 76.46793134598013%
2024-02-03 20:41:12,831 - INFO - Epoch [63/500], Loss: 1.8977378870953212, Accuracy: 76.57332128876844%
2024-02-03 20:41:12,955 - INFO - Epoch [64/500], Loss: 1.8850548680533061, Accuracy: 76.6335441132189%
2024-02-03 20:41:13,075 - INFO - Epoch [65/500], Loss: 1.872593912888657, Accuracy: 76.69376693766938%
2024-02-03 20:41:13,191 - INFO - Epoch [66/500], Loss: 1.8603481663898989, Accuracy: 76.8142125865703%
2024-02-03 20:41:13,307 - INFO - Epoch [67/500], Loss: 1.8483110090548343, Accuracy: 76.87443541102078%
2024-02-03 20:41:13,424 - INFO - Epoch [68/500], Loss: 1.836476082828912, Accuracy: 76.90454682324601%
2024-02-03 20:41:13,543 - INFO - Epoch [69/500], Loss: 1.8248374665325338, Accuracy: 77.05510388437217%
2024-02-03 20:41:13,660 - INFO - Epoch [70/500], Loss: 1.8133893832564354, Accuracy: 77.1604938271605%
2024-02-03 20:41:13,779 - INFO - Epoch [71/500], Loss: 1.8021265105767683, Accuracy: 77.22071665161096%
2024-02-03 20:41:13,793 - INFO - Test Accuracy: 38.95104895104895%, Balanced Test Accuracy: 37.659548897377185%
2024-02-03 20:41:13,915 - INFO - Epoch [72/500], Loss: 1.7910434529185295, Accuracy: 77.23577235772358%
2024-02-03 20:41:14,051 - INFO - Epoch [73/500], Loss: 1.7801351994276047, Accuracy: 77.26588376994881%
2024-02-03 20:41:14,170 - INFO - Epoch [74/500], Loss: 1.7693968936800957, Accuracy: 77.3411623005119%
2024-02-03 20:41:14,294 - INFO - Epoch [75/500], Loss: 1.7588240883567117, Accuracy: 77.41644083107498%
2024-02-03 20:41:14,411 - INFO - Epoch [76/500], Loss: 1.748412128876556, Accuracy: 77.49171936163806%
2024-02-03 20:41:14,532 - INFO - Epoch [77/500], Loss: 1.738156803629615, Accuracy: 77.61216501053899%
2024-02-03 20:41:14,647 - INFO - Epoch [78/500], Loss: 1.7280540398576043, Accuracy: 77.71755495332731%
2024-02-03 20:41:14,759 - INFO - Epoch [79/500], Loss: 1.7180997241627087, Accuracy: 77.86811201445347%
2024-02-03 20:41:14,868 - INFO - Epoch [80/500], Loss: 1.708290195600553, Accuracy: 77.91327913279133%
2024-02-03 20:41:14,983 - INFO - Epoch [81/500], Loss: 1.6986217525872318, Accuracy: 78.04878048780488%
2024-02-03 20:41:14,998 - INFO - Test Accuracy: 39.86013986013986%, Balanced Test Accuracy: 38.282416902735925%
2024-02-03 20:41:15,115 - INFO - Epoch [82/500], Loss: 1.6890907964923165, Accuracy: 78.0638361939175%
2024-02-03 20:41:15,237 - INFO - Epoch [83/500], Loss: 1.6796938905661756, Accuracy: 78.13911472448058%
2024-02-03 20:41:15,362 - INFO - Epoch [84/500], Loss: 1.6704279008236798, Accuracy: 78.18428184281842%
2024-02-03 20:41:15,485 - INFO - Epoch [85/500], Loss: 1.6612894230268218, Accuracy: 78.22944896115628%
2024-02-03 20:41:15,607 - INFO - Epoch [86/500], Loss: 1.6522755257107995, Accuracy: 78.38000602228244%
2024-02-03 20:41:15,736 - INFO - Epoch [87/500], Loss: 1.6433832157741894, Accuracy: 78.44022884673291%
2024-02-03 20:41:15,858 - INFO - Epoch [88/500], Loss: 1.6346096552231095, Accuracy: 78.53056308340861%
2024-02-03 20:41:15,987 - INFO - Epoch [89/500], Loss: 1.625952003354376, Accuracy: 78.59078590785907%
2024-02-03 20:41:16,140 - INFO - Epoch [90/500], Loss: 1.617407731034539, Accuracy: 78.65100873230955%
2024-02-03 20:41:16,271 - INFO - Epoch [91/500], Loss: 1.6089742413975976, Accuracy: 78.69617585064739%
2024-02-03 20:41:16,287 - INFO - Test Accuracy: 40.34965034965035%, Balanced Test Accuracy: 38.69119522747983%
2024-02-03 20:41:16,426 - INFO - Epoch [92/500], Loss: 1.600649013438008, Accuracy: 78.74134296898525%
2024-02-03 20:41:16,566 - INFO - Epoch [93/500], Loss: 1.5924296243624254, Accuracy: 78.80156579343571%
2024-02-03 20:41:16,698 - INFO - Epoch [94/500], Loss: 1.5843138295141133, Accuracy: 78.81662149954833%
2024-02-03 20:41:16,839 - INFO - Epoch [95/500], Loss: 1.576299374076453, Accuracy: 78.90695573622403%
2024-02-03 20:41:16,968 - INFO - Epoch [96/500], Loss: 1.5683840370991013, Accuracy: 78.9671785606745%
2024-02-03 20:41:17,096 - INFO - Epoch [97/500], Loss: 1.560565861788663, Accuracy: 79.08762420957542%
2024-02-03 20:41:17,240 - INFO - Epoch [98/500], Loss: 1.552842752500014, Accuracy: 79.17795844625113%
2024-02-03 20:41:17,364 - INFO - Epoch [99/500], Loss: 1.545212782919407, Accuracy: 79.20806985847636%
2024-02-03 20:41:17,500 - INFO - Epoch [100/500], Loss: 1.5376739542592655, Accuracy: 79.26829268292683%
2024-02-03 20:41:17,654 - INFO - Epoch [101/500], Loss: 1.5302245765924454, Accuracy: 79.31345980126468%
2024-02-03 20:41:17,670 - INFO - Test Accuracy: 40.48951048951049%, Balanced Test Accuracy: 38.65950969725464%
2024-02-03 20:41:17,794 - INFO - Epoch [102/500], Loss: 1.5228627987883308, Accuracy: 79.34357121348991%
2024-02-03 20:41:17,922 - INFO - Epoch [103/500], Loss: 1.5155868841843172, Accuracy: 79.37368262571515%
2024-02-03 20:41:18,048 - INFO - Epoch [104/500], Loss: 1.5083952166817405, Accuracy: 79.44896115627823%
2024-02-03 20:41:18,178 - INFO - Epoch [105/500], Loss: 1.5012860853563657, Accuracy: 79.52423968684131%
2024-02-03 20:41:18,316 - INFO - Epoch [106/500], Loss: 1.4942579113624312, Accuracy: 79.56940680517916%
2024-02-03 20:41:18,476 - INFO - Epoch [107/500], Loss: 1.4873091287233613, Accuracy: 79.67479674796748%
2024-02-03 20:41:18,619 - INFO - Epoch [108/500], Loss: 1.4804382960904727, Accuracy: 79.6898524540801%
2024-02-03 20:41:18,770 - INFO - Epoch [109/500], Loss: 1.4736439558592709, Accuracy: 79.75007527853056%
2024-02-03 20:41:18,908 - INFO - Epoch [110/500], Loss: 1.4669245738874783, Accuracy: 79.81029810298104%
2024-02-03 20:41:19,056 - INFO - Epoch [111/500], Loss: 1.4602788192304699, Accuracy: 79.8705209274315%
2024-02-03 20:41:19,071 - INFO - Test Accuracy: 40.83916083916084%, Balanced Test Accuracy: 38.145179445358096%
2024-02-03 20:41:19,199 - INFO - Epoch [112/500], Loss: 1.4537053433331577, Accuracy: 79.9759108702198%
2024-02-03 20:41:19,347 - INFO - Epoch [113/500], Loss: 1.4472027800299905, Accuracy: 80.06624510689551%
2024-02-03 20:41:19,496 - INFO - Epoch [114/500], Loss: 1.4407698410478504, Accuracy: 80.12646793134599%
2024-02-03 20:41:19,623 - INFO - Epoch [115/500], Loss: 1.4344052360816435, Accuracy: 80.20174646190907%
2024-02-03 20:41:19,760 - INFO - Epoch [116/500], Loss: 1.4281077296896414, Accuracy: 80.29208069858477%
2024-02-03 20:41:19,893 - INFO - Epoch [117/500], Loss: 1.4218761270696467, Accuracy: 80.32219211081%
2024-02-03 20:41:20,025 - INFO - Epoch [118/500], Loss: 1.415709264576435, Accuracy: 80.38241493526047%
2024-02-03 20:41:20,179 - INFO - Epoch [119/500], Loss: 1.4096059819514102, Accuracy: 80.44263775971093%
2024-02-03 20:41:20,320 - INFO - Epoch [120/500], Loss: 1.4035651677034118, Accuracy: 80.51791629027402%
2024-02-03 20:41:20,467 - INFO - Epoch [121/500], Loss: 1.3975857144052333, Accuracy: 80.54802770249924%
2024-02-03 20:41:20,487 - INFO - Test Accuracy: 41.60839160839161%, Balanced Test Accuracy: 38.94669966204433%
2024-02-03 20:41:20,625 - INFO - Epoch [122/500], Loss: 1.3916665701703592, Accuracy: 80.63836193917494%
2024-02-03 20:41:20,762 - INFO - Epoch [123/500], Loss: 1.3858066506006501, Accuracy: 80.71364046973802%
2024-02-03 20:41:20,895 - INFO - Epoch [124/500], Loss: 1.3800050413066691, Accuracy: 80.75880758807588%
2024-02-03 20:41:21,031 - INFO - Epoch [125/500], Loss: 1.3742605908350511, Accuracy: 80.84914182475158%
2024-02-03 20:41:21,162 - INFO - Epoch [126/500], Loss: 1.3685724525289102, Accuracy: 80.93947606142729%
2024-02-03 20:41:21,298 - INFO - Epoch [127/500], Loss: 1.3629396293650975, Accuracy: 80.99969888587775%
2024-02-03 20:41:21,447 - INFO - Epoch [128/500], Loss: 1.3573611967942931, Accuracy: 81.02981029810299%
2024-02-03 20:41:21,585 - INFO - Epoch [129/500], Loss: 1.3518362377177586, Accuracy: 81.04486600421559%
2024-02-03 20:41:21,723 - INFO - Epoch [130/500], Loss: 1.3463640064001083, Accuracy: 81.09003312255345%
2024-02-03 20:41:21,875 - INFO - Epoch [131/500], Loss: 1.3409434577280825, Accuracy: 81.19542306534177%
2024-02-03 20:41:21,893 - INFO - Test Accuracy: 41.88811188811189%, Balanced Test Accuracy: 38.934936063324216%
2024-02-03 20:41:22,024 - INFO - Epoch [132/500], Loss: 1.3355738547715275, Accuracy: 81.24059018367961%
2024-02-03 20:41:22,179 - INFO - Epoch [133/500], Loss: 1.3302543068473989, Accuracy: 81.33092442035532%
2024-02-03 20:41:22,314 - INFO - Epoch [134/500], Loss: 1.3249841034412384, Accuracy: 81.37609153869316%
2024-02-03 20:41:22,438 - INFO - Epoch [135/500], Loss: 1.3197623999281363, Accuracy: 81.39114724480578%
2024-02-03 20:41:22,560 - INFO - Epoch [136/500], Loss: 1.3145884038372473, Accuracy: 81.4965371875941%
2024-02-03 20:41:22,682 - INFO - Epoch [137/500], Loss: 1.3094614283605055, Accuracy: 81.54170430593194%
2024-02-03 20:41:22,801 - INFO - Epoch [138/500], Loss: 1.304380665448579, Accuracy: 81.57181571815718%
2024-02-03 20:41:22,919 - INFO - Epoch [139/500], Loss: 1.299345493993976, Accuracy: 81.60192713038242%
2024-02-03 20:41:23,040 - INFO - Epoch [140/500], Loss: 1.294355179775845, Accuracy: 81.63203854260765%
2024-02-03 20:41:23,165 - INFO - Epoch [141/500], Loss: 1.28940898925066, Accuracy: 81.64709424872026%
2024-02-03 20:41:23,182 - INFO - Test Accuracy: 42.23776223776224%, Balanced Test Accuracy: 39.02407512787312%
2024-02-03 20:41:23,308 - INFO - Epoch [142/500], Loss: 1.2845062491568653, Accuracy: 81.69226136705811%
2024-02-03 20:41:23,433 - INFO - Epoch [143/500], Loss: 1.2796463444828987, Accuracy: 81.72237277928335%
2024-02-03 20:41:23,555 - INFO - Epoch [144/500], Loss: 1.2748286378654567, Accuracy: 81.7675398976212%
2024-02-03 20:41:23,680 - INFO - Epoch [145/500], Loss: 1.2700524492697283, Accuracy: 81.81270701595905%
2024-02-03 20:41:23,799 - INFO - Epoch [146/500], Loss: 1.2653171921318227, Accuracy: 81.87292984040951%
2024-02-03 20:41:23,925 - INFO - Epoch [147/500], Loss: 1.2606222907250577, Accuracy: 81.90304125263475%
2024-02-03 20:41:24,055 - INFO - Epoch [148/500], Loss: 1.2559671076861294, Accuracy: 81.91809695874737%
2024-02-03 20:41:24,200 - INFO - Epoch [149/500], Loss: 1.2513511201197451, Accuracy: 81.9482083709726%
2024-02-03 20:41:24,336 - INFO - Epoch [150/500], Loss: 1.2467736899852753, Accuracy: 81.99337548931045%
2024-02-03 20:41:24,468 - INFO - Epoch [151/500], Loss: 1.2422343086112628, Accuracy: 82.00843119542307%
2024-02-03 20:41:24,485 - INFO - Test Accuracy: 42.7972027972028%, Balanced Test Accuracy: 39.27089954949925%
2024-02-03 20:41:24,608 - INFO - Epoch [152/500], Loss: 1.237732431427999, Accuracy: 82.05359831376092%
2024-02-03 20:41:24,732 - INFO - Epoch [153/500], Loss: 1.2332675003192641, Accuracy: 82.05359831376092%
2024-02-03 20:41:24,854 - INFO - Epoch [154/500], Loss: 1.2288390188054605, Accuracy: 82.11382113821138%
2024-02-03 20:41:24,971 - INFO - Epoch [155/500], Loss: 1.2244464368982748, Accuracy: 82.15898825654924%
2024-02-03 20:41:25,090 - INFO - Epoch [156/500], Loss: 1.220089350911704, Accuracy: 82.17404396266186%
2024-02-03 20:41:25,214 - INFO - Epoch [157/500], Loss: 1.2157671248370951, Accuracy: 82.18909966877446%
2024-02-03 20:41:25,328 - INFO - Epoch [158/500], Loss: 1.2114793624390254, Accuracy: 82.23426678711232%
2024-02-03 20:41:25,447 - INFO - Epoch [159/500], Loss: 1.2072256329384716, Accuracy: 82.27943390545016%
2024-02-03 20:41:25,569 - INFO - Epoch [160/500], Loss: 1.203005382960493, Accuracy: 82.26437819933754%
2024-02-03 20:41:25,698 - INFO - Epoch [161/500], Loss: 1.1988182061097838, Accuracy: 82.3095453176754%
2024-02-03 20:41:25,714 - INFO - Test Accuracy: 43.42657342657343%, Balanced Test Accuracy: 39.65380405072582%
2024-02-03 20:41:25,839 - INFO - Epoch [162/500], Loss: 1.1946636329997669, Accuracy: 82.35471243601324%
2024-02-03 20:41:25,981 - INFO - Epoch [163/500], Loss: 1.1905412247235125, Accuracy: 82.46010237880157%
2024-02-03 20:41:26,125 - INFO - Epoch [164/500], Loss: 1.1864506222985007, Accuracy: 82.52032520325203%
2024-02-03 20:41:26,263 - INFO - Epoch [165/500], Loss: 1.18239130418409, Accuracy: 82.59560373381511%
2024-02-03 20:41:26,390 - INFO - Epoch [166/500], Loss: 1.1783629195256666, Accuracy: 82.62571514604035%
2024-02-03 20:41:26,528 - INFO - Epoch [167/500], Loss: 1.1743650507520547, Accuracy: 82.70099367660343%
2024-02-03 20:41:26,651 - INFO - Epoch [168/500], Loss: 1.170397282324054, Accuracy: 82.74616079494129%
2024-02-03 20:41:26,777 - INFO - Epoch [169/500], Loss: 1.1664592752402478, Accuracy: 82.83649503161698%
2024-02-03 20:41:26,908 - INFO - Epoch [170/500], Loss: 1.162550538778305, Accuracy: 82.82143932550437%
2024-02-03 20:41:27,035 - INFO - Epoch [171/500], Loss: 1.1586708484048194, Accuracy: 82.8515507377296%
2024-02-03 20:41:27,051 - INFO - Test Accuracy: 43.70629370629371%, Balanced Test Accuracy: 39.798115001488384%
2024-02-03 20:41:27,173 - INFO - Epoch [172/500], Loss: 1.1548196839337999, Accuracy: 82.88166214995483%
2024-02-03 20:41:27,307 - INFO - Epoch [173/500], Loss: 1.150996777821671, Accuracy: 82.98705209274316%
2024-02-03 20:41:27,435 - INFO - Epoch [174/500], Loss: 1.1472017734565518, Accuracy: 83.01716350496838%
2024-02-03 20:41:27,566 - INFO - Epoch [175/500], Loss: 1.1434342874722048, Accuracy: 83.01716350496838%
2024-02-03 20:41:27,701 - INFO - Epoch [176/500], Loss: 1.1396939859471538, Accuracy: 83.07738632941884%
2024-02-03 20:41:27,826 - INFO - Epoch [177/500], Loss: 1.1359805268320171, Accuracy: 83.09244203553146%
2024-02-03 20:41:27,945 - INFO - Epoch [178/500], Loss: 1.1322935718027027, Accuracy: 83.15266485998194%
2024-02-03 20:41:28,067 - INFO - Epoch [179/500], Loss: 1.128632807934826, Accuracy: 83.19783197831978%
2024-02-03 20:41:28,191 - INFO - Epoch [180/500], Loss: 1.1249979602342302, Accuracy: 83.22794339054502%
2024-02-03 20:41:28,337 - INFO - Epoch [181/500], Loss: 1.1213886185803197, Accuracy: 83.22794339054502%
2024-02-03 20:41:28,354 - INFO - Test Accuracy: 44.12587412587413%, Balanced Test Accuracy: 39.88198906077227%
2024-02-03 20:41:28,504 - INFO - Epoch [182/500], Loss: 1.1178045073016123, Accuracy: 83.24299909665763%
2024-02-03 20:41:28,645 - INFO - Epoch [183/500], Loss: 1.114245356483893, Accuracy: 83.24299909665763%
2024-02-03 20:41:28,782 - INFO - Epoch [184/500], Loss: 1.1107108362696387, Accuracy: 83.3032219211081%
2024-02-03 20:41:28,915 - INFO - Epoch [185/500], Loss: 1.107200714674863, Accuracy: 83.34838903944595%
2024-02-03 20:41:29,059 - INFO - Epoch [186/500], Loss: 1.1037146347490223, Accuracy: 83.43872327612165%
2024-02-03 20:41:29,202 - INFO - Epoch [187/500], Loss: 1.1002523323351687, Accuracy: 83.46883468834689%
2024-02-03 20:41:29,328 - INFO - Epoch [188/500], Loss: 1.0968135053461248, Accuracy: 83.46883468834689%
2024-02-03 20:41:29,475 - INFO - Epoch [189/500], Loss: 1.0933979197659276, Accuracy: 83.51400180668473%
2024-02-03 20:41:29,614 - INFO - Epoch [190/500], Loss: 1.0900052752007137, Accuracy: 83.58928033724781%
2024-02-03 20:41:29,746 - INFO - Epoch [191/500], Loss: 1.0866353823380037, Accuracy: 83.61939174947305%
2024-02-03 20:41:29,764 - INFO - Test Accuracy: 44.19580419580419%, Balanced Test Accuracy: 39.821938612372314%
2024-02-03 20:41:29,911 - INFO - Epoch [192/500], Loss: 1.0832878744060344, Accuracy: 83.64950316169828%
2024-02-03 20:41:30,039 - INFO - Epoch [193/500], Loss: 1.0799625570123845, Accuracy: 83.6645588678109%
2024-02-03 20:41:30,183 - INFO - Epoch [194/500], Loss: 1.0766591436483643, Accuracy: 83.72478169226137%
2024-02-03 20:41:30,315 - INFO - Epoch [195/500], Loss: 1.0733774209564382, Accuracy: 83.7548931044866%
2024-02-03 20:41:30,442 - INFO - Epoch [196/500], Loss: 1.0701171180064029, Accuracy: 83.83017163504968%
2024-02-03 20:41:30,610 - INFO - Epoch [197/500], Loss: 1.0668779889290982, Accuracy: 83.87533875338754%
2024-02-03 20:41:30,746 - INFO - Epoch [198/500], Loss: 1.063659874891693, Accuracy: 83.89039445950016%
2024-02-03 20:41:30,881 - INFO - Epoch [199/500], Loss: 1.0604624551805584, Accuracy: 83.89039445950016%
2024-02-03 20:41:31,012 - INFO - Epoch [200/500], Loss: 1.0572854849425228, Accuracy: 83.90545016561276%
2024-02-03 20:41:31,136 - INFO - Epoch [201/500], Loss: 1.054128867320039, Accuracy: 83.95061728395062%
2024-02-03 20:41:31,152 - INFO - Test Accuracy: 44.61538461538461%, Balanced Test Accuracy: 39.85884160009497%
2024-02-03 20:41:31,317 - INFO - Epoch [202/500], Loss: 1.0509922538291325, Accuracy: 83.98072869617585%
2024-02-03 20:41:31,455 - INFO - Epoch [203/500], Loss: 1.0478754588826136, Accuracy: 84.04095152062632%
2024-02-03 20:41:31,578 - INFO - Epoch [204/500], Loss: 1.0447782772508534, Accuracy: 84.07106293285155%
2024-02-03 20:41:31,702 - INFO - Epoch [205/500], Loss: 1.0417005128481172, Accuracy: 84.16139716952725%
2024-02-03 20:41:31,827 - INFO - Epoch [206/500], Loss: 1.0386419682340189, Accuracy: 84.23667570009033%
2024-02-03 20:41:31,955 - INFO - Epoch [207/500], Loss: 1.035602379590273, Accuracy: 84.28184281842819%
2024-02-03 20:41:32,104 - INFO - Epoch [208/500], Loss: 1.0325816358354958, Accuracy: 84.32700993676603%
2024-02-03 20:41:32,245 - INFO - Epoch [209/500], Loss: 1.0295794369144873, Accuracy: 84.37217705510389%
2024-02-03 20:41:32,386 - INFO - Epoch [210/500], Loss: 1.026595620607788, Accuracy: 84.3872327612165%
2024-02-03 20:41:32,544 - INFO - Epoch [211/500], Loss: 1.0236300619488412, Accuracy: 84.41734417344173%
2024-02-03 20:41:32,566 - INFO - Test Accuracy: 44.61538461538461%, Balanced Test Accuracy: 39.840243693147556%
2024-02-03 20:41:32,702 - INFO - Epoch [212/500], Loss: 1.0206824510612271, Accuracy: 84.43239987955435%
2024-02-03 20:41:32,842 - INFO - Epoch [213/500], Loss: 1.0177527642385527, Accuracy: 84.46251129177958%
2024-02-03 20:41:32,967 - INFO - Epoch [214/500], Loss: 1.014840642836961, Accuracy: 84.53778982234267%
2024-02-03 20:41:33,091 - INFO - Epoch [215/500], Loss: 1.011946013705297, Accuracy: 84.55284552845528%
2024-02-03 20:41:33,213 - INFO - Epoch [216/500], Loss: 1.0090686665339903, Accuracy: 84.61306835290576%
2024-02-03 20:41:33,338 - INFO - Epoch [217/500], Loss: 1.006208446892825, Accuracy: 84.64317976513098%
2024-02-03 20:41:33,466 - INFO - Epoch [218/500], Loss: 1.0033651421015912, Accuracy: 84.70340258958146%
2024-02-03 20:41:33,588 - INFO - Epoch [219/500], Loss: 1.0005386011167006, Accuracy: 84.71845829569406%
2024-02-03 20:41:33,719 - INFO - Epoch [220/500], Loss: 0.9977286972782828, Accuracy: 84.76362541403192%
2024-02-03 20:41:33,848 - INFO - Epoch [221/500], Loss: 0.994935218244791, Accuracy: 84.77868112014454%
2024-02-03 20:41:33,865 - INFO - Test Accuracy: 44.82517482517483%, Balanced Test Accuracy: 39.646823409049695%
2024-02-03 20:41:33,998 - INFO - Epoch [222/500], Loss: 0.9921579340642149, Accuracy: 84.77868112014454%
2024-02-03 20:41:34,146 - INFO - Epoch [223/500], Loss: 0.9893968166275457, Accuracy: 84.82384823848238%
2024-02-03 20:41:34,284 - INFO - Epoch [224/500], Loss: 0.9866516251455654, Accuracy: 84.838903944595%
2024-02-03 20:41:34,412 - INFO - Epoch [225/500], Loss: 0.9839221835136414, Accuracy: 84.85395965070762%
2024-02-03 20:41:34,536 - INFO - Epoch [226/500], Loss: 0.9812084463509646, Accuracy: 84.9292381812707%
2024-02-03 20:41:34,663 - INFO - Epoch [227/500], Loss: 0.9785101579671557, Accuracy: 84.9292381812707%
2024-02-03 20:41:34,790 - INFO - Epoch [228/500], Loss: 0.9758272235366431, Accuracy: 84.94429388738332%
2024-02-03 20:41:34,931 - INFO - Epoch [229/500], Loss: 0.9731594730507244, Accuracy: 84.98946100572117%
2024-02-03 20:41:35,071 - INFO - Epoch [230/500], Loss: 0.9705067293887789, Accuracy: 85.0195724179464%
2024-02-03 20:41:35,215 - INFO - Epoch [231/500], Loss: 0.967868928543546, Accuracy: 85.04968383017163%
2024-02-03 20:41:35,234 - INFO - Test Accuracy: 44.82517482517483%, Balanced Test Accuracy: 39.87973986131455%
2024-02-03 20:41:35,371 - INFO - Epoch [232/500], Loss: 0.9652458527548746, Accuracy: 85.07979524239687%
2024-02-03 20:41:35,517 - INFO - Epoch [233/500], Loss: 0.96263739568266, Accuracy: 85.14001806684733%
2024-02-03 20:41:35,668 - INFO - Epoch [234/500], Loss: 0.9600434164431962, Accuracy: 85.18518518518519%
2024-02-03 20:41:35,842 - INFO - Epoch [235/500], Loss: 0.9574637809260325, Accuracy: 85.2002408912978%
2024-02-03 20:41:35,991 - INFO - Epoch [236/500], Loss: 0.9548983705992048, Accuracy: 85.24540800963565%
2024-02-03 20:41:36,131 - INFO - Epoch [237/500], Loss: 0.9523470069874417, Accuracy: 85.24540800963565%
2024-02-03 20:41:36,270 - INFO - Epoch [238/500], Loss: 0.9498095349832014, Accuracy: 85.27551942186089%
2024-02-03 20:41:36,411 - INFO - Epoch [239/500], Loss: 0.9472859928553755, Accuracy: 85.30563083408612%
2024-02-03 20:41:36,544 - INFO - Epoch [240/500], Loss: 0.9447760571810332, Accuracy: 85.33574224631136%
2024-02-03 20:41:36,686 - INFO - Epoch [241/500], Loss: 0.9422796355052427, Accuracy: 85.35079795242397%
2024-02-03 20:41:36,703 - INFO - Test Accuracy: 44.89510489510489%, Balanced Test Accuracy: 39.936947806872006%
2024-02-03 20:41:36,839 - INFO - Epoch [242/500], Loss: 0.9397967112335291, Accuracy: 85.3809093646492%
2024-02-03 20:41:36,986 - INFO - Epoch [243/500], Loss: 0.9373270655897531, Accuracy: 85.41102077687444%
2024-02-03 20:41:37,111 - INFO - Epoch [244/500], Loss: 0.9348706846887415, Accuracy: 85.42607648298706%
2024-02-03 20:41:37,246 - INFO - Epoch [245/500], Loss: 0.9324272894723848, Accuracy: 85.4712436013249%
2024-02-03 20:41:37,380 - INFO - Epoch [246/500], Loss: 0.9299969090656801, Accuracy: 85.4712436013249%
2024-02-03 20:41:37,546 - INFO - Epoch [247/500], Loss: 0.9275793534788218, Accuracy: 85.4712436013249%
2024-02-03 20:41:37,698 - INFO - Epoch [248/500], Loss: 0.9251745173876936, Accuracy: 85.4712436013249%
2024-02-03 20:41:37,847 - INFO - Epoch [249/500], Loss: 0.9227822802283547, Accuracy: 85.50135501355014%
2024-02-03 20:41:37,994 - INFO - Epoch [250/500], Loss: 0.9204025150022723, Accuracy: 85.54652213188798%
2024-02-03 20:41:38,122 - INFO - Epoch [251/500], Loss: 0.9180352040989832, Accuracy: 85.53146642577536%
2024-02-03 20:41:38,138 - INFO - Test Accuracy: 44.82517482517483%, Balanced Test Accuracy: 39.87283834303733%
2024-02-03 20:41:38,263 - INFO - Epoch [252/500], Loss: 0.9156800938600843, Accuracy: 85.57663354411322%
2024-02-03 20:41:38,386 - INFO - Epoch [253/500], Loss: 0.9133372516794638, Accuracy: 85.59168925022584%
2024-02-03 20:41:38,505 - INFO - Epoch [254/500], Loss: 0.9110063825818625, Accuracy: 85.60674495633845%
2024-02-03 20:41:38,632 - INFO - Epoch [255/500], Loss: 0.9086875238201835, Accuracy: 85.63685636856368%
2024-02-03 20:41:38,755 - INFO - Epoch [256/500], Loss: 0.9063804823566567, Accuracy: 85.6519120746763%
2024-02-03 20:41:38,872 - INFO - Epoch [257/500], Loss: 0.9040852019732649, Accuracy: 85.68202348690154%
2024-02-03 20:41:38,989 - INFO - Epoch [258/500], Loss: 0.9018015661700205, Accuracy: 85.71213489912677%
2024-02-03 20:41:39,113 - INFO - Epoch [259/500], Loss: 0.8995295299047773, Accuracy: 85.75730201746462%
2024-02-03 20:41:39,233 - INFO - Epoch [260/500], Loss: 0.8972688957371495, Accuracy: 85.77235772357723%
2024-02-03 20:41:39,356 - INFO - Epoch [261/500], Loss: 0.895019622350281, Accuracy: 85.77235772357723%
2024-02-03 20:41:39,372 - INFO - Test Accuracy: 44.82517482517483%, Balanced Test Accuracy: 39.8026838055859%
2024-02-03 20:41:39,495 - INFO - Epoch [262/500], Loss: 0.8927816254171458, Accuracy: 85.78741342968985%
2024-02-03 20:41:39,619 - INFO - Epoch [263/500], Loss: 0.890554800290953, Accuracy: 85.80246913580247%
2024-02-03 20:41:39,745 - INFO - Epoch [264/500], Loss: 0.8883390663699671, Accuracy: 85.8325805480277%
2024-02-03 20:41:39,871 - INFO - Epoch [265/500], Loss: 0.8861342820931565, Accuracy: 85.8325805480277%
2024-02-03 20:41:39,996 - INFO - Epoch [266/500], Loss: 0.8839403909038414, Accuracy: 85.8325805480277%
2024-02-03 20:41:40,122 - INFO - Epoch [267/500], Loss: 0.8817572674968026, Accuracy: 85.84763625414033%
2024-02-03 20:41:40,244 - INFO - Epoch [268/500], Loss: 0.8795848393982107, Accuracy: 85.84763625414033%
2024-02-03 20:41:40,367 - INFO - Epoch [269/500], Loss: 0.8774231025441126, Accuracy: 85.87774766636555%
2024-02-03 20:41:40,495 - INFO - Epoch [270/500], Loss: 0.8752718550915067, Accuracy: 85.87774766636555%
2024-02-03 20:41:40,616 - INFO - Epoch [271/500], Loss: 0.8731310564008626, Accuracy: 85.89280337247817%
2024-02-03 20:41:40,631 - INFO - Test Accuracy: 44.75524475524475%, Balanced Test Accuracy: 39.75606375896586%
2024-02-03 20:41:40,751 - INFO - Epoch [272/500], Loss: 0.8710006079213186, Accuracy: 85.96808190304125%
2024-02-03 20:41:40,880 - INFO - Epoch [273/500], Loss: 0.8688804158432917, Accuracy: 86.04336043360433%
2024-02-03 20:41:41,002 - INFO - Epoch [274/500], Loss: 0.8667704490098086, Accuracy: 86.1035832580548%
2024-02-03 20:41:41,126 - INFO - Epoch [275/500], Loss: 0.8646705905822191, Accuracy: 86.11863896416742%
2024-02-03 20:41:41,246 - INFO - Epoch [276/500], Loss: 0.8625807420096614, Accuracy: 86.16380608250527%
2024-02-03 20:41:41,384 - INFO - Epoch [277/500], Loss: 0.8605008277703415, Accuracy: 86.17886178861788%
2024-02-03 20:41:41,508 - INFO - Epoch [278/500], Loss: 0.8584308160299604, Accuracy: 86.20897320084312%
2024-02-03 20:41:41,629 - INFO - Epoch [279/500], Loss: 0.8563705418597568, Accuracy: 86.22402890695574%
2024-02-03 20:41:41,748 - INFO - Epoch [280/500], Loss: 0.85431999780915, Accuracy: 86.23908461306836%
2024-02-03 20:41:41,868 - INFO - Epoch [281/500], Loss: 0.8522791459479115, Accuracy: 86.26919602529358%
2024-02-03 20:41:41,884 - INFO - Test Accuracy: 44.68531468531469%, Balanced Test Accuracy: 39.718951502358514%
2024-02-03 20:41:42,012 - INFO - Epoch [282/500], Loss: 0.8502477830783888, Accuracy: 86.29930743751882%
2024-02-03 20:41:42,143 - INFO - Epoch [283/500], Loss: 0.8482259129258719, Accuracy: 86.32941884974406%
2024-02-03 20:41:42,290 - INFO - Epoch [284/500], Loss: 0.8462135043333877, Accuracy: 86.35953026196928%
2024-02-03 20:41:42,448 - INFO - Epoch [285/500], Loss: 0.8442104103213007, Accuracy: 86.35953026196928%
2024-02-03 20:41:42,608 - INFO - Epoch [286/500], Loss: 0.8422165800901976, Accuracy: 86.40469738030714%
2024-02-03 20:41:42,762 - INFO - Epoch [287/500], Loss: 0.8402319161052053, Accuracy: 86.40469738030714%
2024-02-03 20:41:42,912 - INFO - Epoch [288/500], Loss: 0.8382563726468519, Accuracy: 86.41975308641975%
2024-02-03 20:41:43,074 - INFO - Epoch [289/500], Loss: 0.8362899168648503, Accuracy: 86.41975308641975%
2024-02-03 20:41:43,215 - INFO - Epoch [290/500], Loss: 0.8343324302272364, Accuracy: 86.43480879253237%
2024-02-03 20:41:43,350 - INFO - Epoch [291/500], Loss: 0.8323838504200632, Accuracy: 86.41975308641975%
2024-02-03 20:41:43,367 - INFO - Test Accuracy: 44.61538461538461%, Balanced Test Accuracy: 39.709370194334745%
2024-02-03 20:41:43,500 - INFO - Epoch [292/500], Loss: 0.8304441337558356, Accuracy: 86.4649202047576%
2024-02-03 20:41:43,618 - INFO - Epoch [293/500], Loss: 0.828513176265088, Accuracy: 86.54019873532069%
2024-02-03 20:41:43,737 - INFO - Epoch [294/500], Loss: 0.8265909559347413, Accuracy: 86.60042155977115%
2024-02-03 20:41:43,865 - INFO - Epoch [295/500], Loss: 0.8246773620220748, Accuracy: 86.64558867810901%
2024-02-03 20:41:43,993 - INFO - Epoch [296/500], Loss: 0.8227723515169187, Accuracy: 86.64558867810901%
2024-02-03 20:41:44,117 - INFO - Epoch [297/500], Loss: 0.8208758397535845, Accuracy: 86.63053297199639%
2024-02-03 20:41:44,240 - INFO - Epoch [298/500], Loss: 0.8189878517931158, Accuracy: 86.64558867810901%
2024-02-03 20:41:44,363 - INFO - Epoch [299/500], Loss: 0.8171082264320417, Accuracy: 86.64558867810901%
2024-02-03 20:41:44,485 - INFO - Epoch [300/500], Loss: 0.8152369237081571, Accuracy: 86.66064438422163%
2024-02-03 20:41:44,608 - INFO - Epoch [301/500], Loss: 0.8133739073845473, Accuracy: 86.69075579644685%
2024-02-03 20:41:44,624 - INFO - Test Accuracy: 44.75524475524475%, Balanced Test Accuracy: 39.74923578855755%
2024-02-03 20:41:44,743 - INFO - Epoch [302/500], Loss: 0.811519075862386, Accuracy: 86.72086720867209%
2024-02-03 20:41:44,861 - INFO - Epoch [303/500], Loss: 0.8096724122085355, Accuracy: 86.75097862089731%
2024-02-03 20:41:44,992 - INFO - Epoch [304/500], Loss: 0.8078338585116647, Accuracy: 86.78109003312255%
2024-02-03 20:41:45,135 - INFO - Epoch [305/500], Loss: 0.8060032952238213, Accuracy: 86.81120144534779%
2024-02-03 20:41:45,259 - INFO - Epoch [306/500], Loss: 0.8041807741604068, Accuracy: 86.82625715146041%
2024-02-03 20:41:45,382 - INFO - Epoch [307/500], Loss: 0.8023661090569063, Accuracy: 86.85636856368563%
2024-02-03 20:41:45,505 - INFO - Epoch [308/500], Loss: 0.800559361549941, Accuracy: 86.87142426979825%
2024-02-03 20:41:45,623 - INFO - Epoch [309/500], Loss: 0.798760371452028, Accuracy: 86.94670280036134%
2024-02-03 20:41:45,739 - INFO - Epoch [310/500], Loss: 0.7969691807573492, Accuracy: 86.96175850647396%
2024-02-03 20:41:45,856 - INFO - Epoch [311/500], Loss: 0.7951856536621397, Accuracy: 86.97681421258658%
2024-02-03 20:41:45,871 - INFO - Test Accuracy: 44.89510489510489%, Balanced Test Accuracy: 39.77546267854378%
2024-02-03 20:41:45,995 - INFO - Epoch [312/500], Loss: 0.7934097867797721, Accuracy: 86.97681421258658%
2024-02-03 20:41:46,138 - INFO - Epoch [313/500], Loss: 0.7916415039111268, Accuracy: 86.99186991869918%
2024-02-03 20:41:46,280 - INFO - Epoch [314/500], Loss: 0.7898807268251072, Accuracy: 87.0069256248118%
2024-02-03 20:41:46,410 - INFO - Epoch [315/500], Loss: 0.788127486678687, Accuracy: 87.03703703703704%
2024-02-03 20:41:46,529 - INFO - Epoch [316/500], Loss: 0.7863816270096735, Accuracy: 87.03703703703704%
2024-02-03 20:41:46,650 - INFO - Epoch [317/500], Loss: 0.7846431491727178, Accuracy: 87.03703703703704%
2024-02-03 20:41:46,768 - INFO - Epoch [318/500], Loss: 0.7829120423306118, Accuracy: 87.06714844926228%
2024-02-03 20:41:46,887 - INFO - Epoch [319/500], Loss: 0.7811881947246465, Accuracy: 87.06714844926228%
2024-02-03 20:41:47,027 - INFO - Epoch [320/500], Loss: 0.7794715552167459, Accuracy: 87.11231556760012%
2024-02-03 20:41:47,172 - INFO - Epoch [321/500], Loss: 0.7777621061964468, Accuracy: 87.11231556760012%
2024-02-03 20:41:47,187 - INFO - Test Accuracy: 44.89510489510489%, Balanced Test Accuracy: 39.73675450359496%
2024-02-03 20:41:47,312 - INFO - Epoch [322/500], Loss: 0.7760597572407939, Accuracy: 87.11231556760012%
2024-02-03 20:41:47,431 - INFO - Epoch [323/500], Loss: 0.7743645425547253, Accuracy: 87.11231556760012%
2024-02-03 20:41:47,556 - INFO - Epoch [324/500], Loss: 0.772676361555403, Accuracy: 87.11231556760012%
2024-02-03 20:41:47,680 - INFO - Epoch [325/500], Loss: 0.7709951221265576, Accuracy: 87.15748268593796%
2024-02-03 20:41:47,799 - INFO - Epoch [326/500], Loss: 0.7693208222362128, Accuracy: 87.1875940981632%
2024-02-03 20:41:47,924 - INFO - Epoch [327/500], Loss: 0.767653459852392, Accuracy: 87.23276121650106%
2024-02-03 20:41:48,063 - INFO - Epoch [328/500], Loss: 0.7659929509867321, Accuracy: 87.2779283348389%
2024-02-03 20:41:48,192 - INFO - Epoch [329/500], Loss: 0.764339170334014, Accuracy: 87.2779283348389%
2024-02-03 20:41:48,319 - INFO - Epoch [330/500], Loss: 0.7626922225410288, Accuracy: 87.30803974706414%
2024-02-03 20:41:48,454 - INFO - Epoch [331/500], Loss: 0.7610519023781473, Accuracy: 87.30803974706414%
2024-02-03 20:41:48,470 - INFO - Test Accuracy: 44.96503496503497%, Balanced Test Accuracy: 39.93877470561516%
2024-02-03 20:41:48,594 - INFO - Epoch [332/500], Loss: 0.7594183432784948, Accuracy: 87.30803974706414%
2024-02-03 20:41:48,718 - INFO - Epoch [333/500], Loss: 0.7577913447537206, Accuracy: 87.30803974706414%
2024-02-03 20:41:48,841 - INFO - Epoch [334/500], Loss: 0.7561709538779475, Accuracy: 87.30803974706414%
2024-02-03 20:41:48,957 - INFO - Epoch [335/500], Loss: 0.7545570561831648, Accuracy: 87.32309545317675%
2024-02-03 20:41:49,076 - INFO - Epoch [336/500], Loss: 0.7529496916315772, Accuracy: 87.32309545317675%
2024-02-03 20:41:49,195 - INFO - Epoch [337/500], Loss: 0.7513487921519713, Accuracy: 87.33815115928937%
2024-02-03 20:41:49,310 - INFO - Epoch [338/500], Loss: 0.7497542991556905, Accuracy: 87.33815115928937%
2024-02-03 20:41:49,430 - INFO - Epoch [339/500], Loss: 0.7481661503287879, Accuracy: 87.33815115928937%
2024-02-03 20:41:49,555 - INFO - Epoch [340/500], Loss: 0.7465843294154514, Accuracy: 87.33815115928937%
2024-02-03 20:41:49,679 - INFO - Epoch [341/500], Loss: 0.7450088265944611, Accuracy: 87.35320686540199%
2024-02-03 20:41:49,695 - INFO - Test Accuracy: 44.96503496503497%, Balanced Test Accuracy: 39.93877470561516%
2024-02-03 20:41:49,821 - INFO - Epoch [342/500], Loss: 0.7434395429762927, Accuracy: 87.3682625715146%
2024-02-03 20:41:49,948 - INFO - Epoch [343/500], Loss: 0.7418764497746121, Accuracy: 87.39837398373983%
2024-02-03 20:41:50,069 - INFO - Epoch [344/500], Loss: 0.7403195645998825, Accuracy: 87.41342968985245%
2024-02-03 20:41:50,189 - INFO - Epoch [345/500], Loss: 0.7387687651948496, Accuracy: 87.41342968985245%
2024-02-03 20:41:50,325 - INFO - Epoch [346/500], Loss: 0.7372240701859648, Accuracy: 87.42848539596507%
2024-02-03 20:41:50,440 - INFO - Epoch [347/500], Loss: 0.7356854382563721, Accuracy: 87.45859680819031%
2024-02-03 20:41:50,558 - INFO - Epoch [348/500], Loss: 0.7341527698392217, Accuracy: 87.45859680819031%
2024-02-03 20:41:50,669 - INFO - Epoch [349/500], Loss: 0.7326261827891524, Accuracy: 87.45859680819031%
2024-02-03 20:41:50,781 - INFO - Epoch [350/500], Loss: 0.7311054417355494, Accuracy: 87.45859680819031%
2024-02-03 20:41:50,895 - INFO - Epoch [351/500], Loss: 0.7295906367627057, Accuracy: 87.48870822041553%
2024-02-03 20:41:50,909 - INFO - Test Accuracy: 44.82517482517483%, Balanced Test Accuracy: 39.68172684502977%
2024-02-03 20:41:51,019 - INFO - Epoch [352/500], Loss: 0.7280816459520296, Accuracy: 87.48870822041553%
2024-02-03 20:41:51,129 - INFO - Epoch [353/500], Loss: 0.7265785424546762, Accuracy: 87.50376392652815%
2024-02-03 20:41:51,238 - INFO - Epoch [354/500], Loss: 0.7250812341543761, Accuracy: 87.48870822041553%
2024-02-03 20:41:51,348 - INFO - Epoch [355/500], Loss: 0.7235896611078219, Accuracy: 87.50376392652815%
2024-02-03 20:41:51,460 - INFO - Epoch [356/500], Loss: 0.7221037836914713, Accuracy: 87.50376392652815%
2024-02-03 20:41:51,572 - INFO - Epoch [357/500], Loss: 0.7206236059692773, Accuracy: 87.53387533875339%
2024-02-03 20:41:51,699 - INFO - Epoch [358/500], Loss: 0.7191491259092634, Accuracy: 87.56398675097861%
2024-02-03 20:41:51,818 - INFO - Epoch [359/500], Loss: 0.7176802253181284, Accuracy: 87.59409816320385%
2024-02-03 20:41:51,937 - INFO - Epoch [360/500], Loss: 0.716216903179884, Accuracy: 87.62420957542909%
2024-02-03 20:41:52,087 - INFO - Epoch [361/500], Loss: 0.7147591408680786, Accuracy: 87.62420957542909%
2024-02-03 20:41:52,109 - INFO - Test Accuracy: 44.68531468531469%, Balanced Test Accuracy: 39.62754880097385%
2024-02-03 20:41:52,248 - INFO - Epoch [362/500], Loss: 0.7133068841966715, Accuracy: 87.65432098765432%
2024-02-03 20:41:52,379 - INFO - Epoch [363/500], Loss: 0.7118600684810769, Accuracy: 87.65432098765432%
2024-02-03 20:41:52,525 - INFO - Epoch [364/500], Loss: 0.7104187614538453, Accuracy: 87.68443239987955%
2024-02-03 20:41:52,657 - INFO - Epoch [365/500], Loss: 0.7089828476309776, Accuracy: 87.69948810599217%
2024-02-03 20:41:52,787 - INFO - Epoch [366/500], Loss: 0.7075523534281687, Accuracy: 87.7145438121048%
2024-02-03 20:41:52,919 - INFO - Epoch [367/500], Loss: 0.7061271345750852, Accuracy: 87.7145438121048%
2024-02-03 20:41:53,047 - INFO - Epoch [368/500], Loss: 0.7047072852199728, Accuracy: 87.7295995182174%
2024-02-03 20:41:53,182 - INFO - Epoch [369/500], Loss: 0.7032926841215654, Accuracy: 87.75971093044264%
2024-02-03 20:41:53,316 - INFO - Epoch [370/500], Loss: 0.7018833996897395, Accuracy: 87.75971093044264%
2024-02-03 20:41:53,446 - INFO - Epoch [371/500], Loss: 0.7004792879928242, Accuracy: 87.77476663655526%
2024-02-03 20:41:53,463 - INFO - Test Accuracy: 44.68531468531469%, Balanced Test Accuracy: 39.66858640437781%
2024-02-03 20:41:53,605 - INFO - Epoch [372/500], Loss: 0.6990803839130835, Accuracy: 87.77476663655526%
2024-02-03 20:41:53,730 - INFO - Epoch [373/500], Loss: 0.6976866251365705, Accuracy: 87.78982234266788%
2024-02-03 20:41:53,864 - INFO - Epoch [374/500], Loss: 0.6962980580600825, Accuracy: 87.8048780487805%
2024-02-03 20:41:53,983 - INFO - Epoch [375/500], Loss: 0.6949145394292745, Accuracy: 87.83498946100572%
2024-02-03 20:41:54,100 - INFO - Epoch [376/500], Loss: 0.6935361244461753, Accuracy: 87.86510087323096%
2024-02-03 20:41:54,222 - INFO - Epoch [377/500], Loss: 0.692162735895677, Accuracy: 87.89521228545618%
2024-02-03 20:41:54,341 - INFO - Epoch [378/500], Loss: 0.6907943751324307, Accuracy: 87.89521228545618%
2024-02-03 20:41:54,461 - INFO - Epoch [379/500], Loss: 0.6894309480081905, Accuracy: 87.92532369768142%
2024-02-03 20:41:54,584 - INFO - Epoch [380/500], Loss: 0.6880725212395191, Accuracy: 87.94037940379404%
2024-02-03 20:41:54,708 - INFO - Epoch [381/500], Loss: 0.6867190162566575, Accuracy: 87.98554652213188%
2024-02-03 20:41:54,724 - INFO - Test Accuracy: 44.61538461538461%, Balanced Test Accuracy: 39.64446627672015%
2024-02-03 20:41:54,853 - INFO - Epoch [382/500], Loss: 0.6853704276410016, Accuracy: 87.98554652213188%
2024-02-03 20:41:54,979 - INFO - Epoch [383/500], Loss: 0.6840266886759888, Accuracy: 88.0006022282445%
2024-02-03 20:41:55,099 - INFO - Epoch [384/500], Loss: 0.6826878383078359, Accuracy: 88.01565793435712%
2024-02-03 20:41:55,215 - INFO - Epoch [385/500], Loss: 0.6813537309115584, Accuracy: 88.01565793435712%
2024-02-03 20:41:55,332 - INFO - Epoch [386/500], Loss: 0.6800244362516836, Accuracy: 88.04576934658236%
2024-02-03 20:41:55,457 - INFO - Epoch [387/500], Loss: 0.6786999174139716, Accuracy: 88.03071364046974%
2024-02-03 20:41:55,574 - INFO - Epoch [388/500], Loss: 0.6773801415481351, Accuracy: 88.04576934658236%
2024-02-03 20:41:55,689 - INFO - Epoch [389/500], Loss: 0.6760650470175527, Accuracy: 88.04576934658236%
2024-02-03 20:41:55,809 - INFO - Epoch [390/500], Loss: 0.6747546019879255, Accuracy: 88.06082505269497%
2024-02-03 20:41:55,959 - INFO - Epoch [391/500], Loss: 0.6734488992528482, Accuracy: 88.10599217103282%
2024-02-03 20:41:55,975 - INFO - Test Accuracy: 44.54545454545455%, Balanced Test Accuracy: 39.66392171427769%
2024-02-03 20:41:56,091 - INFO - Epoch [392/500], Loss: 0.6721477837047793, Accuracy: 88.10599217103282%
2024-02-03 20:41:56,205 - INFO - Epoch [393/500], Loss: 0.6708512235094201, Accuracy: 88.12104787714544%
2024-02-03 20:41:56,318 - INFO - Epoch [394/500], Loss: 0.6695592789487406, Accuracy: 88.13610358325805%
2024-02-03 20:41:56,434 - INFO - Epoch [395/500], Loss: 0.668271922252395, Accuracy: 88.15115928937067%
2024-02-03 20:41:56,548 - INFO - Epoch [396/500], Loss: 0.666989035227082, Accuracy: 88.16621499548329%
2024-02-03 20:41:56,662 - INFO - Epoch [397/500], Loss: 0.665710664269599, Accuracy: 88.21138211382114%
2024-02-03 20:41:56,774 - INFO - Epoch [398/500], Loss: 0.6644367673857645, Accuracy: 88.25654923215899%
2024-02-03 20:41:56,887 - INFO - Epoch [399/500], Loss: 0.6631673093546521, Accuracy: 88.33182776272207%
2024-02-03 20:41:57,001 - INFO - Epoch [400/500], Loss: 0.6619022888216105, Accuracy: 88.34688346883469%
2024-02-03 20:41:57,118 - INFO - Epoch [401/500], Loss: 0.6606416424567049, Accuracy: 88.36193917494731%
2024-02-03 20:41:57,133 - INFO - Test Accuracy: 44.47552447552447%, Balanced Test Accuracy: 39.609809160165135%
2024-02-03 20:41:57,247 - INFO - Epoch [402/500], Loss: 0.6593854068355127, Accuracy: 88.37699488105991%
2024-02-03 20:41:57,357 - INFO - Epoch [403/500], Loss: 0.6581335138868202, Accuracy: 88.37699488105991%
2024-02-03 20:41:57,471 - INFO - Epoch [404/500], Loss: 0.6568859578533606, Accuracy: 88.39205058717253%
2024-02-03 20:41:57,586 - INFO - Epoch [405/500], Loss: 0.6556427140127529, Accuracy: 88.39205058717253%
2024-02-03 20:41:57,698 - INFO - Epoch [406/500], Loss: 0.6544037132777951, Accuracy: 88.40710629328515%
2024-02-03 20:41:57,813 - INFO - Epoch [407/500], Loss: 0.6531690237197009, Accuracy: 88.42216199939777%
2024-02-03 20:41:57,944 - INFO - Epoch [408/500], Loss: 0.6519385667687113, Accuracy: 88.43721770551039%
2024-02-03 20:41:58,078 - INFO - Epoch [409/500], Loss: 0.6507122814655304, Accuracy: 88.43721770551039%
2024-02-03 20:41:58,226 - INFO - Epoch [410/500], Loss: 0.6494901827113195, Accuracy: 88.43721770551039%
2024-02-03 20:41:58,354 - INFO - Epoch [411/500], Loss: 0.6482722677967765, Accuracy: 88.43721770551039%
2024-02-03 20:41:58,371 - INFO - Test Accuracy: 44.61538461538461%, Balanced Test Accuracy: 39.64793169828768%
2024-02-03 20:41:58,534 - INFO - Epoch [412/500], Loss: 0.6470584933730689, Accuracy: 88.45227341162301%
2024-02-03 20:41:58,663 - INFO - Epoch [413/500], Loss: 0.645848868584091, Accuracy: 88.45227341162301%
2024-02-03 20:41:58,798 - INFO - Epoch [414/500], Loss: 0.6446432935243304, Accuracy: 88.46732911773562%
2024-02-03 20:41:58,946 - INFO - Epoch [415/500], Loss: 0.6434418481181968, Accuracy: 88.48238482384824%
2024-02-03 20:41:59,076 - INFO - Epoch [416/500], Loss: 0.6422444006258791, Accuracy: 88.51249623607347%
2024-02-03 20:41:59,214 - INFO - Epoch [417/500], Loss: 0.6410510150546377, Accuracy: 88.51249623607347%
2024-02-03 20:41:59,375 - INFO - Epoch [418/500], Loss: 0.6398616856472059, Accuracy: 88.51249623607347%
2024-02-03 20:41:59,507 - INFO - Epoch [419/500], Loss: 0.6386763057248159, Accuracy: 88.5275519421861%
2024-02-03 20:41:59,638 - INFO - Epoch [420/500], Loss: 0.637494895607233, Accuracy: 88.55766335441132%
2024-02-03 20:41:59,776 - INFO - Epoch [421/500], Loss: 0.6363174366680059, Accuracy: 88.57271906052394%
2024-02-03 20:41:59,795 - INFO - Test Accuracy: 44.75524475524475%, Balanced Test Accuracy: 39.812972772419656%
2024-02-03 20:41:59,932 - INFO - Epoch [422/500], Loss: 0.635143868625164, Accuracy: 88.58777476663656%
2024-02-03 20:42:00,070 - INFO - Epoch [423/500], Loss: 0.6339742575179447, Accuracy: 88.60283047274918%
2024-02-03 20:42:00,201 - INFO - Epoch [424/500], Loss: 0.6328085322271694, Accuracy: 88.60283047274918%
2024-02-03 20:42:00,333 - INFO - Epoch [425/500], Loss: 0.6316466785290025, Accuracy: 88.60283047274918%
2024-02-03 20:42:00,467 - INFO - Epoch [426/500], Loss: 0.6304886608638547, Accuracy: 88.6329418849744%
2024-02-03 20:42:00,599 - INFO - Epoch [427/500], Loss: 0.6293344216590578, Accuracy: 88.66305329719964%
2024-02-03 20:42:00,735 - INFO - Epoch [428/500], Loss: 0.6281840828332034, Accuracy: 88.64799759108702%
2024-02-03 20:42:00,883 - INFO - Epoch [429/500], Loss: 0.6270375089211897, Accuracy: 88.66305329719964%
2024-02-03 20:42:01,017 - INFO - Epoch [430/500], Loss: 0.6258946498009291, Accuracy: 88.69316470942488%
2024-02-03 20:42:01,145 - INFO - Epoch [431/500], Loss: 0.6247555539011955, Accuracy: 88.7232761216501%
2024-02-03 20:42:01,164 - INFO - Test Accuracy: 44.75524475524475%, Balanced Test Accuracy: 39.79365275309964%
2024-02-03 20:42:01,301 - INFO - Epoch [432/500], Loss: 0.6236201927743175, Accuracy: 88.76844323998796%
2024-02-03 20:42:01,443 - INFO - Epoch [433/500], Loss: 0.6224885383112864, Accuracy: 88.8136103583258%
2024-02-03 20:42:01,603 - INFO - Epoch [434/500], Loss: 0.6213605793362315, Accuracy: 88.8136103583258%
2024-02-03 20:42:01,733 - INFO - Epoch [435/500], Loss: 0.6202363131398504, Accuracy: 88.82866606443842%
2024-02-03 20:42:01,862 - INFO - Epoch [436/500], Loss: 0.6191156658936631, Accuracy: 88.84372177055104%
2024-02-03 20:42:01,989 - INFO - Epoch [437/500], Loss: 0.6179986423389479, Accuracy: 88.84372177055104%
2024-02-03 20:42:02,117 - INFO - Epoch [438/500], Loss: 0.6168852204626257, Accuracy: 88.84372177055104%
2024-02-03 20:42:02,251 - INFO - Epoch [439/500], Loss: 0.6157754334536466, Accuracy: 88.85877747666366%
2024-02-03 20:42:02,385 - INFO - Epoch [440/500], Loss: 0.6146691996942867, Accuracy: 88.88888888888889%
2024-02-03 20:42:02,519 - INFO - Epoch [441/500], Loss: 0.6135665340857073, Accuracy: 88.88888888888889%
2024-02-03 20:42:02,536 - INFO - Test Accuracy: 44.82517482517483%, Balanced Test Accuracy: 39.82341425827098%
2024-02-03 20:42:02,680 - INFO - Epoch [442/500], Loss: 0.6124674508517439, Accuracy: 88.91900030111412%
2024-02-03 20:42:02,821 - INFO - Epoch [443/500], Loss: 0.6113718155432831, Accuracy: 88.91900030111412%
2024-02-03 20:42:02,956 - INFO - Epoch [444/500], Loss: 0.6102797554975207, Accuracy: 88.93405600722674%
2024-02-03 20:42:03,102 - INFO - Epoch [445/500], Loss: 0.609191127798774, Accuracy: 88.94911171333935%
2024-02-03 20:42:03,234 - INFO - Epoch [446/500], Loss: 0.608105968683958, Accuracy: 88.94911171333935%
2024-02-03 20:42:03,374 - INFO - Epoch [447/500], Loss: 0.607024281878363, Accuracy: 88.94911171333935%
2024-02-03 20:42:03,517 - INFO - Epoch [448/500], Loss: 0.6059460311450742, Accuracy: 88.97922312556459%
2024-02-03 20:42:03,649 - INFO - Epoch [449/500], Loss: 0.6048712127588012, Accuracy: 88.9942788316772%
2024-02-03 20:42:03,784 - INFO - Epoch [450/500], Loss: 0.603799795223908, Accuracy: 89.00933453778983%
2024-02-03 20:42:03,912 - INFO - Epoch [451/500], Loss: 0.6027316877787764, Accuracy: 89.02439024390245%
2024-02-03 20:42:03,929 - INFO - Test Accuracy: 44.89510489510489%, Balanced Test Accuracy: 39.83125884801347%
2024-02-03 20:42:04,057 - INFO - Epoch [452/500], Loss: 0.6016670279204845, Accuracy: 89.06955736224029%
2024-02-03 20:42:04,190 - INFO - Epoch [453/500], Loss: 0.600605702705004, Accuracy: 89.06955736224029%
2024-02-03 20:42:04,312 - INFO - Epoch [454/500], Loss: 0.5995476880872791, Accuracy: 89.08461306835291%
2024-02-03 20:42:04,437 - INFO - Epoch [455/500], Loss: 0.5984929899939082, Accuracy: 89.09966877446553%
2024-02-03 20:42:04,569 - INFO - Epoch [456/500], Loss: 0.5974415789612315, Accuracy: 89.09966877446553%
2024-02-03 20:42:04,703 - INFO - Epoch [457/500], Loss: 0.596393468027765, Accuracy: 89.11472448057813%
2024-02-03 20:42:04,838 - INFO - Epoch [458/500], Loss: 0.5953486409376968, Accuracy: 89.11472448057813%
2024-02-03 20:42:04,971 - INFO - Epoch [459/500], Loss: 0.5943070204759185, Accuracy: 89.12978018669075%
2024-02-03 20:42:05,103 - INFO - Epoch [460/500], Loss: 0.5932686967267231, Accuracy: 89.12978018669075%
2024-02-03 20:42:05,232 - INFO - Epoch [461/500], Loss: 0.5922335211864926, Accuracy: 89.12978018669075%
2024-02-03 20:42:05,250 - INFO - Test Accuracy: 44.75524475524475%, Balanced Test Accuracy: 39.31538583214045%
2024-02-03 20:42:05,380 - INFO - Epoch [462/500], Loss: 0.5912015598944642, Accuracy: 89.14483589280337%
2024-02-03 20:42:05,504 - INFO - Epoch [463/500], Loss: 0.5901728350330483, Accuracy: 89.14483589280337%
2024-02-03 20:42:05,623 - INFO - Epoch [464/500], Loss: 0.5891472382301634, Accuracy: 89.17494730502861%
2024-02-03 20:42:05,742 - INFO - Epoch [465/500], Loss: 0.5881247999654575, Accuracy: 89.20505871725383%
2024-02-03 20:42:05,869 - INFO - Epoch [466/500], Loss: 0.5871055017818104, Accuracy: 89.23517012947907%
2024-02-03 20:42:06,000 - INFO - Epoch [467/500], Loss: 0.586089335043322, Accuracy: 89.23517012947907%
2024-02-03 20:42:06,155 - INFO - Epoch [468/500], Loss: 0.5850763053379275, Accuracy: 89.23517012947907%
2024-02-03 20:42:06,311 - INFO - Epoch [469/500], Loss: 0.5840663557702844, Accuracy: 89.23517012947907%
2024-02-03 20:42:06,463 - INFO - Epoch [470/500], Loss: 0.5830595029348676, Accuracy: 89.26528154170431%
2024-02-03 20:42:06,618 - INFO - Epoch [471/500], Loss: 0.5820556586100296, Accuracy: 89.26528154170431%
2024-02-03 20:42:06,638 - INFO - Test Accuracy: 44.82517482517483%, Balanced Test Accuracy: 39.3620058787605%
2024-02-03 20:42:06,829 - INFO - Epoch [472/500], Loss: 0.5810548719018698, Accuracy: 89.29539295392954%
2024-02-03 20:42:07,015 - INFO - Epoch [473/500], Loss: 0.5800571636381474, Accuracy: 89.3405600722674%
2024-02-03 20:42:07,181 - INFO - Epoch [474/500], Loss: 0.5790624731982296, Accuracy: 89.3405600722674%
2024-02-03 20:42:07,351 - INFO - Epoch [475/500], Loss: 0.5780707572332837, Accuracy: 89.37067148449262%
2024-02-03 20:42:07,520 - INFO - Epoch [476/500], Loss: 0.5770820252258669, Accuracy: 89.40078289671786%
2024-02-03 20:42:07,662 - INFO - Epoch [477/500], Loss: 0.5760962910611521, Accuracy: 89.41583860283048%
2024-02-03 20:42:07,823 - INFO - Epoch [478/500], Loss: 0.5751135117289695, Accuracy: 89.41583860283048%
2024-02-03 20:42:07,983 - INFO - Epoch [479/500], Loss: 0.5741336670788851, Accuracy: 89.46100572116832%
2024-02-03 20:42:08,136 - INFO - Epoch [480/500], Loss: 0.5731568209488284, Accuracy: 89.47606142728094%
2024-02-03 20:42:08,298 - INFO - Epoch [481/500], Loss: 0.5721828163686123, Accuracy: 89.49111713339356%
2024-02-03 20:42:08,317 - INFO - Test Accuracy: 44.82517482517483%, Balanced Test Accuracy: 39.3620058787605%
2024-02-03 20:42:08,484 - INFO - Epoch [482/500], Loss: 0.5712117315693335, Accuracy: 89.50617283950618%
2024-02-03 20:42:08,642 - INFO - Epoch [483/500], Loss: 0.5702435909347101, Accuracy: 89.52122854561878%
2024-02-03 20:42:08,833 - INFO - Epoch [484/500], Loss: 0.5692782881246372, Accuracy: 89.5362842517314%
2024-02-03 20:42:08,966 - INFO - Epoch [485/500], Loss: 0.568315897306258, Accuracy: 89.58145137006926%
2024-02-03 20:42:09,093 - INFO - Epoch [486/500], Loss: 0.56735630502755, Accuracy: 89.58145137006926%
2024-02-03 20:42:09,216 - INFO - Epoch [487/500], Loss: 0.5663996037434448, Accuracy: 89.61156278229448%
2024-02-03 20:42:09,347 - INFO - Epoch [488/500], Loss: 0.565445676445961, Accuracy: 89.64167419451972%
2024-02-03 20:42:09,482 - INFO - Epoch [489/500], Loss: 0.5644945485348051, Accuracy: 89.65672990063234%
2024-02-03 20:42:09,615 - INFO - Epoch [490/500], Loss: 0.5635462542149153, Accuracy: 89.65672990063234%
2024-02-03 20:42:09,747 - INFO - Epoch [491/500], Loss: 0.5626007345589724, Accuracy: 89.67178560674496%
2024-02-03 20:42:09,763 - INFO - Test Accuracy: 44.82517482517483%, Balanced Test Accuracy: 39.36446735663181%
2024-02-03 20:42:09,897 - INFO - Epoch [492/500], Loss: 0.5616579939695922, Accuracy: 89.67178560674496%
2024-02-03 20:42:10,029 - INFO - Epoch [493/500], Loss: 0.5607180221175606, Accuracy: 89.70189701897019%
2024-02-03 20:42:10,155 - INFO - Epoch [494/500], Loss: 0.5597807409411127, Accuracy: 89.70189701897019%
2024-02-03 20:42:10,283 - INFO - Epoch [495/500], Loss: 0.5588462616909634, Accuracy: 89.7169527250828%
2024-02-03 20:42:10,404 - INFO - Epoch [496/500], Loss: 0.5579144937748258, Accuracy: 89.74706413730804%
2024-02-03 20:42:10,526 - INFO - Epoch [497/500], Loss: 0.5569853923198852, Accuracy: 89.73200843119542%
2024-02-03 20:42:10,645 - INFO - Epoch [498/500], Loss: 0.5560590353879061, Accuracy: 89.73200843119542%
2024-02-03 20:42:10,763 - INFO - Epoch [499/500], Loss: 0.5551353007216345, Accuracy: 89.76211984342066%
2024-02-03 20:42:10,897 - INFO - Epoch [500/500], Loss: 0.554214274849404, Accuracy: 89.74706413730804%
2024-02-03 20:42:10,934 - INFO - Test Accuracy: 33.84338433843384%, Balanced Test Accuracy: 35.20540452825416%
2024-02-03 20:42:10,970 - INFO - Final unblanced test accuracy: 33.84338433843384% and final balanced test accuracy 35.20540452825416
