2024-02-03 20:23:10,245 - INFO - Configuration:
{
    "task": "5",
    "topic": "0_classifier",
    "train_classifier": true,
    "number_gpus": "1",
    "modalities": [
        "ir"
    ],
    "encoder_model": "MAE",
    "mask_ratio": 0.8,
    "dataset": "DAA",
    "split": "0",
    "num_classes": 34,
    "epochs": 500,
    "res_cktp": false,
    "cktp_dir": "/home/bas06400/Thesis/VIP/src/align_checkpoints/mae_checkpoints/",
    "trained_encoder": "checkpoint_ir_0_20240126_000105.pth",
    "learning_rate": 0.001,
    "temperature": 0.1,
    "num_workers": 10,
    "batch_size": 64,
    "data_root": "/net/polaris/storage/deeplearning/ntu",
    "random_sample": false,
    "pin_memory": true,
    "scheduler_config": {
        "type": "plateau",
        "params": {
            "mode": "min",
            "factor": 0.1,
            "patience": 5
        }
    }
}
2024-02-03 20:23:10,286 - INFO - Training MAE for ir...
2024-02-03 20:23:10,332 - INFO - Evaluing on the following GPUs [3]
2024-02-03 20:23:15,733 - INFO - Starting feature extraction...
2024-02-03 20:30:09,458 - INFO - Applying balanced loss
2024-02-03 20:30:09,723 - INFO - Epoch [1/500], Loss: 7.574641850861636, Accuracy: 25.248419150858176%
2024-02-03 20:30:09,756 - INFO - Test Accuracy: 28.74125874125874%, Balanced Test Accuracy: 19.39686562323251%
2024-02-03 20:30:09,900 - INFO - Epoch [2/500], Loss: 6.24456297267567, Accuracy: 43.46582354712436%
2024-02-03 20:30:10,035 - INFO - Epoch [3/500], Loss: 5.637399906461889, Accuracy: 48.49442938873833%
2024-02-03 20:30:10,171 - INFO - Epoch [4/500], Loss: 5.246389871293848, Accuracy: 51.3550135501355%
2024-02-03 20:30:10,322 - INFO - Epoch [5/500], Loss: 4.95873052965511, Accuracy: 53.2520325203252%
2024-02-03 20:30:10,462 - INFO - Epoch [6/500], Loss: 4.731013858860189, Accuracy: 54.637157482685936%
2024-02-03 20:30:10,607 - INFO - Epoch [7/500], Loss: 4.542311107570475, Accuracy: 56.21800662451069%
2024-02-03 20:30:10,739 - INFO - Epoch [8/500], Loss: 4.381013761867177, Accuracy: 57.43751881963264%
2024-02-03 20:30:10,873 - INFO - Epoch [9/500], Loss: 4.2400449433109975, Accuracy: 58.77747666365553%
2024-02-03 20:30:11,008 - INFO - Epoch [10/500], Loss: 4.1147828725251285, Accuracy: 59.77115326708822%
2024-02-03 20:30:11,139 - INFO - Epoch [11/500], Loss: 4.002045284618031, Accuracy: 60.74977416440831%
2024-02-03 20:30:11,155 - INFO - Test Accuracy: 41.88811188811189%, Balanced Test Accuracy: 37.471563538732596%
2024-02-03 20:30:11,293 - INFO - Epoch [12/500], Loss: 3.8995471596717834, Accuracy: 61.502559470039145%
2024-02-03 20:30:11,432 - INFO - Epoch [13/500], Loss: 3.805589247833599, Accuracy: 62.360734718458296%
2024-02-03 20:30:11,562 - INFO - Epoch [14/500], Loss: 3.7188722572543402, Accuracy: 63.24902137910268%
2024-02-03 20:30:11,699 - INFO - Epoch [15/500], Loss: 3.6383773657408627, Accuracy: 63.941583860283046%
2024-02-03 20:30:11,839 - INFO - Epoch [16/500], Loss: 3.5632908181710676, Accuracy: 64.42336645588678%
2024-02-03 20:30:11,981 - INFO - Epoch [17/500], Loss: 3.492950451644984, Accuracy: 64.87503763926529%
2024-02-03 20:30:12,126 - INFO - Epoch [18/500], Loss: 3.426810137250207, Accuracy: 65.38693164709424%
2024-02-03 20:30:12,265 - INFO - Epoch [19/500], Loss: 3.3644139726053583, Accuracy: 65.68804576934659%
2024-02-03 20:30:12,392 - INFO - Epoch [20/500], Loss: 3.305376476862214, Accuracy: 66.23005118940078%
2024-02-03 20:30:12,517 - INFO - Epoch [21/500], Loss: 3.2493693191896784, Accuracy: 66.59138813610359%
2024-02-03 20:30:12,534 - INFO - Test Accuracy: 39.44055944055944%, Balanced Test Accuracy: 38.91968490169296%
2024-02-03 20:30:12,656 - INFO - Epoch [22/500], Loss: 3.196109805594791, Accuracy: 67.01294790725684%
2024-02-03 20:30:12,783 - INFO - Epoch [23/500], Loss: 3.1453531709584324, Accuracy: 67.2387834989461%
2024-02-03 20:30:12,914 - INFO - Epoch [24/500], Loss: 3.0968857272104784, Accuracy: 67.5097862089732%
2024-02-03 20:30:13,038 - INFO - Epoch [25/500], Loss: 3.0505198389291763, Accuracy: 67.88617886178862%
2024-02-03 20:30:13,162 - INFO - Epoch [26/500], Loss: 3.006090275265954, Accuracy: 68.2324601023788%
2024-02-03 20:30:13,287 - INFO - Epoch [27/500], Loss: 2.9634501202539965, Accuracy: 68.44323998795544%
2024-02-03 20:30:13,407 - INFO - Epoch [28/500], Loss: 2.9224688058549706, Accuracy: 68.75940981632039%
2024-02-03 20:30:13,535 - INFO - Epoch [29/500], Loss: 2.883029454133727, Accuracy: 69.01535682023487%
2024-02-03 20:30:13,654 - INFO - Epoch [30/500], Loss: 2.8450269116596743, Accuracy: 69.30141523637458%
2024-02-03 20:30:13,778 - INFO - Epoch [31/500], Loss: 2.8083667822859506, Accuracy: 69.67780788919%
2024-02-03 20:30:13,797 - INFO - Test Accuracy: 38.6013986013986%, Balanced Test Accuracy: 38.71283247679192%
2024-02-03 20:30:13,946 - INFO - Epoch [32/500], Loss: 2.7729631526903673, Accuracy: 69.87353206865401%
2024-02-03 20:30:14,071 - INFO - Epoch [33/500], Loss: 2.738738547671925, Accuracy: 70.2198133092442%
2024-02-03 20:30:14,194 - INFO - Epoch [34/500], Loss: 2.705622285604477, Accuracy: 70.55103884372177%
2024-02-03 20:30:14,328 - INFO - Epoch [35/500], Loss: 2.6735496412624014, Accuracy: 70.80698584763626%
2024-02-03 20:30:14,459 - INFO - Epoch [36/500], Loss: 2.6424618431112985, Accuracy: 70.9424872026498%
2024-02-03 20:30:14,586 - INFO - Epoch [37/500], Loss: 2.612304446372119, Accuracy: 71.2134899126769%
2024-02-03 20:30:14,719 - INFO - Epoch [38/500], Loss: 2.5830279263583096, Accuracy: 71.43932550436615%
2024-02-03 20:30:14,845 - INFO - Epoch [39/500], Loss: 2.554586237127131, Accuracy: 71.54471544715447%
2024-02-03 20:30:15,001 - INFO - Epoch [40/500], Loss: 2.5269371501424094, Accuracy: 71.68021680216802%
2024-02-03 20:30:15,136 - INFO - Epoch [41/500], Loss: 2.5000414198095147, Accuracy: 71.81571815718158%
2024-02-03 20:30:15,151 - INFO - Test Accuracy: 38.95104895104895%, Balanced Test Accuracy: 39.31907634847761%
2024-02-03 20:30:15,276 - INFO - Epoch [42/500], Loss: 2.4738626791672274, Accuracy: 71.98133092442036%
2024-02-03 20:30:15,415 - INFO - Epoch [43/500], Loss: 2.4483672813935713, Accuracy: 72.25233363444745%
2024-02-03 20:30:15,541 - INFO - Epoch [44/500], Loss: 2.423523864962838, Accuracy: 72.34266787112315%
2024-02-03 20:30:15,663 - INFO - Epoch [45/500], Loss: 2.399303162639791, Accuracy: 72.50828063836194%
2024-02-03 20:30:15,794 - INFO - Epoch [46/500], Loss: 2.3756776722994717, Accuracy: 72.73411623005119%
2024-02-03 20:30:15,914 - INFO - Epoch [47/500], Loss: 2.352622159502723, Accuracy: 72.89972899728997%
2024-02-03 20:30:16,044 - INFO - Epoch [48/500], Loss: 2.3301125317811966, Accuracy: 73.14062029509184%
2024-02-03 20:30:16,181 - INFO - Epoch [49/500], Loss: 2.308126350695437, Accuracy: 73.33634447455586%
2024-02-03 20:30:16,299 - INFO - Epoch [50/500], Loss: 2.28664253923026, Accuracy: 73.63745859680819%
2024-02-03 20:30:16,417 - INFO - Epoch [51/500], Loss: 2.26564114744013, Accuracy: 73.74284853959651%
2024-02-03 20:30:16,432 - INFO - Test Accuracy: 39.44055944055944%, Balanced Test Accuracy: 39.90395763240136%
2024-02-03 20:30:16,550 - INFO - Epoch [52/500], Loss: 2.245103632861918, Accuracy: 73.92351701294791%
2024-02-03 20:30:16,676 - INFO - Epoch [53/500], Loss: 2.225012254985896, Accuracy: 74.04396266184884%
2024-02-03 20:30:16,803 - INFO - Epoch [54/500], Loss: 2.205350309610367, Accuracy: 74.14935260463716%
2024-02-03 20:30:16,926 - INFO - Epoch [55/500], Loss: 2.186101952737028, Accuracy: 74.23968684131286%
2024-02-03 20:30:17,048 - INFO - Epoch [56/500], Loss: 2.167252415960485, Accuracy: 74.36013249021379%
2024-02-03 20:30:17,163 - INFO - Epoch [57/500], Loss: 2.148787255991589, Accuracy: 74.52574525745257%
2024-02-03 20:30:17,282 - INFO - Epoch [58/500], Loss: 2.130693194541064, Accuracy: 74.73652514302921%
2024-02-03 20:30:17,403 - INFO - Epoch [59/500], Loss: 2.1129574233835395, Accuracy: 74.91719361638062%
2024-02-03 20:30:17,543 - INFO - Epoch [60/500], Loss: 2.095567750659856, Accuracy: 75.06775067750678%
2024-02-03 20:30:17,664 - INFO - Epoch [61/500], Loss: 2.078512480313128, Accuracy: 75.20325203252033%
2024-02-03 20:30:17,679 - INFO - Test Accuracy: 38.6013986013986%, Balanced Test Accuracy: 39.806303591668375%
2024-02-03 20:30:17,819 - INFO - Epoch [62/500], Loss: 2.061780735850334, Accuracy: 75.35380909364649%
2024-02-03 20:30:17,954 - INFO - Epoch [63/500], Loss: 2.0453618372028526, Accuracy: 75.54953327311051%
2024-02-03 20:30:18,071 - INFO - Epoch [64/500], Loss: 2.029245814139193, Accuracy: 75.68503462812406%
2024-02-03 20:30:18,206 - INFO - Epoch [65/500], Loss: 2.0134229240092365, Accuracy: 75.83559168925022%
2024-02-03 20:30:18,337 - INFO - Epoch [66/500], Loss: 1.9978842247616162, Accuracy: 75.97109304426378%
2024-02-03 20:30:18,479 - INFO - Epoch [67/500], Loss: 1.98262067545544, Accuracy: 76.07648298705209%
2024-02-03 20:30:18,603 - INFO - Epoch [68/500], Loss: 1.967624154957858, Accuracy: 76.19692863595303%
2024-02-03 20:30:18,732 - INFO - Epoch [69/500], Loss: 1.9528864134441724, Accuracy: 76.28726287262873%
2024-02-03 20:30:18,866 - INFO - Epoch [70/500], Loss: 1.9383998702872882, Accuracy: 76.36254140319181%
2024-02-03 20:30:18,995 - INFO - Epoch [71/500], Loss: 1.9241570830345154, Accuracy: 76.5281541704306%
2024-02-03 20:30:19,013 - INFO - Test Accuracy: 38.95104895104895%, Balanced Test Accuracy: 40.758687141637594%
2024-02-03 20:30:19,155 - INFO - Epoch [72/500], Loss: 1.9101509546691722, Accuracy: 76.60343270099368%
2024-02-03 20:30:19,307 - INFO - Epoch [73/500], Loss: 1.8963749340989373, Accuracy: 76.69376693766938%
2024-02-03 20:30:19,468 - INFO - Epoch [74/500], Loss: 1.882822143083269, Accuracy: 76.84432399879555%
2024-02-03 20:30:19,608 - INFO - Epoch [75/500], Loss: 1.8694866509600119, Accuracy: 76.94971394158387%
2024-02-03 20:30:19,738 - INFO - Epoch [76/500], Loss: 1.856362416662953, Accuracy: 77.07015959048479%
2024-02-03 20:30:19,866 - INFO - Epoch [77/500], Loss: 1.8434435975822536, Accuracy: 77.20566094549834%
2024-02-03 20:30:19,992 - INFO - Epoch [78/500], Loss: 1.830724609169093, Accuracy: 77.2508280638362%
2024-02-03 20:30:20,115 - INFO - Epoch [79/500], Loss: 1.818200409412384, Accuracy: 77.40138512496236%
2024-02-03 20:30:20,243 - INFO - Epoch [80/500], Loss: 1.8058656562458386, Accuracy: 77.50677506775068%
2024-02-03 20:30:20,369 - INFO - Epoch [81/500], Loss: 1.7937154112891718, Accuracy: 77.58205359831376%
2024-02-03 20:30:20,386 - INFO - Test Accuracy: 39.23076923076923%, Balanced Test Accuracy: 40.86742808701819%
2024-02-03 20:30:20,523 - INFO - Epoch [82/500], Loss: 1.7817451906475155, Accuracy: 77.76272207166517%
2024-02-03 20:30:20,654 - INFO - Epoch [83/500], Loss: 1.7699501290917397, Accuracy: 77.91327913279133%
2024-02-03 20:30:20,785 - INFO - Epoch [84/500], Loss: 1.7583261518315836, Accuracy: 77.9735019572418%
2024-02-03 20:30:20,910 - INFO - Epoch [85/500], Loss: 1.746868837963451, Accuracy: 78.03372478169226%
2024-02-03 20:30:21,034 - INFO - Epoch [86/500], Loss: 1.735574135048823, Accuracy: 78.0638361939175%
2024-02-03 20:30:21,178 - INFO - Epoch [87/500], Loss: 1.7244381843642755, Accuracy: 78.1541704305932%
2024-02-03 20:30:21,309 - INFO - Epoch [88/500], Loss: 1.713457204401493, Accuracy: 78.30472749171936%
2024-02-03 20:30:21,437 - INFO - Epoch [89/500], Loss: 1.702627612108534, Accuracy: 78.47034025895815%
2024-02-03 20:30:21,569 - INFO - Epoch [90/500], Loss: 1.6919457824392752, Accuracy: 78.54561878952123%
2024-02-03 20:30:21,704 - INFO - Epoch [91/500], Loss: 1.6814083138650113, Accuracy: 78.63595302619693%
2024-02-03 20:30:21,722 - INFO - Test Accuracy: 39.3006993006993%, Balanced Test Accuracy: 41.45545541948648%
2024-02-03 20:30:21,847 - INFO - Epoch [92/500], Loss: 1.671012020246549, Accuracy: 78.69617585064739%
2024-02-03 20:30:21,972 - INFO - Epoch [93/500], Loss: 1.6607536551627247, Accuracy: 78.81662149954833%
2024-02-03 20:30:22,096 - INFO - Epoch [94/500], Loss: 1.650630276988853, Accuracy: 78.90695573622403%
2024-02-03 20:30:22,220 - INFO - Epoch [95/500], Loss: 1.640638749707829, Accuracy: 79.02740138512496%
2024-02-03 20:30:22,346 - INFO - Epoch [96/500], Loss: 1.6307763775641269, Accuracy: 79.04245709123758%
2024-02-03 20:30:22,470 - INFO - Epoch [97/500], Loss: 1.6210402318022468, Accuracy: 79.11773562180066%
2024-02-03 20:30:22,597 - INFO - Epoch [98/500], Loss: 1.611427697945725, Accuracy: 79.1629027401385%
2024-02-03 20:30:22,726 - INFO - Epoch [99/500], Loss: 1.6019362326372752, Accuracy: 79.2381812707016%
2024-02-03 20:30:22,848 - INFO - Epoch [100/500], Loss: 1.5925633243539117, Accuracy: 79.31345980126468%
2024-02-03 20:30:22,985 - INFO - Epoch [101/500], Loss: 1.5833064737645062, Accuracy: 79.35862691960253%
2024-02-03 20:30:23,002 - INFO - Test Accuracy: 38.88111888111888%, Balanced Test Accuracy: 41.1770583211111%
2024-02-03 20:30:23,131 - INFO - Epoch [102/500], Loss: 1.5741634023460476, Accuracy: 79.5091839807287%
2024-02-03 20:30:23,263 - INFO - Epoch [103/500], Loss: 1.565131782808087, Accuracy: 79.53929539295393%
2024-02-03 20:30:23,396 - INFO - Epoch [104/500], Loss: 1.556209386749701, Accuracy: 79.67479674796748%
2024-02-03 20:30:23,519 - INFO - Epoch [105/500], Loss: 1.5473940480839123, Accuracy: 79.76513098464318%
2024-02-03 20:30:23,645 - INFO - Epoch [106/500], Loss: 1.5386836853894321, Accuracy: 79.85546522131888%
2024-02-03 20:30:23,773 - INFO - Epoch [107/500], Loss: 1.5300764204426245, Accuracy: 79.88557663354412%
2024-02-03 20:30:23,893 - INFO - Epoch [108/500], Loss: 1.5215699814937331, Accuracy: 79.9608551641072%
2024-02-03 20:30:24,017 - INFO - Epoch [109/500], Loss: 1.5131627273830501, Accuracy: 79.99096657633243%
2024-02-03 20:30:24,140 - INFO - Epoch [110/500], Loss: 1.504852645099163, Accuracy: 80.06624510689551%
2024-02-03 20:30:24,263 - INFO - Epoch [111/500], Loss: 1.4966381056742235, Accuracy: 80.15657934357121%
2024-02-03 20:30:24,279 - INFO - Test Accuracy: 39.09090909090909%, Balanced Test Accuracy: 41.849857297114234%
2024-02-03 20:30:24,410 - INFO - Epoch [112/500], Loss: 1.4885171258991414, Accuracy: 80.24691358024691%
2024-02-03 20:30:24,537 - INFO - Epoch [113/500], Loss: 1.4804881933060559, Accuracy: 80.38241493526047%
2024-02-03 20:30:24,660 - INFO - Epoch [114/500], Loss: 1.472549399191683, Accuracy: 80.48780487804878%
2024-02-03 20:30:24,796 - INFO - Epoch [115/500], Loss: 1.4646993814544245, Accuracy: 80.54802770249924%
2024-02-03 20:30:24,921 - INFO - Epoch [116/500], Loss: 1.4569365084171295, Accuracy: 80.60825052694972%
2024-02-03 20:30:25,036 - INFO - Epoch [117/500], Loss: 1.4492590874433517, Accuracy: 80.71364046973802%
2024-02-03 20:30:25,147 - INFO - Epoch [118/500], Loss: 1.4416657855564898, Accuracy: 80.75880758807588%
2024-02-03 20:30:25,262 - INFO - Epoch [119/500], Loss: 1.4341550340706652, Accuracy: 80.89430894308943%
2024-02-03 20:30:25,377 - INFO - Epoch [120/500], Loss: 1.426725554872643, Accuracy: 80.93947606142729%
2024-02-03 20:30:25,492 - INFO - Epoch [121/500], Loss: 1.4193757399916649, Accuracy: 81.01475459199037%
2024-02-03 20:30:25,507 - INFO - Test Accuracy: 39.02097902097902%, Balanced Test Accuracy: 41.76513829922393%
2024-02-03 20:30:25,622 - INFO - Epoch [122/500], Loss: 1.4121043688871644, Accuracy: 81.07497741644083%
2024-02-03 20:30:25,740 - INFO - Epoch [123/500], Loss: 1.4049101268703288, Accuracy: 81.15025594700391%
2024-02-03 20:30:25,862 - INFO - Epoch [124/500], Loss: 1.397791720249436, Accuracy: 81.27070159590485%
2024-02-03 20:30:25,985 - INFO - Epoch [125/500], Loss: 1.390747767957774, Accuracy: 81.34598012646794%
2024-02-03 20:30:26,109 - INFO - Epoch [126/500], Loss: 1.3837771049954675, Accuracy: 81.37609153869316%
2024-02-03 20:30:26,246 - INFO - Epoch [127/500], Loss: 1.3768785975196145, Accuracy: 81.42125865703102%
2024-02-03 20:30:26,365 - INFO - Epoch [128/500], Loss: 1.37005095387047, Accuracy: 81.43631436314364%
2024-02-03 20:30:26,490 - INFO - Epoch [129/500], Loss: 1.3632930625568738, Accuracy: 81.48148148148148%
2024-02-03 20:30:26,614 - INFO - Epoch [130/500], Loss: 1.3566038141196424, Accuracy: 81.63203854260765%
2024-02-03 20:30:26,734 - INFO - Epoch [131/500], Loss: 1.3499821302565662, Accuracy: 81.70731707317073%
2024-02-03 20:30:26,748 - INFO - Test Accuracy: 39.16083916083916%, Balanced Test Accuracy: 41.85459817054525%
2024-02-03 20:30:26,867 - INFO - Epoch [132/500], Loss: 1.3434267741712658, Accuracy: 81.75248419150859%
2024-02-03 20:30:27,009 - INFO - Epoch [133/500], Loss: 1.3369367976080289, Accuracy: 81.82776272207167%
2024-02-03 20:30:27,136 - INFO - Epoch [134/500], Loss: 1.330511286854744, Accuracy: 81.87292984040951%
2024-02-03 20:30:27,268 - INFO - Epoch [135/500], Loss: 1.3241489468650385, Accuracy: 81.91809695874737%
2024-02-03 20:30:27,403 - INFO - Epoch [136/500], Loss: 1.317848982458765, Accuracy: 81.9482083709726%
2024-02-03 20:30:27,534 - INFO - Epoch [137/500], Loss: 1.3116103715517304, Accuracy: 81.99337548931045%
2024-02-03 20:30:27,663 - INFO - Epoch [138/500], Loss: 1.305432153019038, Accuracy: 82.00843119542307%
2024-02-03 20:30:27,804 - INFO - Epoch [139/500], Loss: 1.2993134585293857, Accuracy: 82.02348690153568%
2024-02-03 20:30:27,934 - INFO - Epoch [140/500], Loss: 1.2932532382282345, Accuracy: 82.11382113821138%
2024-02-03 20:30:28,062 - INFO - Epoch [141/500], Loss: 1.28725073418834, Accuracy: 82.20415537488708%
2024-02-03 20:30:28,079 - INFO - Test Accuracy: 38.88111888111888%, Balanced Test Accuracy: 41.06790922596157%
2024-02-03 20:30:28,210 - INFO - Epoch [142/500], Loss: 1.2813048992644658, Accuracy: 82.24932249322494%
2024-02-03 20:30:28,345 - INFO - Epoch [143/500], Loss: 1.2754150690002874, Accuracy: 82.27943390545016%
2024-02-03 20:30:28,474 - INFO - Epoch [144/500], Loss: 1.269580227407542, Accuracy: 82.36976814212586%
2024-02-03 20:30:28,606 - INFO - Epoch [145/500], Loss: 1.2637997364456004, Accuracy: 82.44504667268895%
2024-02-03 20:30:28,735 - INFO - Epoch [146/500], Loss: 1.2580725699663162, Accuracy: 82.47515808491418%
2024-02-03 20:30:28,866 - INFO - Epoch [147/500], Loss: 1.252398053353483, Accuracy: 82.53538090936465%
2024-02-03 20:30:29,009 - INFO - Epoch [148/500], Loss: 1.2467754307118328, Accuracy: 82.53538090936465%
2024-02-03 20:30:29,171 - INFO - Epoch [149/500], Loss: 1.2412038499658757, Accuracy: 82.61065943992773%
2024-02-03 20:30:29,347 - INFO - Epoch [150/500], Loss: 1.2356825735081325, Accuracy: 82.67088226437819%
2024-02-03 20:30:29,503 - INFO - Epoch [151/500], Loss: 1.2302109409462323, Accuracy: 82.74616079494129%
2024-02-03 20:30:29,521 - INFO - Test Accuracy: 38.46153846153846%, Balanced Test Accuracy: 40.87005152810387%
2024-02-03 20:30:29,666 - INFO - Epoch [152/500], Loss: 1.2247881957075812, Accuracy: 82.80638361939175%
2024-02-03 20:30:29,814 - INFO - Epoch [153/500], Loss: 1.2194135961207477, Accuracy: 82.86660644384222%
2024-02-03 20:30:29,960 - INFO - Epoch [154/500], Loss: 1.2140864706174894, Accuracy: 82.88166214995483%
2024-02-03 20:30:30,105 - INFO - Epoch [155/500], Loss: 1.2088061638853766, Accuracy: 82.89671785606745%
2024-02-03 20:30:30,242 - INFO - Epoch [156/500], Loss: 1.2035719620233232, Accuracy: 82.98705209274316%
2024-02-03 20:30:30,374 - INFO - Epoch [157/500], Loss: 1.1983831958337263, Accuracy: 83.032219211081%
2024-02-03 20:30:30,513 - INFO - Epoch [158/500], Loss: 1.1932393810288473, Accuracy: 83.032219211081%
2024-02-03 20:30:30,647 - INFO - Epoch [159/500], Loss: 1.1881396174430847, Accuracy: 83.04727491719362%
2024-02-03 20:30:30,798 - INFO - Epoch [160/500], Loss: 1.1830835362726992, Accuracy: 83.09244203553146%
2024-02-03 20:30:30,929 - INFO - Epoch [161/500], Loss: 1.1780704148113728, Accuracy: 83.19783197831978%
2024-02-03 20:30:30,949 - INFO - Test Accuracy: 38.53146853146853%, Balanced Test Accuracy: 40.33058362909435%
2024-02-03 20:30:31,112 - INFO - Epoch [162/500], Loss: 1.1730996624312617, Accuracy: 83.27311050888287%
2024-02-03 20:30:31,262 - INFO - Epoch [163/500], Loss: 1.1681707311760297, Accuracy: 83.3032219211081%
2024-02-03 20:30:31,402 - INFO - Epoch [164/500], Loss: 1.1632829711518504, Accuracy: 83.34838903944595%
2024-02-03 20:30:31,532 - INFO - Epoch [165/500], Loss: 1.1584358689459888, Accuracy: 83.3935561577838%
2024-02-03 20:30:31,669 - INFO - Epoch [166/500], Loss: 1.1536289910701187, Accuracy: 83.3935561577838%
2024-02-03 20:30:31,818 - INFO - Epoch [167/500], Loss: 1.1488615365868264, Accuracy: 83.46883468834689%
2024-02-03 20:30:31,963 - INFO - Epoch [168/500], Loss: 1.144133206118237, Accuracy: 83.52905751279735%
2024-02-03 20:30:32,106 - INFO - Epoch [169/500], Loss: 1.139443359930407, Accuracy: 83.58928033724781%
2024-02-03 20:30:32,246 - INFO - Epoch [170/500], Loss: 1.1347915100103074, Accuracy: 83.6645588678109%
2024-02-03 20:30:32,382 - INFO - Epoch [171/500], Loss: 1.1301771737635136, Accuracy: 83.70972598614875%
2024-02-03 20:30:32,400 - INFO - Test Accuracy: 38.39160839160839%, Balanced Test Accuracy: 40.15752085427159%
2024-02-03 20:30:32,575 - INFO - Epoch [172/500], Loss: 1.125599871643565, Accuracy: 83.7548931044866%
2024-02-03 20:30:32,718 - INFO - Epoch [173/500], Loss: 1.1210590153932571, Accuracy: 83.81511592893706%
2024-02-03 20:30:32,858 - INFO - Epoch [174/500], Loss: 1.1165542297742583, Accuracy: 83.8452273411623%
2024-02-03 20:30:32,990 - INFO - Epoch [175/500], Loss: 1.1120850379494103, Accuracy: 83.89039445950016%
2024-02-03 20:30:33,131 - INFO - Epoch [176/500], Loss: 1.1076509251513265, Accuracy: 83.89039445950016%
2024-02-03 20:30:33,266 - INFO - Epoch [177/500], Loss: 1.1032515418800442, Accuracy: 83.98072869617585%
2024-02-03 20:30:33,402 - INFO - Epoch [178/500], Loss: 1.0988863723521882, Accuracy: 84.0258958145137%
2024-02-03 20:30:33,554 - INFO - Epoch [179/500], Loss: 1.0945549566637387, Accuracy: 84.07106293285155%
2024-02-03 20:30:33,687 - INFO - Epoch [180/500], Loss: 1.0902569646185094, Accuracy: 84.10117434507679%
2024-02-03 20:30:33,822 - INFO - Epoch [181/500], Loss: 1.085991866547953, Accuracy: 84.13128575730202%
2024-02-03 20:30:33,839 - INFO - Test Accuracy: 38.25174825174825%, Balanced Test Accuracy: 40.48980454238546%
2024-02-03 20:30:33,979 - INFO - Epoch [182/500], Loss: 1.0817592983896083, Accuracy: 84.22161999397771%
2024-02-03 20:30:34,152 - INFO - Epoch [183/500], Loss: 1.0775588910010727, Accuracy: 84.26678711231557%
2024-02-03 20:30:34,292 - INFO - Epoch [184/500], Loss: 1.073390224779194, Accuracy: 84.35712134899127%
2024-02-03 20:30:34,424 - INFO - Epoch [185/500], Loss: 1.0692528635263443, Accuracy: 84.3872327612165%
2024-02-03 20:30:34,564 - INFO - Epoch [186/500], Loss: 1.0651464513079687, Accuracy: 84.43239987955435%
2024-02-03 20:30:34,696 - INFO - Epoch [187/500], Loss: 1.0610706704584034, Accuracy: 84.4775669978922%
2024-02-03 20:30:34,849 - INFO - Epoch [188/500], Loss: 1.0570250935852528, Accuracy: 84.50767841011744%
2024-02-03 20:30:35,005 - INFO - Epoch [189/500], Loss: 1.053009324114431, Accuracy: 84.53778982234267%
2024-02-03 20:30:35,129 - INFO - Epoch [190/500], Loss: 1.049023056233471, Accuracy: 84.58295694068052%
2024-02-03 20:30:35,252 - INFO - Epoch [191/500], Loss: 1.0450659841299057, Accuracy: 84.62812405901836%
2024-02-03 20:30:35,269 - INFO - Test Accuracy: 37.76223776223776%, Balanced Test Accuracy: 40.477581338311666%
2024-02-03 20:30:35,397 - INFO - Epoch [192/500], Loss: 1.0411376485770398, Accuracy: 84.6582354712436%
2024-02-03 20:30:35,522 - INFO - Epoch [193/500], Loss: 1.0372377048161896, Accuracy: 84.68834688346884%
2024-02-03 20:30:35,674 - INFO - Epoch [194/500], Loss: 1.0333659401671453, Accuracy: 84.7485697079193%
2024-02-03 20:30:35,832 - INFO - Epoch [195/500], Loss: 1.0295219739729708, Accuracy: 84.82384823848238%
2024-02-03 20:30:35,988 - INFO - Epoch [196/500], Loss: 1.0257054282860323, Accuracy: 84.86901535682024%
2024-02-03 20:30:36,145 - INFO - Epoch [197/500], Loss: 1.021916098554026, Accuracy: 84.89912676904547%
2024-02-03 20:30:36,300 - INFO - Epoch [198/500], Loss: 1.0181535560299049, Accuracy: 85.00451671183379%
2024-02-03 20:30:36,461 - INFO - Epoch [199/500], Loss: 1.0144175805828788, Accuracy: 85.10990665462211%
2024-02-03 20:30:36,622 - INFO - Epoch [200/500], Loss: 1.0107078372754834, Accuracy: 85.18518518518519%
2024-02-03 20:30:36,781 - INFO - Epoch [201/500], Loss: 1.0070239600132813, Accuracy: 85.2002408912978%
2024-02-03 20:30:36,799 - INFO - Test Accuracy: 37.83216783216783%, Balanced Test Accuracy: 40.69191116429198%
2024-02-03 20:30:36,952 - INFO - Epoch [202/500], Loss: 1.0033657137643208, Accuracy: 85.23035230352303%
2024-02-03 20:30:37,096 - INFO - Epoch [203/500], Loss: 0.9997328800911253, Accuracy: 85.30563083408612%
2024-02-03 20:30:37,238 - INFO - Epoch [204/500], Loss: 0.9961251033978029, Accuracy: 85.35079795242397%
2024-02-03 20:30:37,375 - INFO - Epoch [205/500], Loss: 0.992542086338455, Accuracy: 85.41102077687444%
2024-02-03 20:30:37,507 - INFO - Epoch [206/500], Loss: 0.9889835786413063, Accuracy: 85.45618789521228%
2024-02-03 20:30:37,644 - INFO - Epoch [207/500], Loss: 0.9854493483223699, Accuracy: 85.51641071966276%
2024-02-03 20:30:37,774 - INFO - Epoch [208/500], Loss: 0.981939057057554, Accuracy: 85.54652213188798%
2024-02-03 20:30:37,907 - INFO - Epoch [209/500], Loss: 0.9784524796361272, Accuracy: 85.59168925022584%
2024-02-03 20:30:38,045 - INFO - Epoch [210/500], Loss: 0.9749894385988062, Accuracy: 85.62180066245107%
2024-02-03 20:30:38,179 - INFO - Epoch [211/500], Loss: 0.9715495051985438, Accuracy: 85.69707919301415%
2024-02-03 20:30:38,195 - INFO - Test Accuracy: 37.9020979020979%, Balanced Test Accuracy: 40.71508758076315%
2024-02-03 20:30:38,350 - INFO - Epoch [212/500], Loss: 0.968132633715868, Accuracy: 85.742246311352%
2024-02-03 20:30:38,507 - INFO - Epoch [213/500], Loss: 0.964738362214782, Accuracy: 85.77235772357723%
2024-02-03 20:30:38,669 - INFO - Epoch [214/500], Loss: 0.9613666446371512, Accuracy: 85.8325805480277%
2024-02-03 20:30:38,827 - INFO - Epoch [215/500], Loss: 0.9580171985382383, Accuracy: 85.92291478470341%
2024-02-03 20:30:38,967 - INFO - Epoch [216/500], Loss: 0.9546896422451193, Accuracy: 85.93797049081601%
2024-02-03 20:30:39,106 - INFO - Epoch [217/500], Loss: 0.95138390396129, Accuracy: 85.99819331526649%
2024-02-03 20:30:39,242 - INFO - Epoch [218/500], Loss: 0.9480997168205001, Accuracy: 86.02830472749172%
2024-02-03 20:30:39,382 - INFO - Epoch [219/500], Loss: 0.9448369135233489, Accuracy: 86.02830472749172%
2024-02-03 20:30:39,520 - INFO - Epoch [220/500], Loss: 0.9415950805626132, Accuracy: 86.05841613971695%
2024-02-03 20:30:39,655 - INFO - Epoch [221/500], Loss: 0.9383741833946921, Accuracy: 86.16380608250527%
2024-02-03 20:30:39,672 - INFO - Test Accuracy: 37.69230769230769%, Balanced Test Accuracy: 40.6532222493526%
2024-02-03 20:30:39,806 - INFO - Epoch [222/500], Loss: 0.935173974795775, Accuracy: 86.16380608250527%
2024-02-03 20:30:39,936 - INFO - Epoch [223/500], Loss: 0.9319942024621096, Accuracy: 86.20897320084312%
2024-02-03 20:30:40,080 - INFO - Epoch [224/500], Loss: 0.9288347153501078, Accuracy: 86.20897320084312%
2024-02-03 20:30:40,196 - INFO - Epoch [225/500], Loss: 0.9256952357563105, Accuracy: 86.26919602529358%
2024-02-03 20:30:40,315 - INFO - Epoch [226/500], Loss: 0.9225755926560272, Accuracy: 86.34447455585666%
2024-02-03 20:30:40,446 - INFO - Epoch [227/500], Loss: 0.9194755926728249, Accuracy: 86.34447455585666%
2024-02-03 20:30:40,595 - INFO - Epoch [228/500], Loss: 0.9163951023735784, Accuracy: 86.3745859680819%
2024-02-03 20:30:40,759 - INFO - Epoch [229/500], Loss: 0.9133337766609408, Accuracy: 86.44986449864498%
2024-02-03 20:30:40,922 - INFO - Epoch [230/500], Loss: 0.910291556946256, Accuracy: 86.44986449864498%
2024-02-03 20:30:41,085 - INFO - Epoch [231/500], Loss: 0.9072682126001879, Accuracy: 86.4649202047576%
2024-02-03 20:30:41,103 - INFO - Test Accuracy: 37.69230769230769%, Balanced Test Accuracy: 40.65394067112366%
2024-02-03 20:30:41,291 - INFO - Epoch [232/500], Loss: 0.9042636183175173, Accuracy: 86.49503161698284%
2024-02-03 20:30:41,439 - INFO - Epoch [233/500], Loss: 0.9012774831869386, Accuracy: 86.52514302920807%
2024-02-03 20:30:41,588 - INFO - Epoch [234/500], Loss: 0.8983096995136954, Accuracy: 86.57031014754592%
2024-02-03 20:30:41,732 - INFO - Epoch [235/500], Loss: 0.8953600248152559, Accuracy: 86.63053297199639%
2024-02-03 20:30:41,875 - INFO - Epoch [236/500], Loss: 0.8924283300611106, Accuracy: 86.70581150255947%
2024-02-03 20:30:42,001 - INFO - Epoch [237/500], Loss: 0.8895144835114479, Accuracy: 86.73592291478471%
2024-02-03 20:30:42,135 - INFO - Epoch [238/500], Loss: 0.8866182013668797, Accuracy: 86.75097862089731%
2024-02-03 20:30:42,278 - INFO - Epoch [239/500], Loss: 0.8837394500997934, Accuracy: 86.78109003312255%
2024-02-03 20:30:42,417 - INFO - Epoch [240/500], Loss: 0.8808780085634101, Accuracy: 86.82625715146041%
2024-02-03 20:30:42,552 - INFO - Epoch [241/500], Loss: 0.8780336796560071, Accuracy: 86.84131285757302%
2024-02-03 20:30:42,568 - INFO - Test Accuracy: 37.83216783216783%, Balanced Test Accuracy: 40.81947186124501%
2024-02-03 20:30:42,693 - INFO - Epoch [242/500], Loss: 0.875206361440095, Accuracy: 86.90153568202349%
2024-02-03 20:30:42,818 - INFO - Epoch [243/500], Loss: 0.872395842928778, Accuracy: 86.93164709424872%
2024-02-03 20:30:42,942 - INFO - Epoch [244/500], Loss: 0.8696019459854473, Accuracy: 86.94670280036134%
2024-02-03 20:30:43,068 - INFO - Epoch [245/500], Loss: 0.8668246011842381, Accuracy: 86.96175850647396%
2024-02-03 20:30:43,198 - INFO - Epoch [246/500], Loss: 0.8640635894103483, Accuracy: 86.96175850647396%
2024-02-03 20:30:43,335 - INFO - Epoch [247/500], Loss: 0.8613187626681544, Accuracy: 86.97681421258658%
2024-02-03 20:30:43,464 - INFO - Epoch [248/500], Loss: 0.8585900501771406, Accuracy: 86.97681421258658%
2024-02-03 20:30:43,593 - INFO - Epoch [249/500], Loss: 0.855877200988206, Accuracy: 87.0069256248118%
2024-02-03 20:30:43,729 - INFO - Epoch [250/500], Loss: 0.8531801124865358, Accuracy: 87.03703703703704%
2024-02-03 20:30:43,859 - INFO - Epoch [251/500], Loss: 0.850498627871275, Accuracy: 87.05209274314966%
2024-02-03 20:30:43,874 - INFO - Test Accuracy: 38.04195804195804%, Balanced Test Accuracy: 40.89652991054519%
2024-02-03 20:30:44,013 - INFO - Epoch [252/500], Loss: 0.8478326567194678, Accuracy: 87.06714844926228%
2024-02-03 20:30:44,149 - INFO - Epoch [253/500], Loss: 0.845181979238987, Accuracy: 87.08220415537488%
2024-02-03 20:30:44,287 - INFO - Epoch [254/500], Loss: 0.8425465419211171, Accuracy: 87.12737127371274%
2024-02-03 20:30:44,430 - INFO - Epoch [255/500], Loss: 0.8399261486801234, Accuracy: 87.15748268593796%
2024-02-03 20:30:44,565 - INFO - Epoch [256/500], Loss: 0.837320713834329, Accuracy: 87.24781692261367%
2024-02-03 20:30:44,695 - INFO - Epoch [257/500], Loss: 0.8347299908372489, Accuracy: 87.26287262872629%
2024-02-03 20:30:44,821 - INFO - Epoch [258/500], Loss: 0.832153991880742, Accuracy: 87.2779283348389%
2024-02-03 20:30:44,950 - INFO - Epoch [259/500], Loss: 0.8295925351029093, Accuracy: 87.33815115928937%
2024-02-03 20:30:45,079 - INFO - Epoch [260/500], Loss: 0.8270454284819689, Accuracy: 87.39837398373983%
2024-02-03 20:30:45,204 - INFO - Epoch [261/500], Loss: 0.824512648650191, Accuracy: 87.42848539596507%
2024-02-03 20:30:45,218 - INFO - Test Accuracy: 37.83216783216783%, Balanced Test Accuracy: 40.80345323852115%
2024-02-03 20:30:45,344 - INFO - Epoch [262/500], Loss: 0.8219939988445152, Accuracy: 87.47365251430293%
2024-02-03 20:30:45,474 - INFO - Epoch [263/500], Loss: 0.8194894170896574, Accuracy: 87.47365251430293%
2024-02-03 20:30:45,601 - INFO - Epoch [264/500], Loss: 0.8169986971400001, Accuracy: 87.53387533875339%
2024-02-03 20:30:45,732 - INFO - Epoch [265/500], Loss: 0.8145217865028165, Accuracy: 87.51881963264077%
2024-02-03 20:30:45,863 - INFO - Epoch [266/500], Loss: 0.8120585720647465, Accuracy: 87.53387533875339%
2024-02-03 20:30:45,990 - INFO - Epoch [267/500], Loss: 0.8096089620481838, Accuracy: 87.54893104486601%
2024-02-03 20:30:46,115 - INFO - Epoch [268/500], Loss: 0.8071727126159451, Accuracy: 87.60915386931647%
2024-02-03 20:30:46,241 - INFO - Epoch [269/500], Loss: 0.8047497353770516, Accuracy: 87.59409816320385%
2024-02-03 20:30:46,369 - INFO - Epoch [270/500], Loss: 0.8023400205102834, Accuracy: 87.60915386931647%
2024-02-03 20:30:46,495 - INFO - Epoch [271/500], Loss: 0.7999434711580927, Accuracy: 87.63926528154171%
2024-02-03 20:30:46,513 - INFO - Test Accuracy: 37.83216783216783%, Balanced Test Accuracy: 40.7606932796538%
2024-02-03 20:30:46,638 - INFO - Epoch [272/500], Loss: 0.7975598184222524, Accuracy: 87.66937669376694%
2024-02-03 20:30:46,754 - INFO - Epoch [273/500], Loss: 0.7951891053129326, Accuracy: 87.7145438121048%
2024-02-03 20:30:46,873 - INFO - Epoch [274/500], Loss: 0.7928310761397536, Accuracy: 87.7295995182174%
2024-02-03 20:30:46,986 - INFO - Epoch [275/500], Loss: 0.7904858047311957, Accuracy: 87.77476663655526%
2024-02-03 20:30:47,097 - INFO - Epoch [276/500], Loss: 0.7881530296396125, Accuracy: 87.8199337548931%
2024-02-03 20:30:47,208 - INFO - Epoch [277/500], Loss: 0.7858327329158783, Accuracy: 87.88015657934358%
2024-02-03 20:30:47,327 - INFO - Epoch [278/500], Loss: 0.7835248285396532, Accuracy: 87.89521228545618%
2024-02-03 20:30:47,443 - INFO - Epoch [279/500], Loss: 0.781229071657766, Accuracy: 87.94037940379404%
2024-02-03 20:30:47,558 - INFO - Epoch [280/500], Loss: 0.778945498845794, Accuracy: 87.97049081601926%
2024-02-03 20:30:47,681 - INFO - Epoch [281/500], Loss: 0.7766740007156675, Accuracy: 88.01565793435712%
2024-02-03 20:30:47,696 - INFO - Test Accuracy: 38.04195804195804%, Balanced Test Accuracy: 40.842456886007575%
2024-02-03 20:30:47,825 - INFO - Epoch [282/500], Loss: 0.7744144180958922, Accuracy: 88.03071364046974%
2024-02-03 20:30:47,955 - INFO - Epoch [283/500], Loss: 0.7721667255867611, Accuracy: 88.04576934658236%
2024-02-03 20:30:48,085 - INFO - Epoch [284/500], Loss: 0.7699307355691086, Accuracy: 88.06082505269497%
2024-02-03 20:30:48,213 - INFO - Epoch [285/500], Loss: 0.7677064893597906, Accuracy: 88.15115928937067%
2024-02-03 20:30:48,335 - INFO - Epoch [286/500], Loss: 0.7654937515881929, Accuracy: 88.16621499548329%
2024-02-03 20:30:48,458 - INFO - Epoch [287/500], Loss: 0.7632925056598403, Accuracy: 88.24149352604637%
2024-02-03 20:30:48,584 - INFO - Epoch [288/500], Loss: 0.7611026188189333, Accuracy: 88.28666064438423%
2024-02-03 20:30:48,714 - INFO - Epoch [289/500], Loss: 0.758924005383795, Accuracy: 88.31677205660945%
2024-02-03 20:30:48,843 - INFO - Epoch [290/500], Loss: 0.756756662983786, Accuracy: 88.31677205660945%
2024-02-03 20:30:48,972 - INFO - Epoch [291/500], Loss: 0.7546003267846324, Accuracy: 88.30171635049683%
2024-02-03 20:30:48,988 - INFO - Test Accuracy: 38.32167832167832%, Balanced Test Accuracy: 41.033253319532726%
2024-02-03 20:30:49,117 - INFO - Epoch [292/500], Loss: 0.7524550719694658, Accuracy: 88.31677205660945%
2024-02-03 20:30:49,240 - INFO - Epoch [293/500], Loss: 0.7503207898275419, Accuracy: 88.33182776272207%
2024-02-03 20:30:49,359 - INFO - Epoch [294/500], Loss: 0.7481972819024866, Accuracy: 88.34688346883469%
2024-02-03 20:30:49,487 - INFO - Epoch [295/500], Loss: 0.7460845637727868, Accuracy: 88.36193917494731%
2024-02-03 20:30:49,610 - INFO - Epoch [296/500], Loss: 0.7439826161346652, Accuracy: 88.39205058717253%
2024-02-03 20:30:49,742 - INFO - Epoch [297/500], Loss: 0.7418911788951267, Accuracy: 88.39205058717253%
2024-02-03 20:30:49,859 - INFO - Epoch [298/500], Loss: 0.739810296418992, Accuracy: 88.39205058717253%
2024-02-03 20:30:49,975 - INFO - Epoch [299/500], Loss: 0.7377398058094762, Accuracy: 88.42216199939777%
2024-02-03 20:30:50,110 - INFO - Epoch [300/500], Loss: 0.7356796704910018, Accuracy: 88.45227341162301%
2024-02-03 20:30:50,227 - INFO - Epoch [301/500], Loss: 0.7336298494853757, Accuracy: 88.48238482384824%
2024-02-03 20:30:50,242 - INFO - Test Accuracy: 38.6013986013986%, Balanced Test Accuracy: 41.353366609878975%
2024-02-03 20:30:50,362 - INFO - Epoch [302/500], Loss: 0.7315901802344755, Accuracy: 88.51249623607347%
2024-02-03 20:30:50,489 - INFO - Epoch [303/500], Loss: 0.7295606532557444, Accuracy: 88.5275519421861%
2024-02-03 20:30:50,619 - INFO - Epoch [304/500], Loss: 0.727541190318086, Accuracy: 88.55766335441132%
2024-02-03 20:30:50,759 - INFO - Epoch [305/500], Loss: 0.725531692193313, Accuracy: 88.57271906052394%
2024-02-03 20:30:50,883 - INFO - Epoch [306/500], Loss: 0.7235319939526644, Accuracy: 88.58777476663656%
2024-02-03 20:30:51,008 - INFO - Epoch [307/500], Loss: 0.7215422053228725, Accuracy: 88.60283047274918%
2024-02-03 20:30:51,127 - INFO - Epoch [308/500], Loss: 0.7195621119304136, Accuracy: 88.6178861788618%
2024-02-03 20:30:51,242 - INFO - Epoch [309/500], Loss: 0.7175916929475286, Accuracy: 88.6329418849744%
2024-02-03 20:30:51,370 - INFO - Epoch [310/500], Loss: 0.7156308276409452, Accuracy: 88.64799759108702%
2024-02-03 20:30:51,494 - INFO - Epoch [311/500], Loss: 0.7136796052482995, Accuracy: 88.64799759108702%
2024-02-03 20:30:51,509 - INFO - Test Accuracy: 38.6013986013986%, Balanced Test Accuracy: 41.299554170667555%
2024-02-03 20:30:51,627 - INFO - Epoch [312/500], Loss: 0.7117377252063968, Accuracy: 88.66305329719964%
2024-02-03 20:30:51,749 - INFO - Epoch [313/500], Loss: 0.7098052857274358, Accuracy: 88.70822041553748%
2024-02-03 20:30:51,872 - INFO - Epoch [314/500], Loss: 0.7078821295025673, Accuracy: 88.70822041553748%
2024-02-03 20:30:51,999 - INFO - Epoch [315/500], Loss: 0.7059682477265596, Accuracy: 88.73833182776272%
2024-02-03 20:30:52,120 - INFO - Epoch [316/500], Loss: 0.7040634995157068, Accuracy: 88.73833182776272%
2024-02-03 20:30:52,257 - INFO - Epoch [317/500], Loss: 0.7021679421040145, Accuracy: 88.79855465221318%
2024-02-03 20:30:52,374 - INFO - Epoch [318/500], Loss: 0.7002813419835134, Accuracy: 88.8136103583258%
2024-02-03 20:30:52,483 - INFO - Epoch [319/500], Loss: 0.6984037748453292, Accuracy: 88.84372177055104%
2024-02-03 20:30:52,614 - INFO - Epoch [320/500], Loss: 0.6965351038697091, Accuracy: 88.84372177055104%
2024-02-03 20:30:52,737 - INFO - Epoch [321/500], Loss: 0.6946752738546241, Accuracy: 88.84372177055104%
2024-02-03 20:30:52,753 - INFO - Test Accuracy: 38.81118881118881%, Balanced Test Accuracy: 41.59668128597649%
2024-02-03 20:30:52,873 - INFO - Epoch [322/500], Loss: 0.6928242202848196, Accuracy: 88.85877747666366%
2024-02-03 20:30:52,992 - INFO - Epoch [323/500], Loss: 0.6909818644212051, Accuracy: 88.88888888888889%
2024-02-03 20:30:53,115 - INFO - Epoch [324/500], Loss: 0.6891482824629004, Accuracy: 88.9039445950015%
2024-02-03 20:30:53,241 - INFO - Epoch [325/500], Loss: 0.6873232153328982, Accuracy: 88.91900030111412%
2024-02-03 20:30:53,365 - INFO - Epoch [326/500], Loss: 0.685506702654741, Accuracy: 88.93405600722674%
2024-02-03 20:30:53,487 - INFO - Epoch [327/500], Loss: 0.6836986809291623, Accuracy: 88.96416741945197%
2024-02-03 20:30:53,609 - INFO - Epoch [328/500], Loss: 0.6818991008807312, Accuracy: 88.97922312556459%
2024-02-03 20:30:53,737 - INFO - Epoch [329/500], Loss: 0.6801078156991438, Accuracy: 89.00933453778983%
2024-02-03 20:30:53,859 - INFO - Epoch [330/500], Loss: 0.6783247779716145, Accuracy: 89.02439024390245%
2024-02-03 20:30:53,978 - INFO - Epoch [331/500], Loss: 0.6765500969168815, Accuracy: 89.03944595001505%
2024-02-03 20:30:53,994 - INFO - Test Accuracy: 39.16083916083916%, Balanced Test Accuracy: 41.74699393628914%
2024-02-03 20:30:54,112 - INFO - Epoch [332/500], Loss: 0.674783597107638, Accuracy: 89.03944595001505%
2024-02-03 20:30:54,231 - INFO - Epoch [333/500], Loss: 0.6730251847343012, Accuracy: 89.08461306835291%
2024-02-03 20:30:54,345 - INFO - Epoch [334/500], Loss: 0.6712748259305954, Accuracy: 89.08461306835291%
2024-02-03 20:30:54,476 - INFO - Epoch [335/500], Loss: 0.669532507319342, Accuracy: 89.09966877446553%
2024-02-03 20:30:54,594 - INFO - Epoch [336/500], Loss: 0.6677981716665354, Accuracy: 89.09966877446553%
2024-02-03 20:30:54,715 - INFO - Epoch [337/500], Loss: 0.6660717486996542, Accuracy: 89.11472448057813%
2024-02-03 20:30:54,847 - INFO - Epoch [338/500], Loss: 0.6643531385131858, Accuracy: 89.11472448057813%
2024-02-03 20:30:54,969 - INFO - Epoch [339/500], Loss: 0.6626423221420158, Accuracy: 89.14483589280337%
2024-02-03 20:30:55,093 - INFO - Epoch [340/500], Loss: 0.66093929044225, Accuracy: 89.19000301114123%
2024-02-03 20:30:55,225 - INFO - Epoch [341/500], Loss: 0.6592438835650682, Accuracy: 89.22011442336645%
2024-02-03 20:30:55,241 - INFO - Test Accuracy: 39.58041958041958%, Balanced Test Accuracy: 41.86102046325534%
2024-02-03 20:30:55,371 - INFO - Epoch [342/500], Loss: 0.6575561091303825, Accuracy: 89.25022583559169%
2024-02-03 20:30:55,532 - INFO - Epoch [343/500], Loss: 0.6558760164136236, Accuracy: 89.29539295392954%
2024-02-03 20:30:55,671 - INFO - Epoch [344/500], Loss: 0.654203402725133, Accuracy: 89.31044866004216%
2024-02-03 20:30:55,797 - INFO - Epoch [345/500], Loss: 0.6525382463904944, Accuracy: 89.3405600722674%
2024-02-03 20:30:55,925 - INFO - Epoch [346/500], Loss: 0.6508805944838307, Accuracy: 89.37067148449262%
2024-02-03 20:30:56,053 - INFO - Epoch [347/500], Loss: 0.6492302834310315, Accuracy: 89.38572719060524%
2024-02-03 20:30:56,173 - INFO - Epoch [348/500], Loss: 0.6475873855365948, Accuracy: 89.46100572116832%
2024-02-03 20:30:56,291 - INFO - Epoch [349/500], Loss: 0.6459517035294663, Accuracy: 89.47606142728094%
2024-02-03 20:30:56,409 - INFO - Epoch [350/500], Loss: 0.644323297183622, Accuracy: 89.52122854561878%
2024-02-03 20:30:56,521 - INFO - Epoch [351/500], Loss: 0.642702031372623, Accuracy: 89.52122854561878%
2024-02-03 20:30:56,535 - INFO - Test Accuracy: 39.65034965034965%, Balanced Test Accuracy: 41.87880539714766%
2024-02-03 20:30:56,652 - INFO - Epoch [352/500], Loss: 0.6410879292948679, Accuracy: 89.55133995784402%
2024-02-03 20:30:56,772 - INFO - Epoch [353/500], Loss: 0.6394809428602457, Accuracy: 89.55133995784402%
2024-02-03 20:30:56,908 - INFO - Epoch [354/500], Loss: 0.6378810011189092, Accuracy: 89.58145137006926%
2024-02-03 20:30:57,062 - INFO - Epoch [355/500], Loss: 0.6362880928949877, Accuracy: 89.59650707618188%
2024-02-03 20:30:57,200 - INFO - Epoch [356/500], Loss: 0.634702124886892, Accuracy: 89.59650707618188%
2024-02-03 20:30:57,312 - INFO - Epoch [357/500], Loss: 0.633123059164394, Accuracy: 89.61156278229448%
2024-02-03 20:30:57,427 - INFO - Epoch [358/500], Loss: 0.631550888276913, Accuracy: 89.6266184884071%
2024-02-03 20:30:57,549 - INFO - Epoch [359/500], Loss: 0.6299854860725728, Accuracy: 89.64167419451972%
2024-02-03 20:30:57,678 - INFO - Epoch [360/500], Loss: 0.6284269297664816, Accuracy: 89.64167419451972%
2024-02-03 20:30:57,811 - INFO - Epoch [361/500], Loss: 0.6268750774589452, Accuracy: 89.68684131285757%
2024-02-03 20:30:57,827 - INFO - Test Accuracy: 39.86013986013986%, Balanced Test Accuracy: 41.94720588365025%
2024-02-03 20:30:57,992 - INFO - Epoch [362/500], Loss: 0.6253299484537407, Accuracy: 89.68684131285757%
2024-02-03 20:30:58,138 - INFO - Epoch [363/500], Loss: 0.6237915080379356, Accuracy: 89.73200843119542%
2024-02-03 20:30:58,285 - INFO - Epoch [364/500], Loss: 0.6222595333714377, Accuracy: 89.73200843119542%
2024-02-03 20:30:58,459 - INFO - Epoch [365/500], Loss: 0.6207342069934715, Accuracy: 89.74706413730804%
2024-02-03 20:30:58,577 - INFO - Epoch [366/500], Loss: 0.6192154422063719, Accuracy: 89.76211984342066%
2024-02-03 20:30:58,699 - INFO - Epoch [367/500], Loss: 0.6177031372419812, Accuracy: 89.79223125564589%
2024-02-03 20:30:58,821 - INFO - Epoch [368/500], Loss: 0.6161972853270444, Accuracy: 89.83739837398375%
2024-02-03 20:30:58,959 - INFO - Epoch [369/500], Loss: 0.614697859368541, Accuracy: 89.85245408009635%
2024-02-03 20:30:59,076 - INFO - Epoch [370/500], Loss: 0.6132046907124195, Accuracy: 89.86750978620897%
2024-02-03 20:30:59,199 - INFO - Epoch [371/500], Loss: 0.6117179126224734, Accuracy: 89.86750978620897%
2024-02-03 20:30:59,216 - INFO - Test Accuracy: 40.13986013986014%, Balanced Test Accuracy: 42.006973443417806%
2024-02-03 20:30:59,352 - INFO - Epoch [372/500], Loss: 0.6102373965761878, Accuracy: 89.86750978620897%
2024-02-03 20:30:59,474 - INFO - Epoch [373/500], Loss: 0.6087631071833047, Accuracy: 89.88256549232159%
2024-02-03 20:30:59,596 - INFO - Epoch [374/500], Loss: 0.6072950464758006, Accuracy: 89.89762119843421%
2024-02-03 20:30:59,720 - INFO - Epoch [375/500], Loss: 0.605833137915893, Accuracy: 89.92773261065943%
2024-02-03 20:30:59,848 - INFO - Epoch [376/500], Loss: 0.6043774107979103, Accuracy: 89.95784402288467%
2024-02-03 20:30:59,998 - INFO - Epoch [377/500], Loss: 0.6029276846146042, Accuracy: 89.97289972899729%
2024-02-03 20:31:00,144 - INFO - Epoch [378/500], Loss: 0.6014840387823907, Accuracy: 89.98795543510991%
2024-02-03 20:31:00,269 - INFO - Epoch [379/500], Loss: 0.6000464516268535, Accuracy: 90.00301114122253%
2024-02-03 20:31:00,394 - INFO - Epoch [380/500], Loss: 0.5986148013987325, Accuracy: 90.03312255344775%
2024-02-03 20:31:00,518 - INFO - Epoch [381/500], Loss: 0.5971891006285494, Accuracy: 90.03312255344775%
2024-02-03 20:31:00,534 - INFO - Test Accuracy: 40.13986013986014%, Balanced Test Accuracy: 41.953976278770156%
2024-02-03 20:31:00,679 - INFO - Epoch [382/500], Loss: 0.5957693071527914, Accuracy: 90.04817825956037%
2024-02-03 20:31:00,833 - INFO - Epoch [383/500], Loss: 0.5943553510375998, Accuracy: 90.06323396567299%
2024-02-03 20:31:00,983 - INFO - Epoch [384/500], Loss: 0.5929471818222241, Accuracy: 90.07828967178561%
2024-02-03 20:31:01,130 - INFO - Epoch [385/500], Loss: 0.5915449036454613, Accuracy: 90.07828967178561%
2024-02-03 20:31:01,258 - INFO - Epoch [386/500], Loss: 0.5901484047486023, Accuracy: 90.07828967178561%
2024-02-03 20:31:01,389 - INFO - Epoch [387/500], Loss: 0.5887575608424165, Accuracy: 90.09334537789822%
2024-02-03 20:31:01,542 - INFO - Epoch [388/500], Loss: 0.5873723770068451, Accuracy: 90.10840108401084%
2024-02-03 20:31:01,667 - INFO - Epoch [389/500], Loss: 0.5859929067506031, Accuracy: 90.12345679012346%
2024-02-03 20:31:01,813 - INFO - Epoch [390/500], Loss: 0.584619037468325, Accuracy: 90.12345679012346%
2024-02-03 20:31:01,966 - INFO - Epoch [391/500], Loss: 0.5832507439296354, Accuracy: 90.1535682023487%
2024-02-03 20:31:01,982 - INFO - Test Accuracy: 40.34965034965035%, Balanced Test Accuracy: 41.66056598535987%
2024-02-03 20:31:02,149 - INFO - Epoch [392/500], Loss: 0.581888031383807, Accuracy: 90.1535682023487%
2024-02-03 20:31:02,311 - INFO - Epoch [393/500], Loss: 0.5805307628417556, Accuracy: 90.1535682023487%
2024-02-03 20:31:02,432 - INFO - Epoch [394/500], Loss: 0.5791791100054979, Accuracy: 90.1535682023487%
2024-02-03 20:31:02,562 - INFO - Epoch [395/500], Loss: 0.5778328852558677, Accuracy: 90.1535682023487%
2024-02-03 20:31:02,691 - INFO - Epoch [396/500], Loss: 0.5764919709075581, Accuracy: 90.18367961457392%
2024-02-03 20:31:02,819 - INFO - Epoch [397/500], Loss: 0.5751565549183976, Accuracy: 90.19873532068654%
2024-02-03 20:31:02,948 - INFO - Epoch [398/500], Loss: 0.5738265014846217, Accuracy: 90.21379102679916%
2024-02-03 20:31:03,077 - INFO - Epoch [399/500], Loss: 0.5725017183206298, Accuracy: 90.21379102679916%
2024-02-03 20:31:03,203 - INFO - Epoch [400/500], Loss: 0.571182195097208, Accuracy: 90.22884673291178%
2024-02-03 20:31:03,338 - INFO - Epoch [401/500], Loss: 0.5698680449277163, Accuracy: 90.258958145137%
2024-02-03 20:31:03,354 - INFO - Test Accuracy: 40.27972027972028%, Balanced Test Accuracy: 41.63398437983089%
2024-02-03 20:31:03,498 - INFO - Epoch [402/500], Loss: 0.5685590630905195, Accuracy: 90.258958145137%
2024-02-03 20:31:03,646 - INFO - Epoch [403/500], Loss: 0.5672552841292187, Accuracy: 90.28906955736224%
2024-02-03 20:31:03,794 - INFO - Epoch [404/500], Loss: 0.5659566926346584, Accuracy: 90.3342366757001%
2024-02-03 20:31:03,954 - INFO - Epoch [405/500], Loss: 0.5646632156250152, Accuracy: 90.36434808792532%
2024-02-03 20:31:04,106 - INFO - Epoch [406/500], Loss: 0.5633748994970863, Accuracy: 90.36434808792532%
2024-02-03 20:31:04,234 - INFO - Epoch [407/500], Loss: 0.5620916424827143, Accuracy: 90.37940379403794%
2024-02-03 20:31:04,356 - INFO - Epoch [408/500], Loss: 0.5608134129169312, Accuracy: 90.39445950015056%
2024-02-03 20:31:04,477 - INFO - Epoch [409/500], Loss: 0.559540213339708, Accuracy: 90.40951520626318%
2024-02-03 20:31:04,616 - INFO - Epoch [410/500], Loss: 0.5582720037888397, Accuracy: 90.39445950015056%
2024-02-03 20:31:04,761 - INFO - Epoch [411/500], Loss: 0.5570087934082205, Accuracy: 90.40951520626318%
2024-02-03 20:31:04,777 - INFO - Test Accuracy: 40.55944055944056%, Balanced Test Accuracy: 42.33962878027641%
2024-02-03 20:31:04,947 - INFO - Epoch [412/500], Loss: 0.5557504812763496, Accuracy: 90.42457091237578%
2024-02-03 20:31:05,095 - INFO - Epoch [413/500], Loss: 0.5544970858503472, Accuracy: 90.45468232460102%
2024-02-03 20:31:05,223 - INFO - Epoch [414/500], Loss: 0.5532485885037617, Accuracy: 90.49984944293887%
2024-02-03 20:31:05,354 - INFO - Epoch [415/500], Loss: 0.5520049265839837, Accuracy: 90.49984944293887%
2024-02-03 20:31:05,482 - INFO - Epoch [416/500], Loss: 0.5507660704580221, Accuracy: 90.56007226738934%
2024-02-03 20:31:05,618 - INFO - Epoch [417/500], Loss: 0.5495320209725336, Accuracy: 90.57512797350196%
2024-02-03 20:31:05,775 - INFO - Epoch [418/500], Loss: 0.5483028058978644, Accuracy: 90.59018367961457%
2024-02-03 20:31:05,927 - INFO - Epoch [419/500], Loss: 0.5470782325349071, Accuracy: 90.62029509183981%
2024-02-03 20:31:06,066 - INFO - Epoch [420/500], Loss: 0.5458584573458541, Accuracy: 90.62029509183981%
2024-02-03 20:31:06,205 - INFO - Epoch [421/500], Loss: 0.5446433152326129, Accuracy: 90.63535079795243%
2024-02-03 20:31:06,221 - INFO - Test Accuracy: 40.76923076923077%, Balanced Test Accuracy: 42.40012838995636%
2024-02-03 20:31:06,353 - INFO - Epoch [422/500], Loss: 0.5434328256682917, Accuracy: 90.63535079795243%
2024-02-03 20:31:06,479 - INFO - Epoch [423/500], Loss: 0.542227033356374, Accuracy: 90.65040650406505%
2024-02-03 20:31:06,594 - INFO - Epoch [424/500], Loss: 0.5410258040170778, Accuracy: 90.65040650406505%
2024-02-03 20:31:06,714 - INFO - Epoch [425/500], Loss: 0.5398291615261273, Accuracy: 90.65040650406505%
2024-02-03 20:31:06,838 - INFO - Epoch [426/500], Loss: 0.5386370837011121, Accuracy: 90.66546221017765%
2024-02-03 20:31:06,962 - INFO - Epoch [427/500], Loss: 0.5374495304104957, Accuracy: 90.69557362240289%
2024-02-03 20:31:07,089 - INFO - Epoch [428/500], Loss: 0.5362665346738967, Accuracy: 90.72568503462813%
2024-02-03 20:31:07,215 - INFO - Epoch [429/500], Loss: 0.5350879083641551, Accuracy: 90.72568503462813%
2024-02-03 20:31:07,343 - INFO - Epoch [430/500], Loss: 0.5339138384231112, Accuracy: 90.75579644685335%
2024-02-03 20:31:07,463 - INFO - Epoch [431/500], Loss: 0.5327441539954055, Accuracy: 90.77085215296597%
2024-02-03 20:31:07,479 - INFO - Test Accuracy: 40.83916083916084%, Balanced Test Accuracy: 42.410950900778865%
2024-02-03 20:31:07,600 - INFO - Epoch [432/500], Loss: 0.5315789416093718, Accuracy: 90.77085215296597%
2024-02-03 20:31:07,723 - INFO - Epoch [433/500], Loss: 0.5304180387068879, Accuracy: 90.75579644685335%
2024-02-03 20:31:07,849 - INFO - Epoch [434/500], Loss: 0.5292615245350383, Accuracy: 90.77085215296597%
2024-02-03 20:31:07,976 - INFO - Epoch [435/500], Loss: 0.5281093601476062, Accuracy: 90.77085215296597%
2024-02-03 20:31:08,102 - INFO - Epoch [436/500], Loss: 0.526961478320035, Accuracy: 90.75579644685335%
2024-02-03 20:31:08,227 - INFO - Epoch [437/500], Loss: 0.525817940688946, Accuracy: 90.77085215296597%
2024-02-03 20:31:08,350 - INFO - Epoch [438/500], Loss: 0.5246785828335718, Accuracy: 90.77085215296597%
2024-02-03 20:31:08,465 - INFO - Epoch [439/500], Loss: 0.523543519391255, Accuracy: 90.78590785907859%
2024-02-03 20:31:08,582 - INFO - Epoch [440/500], Loss: 0.5224126338620078, Accuracy: 90.81601927130383%
2024-02-03 20:31:08,726 - INFO - Epoch [441/500], Loss: 0.5212859888984398, Accuracy: 90.83107497741643%
2024-02-03 20:31:08,742 - INFO - Test Accuracy: 40.48951048951049%, Balanced Test Accuracy: 42.23066022860114%
2024-02-03 20:31:08,860 - INFO - Epoch [442/500], Loss: 0.520163519307971, Accuracy: 90.86118638964167%
2024-02-03 20:31:08,977 - INFO - Epoch [443/500], Loss: 0.5190452030775222, Accuracy: 90.8762420957543%
2024-02-03 20:31:09,098 - INFO - Epoch [444/500], Loss: 0.5179309768771584, Accuracy: 90.89129780186691%
2024-02-03 20:31:09,214 - INFO - Epoch [445/500], Loss: 0.5168207966807213, Accuracy: 90.90635350797952%
2024-02-03 20:31:09,327 - INFO - Epoch [446/500], Loss: 0.5157148231836882, Accuracy: 90.93646492020476%
2024-02-03 20:31:09,447 - INFO - Epoch [447/500], Loss: 0.5146128276193683, Accuracy: 90.98163203854261%
2024-02-03 20:31:09,562 - INFO - Epoch [448/500], Loss: 0.5135149290277199, Accuracy: 90.98163203854261%
2024-02-03 20:31:09,676 - INFO - Epoch [449/500], Loss: 0.5124210071834651, Accuracy: 90.99668774465522%
2024-02-03 20:31:09,793 - INFO - Epoch [450/500], Loss: 0.5113311098380522, Accuracy: 91.04185486299308%
2024-02-03 20:31:09,908 - INFO - Epoch [451/500], Loss: 0.5102451316673647, Accuracy: 91.04185486299308%
2024-02-03 20:31:09,922 - INFO - Test Accuracy: 40.6993006993007%, Balanced Test Accuracy: 42.29608279402371%
2024-02-03 20:31:10,038 - INFO - Epoch [452/500], Loss: 0.509163182398135, Accuracy: 91.0569105691057%
2024-02-03 20:31:10,155 - INFO - Epoch [453/500], Loss: 0.5080850793218071, Accuracy: 91.0719662752183%
2024-02-03 20:31:10,267 - INFO - Epoch [454/500], Loss: 0.5070109484209255, Accuracy: 91.10207768744354%
2024-02-03 20:31:10,378 - INFO - Epoch [455/500], Loss: 0.5059407136657021, Accuracy: 91.13218909966878%
2024-02-03 20:31:10,515 - INFO - Epoch [456/500], Loss: 0.5048742868344892, Accuracy: 91.13218909966878%
2024-02-03 20:31:10,631 - INFO - Epoch [457/500], Loss: 0.5038117437877438, Accuracy: 91.1472448057814%
2024-02-03 20:31:10,748 - INFO - Epoch [458/500], Loss: 0.5027530247514899, Accuracy: 91.19241192411924%
2024-02-03 20:31:10,869 - INFO - Epoch [459/500], Loss: 0.5016981598667123, Accuracy: 91.22252333634448%
2024-02-03 20:31:10,990 - INFO - Epoch [460/500], Loss: 0.5006470231508667, Accuracy: 91.23757904245709%
2024-02-03 20:31:11,119 - INFO - Epoch [461/500], Loss: 0.4995996525341814, Accuracy: 91.23757904245709%
2024-02-03 20:31:11,135 - INFO - Test Accuracy: 40.90909090909091%, Balanced Test Accuracy: 42.35764127663483%
2024-02-03 20:31:11,278 - INFO - Epoch [462/500], Loss: 0.4985560796816241, Accuracy: 91.23757904245709%
2024-02-03 20:31:11,406 - INFO - Epoch [463/500], Loss: 0.49751620841297234, Accuracy: 91.2526347485697%
2024-02-03 20:31:11,534 - INFO - Epoch [464/500], Loss: 0.49648005210540513, Accuracy: 91.2526347485697%
2024-02-03 20:31:11,660 - INFO - Epoch [465/500], Loss: 0.49544754438102245, Accuracy: 91.26769045468232%
2024-02-03 20:31:11,779 - INFO - Epoch [466/500], Loss: 0.4944187407805161, Accuracy: 91.31285757302018%
2024-02-03 20:31:11,903 - INFO - Epoch [467/500], Loss: 0.4933935705233704, Accuracy: 91.32791327913279%
2024-02-03 20:31:12,045 - INFO - Epoch [468/500], Loss: 0.49237210252745583, Accuracy: 91.35802469135803%
2024-02-03 20:31:12,179 - INFO - Epoch [469/500], Loss: 0.4913541672920639, Accuracy: 91.35802469135803%
2024-02-03 20:31:12,320 - INFO - Epoch [470/500], Loss: 0.4903398459269242, Accuracy: 91.38813610358326%
2024-02-03 20:31:12,443 - INFO - Epoch [471/500], Loss: 0.48932911320166156, Accuracy: 91.38813610358326%
2024-02-03 20:31:12,456 - INFO - Test Accuracy: 41.04895104895105%, Balanced Test Accuracy: 42.379286298279844%
2024-02-03 20:31:12,577 - INFO - Epoch [472/500], Loss: 0.4883218783546578, Accuracy: 91.40319180969587%
2024-02-03 20:31:12,700 - INFO - Epoch [473/500], Loss: 0.48731829141351307, Accuracy: 91.40319180969587%
2024-02-03 20:31:12,826 - INFO - Epoch [474/500], Loss: 0.4863181488419121, Accuracy: 91.41824751580849%
2024-02-03 20:31:12,964 - INFO - Epoch [475/500], Loss: 0.48532152599231765, Accuracy: 91.41824751580849%
2024-02-03 20:31:13,097 - INFO - Epoch [476/500], Loss: 0.484328358349475, Accuracy: 91.44835892803373%
2024-02-03 20:31:13,222 - INFO - Epoch [477/500], Loss: 0.48333868418227544, Accuracy: 91.44835892803373%
2024-02-03 20:31:13,348 - INFO - Epoch [478/500], Loss: 0.482352508909323, Accuracy: 91.46341463414635%
2024-02-03 20:31:13,474 - INFO - Epoch [479/500], Loss: 0.48136967132714664, Accuracy: 91.46341463414635%
2024-02-03 20:31:13,599 - INFO - Epoch [480/500], Loss: 0.48039024509489536, Accuracy: 91.46341463414635%
2024-02-03 20:31:13,722 - INFO - Epoch [481/500], Loss: 0.4794142850759355, Accuracy: 91.46341463414635%
2024-02-03 20:31:13,739 - INFO - Test Accuracy: 41.60839160839161%, Balanced Test Accuracy: 43.297713241296954%
2024-02-03 20:31:13,865 - INFO - Epoch [482/500], Loss: 0.4784417218444022, Accuracy: 91.50858175248419%
2024-02-03 20:31:13,984 - INFO - Epoch [483/500], Loss: 0.47747245007617906, Accuracy: 91.52363745859681%
2024-02-03 20:31:14,104 - INFO - Epoch [484/500], Loss: 0.4765065229413184, Accuracy: 91.52363745859681%
2024-02-03 20:31:14,230 - INFO - Epoch [485/500], Loss: 0.47554394585842436, Accuracy: 91.53869316470943%
2024-02-03 20:31:14,355 - INFO - Epoch [486/500], Loss: 0.4745846888558431, Accuracy: 91.55374887082205%
2024-02-03 20:31:14,486 - INFO - Epoch [487/500], Loss: 0.47362867183983326, Accuracy: 91.56880457693465%
2024-02-03 20:31:14,612 - INFO - Epoch [488/500], Loss: 0.4726759784600951, Accuracy: 91.56880457693465%
2024-02-03 20:31:14,740 - INFO - Epoch [489/500], Loss: 0.4717265472493388, Accuracy: 91.58386028304727%
2024-02-03 20:31:14,865 - INFO - Epoch [490/500], Loss: 0.4707803506065499, Accuracy: 91.58386028304727%
2024-02-03 20:31:14,993 - INFO - Epoch [491/500], Loss: 0.46983735856007447, Accuracy: 91.59891598915989%
2024-02-03 20:31:15,009 - INFO - Test Accuracy: 41.67832167832168%, Balanced Test Accuracy: 43.30925417389052%
2024-02-03 20:31:15,142 - INFO - Epoch [492/500], Loss: 0.468897591937672, Accuracy: 91.62902740138513%
2024-02-03 20:31:15,265 - INFO - Epoch [493/500], Loss: 0.46796106547117233, Accuracy: 91.64408310749774%
2024-02-03 20:31:15,387 - INFO - Epoch [494/500], Loss: 0.46702762049707497, Accuracy: 91.64408310749774%
2024-02-03 20:31:15,510 - INFO - Epoch [495/500], Loss: 0.4660973972217603, Accuracy: 91.67419451972297%
2024-02-03 20:31:15,628 - INFO - Epoch [496/500], Loss: 0.4651702901517803, Accuracy: 91.70430593194821%
2024-02-03 20:31:15,749 - INFO - Epoch [497/500], Loss: 0.4642463417893106, Accuracy: 91.70430593194821%
2024-02-03 20:31:15,871 - INFO - Epoch [498/500], Loss: 0.4633255370638587, Accuracy: 91.73441734417344%
2024-02-03 20:31:15,990 - INFO - Epoch [499/500], Loss: 0.46240777302194724, Accuracy: 91.74947305028606%
2024-02-03 20:31:16,107 - INFO - Epoch [500/500], Loss: 0.4614931107922034, Accuracy: 91.74947305028606%
2024-02-03 20:31:16,143 - INFO - Test Accuracy: 44.19441944194419%, Balanced Test Accuracy: 42.10653630389294%
2024-02-03 20:31:16,207 - INFO - Final unblanced test accuracy: 44.19441944194419% and final balanced test accuracy 42.10653630389294
