2024-01-24 00:26:25,764 - INFO - Configuration:
{
    "task": "5",
    "topic": ".testfordumbfucks",
    "train_classifier": false,
    "number_gpus": "1",
    "modalities": [
        "rgb"
    ],
    "encoder_model": "MAE",
    "mask_ratio": 0.8,
    "dataset": "DAA",
    "split": "0",
    "epochs": 100,
    "res_cktp": false,
    "cktp_dir": "/home/bas06400/Thesis/VIP/src/align_checkpoints/mae_checkpoints",
    "trained_encoder": "checkpoint_rgb_CV_20240118_052027.pth",
    "learning_rate": 0.0001,
    "temperature": 0.1,
    "num_workers": 10,
    "batch_size": 8,
    "data_root": "/net/polaris/storage/deeplearning/ntu",
    "random_sample": false,
    "pin_memory": true,
    "scheduler_config": {
        "type": "plateau",
        "params": {
            "mode": "min",
            "factor": 0.1,
            "patience": 5
        }
    }
}
2024-01-24 00:26:25,810 - INFO - Training MAE for rgb...
2024-01-24 00:26:25,863 - INFO - Evaluing on the following GPUs [2]
2024-01-24 00:31:44,256 - INFO - Epoch: 0, Average Training Loss: 0.3868012546990896
2024-01-24 00:32:11,727 - INFO - Epoch: 0, Validation Training Loss: 0.2984063205772272
2024-01-24 00:32:19,134 - INFO - Saved checkpoint at epoch 0 to /home/bas06400/Thesis/VIP/src/align_checkpoints/mae_checkpoints/checkpoint_rgb_0_20240124_002637.pth
2024-01-24 00:37:24,390 - INFO - Epoch: 1, Average Training Loss: 0.16782461679691874
2024-01-24 00:37:51,155 - INFO - Epoch: 1, Validation Training Loss: 0.22418456815974006
2024-01-24 00:37:59,607 - INFO - Saved checkpoint at epoch 1 to /home/bas06400/Thesis/VIP/src/align_checkpoints/mae_checkpoints/checkpoint_rgb_0_20240124_002637.pth
2024-01-24 00:43:05,076 - INFO - Epoch: 2, Average Training Loss: 0.12644126313759818
2024-01-24 00:43:32,284 - INFO - Epoch: 2, Validation Training Loss: 0.18213387849277624
2024-01-24 00:43:38,988 - INFO - Saved checkpoint at epoch 2 to /home/bas06400/Thesis/VIP/src/align_checkpoints/mae_checkpoints/checkpoint_rgb_0_20240124_002637.pth
2024-01-24 00:48:44,327 - INFO - Epoch: 3, Average Training Loss: 0.10357977665073174
2024-01-24 00:49:11,544 - INFO - Epoch: 3, Validation Training Loss: 0.162111488092878
2024-01-24 00:49:17,597 - INFO - Saved checkpoint at epoch 3 to /home/bas06400/Thesis/VIP/src/align_checkpoints/mae_checkpoints/checkpoint_rgb_0_20240124_002637.pth
2024-01-24 00:54:23,741 - INFO - Epoch: 4, Average Training Loss: 0.0930989421097165
2024-01-24 00:54:51,037 - INFO - Epoch: 4, Validation Training Loss: 0.14704483685047268
2024-01-24 00:55:29,793 - INFO - Saved checkpoint at epoch 4 to /home/bas06400/Thesis/VIP/src/align_checkpoints/mae_checkpoints/checkpoint_rgb_0_20240124_002637.pth
2024-01-24 01:00:34,709 - INFO - Epoch: 5, Average Training Loss: 0.0823395054711188
2024-01-24 01:01:01,749 - INFO - Epoch: 5, Validation Training Loss: 0.1371256572990444
2024-01-24 01:01:09,214 - INFO - Saved checkpoint at epoch 5 to /home/bas06400/Thesis/VIP/src/align_checkpoints/mae_checkpoints/checkpoint_rgb_0_20240124_002637.pth
2024-01-24 01:06:14,159 - INFO - Epoch: 6, Average Training Loss: 0.07865005389089046
2024-01-24 01:06:40,611 - INFO - Epoch: 6, Validation Training Loss: 0.13440859380214573
2024-01-24 01:07:01,782 - INFO - Saved checkpoint at epoch 6 to /home/bas06400/Thesis/VIP/src/align_checkpoints/mae_checkpoints/checkpoint_rgb_0_20240124_002637.pth
2024-01-24 01:12:06,660 - INFO - Epoch: 7, Average Training Loss: 0.07177407728456561
2024-01-24 01:12:33,530 - INFO - Epoch: 7, Validation Training Loss: 0.12905135659199188
2024-01-24 01:12:52,866 - INFO - Saved checkpoint at epoch 7 to /home/bas06400/Thesis/VIP/src/align_checkpoints/mae_checkpoints/checkpoint_rgb_0_20240124_002637.pth
2024-01-24 01:17:57,945 - INFO - Epoch: 8, Average Training Loss: 0.07008653573880126
2024-01-24 01:18:25,123 - INFO - Epoch: 8, Validation Training Loss: 0.12842348809015816
2024-01-24 01:18:32,965 - INFO - Saved checkpoint at epoch 8 to /home/bas06400/Thesis/VIP/src/align_checkpoints/mae_checkpoints/checkpoint_rgb_0_20240124_002637.pth
2024-01-24 01:23:38,861 - INFO - Epoch: 9, Average Training Loss: 0.06590063580806074
2024-01-24 01:24:05,829 - INFO - Epoch: 9, Validation Training Loss: 0.11815465774449556
2024-01-24 01:24:12,550 - INFO - Saved checkpoint at epoch 9 to /home/bas06400/Thesis/VIP/src/align_checkpoints/mae_checkpoints/checkpoint_rgb_0_20240124_002637.pth
2024-01-24 01:29:18,687 - INFO - Epoch: 10, Average Training Loss: 0.06274280065914928
2024-01-24 01:29:45,865 - INFO - Epoch: 10, Validation Training Loss: 0.11765213668679392
2024-01-24 01:29:56,581 - INFO - Saved checkpoint at epoch 10 to /home/bas06400/Thesis/VIP/src/align_checkpoints/mae_checkpoints/checkpoint_rgb_0_20240124_002637.pth
2024-01-24 01:36:25,464 - INFO - Epoch: 11, Average Training Loss: 0.06221510322874347
2024-01-24 01:36:52,501 - INFO - Epoch: 11, Validation Training Loss: 0.11748692896945516
2024-01-24 01:37:14,020 - INFO - Saved checkpoint at epoch 11 to /home/bas06400/Thesis/VIP/src/align_checkpoints/mae_checkpoints/checkpoint_rgb_0_20240124_002637.pth
2024-01-24 01:42:19,457 - INFO - Epoch: 12, Average Training Loss: 0.05965165389089808
2024-01-24 01:42:46,632 - INFO - Epoch: 12, Validation Training Loss: 0.1132832831344125
2024-01-24 01:43:11,019 - INFO - Saved checkpoint at epoch 12 to /home/bas06400/Thesis/VIP/src/align_checkpoints/mae_checkpoints/checkpoint_rgb_0_20240124_002637.pth
2024-01-24 01:48:16,039 - INFO - Epoch: 13, Average Training Loss: 0.05757654077237837
2024-01-24 01:48:43,237 - INFO - Epoch: 13, Validation Training Loss: 0.10852846667670005
2024-01-24 01:48:49,507 - INFO - Saved checkpoint at epoch 13 to /home/bas06400/Thesis/VIP/src/align_checkpoints/mae_checkpoints/checkpoint_rgb_0_20240124_002637.pth
2024-01-24 01:53:54,960 - INFO - Epoch: 14, Average Training Loss: 0.05643850981418119
2024-01-24 01:54:22,057 - INFO - Epoch: 14, Validation Training Loss: 0.10784607418089606
2024-01-24 01:54:42,284 - INFO - Saved checkpoint at epoch 14 to /home/bas06400/Thesis/VIP/src/align_checkpoints/mae_checkpoints/checkpoint_rgb_0_20240124_002637.pth
2024-01-24 01:59:46,895 - INFO - Epoch: 15, Average Training Loss: 0.05592953902809342
2024-01-24 02:00:13,833 - INFO - Epoch: 15, Validation Training Loss: 0.10849066609360652
2024-01-24 02:05:19,799 - INFO - Epoch: 16, Average Training Loss: 0.053996636652164656
2024-01-24 02:05:46,711 - INFO - Epoch: 16, Validation Training Loss: 0.10855549245073809
2024-01-24 02:10:52,057 - INFO - Epoch: 17, Average Training Loss: 0.05240691036308715
2024-01-24 02:11:19,435 - INFO - Epoch: 17, Validation Training Loss: 0.10286766136658258
2024-01-24 02:11:30,513 - INFO - Saved checkpoint at epoch 17 to /home/bas06400/Thesis/VIP/src/align_checkpoints/mae_checkpoints/checkpoint_rgb_0_20240124_002637.pth
2024-01-24 02:16:36,193 - INFO - Epoch: 18, Average Training Loss: 0.05126466648260896
2024-01-24 02:17:03,167 - INFO - Epoch: 18, Validation Training Loss: 0.10570349762809343
2024-01-24 02:22:08,822 - INFO - Epoch: 19, Average Training Loss: 0.052114842977334444
2024-01-24 02:22:36,387 - INFO - Epoch: 19, Validation Training Loss: 0.10079995116125272
2024-01-24 02:22:45,255 - INFO - Saved checkpoint at epoch 19 to /home/bas06400/Thesis/VIP/src/align_checkpoints/mae_checkpoints/checkpoint_rgb_0_20240124_002637.pth
2024-01-24 02:27:50,571 - INFO - Epoch: 20, Average Training Loss: 0.050237382341862154
2024-01-24 02:28:17,236 - INFO - Epoch: 20, Validation Training Loss: 0.10922901382326414
2024-01-24 02:33:22,948 - INFO - Epoch: 21, Average Training Loss: 0.04838746976192534
2024-01-24 02:33:50,043 - INFO - Epoch: 21, Validation Training Loss: 0.09804940198719835
2024-01-24 02:34:14,735 - INFO - Saved checkpoint at epoch 21 to /home/bas06400/Thesis/VIP/src/align_checkpoints/mae_checkpoints/checkpoint_rgb_0_20240124_002637.pth
2024-01-24 02:39:19,744 - INFO - Epoch: 22, Average Training Loss: 0.048395667879625924
2024-01-24 02:39:46,835 - INFO - Epoch: 22, Validation Training Loss: 0.0984318629531554
2024-01-24 02:44:52,812 - INFO - Epoch: 23, Average Training Loss: 0.04729417010146573
2024-01-24 02:45:20,133 - INFO - Epoch: 23, Validation Training Loss: 0.09660781129112457
2024-01-24 02:45:52,770 - INFO - Saved checkpoint at epoch 23 to /home/bas06400/Thesis/VIP/src/align_checkpoints/mae_checkpoints/checkpoint_rgb_0_20240124_002637.pth
2024-01-24 02:50:57,803 - INFO - Epoch: 24, Average Training Loss: 0.046646833448938656
2024-01-24 02:51:25,130 - INFO - Epoch: 24, Validation Training Loss: 0.09654715084913057
2024-01-24 02:52:00,494 - INFO - Saved checkpoint at epoch 24 to /home/bas06400/Thesis/VIP/src/align_checkpoints/mae_checkpoints/checkpoint_rgb_0_20240124_002637.pth
2024-01-24 02:57:04,055 - INFO - Epoch: 25, Average Training Loss: 0.04635396971626187
2024-01-24 02:57:30,238 - INFO - Epoch: 25, Validation Training Loss: 0.09558453560707955
2024-01-24 02:57:44,966 - INFO - Saved checkpoint at epoch 25 to /home/bas06400/Thesis/VIP/src/align_checkpoints/mae_checkpoints/checkpoint_rgb_0_20240124_002637.pth
2024-01-24 03:02:49,629 - INFO - Epoch: 26, Average Training Loss: 0.047189174690670486
2024-01-24 03:03:16,584 - INFO - Epoch: 26, Validation Training Loss: 0.09309214599139197
2024-01-24 03:03:35,853 - INFO - Saved checkpoint at epoch 26 to /home/bas06400/Thesis/VIP/src/align_checkpoints/mae_checkpoints/checkpoint_rgb_0_20240124_002637.pth
2024-01-24 03:08:41,132 - INFO - Epoch: 27, Average Training Loss: 0.044703482788069585
2024-01-24 03:09:08,112 - INFO - Epoch: 27, Validation Training Loss: 0.09499023634128731
2024-01-24 03:14:13,422 - INFO - Epoch: 28, Average Training Loss: 0.044934289534402524
2024-01-24 03:14:40,768 - INFO - Epoch: 28, Validation Training Loss: 0.09321326631324252
2024-01-24 03:19:46,782 - INFO - Epoch: 29, Average Training Loss: 0.04358157313122861
2024-01-24 03:20:13,706 - INFO - Epoch: 29, Validation Training Loss: 0.0908979813896078
2024-01-24 03:20:28,468 - INFO - Saved checkpoint at epoch 29 to /home/bas06400/Thesis/VIP/src/align_checkpoints/mae_checkpoints/checkpoint_rgb_0_20240124_002637.pth
2024-01-24 03:25:33,857 - INFO - Epoch: 30, Average Training Loss: 0.04400462476328177
2024-01-24 03:26:01,054 - INFO - Epoch: 30, Validation Training Loss: 0.09308928311620344
2024-01-24 03:31:06,485 - INFO - Epoch: 31, Average Training Loss: 0.04295922966201024
2024-01-24 03:31:33,803 - INFO - Epoch: 31, Validation Training Loss: 0.09025591774193269
2024-01-24 03:31:45,970 - INFO - Saved checkpoint at epoch 31 to /home/bas06400/Thesis/VIP/src/align_checkpoints/mae_checkpoints/checkpoint_rgb_0_20240124_002637.pth
2024-01-24 03:36:51,440 - INFO - Epoch: 32, Average Training Loss: 0.042170192788564625
2024-01-24 03:37:18,446 - INFO - Epoch: 32, Validation Training Loss: 0.09173836450836512
2024-01-24 03:42:23,614 - INFO - Epoch: 33, Average Training Loss: 0.041775165252369593
2024-01-24 03:42:50,486 - INFO - Epoch: 33, Validation Training Loss: 0.09255547026515673
2024-01-24 03:47:56,012 - INFO - Epoch: 34, Average Training Loss: 0.04146661276107589
2024-01-24 03:48:23,070 - INFO - Epoch: 34, Validation Training Loss: 0.08847045962953701
2024-01-24 03:48:30,071 - INFO - Saved checkpoint at epoch 34 to /home/bas06400/Thesis/VIP/src/align_checkpoints/mae_checkpoints/checkpoint_rgb_0_20240124_002637.pth
2024-01-24 03:53:34,524 - INFO - Epoch: 35, Average Training Loss: 0.041679730159191304
2024-01-24 03:54:01,930 - INFO - Epoch: 35, Validation Training Loss: 0.08948642292252466
2024-01-24 03:59:07,117 - INFO - Epoch: 36, Average Training Loss: 0.04080449472373143
2024-01-24 03:59:34,003 - INFO - Epoch: 36, Validation Training Loss: 0.08882793788303876
2024-01-24 04:04:39,247 - INFO - Epoch: 37, Average Training Loss: 0.04074063010191014
2024-01-24 04:05:06,360 - INFO - Epoch: 37, Validation Training Loss: 0.08747411019808753
2024-01-24 04:05:26,978 - INFO - Saved checkpoint at epoch 37 to /home/bas06400/Thesis/VIP/src/align_checkpoints/mae_checkpoints/checkpoint_rgb_0_20240124_002637.pth
2024-01-24 04:10:32,124 - INFO - Epoch: 38, Average Training Loss: 0.0397708599111592
2024-01-24 04:10:59,144 - INFO - Epoch: 38, Validation Training Loss: 0.08721122297578018
2024-01-24 04:11:12,239 - INFO - Saved checkpoint at epoch 38 to /home/bas06400/Thesis/VIP/src/align_checkpoints/mae_checkpoints/checkpoint_rgb_0_20240124_002637.pth
2024-01-24 04:16:17,137 - INFO - Epoch: 39, Average Training Loss: 0.0395584471017194
2024-01-24 04:16:43,995 - INFO - Epoch: 39, Validation Training Loss: 0.08690434579825934
2024-01-24 04:17:16,581 - INFO - Saved checkpoint at epoch 39 to /home/bas06400/Thesis/VIP/src/align_checkpoints/mae_checkpoints/checkpoint_rgb_0_20240124_002637.pth
2024-01-24 04:22:21,510 - INFO - Epoch: 40, Average Training Loss: 0.0403690921898066
2024-01-24 04:22:48,525 - INFO - Epoch: 40, Validation Training Loss: 0.08427703170386773
2024-01-24 04:22:56,156 - INFO - Saved checkpoint at epoch 40 to /home/bas06400/Thesis/VIP/src/align_checkpoints/mae_checkpoints/checkpoint_rgb_0_20240124_002637.pth
2024-01-24 04:28:01,290 - INFO - Epoch: 41, Average Training Loss: 0.03876694046839552
2024-01-24 04:28:28,489 - INFO - Epoch: 41, Validation Training Loss: 0.08548998882650663
2024-01-24 04:33:34,239 - INFO - Epoch: 42, Average Training Loss: 0.038395192386710256
2024-01-24 04:34:01,188 - INFO - Epoch: 42, Validation Training Loss: 0.08579256204503209
2024-01-24 04:39:06,198 - INFO - Epoch: 43, Average Training Loss: 0.03881701158312576
2024-01-24 04:39:33,076 - INFO - Epoch: 43, Validation Training Loss: 0.08489148429069439
2024-01-24 04:44:38,251 - INFO - Epoch: 44, Average Training Loss: 0.037903643689520664
2024-01-24 04:45:04,486 - INFO - Epoch: 44, Validation Training Loss: 0.08432772911710446
2024-01-24 04:50:09,269 - INFO - Epoch: 45, Average Training Loss: 0.03798584353792897
2024-01-24 04:50:35,953 - INFO - Epoch: 45, Validation Training Loss: 0.08329986814180566
2024-01-24 04:50:49,827 - INFO - Saved checkpoint at epoch 45 to /home/bas06400/Thesis/VIP/src/align_checkpoints/mae_checkpoints/checkpoint_rgb_0_20240124_002637.pth
2024-01-24 04:55:54,489 - INFO - Epoch: 46, Average Training Loss: 0.03799494737860098
2024-01-24 04:56:21,358 - INFO - Epoch: 46, Validation Training Loss: 0.08364337855460924
2024-01-24 05:01:26,769 - INFO - Epoch: 47, Average Training Loss: 0.03714249008497678
2024-01-24 05:01:53,600 - INFO - Epoch: 47, Validation Training Loss: 0.08896337911569872
2024-01-24 05:06:59,421 - INFO - Epoch: 48, Average Training Loss: 0.03818698964394387
2024-01-24 05:07:26,800 - INFO - Epoch: 48, Validation Training Loss: 0.08350867234878034
2024-01-24 05:12:31,436 - INFO - Epoch: 49, Average Training Loss: 0.03693388854562519
2024-01-24 05:12:58,156 - INFO - Epoch: 49, Validation Training Loss: 0.08501682313960358
2024-01-24 05:18:03,637 - INFO - Epoch: 50, Average Training Loss: 0.03629833911954639
2024-01-24 05:18:30,673 - INFO - Epoch: 50, Validation Training Loss: 0.081787443027816
2024-01-24 05:18:37,901 - INFO - Saved checkpoint at epoch 50 to /home/bas06400/Thesis/VIP/src/align_checkpoints/mae_checkpoints/checkpoint_rgb_0_20240124_002637.pth
2024-01-24 05:23:42,928 - INFO - Epoch: 51, Average Training Loss: 0.036092301667023506
2024-01-24 05:24:10,095 - INFO - Epoch: 51, Validation Training Loss: 0.08157928506505556
2024-01-24 05:24:53,511 - INFO - Saved checkpoint at epoch 51 to /home/bas06400/Thesis/VIP/src/align_checkpoints/mae_checkpoints/checkpoint_rgb_0_20240124_002637.pth
2024-01-24 05:29:58,037 - INFO - Epoch: 52, Average Training Loss: 0.036497164304703296
2024-01-24 05:30:24,535 - INFO - Epoch: 52, Validation Training Loss: 0.07977087587617629
2024-01-24 05:31:10,037 - INFO - Saved checkpoint at epoch 52 to /home/bas06400/Thesis/VIP/src/align_checkpoints/mae_checkpoints/checkpoint_rgb_0_20240124_002637.pth
2024-01-24 05:36:13,990 - INFO - Epoch: 53, Average Training Loss: 0.035616242009630844
2024-01-24 05:36:40,910 - INFO - Epoch: 53, Validation Training Loss: 0.08216008331689088
2024-01-24 05:41:46,715 - INFO - Epoch: 54, Average Training Loss: 0.03574442581041625
2024-01-24 05:42:13,871 - INFO - Epoch: 54, Validation Training Loss: 0.08107078110788787
2024-01-24 05:47:19,180 - INFO - Epoch: 55, Average Training Loss: 0.03541088486639458
2024-01-24 05:47:46,110 - INFO - Epoch: 55, Validation Training Loss: 0.08049076121279647
2024-01-24 05:52:51,809 - INFO - Epoch: 56, Average Training Loss: 0.03575459309594726
2024-01-24 05:53:18,959 - INFO - Epoch: 56, Validation Training Loss: 0.08154426681595808
2024-01-24 05:58:24,918 - INFO - Epoch: 57, Average Training Loss: 0.03487719086623077
2024-01-24 05:58:52,050 - INFO - Epoch: 57, Validation Training Loss: 0.08060975175080352
2024-01-24 06:03:57,641 - INFO - Epoch: 58, Average Training Loss: 0.03518419734299828
2024-01-24 06:04:24,624 - INFO - Epoch: 58, Validation Training Loss: 0.07838344838282915
2024-01-24 06:04:36,465 - INFO - Saved checkpoint at epoch 58 to /home/bas06400/Thesis/VIP/src/align_checkpoints/mae_checkpoints/checkpoint_rgb_0_20240124_002637.pth
2024-01-24 06:09:42,342 - INFO - Epoch: 59, Average Training Loss: 0.034506591868493815
2024-01-24 06:10:09,420 - INFO - Epoch: 59, Validation Training Loss: 0.07873789083691282
2024-01-24 06:15:15,024 - INFO - Epoch: 60, Average Training Loss: 0.03436152624676876
2024-01-24 06:15:41,885 - INFO - Epoch: 60, Validation Training Loss: 0.07904008134949807
2024-01-24 06:20:47,896 - INFO - Epoch: 61, Average Training Loss: 0.0352091177374519
2024-01-24 06:21:15,311 - INFO - Epoch: 61, Validation Training Loss: 0.08110581783775511
2024-01-24 06:26:20,768 - INFO - Epoch: 62, Average Training Loss: 0.03402266213972969
2024-01-24 06:26:47,866 - INFO - Epoch: 62, Validation Training Loss: 0.07923253182342599
2024-01-24 06:31:53,846 - INFO - Epoch: 63, Average Training Loss: 0.0339054855306226
2024-01-24 06:32:21,416 - INFO - Epoch: 63, Validation Training Loss: 0.0785737821010238
2024-01-24 06:37:26,668 - INFO - Epoch: 64, Average Training Loss: 0.03377957588507739
2024-01-24 06:37:53,748 - INFO - Epoch: 64, Validation Training Loss: 0.08589209023051422
2024-01-24 06:43:00,024 - INFO - Epoch: 65, Average Training Loss: 0.032477817212362585
2024-01-24 06:43:26,805 - INFO - Epoch: 65, Validation Training Loss: 0.07509858469223843
2024-01-24 06:44:11,635 - INFO - Saved checkpoint at epoch 65 to /home/bas06400/Thesis/VIP/src/align_checkpoints/mae_checkpoints/checkpoint_rgb_0_20240124_002637.pth
2024-01-24 06:49:16,766 - INFO - Epoch: 66, Average Training Loss: 0.031127063983381154
2024-01-24 06:49:44,065 - INFO - Epoch: 66, Validation Training Loss: 0.07476148063410594
2024-01-24 06:49:52,698 - INFO - Saved checkpoint at epoch 66 to /home/bas06400/Thesis/VIP/src/align_checkpoints/mae_checkpoints/checkpoint_rgb_0_20240124_002637.pth
2024-01-24 06:54:58,638 - INFO - Epoch: 67, Average Training Loss: 0.030793146433131646
2024-01-24 06:55:25,502 - INFO - Epoch: 67, Validation Training Loss: 0.07455435424377133
2024-01-24 06:55:38,665 - INFO - Saved checkpoint at epoch 67 to /home/bas06400/Thesis/VIP/src/align_checkpoints/mae_checkpoints/checkpoint_rgb_0_20240124_002637.pth
2024-01-24 07:00:44,180 - INFO - Epoch: 68, Average Training Loss: 0.03048897251177458
2024-01-24 07:02:41,395 - INFO - Epoch: 68, Validation Training Loss: 0.07439696844979371
2024-01-24 07:03:01,876 - INFO - Saved checkpoint at epoch 68 to /home/bas06400/Thesis/VIP/src/align_checkpoints/mae_checkpoints/checkpoint_rgb_0_20240124_002637.pth
2024-01-24 07:08:07,244 - INFO - Epoch: 69, Average Training Loss: 0.03032962911987563
2024-01-24 07:08:34,569 - INFO - Epoch: 69, Validation Training Loss: 0.07461642752812561
2024-01-24 07:13:40,498 - INFO - Epoch: 70, Average Training Loss: 0.030142415465089962
2024-01-24 07:14:07,670 - INFO - Epoch: 70, Validation Training Loss: 0.07489377362185351
2024-01-24 07:19:13,643 - INFO - Epoch: 71, Average Training Loss: 0.030045210083478123
2024-01-24 07:19:40,877 - INFO - Epoch: 71, Validation Training Loss: 0.07388218048980782
2024-01-24 07:19:49,978 - INFO - Saved checkpoint at epoch 71 to /home/bas06400/Thesis/VIP/src/align_checkpoints/mae_checkpoints/checkpoint_rgb_0_20240124_002637.pth
2024-01-24 07:24:55,949 - INFO - Epoch: 72, Average Training Loss: 0.029867391085205097
2024-01-24 07:25:22,818 - INFO - Epoch: 72, Validation Training Loss: 0.07431120258969301
2024-01-24 07:30:28,744 - INFO - Epoch: 73, Average Training Loss: 0.029813512457057243
2024-01-24 07:30:55,951 - INFO - Epoch: 73, Validation Training Loss: 0.074158785271578
2024-01-24 07:36:01,947 - INFO - Epoch: 74, Average Training Loss: 0.02970648620604895
2024-01-24 07:36:28,957 - INFO - Epoch: 74, Validation Training Loss: 0.07430612901485832
2024-01-24 07:41:35,522 - INFO - Epoch: 75, Average Training Loss: 0.0296920548281694
2024-01-24 07:42:02,907 - INFO - Epoch: 75, Validation Training Loss: 0.07328837687493037
2024-01-24 07:42:20,568 - INFO - Saved checkpoint at epoch 75 to /home/bas06400/Thesis/VIP/src/align_checkpoints/mae_checkpoints/checkpoint_rgb_0_20240124_002637.pth
2024-01-24 07:47:26,371 - INFO - Epoch: 76, Average Training Loss: 0.02958571342986736
2024-01-24 07:47:53,066 - INFO - Epoch: 76, Validation Training Loss: 0.07385975211941996
2024-01-24 07:52:58,843 - INFO - Epoch: 77, Average Training Loss: 0.02943446231214722
2024-01-24 07:53:26,007 - INFO - Epoch: 77, Validation Training Loss: 0.07315690526166442
2024-01-24 07:54:07,801 - INFO - Saved checkpoint at epoch 77 to /home/bas06400/Thesis/VIP/src/align_checkpoints/mae_checkpoints/checkpoint_rgb_0_20240124_002637.pth
2024-01-24 07:59:13,971 - INFO - Epoch: 78, Average Training Loss: 0.02938990088047462
2024-01-24 07:59:41,060 - INFO - Epoch: 78, Validation Training Loss: 0.07421895597317366
2024-01-24 08:04:47,294 - INFO - Epoch: 79, Average Training Loss: 0.029297740509112675
2024-01-24 08:05:14,537 - INFO - Epoch: 79, Validation Training Loss: 0.07360619152557916
2024-01-24 08:10:21,074 - INFO - Epoch: 80, Average Training Loss: 0.029275164051848844
2024-01-24 08:10:48,315 - INFO - Epoch: 80, Validation Training Loss: 0.07401038275500915
2024-01-24 08:15:54,426 - INFO - Epoch: 81, Average Training Loss: 0.029142847451662686
2024-01-24 08:16:21,416 - INFO - Epoch: 81, Validation Training Loss: 0.07365558750136604
2024-01-24 08:21:27,998 - INFO - Epoch: 82, Average Training Loss: 0.02909158272209222
2024-01-24 08:21:55,150 - INFO - Epoch: 82, Validation Training Loss: 0.07408237136775554
2024-01-24 08:27:01,273 - INFO - Epoch: 83, Average Training Loss: 0.029047822522584497
2024-01-24 08:27:29,195 - INFO - Epoch: 83, Validation Training Loss: 0.0737095287475506
2024-01-24 08:32:33,666 - INFO - Epoch: 84, Average Training Loss: 0.02885399974331206
2024-01-24 08:33:00,204 - INFO - Epoch: 84, Validation Training Loss: 0.07370269408855358
2024-01-24 08:38:03,893 - INFO - Epoch: 85, Average Training Loss: 0.028764733262404925
2024-01-24 08:38:30,626 - INFO - Epoch: 85, Validation Training Loss: 0.07334574274510644
2024-01-24 08:43:33,963 - INFO - Epoch: 86, Average Training Loss: 0.02873923742379343
2024-01-24 08:44:00,122 - INFO - Epoch: 86, Validation Training Loss: 0.0733468745673835
2024-01-24 08:49:02,159 - INFO - Epoch: 87, Average Training Loss: 0.028831169221025726
2024-01-24 08:49:28,434 - INFO - Epoch: 87, Validation Training Loss: 0.0731695179915961
2024-01-24 08:54:30,151 - INFO - Epoch: 88, Average Training Loss: 0.028749113670459507
2024-01-24 08:54:56,410 - INFO - Epoch: 88, Validation Training Loss: 0.0735219221499712
2024-01-24 08:59:59,904 - INFO - Epoch: 89, Average Training Loss: 0.02872457770265361
2024-01-24 09:00:26,166 - INFO - Epoch: 89, Validation Training Loss: 0.07343848211971742
2024-01-24 09:05:29,899 - INFO - Epoch: 90, Average Training Loss: 0.02873692760483847
2024-01-24 09:05:55,946 - INFO - Epoch: 90, Validation Training Loss: 0.07330701864381742
2024-01-24 09:10:59,126 - INFO - Epoch: 91, Average Training Loss: 0.028670244067952162
2024-01-24 09:11:25,676 - INFO - Epoch: 91, Validation Training Loss: 0.07351652736770374
2024-01-24 09:16:28,370 - INFO - Epoch: 92, Average Training Loss: 0.02871759918380515
2024-01-24 09:16:54,294 - INFO - Epoch: 92, Validation Training Loss: 0.07315999875105293
2024-01-24 09:21:57,072 - INFO - Epoch: 93, Average Training Loss: 0.028664253273290703
2024-01-24 09:22:23,657 - INFO - Epoch: 93, Validation Training Loss: 0.07329552797548598
2024-01-24 09:27:26,356 - INFO - Epoch: 94, Average Training Loss: 0.028660138313592414
2024-01-24 09:27:52,541 - INFO - Epoch: 94, Validation Training Loss: 0.0731170013463697
2024-01-24 09:27:57,186 - INFO - Saved checkpoint at epoch 94 to /home/bas06400/Thesis/VIP/src/align_checkpoints/mae_checkpoints/checkpoint_rgb_0_20240124_002637.pth
2024-01-24 09:33:00,298 - INFO - Epoch: 95, Average Training Loss: 0.0287087006241119
2024-01-24 09:33:26,454 - INFO - Epoch: 95, Validation Training Loss: 0.07327827265975195
2024-01-24 09:38:29,074 - INFO - Epoch: 96, Average Training Loss: 0.028711885515326985
2024-01-24 09:38:55,110 - INFO - Epoch: 96, Validation Training Loss: 0.07327917101662919
2024-01-24 09:43:57,650 - INFO - Epoch: 97, Average Training Loss: 0.02868223168341405
2024-01-24 09:44:23,757 - INFO - Epoch: 97, Validation Training Loss: 0.07331214972131746
2024-01-24 09:49:26,314 - INFO - Epoch: 98, Average Training Loss: 0.0286593879096739
2024-01-24 09:49:52,755 - INFO - Epoch: 98, Validation Training Loss: 0.07329864367093454
2024-01-24 09:54:56,321 - INFO - Epoch: 99, Average Training Loss: 0.02863816454979702
2024-01-24 09:55:22,622 - INFO - Epoch: 99, Validation Training Loss: 0.07312033533550508
2024-01-24 09:56:02,084 - INFO - Final Test Loss: 0.05683896871511456
2024-01-24 09:56:02,091 - INFO - Training statistics saved to checkpoint_rgb_0_20240124_002637
