2024-02-07 16:59:26,804 - INFO - Configuration:
{
    "task": "5",
    "topic": "1_classifier",
    "train_classifier": true,
    "number_gpus": "1",
    "modalities": [
        "ir"
    ],
    "encoder_model": "MAE",
    "mask_ratio": 0.8,
    "dataset": "DAA",
    "split": "1",
    "num_classes": 34,
    "epochs": 500,
    "res_cktp": false,
    "cktp_dir": "/home/bas06400/Thesis/VIP/src/align_checkpoints/mae_checkpoints/",
    "trained_encoder": "checkpoint_ir_1_20240131_005117.pth",
    "learning_rate": 0.001,
    "temperature": 0.1,
    "num_workers": 10,
    "batch_size": 64,
    "data_root": "/net/polaris/storage/deeplearning/ntu",
    "random_sample": false,
    "pin_memory": true,
    "scheduler_config": {
        "type": "plateau",
        "params": {
            "mode": "min",
            "factor": 0.1,
            "patience": 5
        }
    }
}
2024-02-07 16:59:26,840 - INFO - Training MAE for ir...
2024-02-07 16:59:26,887 - INFO - Evaluing on the following GPUs [1]
2024-02-07 16:59:32,401 - INFO - Checkpoint checkpoint_ir_1_20240131_005117.pth loaded succesfully
2024-02-07 16:59:32,473 - INFO - Starting feature extraction...
2024-02-07 17:06:11,612 - INFO - Applying balanced loss
2024-02-07 17:06:11,866 - INFO - Epoch [1/500], Loss: 7.531986211736997, Accuracy: 27.96084378877706%
2024-02-07 17:06:11,889 - INFO - Test Accuracy: 24.115523465703973%, Balanced Test Accuracy: 25.329418842232105%
2024-02-07 17:06:12,018 - INFO - Epoch [2/500], Loss: 6.035366718967755, Accuracy: 46.69791810285399%
2024-02-07 17:06:12,141 - INFO - Epoch [3/500], Loss: 5.41846460600694, Accuracy: 51.73031848890115%
2024-02-07 17:06:12,259 - INFO - Epoch [4/500], Loss: 5.021305933594704, Accuracy: 54.474010754170685%
2024-02-07 17:06:12,386 - INFO - Epoch [5/500], Loss: 4.726845336457093, Accuracy: 56.59727009513305%
2024-02-07 17:06:12,523 - INFO - Epoch [6/500], Loss: 4.4922695482770605, Accuracy: 58.1276713084241%
2024-02-07 17:06:12,670 - INFO - Epoch [7/500], Loss: 4.297042312721412, Accuracy: 59.64428512339722%
2024-02-07 17:06:12,804 - INFO - Epoch [8/500], Loss: 4.129707393546899, Accuracy: 60.58182820901696%
2024-02-07 17:06:12,947 - INFO - Epoch [9/500], Loss: 3.9832346650461354, Accuracy: 61.657245277816074%
2024-02-07 17:06:13,078 - INFO - Epoch [10/500], Loss: 3.8530070148408413, Accuracy: 62.374189990348825%
2024-02-07 17:06:13,211 - INFO - Epoch [11/500], Loss: 3.735827088356018, Accuracy: 63.297945677650624%
2024-02-07 17:06:13,225 - INFO - Test Accuracy: 42.96028880866426%, Balanced Test Accuracy: 40.74204764870999%
2024-02-07 17:06:13,347 - INFO - Epoch [12/500], Loss: 3.629382082571586, Accuracy: 64.16655177168069%
2024-02-07 17:06:13,475 - INFO - Epoch [13/500], Loss: 3.5319390234847865, Accuracy: 64.88349648421342%
2024-02-07 17:06:13,599 - INFO - Epoch [14/500], Loss: 3.4421610459685326, Accuracy: 65.5728664001103%
2024-02-07 17:06:13,720 - INFO - Epoch [15/500], Loss: 3.358993034809828, Accuracy: 66.13814973114573%
2024-02-07 17:06:13,839 - INFO - Epoch [16/500], Loss: 3.2815864868462086, Accuracy: 66.68964566386323%
2024-02-07 17:06:13,976 - INFO - Epoch [17/500], Loss: 3.2092485278844833, Accuracy: 67.28250379153454%
2024-02-07 17:06:14,137 - INFO - Epoch [18/500], Loss: 3.1414057600001493, Accuracy: 67.95808630911347%
2024-02-07 17:06:14,300 - INFO - Epoch [19/500], Loss: 3.0775781087577343, Accuracy: 68.34413346201572%
2024-02-07 17:06:14,448 - INFO - Epoch [20/500], Loss: 3.0173589512705803, Accuracy: 68.79911760650765%
2024-02-07 17:06:14,601 - INFO - Epoch [21/500], Loss: 2.9604006558656693, Accuracy: 69.41955053081483%
2024-02-07 17:06:14,615 - INFO - Test Accuracy: 43.82671480144404%, Balanced Test Accuracy: 41.9100496930504%
2024-02-07 17:06:14,775 - INFO - Epoch [22/500], Loss: 2.9064032385746636, Accuracy: 69.90210947194265%
2024-02-07 17:06:14,945 - INFO - Epoch [23/500], Loss: 2.855105465898911, Accuracy: 70.19164483661933%
2024-02-07 17:06:15,114 - INFO - Epoch [24/500], Loss: 2.8062781492869058, Accuracy: 70.61905418447539%
2024-02-07 17:06:15,274 - INFO - Epoch [25/500], Loss: 2.7597187515348196, Accuracy: 70.89480215083414%
2024-02-07 17:06:15,426 - INFO - Epoch [26/500], Loss: 2.7152471958349147, Accuracy: 71.14297532055701%
2024-02-07 17:06:15,571 - INFO - Epoch [27/500], Loss: 2.6727031574894986, Accuracy: 71.46008548186957%
2024-02-07 17:06:15,723 - INFO - Epoch [28/500], Loss: 2.6319427272925773, Accuracy: 71.79098304150007%
2024-02-07 17:06:15,876 - INFO - Epoch [29/500], Loss: 2.592836417257786, Accuracy: 72.10809320281263%
2024-02-07 17:06:16,025 - INFO - Epoch [30/500], Loss: 2.555267676090201, Accuracy: 72.466565559079%
2024-02-07 17:06:16,176 - INFO - Epoch [31/500], Loss: 2.5191311904539666, Accuracy: 72.67337653384806%
2024-02-07 17:06:16,188 - INFO - Test Accuracy: 44.04332129963899%, Balanced Test Accuracy: 44.46074941471614%
2024-02-07 17:06:16,362 - INFO - Epoch [32/500], Loss: 2.48433166804413, Accuracy: 72.8388253136633%
2024-02-07 17:06:16,495 - INFO - Epoch [33/500], Loss: 2.4507823375364146, Accuracy: 73.15593547497588%
2024-02-07 17:06:16,630 - INFO - Epoch [34/500], Loss: 2.41840442083776, Accuracy: 73.44547083965256%
2024-02-07 17:06:16,760 - INFO - Epoch [35/500], Loss: 2.3871258658667407, Accuracy: 73.70743140769336%
2024-02-07 17:06:16,887 - INFO - Epoch [36/500], Loss: 2.3568809734036527, Accuracy: 73.88666758582656%
2024-02-07 17:06:17,020 - INFO - Epoch [37/500], Loss: 2.327609603603681, Accuracy: 74.14862815386736%
2024-02-07 17:06:17,186 - INFO - Epoch [38/500], Loss: 2.2992564818511405, Accuracy: 74.39680132359024%
2024-02-07 17:06:17,342 - INFO - Epoch [39/500], Loss: 2.2717709187418222, Accuracy: 74.58982490004136%
2024-02-07 17:06:17,507 - INFO - Epoch [40/500], Loss: 2.2451061916848025, Accuracy: 74.76906107817454%
2024-02-07 17:06:17,677 - INFO - Epoch [41/500], Loss: 2.2192191649228334, Accuracy: 74.89314766303599%
2024-02-07 17:06:17,690 - INFO - Test Accuracy: 44.4043321299639%, Balanced Test Accuracy: 45.488197344204636%
2024-02-07 17:06:17,842 - INFO - Epoch [42/500], Loss: 2.194070277735591, Accuracy: 75.11374603612299%
2024-02-07 17:06:17,985 - INFO - Epoch [43/500], Loss: 2.169622720529636, Accuracy: 75.3067696125741%
2024-02-07 17:06:18,121 - INFO - Epoch [44/500], Loss: 2.145842498789231, Accuracy: 75.40328140079967%
2024-02-07 17:06:18,280 - INFO - Epoch [45/500], Loss: 2.122698163613677, Accuracy: 75.55494278229698%
2024-02-07 17:06:18,447 - INFO - Epoch [46/500], Loss: 2.1001601902147136, Accuracy: 75.87205294360955%
2024-02-07 17:06:18,602 - INFO - Epoch [47/500], Loss: 2.0782015236715474, Accuracy: 75.98235213015305%
2024-02-07 17:06:18,758 - INFO - Epoch [48/500], Loss: 2.05679677054286, Accuracy: 76.1891631049221%
2024-02-07 17:06:18,916 - INFO - Epoch [49/500], Loss: 2.03592207779487, Accuracy: 76.34082448641941%
2024-02-07 17:06:19,031 - INFO - Epoch [50/500], Loss: 2.015555384258429, Accuracy: 76.56142285950641%
2024-02-07 17:06:19,171 - INFO - Epoch [51/500], Loss: 1.995675848176082, Accuracy: 76.68550944436785%
2024-02-07 17:06:19,182 - INFO - Test Accuracy: 44.69314079422383%, Balanced Test Accuracy: 46.57066743177911%
2024-02-07 17:06:19,314 - INFO - Epoch [52/500], Loss: 1.9762641104559104, Accuracy: 76.78202123259341%
2024-02-07 17:06:19,443 - INFO - Epoch [53/500], Loss: 1.9573017271856468, Accuracy: 76.90610781745485%
2024-02-07 17:06:19,574 - INFO - Epoch [54/500], Loss: 1.938771457100908, Accuracy: 76.9612574107266%
2024-02-07 17:06:19,697 - INFO - Epoch [55/500], Loss: 1.920657039930423, Accuracy: 77.20943058044946%
2024-02-07 17:06:19,823 - INFO - Epoch [56/500], Loss: 1.9029430237909157, Accuracy: 77.34730456362884%
2024-02-07 17:06:19,976 - INFO - Epoch [57/500], Loss: 1.8856149663527806, Accuracy: 77.47139114849028%
2024-02-07 17:06:20,120 - INFO - Epoch [58/500], Loss: 1.8686589282006025, Accuracy: 77.70577691989521%
2024-02-07 17:06:20,251 - INFO - Epoch [59/500], Loss: 1.852061863988638, Accuracy: 77.87122569971046%
2024-02-07 17:06:20,398 - INFO - Epoch [60/500], Loss: 1.8358113622913759, Accuracy: 78.02288708120777%
2024-02-07 17:06:20,527 - INFO - Epoch [61/500], Loss: 1.8198954655478399, Accuracy: 78.17454846270509%
2024-02-07 17:06:20,537 - INFO - Test Accuracy: 43.82671480144404%, Balanced Test Accuracy: 46.172944210728%
2024-02-07 17:06:20,659 - INFO - Epoch [62/500], Loss: 1.8043029910574357, Accuracy: 78.28484764924859%
2024-02-07 17:06:20,841 - INFO - Epoch [63/500], Loss: 1.7890231159205239, Accuracy: 78.39514683579209%
2024-02-07 17:06:21,025 - INFO - Epoch [64/500], Loss: 1.7740456946194172, Accuracy: 78.53302081897147%
2024-02-07 17:06:21,174 - INFO - Epoch [65/500], Loss: 1.7593608085686963, Accuracy: 78.61574520887909%
2024-02-07 17:06:21,323 - INFO - Epoch [66/500], Loss: 1.7449590666219592, Accuracy: 78.78119398869433%
2024-02-07 17:06:21,464 - INFO - Epoch [67/500], Loss: 1.7308316342532635, Accuracy: 78.93285537019165%
2024-02-07 17:06:21,602 - INFO - Epoch [68/500], Loss: 1.716969836813708, Accuracy: 79.08451675168895%
2024-02-07 17:06:21,739 - INFO - Epoch [69/500], Loss: 1.7033655401319265, Accuracy: 79.23617813318627%
2024-02-07 17:06:21,873 - INFO - Epoch [70/500], Loss: 1.690010854974389, Accuracy: 79.38783951468358%
2024-02-07 17:06:22,028 - INFO - Epoch [71/500], Loss: 1.6768982733289401, Accuracy: 79.48435130290915%
2024-02-07 17:06:22,043 - INFO - Test Accuracy: 43.82671480144404%, Balanced Test Accuracy: 44.90854395261504%
2024-02-07 17:06:22,205 - INFO - Epoch [72/500], Loss: 1.6640205668906372, Accuracy: 79.5395008961809%
2024-02-07 17:06:22,365 - INFO - Epoch [73/500], Loss: 1.651370852875213, Accuracy: 79.62222528608852%
2024-02-07 17:06:22,533 - INFO - Epoch [74/500], Loss: 1.6389423614988725, Accuracy: 79.74631187094995%
2024-02-07 17:06:22,684 - INFO - Epoch [75/500], Loss: 1.6267288808400433, Accuracy: 79.81524886253963%
2024-02-07 17:06:22,815 - INFO - Epoch [76/500], Loss: 1.6147241623451312, Accuracy: 79.89797325244726%
2024-02-07 17:06:22,934 - INFO - Epoch [77/500], Loss: 1.6029224088415504, Accuracy: 80.04963463394458%
2024-02-07 17:06:23,048 - INFO - Epoch [78/500], Loss: 1.5913178622722626, Accuracy: 80.09099682889838%
2024-02-07 17:06:23,211 - INFO - Epoch [79/500], Loss: 1.5799051048234105, Accuracy: 80.20129601544188%
2024-02-07 17:06:23,383 - INFO - Epoch [80/500], Loss: 1.568678972311318, Accuracy: 80.31159520198538%
2024-02-07 17:06:23,533 - INFO - Epoch [81/500], Loss: 1.55763434090962, Accuracy: 80.33916999862126%
2024-02-07 17:06:23,543 - INFO - Test Accuracy: 43.82671480144404%, Balanced Test Accuracy: 45.28373670209622%
2024-02-07 17:06:23,664 - INFO - Epoch [82/500], Loss: 1.5467664354170363, Accuracy: 80.50461877843651%
2024-02-07 17:06:23,790 - INFO - Epoch [83/500], Loss: 1.5360705660035212, Accuracy: 80.58734316834413%
2024-02-07 17:06:23,906 - INFO - Epoch [84/500], Loss: 1.5255421694989006, Accuracy: 80.61491796498001%
2024-02-07 17:06:24,020 - INFO - Epoch [85/500], Loss: 1.5151770015557606, Accuracy: 80.65628015993381%
2024-02-07 17:06:24,150 - INFO - Epoch [86/500], Loss: 1.504970779332022, Accuracy: 80.80794154143113%
2024-02-07 17:06:24,281 - INFO - Epoch [87/500], Loss: 1.494919527322054, Accuracy: 80.87687853302081%
2024-02-07 17:06:24,415 - INFO - Epoch [88/500], Loss: 1.4850194004053872, Accuracy: 80.93202812629256%
2024-02-07 17:06:24,564 - INFO - Epoch [89/500], Loss: 1.4752665562555194, Accuracy: 81.01475251620019%
2024-02-07 17:06:24,714 - INFO - Epoch [90/500], Loss: 1.4656572751700878, Accuracy: 81.09747690610781%
2024-02-07 17:06:24,863 - INFO - Epoch [91/500], Loss: 1.4561882897590597, Accuracy: 81.18020129601544%
2024-02-07 17:06:24,874 - INFO - Test Accuracy: 43.6101083032491%, Balanced Test Accuracy: 43.96690157688297%
2024-02-07 17:06:24,983 - INFO - Epoch [92/500], Loss: 1.446856025295953, Accuracy: 81.22156349096926%
2024-02-07 17:06:25,101 - INFO - Epoch [93/500], Loss: 1.4376572196682293, Accuracy: 81.24913828760513%
2024-02-07 17:06:25,242 - INFO - Epoch [94/500], Loss: 1.4285887690881889, Accuracy: 81.26292568592307%
2024-02-07 17:06:25,363 - INFO - Epoch [95/500], Loss: 1.4196475169931848, Accuracy: 81.35943747414863%
2024-02-07 17:06:25,492 - INFO - Epoch [96/500], Loss: 1.4108305691430967, Accuracy: 81.45594926237419%
2024-02-07 17:06:25,626 - INFO - Epoch [97/500], Loss: 1.4021349952866633, Accuracy: 81.52488625396387%
2024-02-07 17:06:25,753 - INFO - Epoch [98/500], Loss: 1.3935580436761181, Accuracy: 81.59382324555357%
2024-02-07 17:06:25,890 - INFO - Epoch [99/500], Loss: 1.3850969163080056, Accuracy: 81.66276023714325%
2024-02-07 17:06:26,020 - INFO - Epoch [100/500], Loss: 1.3767491774633527, Accuracy: 81.70412243209707%
2024-02-07 17:06:26,157 - INFO - Epoch [101/500], Loss: 1.3685120983670156, Accuracy: 81.8282090169585%
2024-02-07 17:06:26,168 - INFO - Test Accuracy: 43.898916967509024%, Balanced Test Accuracy: 45.16369047929936%
2024-02-07 17:06:26,301 - INFO - Epoch [102/500], Loss: 1.360383345745504, Accuracy: 81.85578381359437%
2024-02-07 17:06:26,433 - INFO - Epoch [103/500], Loss: 1.352360454077522, Accuracy: 82.00744519509169%
2024-02-07 17:06:26,577 - INFO - Epoch [104/500], Loss: 1.3444411233067513, Accuracy: 82.13153177995312%
2024-02-07 17:06:26,729 - INFO - Epoch [105/500], Loss: 1.3366230844209592, Accuracy: 82.29698055976837%
2024-02-07 17:06:26,858 - INFO - Epoch [106/500], Loss: 1.3289042025183637, Accuracy: 82.36591755135805%
2024-02-07 17:06:26,981 - INFO - Epoch [107/500], Loss: 1.32128233058999, Accuracy: 82.47621673790155%
2024-02-07 17:06:27,100 - INFO - Epoch [108/500], Loss: 1.3137554246932268, Accuracy: 82.50379153453743%
2024-02-07 17:06:27,256 - INFO - Epoch [109/500], Loss: 1.3063214663416147, Accuracy: 82.58651592444505%
2024-02-07 17:06:27,392 - INFO - Epoch [110/500], Loss: 1.2989785301809509, Accuracy: 82.6416655177168%
2024-02-07 17:06:27,539 - INFO - Epoch [111/500], Loss: 1.2917247088626027, Accuracy: 82.7106025093065%
2024-02-07 17:06:27,550 - INFO - Test Accuracy: 44.11552346570397%, Balanced Test Accuracy: 45.41058773984267%
2024-02-07 17:06:27,685 - INFO - Epoch [112/500], Loss: 1.2845581934476893, Accuracy: 82.7519647042603%
2024-02-07 17:06:27,815 - INFO - Epoch [113/500], Loss: 1.2774772417421143, Accuracy: 82.87605128912175%
2024-02-07 17:06:27,948 - INFO - Epoch [114/500], Loss: 1.2704800789554913, Accuracy: 82.98635047566525%
2024-02-07 17:06:28,092 - INFO - Epoch [115/500], Loss: 1.2635649259512622, Accuracy: 83.041500068937%
2024-02-07 17:06:28,235 - INFO - Epoch [116/500], Loss: 1.2567303006847699, Accuracy: 83.12422445884462%
2024-02-07 17:06:28,379 - INFO - Epoch [117/500], Loss: 1.249974644742906, Accuracy: 83.1517992554805%
2024-02-07 17:06:28,510 - INFO - Epoch [118/500], Loss: 1.2432963050281007, Accuracy: 83.1931614504343%
2024-02-07 17:06:28,622 - INFO - Epoch [119/500], Loss: 1.2366937389597297, Accuracy: 83.26209844202398%
2024-02-07 17:06:28,746 - INFO - Epoch [120/500], Loss: 1.2301655855650704, Accuracy: 83.28967323865986%
2024-02-07 17:06:28,890 - INFO - Epoch [121/500], Loss: 1.2237104497229059, Accuracy: 83.39997242520336%
2024-02-07 17:06:28,900 - INFO - Test Accuracy: 43.97111913357401%, Balanced Test Accuracy: 45.20911697535159%
2024-02-07 17:06:29,031 - INFO - Epoch [122/500], Loss: 1.2173268779491384, Accuracy: 83.45512201847511%
2024-02-07 17:06:29,175 - INFO - Epoch [123/500], Loss: 1.2110135133067768, Accuracy: 83.48269681511098%
2024-02-07 17:06:29,299 - INFO - Epoch [124/500], Loss: 1.2047691348319252, Accuracy: 83.53784640838273%
2024-02-07 17:06:29,463 - INFO - Epoch [125/500], Loss: 1.198592385277152, Accuracy: 83.62057079829036%
2024-02-07 17:06:29,616 - INFO - Epoch [126/500], Loss: 1.1924820446098845, Accuracy: 83.67572039156211%
2024-02-07 17:06:29,775 - INFO - Epoch [127/500], Loss: 1.186436975064377, Accuracy: 83.73086998483386%
2024-02-07 17:06:29,949 - INFO - Epoch [128/500], Loss: 1.1804559289788206, Accuracy: 83.82738177305943%
2024-02-07 17:06:30,104 - INFO - Epoch [129/500], Loss: 1.1745378679285448, Accuracy: 83.89631876464911%
2024-02-07 17:06:30,245 - INFO - Epoch [130/500], Loss: 1.1686814933394392, Accuracy: 83.93768095960293%
2024-02-07 17:06:30,389 - INFO - Epoch [131/500], Loss: 1.1628858515371878, Accuracy: 83.97904315455673%
2024-02-07 17:06:30,400 - INFO - Test Accuracy: 43.97111913357401%, Balanced Test Accuracy: 45.22258753187995%
2024-02-07 17:06:30,537 - INFO - Epoch [132/500], Loss: 1.1571498957152169, Accuracy: 84.00661795119261%
2024-02-07 17:06:30,672 - INFO - Epoch [133/500], Loss: 1.1514725474019845, Accuracy: 84.07555494278229%
2024-02-07 17:06:30,812 - INFO - Epoch [134/500], Loss: 1.1458528342967231, Accuracy: 84.11691713773611%
2024-02-07 17:06:30,940 - INFO - Epoch [135/500], Loss: 1.14028974249959, Accuracy: 84.17206673100786%
2024-02-07 17:06:31,074 - INFO - Epoch [136/500], Loss: 1.134782336652279, Accuracy: 84.21342892596167%
2024-02-07 17:06:31,203 - INFO - Epoch [137/500], Loss: 1.1293296664953232, Accuracy: 84.26857851923342%
2024-02-07 17:06:31,332 - INFO - Epoch [138/500], Loss: 1.1239308559646208, Accuracy: 84.32372811250517%
2024-02-07 17:06:31,463 - INFO - Epoch [139/500], Loss: 1.1185850221663713, Accuracy: 84.40645250241279%
2024-02-07 17:06:31,577 - INFO - Epoch [140/500], Loss: 1.1132913169761498, Accuracy: 84.43402729904867%
2024-02-07 17:06:31,723 - INFO - Epoch [141/500], Loss: 1.108048795722425, Accuracy: 84.50296429063836%
2024-02-07 17:06:31,737 - INFO - Test Accuracy: 43.68231046931408%, Balanced Test Accuracy: 45.09201056978603%
2024-02-07 17:06:31,885 - INFO - Epoch [142/500], Loss: 1.1028567207977176, Accuracy: 84.55811388391011%
2024-02-07 17:06:32,051 - INFO - Epoch [143/500], Loss: 1.0977142788469791, Accuracy: 84.61326347718186%
2024-02-07 17:06:32,211 - INFO - Epoch [144/500], Loss: 1.0926206617926557, Accuracy: 84.61326347718186%
2024-02-07 17:06:32,356 - INFO - Epoch [145/500], Loss: 1.087575143824021, Accuracy: 84.64083827381774%
2024-02-07 17:06:32,497 - INFO - Epoch [146/500], Loss: 1.0825769264871876, Accuracy: 84.69598786708949%
2024-02-07 17:06:32,630 - INFO - Epoch [147/500], Loss: 1.0776253379881382, Accuracy: 84.69598786708949%
2024-02-07 17:06:32,763 - INFO - Epoch [148/500], Loss: 1.0727195447931688, Accuracy: 84.73735006204329%
2024-02-07 17:06:32,896 - INFO - Epoch [149/500], Loss: 1.0678590120126803, Accuracy: 84.79249965531504%
2024-02-07 17:06:33,027 - INFO - Epoch [150/500], Loss: 1.0630428874865174, Accuracy: 84.80628705363299%
2024-02-07 17:06:33,160 - INFO - Epoch [151/500], Loss: 1.0582706490531564, Accuracy: 84.83386185026886%
2024-02-07 17:06:33,172 - INFO - Test Accuracy: 43.39350180505415%, Balanced Test Accuracy: 44.593592271302064%
2024-02-07 17:06:33,294 - INFO - Epoch [152/500], Loss: 1.053541539547344, Accuracy: 84.91658624017649%
2024-02-07 17:06:33,428 - INFO - Epoch [153/500], Loss: 1.048854960128665, Accuracy: 84.9993106300841%
2024-02-07 17:06:33,561 - INFO - Epoch [154/500], Loss: 1.0442102883631985, Accuracy: 85.05446022335585%
2024-02-07 17:06:33,696 - INFO - Epoch [155/500], Loss: 1.0396069008857012, Accuracy: 85.08203501999172%
2024-02-07 17:06:33,825 - INFO - Epoch [156/500], Loss: 1.0350442035123706, Accuracy: 85.08203501999172%
2024-02-07 17:06:33,943 - INFO - Epoch [157/500], Loss: 1.0305215980236728, Accuracy: 85.15097201158142%
2024-02-07 17:06:34,056 - INFO - Epoch [158/500], Loss: 1.0260385079309344, Accuracy: 85.20612160485317%
2024-02-07 17:06:34,169 - INFO - Epoch [159/500], Loss: 1.0215944380809863, Accuracy: 85.28884599476079%
2024-02-07 17:06:34,277 - INFO - Epoch [160/500], Loss: 1.0171887415150802, Accuracy: 85.31642079139667%
2024-02-07 17:06:34,387 - INFO - Epoch [161/500], Loss: 1.0128209016596277, Accuracy: 85.3302081897146%
2024-02-07 17:06:34,398 - INFO - Test Accuracy: 43.46570397111913%, Balanced Test Accuracy: 44.12320635904115%
2024-02-07 17:06:34,513 - INFO - Epoch [162/500], Loss: 1.008490465581417, Accuracy: 85.39914518130429%
2024-02-07 17:06:34,621 - INFO - Epoch [163/500], Loss: 1.0041968145718176, Accuracy: 85.42671997794017%
2024-02-07 17:06:34,733 - INFO - Epoch [164/500], Loss: 0.9999394680683812, Accuracy: 85.45429477457604%
2024-02-07 17:06:34,848 - INFO - Epoch [165/500], Loss: 0.9957179967314005, Accuracy: 85.49565696952985%
2024-02-07 17:06:34,957 - INFO - Epoch [166/500], Loss: 0.9915318361793956, Accuracy: 85.57838135943747%
2024-02-07 17:06:35,066 - INFO - Epoch [167/500], Loss: 0.9873805434132615, Accuracy: 85.63353095270922%
2024-02-07 17:06:35,182 - INFO - Epoch [168/500], Loss: 0.9832636890932918, Accuracy: 85.63353095270922%
2024-02-07 17:06:35,290 - INFO - Epoch [169/500], Loss: 0.97918075012664, Accuracy: 85.67489314766304%
2024-02-07 17:06:35,399 - INFO - Epoch [170/500], Loss: 0.9751312794784704, Accuracy: 85.68868054598097%
2024-02-07 17:06:35,534 - INFO - Epoch [171/500], Loss: 0.9711148487403989, Accuracy: 85.73004274093479%
2024-02-07 17:06:35,546 - INFO - Test Accuracy: 43.32129963898917%, Balanced Test Accuracy: 44.0017235869187%
2024-02-07 17:06:35,667 - INFO - Epoch [172/500], Loss: 0.9671310571332773, Accuracy: 85.78519233420654%
2024-02-07 17:06:35,803 - INFO - Epoch [173/500], Loss: 0.9631794433419903, Accuracy: 85.82655452916035%
2024-02-07 17:06:35,929 - INFO - Epoch [174/500], Loss: 0.9592595994472504, Accuracy: 85.89549152075003%
2024-02-07 17:06:36,058 - INFO - Epoch [175/500], Loss: 0.9553710447313885, Accuracy: 85.95064111402178%
2024-02-07 17:06:36,192 - INFO - Epoch [176/500], Loss: 0.9515135212180516, Accuracy: 86.00579070729353%
2024-02-07 17:06:36,299 - INFO - Epoch [177/500], Loss: 0.9476866048450271, Accuracy: 86.0333655039294%
2024-02-07 17:06:36,422 - INFO - Epoch [178/500], Loss: 0.9438898085306088, Accuracy: 86.06094030056528%
2024-02-07 17:06:36,554 - INFO - Epoch [179/500], Loss: 0.9401227695246538, Accuracy: 86.1436646904729%
2024-02-07 17:06:36,661 - INFO - Epoch [180/500], Loss: 0.9363851879412929, Accuracy: 86.18502688542672%
2024-02-07 17:06:36,776 - INFO - Epoch [181/500], Loss: 0.9326766935798029, Accuracy: 86.18502688542672%
2024-02-07 17:06:36,787 - INFO - Test Accuracy: 43.6101083032491%, Balanced Test Accuracy: 43.57111537751956%
2024-02-07 17:06:36,911 - INFO - Epoch [182/500], Loss: 0.9289968945086002, Accuracy: 86.19881428374465%
2024-02-07 17:06:37,033 - INFO - Epoch [183/500], Loss: 0.9253453752025962, Accuracy: 86.19881428374465%
2024-02-07 17:06:37,158 - INFO - Epoch [184/500], Loss: 0.9217219071773192, Accuracy: 86.2539638770164%
2024-02-07 17:06:37,269 - INFO - Epoch [185/500], Loss: 0.9181260106464227, Accuracy: 86.26775127533435%
2024-02-07 17:06:37,374 - INFO - Epoch [186/500], Loss: 0.9145574990349511, Accuracy: 86.3229008686061%
2024-02-07 17:06:37,489 - INFO - Epoch [187/500], Loss: 0.9110159479702512, Accuracy: 86.37805046187785%
2024-02-07 17:06:37,597 - INFO - Epoch [188/500], Loss: 0.9075010837987065, Accuracy: 86.39183786019578%
2024-02-07 17:06:37,703 - INFO - Epoch [189/500], Loss: 0.9040124950309595, Accuracy: 86.41941265683165%
2024-02-07 17:06:37,815 - INFO - Epoch [190/500], Loss: 0.9005500193064412, Accuracy: 86.4332000551496%
2024-02-07 17:06:37,945 - INFO - Epoch [191/500], Loss: 0.897113187238574, Accuracy: 86.48834964842135%
2024-02-07 17:06:37,955 - INFO - Test Accuracy: 43.82671480144404%, Balanced Test Accuracy: 43.75852525493748%
2024-02-07 17:06:38,079 - INFO - Epoch [192/500], Loss: 0.8937018417442838, Accuracy: 86.48834964842135%
2024-02-07 17:06:38,205 - INFO - Epoch [193/500], Loss: 0.8903155621762077, Accuracy: 86.52971184337515%
2024-02-07 17:06:38,319 - INFO - Epoch [194/500], Loss: 0.8869540868327022, Accuracy: 86.61243623328278%
2024-02-07 17:06:38,429 - INFO - Epoch [195/500], Loss: 0.8836171782265106, Accuracy: 86.6537984282366%
2024-02-07 17:06:38,543 - INFO - Epoch [196/500], Loss: 0.8803044922339419, Accuracy: 86.68137322487247%
2024-02-07 17:06:38,648 - INFO - Epoch [197/500], Loss: 0.8770158245849112, Accuracy: 86.70894802150835%
2024-02-07 17:06:38,787 - INFO - Epoch [198/500], Loss: 0.8737508105114102, Accuracy: 86.72273541982628%
2024-02-07 17:06:38,907 - INFO - Epoch [199/500], Loss: 0.8705092070934674, Accuracy: 86.72273541982628%
2024-02-07 17:06:39,031 - INFO - Epoch [200/500], Loss: 0.8672907793273529, Accuracy: 86.81924720805183%
2024-02-07 17:06:39,173 - INFO - Epoch [201/500], Loss: 0.8640952141334614, Accuracy: 86.87439680132358%
2024-02-07 17:06:39,185 - INFO - Test Accuracy: 43.97111913357401%, Balanced Test Accuracy: 43.666079766157786%
2024-02-07 17:06:39,329 - INFO - Epoch [202/500], Loss: 0.8609223362679282, Accuracy: 86.92954639459533%
2024-02-07 17:06:39,481 - INFO - Epoch [203/500], Loss: 0.8577718203887343, Accuracy: 86.94333379291328%
2024-02-07 17:06:39,626 - INFO - Epoch [204/500], Loss: 0.8546434125552574, Accuracy: 86.95712119123121%
2024-02-07 17:06:39,758 - INFO - Epoch [205/500], Loss: 0.851536917189757, Accuracy: 87.01227078450296%
2024-02-07 17:06:39,877 - INFO - Epoch [206/500], Loss: 0.8484520625012616, Accuracy: 87.0260581828209%
2024-02-07 17:06:39,996 - INFO - Epoch [207/500], Loss: 0.8453886349064609, Accuracy: 87.05363297945678%
2024-02-07 17:06:40,127 - INFO - Epoch [208/500], Loss: 0.8423463247405986, Accuracy: 87.1363573693644%
2024-02-07 17:06:40,267 - INFO - Epoch [209/500], Loss: 0.8393249902874231, Accuracy: 87.15014476768233%
2024-02-07 17:06:40,396 - INFO - Epoch [210/500], Loss: 0.8363243772958716, Accuracy: 87.16393216600028%
2024-02-07 17:06:40,535 - INFO - Epoch [211/500], Loss: 0.8333442256165048, Accuracy: 87.20529436095408%
2024-02-07 17:06:40,547 - INFO - Test Accuracy: 43.82671480144404%, Balanced Test Accuracy: 43.006286505285836%
2024-02-07 17:06:40,685 - INFO - Epoch [212/500], Loss: 0.830384345104297, Accuracy: 87.26044395422583%
2024-02-07 17:06:40,809 - INFO - Epoch [213/500], Loss: 0.8274445358353356, Accuracy: 87.34316834413346%
2024-02-07 17:06:40,943 - INFO - Epoch [214/500], Loss: 0.8245245350214342, Accuracy: 87.3569557424514%
2024-02-07 17:06:41,090 - INFO - Epoch [215/500], Loss: 0.8216241660217444, Accuracy: 87.38453053908728%
2024-02-07 17:06:41,235 - INFO - Epoch [216/500], Loss: 0.8187432310854396, Accuracy: 87.42589273404108%
2024-02-07 17:06:41,418 - INFO - Epoch [217/500], Loss: 0.8158814598185321, Accuracy: 87.48104232731284%
2024-02-07 17:06:41,578 - INFO - Epoch [218/500], Loss: 0.8130387140748402, Accuracy: 87.50861712394871%
2024-02-07 17:06:41,744 - INFO - Epoch [219/500], Loss: 0.810214810539037, Accuracy: 87.53619192058459%
2024-02-07 17:06:41,926 - INFO - Epoch [220/500], Loss: 0.8074094662442803, Accuracy: 87.54997931890253%
2024-02-07 17:06:42,104 - INFO - Epoch [221/500], Loss: 0.8046225616708398, Accuracy: 87.59134151385634%
2024-02-07 17:06:42,116 - INFO - Test Accuracy: 43.46570397111913%, Balanced Test Accuracy: 42.27007067849552%
2024-02-07 17:06:42,267 - INFO - Epoch [222/500], Loss: 0.8018538861845931, Accuracy: 87.63270370881014%
2024-02-07 17:06:42,420 - INFO - Epoch [223/500], Loss: 0.7991032535210252, Accuracy: 87.66027850544602%
2024-02-07 17:06:42,585 - INFO - Epoch [224/500], Loss: 0.7963704966629545, Accuracy: 87.70164070039984%
2024-02-07 17:06:42,742 - INFO - Epoch [225/500], Loss: 0.7936553832453986, Accuracy: 87.74300289535364%
2024-02-07 17:06:42,914 - INFO - Epoch [226/500], Loss: 0.7909577884711325, Accuracy: 87.78436509030746%
2024-02-07 17:06:43,094 - INFO - Epoch [227/500], Loss: 0.7882774672470987, Accuracy: 87.81193988694334%
2024-02-07 17:06:43,306 - INFO - Epoch [228/500], Loss: 0.7856143134025236, Accuracy: 87.85330208189714%
2024-02-07 17:06:43,500 - INFO - Epoch [229/500], Loss: 0.7829681270134946, Accuracy: 87.89466427685096%
2024-02-07 17:06:43,668 - INFO - Epoch [230/500], Loss: 0.7803387360957762, Accuracy: 87.89466427685096%
2024-02-07 17:06:43,853 - INFO - Epoch [231/500], Loss: 0.7777259716143211, Accuracy: 87.89466427685096%
2024-02-07 17:06:43,868 - INFO - Test Accuracy: 43.32129963898917%, Balanced Test Accuracy: 42.315773283734565%
2024-02-07 17:06:44,034 - INFO - Epoch [232/500], Loss: 0.7751297011661032, Accuracy: 87.93602647180477%
2024-02-07 17:06:44,201 - INFO - Epoch [233/500], Loss: 0.7725497631666561, Accuracy: 87.96360126844064%
2024-02-07 17:06:44,377 - INFO - Epoch [234/500], Loss: 0.7699859174899757, Accuracy: 87.96360126844064%
2024-02-07 17:06:44,546 - INFO - Epoch [235/500], Loss: 0.7674380647949874, Accuracy: 87.99117606507652%
2024-02-07 17:06:44,689 - INFO - Epoch [236/500], Loss: 0.7649060633654395, Accuracy: 88.01875086171239%
2024-02-07 17:06:44,842 - INFO - Epoch [237/500], Loss: 0.7623897168474892, Accuracy: 88.03253826003034%
2024-02-07 17:06:44,985 - INFO - Epoch [238/500], Loss: 0.7598888456511, Accuracy: 88.04632565834827%
2024-02-07 17:06:45,153 - INFO - Epoch [239/500], Loss: 0.7574034325468043, Accuracy: 88.07390045498414%
2024-02-07 17:06:45,336 - INFO - Epoch [240/500], Loss: 0.7549332296475768, Accuracy: 88.08768785330209%
2024-02-07 17:06:45,535 - INFO - Epoch [241/500], Loss: 0.7524781245738268, Accuracy: 88.11526264993796%
2024-02-07 17:06:45,559 - INFO - Test Accuracy: 43.39350180505415%, Balanced Test Accuracy: 42.419655402914614%
2024-02-07 17:06:45,784 - INFO - Epoch [242/500], Loss: 0.750037908864518, Accuracy: 88.15662484489177%
2024-02-07 17:06:46,010 - INFO - Epoch [243/500], Loss: 0.7476125489920378, Accuracy: 88.19798703984559%
2024-02-07 17:06:46,228 - INFO - Epoch [244/500], Loss: 0.7452018025020758, Accuracy: 88.22556183648146%
2024-02-07 17:06:46,440 - INFO - Epoch [245/500], Loss: 0.7428056101004282, Accuracy: 88.23934923479939%
2024-02-07 17:06:46,641 - INFO - Epoch [246/500], Loss: 0.7404237925074995, Accuracy: 88.26692403143527%
2024-02-07 17:06:46,842 - INFO - Epoch [247/500], Loss: 0.7380562564358115, Accuracy: 88.30828622638909%
2024-02-07 17:06:47,035 - INFO - Epoch [248/500], Loss: 0.735702769830823, Accuracy: 88.33586102302496%
2024-02-07 17:06:47,223 - INFO - Epoch [249/500], Loss: 0.733363340763996, Accuracy: 88.34964842134289%
2024-02-07 17:06:47,404 - INFO - Epoch [250/500], Loss: 0.7310377438552678, Accuracy: 88.41858541293259%
2024-02-07 17:06:47,592 - INFO - Epoch [251/500], Loss: 0.7287258678115904, Accuracy: 88.44616020956846%
2024-02-07 17:06:47,612 - INFO - Test Accuracy: 43.24909747292419%, Balanced Test Accuracy: 41.64873686086024%
2024-02-07 17:06:47,811 - INFO - Epoch [252/500], Loss: 0.7264276104979217, Accuracy: 88.44616020956846%
2024-02-07 17:06:48,006 - INFO - Epoch [253/500], Loss: 0.7241428477379183, Accuracy: 88.47373500620434%
2024-02-07 17:06:48,201 - INFO - Epoch [254/500], Loss: 0.7218714059951404, Accuracy: 88.52888459947607%
2024-02-07 17:06:48,411 - INFO - Epoch [255/500], Loss: 0.719613273938497, Accuracy: 88.55645939611195%
2024-02-07 17:06:48,600 - INFO - Epoch [256/500], Loss: 0.7173682460561395, Accuracy: 88.6116089893837%
2024-02-07 17:06:48,788 - INFO - Epoch [257/500], Loss: 0.7151361751991013, Accuracy: 88.62539638770164%
2024-02-07 17:06:48,955 - INFO - Epoch [258/500], Loss: 0.7129170785968503, Accuracy: 88.62539638770164%
2024-02-07 17:06:49,156 - INFO - Epoch [259/500], Loss: 0.710710654190431, Accuracy: 88.62539638770164%
2024-02-07 17:06:49,346 - INFO - Epoch [260/500], Loss: 0.7085169901450475, Accuracy: 88.65297118433752%
2024-02-07 17:06:49,510 - INFO - Epoch [261/500], Loss: 0.7063358005446693, Accuracy: 88.68054598097339%
2024-02-07 17:06:49,527 - INFO - Test Accuracy: 43.03249097472924%, Balanced Test Accuracy: 40.87225992323942%
2024-02-07 17:06:49,722 - INFO - Epoch [262/500], Loss: 0.7041670793356994, Accuracy: 88.7219081759272%
2024-02-07 17:06:49,895 - INFO - Epoch [263/500], Loss: 0.7020106956673166, Accuracy: 88.74948297256307%
2024-02-07 17:06:50,070 - INFO - Epoch [264/500], Loss: 0.6998664923012257, Accuracy: 88.77705776919895%
2024-02-07 17:06:50,233 - INFO - Epoch [265/500], Loss: 0.6977344794819752, Accuracy: 88.80463256583482%
2024-02-07 17:06:50,397 - INFO - Epoch [266/500], Loss: 0.6956144298116366, Accuracy: 88.85978215910657%
2024-02-07 17:06:50,572 - INFO - Epoch [267/500], Loss: 0.6935063234219948, Accuracy: 88.90114435406039%
2024-02-07 17:06:50,743 - INFO - Epoch [268/500], Loss: 0.6914100440529486, Accuracy: 88.92871915069627%
2024-02-07 17:06:50,947 - INFO - Epoch [269/500], Loss: 0.6893254620954394, Accuracy: 88.9425065490142%
2024-02-07 17:06:51,170 - INFO - Epoch [270/500], Loss: 0.6872524674981833, Accuracy: 88.97008134565007%
2024-02-07 17:06:51,392 - INFO - Epoch [271/500], Loss: 0.6851909815644225, Accuracy: 88.97008134565007%
2024-02-07 17:06:51,411 - INFO - Test Accuracy: 43.03249097472924%, Balanced Test Accuracy: 40.313436393827665%
2024-02-07 17:06:51,587 - INFO - Epoch [272/500], Loss: 0.6831409162841737, Accuracy: 88.97008134565007%
2024-02-07 17:06:51,761 - INFO - Epoch [273/500], Loss: 0.6811021524481475, Accuracy: 88.98386874396802%
2024-02-07 17:06:51,950 - INFO - Epoch [274/500], Loss: 0.6790746537347635, Accuracy: 88.99765614228595%
2024-02-07 17:06:52,117 - INFO - Epoch [275/500], Loss: 0.6770582163395981, Accuracy: 89.01144354060389%
2024-02-07 17:06:52,276 - INFO - Epoch [276/500], Loss: 0.6750528068902591, Accuracy: 89.0528057355577%
2024-02-07 17:06:52,441 - INFO - Epoch [277/500], Loss: 0.6730584201092521, Accuracy: 89.06659313387564%
2024-02-07 17:06:52,612 - INFO - Epoch [278/500], Loss: 0.6710747961575786, Accuracy: 89.12174272714739%
2024-02-07 17:06:52,768 - INFO - Epoch [279/500], Loss: 0.6691019865684211, Accuracy: 89.1631049221012%
2024-02-07 17:06:52,903 - INFO - Epoch [280/500], Loss: 0.6671397988684475, Accuracy: 89.23204191369089%
2024-02-07 17:06:53,049 - INFO - Epoch [281/500], Loss: 0.6651882363172869, Accuracy: 89.23204191369089%
2024-02-07 17:06:53,063 - INFO - Test Accuracy: 42.96028880866426%, Balanced Test Accuracy: 40.267798346523435%
2024-02-07 17:06:53,241 - INFO - Epoch [282/500], Loss: 0.6632471519211928, Accuracy: 89.24582931200882%
2024-02-07 17:06:53,399 - INFO - Epoch [283/500], Loss: 0.6613164944574237, Accuracy: 89.31476630359852%
2024-02-07 17:06:53,549 - INFO - Epoch [284/500], Loss: 0.65939612298583, Accuracy: 89.34234110023439%
2024-02-07 17:06:53,683 - INFO - Epoch [285/500], Loss: 0.6574860570641855, Accuracy: 89.32855370191645%
2024-02-07 17:06:53,810 - INFO - Epoch [286/500], Loss: 0.6555861324692766, Accuracy: 89.34234110023439%
2024-02-07 17:06:53,938 - INFO - Epoch [287/500], Loss: 0.6536962365110716, Accuracy: 89.39749069350613%
2024-02-07 17:06:54,053 - INFO - Epoch [288/500], Loss: 0.651816348079592, Accuracy: 89.425065490142%
2024-02-07 17:06:54,155 - INFO - Epoch [289/500], Loss: 0.6499463909616073, Accuracy: 89.46642768509582%
2024-02-07 17:06:54,260 - INFO - Epoch [290/500], Loss: 0.6480862333749732, Accuracy: 89.4940024817317%
2024-02-07 17:06:54,369 - INFO - Epoch [291/500], Loss: 0.6462358453621467, Accuracy: 89.56293947332138%
2024-02-07 17:06:54,385 - INFO - Test Accuracy: 42.888086642599276%, Balanced Test Accuracy: 40.306375717526976%
2024-02-07 17:06:54,501 - INFO - Epoch [292/500], Loss: 0.6443950808607042, Accuracy: 89.56293947332138%
2024-02-07 17:06:54,609 - INFO - Epoch [293/500], Loss: 0.6425639735534787, Accuracy: 89.6043016682752%
2024-02-07 17:06:54,738 - INFO - Epoch [294/500], Loss: 0.6407423852942884, Accuracy: 89.61808906659313%
2024-02-07 17:06:54,868 - INFO - Epoch [295/500], Loss: 0.638930165519317, Accuracy: 89.68702605818282%
2024-02-07 17:06:55,001 - INFO - Epoch [296/500], Loss: 0.637127422572424, Accuracy: 89.70081345650075%
2024-02-07 17:06:55,130 - INFO - Epoch [297/500], Loss: 0.635333927658697, Accuracy: 89.74217565145457%
2024-02-07 17:06:55,267 - INFO - Epoch [298/500], Loss: 0.6335496429043511, Accuracy: 89.74217565145457%
2024-02-07 17:06:55,399 - INFO - Epoch [299/500], Loss: 0.6317745104121665, Accuracy: 89.74217565145457%
2024-02-07 17:06:55,531 - INFO - Epoch [300/500], Loss: 0.6300084573837618, Accuracy: 89.7559630497725%
2024-02-07 17:06:55,670 - INFO - Epoch [301/500], Loss: 0.6282513990687827, Accuracy: 89.78353784640838%
2024-02-07 17:06:55,687 - INFO - Test Accuracy: 42.74368231046932%, Balanced Test Accuracy: 40.246951948019166%
2024-02-07 17:06:55,840 - INFO - Epoch [302/500], Loss: 0.6265033017843962, Accuracy: 89.79732524472632%
2024-02-07 17:06:55,977 - INFO - Epoch [303/500], Loss: 0.624763984233141, Accuracy: 89.8249000413622%
2024-02-07 17:06:56,132 - INFO - Epoch [304/500], Loss: 0.6230335722987851, Accuracy: 89.85247483799807%
2024-02-07 17:06:56,278 - INFO - Epoch [305/500], Loss: 0.6213117510390779, Accuracy: 89.85247483799807%
2024-02-07 17:06:56,433 - INFO - Epoch [306/500], Loss: 0.6195986395080885, Accuracy: 89.90762443126982%
2024-02-07 17:06:56,574 - INFO - Epoch [307/500], Loss: 0.6178941327768067, Accuracy: 89.90762443126982%
2024-02-07 17:06:56,720 - INFO - Epoch [308/500], Loss: 0.6161981456292173, Accuracy: 89.90762443126982%
2024-02-07 17:06:56,869 - INFO - Epoch [309/500], Loss: 0.6145106454690298, Accuracy: 89.9351992279057%
2024-02-07 17:06:57,014 - INFO - Epoch [310/500], Loss: 0.6128315214688579, Accuracy: 89.9351992279057%
2024-02-07 17:06:57,159 - INFO - Epoch [311/500], Loss: 0.6111606801860034, Accuracy: 89.9351992279057%
2024-02-07 17:06:57,171 - INFO - Test Accuracy: 42.454873646209386%, Balanced Test Accuracy: 39.75972812875527%
2024-02-07 17:06:57,307 - INFO - Epoch [312/500], Loss: 0.6094981391603748, Accuracy: 89.9765614228595%
2024-02-07 17:06:57,449 - INFO - Epoch [313/500], Loss: 0.6078437658337256, Accuracy: 89.9765614228595%
2024-02-07 17:06:57,602 - INFO - Epoch [314/500], Loss: 0.6061975954410931, Accuracy: 90.01792361781332%
2024-02-07 17:06:57,744 - INFO - Epoch [315/500], Loss: 0.6045594826961557, Accuracy: 90.03171101613125%
2024-02-07 17:06:57,885 - INFO - Epoch [316/500], Loss: 0.6029293582153817, Accuracy: 90.03171101613125%
2024-02-07 17:06:57,996 - INFO - Epoch [317/500], Loss: 0.601307215479513, Accuracy: 90.0454984144492%
2024-02-07 17:06:58,164 - INFO - Epoch [318/500], Loss: 0.5996929209989806, Accuracy: 90.07307321108507%
2024-02-07 17:06:58,293 - INFO - Epoch [319/500], Loss: 0.5980864653053383, Accuracy: 90.086860609403%
2024-02-07 17:06:58,414 - INFO - Epoch [320/500], Loss: 0.5964878167336186, Accuracy: 90.10064800772095%
2024-02-07 17:06:58,539 - INFO - Epoch [321/500], Loss: 0.5948968779606124, Accuracy: 90.12822280435682%
2024-02-07 17:06:58,550 - INFO - Test Accuracy: 42.31046931407942%, Balanced Test Accuracy: 39.7759773725161%
2024-02-07 17:06:58,659 - INFO - Epoch [322/500], Loss: 0.5933135848802825, Accuracy: 90.14201020267475%
2024-02-07 17:06:58,774 - INFO - Epoch [323/500], Loss: 0.5917379401313761, Accuracy: 90.18337239762857%
2024-02-07 17:06:58,895 - INFO - Epoch [324/500], Loss: 0.5901697926844159, Accuracy: 90.18337239762857%
2024-02-07 17:06:59,012 - INFO - Epoch [325/500], Loss: 0.5886091484377781, Accuracy: 90.21094719426445%
2024-02-07 17:06:59,129 - INFO - Epoch [326/500], Loss: 0.5870560039766133, Accuracy: 90.22473459258238%
2024-02-07 17:06:59,245 - INFO - Epoch [327/500], Loss: 0.5855102172742287, Accuracy: 90.23852199090032%
2024-02-07 17:06:59,368 - INFO - Epoch [328/500], Loss: 0.5839717169292271, Accuracy: 90.27988418585413%
2024-02-07 17:06:59,489 - INFO - Epoch [329/500], Loss: 0.5824405391079684, Accuracy: 90.29367158417206%
2024-02-07 17:06:59,607 - INFO - Epoch [330/500], Loss: 0.5809165191215774, Accuracy: 90.33503377912588%
2024-02-07 17:06:59,724 - INFO - Epoch [331/500], Loss: 0.5793997348907093, Accuracy: 90.36260857576175%
2024-02-07 17:06:59,736 - INFO - Test Accuracy: 42.238267148014444%, Balanced Test Accuracy: 39.7524479607514%
2024-02-07 17:06:59,859 - INFO - Epoch [332/500], Loss: 0.5778900235891342, Accuracy: 90.39018337239763%
2024-02-07 17:06:59,973 - INFO - Epoch [333/500], Loss: 0.5763874459080398, Accuracy: 90.4177581690335%
2024-02-07 17:07:00,087 - INFO - Epoch [334/500], Loss: 0.5748918438330293, Accuracy: 90.45912036398731%
2024-02-07 17:07:00,205 - INFO - Epoch [335/500], Loss: 0.5734031630369524, Accuracy: 90.47290776230525%
2024-02-07 17:07:00,317 - INFO - Epoch [336/500], Loss: 0.5719214646766583, Accuracy: 90.48669516062319%
2024-02-07 17:07:00,432 - INFO - Epoch [337/500], Loss: 0.5704466284563144, Accuracy: 90.528057355577%
2024-02-07 17:07:00,551 - INFO - Epoch [338/500], Loss: 0.5689786074993511, Accuracy: 90.54184475389494%
2024-02-07 17:07:00,669 - INFO - Epoch [339/500], Loss: 0.5675173442189893, Accuracy: 90.56941955053081%
2024-02-07 17:07:00,786 - INFO - Epoch [340/500], Loss: 0.5660628317855299, Accuracy: 90.56941955053081%
2024-02-07 17:07:00,901 - INFO - Epoch [341/500], Loss: 0.5646149571985006, Accuracy: 90.56941955053081%
2024-02-07 17:07:00,911 - INFO - Test Accuracy: 42.16606498194946%, Balanced Test Accuracy: 39.74468760067069%
2024-02-07 17:07:01,021 - INFO - Epoch [342/500], Loss: 0.5631737387739122, Accuracy: 90.59699434716669%
2024-02-07 17:07:01,135 - INFO - Epoch [343/500], Loss: 0.5617390950210392, Accuracy: 90.56941955053081%
2024-02-07 17:07:01,250 - INFO - Epoch [344/500], Loss: 0.5603109975345433, Accuracy: 90.58320694884875%
2024-02-07 17:07:01,374 - INFO - Epoch [345/500], Loss: 0.5588893759995699, Accuracy: 90.59699434716669%
2024-02-07 17:07:01,501 - INFO - Epoch [346/500], Loss: 0.5574742608393232, Accuracy: 90.59699434716669%
2024-02-07 17:07:01,621 - INFO - Epoch [347/500], Loss: 0.5560654484046003, Accuracy: 90.62456914380256%
2024-02-07 17:07:01,753 - INFO - Epoch [348/500], Loss: 0.5546630350872874, Accuracy: 90.6383565421205%
2024-02-07 17:07:01,886 - INFO - Epoch [349/500], Loss: 0.5532669674915572, Accuracy: 90.6383565421205%
2024-02-07 17:07:02,009 - INFO - Epoch [350/500], Loss: 0.5518771447241306, Accuracy: 90.6383565421205%
2024-02-07 17:07:02,135 - INFO - Epoch [351/500], Loss: 0.5504935585583249, Accuracy: 90.66593133875638%
2024-02-07 17:07:02,147 - INFO - Test Accuracy: 41.805054151624546%, Balanced Test Accuracy: 39.583716905647535%
2024-02-07 17:07:02,259 - INFO - Epoch [352/500], Loss: 0.5491161855558554, Accuracy: 90.66593133875638%
2024-02-07 17:07:02,370 - INFO - Epoch [353/500], Loss: 0.5477449103879432, Accuracy: 90.69350613539225%
2024-02-07 17:07:02,489 - INFO - Epoch [354/500], Loss: 0.5463797772924105, Accuracy: 90.69350613539225%
2024-02-07 17:07:02,604 - INFO - Epoch [355/500], Loss: 0.5450207106769085, Accuracy: 90.70729353371019%
2024-02-07 17:07:02,713 - INFO - Epoch [356/500], Loss: 0.5436676347938677, Accuracy: 90.72108093202813%
2024-02-07 17:07:02,836 - INFO - Epoch [357/500], Loss: 0.5423205162708958, Accuracy: 90.70729353371019%
2024-02-07 17:07:02,952 - INFO - Epoch [358/500], Loss: 0.5409793384994069, Accuracy: 90.73486833034606%
2024-02-07 17:07:03,076 - INFO - Epoch [359/500], Loss: 0.5396441174671054, Accuracy: 90.77623052529988%
2024-02-07 17:07:03,223 - INFO - Epoch [360/500], Loss: 0.5383147366034488, Accuracy: 90.83138011857163%
2024-02-07 17:07:03,351 - INFO - Epoch [361/500], Loss: 0.5369911110028625, Accuracy: 90.84516751688956%
2024-02-07 17:07:03,366 - INFO - Test Accuracy: 41.805054151624546%, Balanced Test Accuracy: 39.6368515329324%
2024-02-07 17:07:03,482 - INFO - Epoch [362/500], Loss: 0.5356733350393673, Accuracy: 90.87274231352544%
2024-02-07 17:07:03,596 - INFO - Epoch [363/500], Loss: 0.5343612895036737, Accuracy: 90.84516751688956%
2024-02-07 17:07:03,702 - INFO - Epoch [364/500], Loss: 0.5330549441277981, Accuracy: 90.90031711016131%
2024-02-07 17:07:03,812 - INFO - Epoch [365/500], Loss: 0.5317542722138265, Accuracy: 90.94167930511513%
2024-02-07 17:07:03,932 - INFO - Epoch [366/500], Loss: 0.5304592273508509, Accuracy: 90.95546670343306%
2024-02-07 17:07:04,041 - INFO - Epoch [367/500], Loss: 0.529169782375296, Accuracy: 90.98304150006894%
2024-02-07 17:07:04,153 - INFO - Epoch [368/500], Loss: 0.5278859242486457, Accuracy: 90.98304150006894%
2024-02-07 17:07:04,268 - INFO - Epoch [369/500], Loss: 0.5266075444718202, Accuracy: 91.01061629670481%
2024-02-07 17:07:04,371 - INFO - Epoch [370/500], Loss: 0.5253346528237065, Accuracy: 91.03819109334069%
2024-02-07 17:07:04,477 - INFO - Epoch [371/500], Loss: 0.5240672415432831, Accuracy: 91.05197849165863%
2024-02-07 17:07:04,489 - INFO - Test Accuracy: 41.44404332129964%, Balanced Test Accuracy: 39.678645337326884%
2024-02-07 17:07:04,598 - INFO - Epoch [372/500], Loss: 0.5228051827289164, Accuracy: 91.06576588997656%
2024-02-07 17:07:04,701 - INFO - Epoch [373/500], Loss: 0.521548538779219, Accuracy: 91.09334068661244%
2024-02-07 17:07:04,823 - INFO - Epoch [374/500], Loss: 0.5202972258751591, Accuracy: 91.12091548324831%
2024-02-07 17:07:04,940 - INFO - Epoch [375/500], Loss: 0.5190512679206828, Accuracy: 91.12091548324831%
2024-02-07 17:07:05,052 - INFO - Epoch [376/500], Loss: 0.5178105691447854, Accuracy: 91.14849027988419%
2024-02-07 17:07:05,163 - INFO - Epoch [377/500], Loss: 0.5165751026943326, Accuracy: 91.14849027988419%
2024-02-07 17:07:05,278 - INFO - Epoch [378/500], Loss: 0.5153448134660721, Accuracy: 91.18985247483799%
2024-02-07 17:07:05,387 - INFO - Epoch [379/500], Loss: 0.5141197332801918, Accuracy: 91.18985247483799%
2024-02-07 17:07:05,494 - INFO - Epoch [380/500], Loss: 0.5128998551517725, Accuracy: 91.20363987315594%
2024-02-07 17:07:05,613 - INFO - Epoch [381/500], Loss: 0.5116849935924014, Accuracy: 91.21742727147387%
2024-02-07 17:07:05,625 - INFO - Test Accuracy: 41.51624548736462%, Balanced Test Accuracy: 40.15307236407426%
2024-02-07 17:07:05,737 - INFO - Epoch [382/500], Loss: 0.5104752016874651, Accuracy: 91.20363987315594%
2024-02-07 17:07:05,848 - INFO - Epoch [383/500], Loss: 0.5092705246061087, Accuracy: 91.20363987315594%
2024-02-07 17:07:05,962 - INFO - Epoch [384/500], Loss: 0.5080708301005264, Accuracy: 91.20363987315594%
2024-02-07 17:07:06,074 - INFO - Epoch [385/500], Loss: 0.5068761110305786, Accuracy: 91.21742727147387%
2024-02-07 17:07:06,212 - INFO - Epoch [386/500], Loss: 0.5056863408535719, Accuracy: 91.20363987315594%
2024-02-07 17:07:06,341 - INFO - Epoch [387/500], Loss: 0.5045014757973453, Accuracy: 91.27257686474562%
2024-02-07 17:07:06,455 - INFO - Epoch [388/500], Loss: 0.5033215382136405, Accuracy: 91.30015166138149%
2024-02-07 17:07:06,567 - INFO - Epoch [389/500], Loss: 0.5021464906943341, Accuracy: 91.30015166138149%
2024-02-07 17:07:06,686 - INFO - Epoch [390/500], Loss: 0.500976187021782, Accuracy: 91.32772645801737%
2024-02-07 17:07:06,804 - INFO - Epoch [391/500], Loss: 0.49981071008369327, Accuracy: 91.34151385633531%
2024-02-07 17:07:06,815 - INFO - Test Accuracy: 41.588447653429604%, Balanced Test Accuracy: 40.18649482396731%
2024-02-07 17:07:06,955 - INFO - Epoch [392/500], Loss: 0.4986499866160254, Accuracy: 91.34151385633531%
2024-02-07 17:07:07,079 - INFO - Epoch [393/500], Loss: 0.49749400606378913, Accuracy: 91.36908865297119%
2024-02-07 17:07:07,210 - INFO - Epoch [394/500], Loss: 0.4963427710657318, Accuracy: 91.39666344960706%
2024-02-07 17:07:07,328 - INFO - Epoch [395/500], Loss: 0.49519620680560666, Accuracy: 91.42423824624294%
2024-02-07 17:07:07,447 - INFO - Epoch [396/500], Loss: 0.4940543306681017, Accuracy: 91.43802564456087%
2024-02-07 17:07:07,559 - INFO - Epoch [397/500], Loss: 0.49291699348638457, Accuracy: 91.46560044119674%
2024-02-07 17:07:07,675 - INFO - Epoch [398/500], Loss: 0.4917843023625513, Accuracy: 91.46560044119674%
2024-02-07 17:07:07,787 - INFO - Epoch [399/500], Loss: 0.49065618744740885, Accuracy: 91.46560044119674%
2024-02-07 17:07:07,906 - INFO - Epoch [400/500], Loss: 0.48953256011009216, Accuracy: 91.47938783951469%
2024-02-07 17:07:08,042 - INFO - Epoch [401/500], Loss: 0.4884134332338969, Accuracy: 91.50696263615056%
2024-02-07 17:07:08,054 - INFO - Test Accuracy: 41.371841155234655%, Balanced Test Accuracy: 40.12519304731998%
2024-02-07 17:07:08,189 - INFO - Epoch [402/500], Loss: 0.4872988554028173, Accuracy: 91.50696263615056%
2024-02-07 17:07:08,321 - INFO - Epoch [403/500], Loss: 0.4861887232400477, Accuracy: 91.52075003446849%
2024-02-07 17:07:08,458 - INFO - Epoch [404/500], Loss: 0.485082999492685, Accuracy: 91.53453743278644%
2024-02-07 17:07:08,587 - INFO - Epoch [405/500], Loss: 0.4839817102377613, Accuracy: 91.54832483110437%
2024-02-07 17:07:08,716 - INFO - Epoch [406/500], Loss: 0.4828847696383794, Accuracy: 91.56211222942231%
2024-02-07 17:07:08,844 - INFO - Epoch [407/500], Loss: 0.4817921730379264, Accuracy: 91.57589962774024%
2024-02-07 17:07:08,972 - INFO - Epoch [408/500], Loss: 0.48070392571389675, Accuracy: 91.61726182269406%
2024-02-07 17:07:09,097 - INFO - Epoch [409/500], Loss: 0.47962000329668325, Accuracy: 91.60347442437612%
2024-02-07 17:07:09,227 - INFO - Epoch [410/500], Loss: 0.47854027928163606, Accuracy: 91.63104922101199%
2024-02-07 17:07:09,361 - INFO - Epoch [411/500], Loss: 0.4774648859165609, Accuracy: 91.65862401764787%
2024-02-07 17:07:09,372 - INFO - Test Accuracy: 41.371841155234655%, Balanced Test Accuracy: 40.185697249000654%
2024-02-07 17:07:09,508 - INFO - Epoch [412/500], Loss: 0.4763936164478461, Accuracy: 91.65862401764787%
2024-02-07 17:07:09,661 - INFO - Epoch [413/500], Loss: 0.47532662671680254, Accuracy: 91.69998621260169%
2024-02-07 17:07:09,786 - INFO - Epoch [414/500], Loss: 0.4742637714371085, Accuracy: 91.69998621260169%
2024-02-07 17:07:09,906 - INFO - Epoch [415/500], Loss: 0.4732050664412479, Accuracy: 91.71377361091962%
2024-02-07 17:07:10,037 - INFO - Epoch [416/500], Loss: 0.47215053749581176, Accuracy: 91.72756100923756%
2024-02-07 17:07:10,162 - INFO - Epoch [417/500], Loss: 0.47110006446018815, Accuracy: 91.74134840755549%
2024-02-07 17:07:10,279 - INFO - Epoch [418/500], Loss: 0.47005368598426384, Accuracy: 91.76892320419137%
2024-02-07 17:07:10,391 - INFO - Epoch [419/500], Loss: 0.46901135534668964, Accuracy: 91.78271060250931%
2024-02-07 17:07:10,498 - INFO - Epoch [420/500], Loss: 0.46797305267925066, Accuracy: 91.79649800082724%
2024-02-07 17:07:10,602 - INFO - Epoch [421/500], Loss: 0.46693874228124815, Accuracy: 91.82407279746312%
2024-02-07 17:07:10,612 - INFO - Test Accuracy: 41.44404332129964%, Balanced Test Accuracy: 40.6975447320572%
2024-02-07 17:07:10,729 - INFO - Epoch [422/500], Loss: 0.4659084261705478, Accuracy: 91.82407279746312%
2024-02-07 17:07:10,841 - INFO - Epoch [423/500], Loss: 0.4648820417933166, Accuracy: 91.83786019578106%
2024-02-07 17:07:10,948 - INFO - Epoch [424/500], Loss: 0.46385969951127964, Accuracy: 91.83786019578106%
2024-02-07 17:07:11,059 - INFO - Epoch [425/500], Loss: 0.46284115019564825, Accuracy: 91.83786019578106%
2024-02-07 17:07:11,174 - INFO - Epoch [426/500], Loss: 0.4618265344761312, Accuracy: 91.85164759409899%
2024-02-07 17:07:11,283 - INFO - Epoch [427/500], Loss: 0.4608158068731427, Accuracy: 91.85164759409899%
2024-02-07 17:07:11,394 - INFO - Epoch [428/500], Loss: 0.45980887464247644, Accuracy: 91.85164759409899%
2024-02-07 17:07:11,509 - INFO - Epoch [429/500], Loss: 0.4588058268806587, Accuracy: 91.86543499241694%
2024-02-07 17:07:11,618 - INFO - Epoch [430/500], Loss: 0.45780655027677614, Accuracy: 91.86543499241694%
2024-02-07 17:07:11,727 - INFO - Epoch [431/500], Loss: 0.4568110346638908, Accuracy: 91.86543499241694%
2024-02-07 17:07:11,738 - INFO - Test Accuracy: 41.29963898916967%, Balanced Test Accuracy: 40.55860026538164%
2024-02-07 17:07:11,850 - INFO - Epoch [432/500], Loss: 0.4558193408108006, Accuracy: 91.87922239073487%
2024-02-07 17:07:11,954 - INFO - Epoch [433/500], Loss: 0.4548313633228342, Accuracy: 91.89300978905281%
2024-02-07 17:07:12,064 - INFO - Epoch [434/500], Loss: 0.45384707674384117, Accuracy: 91.92058458568869%
2024-02-07 17:07:12,168 - INFO - Epoch [435/500], Loss: 0.45286650699563324, Accuracy: 91.93437198400662%
2024-02-07 17:07:12,277 - INFO - Epoch [436/500], Loss: 0.4518895894289017, Accuracy: 91.93437198400662%
2024-02-07 17:07:12,383 - INFO - Epoch [437/500], Loss: 0.4509163562518855, Accuracy: 91.93437198400662%
2024-02-07 17:07:12,489 - INFO - Epoch [438/500], Loss: 0.4499467484032114, Accuracy: 91.93437198400662%
2024-02-07 17:07:12,603 - INFO - Epoch [439/500], Loss: 0.44898073212243617, Accuracy: 91.93437198400662%
2024-02-07 17:07:12,711 - INFO - Epoch [440/500], Loss: 0.4480183405491213, Accuracy: 91.94815938232456%
2024-02-07 17:07:12,820 - INFO - Epoch [441/500], Loss: 0.4470595110518237, Accuracy: 91.96194678064249%
2024-02-07 17:07:12,831 - INFO - Test Accuracy: 41.01083032490975%, Balanced Test Accuracy: 40.50530718033759%
2024-02-07 17:07:12,946 - INFO - Epoch [442/500], Loss: 0.44610422050269943, Accuracy: 91.98952157727837%
2024-02-07 17:07:13,059 - INFO - Epoch [443/500], Loss: 0.4451524308727433, Accuracy: 91.98952157727837%
2024-02-07 17:07:13,165 - INFO - Epoch [444/500], Loss: 0.4442042129424711, Accuracy: 91.98952157727837%
2024-02-07 17:07:13,280 - INFO - Epoch [445/500], Loss: 0.4432594612396012, Accuracy: 92.01709637391424%
2024-02-07 17:07:13,396 - INFO - Epoch [446/500], Loss: 0.4423182246585687, Accuracy: 92.04467117055012%
2024-02-07 17:07:13,512 - INFO - Epoch [447/500], Loss: 0.44138035535191494, Accuracy: 92.04467117055012%
2024-02-07 17:07:13,627 - INFO - Epoch [448/500], Loss: 0.4404460162234803, Accuracy: 92.08603336550392%
2024-02-07 17:07:13,742 - INFO - Epoch [449/500], Loss: 0.43951508790875476, Accuracy: 92.08603336550392%
2024-02-07 17:07:13,863 - INFO - Epoch [450/500], Loss: 0.43858750467188656, Accuracy: 92.09982076382187%
2024-02-07 17:07:13,985 - INFO - Epoch [451/500], Loss: 0.4376633170371254, Accuracy: 92.1136081621398%
2024-02-07 17:07:13,997 - INFO - Test Accuracy: 41.01083032490975%, Balanced Test Accuracy: 40.447708063294115%
2024-02-07 17:07:14,110 - INFO - Epoch [452/500], Loss: 0.4367425212015708, Accuracy: 92.1136081621398%
2024-02-07 17:07:14,214 - INFO - Epoch [453/500], Loss: 0.4358250133227557, Accuracy: 92.12739556045774%
2024-02-07 17:07:14,325 - INFO - Epoch [454/500], Loss: 0.434910870079572, Accuracy: 92.14118295877567%
2024-02-07 17:07:14,432 - INFO - Epoch [455/500], Loss: 0.4339999726507813, Accuracy: 92.15497035709362%
2024-02-07 17:07:14,533 - INFO - Epoch [456/500], Loss: 0.43309246151087183, Accuracy: 92.16875775541155%
2024-02-07 17:07:14,669 - INFO - Epoch [457/500], Loss: 0.4321881611831486, Accuracy: 92.19633255204742%
2024-02-07 17:07:14,776 - INFO - Epoch [458/500], Loss: 0.4312870802047352, Accuracy: 92.21011995036537%
2024-02-07 17:07:14,879 - INFO - Epoch [459/500], Loss: 0.43038927507586777, Accuracy: 92.23769474700124%
2024-02-07 17:07:15,005 - INFO - Epoch [460/500], Loss: 0.42949470939735573, Accuracy: 92.25148214531917%
2024-02-07 17:07:15,113 - INFO - Epoch [461/500], Loss: 0.4286033458386858, Accuracy: 92.25148214531917%
2024-02-07 17:07:15,124 - INFO - Test Accuracy: 41.01083032490975%, Balanced Test Accuracy: 40.447708063294115%
2024-02-07 17:07:15,228 - INFO - Epoch [462/500], Loss: 0.42771513434126973, Accuracy: 92.25148214531917%
2024-02-07 17:07:15,338 - INFO - Epoch [463/500], Loss: 0.42683008274373907, Accuracy: 92.29284434027299%
2024-02-07 17:07:15,447 - INFO - Epoch [464/500], Loss: 0.42594819554748636, Accuracy: 92.3342065352268%
2024-02-07 17:07:15,566 - INFO - Epoch [465/500], Loss: 0.4250694194342941, Accuracy: 92.34799393354474%
2024-02-07 17:07:15,679 - INFO - Epoch [466/500], Loss: 0.4241937967017293, Accuracy: 92.36178133186267%
2024-02-07 17:07:15,792 - INFO - Epoch [467/500], Loss: 0.42332120464804274, Accuracy: 92.36178133186267%
2024-02-07 17:07:15,903 - INFO - Epoch [468/500], Loss: 0.4224517472709219, Accuracy: 92.38935612849855%
2024-02-07 17:07:16,023 - INFO - Epoch [469/500], Loss: 0.4215853641120096, Accuracy: 92.40314352681649%
2024-02-07 17:07:16,146 - INFO - Epoch [470/500], Loss: 0.4207219471378873, Accuracy: 92.43071832345237%
2024-02-07 17:07:16,252 - INFO - Epoch [471/500], Loss: 0.41986163953940075, Accuracy: 92.4445057217703%
2024-02-07 17:07:16,263 - INFO - Test Accuracy: 40.72202166064982%, Balanced Test Accuracy: 40.369359467919296%
2024-02-07 17:07:16,388 - INFO - Epoch [472/500], Loss: 0.4190043079822014, Accuracy: 92.45829312008824%
2024-02-07 17:07:16,504 - INFO - Epoch [473/500], Loss: 0.4181500381479661, Accuracy: 92.47208051840617%
2024-02-07 17:07:16,608 - INFO - Epoch [474/500], Loss: 0.4172986665119727, Accuracy: 92.47208051840617%
2024-02-07 17:07:16,727 - INFO - Epoch [475/500], Loss: 0.41645032074302435, Accuracy: 92.47208051840617%
2024-02-07 17:07:16,837 - INFO - Epoch [476/500], Loss: 0.4156048778289308, Accuracy: 92.48586791672412%
2024-02-07 17:07:16,943 - INFO - Epoch [477/500], Loss: 0.41476240443686646, Accuracy: 92.49965531504205%
2024-02-07 17:07:17,072 - INFO - Epoch [478/500], Loss: 0.4139228204730898, Accuracy: 92.49965531504205%
2024-02-07 17:07:17,185 - INFO - Epoch [479/500], Loss: 0.41308619648528594, Accuracy: 92.54101750999587%
2024-02-07 17:07:17,297 - INFO - Epoch [480/500], Loss: 0.4122524110134691, Accuracy: 92.54101750999587%
2024-02-07 17:07:17,420 - INFO - Epoch [481/500], Loss: 0.411421523662284, Accuracy: 92.5548049083138%
2024-02-07 17:07:17,431 - INFO - Test Accuracy: 40.86642599277978%, Balanced Test Accuracy: 40.40653159270589%
2024-02-07 17:07:17,535 - INFO - Epoch [482/500], Loss: 0.4105935156500588, Accuracy: 92.5548049083138%
2024-02-07 17:07:17,640 - INFO - Epoch [483/500], Loss: 0.4097683531387399, Accuracy: 92.56859230663174%
2024-02-07 17:07:17,759 - INFO - Epoch [484/500], Loss: 0.4089459936755399, Accuracy: 92.56859230663174%
2024-02-07 17:07:17,865 - INFO - Epoch [485/500], Loss: 0.4081264460304131, Accuracy: 92.56859230663174%
2024-02-07 17:07:17,971 - INFO - Epoch [486/500], Loss: 0.4073096893262118, Accuracy: 92.56859230663174%
2024-02-07 17:07:18,088 - INFO - Epoch [487/500], Loss: 0.4064957188287129, Accuracy: 92.56859230663174%
2024-02-07 17:07:18,196 - INFO - Epoch [488/500], Loss: 0.40568451102202135, Accuracy: 92.56859230663174%
2024-02-07 17:07:18,308 - INFO - Epoch [489/500], Loss: 0.40487609004291397, Accuracy: 92.58237970494967%
2024-02-07 17:07:18,429 - INFO - Epoch [490/500], Loss: 0.4040704013314098, Accuracy: 92.59616710326762%
2024-02-07 17:07:18,536 - INFO - Epoch [491/500], Loss: 0.4032674547440062, Accuracy: 92.59616710326762%
2024-02-07 17:07:18,547 - INFO - Test Accuracy: 40.72202166064982%, Balanced Test Accuracy: 40.39101087254447%
2024-02-07 17:07:18,656 - INFO - Epoch [492/500], Loss: 0.4024672024728109, Accuracy: 92.59616710326762%
2024-02-07 17:07:18,771 - INFO - Epoch [493/500], Loss: 0.4016696777349959, Accuracy: 92.6237418999035%
2024-02-07 17:07:18,879 - INFO - Epoch [494/500], Loss: 0.4008748021442443, Accuracy: 92.6651040948573%
2024-02-07 17:07:18,985 - INFO - Epoch [495/500], Loss: 0.40008262855311233, Accuracy: 92.70646628981112%
2024-02-07 17:07:19,106 - INFO - Epoch [496/500], Loss: 0.3992931235892077, Accuracy: 92.70646628981112%
2024-02-07 17:07:19,226 - INFO - Epoch [497/500], Loss: 0.3985061924128483, Accuracy: 92.734041086447%
2024-02-07 17:07:19,345 - INFO - Epoch [498/500], Loss: 0.3977219579586138, Accuracy: 92.734041086447%
2024-02-07 17:07:19,509 - INFO - Epoch [499/500], Loss: 0.39694030784691375, Accuracy: 92.734041086447%
2024-02-07 17:07:19,682 - INFO - Epoch [500/500], Loss: 0.3961612614803016, Accuracy: 92.76161588308287%
2024-02-07 17:07:19,717 - INFO - Test Accuracy: 30.01207729468599%, Balanced Test Accuracy: 34.94319183452573%
2024-02-07 17:07:19,784 - INFO - Final unblanced test accuracy: 30.01207729468599% and final balanced test accuracy 34.94319183452573
