2024-02-07 17:24:19,183 - INFO - Configuration:
{
    "task": "5",
    "topic": "1_classifier",
    "train_classifier": true,
    "number_gpus": "1",
    "modalities": [
        "rgb"
    ],
    "encoder_model": "MAE",
    "mask_ratio": 0.8,
    "dataset": "DAA",
    "split": "1",
    "num_classes": 34,
    "epochs": 500,
    "res_cktp": false,
    "cktp_dir": "/home/bas06400/Thesis/VIP/src/align_checkpoints/mae_checkpoints/",
    "trained_encoder": "checkpoint_rgb_1_20240130_232005.pth",
    "learning_rate": 0.001,
    "temperature": 0.1,
    "num_workers": 10,
    "batch_size": 64,
    "data_root": "/net/polaris/storage/deeplearning/ntu",
    "random_sample": false,
    "pin_memory": true,
    "scheduler_config": {
        "type": "plateau",
        "params": {
            "mode": "min",
            "factor": 0.1,
            "patience": 5
        }
    }
}
2024-02-07 17:24:19,223 - INFO - Training MAE for rgb...
2024-02-07 17:24:19,269 - INFO - Evaluing on the following GPUs [1]
2024-02-07 17:24:25,002 - INFO - Checkpoint checkpoint_rgb_1_20240130_232005.pth loaded succesfully
2024-02-07 17:24:25,093 - INFO - Starting feature extraction...
2024-02-07 17:31:06,777 - INFO - Applying balanced loss
2024-02-07 17:31:07,022 - INFO - Epoch [1/500], Loss: 6.409276192386945, Accuracy: 49.827657521025785%
2024-02-07 17:31:07,052 - INFO - Test Accuracy: 47.148014440433215%, Balanced Test Accuracy: 35.7934686191048%
2024-02-07 17:31:07,176 - INFO - Epoch [2/500], Loss: 4.215861375133197, Accuracy: 67.47552736798566%
2024-02-07 17:31:07,302 - INFO - Epoch [3/500], Loss: 3.4139650029440722, Accuracy: 70.64662898111126%
2024-02-07 17:31:07,430 - INFO - Epoch [4/500], Loss: 2.9576957374811172, Accuracy: 72.907762305253%
2024-02-07 17:31:07,545 - INFO - Epoch [5/500], Loss: 2.64446317901214, Accuracy: 74.8242106714463%
2024-02-07 17:31:07,662 - INFO - Epoch [6/500], Loss: 2.409091460208098, Accuracy: 76.2994622914656%
2024-02-07 17:31:07,780 - INFO - Epoch [7/500], Loss: 2.2227707287917533, Accuracy: 77.38866675858266%
2024-02-07 17:31:07,915 - INFO - Epoch [8/500], Loss: 2.0700889670600495, Accuracy: 78.3262098442024%
2024-02-07 17:31:08,042 - INFO - Epoch [9/500], Loss: 1.9417716016372044, Accuracy: 79.16724114159658%
2024-02-07 17:31:08,197 - INFO - Epoch [10/500], Loss: 1.8318120588858922, Accuracy: 79.92554804908313%
2024-02-07 17:31:08,338 - INFO - Epoch [11/500], Loss: 1.736119890275101, Accuracy: 80.61491796498001%
2024-02-07 17:31:08,350 - INFO - Test Accuracy: 38.628158844765345%, Balanced Test Accuracy: 48.58711520542254%
2024-02-07 17:31:08,468 - INFO - Epoch [12/500], Loss: 1.6517950339863698, Accuracy: 81.13883910106163%
2024-02-07 17:31:08,582 - INFO - Epoch [13/500], Loss: 1.576709399620692, Accuracy: 81.66276023714325%
2024-02-07 17:31:08,710 - INFO - Epoch [14/500], Loss: 1.5092567453781764, Accuracy: 82.40727974631187%
2024-02-07 17:31:08,828 - INFO - Epoch [15/500], Loss: 1.4481963086873293, Accuracy: 82.9312008823935%
2024-02-07 17:31:08,955 - INFO - Epoch [16/500], Loss: 1.39255227924635, Accuracy: 83.33103543361368%
2024-02-07 17:31:09,081 - INFO - Epoch [17/500], Loss: 1.341546076349914, Accuracy: 83.6343581966083%
2024-02-07 17:31:09,195 - INFO - Epoch [18/500], Loss: 1.2945485161617398, Accuracy: 84.08934234110023%
2024-02-07 17:31:09,310 - INFO - Epoch [19/500], Loss: 1.251045726550122, Accuracy: 84.42023990073073%
2024-02-07 17:31:09,433 - INFO - Epoch [20/500], Loss: 1.2106135049834847, Accuracy: 84.73735006204329%
2024-02-07 17:31:09,547 - INFO - Epoch [21/500], Loss: 1.1728982667749126, Accuracy: 85.08203501999172%
2024-02-07 17:31:09,559 - INFO - Test Accuracy: 39.78339350180505%, Balanced Test Accuracy: 47.92757467729136%
2024-02-07 17:31:09,679 - INFO - Epoch [22/500], Loss: 1.137602450326085, Accuracy: 85.35778298635047%
2024-02-07 17:31:09,799 - INFO - Epoch [23/500], Loss: 1.1044733153345685, Accuracy: 85.71625534261685%
2024-02-07 17:31:09,918 - INFO - Epoch [24/500], Loss: 1.0732943216959636, Accuracy: 85.89549152075003%
2024-02-07 17:31:10,040 - INFO - Epoch [25/500], Loss: 1.0438786561911304, Accuracy: 86.18502688542672%
2024-02-07 17:31:10,167 - INFO - Epoch [26/500], Loss: 1.0160638163797557, Accuracy: 86.33668826692403%
2024-02-07 17:31:10,280 - INFO - Epoch [27/500], Loss: 0.9897076521689693, Accuracy: 86.61243623328278%
2024-02-07 17:31:10,397 - INFO - Epoch [28/500], Loss: 0.9646851915555695, Accuracy: 86.90197159795946%
2024-02-07 17:31:10,518 - INFO - Epoch [29/500], Loss: 0.9408860858529806, Accuracy: 86.99848338618503%
2024-02-07 17:31:10,664 - INFO - Epoch [30/500], Loss: 0.9182123340045413, Accuracy: 87.26044395422583%
2024-02-07 17:31:10,805 - INFO - Epoch [31/500], Loss: 0.896576908727487, Accuracy: 87.42589273404108%
2024-02-07 17:31:10,817 - INFO - Test Accuracy: 41.94945848375451%, Balanced Test Accuracy: 48.10547405636772%
2024-02-07 17:31:10,942 - INFO - Epoch [32/500], Loss: 0.8759019287923971, Accuracy: 87.66027850544602%
2024-02-07 17:31:11,075 - INFO - Epoch [33/500], Loss: 0.8561176910685996, Accuracy: 87.83951468357921%
2024-02-07 17:31:11,206 - INFO - Epoch [34/500], Loss: 0.8371616583317518, Accuracy: 88.04632565834827%
2024-02-07 17:31:11,347 - INFO - Epoch [35/500], Loss: 0.8189773463333646, Accuracy: 88.19798703984559%
2024-02-07 17:31:11,485 - INFO - Epoch [36/500], Loss: 0.8015138014840583, Accuracy: 88.37722321797877%
2024-02-07 17:31:11,629 - INFO - Epoch [37/500], Loss: 0.784724852691094, Accuracy: 88.58403419274782%
2024-02-07 17:31:11,755 - INFO - Epoch [38/500], Loss: 0.7685685871789852, Accuracy: 88.80463256583482%
2024-02-07 17:31:11,911 - INFO - Epoch [39/500], Loss: 0.75300676189363, Accuracy: 88.9425065490142%
2024-02-07 17:31:12,072 - INFO - Epoch [40/500], Loss: 0.7380045129296681, Accuracy: 89.09416793051152%
2024-02-07 17:31:12,216 - INFO - Epoch [41/500], Loss: 0.7235299471455315, Accuracy: 89.31476630359852%
2024-02-07 17:31:12,230 - INFO - Test Accuracy: 42.81588447653429%, Balanced Test Accuracy: 48.38024836736747%
2024-02-07 17:31:12,357 - INFO - Epoch [42/500], Loss: 0.7095537283457816, Accuracy: 89.41127809182407%
2024-02-07 17:31:12,493 - INFO - Epoch [43/500], Loss: 0.6960488869808614, Accuracy: 89.57672687163932%
2024-02-07 17:31:12,629 - INFO - Epoch [44/500], Loss: 0.6829905933700502, Accuracy: 89.74217565145457%
2024-02-07 17:31:12,765 - INFO - Epoch [45/500], Loss: 0.6703558581260344, Accuracy: 89.9351992279057%
2024-02-07 17:31:12,917 - INFO - Epoch [46/500], Loss: 0.6581233353354037, Accuracy: 90.07307321108507%
2024-02-07 17:31:13,059 - INFO - Epoch [47/500], Loss: 0.6462732704045872, Accuracy: 90.22473459258238%
2024-02-07 17:31:13,187 - INFO - Epoch [48/500], Loss: 0.634787296798701, Accuracy: 90.26609678753618%
2024-02-07 17:31:13,333 - INFO - Epoch [49/500], Loss: 0.6236482158613702, Accuracy: 90.39018337239763%
2024-02-07 17:31:13,459 - INFO - Epoch [50/500], Loss: 0.6128400530821333, Accuracy: 90.51426995725906%
2024-02-07 17:31:13,604 - INFO - Epoch [51/500], Loss: 0.6023478142451495, Accuracy: 90.66593133875638%
2024-02-07 17:31:13,618 - INFO - Test Accuracy: 44.54873646209386%, Balanced Test Accuracy: 48.34429479056407%
2024-02-07 17:31:13,757 - INFO - Epoch [52/500], Loss: 0.592157400213182, Accuracy: 90.83138011857163%
2024-02-07 17:31:13,900 - INFO - Epoch [53/500], Loss: 0.5822557415813208, Accuracy: 90.99682889838688%
2024-02-07 17:31:14,066 - INFO - Epoch [54/500], Loss: 0.5726304444639633, Accuracy: 91.09334068661244%
2024-02-07 17:31:14,224 - INFO - Epoch [55/500], Loss: 0.563269823246325, Accuracy: 91.27257686474562%
2024-02-07 17:31:14,368 - INFO - Epoch [56/500], Loss: 0.5541629511862993, Accuracy: 91.34151385633531%
2024-02-07 17:31:14,489 - INFO - Epoch [57/500], Loss: 0.5452995464826623, Accuracy: 91.45181304287881%
2024-02-07 17:31:14,621 - INFO - Epoch [58/500], Loss: 0.5366698478658994, Accuracy: 91.60347442437612%
2024-02-07 17:31:14,755 - INFO - Epoch [59/500], Loss: 0.5282646927516907, Accuracy: 91.71377361091962%
2024-02-07 17:31:14,902 - INFO - Epoch [60/500], Loss: 0.5200753521639854, Accuracy: 91.81028539914519%
2024-02-07 17:31:15,046 - INFO - Epoch [61/500], Loss: 0.5120936887493978, Accuracy: 91.92058458568869%
2024-02-07 17:31:15,062 - INFO - Test Accuracy: 45.92057761732852%, Balanced Test Accuracy: 48.682464541038826%
2024-02-07 17:31:15,217 - INFO - Epoch [62/500], Loss: 0.5043118742760271, Accuracy: 92.04467117055012%
2024-02-07 17:31:15,368 - INFO - Epoch [63/500], Loss: 0.4967225946796437, Accuracy: 92.15497035709362%
2024-02-07 17:31:15,521 - INFO - Epoch [64/500], Loss: 0.48931887342284125, Accuracy: 92.29284434027299%
2024-02-07 17:31:15,680 - INFO - Epoch [65/500], Loss: 0.48209401693505544, Accuracy: 92.38935612849855%
2024-02-07 17:31:15,850 - INFO - Epoch [66/500], Loss: 0.47504179435782135, Accuracy: 92.48586791672412%
2024-02-07 17:31:16,038 - INFO - Epoch [67/500], Loss: 0.4681561711865167, Accuracy: 92.59616710326762%
2024-02-07 17:31:16,224 - INFO - Epoch [68/500], Loss: 0.4614314708548288, Accuracy: 92.69267889149317%
2024-02-07 17:31:16,438 - INFO - Epoch [69/500], Loss: 0.4548622701937954, Accuracy: 92.78919067971874%
2024-02-07 17:31:16,633 - INFO - Epoch [70/500], Loss: 0.44844335309850675, Accuracy: 92.8443402729905%
2024-02-07 17:31:16,825 - INFO - Epoch [71/500], Loss: 0.44216980358275276, Accuracy: 92.95463945953398%
2024-02-07 17:31:16,839 - INFO - Test Accuracy: 47.72563176895307%, Balanced Test Accuracy: 48.935326627773726%
2024-02-07 17:31:17,024 - INFO - Epoch [72/500], Loss: 0.4360368847846985, Accuracy: 93.00978905280573%
2024-02-07 17:31:17,232 - INFO - Epoch [73/500], Loss: 0.43004007536607486, Accuracy: 93.1063008410313%
2024-02-07 17:31:17,417 - INFO - Epoch [74/500], Loss: 0.4241750955116004, Accuracy: 93.1476630359851%
2024-02-07 17:31:17,603 - INFO - Epoch [75/500], Loss: 0.41843781371911365, Accuracy: 93.2166000275748%
2024-02-07 17:31:17,797 - INFO - Epoch [76/500], Loss: 0.41282421645397943, Accuracy: 93.2579622225286%
2024-02-07 17:31:17,968 - INFO - Epoch [77/500], Loss: 0.40733061187590164, Accuracy: 93.35447401075417%
2024-02-07 17:31:18,118 - INFO - Epoch [78/500], Loss: 0.40195331481906277, Accuracy: 93.40962360402592%
2024-02-07 17:31:18,270 - INFO - Epoch [79/500], Loss: 0.3966888867629071, Accuracy: 93.4371984006618%
2024-02-07 17:31:18,449 - INFO - Epoch [80/500], Loss: 0.3915339889936149, Accuracy: 93.4371984006618%
2024-02-07 17:31:18,651 - INFO - Epoch [81/500], Loss: 0.3864854418983062, Accuracy: 93.4785605956156%
2024-02-07 17:31:18,666 - INFO - Test Accuracy: 48.808664259927795%, Balanced Test Accuracy: 49.14656036409227%
2024-02-07 17:31:18,836 - INFO - Epoch [82/500], Loss: 0.3815401566680521, Accuracy: 93.53371018888735%
2024-02-07 17:31:19,020 - INFO - Epoch [83/500], Loss: 0.3766952044485758, Accuracy: 93.57507238384117%
2024-02-07 17:31:19,203 - INFO - Epoch [84/500], Loss: 0.3719476983727266, Accuracy: 93.64400937543085%
2024-02-07 17:31:19,384 - INFO - Epoch [85/500], Loss: 0.3672949449780087, Accuracy: 93.74052116365642%
2024-02-07 17:31:19,562 - INFO - Epoch [86/500], Loss: 0.36273430691411096, Accuracy: 93.78188335861023%
2024-02-07 17:31:19,738 - INFO - Epoch [87/500], Loss: 0.3582631939401229, Accuracy: 93.86460774851786%
2024-02-07 17:31:19,921 - INFO - Epoch [88/500], Loss: 0.3538791451137513, Accuracy: 93.89218254515373%
2024-02-07 17:31:20,079 - INFO - Epoch [89/500], Loss: 0.34957977834468085, Accuracy: 93.89218254515373%
2024-02-07 17:31:20,278 - INFO - Epoch [90/500], Loss: 0.3453627932661523, Accuracy: 94.01626913001516%
2024-02-07 17:31:20,465 - INFO - Epoch [91/500], Loss: 0.3412259370864679, Accuracy: 94.11278091824073%
2024-02-07 17:31:20,482 - INFO - Test Accuracy: 50.25270758122743%, Balanced Test Accuracy: 49.576446562974525%
2024-02-07 17:31:20,662 - INFO - Epoch [92/500], Loss: 0.33716706147727865, Accuracy: 94.19550530814836%
2024-02-07 17:31:20,835 - INFO - Epoch [93/500], Loss: 0.33318404806777835, Accuracy: 94.23686750310216%
2024-02-07 17:31:21,005 - INFO - Epoch [94/500], Loss: 0.32927489645468694, Accuracy: 94.31959189300979%
2024-02-07 17:31:21,159 - INFO - Epoch [95/500], Loss: 0.32543764853229123, Accuracy: 94.37474148628154%
2024-02-07 17:31:21,319 - INFO - Epoch [96/500], Loss: 0.3216703641228378, Accuracy: 94.45746587618916%
2024-02-07 17:31:21,469 - INFO - Epoch [97/500], Loss: 0.31797130646494526, Accuracy: 94.4712532745071%
2024-02-07 17:31:21,637 - INFO - Epoch [98/500], Loss: 0.3143386336353918, Accuracy: 94.55397766441473%
2024-02-07 17:31:21,844 - INFO - Epoch [99/500], Loss: 0.31077066506259143, Accuracy: 94.59533985936854%
2024-02-07 17:31:22,042 - INFO - Epoch [100/500], Loss: 0.3072657669351126, Accuracy: 94.67806424927616%
2024-02-07 17:31:22,232 - INFO - Epoch [101/500], Loss: 0.3038223112622897, Accuracy: 94.70563904591204%
2024-02-07 17:31:22,251 - INFO - Test Accuracy: 51.04693140794224%, Balanced Test Accuracy: 49.694078704523044%
2024-02-07 17:31:22,433 - INFO - Epoch [102/500], Loss: 0.3004387489830454, Accuracy: 94.74700124086584%
2024-02-07 17:31:22,610 - INFO - Epoch [103/500], Loss: 0.29711361636873335, Accuracy: 94.81593823245554%
2024-02-07 17:31:22,775 - INFO - Epoch [104/500], Loss: 0.2938454339746386, Accuracy: 94.88487522404522%
2024-02-07 17:31:22,925 - INFO - Epoch [105/500], Loss: 0.2906328188255429, Accuracy: 94.91245002068109%
2024-02-07 17:31:23,094 - INFO - Epoch [106/500], Loss: 0.2874744168560331, Accuracy: 94.92623741899904%
2024-02-07 17:31:23,255 - INFO - Epoch [107/500], Loss: 0.28436888940632343, Accuracy: 94.95381221563491%
2024-02-07 17:31:23,409 - INFO - Epoch [108/500], Loss: 0.2813149821789314, Accuracy: 95.00896180890666%
2024-02-07 17:31:23,554 - INFO - Epoch [109/500], Loss: 0.2783114573297401, Accuracy: 95.03653660554254%
2024-02-07 17:31:23,704 - INFO - Epoch [110/500], Loss: 0.2753570882681136, Accuracy: 95.06411140217841%
2024-02-07 17:31:23,849 - INFO - Epoch [111/500], Loss: 0.2724507354432717, Accuracy: 95.06411140217841%
2024-02-07 17:31:23,868 - INFO - Test Accuracy: 51.48014440433213%, Balanced Test Accuracy: 49.38928512118123%
2024-02-07 17:31:24,046 - INFO - Epoch [112/500], Loss: 0.2695912930648774, Accuracy: 95.13304839376809%
2024-02-07 17:31:24,217 - INFO - Epoch [113/500], Loss: 0.2667776362116759, Accuracy: 95.18819798703984%
2024-02-07 17:31:24,389 - INFO - Epoch [114/500], Loss: 0.2640087023222198, Accuracy: 95.21577278367572%
2024-02-07 17:31:24,559 - INFO - Epoch [115/500], Loss: 0.26128347757427645, Accuracy: 95.22956018199366%
2024-02-07 17:31:24,739 - INFO - Epoch [116/500], Loss: 0.2586009797717755, Accuracy: 95.33985936853716%
2024-02-07 17:31:24,911 - INFO - Epoch [117/500], Loss: 0.2559601729347681, Accuracy: 95.35364676685509%
2024-02-07 17:31:25,090 - INFO - Epoch [118/500], Loss: 0.2533601876348257, Accuracy: 95.38122156349097%
2024-02-07 17:31:25,247 - INFO - Epoch [119/500], Loss: 0.2508001046953723, Accuracy: 95.39500896180891%
2024-02-07 17:31:25,396 - INFO - Epoch [120/500], Loss: 0.2482789997399474, Accuracy: 95.43637115676272%
2024-02-07 17:31:25,533 - INFO - Epoch [121/500], Loss: 0.24579603457823396, Accuracy: 95.47773335171654%
2024-02-07 17:31:25,547 - INFO - Test Accuracy: 51.91335740072202%, Balanced Test Accuracy: 49.41093624836759%
2024-02-07 17:31:25,701 - INFO - Epoch [122/500], Loss: 0.2433503553038463, Accuracy: 95.53288294498829%
2024-02-07 17:31:25,848 - INFO - Epoch [123/500], Loss: 0.24094119702931494, Accuracy: 95.5742451399421%
2024-02-07 17:31:26,001 - INFO - Epoch [124/500], Loss: 0.23856773367151618, Accuracy: 95.58803253826002%
2024-02-07 17:31:26,164 - INFO - Epoch [125/500], Loss: 0.23622922284994274, Accuracy: 95.6156073348959%
2024-02-07 17:31:26,339 - INFO - Epoch [126/500], Loss: 0.2339249165961519, Accuracy: 95.65696952984972%
2024-02-07 17:31:26,538 - INFO - Epoch [127/500], Loss: 0.23165409414408109, Accuracy: 95.7259065214394%
2024-02-07 17:31:26,728 - INFO - Epoch [128/500], Loss: 0.229416051452669, Accuracy: 95.73969391975734%
2024-02-07 17:31:26,870 - INFO - Epoch [129/500], Loss: 0.2272101187457641, Accuracy: 95.76726871639322%
2024-02-07 17:31:27,013 - INFO - Epoch [130/500], Loss: 0.22503563311571875, Accuracy: 95.76726871639322%
2024-02-07 17:31:27,138 - INFO - Epoch [131/500], Loss: 0.22289196219450483, Accuracy: 95.7948435130291%
2024-02-07 17:31:27,153 - INFO - Test Accuracy: 52.418772563176894%, Balanced Test Accuracy: 49.54308055940173%
2024-02-07 17:31:27,278 - INFO - Epoch [132/500], Loss: 0.2207784487788255, Accuracy: 95.8362057079829%
2024-02-07 17:31:27,419 - INFO - Epoch [133/500], Loss: 0.21869454816138992, Accuracy: 95.87756790293672%
2024-02-07 17:31:27,541 - INFO - Epoch [134/500], Loss: 0.21663964489319673, Accuracy: 95.89135530125465%
2024-02-07 17:31:27,663 - INFO - Epoch [135/500], Loss: 0.21461312756097564, Accuracy: 95.93271749620847%
2024-02-07 17:31:27,790 - INFO - Epoch [136/500], Loss: 0.21261448634322733, Accuracy: 95.96029229284434%
2024-02-07 17:31:27,910 - INFO - Epoch [137/500], Loss: 0.21064317148799697, Accuracy: 95.98786708948022%
2024-02-07 17:31:28,037 - INFO - Epoch [138/500], Loss: 0.20869865252946815, Accuracy: 96.02922928443402%
2024-02-07 17:31:28,165 - INFO - Epoch [139/500], Loss: 0.20678040955681354, Accuracy: 96.08437887770577%
2024-02-07 17:31:28,296 - INFO - Epoch [140/500], Loss: 0.20488795967927823, Accuracy: 96.08437887770577%
2024-02-07 17:31:28,460 - INFO - Epoch [141/500], Loss: 0.20302081379729012, Accuracy: 96.09816627602372%
2024-02-07 17:31:28,478 - INFO - Test Accuracy: 52.63537906137184%, Balanced Test Accuracy: 49.04606108246058%
2024-02-07 17:31:28,608 - INFO - Epoch [142/500], Loss: 0.20117850201980522, Accuracy: 96.1671032676134%
2024-02-07 17:31:28,737 - INFO - Epoch [143/500], Loss: 0.1993605634973695, Accuracy: 96.2360402592031%
2024-02-07 17:31:28,858 - INFO - Epoch [144/500], Loss: 0.19756652395396182, Accuracy: 96.24982765752102%
2024-02-07 17:31:28,993 - INFO - Epoch [145/500], Loss: 0.1957959831925109, Accuracy: 96.2774024541569%
2024-02-07 17:31:29,125 - INFO - Epoch [146/500], Loss: 0.1940485144344469, Accuracy: 96.30497725079277%
2024-02-07 17:31:29,246 - INFO - Epoch [147/500], Loss: 0.1923236915996919, Accuracy: 96.31876464911072%
2024-02-07 17:31:29,381 - INFO - Epoch [148/500], Loss: 0.1906211266371732, Accuracy: 96.3463394457466%
2024-02-07 17:31:29,497 - INFO - Epoch [149/500], Loss: 0.1889403914877524, Accuracy: 96.3877016407004%
2024-02-07 17:31:29,625 - INFO - Epoch [150/500], Loss: 0.18728111948197088, Accuracy: 96.41527643733627%
2024-02-07 17:31:29,748 - INFO - Epoch [151/500], Loss: 0.18564295547548681, Accuracy: 96.4566386322901%
2024-02-07 17:31:29,762 - INFO - Test Accuracy: 53.285198555956676%, Balanced Test Accuracy: 48.93870915675538%
2024-02-07 17:31:29,902 - INFO - Epoch [152/500], Loss: 0.18402548231339702, Accuracy: 96.4980008272439%
2024-02-07 17:31:30,021 - INFO - Epoch [153/500], Loss: 0.18242842083175978, Accuracy: 96.5393630221977%
2024-02-07 17:31:30,159 - INFO - Epoch [154/500], Loss: 0.18085134188489368, Accuracy: 96.55315042051565%
2024-02-07 17:31:30,278 - INFO - Epoch [155/500], Loss: 0.1792939647566527, Accuracy: 96.55315042051565%
2024-02-07 17:31:30,396 - INFO - Epoch [156/500], Loss: 0.17775591641354063, Accuracy: 96.55315042051565%
2024-02-07 17:31:30,517 - INFO - Epoch [157/500], Loss: 0.17623691299619773, Accuracy: 96.56693781883358%
2024-02-07 17:31:30,638 - INFO - Epoch [158/500], Loss: 0.174736597109586, Accuracy: 96.6083000137874%
2024-02-07 17:31:30,764 - INFO - Epoch [159/500], Loss: 0.1732546523368607, Accuracy: 96.6083000137874%
2024-02-07 17:31:30,894 - INFO - Epoch [160/500], Loss: 0.1717908406862989, Accuracy: 96.6496622087412%
2024-02-07 17:31:31,025 - INFO - Epoch [161/500], Loss: 0.17034480650909245, Accuracy: 96.66344960705915%
2024-02-07 17:31:31,038 - INFO - Test Accuracy: 53.501805054151625%, Balanced Test Accuracy: 48.846055576232295%
2024-02-07 17:31:31,161 - INFO - Epoch [162/500], Loss: 0.16891624169268957, Accuracy: 96.66344960705915%
2024-02-07 17:31:31,281 - INFO - Epoch [163/500], Loss: 0.16750492108985782, Accuracy: 96.73238659864883%
2024-02-07 17:31:31,402 - INFO - Epoch [164/500], Loss: 0.16611052067795148, Accuracy: 96.77374879360265%
2024-02-07 17:31:31,540 - INFO - Epoch [165/500], Loss: 0.16473279284158102, Accuracy: 96.78753619192058%
2024-02-07 17:31:31,719 - INFO - Epoch [166/500], Loss: 0.16337146889418364, Accuracy: 96.80132359023852%
2024-02-07 17:31:31,855 - INFO - Epoch [167/500], Loss: 0.1620262685464695, Accuracy: 96.8288983868744%
2024-02-07 17:31:31,978 - INFO - Epoch [168/500], Loss: 0.16069697736141583, Accuracy: 96.85647318351027%
2024-02-07 17:31:32,126 - INFO - Epoch [169/500], Loss: 0.15938326374938092, Accuracy: 96.85647318351027%
2024-02-07 17:31:32,274 - INFO - Epoch [170/500], Loss: 0.15808497893158346, Accuracy: 96.8702605818282%
2024-02-07 17:31:32,407 - INFO - Epoch [171/500], Loss: 0.1568018034643804, Accuracy: 96.91162277678202%
2024-02-07 17:31:32,419 - INFO - Test Accuracy: 53.71841155234657%, Balanced Test Accuracy: 48.38371343815133%
2024-02-07 17:31:32,549 - INFO - Epoch [172/500], Loss: 0.15553355310112238, Accuracy: 96.95298497173583%
2024-02-07 17:31:32,690 - INFO - Epoch [173/500], Loss: 0.15427997890704623, Accuracy: 96.96677237005377%
2024-02-07 17:31:32,826 - INFO - Epoch [174/500], Loss: 0.15304085678265741, Accuracy: 96.99434716668965%
2024-02-07 17:31:32,965 - INFO - Epoch [175/500], Loss: 0.1518159551002706, Accuracy: 96.99434716668965%
2024-02-07 17:31:33,101 - INFO - Epoch [176/500], Loss: 0.15060508460737765, Accuracy: 97.00813456500758%
2024-02-07 17:31:33,243 - INFO - Epoch [177/500], Loss: 0.1494080168971171, Accuracy: 97.00813456500758%
2024-02-07 17:31:33,384 - INFO - Epoch [178/500], Loss: 0.14822453710560998, Accuracy: 97.03570936164346%
2024-02-07 17:31:33,515 - INFO - Epoch [179/500], Loss: 0.1470544576101626, Accuracy: 97.07707155659728%
2024-02-07 17:31:33,645 - INFO - Epoch [180/500], Loss: 0.1458975632364551, Accuracy: 97.0908589549152%
2024-02-07 17:31:33,778 - INFO - Epoch [181/500], Loss: 0.14475366531405598, Accuracy: 97.10464635323315%
2024-02-07 17:31:33,790 - INFO - Test Accuracy: 53.64620938628159%, Balanced Test Accuracy: 47.69535729168455%
2024-02-07 17:31:33,922 - INFO - Epoch [182/500], Loss: 0.1436225933333238, Accuracy: 97.10464635323315%
2024-02-07 17:31:34,048 - INFO - Epoch [183/500], Loss: 0.1425041250186041, Accuracy: 97.11843375155108%
2024-02-07 17:31:34,173 - INFO - Epoch [184/500], Loss: 0.141398090752773, Accuracy: 97.14600854818696%
2024-02-07 17:31:34,300 - INFO - Epoch [185/500], Loss: 0.14030433531540135, Accuracy: 97.18737074314078%
2024-02-07 17:31:34,424 - INFO - Epoch [186/500], Loss: 0.1392226409710323, Accuracy: 97.2011581414587%
2024-02-07 17:31:34,548 - INFO - Epoch [187/500], Loss: 0.13815287000034004, Accuracy: 97.2011581414587%
2024-02-07 17:31:34,671 - INFO - Epoch [188/500], Loss: 0.13709481390348324, Accuracy: 97.2011581414587%
2024-02-07 17:31:34,794 - INFO - Epoch [189/500], Loss: 0.13604833573723832, Accuracy: 97.22873293809458%
2024-02-07 17:31:34,923 - INFO - Epoch [190/500], Loss: 0.13501327903941274, Accuracy: 97.28388253136633%
2024-02-07 17:31:35,049 - INFO - Epoch [191/500], Loss: 0.13398946191106612, Accuracy: 97.28388253136633%
2024-02-07 17:31:35,060 - INFO - Test Accuracy: 53.86281588447653%, Balanced Test Accuracy: 47.75000861765588%
2024-02-07 17:31:35,186 - INFO - Epoch [192/500], Loss: 0.13297674471201995, Accuracy: 97.3114573280022%
2024-02-07 17:31:35,312 - INFO - Epoch [193/500], Loss: 0.13197496836073697, Accuracy: 97.36660692127396%
2024-02-07 17:31:35,457 - INFO - Epoch [194/500], Loss: 0.13098396661613756, Accuracy: 97.39418171790983%
2024-02-07 17:31:35,602 - INFO - Epoch [195/500], Loss: 0.13000361134375757, Accuracy: 97.40796911622776%
2024-02-07 17:31:35,742 - INFO - Epoch [196/500], Loss: 0.1290337526394675, Accuracy: 97.43554391286364%
2024-02-07 17:31:35,875 - INFO - Epoch [197/500], Loss: 0.1280742505720506, Accuracy: 97.50448090445333%
2024-02-07 17:31:36,003 - INFO - Epoch [198/500], Loss: 0.12712493907505026, Accuracy: 97.51826830277126%
2024-02-07 17:31:36,136 - INFO - Epoch [199/500], Loss: 0.12618571647908539, Accuracy: 97.51826830277126%
2024-02-07 17:31:36,262 - INFO - Epoch [200/500], Loss: 0.1252564320845219, Accuracy: 97.51826830277126%
2024-02-07 17:31:36,395 - INFO - Epoch [201/500], Loss: 0.12433695240179077, Accuracy: 97.57341789604301%
2024-02-07 17:31:36,408 - INFO - Test Accuracy: 53.935018050541515%, Balanced Test Accuracy: 47.15121260802395%
2024-02-07 17:31:36,532 - INFO - Epoch [202/500], Loss: 0.12342714725915964, Accuracy: 97.57341789604301%
2024-02-07 17:31:36,660 - INFO - Epoch [203/500], Loss: 0.12252689354742567, Accuracy: 97.58720529436096%
2024-02-07 17:31:36,785 - INFO - Epoch [204/500], Loss: 0.12163604417582974, Accuracy: 97.58720529436096%
2024-02-07 17:31:36,913 - INFO - Epoch [205/500], Loss: 0.1207545175566338, Accuracy: 97.61478009099683%
2024-02-07 17:31:37,042 - INFO - Epoch [206/500], Loss: 0.11988213105360046, Accuracy: 97.6423548876327%
2024-02-07 17:31:37,179 - INFO - Epoch [207/500], Loss: 0.1190188115191025, Accuracy: 97.6423548876327%
2024-02-07 17:31:37,306 - INFO - Epoch [208/500], Loss: 0.11816445575095713, Accuracy: 97.6423548876327%
2024-02-07 17:31:37,430 - INFO - Epoch [209/500], Loss: 0.11731888588595514, Accuracy: 97.65614228595064%
2024-02-07 17:31:37,555 - INFO - Epoch [210/500], Loss: 0.11648203632406269, Accuracy: 97.65614228595064%
2024-02-07 17:31:37,678 - INFO - Epoch [211/500], Loss: 0.11565377873679002, Accuracy: 97.71129187922239%
2024-02-07 17:31:37,691 - INFO - Test Accuracy: 54.151624548736464%, Balanced Test Accuracy: 47.688467509984726%
2024-02-07 17:31:37,821 - INFO - Epoch [212/500], Loss: 0.11483399781476085, Accuracy: 97.73886667585826%
2024-02-07 17:31:37,950 - INFO - Epoch [213/500], Loss: 0.1140226003093024, Accuracy: 97.76644147249414%
2024-02-07 17:31:38,079 - INFO - Epoch [214/500], Loss: 0.11321945214876905, Accuracy: 97.80780366744796%
2024-02-07 17:31:38,227 - INFO - Epoch [215/500], Loss: 0.11242447436476748, Accuracy: 97.80780366744796%
2024-02-07 17:31:38,367 - INFO - Epoch [216/500], Loss: 0.1116375598940067, Accuracy: 97.84916586240176%
2024-02-07 17:31:38,490 - INFO - Epoch [217/500], Loss: 0.11085861816536635, Accuracy: 97.89052805735558%
2024-02-07 17:31:38,614 - INFO - Epoch [218/500], Loss: 0.11008750831630702, Accuracy: 97.90431545567351%
2024-02-07 17:31:38,735 - INFO - Epoch [219/500], Loss: 0.10932415725740914, Accuracy: 97.90431545567351%
2024-02-07 17:31:38,855 - INFO - Epoch [220/500], Loss: 0.10856846890722711, Accuracy: 97.94567765062733%
2024-02-07 17:31:38,980 - INFO - Epoch [221/500], Loss: 0.10782034109191348, Accuracy: 97.94567765062733%
2024-02-07 17:31:38,992 - INFO - Test Accuracy: 54.29602888086642%, Balanced Test Accuracy: 47.677927216470664%
2024-02-07 17:31:39,115 - INFO - Epoch [222/500], Loss: 0.10707968302691977, Accuracy: 97.9732524472632%
2024-02-07 17:31:39,243 - INFO - Epoch [223/500], Loss: 0.10634642049747829, Accuracy: 98.01461464221701%
2024-02-07 17:31:39,366 - INFO - Epoch [224/500], Loss: 0.10562043285851057, Accuracy: 98.02840204053496%
2024-02-07 17:31:39,482 - INFO - Epoch [225/500], Loss: 0.10490163475818311, Accuracy: 98.04218943885289%
2024-02-07 17:31:39,600 - INFO - Epoch [226/500], Loss: 0.10418996096511061, Accuracy: 98.05597683717083%
2024-02-07 17:31:39,719 - INFO - Epoch [227/500], Loss: 0.10348530400854845, Accuracy: 98.09733903212464%
2024-02-07 17:31:39,845 - INFO - Epoch [228/500], Loss: 0.10278757692625125, Accuracy: 98.11112643044258%
2024-02-07 17:31:39,967 - INFO - Epoch [229/500], Loss: 0.10209670010954142, Accuracy: 98.11112643044258%
2024-02-07 17:31:40,086 - INFO - Epoch [230/500], Loss: 0.10141260380623862, Accuracy: 98.13870122707846%
2024-02-07 17:31:40,202 - INFO - Epoch [231/500], Loss: 0.10073517301740746, Accuracy: 98.13870122707846%
2024-02-07 17:31:40,214 - INFO - Test Accuracy: 54.22382671480145%, Balanced Test Accuracy: 46.93274005069527%
2024-02-07 17:31:40,358 - INFO - Epoch [232/500], Loss: 0.10006436232166986, Accuracy: 98.16627602371433%
2024-02-07 17:31:40,497 - INFO - Epoch [233/500], Loss: 0.09940007268839206, Accuracy: 98.16627602371433%
2024-02-07 17:31:40,614 - INFO - Epoch [234/500], Loss: 0.09874222627452885, Accuracy: 98.18006342203226%
2024-02-07 17:31:40,731 - INFO - Epoch [235/500], Loss: 0.09809076054564987, Accuracy: 98.18006342203226%
2024-02-07 17:31:40,851 - INFO - Epoch [236/500], Loss: 0.0974455660325475, Accuracy: 98.23521301530401%
2024-02-07 17:31:40,968 - INFO - Epoch [237/500], Loss: 0.0968065956258215, Accuracy: 98.23521301530401%
2024-02-07 17:31:41,085 - INFO - Epoch [238/500], Loss: 0.09617379158347224, Accuracy: 98.24900041362194%
2024-02-07 17:31:41,201 - INFO - Epoch [239/500], Loss: 0.09554704441688955, Accuracy: 98.26278781193989%
2024-02-07 17:31:41,319 - INFO - Epoch [240/500], Loss: 0.09492626621310289, Accuracy: 98.26278781193989%
2024-02-07 17:31:41,433 - INFO - Epoch [241/500], Loss: 0.09431144026651357, Accuracy: 98.27657521025782%
2024-02-07 17:31:41,446 - INFO - Test Accuracy: 54.0072202166065%, Balanced Test Accuracy: 46.71489565700111%
2024-02-07 17:31:41,570 - INFO - Epoch [242/500], Loss: 0.09370245346023391, Accuracy: 98.31793740521164%
2024-02-07 17:31:41,691 - INFO - Epoch [243/500], Loss: 0.09309926728019491, Accuracy: 98.31793740521164%
2024-02-07 17:31:41,811 - INFO - Epoch [244/500], Loss: 0.09250178618822247, Accuracy: 98.31793740521164%
2024-02-07 17:31:41,932 - INFO - Epoch [245/500], Loss: 0.09190995345124975, Accuracy: 98.33172480352957%
2024-02-07 17:31:42,052 - INFO - Epoch [246/500], Loss: 0.09132370930941154, Accuracy: 98.34551220184751%
2024-02-07 17:31:42,173 - INFO - Epoch [247/500], Loss: 0.09074298106133938, Accuracy: 98.35929960016544%
2024-02-07 17:31:42,290 - INFO - Epoch [248/500], Loss: 0.09016768482979387, Accuracy: 98.38687439680132%
2024-02-07 17:31:42,399 - INFO - Epoch [249/500], Loss: 0.08959779133632158, Accuracy: 98.38687439680132%
2024-02-07 17:31:42,514 - INFO - Epoch [250/500], Loss: 0.08903321623802185, Accuracy: 98.40066179511926%
2024-02-07 17:31:42,622 - INFO - Epoch [251/500], Loss: 0.08847390018248309, Accuracy: 98.40066179511926%
2024-02-07 17:31:42,633 - INFO - Test Accuracy: 53.935018050541515%, Balanced Test Accuracy: 46.6325122762984%
2024-02-07 17:31:42,748 - INFO - Epoch [252/500], Loss: 0.08791977768608679, Accuracy: 98.40066179511926%
2024-02-07 17:31:42,860 - INFO - Epoch [253/500], Loss: 0.08737078297417611, Accuracy: 98.41444919343719%
2024-02-07 17:31:42,986 - INFO - Epoch [254/500], Loss: 0.08682687194474663, Accuracy: 98.42823659175514%
2024-02-07 17:31:43,119 - INFO - Epoch [255/500], Loss: 0.08628797971565898, Accuracy: 98.44202399007307%
2024-02-07 17:31:43,260 - INFO - Epoch [256/500], Loss: 0.08575404460619514, Accuracy: 98.44202399007307%
2024-02-07 17:31:43,384 - INFO - Epoch [257/500], Loss: 0.0852249951955552, Accuracy: 98.45581138839101%
2024-02-07 17:31:43,510 - INFO - Epoch [258/500], Loss: 0.08470078757576023, Accuracy: 98.45581138839101%
2024-02-07 17:31:43,644 - INFO - Epoch [259/500], Loss: 0.08418135901835437, Accuracy: 98.46959878670894%
2024-02-07 17:31:43,788 - INFO - Epoch [260/500], Loss: 0.08366667490918189, Accuracy: 98.46959878670894%
2024-02-07 17:31:43,900 - INFO - Epoch [261/500], Loss: 0.08315663734295715, Accuracy: 98.46959878670894%
2024-02-07 17:31:43,915 - INFO - Test Accuracy: 53.935018050541515%, Balanced Test Accuracy: 46.6325122762984%
2024-02-07 17:31:44,039 - INFO - Epoch [262/500], Loss: 0.08265122714995717, Accuracy: 98.48338618502689%
2024-02-07 17:31:44,154 - INFO - Epoch [263/500], Loss: 0.08215038746129721, Accuracy: 98.51096098166276%
2024-02-07 17:31:44,266 - INFO - Epoch [264/500], Loss: 0.08165404530397306, Accuracy: 98.53853577829864%
2024-02-07 17:31:44,380 - INFO - Epoch [265/500], Loss: 0.0811621588266765, Accuracy: 98.55232317661657%
2024-02-07 17:31:44,497 - INFO - Epoch [266/500], Loss: 0.0806746749052157, Accuracy: 98.59368537157039%
2024-02-07 17:31:44,617 - INFO - Epoch [267/500], Loss: 0.08019154150194178, Accuracy: 98.59368537157039%
2024-02-07 17:31:44,723 - INFO - Epoch [268/500], Loss: 0.07971271827894573, Accuracy: 98.60747276988832%
2024-02-07 17:31:44,837 - INFO - Epoch [269/500], Loss: 0.07923814510771383, Accuracy: 98.6350475665242%
2024-02-07 17:31:44,949 - INFO - Epoch [270/500], Loss: 0.07876777877875914, Accuracy: 98.6350475665242%
2024-02-07 17:31:45,062 - INFO - Epoch [271/500], Loss: 0.07830156209335352, Accuracy: 98.6350475665242%
2024-02-07 17:31:45,072 - INFO - Test Accuracy: 53.71841155234657%, Balanced Test Accuracy: 46.561917691618774%
2024-02-07 17:31:45,189 - INFO - Epoch [272/500], Loss: 0.07783944291683535, Accuracy: 98.6350475665242%
2024-02-07 17:31:45,297 - INFO - Epoch [273/500], Loss: 0.07738139616170277, Accuracy: 98.64883496484214%
2024-02-07 17:31:45,413 - INFO - Epoch [274/500], Loss: 0.07692735029074053, Accuracy: 98.67640976147801%
2024-02-07 17:31:45,523 - INFO - Epoch [275/500], Loss: 0.07647726490783195, Accuracy: 98.67640976147801%
2024-02-07 17:31:45,632 - INFO - Epoch [276/500], Loss: 0.07603110169293359, Accuracy: 98.67640976147801%
2024-02-07 17:31:45,737 - INFO - Epoch [277/500], Loss: 0.07558880645471315, Accuracy: 98.69019715979594%
2024-02-07 17:31:45,845 - INFO - Epoch [278/500], Loss: 0.0751503513311036, Accuracy: 98.70398455811389%
2024-02-07 17:31:45,951 - INFO - Epoch [279/500], Loss: 0.07471568424565096, Accuracy: 98.73155935474976%
2024-02-07 17:31:46,060 - INFO - Epoch [280/500], Loss: 0.07428473998637249, Accuracy: 98.7453467530677%
2024-02-07 17:31:46,167 - INFO - Epoch [281/500], Loss: 0.07385748754798745, Accuracy: 98.7453467530677%
2024-02-07 17:31:46,178 - INFO - Test Accuracy: 53.79061371841155%, Balanced Test Accuracy: 46.663337569914916%
2024-02-07 17:31:46,288 - INFO - Epoch [282/500], Loss: 0.07343391581283261, Accuracy: 98.75913415138564%
2024-02-07 17:31:46,409 - INFO - Epoch [283/500], Loss: 0.0730139473065113, Accuracy: 98.75913415138564%
2024-02-07 17:31:46,515 - INFO - Epoch [284/500], Loss: 0.07259753614198416, Accuracy: 98.77292154970357%
2024-02-07 17:31:46,628 - INFO - Epoch [285/500], Loss: 0.07218468049541116, Accuracy: 98.81428374465739%
2024-02-07 17:31:46,747 - INFO - Epoch [286/500], Loss: 0.07177530465802799, Accuracy: 98.82807114297532%
2024-02-07 17:31:46,868 - INFO - Epoch [287/500], Loss: 0.07136938282443832, Accuracy: 98.84185854129326%
2024-02-07 17:31:46,992 - INFO - Epoch [288/500], Loss: 0.07096688107897837, Accuracy: 98.84185854129326%
2024-02-07 17:31:47,111 - INFO - Epoch [289/500], Loss: 0.07056774257216603, Accuracy: 98.8556459396112%
2024-02-07 17:31:47,253 - INFO - Epoch [290/500], Loss: 0.07017194048967212, Accuracy: 98.86943333792914%
2024-02-07 17:31:47,373 - INFO - Epoch [291/500], Loss: 0.06977944949176162, Accuracy: 98.86943333792914%
2024-02-07 17:31:47,385 - INFO - Test Accuracy: 53.79061371841155%, Balanced Test Accuracy: 46.70439318815403%
2024-02-07 17:31:47,505 - INFO - Epoch [292/500], Loss: 0.06939020991558209, Accuracy: 98.86943333792914%
2024-02-07 17:31:47,629 - INFO - Epoch [293/500], Loss: 0.06900421297177672, Accuracy: 98.88322073624707%
2024-02-07 17:31:47,749 - INFO - Epoch [294/500], Loss: 0.06862139496176194, Accuracy: 98.88322073624707%
2024-02-07 17:31:47,884 - INFO - Epoch [295/500], Loss: 0.06824173202039674, Accuracy: 98.88322073624707%
2024-02-07 17:31:48,004 - INFO - Epoch [296/500], Loss: 0.06786518730223179, Accuracy: 98.89700813456501%
2024-02-07 17:31:48,135 - INFO - Epoch [297/500], Loss: 0.06749173067510128, Accuracy: 98.91079553288294%
2024-02-07 17:31:48,261 - INFO - Epoch [298/500], Loss: 0.06712132837856188, Accuracy: 98.91079553288294%
2024-02-07 17:31:48,382 - INFO - Epoch [299/500], Loss: 0.0667539337494721, Accuracy: 98.92458293120089%
2024-02-07 17:31:48,506 - INFO - Epoch [300/500], Loss: 0.06638954203420629, Accuracy: 98.92458293120089%
2024-02-07 17:31:48,622 - INFO - Epoch [301/500], Loss: 0.06602808692453739, Accuracy: 98.93837032951882%
2024-02-07 17:31:48,634 - INFO - Test Accuracy: 53.64620938628159%, Balanced Test Accuracy: 46.673103416308614%
2024-02-07 17:31:48,770 - INFO - Epoch [302/500], Loss: 0.0656695479604726, Accuracy: 98.93837032951882%
2024-02-07 17:31:48,889 - INFO - Epoch [303/500], Loss: 0.06531391597430532, Accuracy: 98.97973252447264%
2024-02-07 17:31:49,018 - INFO - Epoch [304/500], Loss: 0.06496113671649557, Accuracy: 98.99351992279057%
2024-02-07 17:31:49,141 - INFO - Epoch [305/500], Loss: 0.06461117729971495, Accuracy: 98.99351992279057%
2024-02-07 17:31:49,271 - INFO - Epoch [306/500], Loss: 0.06426402237654354, Accuracy: 98.99351992279057%
2024-02-07 17:31:49,390 - INFO - Epoch [307/500], Loss: 0.06391962560398194, Accuracy: 99.00730732110851%
2024-02-07 17:31:49,506 - INFO - Epoch [308/500], Loss: 0.06357797607779503, Accuracy: 99.00730732110851%
2024-02-07 17:31:49,625 - INFO - Epoch [309/500], Loss: 0.06323903311082783, Accuracy: 99.00730732110851%
2024-02-07 17:31:49,741 - INFO - Epoch [310/500], Loss: 0.06290277177079891, Accuracy: 99.00730732110851%
2024-02-07 17:31:49,857 - INFO - Epoch [311/500], Loss: 0.0625691559301534, Accuracy: 99.03488211774439%
2024-02-07 17:31:49,868 - INFO - Test Accuracy: 53.42960288808664%, Balanced Test Accuracy: 46.26332353874349%
2024-02-07 17:31:49,985 - INFO - Epoch [312/500], Loss: 0.06223817710027409, Accuracy: 99.03488211774439%
2024-02-07 17:31:50,104 - INFO - Epoch [313/500], Loss: 0.061909795399211966, Accuracy: 99.04866951606232%
2024-02-07 17:31:50,218 - INFO - Epoch [314/500], Loss: 0.0615839795403493, Accuracy: 99.04866951606232%
2024-02-07 17:31:50,333 - INFO - Epoch [315/500], Loss: 0.061260706395842135, Accuracy: 99.06245691438026%
2024-02-07 17:31:50,450 - INFO - Epoch [316/500], Loss: 0.060939963693575315, Accuracy: 99.06245691438026%
2024-02-07 17:31:50,569 - INFO - Epoch [317/500], Loss: 0.06062171110534109, Accuracy: 99.06245691438026%
2024-02-07 17:31:50,688 - INFO - Epoch [318/500], Loss: 0.06030591644230299, Accuracy: 99.06245691438026%
2024-02-07 17:31:50,809 - INFO - Epoch [319/500], Loss: 0.05999258212007893, Accuracy: 99.06245691438026%
2024-02-07 17:31:50,931 - INFO - Epoch [320/500], Loss: 0.059681664841870465, Accuracy: 99.06245691438026%
2024-02-07 17:31:51,072 - INFO - Epoch [321/500], Loss: 0.05937315406238971, Accuracy: 99.06245691438026%
2024-02-07 17:31:51,084 - INFO - Test Accuracy: 53.64620938628159%, Balanced Test Accuracy: 46.42221990878374%
2024-02-07 17:31:51,208 - INFO - Epoch [322/500], Loss: 0.059067009919090196, Accuracy: 99.06245691438026%
2024-02-07 17:31:51,341 - INFO - Epoch [323/500], Loss: 0.058763208595337346, Accuracy: 99.06245691438026%
2024-02-07 17:31:51,465 - INFO - Epoch [324/500], Loss: 0.05846174787924004, Accuracy: 99.06245691438026%
2024-02-07 17:31:51,591 - INFO - Epoch [325/500], Loss: 0.058162612471884735, Accuracy: 99.0762443126982%
2024-02-07 17:31:51,738 - INFO - Epoch [326/500], Loss: 0.0578657365598095, Accuracy: 99.0762443126982%
2024-02-07 17:31:51,880 - INFO - Epoch [327/500], Loss: 0.057571130785314985, Accuracy: 99.06245691438026%
2024-02-07 17:31:52,009 - INFO - Epoch [328/500], Loss: 0.05727877901517786, Accuracy: 99.0762443126982%
2024-02-07 17:31:52,153 - INFO - Epoch [329/500], Loss: 0.05698864798371991, Accuracy: 99.09003171101614%
2024-02-07 17:31:52,304 - INFO - Epoch [330/500], Loss: 0.05670073825361518, Accuracy: 99.09003171101614%
2024-02-07 17:31:52,424 - INFO - Epoch [331/500], Loss: 0.0564150027736711, Accuracy: 99.09003171101614%
2024-02-07 17:31:52,440 - INFO - Test Accuracy: 53.71841155234657%, Balanced Test Accuracy: 46.41634185469728%
2024-02-07 17:31:52,558 - INFO - Epoch [332/500], Loss: 0.05613142981504401, Accuracy: 99.09003171101614%
2024-02-07 17:31:52,668 - INFO - Epoch [333/500], Loss: 0.055849998364768304, Accuracy: 99.09003171101614%
2024-02-07 17:31:52,792 - INFO - Epoch [334/500], Loss: 0.055570712235445775, Accuracy: 99.09003171101614%
2024-02-07 17:31:52,901 - INFO - Epoch [335/500], Loss: 0.05529354120759914, Accuracy: 99.09003171101614%
2024-02-07 17:31:53,025 - INFO - Epoch [336/500], Loss: 0.05501846701372415, Accuracy: 99.09003171101614%
2024-02-07 17:31:53,134 - INFO - Epoch [337/500], Loss: 0.05474545386581061, Accuracy: 99.09003171101614%
2024-02-07 17:31:53,250 - INFO - Epoch [338/500], Loss: 0.0544745147441669, Accuracy: 99.09003171101614%
2024-02-07 17:31:53,379 - INFO - Epoch [339/500], Loss: 0.054205618042033166, Accuracy: 99.09003171101614%
2024-02-07 17:31:53,485 - INFO - Epoch [340/500], Loss: 0.053938750720893346, Accuracy: 99.09003171101614%
2024-02-07 17:31:53,606 - INFO - Epoch [341/500], Loss: 0.05367388960439712, Accuracy: 99.09003171101614%
2024-02-07 17:31:53,617 - INFO - Test Accuracy: 53.71841155234657%, Balanced Test Accuracy: 46.41574161460124%
2024-02-07 17:31:53,728 - INFO - Epoch [342/500], Loss: 0.053411038495445005, Accuracy: 99.09003171101614%
2024-02-07 17:31:53,852 - INFO - Epoch [343/500], Loss: 0.053150152399515115, Accuracy: 99.09003171101614%
2024-02-07 17:31:53,968 - INFO - Epoch [344/500], Loss: 0.0528912290756125, Accuracy: 99.09003171101614%
2024-02-07 17:31:54,093 - INFO - Epoch [345/500], Loss: 0.05263425131367209, Accuracy: 99.09003171101614%
2024-02-07 17:31:54,207 - INFO - Epoch [346/500], Loss: 0.05237921602868786, Accuracy: 99.09003171101614%
2024-02-07 17:31:54,330 - INFO - Epoch [347/500], Loss: 0.0521260844640589, Accuracy: 99.09003171101614%
2024-02-07 17:31:54,444 - INFO - Epoch [348/500], Loss: 0.05187486237264238, Accuracy: 99.09003171101614%
2024-02-07 17:31:54,558 - INFO - Epoch [349/500], Loss: 0.0516255309630651, Accuracy: 99.09003171101614%
2024-02-07 17:31:54,674 - INFO - Epoch [350/500], Loss: 0.051378068911920614, Accuracy: 99.09003171101614%
2024-02-07 17:31:54,801 - INFO - Epoch [351/500], Loss: 0.05113244066402937, Accuracy: 99.09003171101614%
2024-02-07 17:31:54,813 - INFO - Test Accuracy: 53.57400722021661%, Balanced Test Accuracy: 46.308566307518014%
2024-02-07 17:31:54,926 - INFO - Epoch [352/500], Loss: 0.0508886818230773, Accuracy: 99.09003171101614%
2024-02-07 17:31:55,040 - INFO - Epoch [353/500], Loss: 0.05064672968001105, Accuracy: 99.09003171101614%
2024-02-07 17:31:55,155 - INFO - Epoch [354/500], Loss: 0.050406585447490215, Accuracy: 99.09003171101614%
2024-02-07 17:31:55,272 - INFO - Epoch [355/500], Loss: 0.05016823886156393, Accuracy: 99.09003171101614%
2024-02-07 17:31:55,389 - INFO - Epoch [356/500], Loss: 0.04993166857942318, Accuracy: 99.09003171101614%
2024-02-07 17:31:55,506 - INFO - Epoch [357/500], Loss: 0.049696867887784414, Accuracy: 99.09003171101614%
2024-02-07 17:31:55,625 - INFO - Epoch [358/500], Loss: 0.049463814308789246, Accuracy: 99.10381910933407%
2024-02-07 17:31:55,734 - INFO - Epoch [359/500], Loss: 0.049232474848395213, Accuracy: 99.10381910933407%
2024-02-07 17:31:55,844 - INFO - Epoch [360/500], Loss: 0.049002871431487925, Accuracy: 99.10381910933407%
2024-02-07 17:31:55,954 - INFO - Epoch [361/500], Loss: 0.048774959781439975, Accuracy: 99.10381910933407%
2024-02-07 17:31:55,965 - INFO - Test Accuracy: 53.35740072202166%, Balanced Test Accuracy: 46.057684126372976%
2024-02-07 17:31:56,073 - INFO - Epoch [362/500], Loss: 0.04854874493321404, Accuracy: 99.10381910933407%
2024-02-07 17:31:56,182 - INFO - Epoch [363/500], Loss: 0.04832418664591387, Accuracy: 99.10381910933407%
2024-02-07 17:31:56,293 - INFO - Epoch [364/500], Loss: 0.04810129255444432, Accuracy: 99.10381910933407%
2024-02-07 17:31:56,410 - INFO - Epoch [365/500], Loss: 0.04788004678751653, Accuracy: 99.10381910933407%
2024-02-07 17:31:56,526 - INFO - Epoch [366/500], Loss: 0.04766041572050502, Accuracy: 99.10381910933407%
2024-02-07 17:31:56,638 - INFO - Epoch [367/500], Loss: 0.047442401584703475, Accuracy: 99.10381910933407%
2024-02-07 17:31:56,750 - INFO - Epoch [368/500], Loss: 0.04722598995431326, Accuracy: 99.10381910933407%
2024-02-07 17:31:56,861 - INFO - Epoch [369/500], Loss: 0.04701116695650853, Accuracy: 99.10381910933407%
2024-02-07 17:31:56,971 - INFO - Epoch [370/500], Loss: 0.04679790717394402, Accuracy: 99.10381910933407%
2024-02-07 17:31:57,079 - INFO - Epoch [371/500], Loss: 0.04658620168144504, Accuracy: 99.10381910933407%
2024-02-07 17:31:57,091 - INFO - Test Accuracy: 53.2129963898917%, Balanced Test Accuracy: 46.05954967106233%
2024-02-07 17:31:57,202 - INFO - Epoch [372/500], Loss: 0.04637603236672779, Accuracy: 99.10381910933407%
2024-02-07 17:31:57,312 - INFO - Epoch [373/500], Loss: 0.04616739906487055, Accuracy: 99.117606507652%
2024-02-07 17:31:57,436 - INFO - Epoch [374/500], Loss: 0.04596027339963863, Accuracy: 99.14518130428787%
2024-02-07 17:31:57,548 - INFO - Epoch [375/500], Loss: 0.04575465025845915, Accuracy: 99.14518130428787%
2024-02-07 17:31:57,661 - INFO - Epoch [376/500], Loss: 0.04555051476927474, Accuracy: 99.14518130428787%
2024-02-07 17:31:57,773 - INFO - Epoch [377/500], Loss: 0.04534785168167824, Accuracy: 99.14518130428787%
2024-02-07 17:31:57,883 - INFO - Epoch [378/500], Loss: 0.04514664776312808, Accuracy: 99.14518130428787%
2024-02-07 17:31:57,988 - INFO - Epoch [379/500], Loss: 0.044946882602137826, Accuracy: 99.14518130428787%
2024-02-07 17:31:58,095 - INFO - Epoch [380/500], Loss: 0.04474856040906161, Accuracy: 99.14518130428787%
2024-02-07 17:31:58,202 - INFO - Epoch [381/500], Loss: 0.044551655349399276, Accuracy: 99.14518130428787%
2024-02-07 17:31:58,213 - INFO - Test Accuracy: 53.285198555956676%, Balanced Test Accuracy: 46.06731003114304%
2024-02-07 17:31:58,321 - INFO - Epoch [382/500], Loss: 0.04435616067106215, Accuracy: 99.14518130428787%
2024-02-07 17:31:58,428 - INFO - Epoch [383/500], Loss: 0.044162061744524785, Accuracy: 99.14518130428787%
2024-02-07 17:31:58,531 - INFO - Epoch [384/500], Loss: 0.04396935534896329, Accuracy: 99.15896870260582%
2024-02-07 17:31:58,637 - INFO - Epoch [385/500], Loss: 0.0437780212960206, Accuracy: 99.15896870260582%
2024-02-07 17:31:58,747 - INFO - Epoch [386/500], Loss: 0.04358803157811053, Accuracy: 99.15896870260582%
2024-02-07 17:31:58,855 - INFO - Epoch [387/500], Loss: 0.0433993918413762, Accuracy: 99.15896870260582%
2024-02-07 17:31:58,961 - INFO - Epoch [388/500], Loss: 0.04321209576058512, Accuracy: 99.17275610092375%
2024-02-07 17:31:59,070 - INFO - Epoch [389/500], Loss: 0.04302611835494948, Accuracy: 99.17275610092375%
2024-02-07 17:31:59,185 - INFO - Epoch [390/500], Loss: 0.04284144918589542, Accuracy: 99.1865434992417%
2024-02-07 17:31:59,300 - INFO - Epoch [391/500], Loss: 0.04265808712807484, Accuracy: 99.1865434992417%
2024-02-07 17:31:59,311 - INFO - Test Accuracy: 53.14079422382672%, Balanced Test Accuracy: 45.95526521321587%
2024-02-07 17:31:59,447 - INFO - Epoch [392/500], Loss: 0.04247601385577582, Accuracy: 99.1865434992417%
2024-02-07 17:31:59,559 - INFO - Epoch [393/500], Loss: 0.04229521117910432, Accuracy: 99.1865434992417%
2024-02-07 17:31:59,667 - INFO - Epoch [394/500], Loss: 0.04211567644961178, Accuracy: 99.1865434992417%
2024-02-07 17:31:59,774 - INFO - Epoch [395/500], Loss: 0.04193740967699947, Accuracy: 99.21411829587757%
2024-02-07 17:31:59,891 - INFO - Epoch [396/500], Loss: 0.04176038095223097, Accuracy: 99.21411829587757%
2024-02-07 17:31:59,995 - INFO - Epoch [397/500], Loss: 0.041584571551841996, Accuracy: 99.21411829587757%
2024-02-07 17:32:00,097 - INFO - Epoch [398/500], Loss: 0.041409991875601314, Accuracy: 99.21411829587757%
2024-02-07 17:32:00,199 - INFO - Epoch [399/500], Loss: 0.04123663185358358, Accuracy: 99.21411829587757%
2024-02-07 17:32:00,299 - INFO - Epoch [400/500], Loss: 0.04106446645649461, Accuracy: 99.21411829587757%
2024-02-07 17:32:00,406 - INFO - Epoch [401/500], Loss: 0.0408934949033816, Accuracy: 99.21411829587757%
2024-02-07 17:32:00,417 - INFO - Test Accuracy: 53.068592057761734%, Balanced Test Accuracy: 45.55218543504534%
2024-02-07 17:32:00,521 - INFO - Epoch [402/500], Loss: 0.04072369491041172, Accuracy: 99.21411829587757%
2024-02-07 17:32:00,624 - INFO - Epoch [403/500], Loss: 0.04055506959654546, Accuracy: 99.21411829587757%
2024-02-07 17:32:00,730 - INFO - Epoch [404/500], Loss: 0.04038760330392203, Accuracy: 99.2279056941955%
2024-02-07 17:32:00,834 - INFO - Epoch [405/500], Loss: 0.0402212891591868, Accuracy: 99.2279056941955%
2024-02-07 17:32:00,938 - INFO - Epoch [406/500], Loss: 0.040056106513172075, Accuracy: 99.2279056941955%
2024-02-07 17:32:01,045 - INFO - Epoch [407/500], Loss: 0.039892049389891326, Accuracy: 99.24169309251344%
2024-02-07 17:32:01,147 - INFO - Epoch [408/500], Loss: 0.03972912441046598, Accuracy: 99.24169309251344%
2024-02-07 17:32:01,249 - INFO - Epoch [409/500], Loss: 0.03956729455967434, Accuracy: 99.24169309251344%
2024-02-07 17:32:01,353 - INFO - Epoch [410/500], Loss: 0.03940657540321505, Accuracy: 99.24169309251344%
2024-02-07 17:32:01,457 - INFO - Epoch [411/500], Loss: 0.03924693628990402, Accuracy: 99.26926788914932%
2024-02-07 17:32:01,468 - INFO - Test Accuracy: 53.2129963898917%, Balanced Test Accuracy: 45.55781310707841%
2024-02-07 17:32:01,579 - INFO - Epoch [412/500], Loss: 0.039088381148758344, Accuracy: 99.26926788914932%
2024-02-07 17:32:01,697 - INFO - Epoch [413/500], Loss: 0.03893088824891796, Accuracy: 99.26926788914932%
2024-02-07 17:32:01,819 - INFO - Epoch [414/500], Loss: 0.03877446390591407, Accuracy: 99.26926788914932%
2024-02-07 17:32:01,941 - INFO - Epoch [415/500], Loss: 0.03861909196712077, Accuracy: 99.26926788914932%
2024-02-07 17:32:02,055 - INFO - Epoch [416/500], Loss: 0.038464762837975286, Accuracy: 99.26926788914932%
2024-02-07 17:32:02,173 - INFO - Epoch [417/500], Loss: 0.03831146508552289, Accuracy: 99.28305528746725%
2024-02-07 17:32:02,282 - INFO - Epoch [418/500], Loss: 0.03815919457701966, Accuracy: 99.28305528746725%
2024-02-07 17:32:02,388 - INFO - Epoch [419/500], Loss: 0.0380079218254347, Accuracy: 99.28305528746725%
2024-02-07 17:32:02,490 - INFO - Epoch [420/500], Loss: 0.03785767269437201, Accuracy: 99.28305528746725%
2024-02-07 17:32:02,593 - INFO - Epoch [421/500], Loss: 0.03770841057606352, Accuracy: 99.28305528746725%
2024-02-07 17:32:02,603 - INFO - Test Accuracy: 53.14079422382672%, Balanced Test Accuracy: 45.462936446736855%
2024-02-07 17:32:02,706 - INFO - Epoch [422/500], Loss: 0.037560141097249776, Accuracy: 99.28305528746725%
2024-02-07 17:32:02,823 - INFO - Epoch [423/500], Loss: 0.03741285699167444, Accuracy: 99.2968426857852%
2024-02-07 17:32:02,931 - INFO - Epoch [424/500], Loss: 0.0372665398317622, Accuracy: 99.2968426857852%
2024-02-07 17:32:03,055 - INFO - Epoch [425/500], Loss: 0.03712118025093029, Accuracy: 99.32441748242107%
2024-02-07 17:32:03,161 - INFO - Epoch [426/500], Loss: 0.03697678502066992, Accuracy: 99.32441748242107%
2024-02-07 17:32:03,261 - INFO - Epoch [427/500], Loss: 0.03683332691434771, Accuracy: 99.338204880739%
2024-02-07 17:32:03,360 - INFO - Epoch [428/500], Loss: 0.036690808410639875, Accuracy: 99.338204880739%
2024-02-07 17:32:03,458 - INFO - Epoch [429/500], Loss: 0.036549213541244775, Accuracy: 99.338204880739%
2024-02-07 17:32:03,558 - INFO - Epoch [430/500], Loss: 0.03640855725583, Accuracy: 99.338204880739%
2024-02-07 17:32:03,658 - INFO - Epoch [431/500], Loss: 0.0362688036596713, Accuracy: 99.338204880739%
2024-02-07 17:32:03,669 - INFO - Test Accuracy: 52.851985559566785%, Balanced Test Accuracy: 45.10728541523607%
2024-02-07 17:32:03,776 - INFO - Epoch [432/500], Loss: 0.036129950041261814, Accuracy: 99.338204880739%
2024-02-07 17:32:03,879 - INFO - Epoch [433/500], Loss: 0.035991998268097326, Accuracy: 99.338204880739%
2024-02-07 17:32:03,985 - INFO - Epoch [434/500], Loss: 0.035854933497224316, Accuracy: 99.35199227905694%
2024-02-07 17:32:04,093 - INFO - Epoch [435/500], Loss: 0.03571876071024841, Accuracy: 99.35199227905694%
2024-02-07 17:32:04,200 - INFO - Epoch [436/500], Loss: 0.03558344877577232, Accuracy: 99.35199227905694%
2024-02-07 17:32:04,322 - INFO - Epoch [437/500], Loss: 0.035449013172183186, Accuracy: 99.36577967737487%
2024-02-07 17:32:04,435 - INFO - Epoch [438/500], Loss: 0.03531543926995558, Accuracy: 99.37956707569282%
2024-02-07 17:32:04,564 - INFO - Epoch [439/500], Loss: 0.03518269698057944, Accuracy: 99.37956707569282%
2024-02-07 17:32:04,720 - INFO - Epoch [440/500], Loss: 0.035050826705022096, Accuracy: 99.37956707569282%
2024-02-07 17:32:04,859 - INFO - Epoch [441/500], Loss: 0.03491978097008541, Accuracy: 99.37956707569282%
2024-02-07 17:32:04,873 - INFO - Test Accuracy: 52.851985559566785%, Balanced Test Accuracy: 45.10728541523607%
2024-02-07 17:32:05,042 - INFO - Epoch [442/500], Loss: 0.034789575191098265, Accuracy: 99.37956707569282%
2024-02-07 17:32:05,170 - INFO - Epoch [443/500], Loss: 0.034660174603535175, Accuracy: 99.37956707569282%
2024-02-07 17:32:05,290 - INFO - Epoch [444/500], Loss: 0.03453160600232271, Accuracy: 99.37956707569282%
2024-02-07 17:32:05,419 - INFO - Epoch [445/500], Loss: 0.034403840526162334, Accuracy: 99.37956707569282%
2024-02-07 17:32:05,570 - INFO - Epoch [446/500], Loss: 0.03427688488833761, Accuracy: 99.37956707569282%
2024-02-07 17:32:05,718 - INFO - Epoch [447/500], Loss: 0.03415071917212723, Accuracy: 99.37956707569282%
2024-02-07 17:32:05,884 - INFO - Epoch [448/500], Loss: 0.034025331614733055, Accuracy: 99.37956707569282%
2024-02-07 17:32:06,008 - INFO - Epoch [449/500], Loss: 0.03390074670217776, Accuracy: 99.37956707569282%
2024-02-07 17:32:06,147 - INFO - Epoch [450/500], Loss: 0.03377691849891562, Accuracy: 99.37956707569282%
2024-02-07 17:32:06,318 - INFO - Epoch [451/500], Loss: 0.03365388576639816, Accuracy: 99.37956707569282%
2024-02-07 17:32:06,333 - INFO - Test Accuracy: 52.851985559566785%, Balanced Test Accuracy: 45.128936819861245%
2024-02-07 17:32:06,536 - INFO - Epoch [452/500], Loss: 0.03353158924922658, Accuracy: 99.37956707569282%
2024-02-07 17:32:06,704 - INFO - Epoch [453/500], Loss: 0.0334100531617878, Accuracy: 99.37956707569282%
2024-02-07 17:32:06,878 - INFO - Epoch [454/500], Loss: 0.03328927310940344, Accuracy: 99.37956707569282%
2024-02-07 17:32:07,018 - INFO - Epoch [455/500], Loss: 0.03316924465373935, Accuracy: 99.37956707569282%
2024-02-07 17:32:07,181 - INFO - Epoch [456/500], Loss: 0.033049940587564684, Accuracy: 99.39335447401075%
2024-02-07 17:32:07,337 - INFO - Epoch [457/500], Loss: 0.03293137485646488, Accuracy: 99.39335447401075%
2024-02-07 17:32:07,478 - INFO - Epoch [458/500], Loss: 0.03281354022813806, Accuracy: 99.4071418723287%
2024-02-07 17:32:07,625 - INFO - Epoch [459/500], Loss: 0.03269641452546542, Accuracy: 99.42092927064662%
2024-02-07 17:32:07,778 - INFO - Epoch [460/500], Loss: 0.032580006484446734, Accuracy: 99.42092927064662%
2024-02-07 17:32:07,927 - INFO - Epoch [461/500], Loss: 0.032464306117617525, Accuracy: 99.42092927064662%
2024-02-07 17:32:07,939 - INFO - Test Accuracy: 52.707581227436826%, Balanced Test Accuracy: 45.09176469507465%
2024-02-07 17:32:08,076 - INFO - Epoch [462/500], Loss: 0.03234930374795416, Accuracy: 99.42092927064662%
2024-02-07 17:32:08,216 - INFO - Epoch [463/500], Loss: 0.032235007209237665, Accuracy: 99.42092927064662%
2024-02-07 17:32:08,362 - INFO - Epoch [464/500], Loss: 0.03212139694854462, Accuracy: 99.43471666896457%
2024-02-07 17:32:08,501 - INFO - Epoch [465/500], Loss: 0.032008464845906325, Accuracy: 99.43471666896457%
2024-02-07 17:32:08,621 - INFO - Epoch [466/500], Loss: 0.031896211658022366, Accuracy: 99.43471666896457%
2024-02-07 17:32:08,741 - INFO - Epoch [467/500], Loss: 0.03178463459092503, Accuracy: 99.43471666896457%
2024-02-07 17:32:08,869 - INFO - Epoch [468/500], Loss: 0.0316737253597239, Accuracy: 99.43471666896457%
2024-02-07 17:32:08,991 - INFO - Epoch [469/500], Loss: 0.03156348952810125, Accuracy: 99.43471666896457%
2024-02-07 17:32:09,123 - INFO - Epoch [470/500], Loss: 0.031453897536266595, Accuracy: 99.43471666896457%
2024-02-07 17:32:09,254 - INFO - Epoch [471/500], Loss: 0.03134495619451627, Accuracy: 99.43471666896457%
2024-02-07 17:32:09,267 - INFO - Test Accuracy: 52.56317689530686%, Balanced Test Accuracy: 45.05095740835813%
2024-02-07 17:32:09,419 - INFO - Epoch [472/500], Loss: 0.031236665992764756, Accuracy: 99.43471666896457%
2024-02-07 17:32:09,559 - INFO - Epoch [473/500], Loss: 0.03112902012556636, Accuracy: 99.43471666896457%
2024-02-07 17:32:09,711 - INFO - Epoch [474/500], Loss: 0.031022002682827104, Accuracy: 99.4485040672825%
2024-02-07 17:32:09,854 - INFO - Epoch [475/500], Loss: 0.03091562055245352, Accuracy: 99.4485040672825%
2024-02-07 17:32:10,004 - INFO - Epoch [476/500], Loss: 0.030809858226954628, Accuracy: 99.4485040672825%
2024-02-07 17:32:10,144 - INFO - Epoch [477/500], Loss: 0.030704724971049775, Accuracy: 99.4485040672825%
2024-02-07 17:32:10,280 - INFO - Epoch [478/500], Loss: 0.03060019723974013, Accuracy: 99.4485040672825%
2024-02-07 17:32:10,438 - INFO - Epoch [479/500], Loss: 0.030496291209904786, Accuracy: 99.4485040672825%
2024-02-07 17:32:10,633 - INFO - Epoch [480/500], Loss: 0.030392985543585382, Accuracy: 99.4485040672825%
2024-02-07 17:32:10,826 - INFO - Epoch [481/500], Loss: 0.030290297576963592, Accuracy: 99.46229146560044%
2024-02-07 17:32:10,844 - INFO - Test Accuracy: 52.707581227436826%, Balanced Test Accuracy: 45.06647812851954%
2024-02-07 17:32:10,995 - INFO - Epoch [482/500], Loss: 0.030188180156983435, Accuracy: 99.46229146560044%
2024-02-07 17:32:11,140 - INFO - Epoch [483/500], Loss: 0.03008666291134432, Accuracy: 99.46229146560044%
2024-02-07 17:32:11,285 - INFO - Epoch [484/500], Loss: 0.029985739985325683, Accuracy: 99.46229146560044%
2024-02-07 17:32:11,421 - INFO - Epoch [485/500], Loss: 0.029885384098937113, Accuracy: 99.46229146560044%
2024-02-07 17:32:11,593 - INFO - Epoch [486/500], Loss: 0.02978562288141499, Accuracy: 99.46229146560044%
2024-02-07 17:32:11,770 - INFO - Epoch [487/500], Loss: 0.029686422950665776, Accuracy: 99.46229146560044%
2024-02-07 17:32:11,938 - INFO - Epoch [488/500], Loss: 0.029587800114920054, Accuracy: 99.46229146560044%
2024-02-07 17:32:12,086 - INFO - Epoch [489/500], Loss: 0.029489737940214884, Accuracy: 99.46229146560044%
2024-02-07 17:32:12,240 - INFO - Epoch [490/500], Loss: 0.02939222863642499, Accuracy: 99.46229146560044%
2024-02-07 17:32:12,377 - INFO - Epoch [491/500], Loss: 0.029295285198410664, Accuracy: 99.46229146560044%
2024-02-07 17:32:12,389 - INFO - Test Accuracy: 52.707581227436826%, Balanced Test Accuracy: 45.09214022833188%
2024-02-07 17:32:12,542 - INFO - Epoch [492/500], Loss: 0.02919888553151395, Accuracy: 99.46229146560044%
2024-02-07 17:32:12,718 - INFO - Epoch [493/500], Loss: 0.029103030702875305, Accuracy: 99.46229146560044%
2024-02-07 17:32:12,878 - INFO - Epoch [494/500], Loss: 0.029007721474044956, Accuracy: 99.46229146560044%
2024-02-07 17:32:13,035 - INFO - Epoch [495/500], Loss: 0.02891295785472418, Accuracy: 99.46229146560044%
2024-02-07 17:32:13,195 - INFO - Epoch [496/500], Loss: 0.028818723794150475, Accuracy: 99.46229146560044%
2024-02-07 17:32:13,358 - INFO - Epoch [497/500], Loss: 0.028725011720477294, Accuracy: 99.46229146560044%
2024-02-07 17:32:13,512 - INFO - Epoch [498/500], Loss: 0.02863182372918042, Accuracy: 99.46229146560044%
2024-02-07 17:32:13,658 - INFO - Epoch [499/500], Loss: 0.028539168187611114, Accuracy: 99.46229146560044%
2024-02-07 17:32:13,801 - INFO - Epoch [500/500], Loss: 0.02844702499957445, Accuracy: 99.46229146560044%
2024-02-07 17:32:13,830 - INFO - Test Accuracy: 46.256038647343%, Balanced Test Accuracy: 44.20007743588487%
2024-02-07 17:32:13,891 - INFO - Final unblanced test accuracy: 46.256038647343% and final balanced test accuracy 44.20007743588487
