2024-02-07 16:50:06,828 - INFO - Configuration:
{
    "task": "5",
    "topic": "1_classifier",
    "train_classifier": true,
    "number_gpus": "1",
    "modalities": [
        "depth"
    ],
    "encoder_model": "MAE",
    "mask_ratio": 0.8,
    "dataset": "DAA",
    "split": "1",
    "num_classes": 34,
    "epochs": 500,
    "res_cktp": false,
    "cktp_dir": "/home/bas06400/Thesis/VIP/src/align_checkpoints/mae_checkpoints/",
    "trained_encoder": "checkpoint_depth_1_20240203_204801.pth",
    "learning_rate": 0.001,
    "temperature": 0.1,
    "num_workers": 10,
    "batch_size": 64,
    "data_root": "/net/polaris/storage/deeplearning/ntu",
    "random_sample": false,
    "pin_memory": true,
    "scheduler_config": {
        "type": "plateau",
        "params": {
            "mode": "min",
            "factor": 0.1,
            "patience": 5
        }
    }
}
2024-02-07 16:50:06,859 - INFO - Training MAE for depth...
2024-02-07 16:50:06,905 - INFO - Evaluing on the following GPUs [1]
2024-02-07 16:50:10,830 - INFO - Checkpoint checkpoint_depth_1_20240203_204801.pth loaded succesfully
2024-02-07 16:50:10,920 - INFO - Starting feature extraction...
2024-02-07 16:56:53,994 - INFO - Applying balanced loss
2024-02-07 16:56:54,251 - INFO - Epoch [1/500], Loss: 7.207906201481819, Accuracy: 34.38577140493589%
2024-02-07 16:56:54,279 - INFO - Test Accuracy: 38.98916967509025%, Balanced Test Accuracy: 32.428346318365584%
2024-02-07 16:56:54,436 - INFO - Epoch [2/500], Loss: 5.780433980127175, Accuracy: 50.59975182683028%
2024-02-07 16:56:54,582 - INFO - Epoch [3/500], Loss: 5.194679165879886, Accuracy: 54.17068799117607%
2024-02-07 16:56:54,732 - INFO - Epoch [4/500], Loss: 4.834644717474778, Accuracy: 56.2112229422308%
2024-02-07 16:56:54,876 - INFO - Epoch [5/500], Loss: 4.577514708042145, Accuracy: 57.631324968978355%
2024-02-07 16:56:55,023 - INFO - Epoch [6/500], Loss: 4.377715848386288, Accuracy: 58.637805046187786%
2024-02-07 16:56:55,173 - INFO - Epoch [7/500], Loss: 4.2142516275246935, Accuracy: 59.64428512339722%
2024-02-07 16:56:55,333 - INFO - Epoch [8/500], Loss: 4.075894173234701, Accuracy: 60.54046601406315%
2024-02-07 16:56:55,503 - INFO - Epoch [9/500], Loss: 3.9559589760998883, Accuracy: 61.20226113332414%
2024-02-07 16:56:55,695 - INFO - Epoch [10/500], Loss: 3.8501435381670794, Accuracy: 61.94678064249276%
2024-02-07 16:56:55,880 - INFO - Epoch [11/500], Loss: 3.7555130509038768, Accuracy: 62.45691438025644%
2024-02-07 16:56:55,897 - INFO - Test Accuracy: 39.711191335740075%, Balanced Test Accuracy: 40.02871104097782%
2024-02-07 16:56:56,057 - INFO - Epoch [12/500], Loss: 3.6699738763272762, Accuracy: 63.353095270922374%
2024-02-07 16:56:56,215 - INFO - Epoch [13/500], Loss: 3.5919778210421405, Accuracy: 63.91837860195781%
2024-02-07 16:56:56,366 - INFO - Epoch [14/500], Loss: 3.5203451638420424, Accuracy: 64.30442575486006%
2024-02-07 16:56:56,497 - INFO - Epoch [15/500], Loss: 3.454154842843612, Accuracy: 64.85592168757755%
2024-02-07 16:56:56,661 - INFO - Epoch [16/500], Loss: 3.392672616367539, Accuracy: 65.28333103543362%
2024-02-07 16:56:56,835 - INFO - Epoch [17/500], Loss: 3.3353029787540436, Accuracy: 65.5728664001103%
2024-02-07 16:56:56,990 - INFO - Epoch [18/500], Loss: 3.281555276364088, Accuracy: 65.97270095133048%
2024-02-07 16:56:57,150 - INFO - Epoch [19/500], Loss: 3.2310204630096755, Accuracy: 66.28981111264305%
2024-02-07 16:56:57,300 - INFO - Epoch [20/500], Loss: 3.1833538158486285, Accuracy: 66.63449607059148%
2024-02-07 16:56:57,486 - INFO - Epoch [21/500], Loss: 3.1382621259739003, Accuracy: 66.78615745208879%
2024-02-07 16:56:57,498 - INFO - Test Accuracy: 38.98916967509025%, Balanced Test Accuracy: 40.286553600688144%
2024-02-07 16:56:57,616 - INFO - Epoch [22/500], Loss: 3.0954938139766455, Accuracy: 67.06190541844754%
2024-02-07 16:56:57,746 - INFO - Epoch [23/500], Loss: 3.054831531519691, Accuracy: 67.2687163932166%
2024-02-07 16:56:57,873 - INFO - Epoch [24/500], Loss: 3.016086481511593, Accuracy: 67.57203915621122%
2024-02-07 16:56:58,009 - INFO - Epoch [25/500], Loss: 2.9790936348338923, Accuracy: 67.79263752929822%
2024-02-07 16:56:58,147 - INFO - Epoch [26/500], Loss: 2.9437077393134436, Accuracy: 68.08217289397491%
2024-02-07 16:56:58,279 - INFO - Epoch [27/500], Loss: 2.9098007834206023, Accuracy: 68.3717082586516%
2024-02-07 16:56:58,414 - INFO - Epoch [28/500], Loss: 2.8772591836750507, Accuracy: 68.60609403005652%
2024-02-07 16:56:58,543 - INFO - Epoch [29/500], Loss: 2.845981658746799, Accuracy: 68.90941679305115%
2024-02-07 16:56:58,712 - INFO - Epoch [30/500], Loss: 2.8158778275052705, Accuracy: 69.2265269543637%
2024-02-07 16:56:58,893 - INFO - Epoch [31/500], Loss: 2.786866440748175, Accuracy: 69.47470012408658%
2024-02-07 16:56:58,907 - INFO - Test Accuracy: 39.78339350180505%, Balanced Test Accuracy: 40.661110910511255%
2024-02-07 16:56:59,077 - INFO - Epoch [32/500], Loss: 2.7588743275652328, Accuracy: 69.70908589549153%
2024-02-07 16:56:59,228 - INFO - Epoch [33/500], Loss: 2.7318353274216256, Accuracy: 69.91589687026058%
2024-02-07 16:56:59,372 - INFO - Epoch [34/500], Loss: 2.705689479286472, Accuracy: 70.06755825175789%
2024-02-07 16:56:59,516 - INFO - Epoch [35/500], Loss: 2.68038229085505, Accuracy: 70.21921963325521%
2024-02-07 16:56:59,653 - INFO - Epoch [36/500], Loss: 2.6558641052494445, Accuracy: 70.41224320970633%
2024-02-07 16:56:59,791 - INFO - Epoch [37/500], Loss: 2.6320892112950482, Accuracy: 70.67420377774714%
2024-02-07 16:56:59,922 - INFO - Epoch [38/500], Loss: 2.609016186868151, Accuracy: 70.81207776092651%
2024-02-07 16:57:00,055 - INFO - Epoch [39/500], Loss: 2.586606577038765, Accuracy: 70.97752654074176%
2024-02-07 16:57:00,225 - INFO - Epoch [40/500], Loss: 2.564824958021442, Accuracy: 71.14297532055701%
2024-02-07 16:57:00,367 - INFO - Epoch [41/500], Loss: 2.5436389880875745, Accuracy: 71.3222114986902%
2024-02-07 16:57:00,378 - INFO - Test Accuracy: 40.288808664259925%, Balanced Test Accuracy: 41.03059155956258%
2024-02-07 16:57:00,496 - INFO - Epoch [42/500], Loss: 2.523018437127272, Accuracy: 71.58417206673101%
2024-02-07 16:57:00,609 - INFO - Epoch [43/500], Loss: 2.5029353934029737, Accuracy: 71.66689645663864%
2024-02-07 16:57:00,739 - INFO - Epoch [44/500], Loss: 2.483363937586546, Accuracy: 71.70825865159244%
2024-02-07 16:57:00,880 - INFO - Epoch [45/500], Loss: 2.4642800291379294, Accuracy: 71.9150696263615%
2024-02-07 16:57:00,991 - INFO - Epoch [46/500], Loss: 2.4456612896174192, Accuracy: 72.05294360954088%
2024-02-07 16:57:01,130 - INFO - Epoch [47/500], Loss: 2.427486748745044, Accuracy: 72.12188060113057%
2024-02-07 16:57:01,257 - INFO - Epoch [48/500], Loss: 2.4097369437416396, Accuracy: 72.25975458430995%
2024-02-07 16:57:01,383 - INFO - Epoch [49/500], Loss: 2.3923935076842704, Accuracy: 72.37005377085345%
2024-02-07 16:57:01,525 - INFO - Epoch [50/500], Loss: 2.3754395426561437, Accuracy: 72.41141596580725%
2024-02-07 16:57:01,640 - INFO - Epoch [51/500], Loss: 2.358858826880654, Accuracy: 72.49414035571488%
2024-02-07 16:57:01,650 - INFO - Test Accuracy: 40.64981949458484%, Balanced Test Accuracy: 41.56687519343378%
2024-02-07 16:57:01,784 - INFO - Epoch [52/500], Loss: 2.342636310184995, Accuracy: 72.64580173721218%
2024-02-07 16:57:01,911 - INFO - Epoch [53/500], Loss: 2.3267579103509584, Accuracy: 72.70095133048393%
2024-02-07 16:57:02,031 - INFO - Epoch [54/500], Loss: 2.311210277179877, Accuracy: 72.7974631187095%
2024-02-07 16:57:02,176 - INFO - Epoch [55/500], Loss: 2.295980801805854, Accuracy: 72.93533710188888%
2024-02-07 16:57:02,328 - INFO - Epoch [56/500], Loss: 2.2810576539486647, Accuracy: 73.08699848338618%
2024-02-07 16:57:02,482 - INFO - Epoch [57/500], Loss: 2.266429600926737, Accuracy: 73.2386598648835%
2024-02-07 16:57:02,603 - INFO - Epoch [58/500], Loss: 2.252086059500774, Accuracy: 73.33517165310906%
2024-02-07 16:57:02,718 - INFO - Epoch [59/500], Loss: 2.238016959900657, Accuracy: 73.40410864469875%
2024-02-07 16:57:02,842 - INFO - Epoch [60/500], Loss: 2.2242128060509763, Accuracy: 73.56955742451399%
2024-02-07 16:57:02,964 - INFO - Epoch [61/500], Loss: 2.2106646013756595, Accuracy: 73.65228181442161%
2024-02-07 16:57:02,974 - INFO - Test Accuracy: 40.7942238267148%, Balanced Test Accuracy: 40.90403914992548%
2024-02-07 16:57:03,099 - INFO - Epoch [62/500], Loss: 2.1973635808875165, Accuracy: 73.76258100096511%
2024-02-07 16:57:03,241 - INFO - Epoch [63/500], Loss: 2.1843017941961684, Accuracy: 73.88666758582656%
2024-02-07 16:57:03,373 - INFO - Epoch [64/500], Loss: 2.171471366658807, Accuracy: 73.96939197573418%
2024-02-07 16:57:03,526 - INFO - Epoch [65/500], Loss: 2.1588649256154895, Accuracy: 74.01075417068799%
2024-02-07 16:57:03,698 - INFO - Epoch [66/500], Loss: 2.1464753840118647, Accuracy: 74.10726595891356%
2024-02-07 16:57:03,858 - INFO - Epoch [67/500], Loss: 2.134296060539782, Accuracy: 74.24513994209293%
2024-02-07 16:57:03,989 - INFO - Epoch [68/500], Loss: 2.1223204297324023, Accuracy: 74.3830139252723%
2024-02-07 16:57:04,112 - INFO - Epoch [69/500], Loss: 2.1105424830069146, Accuracy: 74.46573831517992%
2024-02-07 16:57:04,244 - INFO - Epoch [70/500], Loss: 2.0989562552422285, Accuracy: 74.61739969667724%
2024-02-07 16:57:04,378 - INFO - Epoch [71/500], Loss: 2.087556087722381, Accuracy: 74.7139114849028%
2024-02-07 16:57:04,392 - INFO - Test Accuracy: 41.01083032490975%, Balanced Test Accuracy: 42.1774811500612%
2024-02-07 16:57:04,559 - INFO - Epoch [72/500], Loss: 2.0763367308924594, Accuracy: 74.74148628153867%
2024-02-07 16:57:04,724 - INFO - Epoch [73/500], Loss: 2.0652928510680795, Accuracy: 74.9345098579898%
2024-02-07 16:57:04,888 - INFO - Epoch [74/500], Loss: 2.05441967304796, Accuracy: 75.01723424789742%
2024-02-07 16:57:05,029 - INFO - Epoch [75/500], Loss: 2.0437124269083142, Accuracy: 75.0448090445333%
2024-02-07 16:57:05,165 - INFO - Epoch [76/500], Loss: 2.0331664628659687, Accuracy: 75.11374603612299%
2024-02-07 16:57:05,305 - INFO - Epoch [77/500], Loss: 2.022777419847747, Accuracy: 75.18268302771267%
2024-02-07 16:57:05,443 - INFO - Epoch [78/500], Loss: 2.012541246290008, Accuracy: 75.19647042603061%
2024-02-07 16:57:05,579 - INFO - Epoch [79/500], Loss: 2.002453688221673, Accuracy: 75.25162001930235%
2024-02-07 16:57:05,693 - INFO - Epoch [80/500], Loss: 1.9925109970693786, Accuracy: 75.2654074176203%
2024-02-07 16:57:05,809 - INFO - Epoch [81/500], Loss: 1.982709395699203, Accuracy: 75.2654074176203%
2024-02-07 16:57:05,820 - INFO - Test Accuracy: 41.371841155234655%, Balanced Test Accuracy: 42.30177431748074%
2024-02-07 16:57:05,954 - INFO - Epoch [82/500], Loss: 1.9730453692997496, Accuracy: 75.27919481593823%
2024-02-07 16:57:06,085 - INFO - Epoch [83/500], Loss: 1.963515299372375, Accuracy: 75.27919481593823%
2024-02-07 16:57:06,226 - INFO - Epoch [84/500], Loss: 1.954115981856982, Accuracy: 75.36191920584585%
2024-02-07 16:57:06,365 - INFO - Epoch [85/500], Loss: 1.9448441732674837, Accuracy: 75.43085619743555%
2024-02-07 16:57:06,495 - INFO - Epoch [86/500], Loss: 1.9356966959312558, Accuracy: 75.51358058734317%
2024-02-07 16:57:06,624 - INFO - Epoch [87/500], Loss: 1.9266705646490057, Accuracy: 75.65145457052255%
2024-02-07 16:57:06,760 - INFO - Epoch [88/500], Loss: 1.917762997560203, Accuracy: 75.73417896043017%
2024-02-07 16:57:06,881 - INFO - Epoch [89/500], Loss: 1.9089711230869095, Accuracy: 75.77554115538398%
2024-02-07 16:57:07,008 - INFO - Epoch [90/500], Loss: 1.9002921941379707, Accuracy: 75.83069074865573%
2024-02-07 16:57:07,145 - INFO - Epoch [91/500], Loss: 1.8917237237716715, Accuracy: 75.84447814697367%
2024-02-07 16:57:07,156 - INFO - Test Accuracy: 41.371841155234655%, Balanced Test Accuracy: 42.446102822436515%
2024-02-07 16:57:07,284 - INFO - Epoch [92/500], Loss: 1.8832631235321362, Accuracy: 75.95477733351717%
2024-02-07 16:57:07,420 - INFO - Epoch [93/500], Loss: 1.8749080120275419, Accuracy: 76.12022611333241%
2024-02-07 16:57:07,553 - INFO - Epoch [94/500], Loss: 1.8666559870665271, Accuracy: 76.25810009651178%
2024-02-07 16:57:07,693 - INFO - Epoch [95/500], Loss: 1.858504774980247, Accuracy: 76.32703708810148%
2024-02-07 16:57:07,835 - INFO - Epoch [96/500], Loss: 1.850452188712855, Accuracy: 76.46491107128085%
2024-02-07 16:57:07,969 - INFO - Epoch [97/500], Loss: 1.8424961253379781, Accuracy: 76.61657245277816%
2024-02-07 16:57:08,111 - INFO - Epoch [98/500], Loss: 1.8346344049399097, Accuracy: 76.69929684268578%
2024-02-07 16:57:08,244 - INFO - Epoch [99/500], Loss: 1.8268651242057483, Accuracy: 76.7406590376396%
2024-02-07 16:57:08,375 - INFO - Epoch [100/500], Loss: 1.8191863146300118, Accuracy: 76.80959602922928%
2024-02-07 16:57:08,510 - INFO - Epoch [101/500], Loss: 1.8115960682431858, Accuracy: 76.91989521577278%
2024-02-07 16:57:08,521 - INFO - Test Accuracy: 41.44404332129964%, Balanced Test Accuracy: 40.95923844775682%
2024-02-07 16:57:08,649 - INFO - Epoch [102/500], Loss: 1.8040926322961848, Accuracy: 76.93368261409073%
2024-02-07 16:57:08,787 - INFO - Epoch [103/500], Loss: 1.7966741922621925, Accuracy: 76.93368261409073%
2024-02-07 16:57:08,919 - INFO - Epoch [104/500], Loss: 1.789339023642242, Accuracy: 77.00261960568041%
2024-02-07 16:57:09,050 - INFO - Epoch [105/500], Loss: 1.782085411871473, Accuracy: 77.07155659727009%
2024-02-07 16:57:09,186 - INFO - Epoch [106/500], Loss: 1.7749117681135733, Accuracy: 77.12670619054184%
2024-02-07 16:57:09,307 - INFO - Epoch [107/500], Loss: 1.7678165861094992, Accuracy: 77.20943058044946%
2024-02-07 16:57:09,436 - INFO - Epoch [108/500], Loss: 1.7607982171078522, Accuracy: 77.25079277540328%
2024-02-07 16:57:09,561 - INFO - Epoch [109/500], Loss: 1.75385531441619, Accuracy: 77.41624155521853%
2024-02-07 16:57:09,693 - INFO - Epoch [110/500], Loss: 1.7469862612585227, Accuracy: 77.49896594512616%
2024-02-07 16:57:09,831 - INFO - Epoch [111/500], Loss: 1.740189812456568, Accuracy: 77.59547773335171%
2024-02-07 16:57:09,841 - INFO - Test Accuracy: 41.73285198555957%, Balanced Test Accuracy: 41.12887244618175%
2024-02-07 16:57:09,957 - INFO - Epoch [112/500], Loss: 1.733464473237594, Accuracy: 77.69198952157728%
2024-02-07 16:57:10,094 - INFO - Epoch [113/500], Loss: 1.726809033503135, Accuracy: 77.73335171653109%
2024-02-07 16:57:10,222 - INFO - Epoch [114/500], Loss: 1.7202220549806952, Accuracy: 77.82986350475666%
2024-02-07 16:57:10,359 - INFO - Epoch [115/500], Loss: 1.7137024051820238, Accuracy: 77.85743830139253%
2024-02-07 16:57:10,520 - INFO - Epoch [116/500], Loss: 1.707248853519559, Accuracy: 77.94016269130015%
2024-02-07 16:57:10,691 - INFO - Epoch [117/500], Loss: 1.700860164128244, Accuracy: 77.96773748793602%
2024-02-07 16:57:10,862 - INFO - Epoch [118/500], Loss: 1.6945350710302591, Accuracy: 78.03667447952571%
2024-02-07 16:57:11,037 - INFO - Epoch [119/500], Loss: 1.688272646938761, Accuracy: 78.09182407279746%
2024-02-07 16:57:11,204 - INFO - Epoch [120/500], Loss: 1.6820716165627043, Accuracy: 78.16076106438715%
2024-02-07 16:57:11,334 - INFO - Epoch [121/500], Loss: 1.6759309703484178, Accuracy: 78.22969805597684%
2024-02-07 16:57:11,345 - INFO - Test Accuracy: 41.805054151624546%, Balanced Test Accuracy: 39.43723736168952%
2024-02-07 16:57:11,490 - INFO - Epoch [122/500], Loss: 1.669849689739446, Accuracy: 78.28484764924859%
2024-02-07 16:57:11,644 - INFO - Epoch [123/500], Loss: 1.6638266236210864, Accuracy: 78.33999724252034%
2024-02-07 16:57:11,804 - INFO - Epoch [124/500], Loss: 1.6578610275561612, Accuracy: 78.42272163242797%
2024-02-07 16:57:11,921 - INFO - Epoch [125/500], Loss: 1.651951630289356, Accuracy: 78.4365090307459%
2024-02-07 16:57:12,029 - INFO - Epoch [126/500], Loss: 1.6460976895565789, Accuracy: 78.46408382738177%
2024-02-07 16:57:12,147 - INFO - Epoch [127/500], Loss: 1.6402981945623953, Accuracy: 78.50544602233559%
2024-02-07 16:57:12,257 - INFO - Epoch [128/500], Loss: 1.634552218330403, Accuracy: 78.5468082172894%
2024-02-07 16:57:12,361 - INFO - Epoch [129/500], Loss: 1.6288589416071773, Accuracy: 78.58817041224322%
2024-02-07 16:57:12,493 - INFO - Epoch [130/500], Loss: 1.623217450765272, Accuracy: 78.60195781056115%
2024-02-07 16:57:12,613 - INFO - Epoch [131/500], Loss: 1.617626927793026, Accuracy: 78.60195781056115%
2024-02-07 16:57:12,623 - INFO - Test Accuracy: 42.09386281588448%, Balanced Test Accuracy: 39.708643093570686%
2024-02-07 16:57:12,727 - INFO - Epoch [132/500], Loss: 1.6120865593353908, Accuracy: 78.67089480215084%
2024-02-07 16:57:12,852 - INFO - Epoch [133/500], Loss: 1.6065954466660817, Accuracy: 78.71225699710465%
2024-02-07 16:57:12,967 - INFO - Epoch [134/500], Loss: 1.6011530254036188, Accuracy: 78.7674065903764%
2024-02-07 16:57:13,096 - INFO - Epoch [135/500], Loss: 1.595758259606858, Accuracy: 78.85013098028402%
2024-02-07 16:57:13,223 - INFO - Epoch [136/500], Loss: 1.590410543916126, Accuracy: 78.85013098028402%
2024-02-07 16:57:13,375 - INFO - Epoch [137/500], Loss: 1.5851091317211587, Accuracy: 78.89149317523783%
2024-02-07 16:57:13,541 - INFO - Epoch [138/500], Loss: 1.5798532745490472, Accuracy: 78.9880049634634%
2024-02-07 16:57:13,703 - INFO - Epoch [139/500], Loss: 1.5746423611417413, Accuracy: 79.07072935337102%
2024-02-07 16:57:13,852 - INFO - Epoch [140/500], Loss: 1.569475548962752, Accuracy: 79.11209154832483%
2024-02-07 16:57:14,005 - INFO - Epoch [141/500], Loss: 1.564352306847771, Accuracy: 79.1396663449607%
2024-02-07 16:57:14,016 - INFO - Test Accuracy: 42.16606498194946%, Balanced Test Accuracy: 39.77615727873193%
2024-02-07 16:57:14,137 - INFO - Epoch [142/500], Loss: 1.5592719449972112, Accuracy: 79.18102853991452%
2024-02-07 16:57:14,258 - INFO - Epoch [143/500], Loss: 1.554233799688518, Accuracy: 79.19481593823245%
2024-02-07 16:57:14,365 - INFO - Epoch [144/500], Loss: 1.5492371898144484, Accuracy: 79.2499655315042%
2024-02-07 16:57:14,492 - INFO - Epoch [145/500], Loss: 1.5442815941448014, Accuracy: 79.30511512477595%
2024-02-07 16:57:14,618 - INFO - Epoch [146/500], Loss: 1.5393663582702477, Accuracy: 79.3602647180477%
2024-02-07 16:57:14,777 - INFO - Epoch [147/500], Loss: 1.534490945128103, Accuracy: 79.4292017096374%
2024-02-07 16:57:14,935 - INFO - Epoch [148/500], Loss: 1.5296546428774793, Accuracy: 79.48435130290915%
2024-02-07 16:57:15,091 - INFO - Epoch [149/500], Loss: 1.5248570768162608, Accuracy: 79.5395008961809%
2024-02-07 16:57:15,266 - INFO - Epoch [150/500], Loss: 1.5200976049527526, Accuracy: 79.60843788777058%
2024-02-07 16:57:15,437 - INFO - Epoch [151/500], Loss: 1.5153756470729907, Accuracy: 79.6911622776782%
2024-02-07 16:57:15,451 - INFO - Test Accuracy: 42.16606498194946%, Balanced Test Accuracy: 39.679633180966164%
2024-02-07 16:57:15,613 - INFO - Epoch [152/500], Loss: 1.510690702746312, Accuracy: 79.70494967599613%
2024-02-07 16:57:15,774 - INFO - Epoch [153/500], Loss: 1.5060422432919343, Accuracy: 79.77388666758583%
2024-02-07 16:57:15,914 - INFO - Epoch [154/500], Loss: 1.5014298083260655, Accuracy: 79.78767406590376%
2024-02-07 16:57:16,030 - INFO - Epoch [155/500], Loss: 1.4968528527145584, Accuracy: 79.87039845581138%
2024-02-07 16:57:16,157 - INFO - Epoch [156/500], Loss: 1.4923108949636419, Accuracy: 79.89797325244726%
2024-02-07 16:57:16,281 - INFO - Epoch [157/500], Loss: 1.4878034132222335, Accuracy: 79.89797325244726%
2024-02-07 16:57:16,409 - INFO - Epoch [158/500], Loss: 1.4833300240958731, Accuracy: 79.95312284571901%
2024-02-07 16:57:16,542 - INFO - Epoch [159/500], Loss: 1.4788902268434565, Accuracy: 80.00827243899076%
2024-02-07 16:57:16,670 - INFO - Epoch [160/500], Loss: 1.4744835558036964, Accuracy: 80.10478422721633%
2024-02-07 16:57:16,804 - INFO - Epoch [161/500], Loss: 1.470109581016004, Accuracy: 80.11857162553426%
2024-02-07 16:57:16,815 - INFO - Test Accuracy: 42.31046931407942%, Balanced Test Accuracy: 39.42002225506311%
2024-02-07 16:57:16,940 - INFO - Epoch [162/500], Loss: 1.4657678287476301, Accuracy: 80.14614642217013%
2024-02-07 16:57:17,051 - INFO - Epoch [163/500], Loss: 1.4614579776922862, Accuracy: 80.15993382048808%
2024-02-07 16:57:17,170 - INFO - Epoch [164/500], Loss: 1.4571795106555026, Accuracy: 80.18750861712395%
2024-02-07 16:57:17,306 - INFO - Epoch [165/500], Loss: 1.4529320125778515, Accuracy: 80.2426582103957%
2024-02-07 16:57:17,439 - INFO - Epoch [166/500], Loss: 1.4487151429057121, Accuracy: 80.27023300703158%
2024-02-07 16:57:17,571 - INFO - Epoch [167/500], Loss: 1.4445284409448504, Accuracy: 80.32538260030333%
2024-02-07 16:57:17,698 - INFO - Epoch [168/500], Loss: 1.4403716366117199, Accuracy: 80.36674479525713%
2024-02-07 16:57:17,828 - INFO - Epoch [169/500], Loss: 1.4362441962584853, Accuracy: 80.39431959189301%
2024-02-07 16:57:17,963 - INFO - Epoch [170/500], Loss: 1.432145845455428, Accuracy: 80.42189438852888%
2024-02-07 16:57:18,096 - INFO - Epoch [171/500], Loss: 1.4280762265746791, Accuracy: 80.43568178684683%
2024-02-07 16:57:18,107 - INFO - Test Accuracy: 42.52707581227437%, Balanced Test Accuracy: 38.08406049901695%
2024-02-07 16:57:18,239 - INFO - Epoch [172/500], Loss: 1.424034875817597, Accuracy: 80.4632565834827%
2024-02-07 16:57:18,351 - INFO - Epoch [173/500], Loss: 1.420021512856086, Accuracy: 80.55976837170826%
2024-02-07 16:57:18,459 - INFO - Epoch [174/500], Loss: 1.4160358387356002, Accuracy: 80.61491796498001%
2024-02-07 16:57:18,586 - INFO - Epoch [175/500], Loss: 1.4120774151136477, Accuracy: 80.67006755825176%
2024-02-07 16:57:18,694 - INFO - Epoch [176/500], Loss: 1.4081459545219939, Accuracy: 80.73900454984144%
2024-02-07 16:57:18,816 - INFO - Epoch [177/500], Loss: 1.4042411499346297, Accuracy: 80.76657934647731%
2024-02-07 16:57:18,954 - INFO - Epoch [178/500], Loss: 1.4003626368939877, Accuracy: 80.82172893974906%
2024-02-07 16:57:19,085 - INFO - Epoch [179/500], Loss: 1.396510133209328, Accuracy: 80.84930373638494%
2024-02-07 16:57:19,219 - INFO - Epoch [180/500], Loss: 1.392683225683868, Accuracy: 80.86309113470288%
2024-02-07 16:57:19,326 - INFO - Epoch [181/500], Loss: 1.3888817811384797, Accuracy: 80.93202812629256%
2024-02-07 16:57:19,337 - INFO - Test Accuracy: 42.888086642599276%, Balanced Test Accuracy: 38.506584102104235%
2024-02-07 16:57:19,444 - INFO - Epoch [182/500], Loss: 1.3851053304970264, Accuracy: 80.94581552461051%
2024-02-07 16:57:19,588 - INFO - Epoch [183/500], Loss: 1.3813536788026493, Accuracy: 80.95960292292844%
2024-02-07 16:57:19,729 - INFO - Epoch [184/500], Loss: 1.3776265252381563, Accuracy: 80.97339032124638%
2024-02-07 16:57:19,880 - INFO - Epoch [185/500], Loss: 1.3739235751951735, Accuracy: 81.04232731283606%
2024-02-07 16:57:20,038 - INFO - Epoch [186/500], Loss: 1.370244514817993, Accuracy: 81.08368950778988%
2024-02-07 16:57:20,209 - INFO - Epoch [187/500], Loss: 1.366589078058799, Accuracy: 81.11126430442576%
2024-02-07 16:57:20,356 - INFO - Epoch [188/500], Loss: 1.3629570541282494, Accuracy: 81.19398869433338%
2024-02-07 16:57:20,507 - INFO - Epoch [189/500], Loss: 1.3593481006100774, Accuracy: 81.22156349096926%
2024-02-07 16:57:20,655 - INFO - Epoch [190/500], Loss: 1.3557619688411553, Accuracy: 81.27671308424101%
2024-02-07 16:57:20,763 - INFO - Epoch [191/500], Loss: 1.3521983822186787, Accuracy: 81.31807527919482%
2024-02-07 16:57:20,774 - INFO - Test Accuracy: 43.03249097472924%, Balanced Test Accuracy: 38.60424768768312%
2024-02-07 16:57:20,896 - INFO - Epoch [192/500], Loss: 1.3486571709314983, Accuracy: 81.33186267751276%
2024-02-07 16:57:21,068 - INFO - Epoch [193/500], Loss: 1.3451380009452503, Accuracy: 81.33186267751276%
2024-02-07 16:57:21,223 - INFO - Epoch [194/500], Loss: 1.3416406381875277, Accuracy: 81.34565007583069%
2024-02-07 16:57:21,373 - INFO - Epoch [195/500], Loss: 1.3381649150202672, Accuracy: 81.41458706742038%
2024-02-07 16:57:21,513 - INFO - Epoch [196/500], Loss: 1.3347104747469227, Accuracy: 81.44216186405625%
2024-02-07 16:57:21,655 - INFO - Epoch [197/500], Loss: 1.3312771767377853, Accuracy: 81.51109885564594%
2024-02-07 16:57:21,821 - INFO - Epoch [198/500], Loss: 1.327864752151072, Accuracy: 81.53867365228182%
2024-02-07 16:57:21,984 - INFO - Epoch [199/500], Loss: 1.3244729479774833, Accuracy: 81.56624844891769%
2024-02-07 16:57:22,119 - INFO - Epoch [200/500], Loss: 1.321101563051343, Accuracy: 81.6076106438715%
2024-02-07 16:57:22,246 - INFO - Epoch [201/500], Loss: 1.317750413281222, Accuracy: 81.64897283882532%
2024-02-07 16:57:22,258 - INFO - Test Accuracy: 43.03249097472924%, Balanced Test Accuracy: 38.658982225176274%
2024-02-07 16:57:22,404 - INFO - Epoch [202/500], Loss: 1.3144192441056173, Accuracy: 81.67654763546119%
2024-02-07 16:57:22,581 - INFO - Epoch [203/500], Loss: 1.3111079238976042, Accuracy: 81.73169722873294%
2024-02-07 16:57:22,722 - INFO - Epoch [204/500], Loss: 1.3078160788863897, Accuracy: 81.80063422032262%
2024-02-07 16:57:22,851 - INFO - Epoch [205/500], Loss: 1.3045436010385554, Accuracy: 81.8282090169585%
2024-02-07 16:57:22,984 - INFO - Epoch [206/500], Loss: 1.3012903286144137, Accuracy: 81.89714600854819%
2024-02-07 16:57:23,178 - INFO - Epoch [207/500], Loss: 1.2980559688682358, Accuracy: 81.92472080518407%
2024-02-07 16:57:23,375 - INFO - Epoch [208/500], Loss: 1.2948403532306354, Accuracy: 81.97987039845582%
2024-02-07 16:57:23,537 - INFO - Epoch [209/500], Loss: 1.291643386085828, Accuracy: 81.99365779677375%
2024-02-07 16:57:23,692 - INFO - Epoch [210/500], Loss: 1.2884647510945797, Accuracy: 82.00744519509169%
2024-02-07 16:57:23,850 - INFO - Epoch [211/500], Loss: 1.2853043001766007, Accuracy: 81.99365779677375%
2024-02-07 16:57:23,863 - INFO - Test Accuracy: 43.32129963898917%, Balanced Test Accuracy: 38.754593443075244%
2024-02-07 16:57:24,009 - INFO - Epoch [212/500], Loss: 1.2821618343393009, Accuracy: 81.99365779677375%
2024-02-07 16:57:24,178 - INFO - Epoch [213/500], Loss: 1.279037246791025, Accuracy: 82.03501999172757%
2024-02-07 16:57:24,346 - INFO - Epoch [214/500], Loss: 1.2759303003549576, Accuracy: 82.06259478836344%
2024-02-07 16:57:24,516 - INFO - Epoch [215/500], Loss: 1.2728407609586914, Accuracy: 82.07638218668137%
2024-02-07 16:57:24,657 - INFO - Epoch [216/500], Loss: 1.2697685674453776, Accuracy: 82.09016958499932%
2024-02-07 16:57:24,796 - INFO - Epoch [217/500], Loss: 1.2667135056108236, Accuracy: 82.09016958499932%
2024-02-07 16:57:24,957 - INFO - Epoch [218/500], Loss: 1.2636753404513001, Accuracy: 82.159106576589%
2024-02-07 16:57:25,099 - INFO - Epoch [219/500], Loss: 1.260654012983044, Accuracy: 82.21425616986075%
2024-02-07 16:57:25,270 - INFO - Epoch [220/500], Loss: 1.2576492823039491, Accuracy: 82.21425616986075%
2024-02-07 16:57:25,445 - INFO - Epoch [221/500], Loss: 1.2546610456580918, Accuracy: 82.25561836481457%
2024-02-07 16:57:25,460 - INFO - Test Accuracy: 43.24909747292419%, Balanced Test Accuracy: 38.68863372585503%
2024-02-07 16:57:25,607 - INFO - Epoch [222/500], Loss: 1.2516890817011397, Accuracy: 82.2694057631325%
2024-02-07 16:57:25,740 - INFO - Epoch [223/500], Loss: 1.248733305061857, Accuracy: 82.2694057631325%
2024-02-07 16:57:25,873 - INFO - Epoch [224/500], Loss: 1.2457935170580943, Accuracy: 82.28319316145044%
2024-02-07 16:57:26,011 - INFO - Epoch [225/500], Loss: 1.2428695252165198, Accuracy: 82.36591755135805%
2024-02-07 16:57:26,138 - INFO - Epoch [226/500], Loss: 1.239961334814628, Accuracy: 82.379704949676%
2024-02-07 16:57:26,277 - INFO - Epoch [227/500], Loss: 1.2370685869827867, Accuracy: 82.43485454294775%
2024-02-07 16:57:26,409 - INFO - Epoch [228/500], Loss: 1.234191274891297, Accuracy: 82.47621673790155%
2024-02-07 16:57:26,536 - INFO - Epoch [229/500], Loss: 1.2313292836770415, Accuracy: 82.5313663311733%
2024-02-07 16:57:26,668 - INFO - Epoch [230/500], Loss: 1.2284823438773553, Accuracy: 82.54515372949125%
2024-02-07 16:57:26,834 - INFO - Epoch [231/500], Loss: 1.22565042724212, Accuracy: 82.57272852612712%
2024-02-07 16:57:26,850 - INFO - Test Accuracy: 43.32129963898917%, Balanced Test Accuracy: 39.21617807692879%
2024-02-07 16:57:27,035 - INFO - Epoch [232/500], Loss: 1.2228333313638966, Accuracy: 82.61409072108093%
2024-02-07 16:57:27,211 - INFO - Epoch [233/500], Loss: 1.2200309848412871, Accuracy: 82.62787811939887%
2024-02-07 16:57:27,391 - INFO - Epoch [234/500], Loss: 1.2172432175527017, Accuracy: 82.68302771267062%
2024-02-07 16:57:27,572 - INFO - Epoch [235/500], Loss: 1.2144698988025386, Accuracy: 82.68302771267062%
2024-02-07 16:57:27,744 - INFO - Epoch [236/500], Loss: 1.21171091341724, Accuracy: 82.7106025093065%
2024-02-07 16:57:27,911 - INFO - Epoch [237/500], Loss: 1.2089661204566557, Accuracy: 82.7519647042603%
2024-02-07 16:57:28,077 - INFO - Epoch [238/500], Loss: 1.2062354125082493, Accuracy: 82.77953950089618%
2024-02-07 16:57:28,234 - INFO - Epoch [239/500], Loss: 1.2035186355933547, Accuracy: 82.80711429753205%
2024-02-07 16:57:28,373 - INFO - Epoch [240/500], Loss: 1.2008157034094136, Accuracy: 82.82090169585%
2024-02-07 16:57:28,518 - INFO - Epoch [241/500], Loss: 1.1981264517332118, Accuracy: 82.84847649248587%
2024-02-07 16:57:28,531 - INFO - Test Accuracy: 43.32129963898917%, Balanced Test Accuracy: 38.66362193616613%
2024-02-07 16:57:28,682 - INFO - Epoch [242/500], Loss: 1.1954507939517498, Accuracy: 82.88983868743968%
2024-02-07 16:57:28,833 - INFO - Epoch [243/500], Loss: 1.1927885996798675, Accuracy: 82.91741348407555%
2024-02-07 16:57:28,987 - INFO - Epoch [244/500], Loss: 1.190139826387167, Accuracy: 82.95877567902937%
2024-02-07 16:57:29,170 - INFO - Epoch [245/500], Loss: 1.1875042850151658, Accuracy: 82.98635047566525%
2024-02-07 16:57:29,336 - INFO - Epoch [246/500], Loss: 1.1848818399012089, Accuracy: 83.041500068937%
2024-02-07 16:57:29,503 - INFO - Epoch [247/500], Loss: 1.1822724156081676, Accuracy: 83.05528746725493%
2024-02-07 16:57:29,675 - INFO - Epoch [248/500], Loss: 1.1796758988251288, Accuracy: 83.0828622638908%
2024-02-07 16:57:29,819 - INFO - Epoch [249/500], Loss: 1.1770921861752868, Accuracy: 83.09664966220875%
2024-02-07 16:57:29,968 - INFO - Epoch [250/500], Loss: 1.1745211575180292, Accuracy: 83.13801185716255%
2024-02-07 16:57:30,108 - INFO - Epoch [251/500], Loss: 1.171962741451959, Accuracy: 83.17937405211637%
2024-02-07 16:57:30,121 - INFO - Test Accuracy: 43.39350180505415%, Balanced Test Accuracy: 38.67138229624684%
2024-02-07 16:57:30,271 - INFO - Epoch [252/500], Loss: 1.1694167411575715, Accuracy: 83.22073624707018%
2024-02-07 16:57:30,409 - INFO - Epoch [253/500], Loss: 1.1668831796074908, Accuracy: 83.22073624707018%
2024-02-07 16:57:30,552 - INFO - Epoch [254/500], Loss: 1.1643618683641155, Accuracy: 83.24831104370605%
2024-02-07 16:57:30,695 - INFO - Epoch [255/500], Loss: 1.161852737578253, Accuracy: 83.24831104370605%
2024-02-07 16:57:30,833 - INFO - Epoch [256/500], Loss: 1.1593556807686884, Accuracy: 83.33103543361368%
2024-02-07 16:57:30,985 - INFO - Epoch [257/500], Loss: 1.1568705750008423, Accuracy: 83.34482283193161%
2024-02-07 16:57:31,123 - INFO - Epoch [258/500], Loss: 1.1543973203127582, Accuracy: 83.38618502688543%
2024-02-07 16:57:31,311 - INFO - Epoch [259/500], Loss: 1.1519358518222969, Accuracy: 83.46890941679305%
2024-02-07 16:57:31,492 - INFO - Epoch [260/500], Loss: 1.1494861068204045, Accuracy: 83.51027161174686%
2024-02-07 16:57:31,674 - INFO - Epoch [261/500], Loss: 1.1470478707924485, Accuracy: 83.60678339997243%
2024-02-07 16:57:31,693 - INFO - Test Accuracy: 43.32129963898917%, Balanced Test Accuracy: 38.37834051729012%
2024-02-07 16:57:31,887 - INFO - Epoch [262/500], Loss: 1.144621178197364, Accuracy: 83.6343581966083%
2024-02-07 16:57:32,055 - INFO - Epoch [263/500], Loss: 1.142205856430034, Accuracy: 83.64814559492623%
2024-02-07 16:57:32,210 - INFO - Epoch [264/500], Loss: 1.139801815462609, Accuracy: 83.67572039156211%
2024-02-07 16:57:32,381 - INFO - Epoch [265/500], Loss: 1.1374090357373159, Accuracy: 83.70329518819798%
2024-02-07 16:57:32,557 - INFO - Epoch [266/500], Loss: 1.1350272881488006, Accuracy: 83.7446573831518%
2024-02-07 16:57:32,732 - INFO - Epoch [267/500], Loss: 1.1326566099499662, Accuracy: 83.77223217978768%
2024-02-07 16:57:32,896 - INFO - Epoch [268/500], Loss: 1.1302968670303624, Accuracy: 83.79980697642355%
2024-02-07 16:57:33,081 - INFO - Epoch [269/500], Loss: 1.127947990782559, Accuracy: 83.82738177305943%
2024-02-07 16:57:33,270 - INFO - Epoch [270/500], Loss: 1.1256098629285891, Accuracy: 83.88253136633118%
2024-02-07 16:57:33,460 - INFO - Epoch [271/500], Loss: 1.1232823894048731, Accuracy: 83.91010616296705%
2024-02-07 16:57:33,479 - INFO - Test Accuracy: 43.32129963898917%, Balanced Test Accuracy: 38.32074140024664%
2024-02-07 16:57:33,628 - INFO - Epoch [272/500], Loss: 1.1209655559311311, Accuracy: 83.92389356128498%
2024-02-07 16:57:33,793 - INFO - Epoch [273/500], Loss: 1.1186592308804393, Accuracy: 83.92389356128498%
2024-02-07 16:57:33,956 - INFO - Epoch [274/500], Loss: 1.1163632857302825, Accuracy: 83.97904315455673%
2024-02-07 16:57:34,113 - INFO - Epoch [275/500], Loss: 1.1140776897470157, Accuracy: 84.00661795119261%
2024-02-07 16:57:34,268 - INFO - Epoch [276/500], Loss: 1.1118024125074346, Accuracy: 84.04798014614643%
2024-02-07 16:57:34,412 - INFO - Epoch [277/500], Loss: 1.1095372438430786, Accuracy: 84.08934234110023%
2024-02-07 16:57:34,582 - INFO - Epoch [278/500], Loss: 1.107282204553485, Accuracy: 84.11691713773611%
2024-02-07 16:57:34,758 - INFO - Epoch [279/500], Loss: 1.1050372400010626, Accuracy: 84.14449193437198%
2024-02-07 16:57:34,923 - INFO - Epoch [280/500], Loss: 1.1028021074210603, Accuracy: 84.19964152764373%
2024-02-07 16:57:35,064 - INFO - Epoch [281/500], Loss: 1.1005769132946928, Accuracy: 84.24100372259754%
2024-02-07 16:57:35,078 - INFO - Test Accuracy: 43.24909747292419%, Balanced Test Accuracy: 38.29028017798812%
2024-02-07 16:57:35,224 - INFO - Epoch [282/500], Loss: 1.0983615446214874, Accuracy: 84.26857851923342%
2024-02-07 16:57:35,383 - INFO - Epoch [283/500], Loss: 1.0961558449392517, Accuracy: 84.26857851923342%
2024-02-07 16:57:35,533 - INFO - Epoch [284/500], Loss: 1.093959760852158, Accuracy: 84.29615331586929%
2024-02-07 16:57:35,684 - INFO - Epoch [285/500], Loss: 1.091773352585733, Accuracy: 84.28236591755136%
2024-02-07 16:57:35,833 - INFO - Epoch [286/500], Loss: 1.0895963795483112, Accuracy: 84.30994071418723%
2024-02-07 16:57:35,988 - INFO - Epoch [287/500], Loss: 1.0874288308744628, Accuracy: 84.35130290914104%
2024-02-07 16:57:36,148 - INFO - Epoch [288/500], Loss: 1.0852706267808874, Accuracy: 84.42023990073073%
2024-02-07 16:57:36,335 - INFO - Epoch [289/500], Loss: 1.0831217374652624, Accuracy: 84.44781469736661%
2024-02-07 16:57:36,526 - INFO - Epoch [290/500], Loss: 1.0809820601716638, Accuracy: 84.47538949400248%
2024-02-07 16:57:36,708 - INFO - Epoch [291/500], Loss: 1.0788514968007803, Accuracy: 84.50296429063836%
2024-02-07 16:57:36,727 - INFO - Test Accuracy: 43.104693140794225%, Balanced Test Accuracy: 38.22722124655038%
2024-02-07 16:57:36,913 - INFO - Epoch [292/500], Loss: 1.076730001407365, Accuracy: 84.54432648559217%
2024-02-07 16:57:37,091 - INFO - Epoch [293/500], Loss: 1.0746176127965252, Accuracy: 84.58568868054599%
2024-02-07 16:57:37,286 - INFO - Epoch [294/500], Loss: 1.0725140925496817, Accuracy: 84.64083827381774%
2024-02-07 16:57:37,475 - INFO - Epoch [295/500], Loss: 1.070419445944329, Accuracy: 84.65462567213567%
2024-02-07 16:57:37,637 - INFO - Epoch [296/500], Loss: 1.068333647524317, Accuracy: 84.66841307045361%
2024-02-07 16:57:37,786 - INFO - Epoch [297/500], Loss: 1.0662565504511197, Accuracy: 84.70977526540742%
2024-02-07 16:57:37,950 - INFO - Epoch [298/500], Loss: 1.0641881901149948, Accuracy: 84.73735006204329%
2024-02-07 16:57:38,121 - INFO - Epoch [299/500], Loss: 1.062128471210599, Accuracy: 84.75113746036124%
2024-02-07 16:57:38,305 - INFO - Epoch [300/500], Loss: 1.0600772248581052, Accuracy: 84.77871225699711%
2024-02-07 16:57:38,469 - INFO - Epoch [301/500], Loss: 1.05803457275033, Accuracy: 84.79249965531504%
2024-02-07 16:57:38,486 - INFO - Test Accuracy: 43.104693140794225%, Balanced Test Accuracy: 38.132631423641975%
2024-02-07 16:57:38,639 - INFO - Epoch [302/500], Loss: 1.0560002624988556, Accuracy: 84.82007445195092%
2024-02-07 16:57:38,795 - INFO - Epoch [303/500], Loss: 1.0539744220053155, Accuracy: 84.83386185026886%
2024-02-07 16:57:38,987 - INFO - Epoch [304/500], Loss: 1.0519568289940555, Accuracy: 84.86143664690474%
2024-02-07 16:57:39,228 - INFO - Epoch [305/500], Loss: 1.0499475322042902, Accuracy: 84.90279884185854%
2024-02-07 16:57:39,373 - INFO - Epoch [306/500], Loss: 1.0479464164624612, Accuracy: 84.90279884185854%
2024-02-07 16:57:39,520 - INFO - Epoch [307/500], Loss: 1.0459534445156653, Accuracy: 84.91658624017649%
2024-02-07 16:57:39,682 - INFO - Epoch [308/500], Loss: 1.043968567935129, Accuracy: 84.93037363849442%
2024-02-07 16:57:39,835 - INFO - Epoch [309/500], Loss: 1.0419916876902182, Accuracy: 84.93037363849442%
2024-02-07 16:57:39,954 - INFO - Epoch [310/500], Loss: 1.0400228165090084, Accuracy: 84.95794843513029%
2024-02-07 16:57:40,118 - INFO - Epoch [311/500], Loss: 1.0380618025859196, Accuracy: 84.98552323176617%
2024-02-07 16:57:40,135 - INFO - Test Accuracy: 43.03249097472924%, Balanced Test Accuracy: 38.02834696579551%
2024-02-07 16:57:40,279 - INFO - Epoch [312/500], Loss: 1.0361087036629517, Accuracy: 85.01309802840204%
2024-02-07 16:57:40,413 - INFO - Epoch [313/500], Loss: 1.0341633840774496, Accuracy: 85.04067282503792%
2024-02-07 16:57:40,531 - INFO - Epoch [314/500], Loss: 1.0322258220985532, Accuracy: 85.04067282503792%
2024-02-07 16:57:40,656 - INFO - Epoch [315/500], Loss: 1.0302959308028221, Accuracy: 85.04067282503792%
2024-02-07 16:57:40,778 - INFO - Epoch [316/500], Loss: 1.0283737384403746, Accuracy: 85.04067282503792%
2024-02-07 16:57:40,906 - INFO - Epoch [317/500], Loss: 1.0264591441179316, Accuracy: 85.04067282503792%
2024-02-07 16:57:41,028 - INFO - Epoch [318/500], Loss: 1.02455201651901, Accuracy: 85.09582241830967%
2024-02-07 16:57:41,138 - INFO - Epoch [319/500], Loss: 1.0226524568473299, Accuracy: 85.09582241830967%
2024-02-07 16:57:41,251 - INFO - Epoch [320/500], Loss: 1.0207602664207418, Accuracy: 85.1096098166276%
2024-02-07 16:57:41,375 - INFO - Epoch [321/500], Loss: 1.0188755119840305, Accuracy: 85.1096098166276%
2024-02-07 16:57:41,387 - INFO - Test Accuracy: 43.03249097472924%, Balanced Test Accuracy: 38.01893916829059%
2024-02-07 16:57:41,497 - INFO - Epoch [322/500], Loss: 1.0169980758801103, Accuracy: 85.12339721494554%
2024-02-07 16:57:41,612 - INFO - Epoch [323/500], Loss: 1.0151279450704653, Accuracy: 85.13718461326347%
2024-02-07 16:57:41,729 - INFO - Epoch [324/500], Loss: 1.0132650344943006, Accuracy: 85.15097201158142%
2024-02-07 16:57:41,836 - INFO - Epoch [325/500], Loss: 1.0114093100031216, Accuracy: 85.16475940989935%
2024-02-07 16:57:41,947 - INFO - Epoch [326/500], Loss: 1.009560742105047, Accuracy: 85.17854680821729%
2024-02-07 16:57:42,063 - INFO - Epoch [327/500], Loss: 1.0077192497750123, Accuracy: 85.19233420653522%
2024-02-07 16:57:42,172 - INFO - Epoch [328/500], Loss: 1.0058848209058244, Accuracy: 85.20612160485317%
2024-02-07 16:57:42,285 - INFO - Epoch [329/500], Loss: 1.0040574076895912, Accuracy: 85.2199090031711%
2024-02-07 16:57:42,401 - INFO - Epoch [330/500], Loss: 1.00223696573327, Accuracy: 85.23369640148904%
2024-02-07 16:57:42,518 - INFO - Epoch [331/500], Loss: 1.0004233944540222, Accuracy: 85.24748379980697%
2024-02-07 16:57:42,529 - INFO - Test Accuracy: 43.104693140794225%, Balanced Test Accuracy: 37.95171711786451%
2024-02-07 16:57:42,666 - INFO - Epoch [332/500], Loss: 0.9986166333158811, Accuracy: 85.30263339307872%
2024-02-07 16:57:42,795 - INFO - Epoch [333/500], Loss: 0.9968168192232648, Accuracy: 85.34399558803254%
2024-02-07 16:57:42,916 - INFO - Epoch [334/500], Loss: 0.9950236631557345, Accuracy: 85.38535778298635%
2024-02-07 16:57:43,043 - INFO - Epoch [335/500], Loss: 0.9932373088474075, Accuracy: 85.38535778298635%
2024-02-07 16:57:43,178 - INFO - Epoch [336/500], Loss: 0.9914576229639351, Accuracy: 85.37157038466842%
2024-02-07 16:57:43,311 - INFO - Epoch [337/500], Loss: 0.9896845611122748, Accuracy: 85.41293257962222%
2024-02-07 16:57:43,444 - INFO - Epoch [338/500], Loss: 0.9879180931796631, Accuracy: 85.42671997794017%
2024-02-07 16:57:43,559 - INFO - Epoch [339/500], Loss: 0.98615825533246, Accuracy: 85.42671997794017%
2024-02-07 16:57:43,688 - INFO - Epoch [340/500], Loss: 0.9844048549421132, Accuracy: 85.4405073762581%
2024-02-07 16:57:43,811 - INFO - Epoch [341/500], Loss: 0.982658009044826, Accuracy: 85.48186957121192%
2024-02-07 16:57:43,822 - INFO - Test Accuracy: 43.17689530685921%, Balanced Test Accuracy: 37.96251239977912%
2024-02-07 16:57:43,935 - INFO - Epoch [342/500], Loss: 0.9809175504681965, Accuracy: 85.49565696952985%
2024-02-07 16:57:44,054 - INFO - Epoch [343/500], Loss: 0.9791834793674449, Accuracy: 85.49565696952985%
2024-02-07 16:57:44,171 - INFO - Epoch [344/500], Loss: 0.9774557830144962, Accuracy: 85.49565696952985%
2024-02-07 16:57:44,316 - INFO - Epoch [345/500], Loss: 0.9757343768142164, Accuracy: 85.52323176616572%
2024-02-07 16:57:44,445 - INFO - Epoch [346/500], Loss: 0.9740192485041916, Accuracy: 85.52323176616572%
2024-02-07 16:57:44,561 - INFO - Epoch [347/500], Loss: 0.9723103288561106, Accuracy: 85.5508065628016%
2024-02-07 16:57:44,683 - INFO - Epoch [348/500], Loss: 0.9706076312189301, Accuracy: 85.5508065628016%
2024-02-07 16:57:44,795 - INFO - Epoch [349/500], Loss: 0.968911116477102, Accuracy: 85.57838135943747%
2024-02-07 16:57:44,908 - INFO - Epoch [350/500], Loss: 0.9672206800120572, Accuracy: 85.59216875775542%
2024-02-07 16:57:45,027 - INFO - Epoch [351/500], Loss: 0.965536326325188, Accuracy: 85.59216875775542%
2024-02-07 16:57:45,039 - INFO - Test Accuracy: 43.104693140794225%, Balanced Test Accuracy: 37.479170444379356%
2024-02-07 16:57:45,157 - INFO - Epoch [352/500], Loss: 0.9638580170770487, Accuracy: 85.59216875775542%
2024-02-07 16:57:45,271 - INFO - Epoch [353/500], Loss: 0.9621856904899081, Accuracy: 85.60595615607335%
2024-02-07 16:57:45,389 - INFO - Epoch [354/500], Loss: 0.960519349668175, Accuracy: 85.61974355439129%
2024-02-07 16:57:45,509 - INFO - Epoch [355/500], Loss: 0.9588589780032635, Accuracy: 85.64731835102717%
2024-02-07 16:57:45,649 - INFO - Epoch [356/500], Loss: 0.9572044536471367, Accuracy: 85.68868054598097%
2024-02-07 16:57:45,788 - INFO - Epoch [357/500], Loss: 0.9555557921218375, Accuracy: 85.70246794429892%
2024-02-07 16:57:45,919 - INFO - Epoch [358/500], Loss: 0.9539129279243449, Accuracy: 85.71625534261685%
2024-02-07 16:57:46,051 - INFO - Epoch [359/500], Loss: 0.9522759130535027, Accuracy: 85.71625534261685%
2024-02-07 16:57:46,175 - INFO - Epoch [360/500], Loss: 0.9506446106048921, Accuracy: 85.71625534261685%
2024-02-07 16:57:46,305 - INFO - Epoch [361/500], Loss: 0.9490190559687713, Accuracy: 85.73004274093479%
2024-02-07 16:57:46,317 - INFO - Test Accuracy: 43.24909747292419%, Balanced Test Accuracy: 37.28292950974016%
2024-02-07 16:57:46,436 - INFO - Epoch [362/500], Loss: 0.9473991151899099, Accuracy: 85.74383013925272%
2024-02-07 16:57:46,544 - INFO - Epoch [363/500], Loss: 0.9457849212922156, Accuracy: 85.7714049358886%
2024-02-07 16:57:46,666 - INFO - Epoch [364/500], Loss: 0.9441762431524694, Accuracy: 85.7714049358886%
2024-02-07 16:57:46,785 - INFO - Epoch [365/500], Loss: 0.9425731883384287, Accuracy: 85.78519233420654%
2024-02-07 16:57:46,893 - INFO - Epoch [366/500], Loss: 0.9409756930544972, Accuracy: 85.78519233420654%
2024-02-07 16:57:47,006 - INFO - Epoch [367/500], Loss: 0.9393836911767721, Accuracy: 85.78519233420654%
2024-02-07 16:57:47,125 - INFO - Epoch [368/500], Loss: 0.9377971761859953, Accuracy: 85.78519233420654%
2024-02-07 16:57:47,234 - INFO - Epoch [369/500], Loss: 0.9362160985668501, Accuracy: 85.79897973252447%
2024-02-07 16:57:47,346 - INFO - Epoch [370/500], Loss: 0.934640445591261, Accuracy: 85.82655452916035%
2024-02-07 16:57:47,507 - INFO - Epoch [371/500], Loss: 0.9330701776780188, Accuracy: 85.8817041224321%
2024-02-07 16:57:47,517 - INFO - Test Accuracy: 43.46570397111913%, Balanced Test Accuracy: 37.245033964538784%
2024-02-07 16:57:47,622 - INFO - Epoch [372/500], Loss: 0.9315052994837364, Accuracy: 85.89549152075003%
2024-02-07 16:57:47,745 - INFO - Epoch [373/500], Loss: 0.9299456945930918, Accuracy: 85.90927891906797%
2024-02-07 16:57:47,851 - INFO - Epoch [374/500], Loss: 0.9283913760446012, Accuracy: 85.90927891906797%
2024-02-07 16:57:47,959 - INFO - Epoch [375/500], Loss: 0.9268423599811891, Accuracy: 85.90927891906797%
2024-02-07 16:57:48,073 - INFO - Epoch [376/500], Loss: 0.9252984961494803, Accuracy: 85.9230663173859%
2024-02-07 16:57:48,198 - INFO - Epoch [377/500], Loss: 0.923759956844151, Accuracy: 85.9230663173859%
2024-02-07 16:57:48,328 - INFO - Epoch [378/500], Loss: 0.9222265097002188, Accuracy: 85.9230663173859%
2024-02-07 16:57:48,479 - INFO - Epoch [379/500], Loss: 0.920698172878474, Accuracy: 85.9230663173859%
2024-02-07 16:57:48,614 - INFO - Epoch [380/500], Loss: 0.919175018556416, Accuracy: 85.95064111402178%
2024-02-07 16:57:48,749 - INFO - Epoch [381/500], Loss: 0.9176569006716212, Accuracy: 85.97821591065765%
2024-02-07 16:57:48,760 - INFO - Test Accuracy: 43.537906137184116%, Balanced Test Accuracy: 37.236120988618424%
2024-02-07 16:57:48,880 - INFO - Epoch [382/500], Loss: 0.9161438296238581, Accuracy: 85.9920033089756%
2024-02-07 16:57:48,994 - INFO - Epoch [383/500], Loss: 0.9146358179859817, Accuracy: 86.01957810561147%
2024-02-07 16:57:49,119 - INFO - Epoch [384/500], Loss: 0.9131327513605356, Accuracy: 86.01957810561147%
2024-02-07 16:57:49,234 - INFO - Epoch [385/500], Loss: 0.9116346829881271, Accuracy: 86.04715290224735%
2024-02-07 16:57:49,350 - INFO - Epoch [386/500], Loss: 0.9101415482970575, Accuracy: 86.07472769888322%
2024-02-07 16:57:49,474 - INFO - Epoch [387/500], Loss: 0.9086532805425426, Accuracy: 86.08851509720115%
2024-02-07 16:57:49,593 - INFO - Epoch [388/500], Loss: 0.9071700093336403, Accuracy: 86.11608989383703%
2024-02-07 16:57:49,713 - INFO - Epoch [389/500], Loss: 0.9056914790223042, Accuracy: 86.15745208879085%
2024-02-07 16:57:49,836 - INFO - Epoch [390/500], Loss: 0.904217821235458, Accuracy: 86.15745208879085%
2024-02-07 16:57:49,949 - INFO - Epoch [391/500], Loss: 0.9027489651925862, Accuracy: 86.18502688542672%
2024-02-07 16:57:49,960 - INFO - Test Accuracy: 43.537906137184116%, Balanced Test Accuracy: 37.1885827773421%
2024-02-07 16:57:50,080 - INFO - Epoch [392/500], Loss: 0.9012848374744257, Accuracy: 86.19881428374465%
2024-02-07 16:57:50,190 - INFO - Epoch [393/500], Loss: 0.8998254917872449, Accuracy: 86.19881428374465%
2024-02-07 16:57:50,301 - INFO - Epoch [394/500], Loss: 0.8983708846693238, Accuracy: 86.22638908038053%
2024-02-07 16:57:50,423 - INFO - Epoch [395/500], Loss: 0.896920958844324, Accuracy: 86.22638908038053%
2024-02-07 16:57:50,527 - INFO - Epoch [396/500], Loss: 0.8954756604507565, Accuracy: 86.2539638770164%
2024-02-07 16:57:50,643 - INFO - Epoch [397/500], Loss: 0.8940350557677448, Accuracy: 86.2539638770164%
2024-02-07 16:57:50,757 - INFO - Epoch [398/500], Loss: 0.8925990977634987, Accuracy: 86.2539638770164%
2024-02-07 16:57:50,864 - INFO - Epoch [399/500], Loss: 0.8911676649004221, Accuracy: 86.2539638770164%
2024-02-07 16:57:50,991 - INFO - Epoch [400/500], Loss: 0.8897408295112351, Accuracy: 86.2539638770164%
2024-02-07 16:57:51,100 - INFO - Epoch [401/500], Loss: 0.8883185380448898, Accuracy: 86.28153867365228%
2024-02-07 16:57:51,110 - INFO - Test Accuracy: 43.46570397111913%, Balanced Test Accuracy: 37.03501234298006%
2024-02-07 16:57:51,218 - INFO - Epoch [402/500], Loss: 0.8869007653556764, Accuracy: 86.30911347028815%
2024-02-07 16:57:51,332 - INFO - Epoch [403/500], Loss: 0.8854875137719015, Accuracy: 86.30911347028815%
2024-02-07 16:57:51,450 - INFO - Epoch [404/500], Loss: 0.8840786782093346, Accuracy: 86.30911347028815%
2024-02-07 16:57:51,582 - INFO - Epoch [405/500], Loss: 0.8826742546322445, Accuracy: 86.30911347028815%
2024-02-07 16:57:51,713 - INFO - Epoch [406/500], Loss: 0.8812743308953941, Accuracy: 86.30911347028815%
2024-02-07 16:57:51,829 - INFO - Epoch [407/500], Loss: 0.8798787901178002, Accuracy: 86.35047566524197%
2024-02-07 16:57:51,966 - INFO - Epoch [408/500], Loss: 0.8784875989270707, Accuracy: 86.3642630635599%
2024-02-07 16:57:52,095 - INFO - Epoch [409/500], Loss: 0.877100738696754, Accuracy: 86.40562525851372%
2024-02-07 16:57:52,209 - INFO - Epoch [410/500], Loss: 0.8757182820700109, Accuracy: 86.41941265683165%
2024-02-07 16:57:52,334 - INFO - Epoch [411/500], Loss: 0.8743400395226976, Accuracy: 86.40562525851372%
2024-02-07 16:57:52,345 - INFO - Test Accuracy: 43.17689530685921%, Balanced Test Accuracy: 36.84566993935194%
2024-02-07 16:57:52,458 - INFO - Epoch [412/500], Loss: 0.872966133368512, Accuracy: 86.39183786019578%
2024-02-07 16:57:52,565 - INFO - Epoch [413/500], Loss: 0.8715964672155678, Accuracy: 86.40562525851372%
2024-02-07 16:57:52,697 - INFO - Epoch [414/500], Loss: 0.8702310680722197, Accuracy: 86.41941265683165%
2024-02-07 16:57:52,843 - INFO - Epoch [415/500], Loss: 0.8688698502567908, Accuracy: 86.4332000551496%
2024-02-07 16:57:52,984 - INFO - Epoch [416/500], Loss: 0.8675128486938775, Accuracy: 86.44698745346753%
2024-02-07 16:57:53,114 - INFO - Epoch [417/500], Loss: 0.866159998656561, Accuracy: 86.44698745346753%
2024-02-07 16:57:53,220 - INFO - Epoch [418/500], Loss: 0.8648112878824273, Accuracy: 86.44698745346753%
2024-02-07 16:57:53,347 - INFO - Epoch [419/500], Loss: 0.8634667286338905, Accuracy: 86.4745622501034%
2024-02-07 16:57:53,529 - INFO - Epoch [420/500], Loss: 0.8621262499752144, Accuracy: 86.50213704673928%
2024-02-07 16:57:53,685 - INFO - Epoch [421/500], Loss: 0.8607898827952644, Accuracy: 86.51592444505722%
2024-02-07 16:57:53,696 - INFO - Test Accuracy: 43.104693140794225%, Balanced Test Accuracy: 36.70045970046307%
2024-02-07 16:57:53,821 - INFO - Epoch [422/500], Loss: 0.8594575438958904, Accuracy: 86.52971184337515%
2024-02-07 16:57:53,935 - INFO - Epoch [423/500], Loss: 0.8581292938130597, Accuracy: 86.5434992416931%
2024-02-07 16:57:54,066 - INFO - Epoch [424/500], Loss: 0.8568050369309882, Accuracy: 86.55728664001103%
2024-02-07 16:57:54,192 - INFO - Epoch [425/500], Loss: 0.8554848060011864, Accuracy: 86.57107403832897%
2024-02-07 16:57:54,306 - INFO - Epoch [426/500], Loss: 0.8541685134793321, Accuracy: 86.57107403832897%
2024-02-07 16:57:54,431 - INFO - Epoch [427/500], Loss: 0.8528562268863121, Accuracy: 86.59864883496485%
2024-02-07 16:57:54,545 - INFO - Epoch [428/500], Loss: 0.851547820183138, Accuracy: 86.62622363160072%
2024-02-07 16:57:54,672 - INFO - Epoch [429/500], Loss: 0.850243352043132, Accuracy: 86.6537984282366%
2024-02-07 16:57:54,791 - INFO - Epoch [430/500], Loss: 0.8489428016667565, Accuracy: 86.66758582655453%
2024-02-07 16:57:54,910 - INFO - Epoch [431/500], Loss: 0.8476461454605063, Accuracy: 86.68137322487247%
2024-02-07 16:57:54,920 - INFO - Test Accuracy: 43.17689530685921%, Balanced Test Accuracy: 36.6692950798215%
2024-02-07 16:57:55,045 - INFO - Epoch [432/500], Loss: 0.8463533444640537, Accuracy: 86.6951606231904%
2024-02-07 16:57:55,165 - INFO - Epoch [433/500], Loss: 0.8450643808270494, Accuracy: 86.70894802150835%
2024-02-07 16:57:55,281 - INFO - Epoch [434/500], Loss: 0.843779205189397, Accuracy: 86.72273541982628%
2024-02-07 16:57:55,407 - INFO - Epoch [435/500], Loss: 0.8424979095968107, Accuracy: 86.73652281814421%
2024-02-07 16:57:55,554 - INFO - Epoch [436/500], Loss: 0.8412203532643616, Accuracy: 86.73652281814421%
2024-02-07 16:57:55,684 - INFO - Epoch [437/500], Loss: 0.8399465377442539, Accuracy: 86.75031021646215%
2024-02-07 16:57:55,835 - INFO - Epoch [438/500], Loss: 0.8386764928388099, Accuracy: 86.76409761478008%
2024-02-07 16:57:55,968 - INFO - Epoch [439/500], Loss: 0.8374101500958204, Accuracy: 86.76409761478008%
2024-02-07 16:57:56,092 - INFO - Epoch [440/500], Loss: 0.8361475500278175, Accuracy: 86.81924720805183%
2024-02-07 16:57:56,215 - INFO - Epoch [441/500], Loss: 0.8348886122306188, Accuracy: 86.83303460636978%
2024-02-07 16:57:56,226 - INFO - Test Accuracy: 43.24909747292419%, Balanced Test Accuracy: 36.677055439902205%
2024-02-07 16:57:56,335 - INFO - Epoch [442/500], Loss: 0.8336334081056217, Accuracy: 86.84682200468771%
2024-02-07 16:57:56,465 - INFO - Epoch [443/500], Loss: 0.8323817842950424, Accuracy: 86.84682200468771%
2024-02-07 16:57:56,613 - INFO - Epoch [444/500], Loss: 0.8311338859299818, Accuracy: 86.87439680132358%
2024-02-07 16:57:56,774 - INFO - Epoch [445/500], Loss: 0.8298895383874575, Accuracy: 86.87439680132358%
2024-02-07 16:57:56,892 - INFO - Epoch [446/500], Loss: 0.8286488065496087, Accuracy: 86.88818419964153%
2024-02-07 16:57:57,001 - INFO - Epoch [447/500], Loss: 0.8274117025236288, Accuracy: 86.9157589962774%
2024-02-07 16:57:57,110 - INFO - Epoch [448/500], Loss: 0.8261781187417606, Accuracy: 86.92954639459533%
2024-02-07 16:57:57,228 - INFO - Epoch [449/500], Loss: 0.8249480618784825, Accuracy: 86.94333379291328%
2024-02-07 16:57:57,337 - INFO - Epoch [450/500], Loss: 0.8237215384530524, Accuracy: 86.94333379291328%
2024-02-07 16:57:57,446 - INFO - Epoch [451/500], Loss: 0.8224985970494648, Accuracy: 86.94333379291328%
2024-02-07 16:57:57,457 - INFO - Test Accuracy: 43.24909747292419%, Balanced Test Accuracy: 36.635225374542735%
2024-02-07 16:57:57,572 - INFO - Epoch [452/500], Loss: 0.8212791268403331, Accuracy: 86.98469598786708%
2024-02-07 16:57:57,681 - INFO - Epoch [453/500], Loss: 0.820063118201991, Accuracy: 86.98469598786708%
2024-02-07 16:57:57,792 - INFO - Epoch [454/500], Loss: 0.8188506214258572, Accuracy: 86.98469598786708%
2024-02-07 16:57:57,911 - INFO - Epoch [455/500], Loss: 0.8176415304963788, Accuracy: 87.0260581828209%
2024-02-07 16:57:58,021 - INFO - Epoch [456/500], Loss: 0.8164359076569477, Accuracy: 87.0260581828209%
2024-02-07 16:57:58,130 - INFO - Epoch [457/500], Loss: 0.8152336532560488, Accuracy: 87.0260581828209%
2024-02-07 16:57:58,249 - INFO - Epoch [458/500], Loss: 0.8140348318653802, Accuracy: 87.05363297945678%
2024-02-07 16:57:58,360 - INFO - Epoch [459/500], Loss: 0.8128394256345928, Accuracy: 87.05363297945678%
2024-02-07 16:57:58,467 - INFO - Epoch [460/500], Loss: 0.8116473220288754, Accuracy: 87.06742037777471%
2024-02-07 16:57:58,580 - INFO - Epoch [461/500], Loss: 0.8104586123178402, Accuracy: 87.08120777609265%
2024-02-07 16:57:58,591 - INFO - Test Accuracy: 43.17689530685921%, Balanced Test Accuracy: 36.60824829157471%
2024-02-07 16:57:58,705 - INFO - Epoch [462/500], Loss: 0.8092732294462621, Accuracy: 87.09499517441058%
2024-02-07 16:57:58,818 - INFO - Epoch [463/500], Loss: 0.8080911852108935, Accuracy: 87.10878257272853%
2024-02-07 16:57:58,943 - INFO - Epoch [464/500], Loss: 0.8069124448423585, Accuracy: 87.12256997104646%
2024-02-07 16:57:59,056 - INFO - Epoch [465/500], Loss: 0.8057369637923936, Accuracy: 87.1363573693644%
2024-02-07 16:57:59,165 - INFO - Epoch [466/500], Loss: 0.804564760842671, Accuracy: 87.15014476768233%
2024-02-07 16:57:59,321 - INFO - Epoch [467/500], Loss: 0.8033958699864646, Accuracy: 87.12256997104646%
2024-02-07 16:57:59,485 - INFO - Epoch [468/500], Loss: 0.8022301909513772, Accuracy: 87.1363573693644%
2024-02-07 16:57:59,627 - INFO - Epoch [469/500], Loss: 0.8010677044900755, Accuracy: 87.16393216600028%
2024-02-07 16:57:59,757 - INFO - Epoch [470/500], Loss: 0.7999085121167203, Accuracy: 87.20529436095408%
2024-02-07 16:57:59,903 - INFO - Epoch [471/500], Loss: 0.798752538083742, Accuracy: 87.21908175927203%
2024-02-07 16:57:59,917 - INFO - Test Accuracy: 42.96028880866426%, Balanced Test Accuracy: 36.14522975082508%
2024-02-07 16:58:00,044 - INFO - Epoch [472/500], Loss: 0.7975996541790664, Accuracy: 87.21908175927203%
2024-02-07 16:58:00,158 - INFO - Epoch [473/500], Loss: 0.7964499940474828, Accuracy: 87.21908175927203%
2024-02-07 16:58:00,285 - INFO - Epoch [474/500], Loss: 0.7953034761982659, Accuracy: 87.21908175927203%
2024-02-07 16:58:00,422 - INFO - Epoch [475/500], Loss: 0.7941601031149427, Accuracy: 87.21908175927203%
2024-02-07 16:58:00,560 - INFO - Epoch [476/500], Loss: 0.7930198763497174, Accuracy: 87.23286915758996%
2024-02-07 16:58:00,702 - INFO - Epoch [477/500], Loss: 0.7918827560109397, Accuracy: 87.26044395422583%
2024-02-07 16:58:00,821 - INFO - Epoch [478/500], Loss: 0.7907487309227387, Accuracy: 87.27423135254378%
2024-02-07 16:58:00,970 - INFO - Epoch [479/500], Loss: 0.7896178127266467, Accuracy: 87.28801875086171%
2024-02-07 16:58:01,113 - INFO - Epoch [480/500], Loss: 0.7884899357644221, Accuracy: 87.30180614917965%
2024-02-07 16:58:01,260 - INFO - Epoch [481/500], Loss: 0.7873651382202903, Accuracy: 87.31559354749758%
2024-02-07 16:58:01,274 - INFO - Test Accuracy: 42.74368231046932%, Balanced Test Accuracy: 35.03901071466553%
2024-02-07 16:58:01,418 - INFO - Epoch [482/500], Loss: 0.786243403951327, Accuracy: 87.34316834413346%
2024-02-07 16:58:01,541 - INFO - Epoch [483/500], Loss: 0.7851246632635593, Accuracy: 87.3569557424514%
2024-02-07 16:58:01,665 - INFO - Epoch [484/500], Loss: 0.7840089330760142, Accuracy: 87.3569557424514%
2024-02-07 16:58:01,783 - INFO - Epoch [485/500], Loss: 0.7828962760977447, Accuracy: 87.38453053908728%
2024-02-07 16:58:01,910 - INFO - Epoch [486/500], Loss: 0.7817865622540315, Accuracy: 87.39831793740521%
2024-02-07 16:58:02,040 - INFO - Epoch [487/500], Loss: 0.7806798503734171, Accuracy: 87.41210533572315%
2024-02-07 16:58:02,171 - INFO - Epoch [488/500], Loss: 0.7795760561712086, Accuracy: 87.41210533572315%
2024-02-07 16:58:02,298 - INFO - Epoch [489/500], Loss: 0.7784752339745561, Accuracy: 87.41210533572315%
2024-02-07 16:58:02,428 - INFO - Epoch [490/500], Loss: 0.777377402720352, Accuracy: 87.42589273404108%
2024-02-07 16:58:02,561 - INFO - Epoch [491/500], Loss: 0.776282457013925, Accuracy: 87.42589273404108%
2024-02-07 16:58:02,572 - INFO - Test Accuracy: 42.671480144404335%, Balanced Test Accuracy: 34.963758189413%
2024-02-07 16:58:02,706 - INFO - Epoch [492/500], Loss: 0.7751904659283658, Accuracy: 87.43968013235903%
2024-02-07 16:58:02,822 - INFO - Epoch [493/500], Loss: 0.774101332295686, Accuracy: 87.43968013235903%
2024-02-07 16:58:02,941 - INFO - Epoch [494/500], Loss: 0.7730150561158856, Accuracy: 87.45346753067696%
2024-02-07 16:58:03,063 - INFO - Epoch [495/500], Loss: 0.771931739213566, Accuracy: 87.4672549289949%
2024-02-07 16:58:03,204 - INFO - Epoch [496/500], Loss: 0.7708511906675994, Accuracy: 87.4672549289949%
2024-02-07 16:58:03,349 - INFO - Epoch [497/500], Loss: 0.7697735652327538, Accuracy: 87.49482972563078%
2024-02-07 16:58:03,519 - INFO - Epoch [498/500], Loss: 0.768698769621551, Accuracy: 87.50861712394871%
2024-02-07 16:58:03,688 - INFO - Epoch [499/500], Loss: 0.7676268252544105, Accuracy: 87.50861712394871%
2024-02-07 16:58:03,861 - INFO - Epoch [500/500], Loss: 0.7665576147846878, Accuracy: 87.52240452226665%
2024-02-07 16:58:03,892 - INFO - Test Accuracy: 40.57971014492754%, Balanced Test Accuracy: 33.53995873253042%
2024-02-07 16:58:03,953 - INFO - Final unblanced test accuracy: 40.57971014492754% and final balanced test accuracy 33.53995873253042
